       p2p2       
 KB/s in  KB/s out
  439.09    444.99
  518.74    512.57
  423.33    426.93
  580.68    551.46
  482.03    452.67
  552.02    534.25
  494.84    455.49
  596.34    575.06
  523.63    478.50
  383.66    354.00
  441.59    428.41
  701.93    704.10
  448.63    430.59
  554.88    503.86
  605.95    576.76
  507.06    480.90
  627.11    632.53
  430.94    407.55
  578.64    544.87
  648.00    631.75
  703.28    691.34
  397.22    393.31
       p2p2       
 KB/s in  KB/s out
  505.45    472.70
  541.94    507.76
  461.66    423.23
  499.14    470.30
  503.44    506.10
  572.62    569.31
  472.34    420.64
  556.76    552.14
  507.47    503.95
  483.77    458.60
  433.29    398.47
  559.70    537.79
  547.00    511.81
  579.15    556.00
  440.59    420.45
  413.81    408.31
  612.65    596.45
  422.12    398.25
  483.18    490.97
  519.96    502.54
  517.04    494.57
  526.55    487.53
       p2p2       
 KB/s in  KB/s out
  531.71    503.72
  607.50    589.60
  582.68    554.31
  344.61    354.87
  581.61    551.83
  638.64    595.33
  526.77    512.72
  395.10    397.67
  416.87    404.03
  607.66    576.61
  554.97    546.32
  663.32    639.44
  475.35    452.03
  556.46    536.53
  540.36    545.96
  657.27    620.41
  386.96    365.20
  435.14    432.20
  485.18    450.94
  586.61    538.99
  458.71    444.55
  683.28    691.69
       p2p2       
 KB/s in  KB/s out
  472.70    500.66
  655.56    626.69
  628.05    683.22
  433.89    424.45
  572.21    579.33
  494.59    493.59
  582.41    593.81
  661.88    658.64
  461.64    502.07
  355.19    370.58
  548.39    553.64
  701.49    719.40
  546.90    588.68
  568.11    582.43
  438.50    446.31
  703.38    716.79
  598.41    608.24
  687.85    666.28
  475.71    474.96
  516.55    531.46
  435.61    472.50
  521.57    564.56
       p2p2       
 KB/s in  KB/s out
  638.19    628.50
  505.10    521.60
  759.09    770.61
  492.68    504.41
  709.60    715.49
  558.87    572.89
  609.64    614.85
  796.24    809.28
  388.70    442.35
  546.86    550.69
  505.43    505.34
  601.77    628.34
  680.67    702.43
  575.03    580.49
  556.34    566.19
  547.30    551.13
  447.21    457.12
  588.48    632.94
  672.02    676.10
  603.08    606.33
  629.61    684.45
  402.54    399.46
       p2p2       
 KB/s in  KB/s out
  503.49    526.93
  695.81    730.77
  385.66    404.07
  610.23    606.59
  474.70    478.48
  534.26    550.97
  569.95    607.03
  522.39    554.80
  594.14    573.95
  409.28    444.40
  589.74    618.68
  709.38    735.87
  581.90    596.70
  665.84    687.64
  466.62    441.84
  563.99    516.99
  423.20    407.13
  692.06    836.91
  610.22    727.49
  814.71    950.58
  519.17    698.24
  657.90    801.91
       p2p2       
 KB/s in  KB/s out
  648.73    792.72
  760.85    884.13
  618.99    786.22
  737.19    946.57
  514.08    648.22
  846.88   1014.83
  897.94   1013.48
  622.77    768.26
  741.58    881.83
  743.12    901.93
  675.73    856.98
  739.27    880.68
  749.45    880.61
  602.59    754.26
  668.07    847.09
  692.46    839.60
  729.08    865.70
  754.29    905.73
  554.14    746.61
  632.61    781.02
  597.54    735.92
  744.98    916.10
       p2p2       
 KB/s in  KB/s out
  800.97    961.29
  698.43    879.79
  592.77    749.64
  590.80    735.50
  518.55    646.28
  754.70    865.79
  616.09    792.98
  622.95    775.32
  787.30    919.84
  704.61    861.85
  605.21    745.35
  593.37    760.26
  731.48    890.79
  710.27    862.55
  700.76    827.72
  808.30    940.90
  527.59    689.37
  756.73    853.46
  637.78    797.31
  855.89   1042.70
  659.03    815.71
  561.70    727.87
       p2p2       
 KB/s in  KB/s out
  802.30    960.55
  650.61    803.86
  764.95    900.56
  778.47    916.86
  683.73    858.15
  548.91    723.85
  693.89    859.57
  677.91    822.78
  752.33    925.40
  663.37    820.11
  829.83   1014.84
  529.11    516.13
  381.13    341.57
  586.55    541.94
  605.02    807.05
  995.59   1232.18
  849.55   1105.56
  808.84   1075.66
  700.26    962.85
  676.59    957.74
  777.09   1052.03
  880.75   1198.05
       p2p2       
 KB/s in  KB/s out
  754.66   1014.52
  733.64    977.60
  781.08   1052.09
  856.56   1155.78
  782.92   1039.81
  754.87   1031.00
  892.48   1149.55
  717.72    972.14
  782.26   1089.48
  818.75   1092.69
  750.91   1032.67
  841.24   1101.12
  798.89   1039.10
  893.83   1147.55
  610.56    905.32
  967.46   1235.72
  709.16   1009.37
  877.55   1151.83
  766.14   1036.92
  767.98    987.45
  845.02   1140.41
  874.58   1163.45
       p2p2       
 KB/s in  KB/s out
  847.70   1084.44
  940.59   1221.71
  786.93   1092.65
  780.43   1051.72
  804.05   1074.07
  692.94    997.42
  810.45   1083.02
  861.16   1119.19
  595.26    856.72
  867.05   1177.51
  781.10   1053.00
  840.94   1101.39
  924.48   1191.04
  783.95   1045.26
  817.75   1103.88
  730.52    982.76
  749.22   1039.26
  769.72    998.00
  831.69   1069.44
  603.89    874.28
  795.90   1082.35
  810.47   1124.01
       p2p2       
 KB/s in  KB/s out
  845.72   1093.87
  631.44    894.34
  838.28   1128.92
 1001.35   1292.69
  751.21   1007.60
  840.62   1097.67
  650.85    910.78
  793.66   1045.81
  336.08    335.71
  648.63    637.45
  565.33    540.40
  863.61   1096.39
  891.76   1169.98
  823.70   1147.48
  883.14   1189.71
  873.63   1146.04
  934.57   1265.57
  809.64   1145.15
  797.41   1146.11
  980.78   1301.96
  783.40   1106.28
  772.00   1039.66
       p2p2       
 KB/s in  KB/s out
  997.68   1293.95
  789.51   1090.10
  904.51   1221.14
  848.80   1156.49
  930.36   1199.53
  789.30   1142.23
 1002.39   1309.66
  805.80   1129.38
  949.91   1306.53
  776.65   1064.66
  863.83   1191.96
  782.31   1071.41
  880.11   1195.58
  931.91   1245.21
  852.40   1134.08
  927.55   1236.98
  764.67   1092.52
  832.19   1155.26
  814.05   1124.08
  775.39   1092.33
  887.54   1195.87
  955.22   1266.87
       p2p2       
 KB/s in  KB/s out
  861.26   1200.29
  902.93   1204.60
  785.73   1101.77
  764.95   1129.63
  842.36   1176.37
  888.84   1205.82
  905.83   1194.47
  850.07   1177.26
  771.67   1120.81
  777.68   1094.38
  890.39   1234.95
  872.67   1180.13
  782.35   1066.55
  848.75   1160.07
  979.55   1291.12
  792.02   1043.84
  873.20   1199.21
  888.83   1179.70
  910.07   1203.83
  894.14   1235.57
  852.48   1201.19
  825.89   1130.39
       p2p2       
 KB/s in  KB/s out
  826.02   1067.20
  765.69   1098.51
  979.69   1298.03
  835.71   1121.45
  903.59   1234.12
  503.16    463.47
  585.67    522.56
  375.67    369.36
  715.81    937.65
 1028.99   1360.69
  865.94   1184.32
  912.82   1233.77
  660.08    992.32
  864.38   1164.48
  811.90   1113.40
  954.17   1250.79
  942.71   1239.11
  862.41   1209.74
  866.97   1204.74
  810.92   1129.56
  819.60   1117.79
  824.41   1100.09
       p2p2       
 KB/s in  KB/s out
  822.19   1171.58
  969.84   1267.21
  844.25   1138.44
  755.52   1101.51
  876.20   1239.03
  764.47   1092.57
  934.70   1295.73
  802.39   1108.17
  905.69   1219.58
  902.31   1181.92
  799.72   1076.47
  913.50   1216.52
  850.29   1154.78
  879.23   1234.89
  983.17   1294.49
  796.87   1156.14
 1118.27   1479.47
  734.50   1069.50
  936.58   1271.57
 1014.06   1327.17
  712.43   1084.18
  811.07   1178.25
       p2p2       
 KB/s in  KB/s out
  808.29   1151.77
  880.31   1266.06
  917.80   1246.27
  809.22   1115.28
  903.60   1214.51
  941.71   1236.45
  943.83   1266.30
  738.62   1099.63
  763.60   1114.09
  908.92   1246.54
  879.94   1253.59
  818.12   1081.20
  895.29   1234.83
  837.55   1161.15
  858.54   1209.54
  981.31   1286.93
  710.71   1036.35
  843.51   1174.83
  864.66   1205.68
  662.02    971.77
  941.28   1252.24
  860.92   1177.19
       p2p2       
 KB/s in  KB/s out
  698.46   1008.82
  774.26   1134.37
  684.06    764.30
  593.80    549.95
  510.49    463.29
  474.94    440.54
  509.88    505.07
  524.56    486.45
  734.32    700.97
  372.63    378.28
  474.10    742.50
  451.08    774.84
  617.87    845.72
  636.30    731.05
  598.49    828.38
  463.86    683.99
  468.08    505.18
  433.91    721.24
  622.00    780.31
  519.00    804.70
  546.63    750.15
  574.21    799.08
       p2p2       
 KB/s in  KB/s out
  470.86    712.81
  526.60    865.18
  425.41    589.94
  474.34    715.07
  606.15   1022.29
  492.22    725.75
  567.91    821.19
  499.75    802.65
  481.06    931.21
  381.66    614.24
  553.35    784.51
  743.07   1161.22
  777.66   1063.86
  394.62    727.68
  402.80    629.30
  457.40    939.25
  575.14    665.64
  532.88    693.65
  420.49    996.74
  531.04    918.48
  635.31   1060.16
  436.91    592.56
       p2p2       
 KB/s in  KB/s out
  666.03   1068.41
  381.59    648.08
  501.82    927.75
  663.60   1025.22
  413.22    522.46
  425.42    467.08
  523.02    746.70
  547.41    898.87
  584.54    841.02
  374.61    465.28
  416.58    708.48
  576.99    875.77
  558.32    787.73
  413.00    571.63
  576.43    850.56
  445.64    629.13
  584.60    625.91
  567.67    672.15
  326.93    513.88
  621.13    963.77
  478.55    893.79
  408.09    713.08
       p2p2       
 KB/s in  KB/s out
  584.66   1006.65
  540.83    693.95
  672.12   1105.12
  543.03    901.83
  390.18    360.95
  427.13    390.42
  587.20    780.85
  592.36   2066.88
  646.27   1787.88
  558.46   1788.33
  526.14   1807.83
  765.78   1931.40
  461.86   1700.13
  530.42   1491.44
  549.56   1847.00
  377.75   1777.25
  705.94   1858.66
  557.16   2188.46
  586.73   1807.17
  658.00   1607.57
  578.14   1617.50
  585.51   1671.94
       p2p2       
 KB/s in  KB/s out
  571.70   1555.56
  544.20   1491.93
  606.61   1855.49
  636.24   2112.04
  593.58   1997.18
  668.65   1766.45
  464.89   1441.37
  468.10   1744.49
  700.05   2063.82
  629.76   1887.59
  647.50   2008.61
  575.06   2114.16
  523.17   1945.21
  661.71   2198.84
  681.39   2013.67
  510.44   1541.86
  535.96   1480.33
  630.13   1651.81
  713.80   2033.51
  654.88   1774.90
  556.25   2229.97
  636.43   1632.69
       p2p2       
 KB/s in  KB/s out
  627.89   1926.55
  519.62   1848.70
  527.37   1603.03
  725.93   1892.12
  490.62   1619.99
  583.25   1548.86
  461.30   1563.92
  765.44   2288.07
  613.56   1665.41
  576.78   2145.95
  507.57   1401.18
  547.90   2063.58
  777.87   1938.27
  514.38   1866.00
  543.99   1928.54
  454.36   2141.46
  601.55   1747.36
  733.80   1986.89
  600.46   1505.86
  589.79   1428.47
  544.64   1927.54
  591.29   1875.13
       p2p2       
 KB/s in  KB/s out
  602.34   1411.03
  677.91    571.79
  436.77    379.17
  599.18   1823.85
  815.88   5798.17
  716.02   5786.78
  735.05   5241.20
  665.86   5952.90
  672.52   5578.27
  789.34   6008.29
  781.72   4921.65
  744.63   6023.94
  845.57   6380.30
  614.92   6628.14
  707.34   5736.12
  928.79   6196.83
  672.72   5152.47
  586.17   5683.07
  773.10   6122.55
  785.54   6451.13
  815.73   5480.01
  721.21   5951.63
       p2p2       
 KB/s in  KB/s out
  698.64   5573.50
  856.45   6136.62
  654.04   5935.50
  977.70   5721.24
  907.22   5946.31
  648.55   5249.60
  582.44   5836.55
  682.74   5511.53
  862.67   5139.69
  836.41   5655.41
  835.69   6178.52
  729.26   5473.40
  709.86   4987.08
  780.02   6431.48
  741.74   6525.88
  777.78   6276.44
  829.02   5994.24
  726.46   5652.54
  827.16   5764.39
  755.95   6495.97
  690.17   5376.90
  882.76   5112.20
       p2p2       
 KB/s in  KB/s out
  771.82   5381.25
  746.48   5544.18
  852.54   6136.83
  698.83   5114.69
  757.50   6634.30
  781.31   5514.06
  863.57   6293.79
  696.48   5756.68
  662.00   6204.40
  897.77   6109.67
  686.53   4580.31
  804.43   5078.86
  863.56   5532.97
  612.28   5038.94
  776.75   5657.35
  775.70   5436.95
  747.09   5704.86
  734.03   5746.83
  726.19   6370.59
  678.32   4121.55
  280.96    214.79
  606.83    550.44
       p2p2       
 KB/s in  KB/s out
  797.70   3126.84
  828.41   8848.87
  873.65   8049.33
  911.28  10690.80
 1008.51   9223.58
  848.51   8617.61
  847.49  10145.87
 1043.51   9120.01
  919.34  10006.94
  934.71   8995.88
 1127.76   9752.49
  812.21   9089.87
  853.93   9272.75
  969.36   9241.23
  860.59   9127.12
  919.78   9833.03
  982.51  10112.67
  903.38   9642.66
 1006.73  10193.69
  936.16   9075.27
  982.31  10016.99
  795.70  10126.18
       p2p2       
 KB/s in  KB/s out
  886.42   9317.63
  983.02   8922.77
  946.22   9623.47
  816.85  10042.42
  905.69   8971.18
  819.68  10168.41
  941.43   8352.22
 1007.53   8951.87
  817.30   8450.18
  949.45   9761.45
 1006.41   9627.63
  775.63   9514.48
  939.73   9758.34
  889.46   9566.21
  848.77   9205.62
 1072.18   9154.05
  834.83   9298.79
 1086.77   9428.87
  901.87   8111.62
  826.12   9543.23
  992.85   9220.97
  991.20   9139.17
       p2p2       
 KB/s in  KB/s out
  827.49   8721.77
  852.77   9928.56
 1013.70   9639.70
  923.95   9277.20
  987.26   9579.73
 1134.17   9066.97
  877.62   9593.22
  956.95  10646.36
  909.43   9101.94
  939.83   8896.99
  846.81   7935.28
  979.29   8726.30
  931.34   7925.57
  939.99   9285.88
 1037.13  10217.88
  923.78   9414.04
  800.84   6397.80
  535.39    495.90
  393.81    378.21
  559.00   2120.67
 1070.53  11726.02
 1086.23  11147.47
       p2p2       
 KB/s in  KB/s out
  931.45  10476.38
  838.25   9399.98
 1033.59  10909.30
 1087.35  10038.18
  981.96  10580.31
 1057.13  12061.51
  848.88  11038.67
  999.22  10456.06
  930.30  10752.36
 1057.17  11355.87
 1040.36  11559.40
  922.65   9307.25
  937.54   9576.32
 1167.32  10249.33
  888.44  10842.77
  992.57  11308.81
  952.58  10178.07
 1007.93  10435.57
  966.03   9115.37
  988.99  10465.78
 1080.00  10505.58
  877.44  10462.20
       p2p2       
 KB/s in  KB/s out
 1088.94  10022.39
 1112.18  11248.85
 1033.04  10140.63
  831.47  10353.61
  942.87  10952.61
  862.91  10334.55
  995.79  10532.76
  987.92  11250.62
  989.80  10901.45
  965.32  11071.45
 1114.49   9578.20
  977.55  10440.29
  947.23   9964.72
  875.23  10595.63
 1004.20   9161.12
 1017.87  10014.73
  909.26  10453.48
 1110.98  11588.82
  940.00  11711.54
 1019.93  10988.08
  977.69  10568.49
  872.45  11728.98
       p2p2       
 KB/s in  KB/s out
 1065.83  10917.85
 1032.95   9576.05
  904.63  10195.59
  984.10  11499.02
  993.38  11692.32
  864.91  11187.48
 1237.87  10620.03
  910.05  11142.01
  951.26  10763.93
  907.76  10259.88
  953.17  10933.66
  877.68  10820.81
 1025.23  10589.03
  973.66   7836.99
  562.64    492.13
  378.41    344.65
  657.36    974.58
  877.13   9116.26
 1042.40  10726.08
 1081.44   9757.66
 1080.35  10338.17
  940.47   9686.14
       p2p2       
 KB/s in  KB/s out
  849.92  10817.57
 1011.21  10219.96
  951.75   9997.52
 1205.45  10865.43
  891.60   9664.50
 1122.04  11346.85
 1055.77  10158.44
 1045.43  10171.49
 1116.68  11370.28
  812.68   9439.02
 1087.77  11438.85
  977.09  11864.04
  970.36   9328.64
  938.69  10177.34
  839.15  10658.39
 1164.92  10719.86
 1021.81   9773.67
 1140.10  11808.55
 1004.79  10264.01
  836.57   9470.96
  829.23   8683.71
 1090.53  12390.03
       p2p2       
 KB/s in  KB/s out
  852.43  10799.97
 1111.89  11502.49
 1028.22  10836.94
  920.52   9294.29
 1022.12  11530.06
 1025.17  10020.20
  786.86  10948.38
 1076.05   9911.66
 1044.64  10099.58
  966.16  10148.23
  907.39  11307.06
 1038.43  10423.52
  928.21   9474.79
 1022.64   9735.48
 1128.43   9745.69
  887.63  11354.77
 1078.69  10778.85
  896.82  10105.59
 1021.74  10445.37
 1155.12  10950.76
  997.46  10815.24
 1108.42  11251.77
       p2p2       
 KB/s in  KB/s out
  935.97  11282.55
  926.29  10546.09
 1006.31  10153.17
  936.48  10967.03
 1124.92  12049.46
 1039.39  11389.08
 1086.06  11572.37
  886.24   9710.34
 1042.30  12691.15
  938.62  10594.80
 1109.65  10451.61
  499.77    494.78
  489.60    424.56
  681.70   1674.85
  582.65   8371.77
  537.13   6726.22
  480.36   8939.23
  645.68   6282.53
  411.28   8223.17
  561.58  10436.42
  639.40  11022.95
  546.83   8368.94
       p2p2       
 KB/s in  KB/s out
  533.76   9838.41
  581.11   9965.84
  798.90  12213.74
  552.58   9381.46
  665.00  12054.09
  566.44  12214.60
  719.54  11559.06
  547.96  11412.61
  565.36  11515.88
  803.06  10096.08
  546.64  10490.17
  521.92  11256.24
  532.36  12925.86
  646.39  11621.06
  656.07  11668.10
  712.06  10529.62
  415.01   9307.73
  637.00  10952.12
  532.17  11990.13
  705.07  14337.16
  709.99  11032.36
  671.21   9009.78
       p2p2       
 KB/s in  KB/s out
  514.64  10341.79
  661.92  12111.66
  547.37  14127.09
  826.27   8985.37
  674.49  10032.78
  696.99  10557.71
  477.26   7195.02
  711.42  12169.10
  683.70   7971.95
  566.66  14616.24
  499.03   8844.30
  647.14   9512.03
  623.36   9015.47
  592.71   9303.58
  574.81  12958.87
  655.64  11083.00
  674.62  11517.99
  625.49  10505.20
  498.67  13930.56
  721.80  10086.52
  397.80   9773.68
  408.88  10298.75
       p2p2       
 KB/s in  KB/s out
  669.29   9945.38
  746.46  12674.32
  557.11   9323.96
  628.53   9488.23
  697.37   8963.58
  533.06  11440.99
  662.09  10998.71
  647.11   6802.69
  449.90    410.73
  592.62    517.24
  654.01  23026.94
  781.85  44511.75
  855.94  53026.53
  786.21  41465.10
  784.54  39496.67
  779.95  41815.83
  838.23  50043.42
  775.56  43851.89
  835.82  48818.64
  921.55  41005.96
  610.31  42299.07
  854.92  39322.85
       p2p2       
 KB/s in  KB/s out
  915.25  41455.31
  903.28  36967.21
  830.88  49621.27
  846.69  43461.81
  672.23  47151.31
  980.65  38490.22
  825.28  38855.20
  634.74  41020.37
  803.34  42788.20
  850.11  49886.79
  975.15  43677.01
  738.92  45940.07
  772.03  44514.02
  808.13  43490.12
  697.50  44885.08
  797.59  40853.94
  792.09  36818.63
  908.10  40397.45
  862.91  40868.07
  756.94  48028.70
  649.19  41862.98
  965.06  43201.59
       p2p2       
 KB/s in  KB/s out
  881.91  38974.25
  741.61  43887.46
  945.94  38242.10
  776.88  46625.40
  717.72  44631.20
  813.47  43490.30
  721.67  40426.65
  870.15  44600.22
  844.38  38193.06
  792.40  38745.42
  772.09  46112.40
  845.39  41694.13
  897.95  41163.02
  854.25  50402.10
  774.60  44998.90
  848.62  42054.72
  905.17  46768.83
  802.67  46417.18
  682.69  43422.46
  937.79  40051.79
  773.30  45623.28
  869.87  41460.36
       p2p2       
 KB/s in  KB/s out
  632.87  44784.41
 1053.12  43196.69
  747.66  46558.29
  801.07  43513.12
  577.50  19849.25
  506.37    393.20
  668.67    567.06
  902.01  70778.65
 1232.02  123443.1
 1237.27  115537.5
 1300.42  136582.3
 1293.61  120312.3
 1288.98  126887.0
 1052.57  123720.4
 1254.46  120268.2
 1328.98  117698.4
 1318.02  128533.8
 1162.12  119610.7
 1216.39  111126.4
 1318.27  125500.5
 1073.67  109157.7
 1234.08  128786.2
       p2p2       
 KB/s in  KB/s out
 1218.17  122862.6
 1284.96  121418.5
 1295.08  110816.6
 1264.72  130062.8
 1338.42  130471.6
 1066.81  123119.7
 1239.53  133843.0
 1170.99  122691.7
 1395.68  122297.9
 1285.30  123533.7
 1110.34  118588.6
 1276.41  115606.8
 1251.00  133733.7
 1349.94  132194.0
 1381.91  116531.3
 1261.16  130961.0
 1186.88  112129.4
 1145.78  120348.2
 1362.27  131665.8
 1271.90  116678.6
 1332.52  128458.0
 1203.86  126746.3
       p2p2       
 KB/s in  KB/s out
 1407.65  123876.0
 1353.35  133320.7
 1218.95  117376.7
 1345.69  138403.5
 1195.29  124416.5
 1297.77  133310.6
 1419.17  117689.4
 1212.77  123478.1
 1173.77  122788.1
 1450.40  131282.5
 1142.34  128953.7
 1340.88  124938.4
 1366.04  116392.6
 1323.95  118532.9
 1120.56  121752.5
 1213.12  119129.7
 1368.86  143166.3
 1490.14  131948.4
 1377.18  126957.7
 1262.65  130006.7
 1240.12  109906.4
 1181.81  118508.1
       p2p2       
 KB/s in  KB/s out
 1173.77  123796.8
 1077.00  41259.76
  558.53    507.05
  618.21    598.13
 1134.24  97705.90
 1204.02  121123.2
 1342.41  120529.3
 1217.60  126274.8
 1306.12  110842.9
 1404.60  122394.1
 1331.75  131323.4
 1381.63  133863.3
 1206.18  129494.9
 1353.80  126083.7
 1234.28  127693.5
 1350.62  125327.1
 1158.86  117179.8
 1041.38  106812.5
 1311.91  122041.7
 1394.43  123781.1
 1281.97  127436.4
 1360.77  125754.4
       p2p2       
 KB/s in  KB/s out
 1230.36  112842.0
 1227.63  130045.7
 1347.18  127658.9
 1357.91  118292.2
 1297.95  127025.8
 1263.21  121567.6
 1409.78  133150.8
 1188.69  128851.4
 1374.44  133812.7
 1514.63  143771.9
 1361.69  137763.2
 1171.32  120232.1
 1200.06  111254.2
 1301.05  124049.1
 1247.20  129663.9
 1497.35  117577.3
 1408.03  137496.8
 1348.83  128903.5
 1372.89  123613.9
 1230.20  118107.1
 1477.98  126146.8
 1183.06  133778.4
       p2p2       
 KB/s in  KB/s out
 1253.57  120220.6
 1484.00  129062.3
 1218.22  120345.9
 1312.04  128512.3
 1225.76  126220.1
 1209.29  123587.6
 1290.85  115413.3
 1370.37  132237.8
 1310.58  139085.8
 1358.11  122639.6
 1375.90  126519.0
 1270.32  126397.8
 1376.05  127041.8
 1497.44  139576.1
 1223.10  126484.4
 1224.50  135495.9
 1156.91  121878.3
 1387.55  126543.4
 1486.98  137651.3
 1209.36  129151.6
  742.78  34666.78
  731.34    607.53
       p2p2       
 KB/s in  KB/s out
  707.95    645.45
  865.22  72902.37
 1095.95  111206.0
 1199.82  118000.1
 1212.47  110553.9
 1370.87  118657.4
 1365.96  115417.3
 1260.72  123904.2
 1288.15  116903.2
 1248.69  110437.9
 1274.37  129580.1
 1156.50  108026.7
 1220.43  118638.6
 1283.69  124486.1
 1344.95  124594.0
 1220.90  121408.2
 1308.15  129850.9
 1238.10  120236.9
 1448.40  133409.1
 1327.86  112926.6
 1125.07  118330.7
 1233.89  129320.1
       p2p2       
 KB/s in  KB/s out
 1294.01  120581.2
 1212.03  120236.1
 1288.76  112859.6
 1217.96  114878.7
 1155.14  124919.5
 1292.90  111157.6
 1366.25  116448.6
 1265.11  121442.6
 1293.05  120860.6
 1225.08  127015.5
 1424.37  126782.7
 1312.10  109558.6
 1223.16  120216.6
 1246.17  119558.3
 1097.12  126904.7
 1308.83  114684.7
 1359.31  123215.3
 1322.37  126103.1
 1229.26  134078.5
 1172.65  115014.0
 1241.75  117066.2
 1346.98  126145.7
       p2p2       
 KB/s in  KB/s out
 1360.27  109953.1
 1126.58  118018.2
 1256.00  127765.1
 1443.49  117429.1
 1153.82  115381.1
 1090.92  117046.9
 1284.81  123880.3
 1298.82  118786.9
 1261.41  125805.6
 1137.41  122772.8
 1329.30  120300.4
 1284.43  102070.5
 1225.33  115522.6
 1115.25  115336.1
 1205.96  115151.0
 1354.07  120589.7
 1103.51  118342.4
  733.49  40787.93
  637.72    605.06
  514.49    409.58
 1027.04  34139.38
 1182.86  114159.2
       p2p2       
 KB/s in  KB/s out
 1177.10  114670.9
 1222.03  114083.4
 1336.70  115178.1
 1196.57  125003.5
 1141.24  103427.9
 1235.14  117221.9
 1168.96  110197.6
 1418.93  125187.1
 1135.22  107332.7
 1067.23  118381.6
 1322.88  114952.4
 1343.75  116211.4
 1156.59  118493.3
 1167.08  113073.3
 1166.82  113807.8
 1141.41  111688.0
 1390.28  118826.1
 1313.35  118338.0
 1164.45  100911.7
 1142.38  115745.3
 1279.50  118984.6
 1258.16  122220.9
       p2p2       
 KB/s in  KB/s out
 1190.93  123077.4
 1386.83  123054.8
 1191.20  115380.4
 1105.39  112366.5
 1250.84  113539.8
 1386.90  123321.8
 1248.16  113226.3
 1263.38  126152.9
 1148.80  124607.8
 1292.28  114604.5
 1243.52  112570.7
 1287.30  115239.1
 1016.87  107369.4
 1067.16  122928.7
 1363.22  122603.8
 1195.73  115460.9
 1128.94  119067.5
 1326.51  124931.9
 1118.16  116860.3
 1389.57  125295.1
 1347.05  127877.7
 1183.41  112508.8
       p2p2       
 KB/s in  KB/s out
 1200.59  116132.7
 1048.52  113836.2
 1307.99  118695.4
 1324.85  126850.7
 1165.15  106011.6
 1150.88  119762.8
 1074.77  109159.1
 1409.82  117154.2
 1281.26  112896.5
 1167.06  106037.1
 1211.21  109403.6
 1176.92  115480.1
 1468.82  109845.5
 1179.14  120307.5
  997.96  90644.98
  590.61    507.70
  552.88    502.40
  702.47    598.23
  510.87    493.29
  599.35    525.60
  507.25    458.75
  341.91    324.87
       p2p2       
 KB/s in  KB/s out
  598.90  18304.90
  561.09  37896.05
  693.25  41013.89
  683.17  32805.17
  564.90  24182.53
  583.96  38578.70
  585.32  16833.64
  771.96  35486.17
  551.68   8941.63
  489.42  27456.26
  618.48  30956.49
  709.05  39870.71
  711.09  18545.07
  493.61  15388.01
  669.59  24398.49
  574.13  36058.66
  659.10  20922.24
  674.74  37382.15
  593.83  27863.09
  543.14  22346.74
  580.52  34812.45
  713.20  24367.76
       p2p2       
 KB/s in  KB/s out
  553.26  18591.37
  629.28  29293.03
  855.17  32546.38
  662.48  20915.54
  646.85  27212.75
  613.37  22562.25
  746.85  29723.17
  678.71  27051.75
  598.19  29030.27
  732.36  26281.34
  848.34  30736.77
  627.74  26845.88
  476.71  14727.44
  628.39  24226.97
  772.55  27419.89
  592.26  22351.69
  634.96  26381.05
  511.36  17812.48
  613.36  42600.92
  757.68  27965.25
  624.49  12974.36
  580.02  42558.66
       p2p2       
 KB/s in  KB/s out
  663.23  35370.35
  559.84  33846.79
  602.27  25253.36
  519.66  18792.11
  705.90  25194.98
  520.43  22225.22
  620.75  18268.36
  710.64  38697.08
  642.43  21615.89
  625.03  19373.40
  743.30  26646.68
  480.52  18329.28
  755.53  34020.21
  730.91  33937.89
  657.37  26760.60
  387.55  23048.34
  778.65   4136.82
  538.73    526.99
  485.86    427.62
  717.85  70759.41
 1158.68  126312.8
 1071.54  104327.9
       p2p2       
 KB/s in  KB/s out
  900.37  73160.63
 1142.23  114169.5
  662.78  72352.26
  859.01  102279.3
  940.12  120658.5
 1080.68  100389.5
 1129.43  114637.9
 1024.04  110007.9
  933.23  119133.0
 1055.45  111636.5
 1089.82  134608.9
  918.53  121306.4
  804.87  97362.19
  894.11  114790.8
  963.82  116868.8
 1020.70  113204.7
 1076.59  99471.47
  999.78  117133.7
 1044.27  112152.0
  951.63  94069.89
  942.17  93710.70
  968.37  108999.1
       p2p2       
 KB/s in  KB/s out
  919.81  116195.5
  956.21  84530.08
 1066.95  129570.7
 1139.73  113426.2
  862.92  134018.5
  733.75  69315.86
 1007.59  97050.15
 1013.63  112661.4
 1032.42  90495.25
 1157.81  131468.1
  714.36  99225.61
  992.24  79373.23
  752.98  80700.26
 1016.00  121373.4
 1233.21  108433.2
  847.96  110901.0
  884.14  108996.6
 1065.15  134288.8
 1064.10  79363.43
 1019.95  78389.08
 1037.81  148204.6
 1149.25  136981.3
       p2p2       
 KB/s in  KB/s out
  824.02  127512.8
 1419.79  129174.0
  941.70  106311.8
 1249.94  135326.9
  692.40  100266.3
 1098.23  127596.4
 1002.40  129598.5
 1113.79  142241.0
 1046.34  115415.6
  776.63  97641.57
 1114.59  127563.3
 1037.59  87628.42
  748.77  107914.9
  547.65    476.59
  444.54    384.48
  619.97    532.21
 1693.64  233662.9
 1766.19  248022.6
 1683.31  221145.7
 2216.94  302013.2
 1427.87  168667.7
 1948.71  204913.3
       p2p2       
 KB/s in  KB/s out
 1805.42  230908.0
 2334.02  334511.8
 1617.31  248632.1
 2011.20  282293.7
 1613.71  164937.7
 1654.51  189232.9
 1777.11  226895.4
 1699.64  229207.9
 1729.80  201747.8
 2198.74  337066.9
 2177.69  292218.0
 2356.07  331267.9
 2226.73  312618.7
 1868.20  292473.1
 1955.53  222414.0
 2153.91  258549.0
 1566.93  192884.1
 1815.40  250177.5
 1900.26  217721.1
 1898.51  246263.2
 1582.80  172973.1
 2088.39  340792.5
       p2p2       
 KB/s in  KB/s out
 1955.15  285407.1
 1875.59  222109.5
 2205.23  289452.9
 1683.02  189347.9
 1673.20  326342.5
 2000.74  314847.4
 2068.40  279333.4
 1892.38  274093.8
 1557.55  176569.2
 1911.50  244647.8
 1872.76  259601.0
 1774.23  236449.0
 2016.27  251622.8
 2362.02  352358.8
 2179.23  309496.7
 2002.44  263468.8
 1921.16  241317.8
 2318.60  295091.8
 1958.00  256847.6
 1958.81  243178.2
 1478.50  206267.0
 2306.71  343258.0
       p2p2       
 KB/s in  KB/s out
 2187.00  284007.5
 1661.26  246317.9
 2207.94  328699.9
 1816.98  263132.1
 1968.72  200306.7
 2241.72  240463.5
 2103.23  231189.1
 1790.61  241272.3
 1998.75  259471.5
 1752.15  236589.5
  666.45   3438.42
  636.26    514.42
  534.86    519.44
  439.25    426.43
  384.08    315.06
  498.21    437.21
  429.31    430.96
  783.87  30532.25
 2386.10  332977.1
 2454.69  328012.5
 1996.29  222977.8
 2820.79  341248.0
       p2p2       
 KB/s in  KB/s out
 2289.43  264877.5
 2360.30  302725.2
 2094.88  296402.6
 2851.71  363559.7
 2433.90  282581.4
 2608.31  367205.6
 1481.15  169984.7
 2971.30  380879.0
 2574.30  321086.7
 2004.02  261506.9
 2653.58  355383.7
 2308.77  327370.9
 2678.49  367214.1
 2595.59  347118.0
 3030.86  382338.1
 2410.22  268736.7
 2348.37  316771.0
 2823.77  366435.5
 2486.04  304932.5
 2990.23  328754.2
 2391.59  353808.6
 2357.06  278509.6
       p2p2       
 KB/s in  KB/s out
 2668.53  369685.4
 2684.71  387045.3
 2115.90  270687.8
 2253.63  275189.5
 2487.65  294972.6
 2355.41  359598.0
 2114.49  229967.8
 2706.27  381710.5
 2385.94  367009.3
 2595.48  334205.6
 2607.95  355190.9
 2982.58  358906.5
 2599.07  366667.9
 2559.24  307468.2
 2444.20  342984.2
 1866.74  242738.3
 2331.38  268854.5
 2487.90  274427.3
 2404.64  237024.8
 2470.49  323079.5
 2097.90  284461.6
 2280.98  282451.3
       p2p2       
 KB/s in  KB/s out
 2420.63  301642.3
 2051.26  273965.1
 2224.04  278395.8
 2689.14  348775.4
 2585.77  377966.0
 2123.00  280270.9
 2226.09  340643.6
 3134.05  430985.0
 2847.24  388390.3
 2462.67  296746.9
 2357.98  303869.0
 1782.28  203703.5
  666.67  36584.43
  819.88    656.22
  666.16    482.06
  486.78    464.90
  474.09    443.66
  368.55    325.83
  596.57    579.96
  735.16  34060.02
 3261.69  406986.7
 2997.02  398321.5
       p2p2       
 KB/s in  KB/s out
 2646.50  360202.8
 3314.54  344577.5
 2505.46  343138.3
 3103.72  435982.2
 2865.60  387752.3
 3076.55  399536.6
 4046.53  491559.4
 3706.08  440094.5
 3001.04  429173.7
 2736.75  407540.2
 3114.24  444921.2
 3027.76  399468.7
 2821.32  358627.4
 3153.87  396246.2
 2429.40  346846.5
 2897.83  377242.2
 2507.69  350528.8
 3604.35  465320.9
 3005.43  383632.1
 2451.42  360734.5
 2680.50  317470.5
 3260.20  381607.5
       p2p2       
 KB/s in  KB/s out
 3403.46  475138.5
 2666.25  333141.9
 2805.10  369434.1
 3115.18  410476.6
 2928.69  415511.9
 2795.63  364535.7
 2827.67  343782.9
 2502.89  315645.2
 2803.16  320639.3
 3110.72  420532.0
 3508.00  411561.6
 2710.60  366201.1
 2352.67  262743.8
 2902.06  427882.1
 3120.43  414757.1
 3390.05  452857.6
 3451.40  410445.1
 3159.95  437286.1
 2977.75  359968.7
 2495.65  268821.3
 3577.83  430047.1
 3205.12  413234.7
       p2p2       
 KB/s in  KB/s out
 3234.14  447519.7
 2492.44  329239.6
 3485.50  508844.2
 3175.84  392233.8
 2573.69  322968.4
 2343.01  323942.8
 2850.83  356249.1
 3192.79  418920.4
 3877.02  448898.4
 3360.24  431492.7
 2398.54  337983.7
 2643.22  309457.1
 3382.39  489847.0
 3327.13  414056.4
 1305.68  156295.1
  606.80    482.30
  447.52    406.35
  789.36    639.49
  590.36    428.27
  564.44    538.10
  281.98    245.81
  666.90  18698.79
       p2p2       
 KB/s in  KB/s out
 2984.36  404091.1
 3507.66  408601.7
 2826.78  380001.4
 3288.39  422377.4
 3548.27  471105.8
 3384.75  481882.9
 3420.32  413218.8
 3354.77  403696.6
 2889.83  422953.1
 2908.81  342275.5
 2444.72  332091.6
 3536.80  460211.7
 3111.82  382296.7
 3722.61  444111.1
 2974.85  362881.2
 3477.44  425506.1
 3355.88  382187.7
 2952.78  393467.6
 2593.06  341079.5
 3354.25  416119.0
 2836.36  425184.2
 3309.09  405376.2
       p2p2       
 KB/s in  KB/s out
 2803.61  386687.1
 2901.01  395579.8
 3371.05  458817.6
 2653.57  364735.6
 3902.49  472107.5
 3032.38  386524.0
 2623.06  367127.8
 3436.83  464137.5
 2839.89  392776.1
 3176.62  404763.9
 3038.19  428085.2
 3535.01  437479.9
 2793.93  419814.2
 3921.45  483123.8
 3740.24  480931.3
 2595.57  325253.7
 3064.61  458406.1
 2741.24  330890.7
 3778.65  509808.2
 3763.33  420069.2
 3130.76  384853.6
 3295.02  449355.7
       p2p2       
 KB/s in  KB/s out
 3749.10  439118.1
 3938.33  451241.3
 2948.02  385662.9
 3573.49  450182.7
 3303.50  411384.6
 2982.85  417011.1
 3283.24  360734.9
 3175.13  390235.3
 3197.47  364161.2
 3013.01  378232.6
 3342.71  383824.4
 2830.79  371795.5
 3504.83  463332.7
 3623.66  470578.4
 3186.81  408846.3
 3281.63  410268.2
 2941.95  391096.3
 1690.55  192342.8
  611.75    513.25
  461.71    419.70
  522.42    539.05
  663.86    528.56
       p2p2       
 KB/s in  KB/s out
  631.72    535.05
  409.44  22489.47
  580.41  58585.74
  702.27  51003.45
  737.56  66164.56
  842.88  45780.05
  655.16  31392.61
  601.81  57366.63
  517.13  43494.68
  598.26  39280.26
  917.66  45846.13
  693.65  44245.17
  716.67  36481.57
  812.02  54488.51
  667.21  47978.78
  573.56  48765.58
  623.06  31756.47
  750.11  52257.55
  632.20  52708.48
  754.27  22975.31
  723.45  44018.99
  600.42  38600.35
       p2p2       
 KB/s in  KB/s out
  588.62  38056.20
  604.69  44392.59
  675.53  36593.47
  838.69  40781.29
  682.08  47867.11
  659.84  52555.91
  743.94  57150.11
  771.54  59894.27
  549.37  14141.37
  786.99  62485.23
  671.51  47109.16
  499.59  30856.35
  846.78  32696.43
  697.38  36207.83
  644.76  45656.80
  614.18  53800.89
  776.85  63720.34
  585.86  39726.70
  616.13  33948.87
  593.71  44488.37
  858.80  66307.69
  505.15  34808.78
       p2p2       
 KB/s in  KB/s out
  668.13  59946.18
  816.08  62070.60
  678.17  49348.58
  695.16  55544.20
  762.02  62993.13
  732.80  38030.66
  709.04  33271.98
  770.36  45696.46
  660.28  48051.42
  640.30  57095.55
  589.05  36231.32
  951.02  58396.81
  764.56  50443.39
  644.91  28820.39
  690.52  51537.55
  678.65  25492.05
  698.63  39807.48
  611.50  18355.68
  368.29    345.14
  562.61    546.65
  833.79  74307.95
 1202.56  155013.2
       p2p2       
 KB/s in  KB/s out
 1240.79  193596.4
 1235.81  178674.0
  852.69  180068.4
 1554.52  167771.8
 1205.79  166708.7
 1079.65  139020.1
  978.20  177395.4
 1355.57  161273.9
 1098.21  167256.6
 1330.04  185638.6
 1320.93  218043.5
 1131.25  169412.1
 1060.52  194396.7
 1545.34  183478.4
 1404.79  180537.4
 1115.81  161391.6
  963.23  157492.7
 1125.89  164791.3
 1485.42  188106.1
  991.21  152062.1
 1102.81  140905.5
 1311.06  208434.0
       p2p2       
 KB/s in  KB/s out
 1202.18  186294.1
 1450.98  196918.6
 1531.12  214734.3
 1285.36  132846.0
  926.14  196310.9
 1420.31  207518.8
 1515.95  230255.9
 1262.07  147977.8
 1282.20  194679.4
 1311.60  238268.1
 1172.83  140474.7
 1467.64  200447.7
 1061.68  156189.6
 1185.88  202645.3
 1209.32  180969.3
 1169.44  203471.5
 1279.10  171190.5
 1167.31  143158.7
 1387.26  208630.3
 1137.95  162436.6
 1179.93  156051.0
 1240.63  152391.2
       p2p2       
 KB/s in  KB/s out
 1021.15  174224.3
  995.99  169237.1
 1030.55  121165.1
 1292.45  217389.3
 1333.74  184022.5
 1309.66  199435.9
 1253.64  196287.2
  974.13  158720.1
 1217.79  146428.3
 1130.13  188322.5
 1392.10  173454.0
 1170.24  158906.4
 1237.78  191972.4
 1255.56  191782.3
 1145.14  109146.2
  693.66    520.76
  582.76    510.08
  491.50    473.89
  586.45    570.05
  519.21    407.55
  534.17    504.02
  439.73    437.51
       p2p2       
 KB/s in  KB/s out
 1364.86  157834.2
 2558.74  335843.8
 2501.56  361501.6
 2537.29  357884.9
 2294.99  313744.2
 2427.82  370334.6
 2015.84  352593.5
 2989.30  363495.1
 2514.01  363220.0
 2672.41  358564.0
 2401.50  312656.5
 2598.11  347860.5
 2765.21  309821.8
 2714.08  383746.3
 2446.74  394642.8
 2895.31  468727.4
 2844.42  380852.2
 2589.02  287006.7
 2598.93  356467.6
 2961.32  410061.7
 3380.80  419241.7
 2812.92  359619.7
       p2p2       
 KB/s in  KB/s out
 2509.84  273898.0
 2368.58  359702.5
 2517.37  348221.3
 2787.17  397616.9
 2538.07  347698.8
 2891.11  376471.6
 3283.00  439464.5
 2110.57  311103.8
 2743.82  364121.3
 2842.36  340412.5
 2255.54  348553.8
 2977.94  374272.5
 2371.03  321684.7
 2757.61  396800.3
 2955.91  388273.9
 3336.00  416915.9
 2789.38  369946.9
 2777.85  398833.0
 2120.62  338442.1
 2951.60  378713.1
 2586.16  387609.1
 3426.04  353202.8
       p2p2       
 KB/s in  KB/s out
 2864.70  371690.0
 2204.86  347743.6
 2193.47  342680.8
 3246.48  428038.2
 2611.67  321147.0
 2664.55  400806.0
 1825.42  293889.8
 2516.76  334416.3
 3002.69  410310.8
 3511.12  447391.3
 2527.88  329028.0
 1958.63  309025.3
 2403.70  332515.0
 2839.39  366320.6
 2798.03  320676.2
 2090.55  336918.0
 2180.11  333677.8
  853.37    634.48
  569.34    493.86
  694.74    573.97
  646.62    546.92
  497.06    436.93
       p2p2       
 KB/s in  KB/s out
  495.61    446.00
  504.76    476.32
 1203.29  159484.1
 2682.22  393674.3
 2484.83  309288.0
 2989.13  349384.2
 2698.36  328781.5
 2464.83  336355.1
 2812.36  373242.5
 3056.66  386833.1
 2555.26  355534.3
 3046.27  331732.7
 3032.10  350126.4
 3213.49  370290.1
 2749.55  348066.2
 3091.82  399588.4
 3150.21  431268.7
 2853.67  386079.4
 2638.46  370856.6
 2928.73  400050.5
 2959.97  346636.7
 2953.34  365771.6
       p2p2       
 KB/s in  KB/s out
 2765.66  355821.8
 3112.89  386419.8
 2941.12  411270.6
 3227.65  416819.7
 3136.24  374124.0
 3352.63  494699.4
 2592.84  343112.7
 2994.59  411284.3
 3170.97  378639.5
 2868.24  353821.9
 2912.51  382124.4
 2902.72  392630.6
 2859.32  375831.3
 3008.66  381195.5
 1520.11  165606.1
 2911.55  323326.8
 2628.90  349732.4
 3003.09  416877.0
 3117.84  394146.0
 2668.76  322906.4
 3470.41  425775.6
 2551.20  364685.4
       p2p2       
 KB/s in  KB/s out
 2710.77  334622.5
 2667.30  369491.3
 2399.81  308015.8
 3035.92  355630.5
 2457.34  307738.5
 2338.68  332090.7
 2812.00  342968.0
 3759.96  461859.5
 2997.81  402358.6
 2681.62  274885.2
 2828.72  422575.5
 2416.88  345881.7
 3130.41  396516.9
 3383.03  396866.6
 3243.61  394258.2
 3370.11  429809.5
 3011.98  329456.0
 3442.91  449676.3
 3448.03  454274.8
 1520.81  222495.7
  622.86    568.25
  678.80    599.44
       p2p2       
 KB/s in  KB/s out
  729.54    512.10
  584.12    399.77
  592.07    521.85
  523.94    490.34
 1723.41  220394.9
 3201.99  359532.4
 3101.61  385416.1
 3090.60  405767.7
 3214.59  416250.2
 2966.04  381497.3
 2846.46  318942.0
 3571.35  413102.7
 3460.82  407946.5
 2718.79  334973.4
 3603.76  448536.2
 2939.12  352919.6
 2489.83  324909.0
 3632.68  447654.9
 2895.94  351333.8
 2719.77  357771.1
 2811.21  377240.4
 3427.15  424331.5
       p2p2       
 KB/s in  KB/s out
 3466.34  462996.9
 2522.83  309775.0
 2589.69  317834.5
 4121.37  484974.2
 3872.26  425775.7
 2769.73  370340.0
 3612.78  422413.1
 3608.36  433070.6
 3412.59  405768.2
 3203.50  421459.1
 3182.65  434673.7
 2857.37  405150.0
 2894.57  347286.3
 3662.90  456253.4
 3450.35  345395.2
 3456.55  414306.5
 3582.72  435045.2
 3961.04  478145.6
 3412.33  419170.6
 2895.75  412776.3
 2971.12  356674.7
 2560.31  313330.3
       p2p2       
 KB/s in  KB/s out
 4018.74  453479.3
 3536.11  441871.0
 3194.56  396612.5
 3058.30  419191.9
 3575.27  415601.1
 3482.35  435947.8
 3104.02  358512.7
 3601.58  484404.8
 3365.21  408702.5
 3541.82  399063.1
 3705.19  465177.3
 2932.00  374051.3
 3345.85  384018.6
 2838.43  355482.9
 2800.05  373497.1
 2837.77  354789.0
 2842.92  333407.0
 2624.13  329378.2
 2256.26  338422.3
 2670.10  390621.1
 3057.36  377399.5
 3026.44  307435.5
       p2p2       
 KB/s in  KB/s out
 2947.03  329005.8
 1402.24  156011.2
  551.64    482.63
  736.59    524.94
  656.98    571.50
  595.93    495.03
 2330.71  259665.3
 2998.18  411703.7
 2889.01  359992.8
 2967.65  379901.7
 3743.77  402420.7
 3175.77  381729.4
 3617.19  468197.8
 3633.44  454871.1
 3522.56  429216.9
 2988.70  358764.1
 3191.58  421895.6
 3230.18  382933.7
 3415.04  429384.7
 3865.42  443806.3
 3828.30  463477.7
 3472.74  425872.8
       p2p2       
 KB/s in  KB/s out
 3734.03  464906.9
 3123.60  434261.2
 3070.73  353249.5
 3234.90  394912.6
 2643.85  334815.6
 3099.08  394198.6
 3241.34  385705.3
 2811.29  357657.4
 4120.46  488080.1
 3022.13  396304.1
 2894.81  344747.4
 3284.32  400276.9
 3214.80  386036.3
 3516.00  466112.8
 2776.92  378307.5
 2929.75  381045.9
 3451.88  398522.5
 3285.03  419411.3
 2803.62  391391.3
 2627.30  393744.8
 2797.75  368197.7
 3200.65  376602.1
       p2p2       
 KB/s in  KB/s out
 2751.28  298359.1
 3316.24  435080.2
 3056.66  397867.8
 2871.66  362423.7
 3194.27  387861.4
 3265.71  380251.1
 3253.57  359392.8
 2640.83  332638.2
 2937.92  376561.5
 2748.43  366134.3
 3059.99  344582.7
 3364.97  396546.8
 4161.51  501233.4
 3189.51  415804.1
 2865.81  352252.7
 3003.60  380520.5
 2809.33  336662.1
 3340.82  373766.7
 2963.65  365398.0
 3352.86  443219.2
 3393.37  415940.5
 3247.74  409655.3
       p2p2       
 KB/s in  KB/s out
 2628.54  377631.9
 3110.57  390423.4
 3608.46  439736.4
 2932.32  367073.7
 2615.40  266210.0
 2964.59  365932.9
 2328.86  358434.8
  925.19    822.33
  839.65    577.68
  697.67    565.56
  676.16    596.32
  588.60    564.89
  419.53    393.60
  480.87    481.13
  545.71    545.24
  418.77    416.62
  481.28    482.80
  498.67    502.50
  560.47    563.48
  508.01    496.51
  349.87    360.14
  423.26    420.69
       p2p2       
 KB/s in  KB/s out
  529.47    521.89
  400.49    410.73
  526.54    519.07
  520.70    520.05
  485.36    483.80
  366.00    372.47
  491.80    486.02
  336.47    330.06
  492.93    497.31
  348.05    348.53
  321.72    318.00
  490.03    492.99
  583.48    593.37
  569.43    559.61
  447.92    447.47
  453.85    461.07
  622.51    619.36
  571.40    563.86
  485.90    483.28
  597.83    595.80
  380.39    394.07
  372.23    355.69
