       em4        
 KB/s in  KB/s out
 2929.10   4029.97
 2913.41   3937.57
 2748.19   3679.30
 2822.70   3901.98
 2428.11   3534.76
 2703.21   3836.58
 2480.93   3360.68
 2516.89   3581.40
 2457.29   3481.57
 2397.68   3222.51
 2498.14   3415.65
 2166.15   3186.23
 2313.07   3311.00
 2431.36   3445.70
 2435.58   3343.48
 2533.24   3470.26
 2548.47   3456.36
 2557.41   3543.03
 2516.23   3526.97
 2480.80   3563.62
 2602.44   3092.19
 2245.87   3004.51
       em4        
 KB/s in  KB/s out
 2144.62   2954.44
 2309.45   2923.36
 2396.11   2386.20
 2539.82   2396.52
 2351.67   2237.75
 2331.18   2216.50
 2343.39   2230.95
 2446.28   2318.71
 2448.24   2318.59
 2313.95   2188.49
 2269.22   2144.47
 2346.20   2232.97
 2298.38   2182.37
 2018.18   1933.22
 1855.13   1768.49
 2387.81   2244.97
 2025.39   1912.06
 2304.00   2182.45
 2195.22   2113.85
 2149.17   2021.11
 2152.19   2054.05
 2185.38   2079.63
       em4        
 KB/s in  KB/s out
 2339.40   2204.05
 2445.55   2328.77
 2578.38   2424.83
 2485.96   2377.26
 2439.59   2297.61
 2232.19   2133.94
 2060.89   1937.57
 2404.98   2282.37
 2232.08   2120.89
 2067.98   1961.53
 2162.25   2073.08
 2427.29   2304.46
 2338.70   2215.49
 2159.30   2041.73
 2468.63   2350.07
 2409.22   2286.34
 2373.35   2235.59
 2336.94   2208.69
 2288.57   2183.87
 2333.07   2221.09
 2263.47   2131.85
 1986.63   1886.69
       em4        
 KB/s in  KB/s out
 2173.37   2069.66
 2238.44   2137.10
 2183.30   2060.60
 2278.26   2145.37
 2349.28   2248.06
 2328.54   2202.95
 2340.60   2232.78
 2156.17   2025.89
 2464.15   2350.32
 2409.53   2293.39
 2147.55   2057.61
 2423.88   2273.15
 2385.26   2270.58
 2329.44   2202.39
 2203.46   2096.56
 2289.60   2179.02
 2311.36   2207.76
 2202.81   2067.34
 2168.00   2069.04
 2305.48   2189.16
 2310.16   2191.45
 2309.36   2193.30
       em4        
 KB/s in  KB/s out
 2451.22   2312.17
 2337.17   2211.52
 2228.43   2127.95
 2098.73   1995.64
 2188.42   2076.76
 2286.13   2168.94
 2359.13   2236.27
 2363.81   2249.11
 2193.32   2081.66
 2238.86   2124.09
 2349.84   2228.48
 2271.27   2149.31
 2251.28   2142.24
 1943.89   1843.68
 2310.26   2180.17
 2262.98   2164.54
 2370.26   2203.81
 2481.19   2376.79
 2322.89   2187.33
 2290.11   2171.76
 2278.68   2175.18
 2305.25   2178.16
       em4        
 KB/s in  KB/s out
 2348.60   2249.43
 2346.07   2201.59
 2151.17   2069.46
 2179.00   2076.72
 2197.00   2077.98
 2243.47   2123.88
 2205.35   2113.30
 2091.04   1967.45
 2316.11   2189.74
 2231.70   2118.62
 2286.40   2162.77
 2132.17   2032.13
 2162.41   2063.65
 2182.02   2045.09
 1970.91   1890.57
 2091.00   1972.62
 1930.59   1836.63
 2070.54   1978.90
 2093.51   1990.90
 2250.26   2117.45
 2058.06   1960.14
 2187.11   2100.21
       em4        
 KB/s in  KB/s out
 1801.55   1711.96
 1825.41   1734.55
 2227.63   2112.81
 2243.96   2115.24
 2271.36   2158.87
 2083.63   1976.64
 2275.06   2157.33
 2217.20   2110.46
 2249.82   2108.40
 2173.30   2075.85
 2318.59   2209.28
 2224.67   2114.82
 2177.48   2054.87
 2025.64   1935.80
 2101.88   2015.14
 2342.69   2211.33
 2208.59   2097.45
 2169.15   2060.78
 2049.34   1941.50
 1771.32   1695.25
 2055.22   1944.66
 2101.57   2002.20
       em4        
 KB/s in  KB/s out
 1961.72   1870.05
 2030.40   1931.07
 2111.72   2011.69
 2147.62   2051.18
 2349.33   2224.86
 2360.07   2235.27
 2203.21   2090.11
 2044.96   1966.03
 2258.35   2135.52
 2292.31   2176.47
 2038.72   1940.07
 2087.05   1992.78
 2106.95   2011.90
 2154.58   2044.61
 2156.93   2049.39
 2378.70   2270.63
 2221.77   2125.17
 2176.15   2057.81
 2044.69   1945.46
 1909.46   1836.15
 1961.86   1882.23
 2099.35   2002.26
       em4        
 KB/s in  KB/s out
 1775.24   1677.99
 1858.97   1756.41
 2046.41   1947.07
 2110.70   2016.55
 2150.34   2044.00
 2018.24   1917.59
 2070.49   1984.30
 2137.64   2056.47
 2005.76   1913.70
 1848.96   1760.60
 1840.51   1739.62
 1910.35   1839.46
 1741.74   1648.40
 1901.26   1826.88
 1999.07   1897.70
 2081.62   1978.98
 2148.46   2059.45
 2149.80   2056.04
 2144.68   2049.04
 1923.53   1819.06
 1889.83   1822.69
 1800.47   1709.17
       em4        
 KB/s in  KB/s out
 1938.90   1861.10
 1873.07   1789.59
 1848.45   1755.35
 1774.68   1682.61
 2027.58   1955.09
 2097.98   2006.80
 1982.09   1897.16
 2012.03   1911.57
 1998.37   1906.17
 1792.50   1699.65
 1849.98   1777.49
 1937.17   1851.46
 2017.32   1928.20
 1782.82   1718.40
 1867.72   1775.47
 1855.79   1762.49
 2001.79   1916.21
 1823.08   1740.41
 1878.12   1803.80
 1871.30   1804.36
 1915.74   1808.69
 2079.28   1982.38
       em4        
 KB/s in  KB/s out
 1952.14   1852.81
 1984.65   1904.48
 1841.37   1766.83
 1728.52   1650.28
 1841.43   1747.55
 1710.02   1643.37
 1785.62   1717.21
 1741.48   1648.49
 1818.47   1744.39
 1766.85   1680.15
 1807.16   1717.08
 1916.23   1836.19
 1888.08   1807.70
 1540.16   1478.58
 1637.95   1575.14
 1757.74   1700.75
 1744.75   1667.62
 1847.57   1777.13
 1798.70   1713.54
 1675.10   1600.99
 1709.68   1641.16
 1519.90   1462.27
       em4        
 KB/s in  KB/s out
 1882.68   1790.88
 1742.61   1656.28
 1638.32   1571.40
 1614.79   1545.56
 1568.67   1513.89
 1683.80   1614.05
 1717.90   1656.49
 1880.04   1794.82
 1468.25   1403.51
 1441.74   1386.33
 1529.48   1460.20
 1702.71   1638.37
 1500.51   1434.25
 1806.77   1732.13
 1557.73   1493.95
 1683.69   1618.58
 1529.96   1465.31
 1574.18   1508.49
 1505.08   1437.65
 1783.01   1712.21
 1539.63   1488.35
 1741.93   1672.01
       em4        
 KB/s in  KB/s out
 1771.36   1701.58
 1621.37   1552.41
 1571.37   1510.09
 1639.73   1574.93
 1674.59   1614.80
 1708.42   1631.72
 1758.26   1689.27
 1810.03   1730.74
 1772.11   1691.03
 1509.28   1442.15
 1677.86   1615.44
 1447.10   1392.92
 1440.59   1397.97
 1416.20   1358.61
 1606.29   1523.51
 1657.54   1588.33
 1728.97   1663.22
 1512.93   1449.96
 1388.52   1341.81
 1361.00   1308.63
 1576.75   1530.81
 1476.64   1420.59
       em4        
 KB/s in  KB/s out
 1711.84   1644.31
  942.90    924.90
   63.36     87.85
   59.12     85.99
   63.12     95.07
   55.84     82.51
   21.11     18.08
   16.85      3.68
    5.40      1.24
    3.80     11.51
 2257.91   2102.53
 3006.67   2695.27
 2388.69   2268.74
 2052.70   1984.21
 2076.81   1994.53
 1889.59   1830.99
 1878.46   1811.34
 1886.04   1834.43
 1951.80   1873.08
 1856.96   1797.61
 1779.24   1702.37
 1830.55   1783.79
       em4        
 KB/s in  KB/s out
 1722.95   1665.97
 1789.50   1742.03
 1817.41   1731.23
 2039.54   1963.83
 1715.58   1633.26
 1727.85   1666.92
 1750.07   1683.06
 1779.05   1712.35
 1597.33   1558.47
 1703.18   1639.64
 1651.87   1608.38
 1471.31   1431.05
 1360.41   1322.46
 1666.17   1600.91
 1197.85   1156.91
 1456.16   1409.06
 1602.51   1545.81
 1585.92   1537.91
 1788.53   1723.65
 1513.74   1467.69
 1635.50   1575.61
 1934.77   1856.63
       em4        
 KB/s in  KB/s out
 1553.18   1492.06
 1567.46   1522.96
 1571.73   1520.56
 1595.16   1535.26
 1727.49   1669.03
 1416.75   1357.40
 1589.58   1548.86
 1747.71   1674.28
 1755.81   1698.51
 1792.07   1717.15
 1844.75   1779.58
 1556.84   1521.19
 1583.54   1540.76
 1588.30   1529.02
 1403.10   1362.34
 1642.30   1575.45
 1678.45   1636.95
 1403.12   1363.11
 1706.26   1632.19
 1238.12   1196.60
 1316.68   1269.66
 1400.42   1356.64
       em4        
 KB/s in  KB/s out
 1271.24   1228.46
 1471.87   1430.00
 1737.68   1662.72
 1740.26   1693.48
 1714.75   1657.75
 1172.51   1145.05
 1428.88   1407.73
 1703.65   1641.35
 1439.11   1398.68
 1527.66   1462.35
 1396.99   1349.52
 1707.87   1659.44
 1256.53   1233.54
 1511.57   1465.50
 1705.49   1641.69
 1486.96   1438.31
 1441.71   1402.19
 1437.22   1386.72
 1741.52   1687.78
 1692.62   1623.19
 1504.33   1460.31
 1496.82   1446.56
       em4        
 KB/s in  KB/s out
 1822.29   1762.10
 1788.17   1719.51
 1664.64   1606.04
 1495.67   1467.82
 1717.77   1657.95
 1650.67   1598.73
 1596.66   1538.52
 1640.42   1573.40
 1474.26   1422.42
 1496.69   1454.78
 1557.87   1508.86
 1573.67   1523.44
 1712.32   1664.97
 1752.20   1685.75
 1532.09   1494.13
 1686.79   1637.98
 1731.60   1669.93
 1534.46   1479.74
 1710.93   1633.33
 1400.85   1356.51
 1344.44   1299.12
 1442.94   1399.51
       em4        
 KB/s in  KB/s out
 1538.52   1496.01
 1507.56   1470.18
 1557.10   1502.28
 1357.88   1324.33
 1901.31   1839.81
 1738.58   1683.24
 1517.72   1456.98
 1476.01   1432.49
 1731.57   1679.69
 1527.55   1483.08
 1292.99   1237.78
 1654.54   1612.90
 1526.88   1471.19
 1279.17   1258.08
 1536.15   1503.71
 1625.98   1581.61
 1329.60   1290.06
 1700.47   1651.70
 1757.89   1702.06
 1661.37   1600.72
 1571.34   1544.28
 1596.93   1543.57
       em4        
 KB/s in  KB/s out
 1547.25   1493.13
 1523.02   1468.39
 1746.57   1706.77
 1570.88   1508.38
 1559.96   1520.66
 1484.84   1445.85
 1407.61   1365.51
 1541.71   1501.12
 1614.14   1583.38
 1400.73   1358.17
 1630.44   1573.05
 1555.50   1519.01
 1601.91   1559.30
 1295.91   1242.58
 1692.01   1630.50
 1559.04   1503.54
 1255.90   1219.02
 1466.24   1444.85
 1771.10   1703.37
 1479.95   1441.28
 1354.21   1318.10
 1380.93   1357.70
       em4        
 KB/s in  KB/s out
 1529.37   1494.90
 1519.21   1463.91
 1589.26   1543.82
 1656.43   1607.51
 1639.12   1604.85
 1705.82   1651.15
 1775.64   1715.54
 1156.74   1113.49
 1533.22   1501.86
 1678.59   1626.91
 1158.74   1119.49
 1331.66   1304.06
 1430.69   1386.54
 1135.18   1105.57
 1595.70   1561.29
 1505.72   1466.07
 1430.16   1397.02
 1203.90   1169.79
 1537.94   1489.04
 1745.18   1677.80
 1225.07   1195.16
 1108.29   1097.50
       em4        
 KB/s in  KB/s out
 1482.20   1435.49
 1712.11   1661.22
 1419.15   1369.77
 1329.20   1280.90
 1486.20   1461.96
 1524.50   1490.75
 1362.16   1327.59
 1420.68   1390.42
 1641.40   1593.71
 1590.04   1547.32
 1590.97   1537.05
 1660.48   1604.69
 1594.57   1549.86
 1552.38   1522.42
 1581.87   1545.17
 1641.62   1588.13
 1339.86   1296.51
 1315.01   1296.15
 1372.13   1343.70
 1110.25   1102.40
 1319.23   1277.53
 1573.39   1548.69
       em4        
 KB/s in  KB/s out
 1722.42   1677.29
 1626.65   1572.16
 1432.31   1404.29
 1679.41   1642.80
 1394.80   1364.47
 1585.32   1537.16
 1470.57   1441.25
 1247.56   1217.73
 1350.95   1306.59
 1527.92   1481.51
 1473.02   1425.63
 1452.81   1434.14
 1421.46   1372.68
 1358.98   1334.69
 1606.41   1546.47
 1449.82   1429.27
 1381.86   1335.60
 1117.19   1107.80
 1538.86   1509.68
 1554.31   1518.42
 1639.15   1597.48
 1665.55   1620.75
       em4        
 KB/s in  KB/s out
 1542.62   1491.32
 1603.77   1554.46
 1778.20   1741.80
 1392.68   1341.87
 1291.41   1261.10
 1231.26   1214.47
 1097.59   1082.40
 1309.95   1279.26
  859.55    856.49
 1457.17   1410.29
 1465.14   1448.53
 1353.03   1314.21
 1695.25   1658.16
 1382.97   1340.29
 1459.13   1425.64
 1281.82   1246.67
 1393.28   1354.50
 1287.93   1339.45
 1295.55   1259.46
 1426.34   1380.27
 1222.67   1193.28
 1360.39   1330.95
       em4        
 KB/s in  KB/s out
 1351.39   1337.52
 1385.02   1358.77
 1480.60   1455.05
 1186.39   1166.48
 1579.41   1539.67
 1365.00   1328.48
 1547.98   1512.33
 1384.65   1439.78
 1481.78   1446.33
 1578.78   1521.66
 1638.96   1601.82
 1388.47   1360.07
 1352.10   1331.83
 1405.37   1370.22
 1522.75   1540.93
 1537.14   1505.07
 1502.49   1464.96
 1296.97   1256.23
 1384.06   1352.59
 1180.89   1174.18
 1039.78   1017.52
 1276.98   1336.33
       em4        
 KB/s in  KB/s out
 1128.62   1093.05
 1233.11   1211.09
 1076.16   1060.01
 1490.15   1453.97
 1416.12   1393.35
 1242.97   1228.42
 1570.38   1507.14
 1431.18   1463.26
 1427.75   1387.10
 1361.64   1330.17
 1570.04   1509.59
 1153.38   1144.92
 1296.97   1253.31
 1322.39   1288.42
 1740.96   1778.03
 1573.11   1535.19
 1308.42   1303.03
 1352.45   1302.43
 1064.83   1044.22
 1599.26   1564.58
 1502.49   1453.97
 1545.78   1570.52
       em4        
 KB/s in  KB/s out
 1540.61   1525.77
 1375.92   1335.05
 1415.37   1405.91
 1580.70   1540.75
 1343.47   1326.26
 1322.05   1274.96
 1248.31   1203.03
 1529.66   1560.17
 1245.29   1228.85
 1524.87   1475.20
 1415.43   1392.22
 1444.55   1435.63
 1407.45   1375.81
 1349.19   1329.68
 1340.36   1406.24
 1055.69   1023.01
 1359.76   1319.08
 1407.99   1372.20
 1510.13   1464.68
 1434.83   1404.06
 1663.67   1620.30
 1417.40   1482.79
       em4        
 KB/s in  KB/s out
 1579.78   1568.64
 1189.24   1169.62
  228.66    270.45
  244.79    326.53
  122.22    189.69
   64.78     83.87
   51.80    158.09
   17.49      6.33
   14.03      3.22
    0.12      0.00
    0.12      0.00
    0.18      0.06
    0.18      0.00
    7.39     94.22
    0.12      0.00
    0.45      0.00
 1770.04   1872.99
 2892.96   2564.28
 2606.45   2323.85
 2816.58   2481.42
 1998.24   1956.38
 1815.51   1825.70
       em4        
 KB/s in  KB/s out
 1695.05   1673.79
 1456.26   1428.58
 1681.94   1618.94
 1407.09   1383.79
 1737.61   1685.79
 1553.60   1537.74
 1570.21   1575.11
 1584.34   1557.65
 1612.11   1587.88
 1517.50   1467.40
 1563.00   1535.97
 1537.22   1489.10
 1648.51   1622.58
 1503.67   1478.82
 1585.12   1569.62
 1633.72   1620.94
 1567.17   1523.63
 1526.96   1505.83
 1444.45   1428.73
 1538.67   1470.92
 1506.64   1506.12
 1521.50   1488.29
       em4        
 KB/s in  KB/s out
 1568.49   1535.54
 1491.82   1464.04
 1508.77   1498.09
 1518.22   1464.33
 1615.68   1582.18
 1619.40   1582.81
 1419.19   1441.78
 1502.02   1474.39
 1452.21   1427.59
 1413.43   1438.44
 1516.12   1482.63
 1485.69   1478.38
 1325.66   1315.80
 1390.44   1393.41
 1403.40   1422.64
 1337.19   1422.99
 1441.73   1441.86
 1345.57   1361.77
 1274.96   1265.59
 1336.93   1324.27
 1535.23   1503.47
 1511.48   1464.56
       em4        
 KB/s in  KB/s out
 1383.53   1363.39
 1347.29   1324.35
 1274.21   1252.90
 1382.04   1381.44
 1311.88   1296.59
 1429.24   1399.66
 1310.67   1304.88
 1376.45   1330.84
 1285.00   1266.38
 1263.90   1227.67
 1375.73   1344.07
 1243.05   1238.99
 1437.75   1435.77
 1132.90   1106.57
 1458.58   1437.92
 1442.57   1392.92
 1429.34   1397.57
 1281.16   1282.82
 1426.67   1440.67
 1370.14   1348.43
 1315.45   1287.75
 1415.60   1385.09
       em4        
 KB/s in  KB/s out
 1313.77   1291.49
 1385.69   1358.79
 1340.78   1315.48
 1449.04   1456.73
 1346.27   1317.28
 1361.73   1336.84
 1646.56   1595.64
 1539.20   1513.94
 1564.74   1513.77
 1281.69   1286.61
 1471.50   1452.09
 1440.48   1407.57
 1502.15   1459.52
 1326.97   1321.83
 1425.02   1388.95
 1348.04   1359.64
 1288.78   1269.00
 1257.86   1240.92
 1305.13   1299.37
 1213.37   1181.62
 1316.42   1295.76
 1187.45   1164.03
       em4        
 KB/s in  KB/s out
 1471.14   1491.63
 1217.67   1175.12
 1504.21   1471.12
 1490.49   1447.73
 1279.19   1252.52
 1513.53   1492.74
 1392.97   1380.19
 1247.51   1240.83
 1557.68   1522.91
 1370.87   1324.09
 1260.80   1225.36
 1471.59   1444.32
 1449.90   1470.50
 1507.06   1467.23
 1439.19   1425.32
 1457.84   1432.26
 1550.00   1506.24
 1492.14   1462.72
 1351.14   1331.45
 1309.93   1320.95
 1401.17   1374.51
 1223.98   1207.32
       em4        
 KB/s in  KB/s out
 1176.53   1172.99
 1212.27   1173.38
 1437.60   1422.96
 1445.03   1450.08
 1341.03   1330.12
 1586.47   1560.73
 1549.38   1521.72
 1328.04   1320.89
 1342.11   1310.86
 1462.48   1436.30
 1380.27   1368.19
 1203.49   1189.19
 1321.73   1298.30
 1278.14   1238.02
 1437.28   1411.25
 1468.85   1438.70
 1193.81   1215.58
 1236.64   1215.17
 1362.23   1331.76
 1522.78   1494.75
 1383.17   1385.87
 1306.74   1260.85
       em4        
 KB/s in  KB/s out
 1308.05   1281.38
 1596.05   1607.92
 1503.02   1477.84
 1419.17   1377.40
 1111.63   1082.22
 1387.95   1373.22
 1305.03   1305.82
 1436.73   1451.13
 1121.42   1115.63
 1440.05   1408.27
 1398.65   1381.58
 1295.80   1273.09
 1130.93   1121.58
 1332.36   1298.47
 1471.35   1477.96
 1174.08   1167.12
 1192.84   1170.05
 1326.31   1305.48
 1345.43   1316.47
 1328.66   1309.39
 1087.97   1126.80
 1556.67   1536.40
       em4        
 KB/s in  KB/s out
 1551.32   1522.73
 1483.35   1436.84
 1415.36   1380.74
 1429.37   1402.36
 1204.58   1174.13
 1140.70   1175.47
 1389.46   1360.59
 1508.41   1474.33
 1431.89   1413.35
 1344.48   1319.37
 1374.23   1349.53
 1348.27   1323.00
 1325.80   1371.85
 1440.76   1422.04
 1478.67   1435.85
 1293.27   1258.51
 1491.76   1466.18
 1429.82   1399.61
 1462.31   1488.01
 1264.75   1239.44
 1171.09   1148.31
 1326.42   1303.44
       em4        
 KB/s in  KB/s out
 1410.47   1384.57
 1525.58   1496.58
 1356.19   1328.40
 1227.64   1268.06
 1342.29   1299.60
 1253.46   1235.51
 1065.64   1048.97
 1399.87   1378.59
 1545.17   1512.17
 1304.54   1293.11
 1398.84   1426.54
 1600.28   1574.64
 1291.92   1283.57
 1191.98   1163.69
 1400.29   1373.11
 1279.40   1268.35
 1373.98   1352.50
 1535.41   1543.12
 1439.04   1422.50
 1480.63   1453.00
 1135.52   1118.73
 1512.01   1487.77
       em4        
 KB/s in  KB/s out
 1137.29   1109.27
  992.84    970.45
 1379.85   1368.23
 1279.22   1270.96
 1301.60   1261.53
 1255.44   1232.59
 1429.79   1469.46
 1502.49   1481.37
 1493.45   1461.53
 1408.73   1376.13
 1309.64   1277.82
 1361.88   1335.32
 1543.10   1505.58
 1283.72   1324.86
  963.91    965.50
 1241.51   1205.64
 1366.42   1344.97
 1273.55   1248.66
 1213.11   1205.44
 1379.01   1355.10
 1493.26   1542.43
 1250.76   1208.98
       em4        
 KB/s in  KB/s out
 1361.90   1330.36
 1268.32   1264.28
 1356.53   1324.75
 1235.84   1207.26
 1359.15   1335.10
  997.77   1045.52
 1429.61   1399.55
 1401.12   1359.63
 1591.96   1554.62
 1295.74   1269.18
 1155.69   1143.33
 1449.95   1434.51
 1607.64   1630.25
 1556.97   1524.54
 1612.46   1566.72
 1464.94   1443.46
 1433.04   1406.87
 1587.32   1552.55
 1562.58   1543.65
 1534.11   1570.45
 1385.16   1360.41
 1335.69   1317.39
       em4        
 KB/s in  KB/s out
 1474.16   1448.88
 1440.24   1423.01
 1388.33   1366.48
 1412.96   1392.15
 1367.40   1414.91
 1191.94   1179.21
 1224.31   1197.34
 1252.61   1250.14
 1257.34   1229.64
 1334.01   1311.45
 1435.42   1400.50
 1397.89   1448.61
 1278.75   1246.68
 1249.01   1239.86
 1410.17   1376.02
 1482.19   1435.61
 1447.13   1419.57
 1171.27   1148.51
 1398.11   1467.14
 1384.67   1366.78
 1472.90   1446.17
 1571.25   1548.28
       em4        
 KB/s in  KB/s out
 1399.90   1364.56
 1551.10   1512.24
 1277.90   1266.03
 1371.95   1436.65
 1377.43   1329.98
 1198.39   1188.04
 1387.35   1361.70
 1333.40   1293.69
 1455.62   1441.30
 1395.66   1361.71
 1210.39   1270.88
 1297.91   1286.58
 1443.72   1396.24
 1495.84   1473.80
 1471.12   1452.11
 1404.98   1363.39
 1198.29   1180.52
 1317.46   1304.99
 1398.54   1473.48
 1454.02   1428.23
 1495.03   1491.04
 1351.09   1317.78
       em4        
 KB/s in  KB/s out
 1383.55   1364.11
 1456.85   1422.43
 1086.08   1055.17
 1263.36   1339.34
 1347.77   1313.73
 1256.84   1243.83
 1245.79   1221.39
  964.33    985.08
  145.68    193.50
  194.24    298.09
  175.41    264.38
  190.60    234.65
  215.82    253.41
  236.29    296.64
  207.04    246.18
  138.76    151.73
  107.91    175.67
   55.50    169.84
   16.18      3.48
   11.51      2.57
    0.12      0.00
    0.12      0.00
       em4        
 KB/s in  KB/s out
    0.12      0.00
 1114.00   1405.62
 2074.36   1900.33
 2604.26   2342.44
 2805.41   2406.92
 2705.66   2395.59
 2495.28   2253.43
 2152.35   2014.38
 1836.85   1748.25
 1370.97   1410.27
 1477.51   1506.67
 1686.77   1612.46
 1306.55   1337.64
 1386.46   1368.56
 1479.07   1454.13
 1477.67   1402.04
 1515.98   1491.43
 1487.32   1453.73
 1484.05   1502.39
 1551.57   1495.81
 1543.72   1523.07
 1436.50   1445.32
       em4        
 KB/s in  KB/s out
 1527.28   1446.99
 1513.08   1486.16
 1292.62   1363.11
 1651.84   1593.17
 1475.62   1423.08
 1408.17   1440.17
 1633.66   1545.09
 1428.36   1398.75
 1301.91   1316.71
 1576.61   1507.67
 1331.00   1362.45
 1488.57   1425.98
 1314.94   1329.97
 1433.48   1432.86
 1464.93   1433.89
 1302.47   1279.84
 1594.50   1542.53
 1402.73   1417.88
 1420.22   1383.45
 1499.09   1448.27
 1298.19   1330.92
 1439.82   1385.64
       em4        
 KB/s in  KB/s out
 1504.77   1496.92
 1498.27   1438.16
 1509.87   1485.27
 1318.49   1318.09
 1472.46   1468.39
 1300.67   1305.23
 1503.53   1454.32
 1601.73   1552.87
 1224.67   1256.09
 1446.32   1386.91
 1354.77   1385.73
 1452.30   1446.13
 1500.54   1471.91
 1475.27   1416.39
 1437.32   1387.45
 1369.57   1364.16
 1402.88   1448.12
 1547.71   1500.51
 1416.06   1401.60
 1441.27   1410.74
 1575.03   1510.92
 1234.15   1255.83
       em4        
 KB/s in  KB/s out
 1628.53   1581.76
 1526.48   1501.63
 1329.50   1307.90
 1389.67   1354.30
 1484.68   1453.91
 1353.14   1319.20
 1513.78   1480.14
 1350.64   1377.78
 1350.58   1338.39
 1170.71   1177.88
 1246.67   1268.42
 1285.55   1256.86
 1358.63   1310.20
 1307.88   1347.68
 1324.35   1308.87
 1399.90   1337.05
 1272.95   1291.75
 1208.75   1234.05
 1483.06   1441.16
 1459.13   1448.87
 1314.98   1317.68
 1502.39   1494.93
       em4        
 KB/s in  KB/s out
 1432.44   1395.11
 1302.21   1307.55
 1419.48   1395.89
 1304.18   1304.96
 1286.57   1260.04
 1230.50   1205.53
 1354.55   1315.45
 1364.85   1351.73
 1357.54   1332.03
 1552.20   1509.99
 1328.58   1317.61
 1459.40   1419.91
 1435.35   1407.62
 1453.55   1440.22
 1442.92   1387.95
 1290.77   1293.46
 1193.68   1239.93
 1433.45   1382.34
 1198.83   1200.99
 1038.75   1055.02
 1372.19   1338.01
 1450.37   1403.96
       em4        
 KB/s in  KB/s out
 1220.71   1263.78
 1233.52   1200.37
 1409.40   1347.77
 1302.39   1316.07
 1309.35   1289.12
 1394.60   1356.83
 1333.00   1330.73
 1376.16   1388.56
 1325.75   1296.74
 1320.72   1310.65
 1187.26   1164.69
 1325.29   1266.99
 1407.39   1398.63
 1256.99   1288.41
 1536.61   1471.79
 1253.67   1264.81
 1108.88   1126.10
 1461.90   1374.92
 1418.08   1427.67
 1367.67   1327.45
 1359.20   1356.44
 1038.43   1089.25
       em4        
 KB/s in  KB/s out
 1510.57   1444.47
 1388.46   1355.94
 1260.47   1265.77
 1413.06   1367.89
 1218.17   1256.04
 1266.51   1235.28
 1395.31   1354.35
 1298.55   1299.28
 1423.73   1376.44
 1311.40   1308.30
 1001.35   1010.67
 1357.44   1343.72
 1369.37   1372.34
 1290.18   1285.46
 1423.54   1355.92
 1172.51   1197.60
 1242.32   1191.25
 1352.15   1388.16
 1154.67   1186.86
 1505.55   1406.63
 1188.37   1200.59
 1148.51   1162.07
       em4        
 KB/s in  KB/s out
 1402.64   1304.19
 1130.27   1137.66
 1229.97   1280.75
 1579.74   1496.46
 1216.29   1251.44
 1369.63   1314.05
 1188.86   1160.68
 1115.97   1154.80
 1350.35   1341.28
 1202.51   1174.57
 1184.71   1232.29
 1412.14   1323.76
 1267.84   1263.08
 1222.35   1232.80
 1534.46   1478.39
 1205.25   1306.42
 1628.09   1546.02
 1248.09   1203.85
 1097.11   1142.49
 1421.94   1334.59
 1281.55   1295.60
 1537.88   1495.80
       em4        
 KB/s in  KB/s out
 1380.47   1391.32
 1132.98   1122.11
 1486.65   1443.98
 1016.35   1018.52
 1433.58   1362.06
  840.69    845.05
 1299.23   1375.50
 1487.18   1401.40
 1205.23   1236.59
 1356.97   1256.45
 1137.90   1141.61
 1260.02   1288.21
 1517.73   1445.66
 1258.18   1303.69
 1452.13   1436.31
 1438.56   1379.83
 1133.62   1166.37
 1180.93   1140.02
 1255.62   1225.46
 1249.49   1267.38
 1506.29   1493.43
 1239.19   1257.24
       em4        
 KB/s in  KB/s out
 1393.88   1375.34
 1362.68   1363.28
 1363.68   1362.90
 1341.86   1282.82
 1285.74   1277.96
 1378.77   1385.89
 1491.83   1417.77
 1093.22   1111.07
 1335.54   1337.57
 1348.86   1353.28
 1286.44   1293.62
 1470.63   1427.41
 1227.99   1211.11
 1188.80   1174.46
 1461.15   1406.68
 1266.91   1327.30
 1391.94   1386.22
 1392.74   1374.65
 1325.83   1289.74
 1482.62   1411.35
 1340.02   1335.48
 1453.57   1436.67
       em4        
 KB/s in  KB/s out
 1382.01   1423.37
 1228.93   1231.02
 1234.37   1206.40
 1292.72   1302.40
 1405.90   1355.44
 1197.22   1210.53
 1377.62   1356.49
 1142.41   1200.45
 1316.31   1297.09
 1284.03   1252.51
 1137.42   1189.93
 1497.00   1410.10
 1299.29   1305.98
 1482.05   1427.66
 1359.95   1412.76
 1353.24   1347.08
 1400.99   1334.00
 1325.60   1305.69
 1459.30   1426.40
 1169.57   1163.99
 1387.13   1357.61
 1179.95   1243.98
       em4        
 KB/s in  KB/s out
 1172.97   1136.12
 1211.10   1238.81
 1194.26   1180.96
 1368.01   1357.54
 1316.52   1291.60
 1411.60   1383.40
 1443.59   1480.69
 1266.32   1232.51
 1124.92   1119.14
 1511.38   1479.26
 1356.31   1352.56
 1263.67   1241.07
 1384.30   1343.25
 1172.42   1253.42
 1280.39   1240.08
 1313.79   1292.07
 1270.60   1235.63
 1351.91   1334.12
 1032.06   1026.27
 1241.80   1231.20
 1335.40   1366.83
 1264.58   1297.49
       em4        
 KB/s in  KB/s out
 1371.81   1321.64
 1184.79   1195.64
 1403.79   1379.50
 1241.21   1212.24
 1401.38   1354.51
 1255.00   1317.44
 1270.14   1292.01
 1326.97   1276.71
 1104.80   1150.18
 1380.25   1296.33
 1167.56   1214.22
 1408.85   1368.38
 1228.81   1290.93
 1436.25   1403.17
 1500.84   1448.26
 1206.24   1226.68
 1387.77   1347.33
 1226.88   1216.10
 1259.53   1230.72
 1209.97   1281.62
 1350.05   1335.44
 1381.55   1361.47
       em4        
 KB/s in  KB/s out
 1365.80   1329.74
 1367.60   1344.55
 1200.09   1183.77
 1110.79   1105.02
 1258.63   1297.70
 1398.38   1351.02
 1232.95   1259.48
 1328.46   1292.65
 1348.04   1338.98
 1301.08   1298.29
 1387.68   1333.06
 1073.85   1109.62
 1276.73   1297.93
 1200.03   1208.60
 1233.23   1184.77
 1010.30   1057.80
  359.00    561.81
  201.66    281.79
  232.96    365.95
  200.27    311.12
  213.69    295.11
  143.94    195.58
       em4        
 KB/s in  KB/s out
  163.05    240.71
  202.65    274.33
  178.05    198.37
  168.72    259.38
  153.78    184.33
  218.48    204.50
   88.51    249.04
   70.99    148.70
   61.71    147.15
   46.09     85.52
   22.71    103.28
   13.88      2.79
   16.47      6.89
    9.76      6.24
    0.12      0.00
    0.45      0.00
    0.37      4.31
    0.19      0.14
    0.89      2.82
   78.56    215.71
 1549.64   1690.74
 2203.65   2006.37
       em4        
 KB/s in  KB/s out
 2392.48   2161.19
 2556.56   2245.78
 2127.15   1910.38
 2271.53   2066.46
 1712.96   1656.19
 1804.00   1730.21
 2017.36   1849.61
 2114.66   1886.91
 2205.94   1994.84
 2125.13   1947.66
 2119.20   1944.20
 1783.55   1692.16
 1522.41   1494.42
 1321.25   1291.01
 1402.49   1463.61
 1481.45   1617.19
 1402.56   1427.29
 1611.58   1586.49
 2018.72   1792.41
 1891.78   1664.08
 1478.19   1423.23
 1430.20   1381.96
       em4        
 KB/s in  KB/s out
 1408.99   1335.00
 1157.68   1209.70
 1267.61   1347.82
 1260.14   1341.37
 1198.04   1304.77
 1313.08   1364.48
 1409.45   1401.40
 1457.22   1389.86
 1581.45   1536.80
 1605.31   1470.06
 1492.80   1397.90
 1409.20   1369.31
 1439.19   1375.30
 1228.97   1240.66
 1267.80   1309.57
 1207.24   1243.66
 1308.71   1355.31
 1224.93   1239.65
 1340.92   1328.50
 1466.73   1472.21
 1378.72   1345.02
 1529.34   1453.51
       em4        
 KB/s in  KB/s out
 1606.12   1530.15
 1469.88   1409.31
 1462.95   1433.75
 1346.55   1377.56
 1275.34   1270.15
 1330.96   1346.47
 1331.90   1328.59
 1384.35   1366.55
 1508.57   1447.82
 1472.84   1452.34
 1374.27   1316.19
 1423.63   1396.14
 1138.55   1133.25
 1286.85   1320.62
 1346.53   1340.22
 1246.61   1257.22
 1523.35   1498.44
 1446.67   1405.73
 1342.58   1300.52
 1407.65   1387.29
 1359.61   1344.86
 1488.06   1461.02
       em4        
 KB/s in  KB/s out
 1311.17   1307.58
 1347.91   1339.99
 1289.99   1299.35
 1342.09   1335.66
 1337.28   1318.88
 1438.25   1439.28
 1287.54   1228.17
 1413.56   1368.89
 1322.51   1310.61
 1279.36   1273.89
 1310.25   1316.22
 1169.53   1177.18
 1366.58   1380.04
 1154.80   1149.37
 1318.02   1315.71
 1367.43   1316.51
 1559.71   1537.76
 1431.09   1409.37
 1443.70   1406.29
 1330.83   1278.39
 1506.51   1488.76
 1330.89   1290.39
       em4        
 KB/s in  KB/s out
 1249.22   1276.37
 1188.53   1167.75
 1339.14   1334.52
 1283.43   1244.69
 1127.31   1118.34
 1390.64   1346.64
 1474.71   1500.61
 1177.80   1197.91
 1264.01   1286.19
 1326.75   1274.63
 1311.56   1320.45
 1164.11   1143.38
 1216.32   1205.52
 1291.40   1303.66
 1310.09   1273.68
 1381.44   1350.99
 1363.20   1328.39
 1353.49   1352.71
 1250.73   1238.72
 1324.04   1348.46
 1235.96   1190.67
 1215.88   1234.30
       em4        
 KB/s in  KB/s out
 1360.79   1326.00
 1251.20   1240.72
 1537.95   1484.39
 1206.71   1228.21
 1307.25   1311.05
 1364.14   1344.72
 1253.57   1249.77
 1305.89   1295.74
 1161.61   1148.30
 1430.34   1413.26
 1269.76   1299.16
 1329.99   1307.57
 1408.55   1367.89
 1289.70   1275.55
 1396.23   1372.76
 1372.17   1320.22
 1273.54   1268.87
 1429.31   1420.21
 1357.91   1334.24
 1249.02   1254.88
 1450.17   1405.96
 1338.05   1306.13
       em4        
 KB/s in  KB/s out
 1195.32   1169.66
 1319.94   1352.92
 1199.83   1199.33
 1372.06   1326.97
 1354.75   1342.28
 1285.61   1269.64
 1342.97   1326.66
 1348.57   1330.69
 1359.03   1387.53
 1427.74   1383.43
 1330.14   1287.88
 1297.20   1317.48
 1375.30   1330.32
 1160.06   1133.04
 1316.55   1327.16
 1371.45   1399.34
 1295.15   1308.27
 1057.37   1029.91
 1527.56   1510.38
 1277.56   1236.43
 1435.88   1379.33
 1559.06   1582.52
       em4        
 KB/s in  KB/s out
 1385.73   1358.07
 1354.79   1303.55
 1358.50   1376.56
 1299.37   1292.43
 1285.85   1324.57
 1237.51   1290.23
 1302.28   1252.47
 1295.08   1258.96
 1449.34   1370.47
 1409.89   1390.88
 1284.48   1290.43
 1277.99   1322.90
 1338.98   1327.81
 1290.03   1272.49
 1443.06   1427.50
 1339.36   1329.68
 1344.22   1321.05
 1555.04   1464.61
 1420.59   1403.16
 1369.28   1395.45
 1454.50   1438.30
 1378.63   1362.45
       em4        
 KB/s in  KB/s out
 1384.27   1374.19
 1325.64   1344.31
 1239.24   1257.97
 1276.18   1309.35
 1317.12   1249.54
 1459.50   1402.97
 1315.86   1318.29
 1366.90   1353.54
 1470.55   1450.42
 1394.38   1372.81
 1446.55   1448.31
 1429.06   1386.03
 1371.71   1402.38
 1357.58   1333.67
 1351.34   1295.96
 1167.57   1127.72
 1323.94   1385.78
 1361.81   1367.51
 1388.69   1333.82
 1277.91   1228.07
 1339.37   1331.91
 1257.62   1244.57
       em4        
 KB/s in  KB/s out
 1096.69   1131.30
 1347.37   1416.07
 1352.15   1305.76
 1347.13   1320.93
 1338.62   1321.38
 1387.16   1382.11
 1085.45   1167.35
 1310.92   1284.69
 1278.78   1285.69
 1186.99   1170.53
 1432.23   1418.09
 1483.03   1470.44
 1347.00   1271.85
 1550.93   1611.92
 1434.60   1377.49
 1216.32   1204.65
 1198.96   1176.76
 1405.39   1379.09
 1191.79   1159.23
 1389.52   1362.45
 1260.50   1316.07
 1238.07   1197.32
       em4        
 KB/s in  KB/s out
 1415.16   1416.03
 1332.88   1331.81
 1434.23   1386.97
 1428.17   1387.93
 1339.91   1403.25
 1342.57   1325.22
 1316.68   1287.83
 1280.99   1297.18
 1203.98   1187.72
 1350.53   1329.13
 1409.79   1397.71
 1496.86   1479.20
 1297.07   1232.78
 1453.51   1420.11
 1257.89   1282.61
 1378.20   1379.87
 1314.81   1383.56
 1108.19   1128.66
 1274.30   1231.92
 1571.05   1530.08
 1298.81   1269.68
 1347.18   1316.28
       em4        
 KB/s in  KB/s out
 1367.88   1330.44
 1103.56   1184.15
 1255.51   1238.81
 1142.02   1164.03
 1370.33   1383.35
 1359.10   1360.08
 1402.76   1372.99
 1435.11   1387.36
 1225.45   1280.90
 1519.43   1489.54
 1544.36   1519.84
 1361.88   1320.26
 1238.68   1228.82
 1309.80   1296.12
 1288.06   1265.51
 1431.25   1446.16
 1304.91   1321.67
 1280.92   1215.94
 1537.36   1537.83
 1261.78   1218.43
 1429.78   1440.49
 1178.03   1159.48
       em4        
 KB/s in  KB/s out
 1336.51   1327.47
 1452.17   1552.61
 1508.89   1480.44
 1372.83   1330.71
 1616.62   1535.65
 1607.13   1599.96
 1236.85   1224.51
 1294.38   1289.26
 1284.81   1371.85
 1266.17   1263.27
 1478.39   1433.81
 1338.68   1366.29
 1276.82   1239.12
 1576.74   1522.43
 1367.61   1308.87
 1504.07   1542.88
 1277.55   1260.11
 1171.02   1207.72
 1221.80   1202.11
 1374.13   1359.89
 1347.23   1335.71
 1424.72   1394.46
       em4        
 KB/s in  KB/s out
 1406.09   1366.90
 1462.14   1544.86
 1195.56   1171.66
 1239.28   1223.10
 1251.28   1264.43
 1237.91   1224.53
 1448.84   1406.84
 1129.22   1123.94
 1340.67   1424.76
 1265.80   1225.33
 1412.22   1406.20
 1397.50   1368.23
 1218.59   1211.96
 1110.75   1117.19
 1093.00   1109.08
  753.16    934.99
  894.86   1000.62
  648.95    830.23
  467.89    787.66
  400.60    679.68
  266.96    397.56
  172.05    314.88
       em4        
 KB/s in  KB/s out
  156.57    220.21
  221.44    288.01
  204.74    279.41
  166.34    244.52
  195.13    255.19
  181.29    246.33
  113.88    303.22
   71.74     82.86
   38.35     12.83
   30.50     13.96
   16.25      4.58
   13.19      3.06
    3.33     81.72
    4.18     16.44
    0.45      0.00
    0.12      0.00
    0.12      0.00
    0.19      0.14
   12.80    489.66
    4.39     39.68
    0.33      0.00
    0.00      0.00
       em4        
 KB/s in  KB/s out
    0.00      0.00
    0.19      0.05
    0.12      0.00
    0.45      0.00
    0.12      0.00
    0.19      0.14
    0.25      0.13
    0.18      0.06
    0.12      0.00
    0.12      0.00
    0.12      0.00
