       p2p2       
 KB/s in  KB/s out
 1045.96   1070.47
  758.46    732.23
  824.13    820.06
  999.34    949.45
  842.22    808.28
  907.55    816.42
  865.79    821.30
  759.93    702.24
  901.08    946.46
 1001.46    958.31
  899.91    815.45
  800.78    700.50
  796.60    810.33
  931.00    904.96
  883.78    833.13
  776.95    666.75
  963.31    928.54
  810.58    815.40
  818.60    832.90
  935.84    935.65
  809.47    724.13
  929.05    793.82
       p2p2       
 KB/s in  KB/s out
  782.81    744.43
  909.41    986.41
  706.40    646.77
  761.84    800.07
  857.24    892.96
  713.32    901.23
  897.20    842.44
  881.92    942.71
  986.13   1014.30
  694.83    747.91
  686.61    819.86
  764.67    787.44
  958.41    918.85
  961.72    951.31
  766.60    933.29
  677.19    693.97
  806.73    897.29
  700.56    829.61
  885.92    841.20
 1028.38    969.15
  752.67    891.47
  825.33    964.88
       p2p2       
 KB/s in  KB/s out
  959.22    962.10
 1088.20   1039.68
  886.16    832.71
  960.32    873.35
  673.99    604.05
  903.16    935.33
  909.28    801.33
 1055.88    947.86
  837.89    785.56
  765.10    662.52
  967.61    847.22
  895.17    716.30
 1043.75    871.41
  704.76    691.00
  917.85    798.94
  842.55    649.03
 1039.00    893.10
  917.12    809.04
  759.21    751.61
  883.94    852.95
  895.64    902.61
 1047.39    932.39
       p2p2       
 KB/s in  KB/s out
 1106.18   1086.65
  793.48    778.58
  795.53    700.97
  624.90    680.08
 1282.22   1204.07
  913.27    825.07
  822.15    876.55
  797.27    751.78
 1028.55    953.84
  990.03    830.45
  875.34    821.82
  973.92    909.32
  763.54    772.01
  913.07    921.28
  878.89    773.38
  937.46    827.25
  896.32    830.75
  997.58    932.97
  799.27    687.32
  963.10    821.18
  801.94    719.09
  838.65    817.97
       p2p2       
 KB/s in  KB/s out
  836.77    738.74
  659.31    709.19
  986.40    939.37
  982.07    859.57
 1026.25    989.33
  696.19    599.83
  927.28    892.81
  861.75    725.41
  844.95    814.67
  868.34    791.30
  763.20    814.07
 1037.11    965.69
  942.72    862.13
  756.58    716.63
  916.84    883.14
  930.67    837.81
  923.55    823.66
  896.04    763.91
  841.90    764.93
  965.75    873.61
  814.51    820.01
 1012.80    999.89
       p2p2       
 KB/s in  KB/s out
  786.09    678.76
  820.97    726.87
  946.95    897.87
  646.47    572.14
 1103.54   1004.87
  995.40    851.32
  659.96    606.92
  895.07    829.97
  786.64    765.71
  803.17    845.32
  901.86    803.00
  808.52    688.12
  918.05    855.65
  722.92    636.56
  866.66    859.77
 1110.66   1059.87
  763.74    839.26
  900.39    961.66
  985.22   1017.46
  954.30    953.47
  904.94    833.47
  952.17    950.03
       p2p2       
 KB/s in  KB/s out
 1196.19   1197.73
 1066.59   1068.92
 1140.38   1149.07
 1165.23   1177.86
  851.76    875.50
 1094.04   1113.04
 1009.32   1022.48
 1004.24    968.88
 1064.11    991.16
  914.55    882.13
  901.17    866.82
 1011.42   1072.00
  982.33   1056.05
 1219.53   1191.28
  902.88    834.61
  970.11   1011.47
  859.12    896.75
  886.83    878.19
  922.93    919.09
  979.22   1000.45
  971.56    930.77
  846.07    841.29
       p2p2       
 KB/s in  KB/s out
  859.66    957.59
 1089.48   1107.58
 1142.76   1126.41
  941.23    955.09
  883.52    914.95
  991.06    941.80
 1345.95   1278.41
 1078.76   1045.39
  914.68    946.68
  847.00    938.59
 1109.16   1063.24
  933.16    883.88
 1111.80   1094.22
 1062.73   1089.15
 1104.56   1064.27
 1124.48   1089.64
 1013.78    920.57
  962.87    925.61
  920.62    940.96
  977.77   1071.51
  828.95    842.48
 1009.78    948.50
       p2p2       
 KB/s in  KB/s out
  972.73    914.81
  789.57    837.35
 1052.60   1089.31
  899.90    883.76
  869.69    871.33
 1117.90   1119.83
  893.10    935.16
  862.81    870.53
  849.71    762.84
  977.98    779.65
  933.74    775.62
  840.49    839.31
  999.88   1144.19
  917.58   1025.29
  926.23    953.54
 1120.09   1158.04
 1161.66   1207.26
  858.08    950.84
  970.32   1055.01
 1390.11   1363.81
 1014.79   1081.53
  900.47    966.41
       p2p2       
 KB/s in  KB/s out
 1116.87   1254.82
 1020.16   1078.23
 1120.76   1134.99
 1241.80   1212.16
 1061.78   1138.89
 1126.29   1144.02
 1155.95   1214.77
 1054.42   1047.15
  993.26   1039.32
  765.44    913.52
  889.55   1021.69
 1029.08   1101.61
 1033.87   1104.17
 1138.16   1233.27
 1184.25   1208.50
 1084.10   1111.76
 1006.54   1128.04
  823.78    829.73
  978.80   1020.51
 1100.11   1167.19
 1180.61   1226.84
 1048.33   1134.40
       p2p2       
 KB/s in  KB/s out
  876.26    950.40
  811.07    922.34
 1100.14   1169.78
 1082.36   1187.00
  916.35    995.91
 1027.61   1060.29
  854.69    894.03
 1181.00   1281.11
 1097.76   1180.05
  949.66   1041.96
 1117.10   1144.64
 1024.54   1097.13
  883.16   1016.23
  854.93    931.11
 1037.63   1133.47
 1173.41   1181.27
  988.32   1027.22
  987.89   1084.78
  963.94    981.17
  851.77    920.70
 1033.95   1055.75
 1012.19   1152.84
       p2p2       
 KB/s in  KB/s out
  961.44   1111.43
  811.19    879.38
 1073.44   1149.41
 1062.59   1131.26
  926.79    948.95
  784.96    689.52
  888.31    790.75
  803.03    655.12
 1204.43   1157.53
 1206.35   1258.95
  959.39   1026.42
 1091.14   1106.07
 1148.35   1188.98
 1058.75   1029.86
  801.54    981.30
 1089.79   1178.67
 1239.56   1216.71
 1229.70   1192.63
 1126.52   1115.22
 1104.30   1151.89
  971.06   1050.45
  970.22   1035.97
       p2p2       
 KB/s in  KB/s out
  854.55    993.52
  900.80    955.38
 1046.19   1131.02
  969.55   1063.86
 1000.91   1096.16
  826.11    935.13
 1045.84   1115.00
  838.03    979.85
  932.85   1094.92
  832.54    974.16
  949.91   1005.86
 1138.75   1134.48
 1135.86   1223.89
  853.38    935.54
  908.67   1008.47
 1068.64   1129.98
  999.13   1079.34
  989.24   1107.19
  975.19   1148.17
  911.50   1065.13
  787.41    887.89
 1125.59   1224.23
       p2p2       
 KB/s in  KB/s out
 1075.21   1177.63
 1035.13   1121.85
 1013.52   1148.91
  901.52   1026.74
 1196.65   1248.46
 1017.01   1098.44
  965.42   1161.98
  673.65    792.72
 1023.95   1123.10
 1160.36   1207.31
 1016.27   1132.49
  945.48   1096.64
  819.75    966.62
  888.69   1021.12
  954.05   1010.88
 1122.17   1230.94
  955.19   1061.58
  745.05    894.99
  768.72    878.72
 1123.32   1201.86
  850.63    946.62
  924.51   1062.05
       p2p2       
 KB/s in  KB/s out
 1014.61   1085.07
  993.47   1064.38
  990.69    869.93
  777.33    699.64
  665.96    652.25
 1170.35   1110.34
 1026.00   1086.04
 1122.52   1226.61
  925.38   1018.28
  873.37    929.76
  914.78    992.83
  969.66   1049.66
 1292.78   1382.06
  834.56    923.14
 1019.51   1154.44
  988.81   1081.70
 1027.39   1108.20
 1181.33   1218.87
  876.66    963.24
  745.21    811.48
 1035.15   1121.19
 1013.27   1086.43
       p2p2       
 KB/s in  KB/s out
  984.98   1123.09
 1027.59   1122.99
 1019.63   1175.79
  817.67    916.10
  981.15   1042.34
  956.99    967.39
  845.66    915.68
 1013.34   1098.56
 1222.53   1339.47
  993.29   1098.49
  890.52   1067.93
 1113.86   1164.87
  944.30   1063.30
 1147.40   1224.33
 1127.45   1248.19
 1038.78   1044.16
 1019.54   1158.58
 1150.14   1319.56
  792.29    934.70
  871.63    986.78
 1222.94   1303.09
 1227.90   1257.91
       p2p2       
 KB/s in  KB/s out
 1055.97   1142.44
  834.56    917.21
  933.90   1035.17
 1092.28   1128.27
  979.47   1119.07
  870.90    981.15
  762.24    917.40
  963.24   1137.92
 1064.48   1149.22
 1143.96   1257.45
  805.26    946.57
  908.73   1017.32
  803.99    906.63
  884.03    947.80
  981.04   1100.60
  858.91   1011.12
 1034.82   1139.94
  890.57   1052.18
  818.92    913.83
 1098.04   1241.71
  846.63    962.43
  749.86    774.44
       p2p2       
 KB/s in  KB/s out
  645.15    581.56
  889.52    792.19
  660.85    610.31
  893.52    869.70
  706.14    616.18
  791.20    747.63
  706.49    640.57
  645.33    585.12
  905.56    988.75
  804.98   1276.68
  682.12    788.23
  965.29    892.77
  694.52    749.39
  612.78    779.78
  688.73    758.61
  827.19   1044.18
  763.93    880.48
  679.82    951.61
  612.90    744.04
  739.18   1070.46
  888.31   1040.72
  757.43   1031.04
       p2p2       
 KB/s in  KB/s out
  778.42   1151.46
  898.29   1116.11
  564.19    706.58
  657.06    589.77
 1002.71    932.44
  859.98   1288.63
  492.73    497.95
  742.79   1040.38
  545.14    626.14
  759.11   1065.02
  678.16   1103.84
  646.14    806.23
  576.19    692.00
  564.97    868.54
  740.83    828.77
  712.02   1009.53
  642.86    737.83
  752.46   1037.94
  676.73    905.34
  643.34    730.85
  587.80    884.28
  698.12    970.92
       p2p2       
 KB/s in  KB/s out
  653.19    867.66
  714.54    962.87
  987.58   1251.29
  588.07   1041.31
  621.29    784.79
  707.43   1002.78
  799.58    887.43
  591.47    818.82
  720.46   1042.40
  691.35    926.32
  595.77    849.31
  506.04    735.61
  797.09   1158.31
  760.59    780.98
  694.30    792.16
  583.49    734.73
  811.06   1102.79
  743.92   1039.69
  593.64    955.42
  484.07    698.08
  688.77    899.36
  821.31    930.97
       p2p2       
 KB/s in  KB/s out
  714.55    851.47
  662.44    784.66
  584.51    554.64
  635.09    596.19
  629.18   1774.70
  728.42   2147.90
  726.25   2040.13
  640.09   1662.12
  707.07   1795.21
  578.25   1572.18
  698.11   1451.58
  568.21   1454.50
  803.58   1758.83
  592.04   1752.52
  691.34   1710.81
  534.30   1491.61
  879.87   1792.97
  736.61   1701.19
  656.61   1743.72
  454.69   1218.46
  847.06   1732.85
  818.88   2050.56
       p2p2       
 KB/s in  KB/s out
  896.21   1395.91
  605.61   1553.68
  767.12   1782.95
  332.17   1219.77
  684.24   1704.35
  847.38   1917.67
  774.10   1609.81
  902.16   1846.14
  602.16   1815.94
  775.89   2228.84
  718.70   1530.89
  736.53   1896.32
  852.97   1741.94
  507.07   1518.36
  790.26   1849.18
  599.22   2159.75
  992.64   2023.65
  593.68   1696.69
  677.20   1973.79
  747.23   1941.25
  766.58   1825.77
  717.54   1415.74
       p2p2       
 KB/s in  KB/s out
  798.59   1696.48
  716.75   1593.88
  675.63   1967.42
  554.90   1523.97
  753.96   1658.94
  613.21   1642.32
  750.29   1602.01
  746.77   1719.60
  590.13   1200.62
  800.82   1897.41
  670.36   1817.65
  703.63   1720.18
  628.63   1592.20
  705.40   1664.49
  785.65   1773.26
  921.14   2150.74
  666.27   1777.97
  503.30   1130.67
  676.02   1696.38
  798.53   1754.74
  509.63    478.14
  635.74    613.74
       p2p2       
 KB/s in  KB/s out
  843.06   1212.53
  715.96   4053.49
 1117.86   5269.43
  740.99   4907.69
  790.95   4516.67
  633.78   3585.39
  750.78   5125.49
  983.02   5526.65
  821.30   4521.36
  789.43   4731.84
  791.69   5066.10
  796.77   5067.45
  864.64   4145.75
  963.62   5471.03
  837.90   5684.01
  650.03   4070.03
 1007.06   5053.32
  752.55   5811.23
  824.33   5630.00
  714.48   5578.35
  719.28   4998.62
  722.16   4339.92
       p2p2       
 KB/s in  KB/s out
  913.21   4466.16
  900.70   5714.19
  857.97   5191.21
  827.41   4874.33
  712.05   5109.76
 1036.16   4877.37
 1073.96   4757.44
  832.30   4235.99
  855.96   4738.57
  864.87   4547.22
  648.68   4394.38
  752.61   4502.32
  940.10   3904.14
  874.86   4122.65
  852.43   5484.00
  651.56   4995.93
  873.94   4689.49
  869.36   5389.06
  708.99   4679.69
  833.70   4394.85
  917.56   5061.96
  959.54   4388.46
       p2p2       
 KB/s in  KB/s out
  711.47   4978.03
  643.36   5307.99
  879.35   4419.03
  866.64   3952.79
  852.09   4989.05
  600.58   5335.03
  896.76   4003.99
  804.20   4308.09
  945.38   5156.17
 1025.99   5170.65
  806.64   4509.30
  714.17   4262.32
  881.79   4619.83
  720.31   4214.26
  773.95   4713.32
  760.71   4712.78
  814.15   3645.00
  869.23    850.20
  645.45    617.46
  931.01   1613.99
  685.92   8145.48
 1129.02   8616.09
       p2p2       
 KB/s in  KB/s out
  773.31   5722.54
  995.50   6026.14
  946.71   6677.01
  755.46   6700.29
  795.32   7384.83
  791.91   8121.95
  900.91   7097.00
  845.15   7439.10
  836.97   7299.86
  881.36   6570.94
  855.72   6518.38
  698.66   6471.96
  822.03   7738.47
  842.92   7205.55
  719.09   6275.74
  978.50   7855.61
 1097.89   7227.08
  762.54   7032.55
  774.24   7673.85
  806.88   7348.61
  993.23   7101.22
  798.22   7016.90
       p2p2       
 KB/s in  KB/s out
  672.49   5942.25
  952.11   7501.93
  966.46   8095.63
 1084.94   6424.91
  857.05   6793.58
  874.69   6805.99
  770.39   6383.83
  825.21   7453.35
  826.03   7177.16
  976.13   6775.36
  738.61   6748.32
  917.49   6571.41
  959.22   7836.48
  918.02   6926.95
  817.54   6785.53
  760.13   6428.61
  720.03   6732.15
  970.85   7246.98
  832.30   6915.19
 1121.00   8065.71
  968.31   8285.61
  859.35   6715.18
       p2p2       
 KB/s in  KB/s out
  855.66   8657.75
 1063.24   7465.33
  906.50   6709.05
  981.22   6830.14
 1080.97   8100.06
  894.73   7010.39
  823.96   6931.51
  762.09   7362.38
  832.88   7307.81
 1121.12   7263.57
 1046.85   8051.16
  928.44   8321.97
  765.93   7051.33
  874.18   5799.01
  643.90    621.69
  719.11    699.17
  885.39   1545.69
  895.28   7833.52
  884.01   8424.94
  911.24   7954.29
  879.90   6631.96
  903.59   8694.35
       p2p2       
 KB/s in  KB/s out
  725.52   8458.53
 1096.97   8101.38
 1008.76   7905.25
  691.63   8302.91
 1141.54   8219.62
  917.41   6653.07
  933.63   8868.22
  886.29   8821.91
  807.59   8401.41
 1149.05   7422.35
  816.02   6764.21
  987.87   9211.95
  969.74   7286.65
  731.07   7474.25
  859.30   7510.62
 1130.29   8279.85
  841.45   7717.46
  932.97   8992.22
 1117.52   8118.61
  789.84   7531.06
  922.72   9199.07
  981.48   8190.93
       p2p2       
 KB/s in  KB/s out
  948.49   7537.21
  688.28   7149.62
  908.38   7070.32
 1175.90   7282.22
 1045.24   7896.82
  712.39   9096.39
  815.70   7986.88
  827.82   7288.29
 1085.11   7912.67
 1126.83   5885.33
  805.82   8524.19
 1014.85   9142.53
  836.29   7166.55
  869.54   7275.78
 1087.90   7166.52
  957.95   7927.20
  879.25   7943.36
  782.98   7199.00
  966.65   8373.75
  812.16   8005.60
  954.99   8064.38
  894.88   8035.05
       p2p2       
 KB/s in  KB/s out
  994.78   8076.67
  825.38   8711.39
 1066.74   7017.16
  798.53   7460.99
  861.35   7466.72
  985.47   8238.69
  896.70   7897.11
  803.74   8932.64
  960.38   7368.43
  887.34   8626.60
  760.40   5943.49
  714.78    689.12
  511.09    502.76
  765.47    776.67
  909.69   7911.56
  781.63   8059.31
 1176.47   8590.91
  841.25   7513.93
  823.30   8143.18
  808.75   8357.09
  893.56   8974.61
  898.35   8084.94
       p2p2       
 KB/s in  KB/s out
  893.67   7836.07
  933.41   8136.92
 1036.84   8494.46
  967.55   7460.11
  755.41   7479.02
  947.49   8915.01
  879.60   8574.27
 1000.73   8720.43
  854.21   8071.90
 1011.57   9976.20
  868.82   6698.43
 1003.24   9088.95
  914.30   8052.82
  832.62   8604.38
  974.13   8146.50
 1006.25   7550.28
 1047.89   8637.48
  928.24   8058.39
  772.54   8323.14
 1077.36   9412.62
  925.02   8909.83
  845.50   8314.71
       p2p2       
 KB/s in  KB/s out
  959.48   8946.54
 1053.95   8772.91
  836.56   8575.70
  922.85   7799.88
  950.50   8277.95
  845.81   8177.59
  856.94   8127.39
  953.26   8299.26
  817.61   8280.77
  997.35   7807.64
  969.31   8702.45
  792.54   8095.77
  906.20   8906.64
 1034.64   8378.39
  913.05   8033.11
  812.96   8165.60
  902.22   7967.46
  778.20   7528.37
  794.86   7595.27
  992.38   8500.99
  911.89   7002.65
  956.99   9369.97
       p2p2       
 KB/s in  KB/s out
  812.40   7940.58
  890.17   6945.26
 1056.12   8209.86
  870.38   8431.85
  766.50   7906.30
  993.56   7181.46
  972.55   8971.44
  918.24   9845.87
  577.97    559.29
  864.79    852.94
  705.30    664.13
  448.86   2986.31
  801.74   3335.68
  667.50   2718.62
  698.59   4275.81
  530.96   3682.56
  698.89   3268.20
  967.50   8739.97
  660.53   3744.64
  560.39   3681.67
  987.34   4573.44
  584.93   5228.85
       p2p2       
 KB/s in  KB/s out
  630.09   3759.92
  701.78   4344.21
  709.19   3830.76
  851.34   6015.66
  797.60   3351.15
  458.83   4592.24
  553.77   5757.80
  912.95   5520.61
  751.46   7056.75
  672.82   5829.05
  543.49   6257.43
  696.48   6933.45
  639.21   6822.28
  740.50   9066.22
  666.51   6353.48
  756.89   4897.59
  678.86   7944.83
  652.73   7408.74
  948.87   9337.10
  527.10   9032.47
  760.25   7487.03
  690.25   7512.47
       p2p2       
 KB/s in  KB/s out
  692.09   8539.24
  785.67   4397.95
  852.93   7108.82
  835.41   7003.53
  412.92   7671.97
  822.78   5443.99
  862.79   6661.85
  670.51   4209.67
  582.26   7364.38
  784.39   5982.96
  765.70   9116.97
  719.14   5399.60
  719.98   5857.00
  721.40   6452.86
  568.20   5690.95
  738.75  10018.17
  688.54   6402.34
  664.34   7489.10
  634.01   4765.75
  656.73   5795.05
  767.67   9074.23
  590.51   4719.07
       p2p2       
 KB/s in  KB/s out
 1053.87   7273.70
  521.18   5712.74
  569.03   4226.20
  758.74   6944.02
  741.11   4850.09
  658.03    646.95
  748.52    709.98
  743.14  12088.77
  803.67  30046.97
  782.57  28929.78
  933.46  28616.92
  947.11  26533.42
  821.64  24254.34
  766.46  25708.69
  569.06  25066.68
  854.91  24285.68
 1081.22  30812.50
  964.06  24393.11
  678.06  25197.13
  738.81  23564.73
  786.62  26779.03
  868.26  26925.61
       p2p2       
 KB/s in  KB/s out
  958.21  25444.58
  974.91  22331.85
  817.35  23805.10
  883.31  31539.17
  762.11  26770.49
  807.55  24841.65
  803.38  24621.60
  873.41  32105.79
  859.62  24901.95
  998.71  25368.56
  871.78  29477.31
  708.93  28293.07
  809.34  28460.67
  962.39  24431.58
 1046.14  24456.91
  705.04  26255.08
  765.60  24723.93
  945.25  22919.36
  978.56  24448.23
  833.84  23063.84
  971.83  24573.49
  891.41  31664.76
       p2p2       
 KB/s in  KB/s out
 1024.40  25430.39
  874.46  24718.52
  946.24  21427.34
 1039.77  29233.82
  772.78  29415.00
 1077.71  23539.28
 1058.44  24542.37
  788.89  24263.17
  794.57  21574.21
  943.31  24508.81
 1001.29  22373.02
 1022.47  26987.56
  795.74  26754.41
  779.62  27853.37
 1123.34  24398.45
  912.18  20610.09
  985.74  25390.32
  868.44  29514.17
  888.27  20736.96
  802.84  31449.16
  766.25  24654.82
 1035.31  27637.18
       p2p2       
 KB/s in  KB/s out
  939.83  22603.13
  871.16  10747.26
  894.50    793.18
  752.44    636.91
  911.67  45315.26
 1232.96  81498.32
 1120.56  77608.77
 1276.86  73989.35
 1304.50  74365.43
 1225.81  70669.43
 1089.50  78520.01
 1221.58  68578.60
 1266.81  64281.66
 1339.44  75482.80
 1357.89  70192.31
 1114.98  72363.20
 1187.07  76763.70
 1100.50  65242.46
 1387.82  72301.86
 1116.38  84704.72
 1189.44  65445.70
 1317.80  73855.50
       p2p2       
 KB/s in  KB/s out
  933.29  65665.04
 1220.20  69576.67
 1280.89  75909.92
 1120.71  70399.91
 1236.59  83287.64
 1289.40  68270.34
 1193.62  75588.45
 1317.46  80610.51
 1302.89  65793.36
 1119.65  64199.00
 1077.29  65248.06
 1461.64  65686.93
 1497.41  68998.26
 1120.10  76909.21
 1158.65  77387.57
 1459.85  66661.62
 1267.67  74890.68
 1459.31  71311.87
 1405.48  67710.41
 1057.66  72806.05
 1507.87  68362.06
 1312.11  70003.01
       p2p2       
 KB/s in  KB/s out
 1531.52  69233.40
 1238.79  69044.99
 1240.27  78664.30
 1333.86  65963.43
 1234.27  76053.90
 1393.37  78010.85
 1200.36  71568.17
 1276.48  65130.58
 1484.15  70904.60
 1216.99  66464.37
 1329.10  65007.16
 1143.83  70980.96
  984.21  69254.77
 1215.34  73965.14
 1188.88  75051.21
 1562.66  75833.17
 1252.37  72797.78
 1216.66  74401.90
 1127.89  70088.05
 1565.62  75397.87
 1088.05  17547.77
  948.42    841.35
       p2p2       
 KB/s in  KB/s out
  827.50    704.45
 1219.22  52910.54
 1381.35  76877.52
 1524.17  76022.81
 1233.33  76430.94
 1151.71  79941.61
 1465.89  87267.22
 1327.65  77409.48
 1590.24  85000.12
 1332.48  80621.71
 1249.74  79645.31
 1183.06  92380.77
 1396.85  80019.36
 1336.55  85301.58
 1147.28  80145.64
 1269.93  72290.04
 1304.32  71097.87
 1276.00  83011.76
 1030.98  72899.21
 1337.88  71645.49
 1089.07  70861.50
 1305.68  75659.01
       p2p2       
 KB/s in  KB/s out
 1241.53  67722.64
 1264.22  75464.22
 1215.33  74205.81
 1114.09  74758.07
 1325.61  76137.57
 1447.01  90509.12
 1519.24  71916.77
 1331.90  74662.50
 1061.71  72311.40
 1505.23  72834.25
 1367.60  72232.82
 1387.59  72005.56
 1364.97  72934.79
 1086.30  82195.01
 1234.98  81267.29
 1362.55  79241.08
 1297.61  69425.59
 1464.33  77396.43
 1319.60  67010.25
 1210.04  68983.40
 1418.94  72121.59
 1154.99  72694.95
       p2p2       
 KB/s in  KB/s out
 1137.81  89933.61
 1382.11  80049.67
 1220.32  69940.75
 1270.25  74947.74
 1070.64  77842.55
 1279.83  79721.15
 1025.15  85600.06
 1320.09  78492.33
  980.74  76895.08
 1236.70  83619.96
 1276.26  76445.11
  994.41  84460.13
 1095.80  81116.92
 1358.92  87297.20
 1009.45  80727.96
 1154.32  79539.34
 1012.39  89690.36
  784.38  12768.80
  647.48    588.76
  686.00    638.74
 1085.45  57419.95
 1313.62  82905.34
       p2p2       
 KB/s in  KB/s out
 1109.69  72206.51
 1118.91  70066.96
 1060.86  76212.93
 1177.18  72299.47
  985.14  73064.39
  950.81  77504.95
 1217.29  78735.27
 1007.19  73229.62
 1047.56  78924.08
 1031.60  78921.06
 1138.99  80170.41
 1142.45  83272.34
 1110.90  79163.28
 1104.31  85223.91
 1247.07  81184.25
 1110.98  79247.74
 1078.79  75546.92
 1036.46  74043.65
 1021.35  68950.34
  993.49  78952.18
 1254.59  82201.29
  978.98  90969.83
       p2p2       
 KB/s in  KB/s out
 1178.29  71287.75
 1325.89  86450.76
 1050.04  84492.93
 1048.66  82489.06
 1285.53  74117.35
 1096.91  73312.77
 1160.09  77403.99
 1229.50  87482.49
  879.35  66199.79
 1138.22  71262.13
 1070.81  80500.93
  893.85  72175.09
 1023.63  77325.71
 1117.41  85224.76
 1333.92  83202.19
 1094.34  77648.13
 1164.70  72649.45
 1045.95  76259.47
 1131.95  76396.94
 1288.93  75514.97
 1121.17  82712.52
 1121.24  76891.75
       p2p2       
 KB/s in  KB/s out
  917.60  80853.02
  983.20  82274.21
 1168.13  80653.88
 1068.27  76015.98
 1084.71  70446.29
 1198.11  82192.32
 1268.07  77629.27
 1208.18  85621.77
 1166.76  85552.08
  946.85  79758.59
 1011.66  71322.23
  968.63  77947.17
  990.09  82698.46
 1104.73  74487.96
  872.49  15187.35
  484.34    431.23
  663.10    612.57
  754.90    732.86
  728.36    680.71
  529.59    486.29
  854.97    845.60
  462.05    436.38
       p2p2       
 KB/s in  KB/s out
  887.00  42813.97
 1142.67  75476.59
  959.74  72898.65
 1258.58  86578.96
 1198.36  85041.65
 1139.38  70752.25
 1064.46  77467.56
 1129.65  72674.05
 1065.99  78406.77
 1057.70  85193.66
 1067.46  71105.70
 1078.01  82144.78
 1173.29  71570.13
 1218.35  84148.80
 1165.00  76396.97
  925.57  76598.26
  789.27  80753.18
 1267.64  72359.84
  999.54  77882.02
 1209.04  85796.20
 1078.41  76880.07
 1317.97  81333.27
       p2p2       
 KB/s in  KB/s out
 1130.01  78004.24
  896.17  74029.14
 1110.50  80700.56
 1048.09  77686.87
 1170.65  71454.09
  961.88  77324.58
 1043.11  75203.80
 1088.80  74330.19
 1079.19  71021.78
  959.55  70349.43
 1124.48  82809.73
 1141.25  71725.05
 1169.57  83265.20
  967.62  73248.21
 1144.44  67795.50
 1098.37  83159.61
  907.80  68085.93
 1281.99  85665.56
 1214.71  75902.14
 1144.40  76917.10
 1077.72  79468.06
 1010.06  75150.74
       p2p2       
 KB/s in  KB/s out
 1229.32  82706.61
 1021.17  80920.00
  957.22  72941.42
 1020.17  78899.61
 1220.29  78501.85
 1128.50  82137.03
 1271.41  82676.17
  845.88  71836.86
  911.10  71863.20
 1224.23  74840.40
  965.31  75403.95
 1107.87  65712.55
 1147.35  78496.30
 1179.10  80467.57
 1027.66  85059.64
 1235.67  73873.52
  728.02  36626.22
  735.38    665.84
  686.15    671.99
  401.83    366.62
  790.61    748.35
  955.51    904.01
       p2p2       
 KB/s in  KB/s out
  697.66    659.80
  848.99    847.36
  564.97  13185.21
  446.97  22623.52
  791.85  12435.28
  646.23   4900.99
  699.39  19196.04
  756.81  29003.55
 1047.37  28433.46
 1000.94  23042.23
  707.64  24731.43
  875.20  16357.07
  708.48  26142.95
  725.69   9652.59
  876.06  23754.57
  748.71   8345.24
  701.91  17158.67
  724.02  24957.98
  741.09  13168.81
  892.32  23195.34
  785.99  14405.45
  693.88  14076.44
       p2p2       
 KB/s in  KB/s out
  681.09  14260.91
  736.14  29308.78
  782.47  32445.61
  698.51  30299.30
  755.72  10332.24
  757.41  28470.71
  760.82   9827.71
  774.46  13068.41
  606.40  33980.06
  876.59   8492.30
  705.78  21608.78
  937.48  22733.97
  685.39  22607.54
  632.55  23292.41
  655.89  17465.74
  751.72  15053.41
  723.56  27673.87
  881.16  15294.92
  693.74  34492.79
  712.20  13612.25
  575.17  12585.72
  756.98  26488.91
       p2p2       
 KB/s in  KB/s out
  900.66   9871.29
  563.05   7693.71
  937.21  25802.92
  888.13  19456.73
  740.40  17138.97
  893.37  21876.00
  783.56  21761.68
  673.89  25736.34
  743.03   6209.69
  842.87  28992.62
  895.79  22366.81
  723.06  13432.95
  732.08  35774.65
  842.77  36473.51
  722.93  16455.96
  894.66  17418.20
  748.46  13933.96
  698.30  33763.53
  795.05    750.08
  600.84    567.92
  797.41  25576.61
  964.44  47285.28
       p2p2       
 KB/s in  KB/s out
  887.24  48624.36
 1025.45  68750.27
  850.32  63705.54
  946.74  79950.13
 1109.35  79717.56
 1221.45  88589.57
  938.55  65068.20
 1064.00  76875.36
  891.09  62816.15
  883.55  102558.8
 1035.99  83825.29
  985.03  81555.33
 1045.68  83520.65
  923.50  64532.40
  910.18  94984.83
 1138.19  105096.9
 1105.21  89310.24
 1007.26  94235.05
  991.56  140348.8
 1003.60  115982.2
  960.78  67254.37
  989.43  75439.50
       p2p2       
 KB/s in  KB/s out
  855.08  96871.35
 1046.35  106972.5
  793.22  52776.57
  981.37  64105.90
 1010.40  106084.5
  950.24  54336.15
  839.65  74161.58
 1167.31  55365.18
 1007.44  92216.28
  807.89  60214.34
 1098.79  96912.75
  843.87  62323.79
  955.67  81736.33
 1183.95  120570.0
  902.33  89166.58
 1195.54  92782.30
 1102.67  92823.83
 1019.47  78108.83
 1057.86  70180.26
  805.63  68820.10
  844.74  73608.65
 1199.13  101655.2
       p2p2       
 KB/s in  KB/s out
  817.18  80127.97
 1104.52  133914.6
  935.47  108147.3
 1224.15  95796.95
 1117.73  83153.24
 1065.92  116564.4
  962.97  84695.27
  900.69  95177.57
 1219.64  97660.38
  926.80  91318.29
  925.86  80658.48
  993.10  98662.10
  855.25  66914.46
  966.96  58212.78
  825.06  46485.74
  668.40    645.48
  691.60    702.89
 1003.18  57534.52
 1870.73  206274.3
 1632.21  229575.2
 1876.29  212416.8
 1507.79  222249.2
       p2p2       
 KB/s in  KB/s out
 1417.54  146946.6
 1864.13  243434.4
 1578.11  197730.2
 1858.71  234897.4
 1561.55  215167.1
 1905.09  269196.1
 1761.94  205128.0
 1769.28  201361.7
 1707.57  173640.0
 1633.11  215772.5
 1596.39  212130.9
 1436.03  209091.2
 1314.74  171591.1
 1553.59  209306.2
 1250.80  97418.18
 1325.12  172982.4
 1558.45  165244.9
 1375.02  177387.9
 1657.81  229017.5
 1264.85  168663.0
 2163.71  252924.4
 1463.57  175911.1
       p2p2       
 KB/s in  KB/s out
 1910.57  234334.1
 1478.43  158890.7
 1690.39  204834.7
 1692.09  183980.8
 1765.80  206183.9
 1698.60  241810.4
 1848.78  266476.9
 1499.03  239291.5
 1590.42  221481.3
 1753.09  207313.7
 1648.71  187217.8
 1611.09  194749.4
 1925.63  217296.6
 1636.59  226112.0
 2004.67  250062.9
 1654.31  177803.5
 1250.20  148471.0
 1403.80  178220.5
 1210.80  140503.1
 1837.65  284540.7
 1691.13  198752.8
 1956.91  268290.9
       p2p2       
 KB/s in  KB/s out
 1811.45  242289.8
 1576.58  158422.9
 1883.33  227407.2
 1647.54  195819.5
 1451.64  191615.8
 1687.91  191215.8
 1595.92  144160.7
 1624.59  229138.6
 1492.15  190852.4
 1450.87  176136.2
 1713.74  235753.6
 1207.73  111018.0
  757.57    712.24
  779.36    720.26
  715.67    679.92
  860.09    809.22
  700.39    675.31
  925.07    863.36
  716.33    724.57
 1462.33  158245.4
 1906.83  253924.7
 2149.99  258534.5
       p2p2       
 KB/s in  KB/s out
 2579.27  322378.7
 1903.10  234115.9
 1955.59  242258.0
 1554.91  199663.5
 2169.96  262644.6
 2153.16  272881.9
 1616.30  245012.7
 2081.62  273990.9
 2216.31  288616.9
 2498.34  330592.4
 1646.51  234481.8
 2167.03  284283.7
 2219.25  250480.9
 2226.67  258755.9
 1772.34  205810.8
 1574.37  219770.3
 2415.06  282180.3
 1889.10  248594.9
 2159.01  272039.7
 1859.64  254807.5
 1557.63  171240.5
 1788.90  244361.0
       p2p2       
 KB/s in  KB/s out
 2347.34  307217.6
 2371.97  292134.3
 1654.70  229572.5
 2271.65  312752.9
 2543.25  249319.3
 2489.26  278894.0
 2379.45  316701.3
 1909.32  259922.5
 2162.11  261164.8
 2157.56  284292.6
 2228.69  270799.4
 2387.97  345188.4
 2115.89  227397.4
 2140.40  272048.4
 2319.96  263486.8
 2075.22  278204.9
 2072.04  252679.3
 2091.16  245896.2
 1797.32  245031.9
 1901.27  206340.4
 2254.63  271365.1
 2291.53  270770.0
       p2p2       
 KB/s in  KB/s out
 2510.42  305833.1
 2150.69  273873.8
 1844.21  245836.5
 1880.07  236544.2
 2100.96  278215.6
 2445.01  295770.0
 2207.36  288904.9
 2068.61  248138.6
 2343.54  267883.6
 2294.98  255533.3
 1824.41  235295.4
 2262.40  274765.0
 1893.38  222573.3
 1315.88  132993.6
  636.71    597.19
  568.87    525.82
  424.91    412.02
  837.17    774.34
  611.49    589.68
  575.24    564.93
  667.52    666.10
 1099.33  82217.89
       p2p2       
 KB/s in  KB/s out
 1910.92  264329.5
 2549.71  314150.3
 2548.04  310358.8
 2179.94  320360.6
 2458.40  264890.4
 2425.52  285180.9
 2396.67  292093.2
 1996.66  233793.9
 2407.52  287450.9
 2505.12  309871.9
 1926.74  296318.8
 2323.91  323209.2
 2266.29  267346.3
 2741.06  318761.6
 3037.12  359620.8
 2439.14  298476.5
 2572.56  338076.9
 2160.47  268808.0
 2779.97  346844.1
 2099.17  269644.5
 1927.78  281314.6
 2289.84  314494.1
       p2p2       
 KB/s in  KB/s out
 2192.28  311462.3
 2812.44  353754.5
 2246.34  296405.5
 2609.55  318106.9
 2129.13  244936.6
 1828.83  236427.5
 2284.92  241787.0
 2615.01  341480.5
 2041.17  265164.2
 1890.74  244480.4
 2696.90  319605.3
 2103.46  263906.2
 2205.62  299981.7
 2003.93  247111.7
 2119.15  256333.9
 1869.40  234287.9
 2687.00  310762.6
 2113.75  275097.0
 1953.09  206352.1
 2126.31  260361.2
 1884.69  296524.5
 2683.10  305114.0
       p2p2       
 KB/s in  KB/s out
 2305.58  329962.1
 1935.75  234176.8
 2487.50  318856.8
 2863.60  373916.7
 2110.76  264386.1
 2407.66  274324.2
 2240.33  314329.7
 2440.24  285650.4
 2274.11  275958.1
 2666.32  310061.5
 1977.27  236412.3
 1954.73  251765.1
 2714.08  322637.1
 2399.84  319462.4
 2147.09  268153.8
 2061.44  265099.0
  829.78    871.71
  795.00    708.74
  485.86    407.78
  615.07    536.28
  731.23    655.87
  777.66    751.47
       p2p2       
 KB/s in  KB/s out
  636.47    602.62
 1027.24  90983.66
 1774.23  217732.6
 2054.27  238038.9
 2383.84  259172.8
 2573.10  347357.9
 2311.18  300913.5
 2378.07  295362.4
 2186.76  271509.0
 2711.25  275583.9
 2561.05  305039.0
 2893.36  369378.1
 2529.55  298874.5
 2391.64  256103.5
 2393.46  307283.1
 2327.67  294155.7
 3157.24  383523.6
 2237.41  294618.1
 2493.39  323963.2
 2440.07  285135.0
 2571.95  291957.6
 2464.37  332797.2
       p2p2       
 KB/s in  KB/s out
 2724.82  310097.0
 2568.19  323027.4
 2411.74  318108.0
 2414.48  302329.5
 2529.28  318363.3
 2405.15  316252.4
 2038.15  240516.5
 2592.49  314290.5
 2166.54  264789.8
 2336.65  290407.7
 2365.65  311907.5
 2486.81  323281.4
 2606.12  303514.2
 2417.03  279638.7
 2393.07  278386.8
 2235.34  291323.6
 1757.60  206417.7
 2289.58  287509.7
 2981.89  351583.7
 2018.26  246035.7
 2707.74  315348.4
 2622.17  340676.0
       p2p2       
 KB/s in  KB/s out
 2594.34  343824.6
 1978.85  252239.4
 2389.39  287882.5
 1950.97  262394.5
 2017.78  256674.7
 2636.72  315803.0
 2062.56  271627.1
 2375.54  294945.3
 2335.18  293246.6
 2730.93  322197.1
 2515.53  294747.2
 2099.85  282502.8
 2629.53  302900.2
 2760.46  307822.6
 2363.42  319498.7
 2511.85  311935.0
 2280.48  301892.4
 1840.02  259798.0
 2040.80  225561.4
  913.31  10756.51
  900.26    704.25
  743.56    668.67
       p2p2       
 KB/s in  KB/s out
  543.33    524.64
  757.44    694.93
  643.20    558.91
  728.02  14022.95
  777.74  47750.29
  859.19  39185.98
  690.38  33490.07
  801.21  18565.79
  723.39  28900.58
  867.23  30723.59
  867.54  33839.79
  828.90  13672.49
  770.24  42348.72
  737.40  27540.74
  758.28  26165.03
  824.38  23449.84
  734.23  45328.16
  727.00  15643.87
  818.28  55778.14
  696.30  48163.58
  704.33  47620.15
  872.62  32338.56
       p2p2       
 KB/s in  KB/s out
  883.18  37119.66
  633.82  34721.77
  794.82  35997.08
  790.12  35640.16
  896.03  45394.34
  664.56  26459.58
  715.50  36923.41
  934.32  50798.75
  798.69  22153.71
  833.94  23271.61
  818.97  27184.10
  787.26  29528.67
  902.95  26996.98
  694.83  37439.82
  885.07  23610.25
  812.12  23783.11
  867.58  27036.47
  717.63  26289.99
 1010.48  33570.27
  822.13  14899.12
 1037.86  36580.94
  629.90  30458.86
       p2p2       
 KB/s in  KB/s out
  916.32  37055.52
  786.47  29011.51
  911.34  48062.71
  781.36  29993.31
  760.52  26884.36
 1135.42  41636.52
  915.59  25925.67
  927.86  51046.92
  781.76  35397.89
  834.53  26828.60
  973.93  40867.31
  586.47  13380.51
  840.52  24447.28
  864.51  43669.37
  658.16  40211.71
  590.02  46502.09
  911.28  30844.08
  922.38  27043.94
  805.70  39609.83
  851.12   9261.97
  806.03    784.31
  782.67    709.43
       p2p2       
 KB/s in  KB/s out
  670.49    612.14
  915.46    846.71
  518.88    485.77
  679.48    649.24
  471.71    474.00
  803.05  77925.08
 1377.36  121620.7
  946.18  101525.7
 1262.10  160593.7
  914.67  126323.5
 1192.34  91782.68
 1474.68  164119.9
 1250.84  137231.1
  695.29  113405.7
 1149.99  115643.2
 1532.55  126235.0
 1191.93  166115.3
 1231.30  139223.7
 1058.57  93918.36
 1567.40  158180.2
 1156.06  100536.1
 1346.73  167732.4
       p2p2       
 KB/s in  KB/s out
 1247.29  130179.8
 1429.00  135948.1
 1229.23  110458.0
 1123.87  136849.3
 1344.55  132265.6
 1655.65  203522.4
 1146.55  119263.0
 1104.67  145852.6
 1169.11  150061.5
 1317.69  156104.8
 1402.44  135275.2
 1042.88  124158.9
 1287.11  152540.3
 1191.37  143796.0
 1142.84  137960.4
 1579.57  136457.7
 1180.26  123043.2
 1244.57  163644.5
 1138.02  128508.1
 1209.70  174955.4
 1439.07  165177.1
 1089.30  151877.8
       p2p2       
 KB/s in  KB/s out
 1036.01  130769.1
 1393.19  140027.1
 1418.20  136924.2
 1304.59  143785.1
 1394.30  169082.0
  984.84  160676.3
 1156.96  154645.4
 1369.08  120251.2
 1492.15  138035.4
 1267.91  181787.9
 1231.23  141302.6
 1174.87  149855.0
 1257.72  133384.3
 1455.27  164023.3
 1513.13  195121.8
 1159.90  115666.5
 1196.55  134622.2
 1274.95  182106.8
 1159.78  127938.0
 1383.15  136513.7
 1357.82  141665.2
  914.37  17964.52
       p2p2       
 KB/s in  KB/s out
  879.91    685.04
  788.84    641.79
  675.61    570.50
  599.85    536.70
  802.65    767.40
  705.75    702.23
  515.69    489.12
 1706.66  199197.9
 1863.10  246745.3
 2522.08  304079.7
 2518.72  307441.9
 2428.84  315009.3
 1892.31  271124.5
 2388.69  269199.7
 2285.27  286021.6
 2246.13  254535.0
 2688.37  332987.4
 2320.65  275371.5
 2329.07  305231.6
 2455.03  306593.0
 2272.63  320397.7
 2411.35  283596.8
       p2p2       
 KB/s in  KB/s out
 2288.10  298429.9
 2435.87  310861.9
 2297.40  275477.8
 2765.46  323186.1
 2082.37  262922.0
 2715.24  306311.5
 2118.49  271945.9
 2651.22  326169.9
 2445.37  285401.4
 2563.30  340858.9
 2553.77  338509.8
 2350.42  308077.5
 2251.09  279001.2
 2615.91  338946.6
 2302.19  333907.2
 2293.76  315540.9
 2301.56  302571.5
 2198.77  309395.7
 2663.13  304894.2
 2154.69  255328.0
 2071.24  284819.3
 2422.56  329447.4
       p2p2       
 KB/s in  KB/s out
 2657.66  318580.2
 2564.87  295313.3
 2482.64  283947.8
 2019.10  290606.3
 2362.21  337517.4
 2230.04  296496.3
 2649.34  338550.0
 2849.39  346133.0
 2222.85  301722.2
 2475.42  278588.2
 2183.28  232210.5
 2113.08  241630.9
 2041.22  263244.1
 2211.08  330519.1
 2168.33  308015.8
 2613.93  338097.5
 2479.72  314407.5
 2393.42  271864.2
 2029.16  298829.4
 2231.53  296084.3
 2323.84  292883.0
 2273.92  306386.5
       p2p2       
 KB/s in  KB/s out
 2128.81  268799.5
  828.78  10782.46
  921.61    800.55
  754.19    673.57
  553.27    458.08
  808.89    666.20
  520.71    467.83
  638.83    594.72
  989.21  81998.77
 2305.05  298058.7
 1916.47  232354.6
 2655.68  321626.4
 2173.12  297409.4
 2740.88  361775.1
 2461.25  323211.8
 2400.26  306308.9
 2749.17  301160.0
 2620.96  313376.7
 2207.88  257160.9
 2555.18  347496.4
 2284.62  291277.2
 2440.99  293911.3
       p2p2       
 KB/s in  KB/s out
 2338.21  294218.2
 2673.83  332371.6
 2656.58  317025.5
 2830.71  316664.4
 2862.56  357177.3
 2191.18  280339.9
 2870.06  329018.5
 2336.20  280178.9
 2616.27  343787.5
 2743.01  338374.9
 2972.63  351308.5
 2365.79  274610.0
 2568.83  276652.1
 2191.68  286848.7
 2422.03  289486.1
 2207.32  280642.4
 2492.74  320851.9
 2197.39  283500.7
 2492.74  308515.3
 2799.70  346841.8
 2622.27  309331.4
 2493.01  319398.3
       p2p2       
 KB/s in  KB/s out
 2725.46  320468.0
 2470.80  333594.9
 2429.10  257155.6
 1894.09  259519.1
 2520.95  318722.4
 2757.73  354626.6
 2648.10  318167.6
 2488.79  308167.8
 2453.04  279770.3
 2461.18  328012.4
 2556.99  295709.7
 2008.43  274641.3
 2390.20  292620.9
 2585.16  334177.0
 2189.69  285578.3
 2812.13  313960.9
 2826.99  342862.2
 3123.36  351497.7
 2394.20  308562.1
 2406.71  320347.4
 2410.15  283007.9
 2758.25  344216.9
       p2p2       
 KB/s in  KB/s out
 2420.52  298800.8
 2301.48  290951.5
 2543.29  301318.1
 2857.68  306485.6
  959.21  11127.98
  769.69    645.39
  628.86    500.43
  567.87    434.72
  696.08    603.32
  711.58    699.36
  994.50  76030.60
 2924.50  372272.8
 2315.67  261194.5
 2861.57  371287.7
 2202.54  263617.1
 2150.73  255080.0
 2695.11  375440.9
 2790.75  315701.2
 2660.22  295567.9
 2688.71  331468.3
 2960.51  350148.4
 2348.15  247804.4
       p2p2       
 KB/s in  KB/s out
 2491.48  321298.5
 2994.32  338781.3
 2682.45  290016.8
 2690.38  331635.6
 2699.19  335490.5
 2953.00  341159.9
 3052.95  323630.3
 2625.00  262420.1
 2122.49  262244.2
 2438.16  344686.3
 2815.98  331969.6
 2583.55  313320.8
 2680.48  328221.1
 2769.71  288985.4
 2824.67  340608.8
 2565.22  299563.8
 2649.54  336014.2
 2827.39  351225.2
 2782.46  324331.3
 2079.34  284193.3
 2577.74  296070.7
 2912.10  327715.3
       p2p2       
 KB/s in  KB/s out
 2743.14  338478.2
 2604.16  315263.4
 2422.78  324942.0
 2503.22  321797.4
 2770.39  297115.6
 2197.24  309523.8
 2136.80  252025.2
 2592.70  325034.0
 2902.86  359108.2
 2944.96  302734.2
 3258.88  360783.6
 2869.14  330543.8
 2873.31  340742.6
 2336.67  280413.5
 2848.58  324117.4
 2687.92  325369.1
 2284.76  239932.1
 3234.19  360019.2
 3177.34  337309.5
 2892.42  312683.6
 2722.76  307519.6
 2302.99  333168.2
       p2p2       
 KB/s in  KB/s out
 2459.73  337980.5
 3009.20  331045.6
 2676.31  304471.3
 2227.09  315511.1
 1996.01  267485.8
 2442.73  305230.3
 3000.95  334732.6
 2389.98  248237.1
  585.80    428.33
 1012.22    893.19
  761.11    702.54
  729.28    691.41
  803.38  15182.59
 2510.41  276390.1
 2423.86  349393.9
 2669.31  301234.9
 2594.41  304119.9
 3051.39  349066.3
 2521.91  280495.0
 2311.93  291584.3
 2587.93  336532.0
 2357.81  263434.1
       p2p2       
 KB/s in  KB/s out
 2290.37  294228.8
 2577.38  321420.8
 2226.32  270887.5
 2433.01  290216.9
 2725.93  342007.5
 3010.28  362603.5
 2908.35  346278.8
 2325.72  334075.1
 2167.26  308584.1
 2295.19  297526.0
 2781.51  292838.6
 2854.03  350522.2
 2373.20  255464.2
 2340.26  302273.6
 2767.91  318772.2
 3401.29  364730.8
 2420.65  336813.8
 2568.21  359257.1
 1993.54  273916.9
 2817.82  330367.1
 3008.17  344728.9
 2930.77  306606.4
       p2p2       
 KB/s in  KB/s out
 2258.51  275190.1
 2775.12  352118.7
 2810.17  304189.8
 2788.32  385578.5
 3060.91  345624.2
 2710.89  330776.4
 2607.27  324031.7
 2456.00  306699.6
 3175.96  334158.0
 2313.03  280468.2
 2640.58  328449.8
 2565.18  332448.9
 2891.85  364017.3
 2699.84  303522.9
 2912.09  327132.0
 2466.14  306949.8
 2628.16  346459.4
 2768.18  337503.0
 3130.79  332256.0
 2512.90  304037.3
 2406.45  304589.6
 2885.33  345605.6
       p2p2       
 KB/s in  KB/s out
 2584.72  326729.6
 2802.64  290815.9
 2651.53  312629.6
 2789.11  320945.9
 2746.64  334123.8
 2379.94  330457.7
 2550.31  327627.3
 2845.38  343823.6
 2566.52  348973.7
 2285.46  302049.0
 2608.17  283417.5
 2712.71  305183.4
 2234.25  298329.1
  687.83   3284.87
  824.44    725.29
  592.10    529.84
  921.03    682.30
  819.08    689.48
  700.55    649.02
  594.91    608.61
  594.29    583.52
  696.30    709.83
       p2p2       
 KB/s in  KB/s out
  809.57    803.52
  593.61    582.37
