             total       used       free     shared    buffers     cached
Mem:        128902     126559       2342          6        143     109023
-/+ buffers/cache:      17392     111509
Swap:       131035        139     130896

             total       used       free     shared    buffers     cached
Mem:        128902     125969       2932          6        143     108454
-/+ buffers/cache:      17371     111530
Swap:       131035        139     130896

             total       used       free     shared    buffers     cached
Mem:        128902     126397       2504          6        143     108877
-/+ buffers/cache:      17376     111525
Swap:       131035        139     130896

             total       used       free     shared    buffers     cached
Mem:        128902     126414       2487          6        143     108882
-/+ buffers/cache:      17388     111513
Swap:       131035        139     130896

             total       used       free     shared    buffers     cached
Mem:        128902     126446       2455          6        143     108851
-/+ buffers/cache:      17450     111451
Swap:       131035        139     130896

             total       used       free     shared    buffers     cached
Mem:        128902     126635       2266          6        143     109030
-/+ buffers/cache:      17462     111440
Swap:       131035        139     130896

             total       used       free     shared    buffers     cached
Mem:        128902     126569       2332          6        143     108965
-/+ buffers/cache:      17459     111442
Swap:       131035        139     130896

             total       used       free     shared    buffers     cached
Mem:        128902     126548       2353          6        143     108937
-/+ buffers/cache:      17467     111434
Swap:       131035        139     130896

             total       used       free     shared    buffers     cached
Mem:        128902     126719       2182          6        143     109108
-/+ buffers/cache:      17467     111434
Swap:       131035        139     130896

             total       used       free     shared    buffers     cached
Mem:        128902     126384       2517          6        143     108786
-/+ buffers/cache:      17454     111447
Swap:       131035        139     130896

             total       used       free     shared    buffers     cached
Mem:        128902     126238       2664          6        143     108634
-/+ buffers/cache:      17459     111442
Swap:       131035        139     130896

             total       used       free     shared    buffers     cached
Mem:        128902     126120       2781          6        143     108507
-/+ buffers/cache:      17469     111432
Swap:       131035        139     130896

             total       used       free     shared    buffers     cached
Mem:        128902     126160       2741          6        143     108547
-/+ buffers/cache:      17469     111432
Swap:       131035        139     130896

             total       used       free     shared    buffers     cached
Mem:        128902     126453       2448          6        143     108834
-/+ buffers/cache:      17475     111426
Swap:       131035        139     130896

             total       used       free     shared    buffers     cached
Mem:        128902     126570       2331          6        143     108947
-/+ buffers/cache:      17479     111422
Swap:       131035        139     130896

             total       used       free     shared    buffers     cached
Mem:        128902     126422       2480          6        143     108837
-/+ buffers/cache:      17440     111461
Swap:       131035        139     130896

             total       used       free     shared    buffers     cached
Mem:        128902     126708       2193          6        143     109090
-/+ buffers/cache:      17475     111427
Swap:       131035        139     130896

             total       used       free     shared    buffers     cached
Mem:        128902     125974       2927          6        143     108378
-/+ buffers/cache:      17453     111448
Swap:       131035        139     130896

             total       used       free     shared    buffers     cached
Mem:        128902     126352       2549          6        143     108707
-/+ buffers/cache:      17501     111400
Swap:       131035        139     130896

             total       used       free     shared    buffers     cached
Mem:        128902     126664       2237          6        143     109017
-/+ buffers/cache:      17502     111399
Swap:       131035        139     130896

             total       used       free     shared    buffers     cached
Mem:        128902     126466       2435          6        143     108772
-/+ buffers/cache:      17550     111351
Swap:       131035        139     130896

             total       used       free     shared    buffers     cached
Mem:        128902     126279       2622          6        143     108570
-/+ buffers/cache:      17565     111336
Swap:       131035        139     130896

             total       used       free     shared    buffers     cached
Mem:        128902     126689       2212          6        143     108942
-/+ buffers/cache:      17603     111298
Swap:       131035        139     130896

             total       used       free     shared    buffers     cached
Mem:        128902     126503       2398          6        143     108745
-/+ buffers/cache:      17614     111287
Swap:       131035        139     130896

             total       used       free     shared    buffers     cached
Mem:        128902     126478       2423          6        143     108718
-/+ buffers/cache:      17616     111286
Swap:       131035        139     130896

             total       used       free     shared    buffers     cached
Mem:        128902     126651       2250          6        143     108882
-/+ buffers/cache:      17626     111275
Swap:       131035        139     130896

             total       used       free     shared    buffers     cached
Mem:        128902     126521       2380          6        143     108724
-/+ buffers/cache:      17653     111248
Swap:       131035        139     130896

             total       used       free     shared    buffers     cached
Mem:        128902     126250       2651          6        143     108402
-/+ buffers/cache:      17704     111197
Swap:       131035        139     130896

             total       used       free     shared    buffers     cached
Mem:        128902     126275       2626          6        143     108408
-/+ buffers/cache:      17723     111178
Swap:       131035        139     130896

             total       used       free     shared    buffers     cached
Mem:        128902     126302       2600          6        143     108400
-/+ buffers/cache:      17757     111144
Swap:       131035        139     130896

             total       used       free     shared    buffers     cached
Mem:        128902     126082       2819          6        143     108165
-/+ buffers/cache:      17774     111127
Swap:       131035        139     130896

             total       used       free     shared    buffers     cached
Mem:        128902     126015       2887          6        143     108084
-/+ buffers/cache:      17787     111115
Swap:       131035        139     130896

             total       used       free     shared    buffers     cached
Mem:        128902     126017       2884          6        143     108088
-/+ buffers/cache:      17785     111116
Swap:       131035        139     130896

             total       used       free     shared    buffers     cached
Mem:        128902     125944       2957          6        143     108003
-/+ buffers/cache:      17797     111104
Swap:       131035        139     130896

             total       used       free     shared    buffers     cached
Mem:        128902     126211       2690          6        143     108238
-/+ buffers/cache:      17829     111072
Swap:       131035        139     130896

             total       used       free     shared    buffers     cached
Mem:        128902     126213       2689          6        143     108232
-/+ buffers/cache:      17837     111064
Swap:       131035        139     130896

             total       used       free     shared    buffers     cached
Mem:        128902     124638       4263          6        143     106687
-/+ buffers/cache:      17808     111093
Swap:       131035        139     130896

             total       used       free     shared    buffers     cached
Mem:        128902     125097       3804          6        143     107119
-/+ buffers/cache:      17834     111067
Swap:       131035        139     130896

             total       used       free     shared    buffers     cached
Mem:        128902     125706       3195          6        143     107709
-/+ buffers/cache:      17852     111049
Swap:       131035        139     130896

             total       used       free     shared    buffers     cached
Mem:        128902     126037       2864          6        143     108041
-/+ buffers/cache:      17852     111049
Swap:       131035        139     130896

             total       used       free     shared    buffers     cached
Mem:        128902     126178       2724          6        143     108177
-/+ buffers/cache:      17857     111045
Swap:       131035        139     130896

             total       used       free     shared    buffers     cached
Mem:        128902     126266       2636          6        143     108265
-/+ buffers/cache:      17856     111045
Swap:       131035        139     130896

             total       used       free     shared    buffers     cached
Mem:        128902     126672       2230          6        143     108654
-/+ buffers/cache:      17874     111027
Swap:       131035        139     130896

             total       used       free     shared    buffers     cached
Mem:        128902     125856       3045          6        143     107865
-/+ buffers/cache:      17848     111054
Swap:       131035        139     130896

             total       used       free     shared    buffers     cached
Mem:        128902     126343       2558          6        143     108342
-/+ buffers/cache:      17857     111044
Swap:       131035        139     130896

             total       used       free     shared    buffers     cached
Mem:        128902     126112       2789          6        143     108128
-/+ buffers/cache:      17840     111061
Swap:       131035        139     130896

             total       used       free     shared    buffers     cached
Mem:        128902     126086       2815          6        143     108085
-/+ buffers/cache:      17858     111044
Swap:       131035        139     130896

             total       used       free     shared    buffers     cached
Mem:        128902     126037       2865          6        143     108050
-/+ buffers/cache:      17842     111059
Swap:       131035        139     130896

             total       used       free     shared    buffers     cached
Mem:        128902     126001       2900          6        143     107988
-/+ buffers/cache:      17869     111032
Swap:       131035        139     130896

             total       used       free     shared    buffers     cached
Mem:        128902     126024       2877          6        143     108002
-/+ buffers/cache:      17878     111024
Swap:       131035        139     130896

             total       used       free     shared    buffers     cached
Mem:        128902     125947       2954          6        143     107922
-/+ buffers/cache:      17881     111020
Swap:       131035        139     130896

             total       used       free     shared    buffers     cached
Mem:        128902     125778       3123          6        143     107754
-/+ buffers/cache:      17880     111021
Swap:       131035        139     130896

             total       used       free     shared    buffers     cached
Mem:        128902     125358       3543          6        143     107323
-/+ buffers/cache:      17890     111011
Swap:       131035        139     130896

             total       used       free     shared    buffers     cached
Mem:        128902     125105       3796          6        143     107065
-/+ buffers/cache:      17897     111004
Swap:       131035        139     130896

             total       used       free     shared    buffers     cached
Mem:        128902     125541       3360          6        143     107513
-/+ buffers/cache:      17884     111017
Swap:       131035        139     130896

             total       used       free     shared    buffers     cached
Mem:        128902     125848       3053          6        143     107776
-/+ buffers/cache:      17928     110973
Swap:       131035        139     130896

             total       used       free     shared    buffers     cached
Mem:        128902     126013       2888          6        143     107938
-/+ buffers/cache:      17931     110970
Swap:       131035        139     130896

             total       used       free     shared    buffers     cached
Mem:        128902     125783       3118          6        143     107746
-/+ buffers/cache:      17893     111008
Swap:       131035        139     130896

             total       used       free     shared    buffers     cached
Mem:        128902     125407       3494          6        143     107375
-/+ buffers/cache:      17888     111013
Swap:       131035        139     130896

             total       used       free     shared    buffers     cached
Mem:        128902     125486       3415          6        143     107446
-/+ buffers/cache:      17896     111005
Swap:       131035        139     130896

             total       used       free     shared    buffers     cached
Mem:        128902     125554       3348          6        143     107540
-/+ buffers/cache:      17869     111032
Swap:       131035        139     130896

             total       used       free     shared    buffers     cached
Mem:        128902     125711       3190          6        143     107681
-/+ buffers/cache:      17886     111015
Swap:       131035        139     130896

             total       used       free     shared    buffers     cached
Mem:        128902     125427       3475          6        143     107404
-/+ buffers/cache:      17879     111023
Swap:       131035        139     130896
