       p2p2       
 KB/s in  KB/s out
  667.90    625.49
  683.64    623.33
  727.11    689.79
  573.65    573.22
  802.28    740.12
  739.26    674.55
  771.54    714.83
  779.02    722.91
  717.59    689.73
  656.39    594.94
  716.94    637.79
  692.83    628.17
  649.02    601.43
  725.28    704.19
  530.04    490.08
  694.38    701.15
 1985.84   1645.46
 2275.60   1915.49
 2192.96   1762.27
 2660.15   2049.98
 2679.67   2071.98
 2394.07   1616.95
       p2p2       
 KB/s in  KB/s out
 2342.74   1807.82
 2375.04   1791.45
 2250.06   1951.36
 2692.00   2180.23
 2520.77   1923.13
 2392.04   1808.71
 2260.21   1813.18
 2534.36   1879.09
 2448.37   1932.87
 2564.13   1941.81
 2185.36   1880.53
 2312.50   2010.47
 2645.82   1994.26
 2514.64   1904.89
 2455.23   2072.86
 2527.81   1936.69
 2378.90   1834.10
 2424.91   1893.91
 2317.71   1783.08
 2388.81   2039.23
 2627.40   1813.57
 2648.62   2087.53
       p2p2       
 KB/s in  KB/s out
 2468.45   1904.35
 2266.73   1772.60
 2317.81   1775.46
 2357.33   1632.67
 2324.43   1863.12
 2670.19   2201.97
 2233.72   1680.38
 2636.64   2027.64
 2073.13   1541.48
 2597.01   1943.97
 2499.33   2093.79
 2312.84   2050.10
 2379.98   1871.94
 2341.11   1737.18
 2349.97   1752.53
 2222.12   1709.53
 2331.03   1834.70
 2604.64   2046.32
 2311.76   1948.20
 2322.55   1802.89
 2281.17   1659.69
 2322.78   1944.50
       p2p2       
 KB/s in  KB/s out
 2194.45   1719.28
 2504.29   1801.43
 2341.30   2067.69
 2407.21   1944.97
 2587.92   1996.15
 2349.90   1845.19
 2242.65   1788.90
 2241.47   1904.64
 2587.04   2098.39
 2240.49   1874.93
 2395.75   1789.20
 2609.07   2140.78
 2279.64   1861.54
 2586.96   2087.05
 2379.06   1690.84
 2279.17   1661.01
 2158.57   1873.64
 2269.99   1600.33
 2716.65   2077.35
 2302.48   1796.07
 2302.11   2056.07
 2323.62   1634.14
       p2p2       
 KB/s in  KB/s out
 2500.63   2146.79
 2280.43   1625.03
 2127.09   1598.16
 2401.99   1902.53
 2700.50   2130.98
 2414.70   1875.69
 2436.19   1774.23
 2409.78   2042.22
 2542.70   1844.84
 2341.42   2076.76
 2378.28   1861.23
 2537.17   1913.45
 2272.38   1837.66
 2249.65   1617.89
 2548.40   1932.93
 2111.56   1705.07
 2210.17   1699.34
 2258.17   1740.12
 2349.42   1717.81
 2416.06   2232.48
 2318.47   1878.66
 2232.76   1702.64
       p2p2       
 KB/s in  KB/s out
 2235.69   1609.66
 2178.94   1748.20
 2479.58   2047.81
 2445.76   1910.95
 2240.95   1699.09
 2212.95   1717.31
 2374.62   1638.57
 2093.74   1567.59
 2549.47   1968.57
 2352.69   1955.82
 2146.32   1709.05
 2261.00   1834.94
 2370.28   1733.32
 2489.01   2134.39
 2337.89   1803.94
 2450.10   1942.17
 2280.82   1716.88
 2190.72   1917.85
 2296.40   2034.74
 2195.93   1908.86
 2436.38   1732.65
 2312.76   1791.66
       p2p2       
 KB/s in  KB/s out
 2323.75   1719.05
 2341.55   1732.22
 2590.62   1887.19
 2463.58   1929.62
 1834.07   1276.99
  783.59    665.13
  924.50    722.27
  945.94    749.11
  938.86    874.75
  941.44    902.19
  741.97    661.42
  545.16    506.27
 1757.09   1615.02
 2242.55   1884.14
 2639.75   2231.88
 2251.58   1832.76
 2511.63   2071.36
 2068.22   1688.56
 2087.72   1826.93
 2276.07   1724.21
 2321.71   1886.93
 2235.96   1684.83
       p2p2       
 KB/s in  KB/s out
 2392.36   1776.57
 2175.25   1755.77
 2587.97   1844.08
 2302.56   2010.78
 2098.41   1709.79
 2311.16   1788.38
 2427.57   1872.60
 2452.58   1739.67
 2355.84   1873.75
 2063.87   1523.16
 2565.27   1986.07
 2200.71   1635.59
 2317.90   1903.14
 2088.10   1789.66
 2219.53   1665.18
 2540.87   2058.60
 2526.06   1822.65
 2353.30   1797.06
 2228.57   1653.96
 2185.91   1562.50
 2250.18   1821.01
 2119.09   1667.22
       p2p2       
 KB/s in  KB/s out
 2326.46   1822.38
 2444.06   1975.82
 2339.85   1879.99
 2346.49   1988.37
 2339.35   1708.39
 2472.03   1865.82
 2156.70   1658.70
 2583.06   2087.11
 2210.10   1784.66
 2088.59   1691.01
 2605.84   2041.47
 2392.03   1947.30
 2280.02   1802.84
 2555.30   2108.57
 2283.67   1749.97
 2121.95   1484.85
 2016.98   1703.84
 2353.14   1975.85
 2494.09   1909.08
 2257.76   1661.46
 2388.96   1972.67
 2079.45   1735.60
       p2p2       
 KB/s in  KB/s out
 2226.41   1903.43
 2273.80   1736.22
 2229.93   1590.24
 2442.64   1673.66
 2160.42   1995.29
 2206.44   1609.23
 2489.31   1746.93
 2395.33   1760.34
 2757.87   2250.52
 2501.20   2097.31
 2296.60   1741.54
 2407.82   1866.97
 2375.16   1891.59
 2288.10   1864.37
 2151.67   1749.81
 2298.74   1802.98
 2394.82   1758.12
 2336.61   1722.75
 2634.80   2116.73
 2275.91   1758.80
 2302.23   1676.77
 2475.86   2023.87
       p2p2       
 KB/s in  KB/s out
 2115.43   1611.76
 2529.14   1861.31
 2308.87   1877.22
 2201.64   1874.58
 2317.96   1682.22
 2528.30   1999.18
 2527.20   2074.85
 2319.48   1872.56
 2131.33   1726.65
 2243.72   1911.99
 2422.39   1900.51
 2213.13   1834.43
 2097.27   1672.09
 2078.25   1812.20
 2407.81   1867.57
 2288.06   1777.77
 2456.82   1792.52
 2467.94   2020.81
 2296.99   1705.44
 2093.74   1674.11
 2316.44   1735.50
 2226.08   1661.22
       p2p2       
 KB/s in  KB/s out
 2093.35   1693.08
 2334.33   2203.56
 2513.65   2002.24
 2408.03   1897.63
 2339.61   1721.69
 2353.31   1792.64
 2297.03   1881.34
 2394.02   1792.12
 2327.13   1830.09
 2271.83   1655.92
 2193.86   1753.75
 2483.37   2001.40
 2111.78   1878.44
 2416.74   1822.16
 2280.52   1607.35
 2109.68   1530.47
 2466.80   1991.56
 2612.64   2033.15
 2298.07   1786.67
 2477.45   1800.20
 2300.44   1907.31
 1914.27   1586.48
       p2p2       
 KB/s in  KB/s out
 2676.05   2087.81
 1471.57   1149.17
  839.76    604.66
  921.47    743.92
  763.93    637.33
  915.74    709.65
  627.23    564.74
  779.21    749.91
  807.32    787.45
 2181.43   1998.39
 2650.97   2089.22
 2341.50   1787.61
 2225.18   1571.69
 2455.90   1910.90
 2204.86   1871.49
 2497.67   1866.54
 2707.19   2190.88
 2033.54   1977.40
 2273.40   1561.13
 2674.16   2125.48
 2319.32   1829.65
 2504.21   2069.06
       p2p2       
 KB/s in  KB/s out
 2182.00   1617.72
 2554.56   2065.87
 2025.60   1599.73
 2210.75   1708.50
 2539.61   1971.01
 2267.58   1892.59
 2275.90   1741.26
 2151.09   1692.97
 2287.52   1763.92
 2076.17   1474.95
 2341.35   1771.67
 2245.40   1724.69
 2337.13   1906.92
 2379.42   1920.42
 2206.51   1562.06
 2530.37   1846.59
 2053.06   1654.22
 2260.03   2051.90
 2144.69   1599.99
 2549.98   2095.18
 2628.30   2006.29
 2278.92   1668.68
       p2p2       
 KB/s in  KB/s out
 2442.58   2001.60
 2214.28   1733.51
 2435.16   1869.33
 2412.42   1928.97
 2336.31   1841.57
 1824.28   1546.51
 2300.71   1657.42
 2406.57   1942.03
 2265.91   1840.58
 2183.66   1709.78
 2464.26   1864.48
 2206.59   1602.57
 2419.97   1892.20
 2377.95   1809.38
 2338.74   1823.83
 2497.52   2238.85
 2515.87   1758.13
 2194.76   1638.54
 2199.75   1600.49
 2367.37   1828.65
 2117.05   1591.87
 2099.11   1689.81
       p2p2       
 KB/s in  KB/s out
 2308.71   1704.67
 2439.80   1935.78
 2314.58   1814.80
 2295.16   1851.01
 2310.87   1658.87
 2360.05   1763.07
 2232.05   1603.05
 2095.38   1748.43
 3133.18   2506.11
 2242.37   1687.90
 2793.39   1912.14
 2308.61   1682.08
 2060.11   1838.19
 2543.35   2278.82
 2283.92   1672.38
 2442.56   1936.66
 2589.04   2101.27
 2175.35   1785.65
 2426.43   1894.82
 2576.76   1993.69
 2056.27   1514.49
 2396.76   1905.81
       p2p2       
 KB/s in  KB/s out
 2293.39   1932.51
 2096.25   1520.88
 2437.23   2029.12
 2510.14   2006.27
 2112.67   1751.70
 2278.07   1765.91
 2213.32   1785.26
 2463.10   1830.13
 2316.45   1624.40
 2338.41   1788.49
 2464.79   2046.94
 2168.68   1814.40
 2117.10   1661.66
 2260.19   1709.89
 2491.92   1843.06
 2059.53   1506.34
 2360.79   1914.54
 2471.00   1994.71
 2593.97   2145.11
 2497.52   1908.00
 2014.57   1510.98
 2049.82   1673.39
       p2p2       
 KB/s in  KB/s out
 2413.10   1964.47
 2326.55   1844.64
 2255.09   1573.49
 2454.50   1958.02
 2180.60   1816.07
 2562.21   2022.94
 2471.64   1922.17
 2276.35   1752.69
 2287.47   1646.72
 2053.40   1767.33
 2349.14   1800.48
 2397.13   1801.59
 2406.53   1812.87
 2330.12   1801.98
 2373.38   1813.16
 2350.99   1711.07
 2386.30   1725.51
 2466.88   2019.66
 2323.53   1994.65
 2446.34   1968.93
 2336.96   1849.29
 1502.78   1099.76
       p2p2       
 KB/s in  KB/s out
 1091.13    803.31
  794.44    601.32
  930.37    753.10
  670.93    491.72
  727.76    654.56
  793.62    765.61
 1252.81   1198.84
 1644.61   1432.82
 2782.55   2605.39
 2541.32   2147.64
 2813.23   2392.21
 2322.17   1789.10
 2010.34   1486.87
 2527.77   2023.15
 2770.01   2155.69
 2721.84   2093.36
 2145.10   1768.74
 1520.99   1302.12
 2428.43   1935.29
 2469.80   2127.93
 2537.87   1937.12
 2586.24   1973.60
       p2p2       
 KB/s in  KB/s out
 2191.76   1607.32
 2012.74   1441.41
 1974.65   1780.53
 2584.80   2120.15
 2330.47   1808.30
 2328.05   1723.81
 2313.07   1701.65
 2051.61   1658.54
 2402.68   1945.11
 2319.49   1789.12
 2420.92   1742.83
 2472.79   1827.07
 2170.03   1617.83
 1997.25   1640.49
 2153.75   1675.69
 2510.64   2171.51
 2625.38   1984.56
 2519.70   2042.90
 2205.87   1668.33
 2021.68   1635.07
 2276.87   1797.79
 2545.12   1944.14
       p2p2       
 KB/s in  KB/s out
 2445.32   1856.39
 2177.15   1614.74
 2236.78   1844.98
 1927.03   1441.62
 2641.09   1927.02
 2389.07   1957.01
 2252.16   1784.99
 2233.07   1831.52
 2465.83   1962.55
 2802.02   2175.93
 2455.17   1878.38
 2352.94   1750.72
 2066.84   1899.31
 2137.98   1753.19
 2128.68   1557.29
 2489.23   2053.52
 2627.56   2038.26
 2110.78   1573.16
 2596.56   2073.89
 2187.44   1660.12
 2398.28   1888.07
 2374.33   1937.21
       p2p2       
 KB/s in  KB/s out
 2412.56   1949.07
 2481.35   2092.07
 2253.41   1892.30
 2017.22   1605.01
 2284.03   1645.02
 2184.90   1751.87
 2262.64   1793.33
 2247.10   1855.32
 2363.00   1798.75
 2549.76   2084.49
 2116.74   1804.75
 2387.86   1835.57
 2277.06   1773.94
 1984.33   1641.54
 2494.09   2080.22
 2413.88   1883.05
 2417.79   1955.75
 2522.45   1991.70
 2393.49   1974.45
 2249.59   1767.28
 2346.83   1778.26
 2416.84   1940.49
       p2p2       
 KB/s in  KB/s out
 2456.96   1836.00
 2366.20   1877.22
 2432.54   2123.67
 2335.74   1892.17
 2361.77   1933.28
 2544.11   2075.95
 2360.77   1673.61
 2382.19   1747.54
 2340.33   1696.20
 2249.16   1739.84
 2382.31   2015.59
 1949.77   1594.23
 2540.45   2012.00
 2382.38   1744.97
 2371.65   2008.27
 2549.60   2053.21
 2356.75   1833.39
 2015.08   1497.81
 1937.50   1769.60
 2164.91   1812.86
 2345.84   1839.85
 2146.30   1699.71
       p2p2       
 KB/s in  KB/s out
 2376.18   1855.66
 2507.08   2100.51
 2168.04   1705.90
 2433.78   1814.34
 2680.78   2128.53
 2217.89   1569.39
 2166.63   1874.73
 2147.82   1897.42
 2574.75   1945.10
 2489.54   2098.18
 2175.65   1633.05
 2369.93   1893.48
 2371.29   1901.62
 2203.42   1660.09
 2385.41   1805.10
 2427.45   1970.27
 2249.62   1829.26
 2270.71   1788.31
 2101.50   1400.87
 2690.99   2088.36
 2378.98   2103.66
 1801.06   1374.14
       p2p2       
 KB/s in  KB/s out
  869.24    647.72
 1057.65    767.68
  779.08    561.49
 1073.20    869.52
  512.71    431.05
  816.47    770.76
  557.93    548.01
  823.97    813.50
  654.90    642.70
  623.72    626.66
  609.69    599.94
  735.95    670.84
  673.96    638.60
  772.06    718.57
  800.43    783.44
 1110.69   1128.97
 2937.42   2750.45
 3279.95   2925.15
 3121.43   2530.95
 2885.42   2266.33
 2638.47   1999.30
 2478.47   1760.95
       p2p2       
 KB/s in  KB/s out
 2279.18   1591.00
 2141.39   1517.31
 1580.95   1184.20
 1985.90   1486.78
 2608.91   2197.38
 2933.88   2455.79
 2849.73   2069.76
 2201.01   1672.90
 2253.63   1725.84
 1890.42   1461.48
 2292.07   1810.41
 2551.60   2136.42
 2326.97   1803.92
 2194.78   1855.12
 2616.72   2170.35
 2207.78   1732.18
 2217.78   1694.84
 2142.49   1608.61
 2276.99   1719.43
 2357.49   1927.48
 2191.36   1687.11
 2479.13   1776.65
       p2p2       
 KB/s in  KB/s out
 2369.86   1773.94
 2285.43   1662.63
 2464.32   2106.32
 1912.68   1521.63
 1947.69   1597.04
 2069.25   1654.29
 2662.05   2184.35
 2631.72   2074.04
 2490.62   1970.69
 2392.70   1792.32
 2168.15   1706.13
 2568.53   2034.52
 2088.95   1846.92
 2317.36   1812.55
 2498.46   1939.97
 2326.28   1802.73
 2423.81   1842.55
 2448.74   1927.87
 2348.02   1869.96
 2493.23   1942.57
 2135.53   1745.38
 1813.08   1579.55
       p2p2       
 KB/s in  KB/s out
 2539.82   2027.51
 2446.88   1961.19
 2545.95   2101.22
 1971.58   1517.22
 2267.93   1688.37
 2371.43   1838.05
 2641.44   2073.93
 2370.22   1921.23
 2353.51   1854.86
 2185.32   1786.59
 2226.52   1880.72
 2150.05   1865.89
 2430.32   1863.51
 2445.70   1992.96
 2278.92   1630.55
 2299.39   1759.79
 2283.72   1725.15
 2355.06   1789.50
 2291.36   1915.87
 2257.53   1642.55
 2203.23   1698.79
 2430.63   2009.41
       p2p2       
 KB/s in  KB/s out
 2467.57   1906.52
 2064.43   1746.85
 2253.32   1713.45
 2314.22   1708.25
 2397.50   1977.10
 2346.45   1845.93
 2173.37   1776.47
 2528.52   1991.76
 2266.03   1840.56
 2165.11   1731.40
 2237.61   1630.94
 2160.36   1743.78
 2424.77   1809.64
 1992.36   1515.27
 2320.72   1927.63
 2462.20   1842.15
 2225.04   1780.52
 2360.85   1946.69
 2433.60   1901.63
 2248.89   1764.46
 2530.84   2005.77
 2134.60   1660.88
       p2p2       
 KB/s in  KB/s out
 2217.64   1746.46
 2269.16   1746.51
 2234.18   1898.71
 2205.87   1816.81
 2184.05   1653.49
 2513.58   1970.16
 2367.86   1736.38
 2240.46   1772.13
 2489.74   1824.12
 2437.53   1990.62
 2129.72   1727.69
 2392.54   1844.08
 2116.27   1691.44
 2281.20   1690.49
 2088.23   1672.63
 2520.48   2007.94
 2544.53   1997.28
 2438.50   1763.41
 2343.03   1725.23
 2266.01   1941.46
 2280.71   1974.95
 2614.39   1937.21
       p2p2       
 KB/s in  KB/s out
 2422.48   1802.66
 2342.18   1921.17
 2170.79   1739.67
 2391.99   1756.46
 2234.35   1607.20
 2243.54   1856.58
 2148.65   1651.86
 2340.73   1964.54
 2222.70   1707.78
 2385.70   1791.76
 2305.43   1772.98
 2525.65   1842.20
 2255.59   1775.26
 2303.90   1891.84
 2376.79   2009.61
 2317.15   1732.70
 2301.87   1666.56
 2262.80   1789.52
 2277.75   1628.99
 2190.90   1749.91
 2436.18   1974.87
 2410.44   1806.24
       p2p2       
 KB/s in  KB/s out
 2091.59   1655.10
 2374.27   1940.92
 2360.62   1920.06
 2109.02   1526.85
 2531.95   1902.53
 2048.13   1442.44
 2449.88   1887.86
 2343.74   1704.46
 2366.62   1954.44
 2205.11   1635.16
 2106.12   1721.48
 2312.92   1856.51
 2355.53   1881.66
 2554.32   2055.72
 2444.10   1960.84
 2376.29   1887.10
 2260.43   1748.53
 2644.18   2116.05
 2497.41   1982.71
 2294.84   1756.63
 2190.06   1915.50
 2142.48   1757.14
       p2p2       
 KB/s in  KB/s out
 2324.97   1732.80
 2200.10   1555.82
 2391.98   1771.55
 2142.74   1636.99
 2261.79   1682.23
 2389.91   1885.24
 2561.90   1995.57
 2250.89   1726.42
 2205.04   1788.06
 2597.13   1943.99
 2206.54   1932.87
 2238.33   1967.74
 2481.84   1969.24
 2380.67   1960.46
 2332.21   1880.51
 2146.04   1559.75
 2424.30   1848.04
 2249.30   1580.16
 2192.66   1770.81
 2167.76   1594.83
 2199.14   1722.90
 2217.55   1860.78
       p2p2       
 KB/s in  KB/s out
 2035.58   1588.35
 2513.87   2016.12
 2487.38   1969.91
 2312.31   1881.99
 2177.86   1705.51
 2400.05   1739.98
 2216.59   1652.30
 2232.38   1640.60
 2443.42   1924.32
 2300.75   1776.60
 2489.79   1762.78
 2488.64   1943.74
 2253.26   1671.16
 2303.98   1993.58
 2329.19   1950.08
 2509.12   1930.07
 2259.42   1793.78
 2205.58   1877.11
 2435.29   1909.50
 2170.65   1801.54
 2589.84   1993.92
 2706.55   2308.15
       p2p2       
 KB/s in  KB/s out
 2271.51   1725.27
 2280.76   1720.10
 2335.48   1846.92
 2090.69   1518.69
 2128.54   1829.04
 2272.29   1828.49
 2203.74   1672.83
 2308.47   1894.00
 2466.61   1907.81
 2332.14   1892.78
 2482.80   1892.46
 2196.86   1698.14
 2298.80   1715.55
 2329.88   1921.24
 2217.70   1845.46
 2231.81   1885.96
 2291.81   1727.19
 2435.12   1953.02
 2430.26   1867.57
 2221.01   1606.53
 2261.02   1540.65
 2527.15   1994.82
       p2p2       
 KB/s in  KB/s out
 2281.86   1684.45
 2316.69   1882.13
 1922.49   1566.70
 2320.36   2157.85
 2486.63   2009.48
 2541.40   1942.73
 2399.56   1860.42
 2376.37   1985.72
 2297.31   1768.54
 2176.28   1653.23
 2476.33   1927.50
 2202.14   1629.91
 2159.71   1725.34
 2571.27   2098.27
 2334.43   1711.67
 2376.87   1757.39
 2314.91   1666.33
 2300.16   1786.84
 2476.69   1853.44
 2289.53   1795.55
 2426.92   1791.19
 2263.46   1849.86
       p2p2       
 KB/s in  KB/s out
 2160.56   1753.83
 2561.55   2000.22
 2553.90   2056.51
 2191.56   1734.93
 2299.66   1773.79
 2367.87   1950.94
 2519.52   1967.22
 2341.21   1863.05
 2399.30   1898.98
 2306.40   1936.62
 1976.67   1558.73
 2001.02   1520.54
 2219.00   1777.57
 2374.58   1792.19
 2188.88   1593.97
 1950.42   1449.23
 2487.18   1993.57
 2312.48   1669.83
 2626.82   2068.35
 2479.10   1915.36
 2260.11   1681.45
 2161.73   1856.25
       p2p2       
 KB/s in  KB/s out
 2271.60   1897.64
 2407.42   1798.26
 2414.21   1787.84
 2234.58   1732.70
 2218.63   1684.78
 2466.26   1854.10
 2580.19   2038.39
 2182.31   1608.38
 2284.28   1849.73
 2617.37   2058.01
 2062.71   1844.48
 2386.02   1904.71
 2340.75   1641.08
 2239.21   1721.73
 2494.83   1867.19
 2298.82   1777.02
 2412.80   1742.03
 2438.87   2013.43
 2287.75   1881.17
 2303.98   1808.66
 2493.28   2052.18
 2324.30   2009.17
       p2p2       
 KB/s in  KB/s out
 2345.60   1740.67
 2318.75   1907.84
 2398.36   1845.56
 2812.99   2214.44
 3103.44   2476.86
 3433.42   2518.34
 3026.02   2510.98
 2929.26   2091.51
 2434.29   1937.52
 1841.31   1604.09
 1617.64   1047.30
 1098.54    666.32
 1251.23    969.10
  924.51    735.06
  802.65    681.34
  698.55    633.02
  625.49    570.97
  574.22    579.91
  430.91    401.34
  666.47    671.98
  663.77    654.50
  757.86    757.83
       p2p2       
 KB/s in  KB/s out
  624.55    627.58
  549.54    554.69
  710.41    698.55
  705.64    710.71
  487.68    492.09
  783.57    782.26
  694.83    690.08
  578.38    579.41
  640.41    645.41
 1618.05   1666.27
96588.28  68406.04
124302.4  86560.94
110202.9  84164.65
106882.1  79516.10
116550.2  82591.11
121696.0  72102.29
115470.6  76529.92
115197.9  77307.31
95080.49  71139.80
93572.81  71008.66
119420.7  77303.71
99580.07  73921.37
       p2p2       
 KB/s in  KB/s out
123865.1  90074.66
129175.1  89769.84
95916.20  76045.25
126386.8  93967.58
106783.1  67601.47
112960.1  73037.50
111916.4  77890.19
133321.7  105318.4
106601.9  74847.94
132874.5  83395.27
104502.1  74395.15
98396.00  62502.19
103133.8  74890.32
101945.5  76300.29
114275.3  86657.53
118069.3  79235.86
114986.3  93908.56
96154.71  59846.37
103693.1  78217.83
112177.2  83658.09
125728.9  91191.80
134982.8  101108.8
       p2p2       
 KB/s in  KB/s out
92114.23  76045.90
126389.3  83616.84
107392.7  69601.24
82235.50  56806.56
69972.68  46471.23
98491.94  79109.35
102007.4  74351.53
103723.3  78027.37
89873.17  64178.42
109106.9  82245.29
103727.3  73396.07
93098.25  61450.75
113979.5  79800.78
94782.25  80697.58
101473.3  69271.82
105222.8  74771.60
102037.1  79684.09
110780.6  59682.27
106830.9  74480.75
104538.9  71461.69
129714.2  95799.00
119562.1  85218.60
       p2p2       
 KB/s in  KB/s out
106089.8  68600.19
137640.1  92993.90
101911.2  66553.92
118102.8  77673.33
100879.0  96270.53
114296.8  81395.52
104679.8  73081.78
104946.0  69067.77
112477.6  71111.82
125784.5  101294.2
110862.4  87318.98
85530.82  66967.73
94986.62  66458.04
96622.66  59434.03
107753.0  76453.64
103327.4  74282.38
106790.4  83741.33
105669.2  76047.01
113689.8  79190.19
107200.2  76324.29
117111.2  100695.7
119447.5  70289.81
       p2p2       
 KB/s in  KB/s out
94652.05  57569.23
116738.4  81649.50
105599.4  74615.36
94447.45  73730.91
109861.0  65799.48
111436.8  75196.84
101597.5  72415.53
91087.29  59445.50
107142.4  79465.52
105740.0  70628.17
99417.97  62653.76
112265.1  92070.90
116932.9  89898.56
113113.9  98046.46
111609.8  85688.42
91032.37  69878.33
106791.3  78340.13
138918.8  88730.68
106354.0  68409.67
63338.29  54906.89
89644.67  77031.45
107177.5  83215.10
       p2p2       
 KB/s in  KB/s out
91458.42  66446.74
96542.64  69419.96
100658.7  86931.72
24649.41  23414.29
  794.39    653.26
  950.84    661.76
  848.59    668.13
  785.08    803.25
  738.35    579.74
  729.74    681.69
  548.80    523.36
106245.4  86263.76
111434.1  86017.83
104963.2  80072.70
109979.9  76208.42
118888.5  96311.52
85677.24  58849.48
112285.7  86985.13
106387.2  65711.44
105677.1  68728.58
94655.45  68342.62
120454.9  79268.54
       p2p2       
 KB/s in  KB/s out
96473.32  80874.57
99299.80  66772.63
112989.7  86367.28
105227.6  72429.96
116512.0  76618.32
123400.5  100142.2
89988.76  70174.24
105070.3  78342.19
111354.7  85147.27
92269.62  70833.18
98898.31  69938.10
94389.23  66586.42
97682.30  64797.00
126248.2  80480.36
100342.3  69471.20
119924.7  87469.04
104750.4  63469.90
126861.3  86013.73
88623.88  69162.59
136890.4  98224.32
93898.09  79277.65
98676.26  66036.50
       p2p2       
 KB/s in  KB/s out
104465.5  65855.28
112418.8  61446.06
83486.53  64688.98
106157.5  87729.19
107384.4  84441.17
108601.4  93742.06
87268.44  67861.12
112850.1  83460.72
101409.5  80764.98
101749.8  65704.49
120003.1  79188.39
96329.72  61618.47
116913.6  84431.49
123211.0  84559.46
101583.4  70362.00
113151.5  71204.34
102068.5  71207.52
93670.98  55122.66
95888.25  67028.27
122882.3  90678.71
101098.5  85805.99
101383.2  82308.12
       p2p2       
 KB/s in  KB/s out
97205.85  63613.37
98657.40  72896.53
111775.7  80236.53
82692.49  66811.24
118180.2  89128.99
125715.5  86543.21
97796.99  65964.39
118956.3  109755.4
109363.4  80246.07
100646.4  76228.18
120673.5  88859.70
103072.1  82689.20
91416.91  71089.55
103970.5  80177.54
99276.13  76972.33
112680.1  68350.58
82012.42  62458.31
105268.1  68824.61
100573.4  77353.03
112389.8  83519.75
112435.9  77243.38
104179.6  85611.47
       p2p2       
 KB/s in  KB/s out
117273.4  78098.30
128882.2  94821.67
105059.3  79252.44
77170.72  59551.55
97842.80  68433.95
102337.0  78448.72
96322.59  66315.52
118875.0  87454.18
91626.55  71042.81
94277.84  55899.42
109452.6  87862.80
118782.4  91061.28
111991.6  72705.43
111046.2  88259.71
110581.8  81288.24
80297.08  63653.10
103036.2  77236.50
93164.94  72074.31
123389.0  91983.15
103075.8  77270.27
109326.7  79108.40
103892.4  66476.33
       p2p2       
 KB/s in  KB/s out
105163.4  73024.16
104656.4  69687.43
114433.3  83298.86
131406.1  95742.91
94895.63  74433.25
97650.02  69990.98
96277.86  78808.27
119683.9  86229.43
96629.42  75563.39
96977.60  66822.06
106668.3  90385.31
104802.0  67368.37
99503.76  66016.45
96392.93  77121.30
122252.1  84759.02
96728.03  61477.16
108539.7  70889.84
108637.9  69814.80
99331.40  79713.58
89421.22  69899.31
100449.8  76143.30
118089.3  93221.83
       p2p2       
 KB/s in  KB/s out
49906.62  41464.45
  976.66    861.49
  784.88    727.43
 1068.63    780.80
  728.22    530.07
  664.15    498.95
  680.70    638.21
 8958.23   6767.47
107816.3  71416.38
154038.6  128153.5
122543.3  68006.30
112247.4  80343.67
128450.7  91186.10
91853.62  73061.33
94082.04  58315.07
110206.4  90149.17
119614.4  84256.48
114000.6  78922.11
86552.76  66610.38
110232.1  72506.53
94659.53  78408.98
95840.40  66894.24
       p2p2       
 KB/s in  KB/s out
105048.2  78460.26
127278.2  86732.45
110292.5  79073.68
94971.28  73436.92
94362.39  72929.56
117708.4  82982.26
102569.6  75858.60
105443.9  80815.99
107742.2  80207.87
101216.1  68847.48
94668.51  69589.64
103940.3  70241.45
109039.4  77164.99
96247.49  69980.85
103699.7  73848.34
115975.3  72714.37
124262.3  80328.99
107811.4  66781.62
100527.9  75429.19
112739.1  85298.44
131987.1  108026.3
117639.3  86834.50
       p2p2       
 KB/s in  KB/s out
86688.72  66828.69
130085.1  110014.4
130408.0  88873.66
119831.7  80290.71
128559.7  87337.44
107576.7  82481.16
96932.22  68822.74
98695.80  80312.20
125904.7  93159.14
113697.6  77788.59
121303.6  100351.6
108953.0  69611.48
100386.2  66732.81
111010.6  78891.94
112520.3  83765.32
83839.01  59289.97
108234.7  72137.91
114001.3  95737.58
112623.1  65555.71
96262.28  74156.72
106037.7  75091.14
113038.5  82103.12
       p2p2       
 KB/s in  KB/s out
108919.9  66570.65
107976.8  68750.81
104359.2  80362.44
99486.39  55114.22
109366.5  90869.29
126642.0  94161.14
113307.0  95410.12
107905.9  74221.80
99663.43  69177.62
116594.5  82811.72
109044.8  78567.51
105974.8  82681.48
108650.1  76263.97
120197.4  82470.89
93064.26  62686.95
116243.8  78189.60
109911.9  76235.69
109314.6  73963.87
105904.8  79188.06
98390.38  68358.38
108647.6  80391.51
97151.57  58986.15
       p2p2       
 KB/s in  KB/s out
105918.5  82534.94
90715.03  51923.62
107914.4  79091.93
113066.5  87751.42
102169.1  72776.05
111536.2  79521.44
111539.4  81367.50
108833.8  72943.39
95572.94  86459.72
108702.7  79336.90
106354.7  86308.73
124862.6  92077.98
96486.52  70097.98
104560.9  71083.08
141475.8  88847.32
113709.9  82149.66
106436.1  82908.63
112880.1  88146.07
103640.4  80680.65
108797.4  81673.49
103822.4  75092.11
100126.5  76663.86
       p2p2       
 KB/s in  KB/s out
97129.80  79187.36
104766.3  76038.19
92333.54  59009.16
113881.5  83492.26
111462.4  80802.97
104315.9  70717.34
113641.3  74944.27
111487.1  83404.56
97221.34  65792.15
97507.06  66612.78
92047.20  63516.97
103319.6  85651.46
108138.6  70786.87
102593.7  60997.47
132048.4  105400.8
104696.2  77843.78
105577.6  77043.06
110373.3  102153.6
113341.8  74311.71
120854.8  82284.17
91231.40  68133.88
 1924.29    936.90
       p2p2       
 KB/s in  KB/s out
 1092.20    803.48
 1015.48    705.55
  721.03    545.71
  856.55    697.94
  514.36    466.49
56447.98  40056.37
74729.03  53435.53
124520.8  100496.3
161366.9  105712.1
156710.2  114351.5
125688.6  91197.07
133149.3  95577.32
100456.0  70491.42
104579.0  70085.18
110500.0  79742.80
96474.53  78830.48
95915.76  69769.42
100952.7  77115.90
97117.39  85856.78
106761.2  82283.02
127438.5  101755.0
102224.0  66398.58
       p2p2       
 KB/s in  KB/s out
109152.8  79371.98
96054.12  67158.74
92888.24  70631.14
106437.7  75882.90
112923.9  78454.63
109961.9  71895.68
110122.2  61903.60
127290.2  97761.55
109011.8  66037.22
93939.93  66672.52
99365.09  66193.74
97343.68  70258.46
102172.0  67484.60
128138.3  84823.76
103728.0  64045.34
114847.7  87544.51
103593.5  73182.96
86286.85  54668.35
130216.6  113397.3
112210.7  83658.76
109924.4  79247.69
90322.00  63793.64
       p2p2       
 KB/s in  KB/s out
95703.28  68782.70
102782.3  68535.08
117548.1  91898.34
135198.3  92072.17
137189.1  101390.1
105849.9  85783.34
103577.9  73854.29
116709.0  88694.12
94634.09  67846.28
105975.5  76053.17
104704.0  70729.06
105372.4  66649.48
101803.8  82661.30
122646.9  87531.36
111794.4  79851.88
103516.5  67726.45
114988.9  81234.45
110502.7  88499.06
122107.4  80187.62
107645.7  82079.99
116847.8  93858.93
90772.93  62494.63
       p2p2       
 KB/s in  KB/s out
111417.7  64700.90
94625.67  48717.90
77193.97  54000.40
87964.32  50932.40
124676.2  95935.91
121724.4  83593.12
110739.6  79038.67
115838.6  78322.54
100017.6  73215.86
109833.2  89620.32
106513.7  80039.72
124833.0  81794.79
115334.5  78093.95
116517.2  90923.41
85674.32  56140.97
114176.7  75810.80
91832.41  80103.08
114329.4  91206.11
100317.5  75460.68
116707.6  88910.56
102792.2  75926.34
103720.9  80357.99
       p2p2       
 KB/s in  KB/s out
116434.4  72310.23
93555.73  69692.02
123368.7  97126.65
112629.1  70038.53
117373.5  64216.62
101847.4  74757.35
96626.20  57980.73
113980.7  80262.34
136401.7  107227.7
86908.98  56734.16
72389.12  50988.97
102002.2  69983.54
96675.32  66373.98
111289.6  86517.26
110747.8  81356.77
114622.7  79865.83
116786.5  63359.01
118466.8  85328.35
93473.37  70247.58
122441.1  86836.26
92227.41  54144.98
120771.1  86618.21
       p2p2       
 KB/s in  KB/s out
120610.7  75596.49
111801.7  85865.21
114921.6  84547.20
107264.9  78293.08
110767.9  73978.24
108181.2  77979.66
103171.3  74590.33
106608.6  79476.81
90587.60  67568.88
100469.2  74689.19
98573.16  82487.94
107459.5  79134.80
114448.8  60411.92
110492.2  68534.10
98770.08  61111.86
112813.3  81382.12
124476.5  73440.46
96696.86  71452.77
99734.84  66530.40
98739.21  65902.66
89862.13  59345.71
110246.1  81347.20
       p2p2       
 KB/s in  KB/s out
106049.9  76278.60
102701.0  80304.83
110599.5  99213.00
97694.38  67511.91
115773.2  90937.47
88683.35  67559.98
109276.4  92814.91
113572.9  77354.15
102293.4  65554.03
116049.7  79374.81
108497.8  70765.96
112182.9  81863.44
103875.1  73774.19
119293.8  89094.54
102894.4  77979.04
96526.42  75068.79
100685.2  58956.84
105651.9  77193.11
112444.5  88814.64
96416.89  66413.19
98430.89  72384.48
98263.72  67464.67
       p2p2       
 KB/s in  KB/s out
90519.15  63142.11
113191.0  77425.35
118664.0  77569.23
112807.8  64785.93
105148.6  78290.54
109702.6  78097.88
105674.8  75340.12
112396.4  92180.53
97638.01  65817.45
116035.2  77468.01
94293.87  69927.15
97673.71  79087.67
102678.1  79544.69
101568.5  76334.40
107032.9  77080.27
110043.5  81153.25
110637.9  90476.72
86008.37  67369.56
99455.96  76831.37
103597.6  79171.80
115747.3  86287.07
104700.5  79633.75
       p2p2       
 KB/s in  KB/s out
111349.9  78578.73
106648.9  77765.27
103466.8  81948.11
118309.6  86613.85
103943.9  84750.77
94292.26  66616.32
95986.54  66658.16
110136.1  81218.26
126480.5  101296.8
105241.9  89782.88
120291.5  79880.84
107775.9  75290.89
101367.8  74732.51
98638.94  74102.37
101602.1  75910.91
90719.93  50761.80
100054.3  63530.32
120034.8  81122.97
124877.8  100607.7
115282.7  81148.58
99641.86  69898.96
118055.9  77902.13
       p2p2       
 KB/s in  KB/s out
102799.3  80834.68
119689.2  87372.46
100858.8  76404.69
102310.6  70223.47
128034.7  103390.7
99856.97  79223.15
89585.36  60171.48
91986.20  71174.79
113085.7  83293.65
98485.07  62377.12
108830.3  79516.17
127919.4  80558.79
104598.8  61691.71
110088.4  74516.72
99034.31  67858.54
93731.04  64078.84
102876.8  70684.00
124650.8  87264.87
119428.8  90801.26
94941.96  68830.72
119658.1  85246.15
82299.86  65943.35
       p2p2       
 KB/s in  KB/s out
117467.3  77807.85
107746.3  78595.14
107037.0  79075.26
115873.0  82949.69
98405.56  69525.56
104154.0  59019.54
125450.1  105873.2
115842.5  88081.46
134236.3  101979.7
112529.2  79404.92
76445.19  50068.24
97745.65  69676.05
98752.07  76116.49
109563.3  78477.90
112450.1  84003.96
117410.9  85368.04
94569.10  57497.76
108487.1  72823.21
101571.6  64296.04
116798.2  83631.72
108798.9  80075.74
107856.3  77352.34
       p2p2       
 KB/s in  KB/s out
108070.9  78056.21
113310.0  91078.16
115813.1  70417.62
106968.4  77786.13
117799.8  79197.04
89784.65  76276.01
93926.64  65663.95
88417.34  51782.76
104406.0  81346.66
118701.9  89366.32
145153.0  85361.77
116775.6  65493.91
107834.8  74953.00
100350.4  60810.77
98999.88  79860.76
112071.7  73267.44
127765.6  107599.0
114919.8  89010.45
109683.3  78352.88
89062.51  68459.67
106238.6  69599.57
97668.07  77085.00
       p2p2       
 KB/s in  KB/s out
123078.2  91574.70
106749.0  74906.38
102409.7  68132.25
92301.97  60466.63
105120.1  90541.42
112683.0  80332.83
111710.5  81739.96
110435.6  68111.47
100555.0  73385.43
106611.3  72481.43
92251.00  78969.13
101065.4  65730.53
111706.2  88248.17
114153.2  81310.05
96581.48  72204.96
87201.85  57237.86
127310.9  85580.73
108643.9  85180.93
124399.8  83841.34
107722.8  80681.18
118061.8  102451.3
93845.61  59957.20
       p2p2       
 KB/s in  KB/s out
99652.50  88752.18
106144.6  84636.55
108339.9  80116.78
119155.1  80622.27
128962.1  102666.8
123670.1  85609.58
102083.4  78338.49
106232.0  77257.49
116219.6  82661.24
111552.4  80300.24
107687.8  75051.31
101778.6  74049.16
118733.3  73642.33
96094.94  66848.81
99349.04  61515.41
109145.4  82652.83
97769.56  73805.93
115683.9  78323.03
109116.3  70551.70
125459.3  79678.22
120214.6  86495.14
81663.08  66341.44
       p2p2       
 KB/s in  KB/s out
103843.8  74921.40
117869.2  79965.68
53246.82  26565.63
29594.30  18259.98
10613.70   3088.06
 2411.05    565.05
  830.01    694.90
  569.91    546.52
  733.68    671.62
  782.97    714.11
  705.17    692.61
  603.47    566.75
  600.75    620.75
12470.29   5652.72
 1840.15   1823.38
 4326.33   2788.57
 6324.04   1753.35
50676.62  33756.18
188391.1  133851.4
218310.9  188562.8
229246.3  164682.4
169901.0  127867.6
       p2p2       
 KB/s in  KB/s out
176529.7  144656.1
135204.6  100918.1
113017.3  69936.64
69786.79  46281.77
100668.0  81210.36
56396.00  44932.75
61120.43  36380.54
51186.86  32833.20
125532.4  84541.92
187856.7  154969.4
167258.1  124677.4
130644.4  99908.69
117639.8  82631.53
80034.30  54761.34
80552.61  65849.39
83682.03  62643.92
84855.78  64092.35
120743.5  87105.18
102696.7  73982.58
119837.1  77648.28
134734.6  101627.6
111673.4  68096.21
       p2p2       
 KB/s in  KB/s out
89542.79  69618.66
138926.6  100795.4
98719.96  63540.17
83798.77  60013.79
87884.14  47104.18
86566.47  54481.61
91200.09  68551.15
105684.8  69303.15
133079.1  94445.08
147543.9  119517.5
110949.4  88987.95
88182.58  67742.38
99895.38  77656.87
92455.23  59350.81
91918.53  76115.55
135114.1  104867.1
112735.1  71475.56
132144.3  90132.44
105100.7  72038.03
91771.06  81013.80
86962.78  72350.73
95833.43  78015.21
       p2p2       
 KB/s in  KB/s out
85221.74  64172.62
109098.8  82171.98
115637.0  77335.71
95155.25  63484.11
110417.9  76543.13
118224.1  85683.69
82830.03  69053.67
111789.2  74565.67
108324.7  82426.34
92817.74  73096.96
111087.4  82044.81
97126.55  70530.55
81868.48  60958.43
101059.5  74021.73
110370.4  77947.62
110604.9  79763.81
142034.1  112419.0
116342.0  81540.99
102469.7  69607.09
113037.5  82996.81
98816.95  74137.97
101933.4  71256.76
       p2p2       
 KB/s in  KB/s out
121329.6  90348.21
115653.0  86424.29
127260.8  93414.41
122377.9  87734.39
68349.90  44274.79
116054.2  84958.14
99885.98  75732.14
98060.49  72384.75
117180.1  83766.45
95248.05  67779.72
130818.1  90840.38
113433.1  89032.73
120726.6  86733.33
126669.5  104568.1
114125.3  73406.02
115966.1  74229.61
93427.69  61669.61
111186.5  85305.39
88346.12  66371.76
108152.3  70994.26
93741.14  72758.24
125919.0  92633.63
       p2p2       
 KB/s in  KB/s out
117711.3  97653.65
112805.3  88602.94
115594.8  72722.70
105527.0  66653.75
88090.37  58887.69
92432.73  54632.26
99633.57  69419.68
118065.4  81966.66
110115.1  78986.78
132775.7  86656.47
103119.6  76094.08
113462.4  90864.70
97812.42  78468.07
93582.73  68192.68
77423.75  50029.62
106047.0  77011.58
102506.9  67001.03
99974.81  69365.37
119007.6  90775.80
110540.1  81040.90
128785.6  99651.05
107041.0  72457.61
       p2p2       
 KB/s in  KB/s out
95945.74  69302.32
104828.5  68558.32
94406.76  69925.69
81600.39  54017.57
83730.70  59014.66
111653.5  70304.60
116033.8  82968.20
121583.7  87085.47
123237.7  87843.39
99513.92  76784.89
103764.4  75988.30
80652.02  53974.28
96818.34  62949.56
92766.36  58993.74
103906.7  70734.27
104972.0  78874.56
141210.0  87802.56
127976.2  95771.94
106603.8  73943.98
115731.1  80097.57
93536.34  60268.23
90758.78  62370.52
       p2p2       
 KB/s in  KB/s out
88139.98  69801.83
92651.95  65524.83
98080.66  63722.15
98073.65  66264.73
115582.6  86507.77
129421.9  96245.18
125297.1  91965.13
114729.5  91672.81
100377.3  71203.34
101174.6  69853.75
95600.55  63651.47
94581.09  62180.28
109765.5  82554.28
100479.1  66151.95
116329.8  71781.76
116904.4  80611.16
96667.60  77681.22
116714.5  90096.48
104080.6  79973.34
102245.5  69850.01
109236.4  78083.59
104885.4  72388.65
       p2p2       
 KB/s in  KB/s out
111241.1  78689.90
105072.6  80581.69
144326.4  103365.8
113417.3  94529.27
110292.8  77957.29
96579.16  65341.70
90079.92  60146.01
110965.2  79264.08
83277.63  63820.58
88716.44  65818.53
100230.8  84023.17
114563.0  102177.5
90742.79  72487.08
105765.6  73899.96
131660.8  105039.9
115867.0  80207.89
127056.5  94263.87
100576.8  74169.99
103986.5  79408.31
99756.19  81000.49
94781.09  67330.35
112909.7  69526.29
       p2p2       
 KB/s in  KB/s out
86941.81  55146.22
115574.9  87792.48
113371.6  86306.75
107023.9  80201.93
94008.91  70563.11
105532.8  69882.93
116231.4  76183.91
79910.65  68599.19
110111.1  75739.14
113012.8  70162.76
105586.5  69741.35
142749.0  114573.4
123641.5  84182.18
120463.1  92622.95
96359.13  64686.41
89078.61  59668.34
90929.65  66803.60
91262.24  66066.79
94989.41  69655.25
98276.27  76025.37
122871.4  85798.72
120033.1  97399.01
       p2p2       
 KB/s in  KB/s out
143428.5  89531.75
85890.73  68046.96
102571.3  73265.31
90550.40  56425.33
105496.2  66025.77
87723.65  66494.25
112101.5  85357.69
96963.75  62611.43
106089.6  76109.41
119271.5  88713.86
107224.4  54436.75
116946.5  96961.67
100473.9  70600.93
96700.29  81680.79
103871.0  72228.68
76046.56  59858.96
92079.22  70471.23
104795.2  75647.60
124343.0  86465.38
131920.0  99270.90
118149.3  84901.45
115057.6  74050.86
       p2p2       
 KB/s in  KB/s out
109297.8  78340.12
94313.33  60220.20
97680.70  70674.79
90610.90  67831.77
92024.46  75239.23
98967.48  76548.40
106005.7  70460.99
131334.1  98235.85
130340.4  95577.23
105871.4  84535.06
102411.1  73955.70
102145.9  78447.83
94979.40  67086.90
90039.58  61299.70
103023.9  74312.03
104389.0  92412.36
127817.9  84605.48
106806.4  66536.03
112661.3  91927.22
130548.4  90514.09
90174.11  58387.53
86005.34  60322.45
       p2p2       
 KB/s in  KB/s out
104746.3  71891.52
92533.52  69727.04
107056.5  70687.65
100874.3  61370.23
120302.6  76592.00
134063.3  119535.4
135900.6  105988.2
120203.4  77008.80
131590.5  91385.34
84139.42  64139.61
84440.20  52592.30
97145.02  78629.44
73944.01  48548.41
84207.12  61104.17
105863.8  65242.44
124584.5  86051.91
135692.9  97321.24
132750.5  89896.42
105510.8  79949.51
100448.9  75987.25
106012.6  65079.63
99809.73  78842.61
       p2p2       
 KB/s in  KB/s out
105611.8  78030.58
99072.27  69310.96
104629.0  78457.95
117932.7  84018.09
108278.5  74391.57
117887.5  96231.74
119096.3  75788.98
106918.9  87087.78
101979.0  68845.56
83184.29  52031.05
98040.26  72381.17
103046.6  73420.00
99409.95  75670.35
148377.9  110366.0
127140.9  91627.47
130622.9  95587.50
93523.42  68947.13
88257.78  61227.11
69538.47  55478.97
81294.49  63457.78
79927.53  49772.09
100311.9  77601.63
       p2p2       
 KB/s in  KB/s out
131706.8  94283.41
143366.8  106835.0
130693.0  87308.47
99941.01  67992.93
118470.4  96683.03
109971.5  90712.64
147274.7  113266.4
140807.3  107490.9
146456.8  121960.5
109551.5  88249.88
98830.81  63259.47
117317.2  80630.53
114374.4  91590.73
107359.2  77108.95
69704.81  42683.08
18790.80  14937.46
 2671.90   1871.92
 1036.68    692.38
  954.61    765.47
  694.69    625.32
  726.71    705.30
  709.89    685.96
       p2p2       
 KB/s in  KB/s out
  781.25    789.71
  568.06    525.87
  567.07    558.66
  738.11    750.81
  714.54    710.70
  787.53    778.94
  679.82    684.82
  721.65    718.94
  632.73    618.68
  759.01    778.86
  674.82    600.72
  922.25    879.81
380990.4  258837.8
487876.7  361428.3
474542.5  391299.3
487870.8  384695.7
468917.7  306852.3
448354.4  327781.1
464029.1  376678.5
462338.1  279417.7
461044.9  349209.7
502711.0  391821.9
       p2p2       
 KB/s in  KB/s out
486931.9  416251.0
399971.6  372145.2
443848.2  314135.1
437523.8  390054.4
513817.2  368534.8
414453.7  393589.8
504540.4  319245.9
486989.9  251368.3
503383.8  463113.1
478383.8  410471.7
478308.7  342676.1
467923.0  354060.0
450533.6  399112.3
470638.2  215535.8
442221.5  348228.1
400210.3  424859.4
422689.7  338659.7
425024.9  305780.7
433167.5  395932.9
445980.3  298398.0
443904.7  315872.7
428266.7  324181.1
       p2p2       
 KB/s in  KB/s out
467992.2  357868.0
491051.9  327341.1
453568.3  393366.4
469762.6  311958.4
438507.6  354715.9
369716.0  301852.2
444976.2  323440.5
500081.9  343561.7
505902.3  353344.3
363875.3  282916.5
454300.6  252859.5
372250.3  304243.3
425737.9  285706.5
400425.1  255230.4
479561.8  234508.7
467707.5  301059.3
405285.1  306789.2
442189.0  294640.8
571817.6  411753.1
454197.6  398526.5
419385.0  327732.7
481634.7  253954.2
       p2p2       
 KB/s in  KB/s out
453601.5  396524.9
386810.6  262067.4
483365.9  341602.7
452002.5  267214.8
474403.7  397945.0
457547.1  371474.6
392183.6  295416.0
393391.2  360184.3
414493.9  242149.9
415529.8  288311.6
461304.3  328198.2
423559.3  317055.9
413058.9  369029.2
418398.4  257177.3
420287.2  291967.7
436835.2  290633.2
473721.4  312539.9
427857.4  358060.3
391570.5  259382.8
435934.2  280956.6
439939.1  300529.4
454279.6  302973.2
       p2p2       
 KB/s in  KB/s out
422288.8  259409.8
499079.7  379097.1
516149.2  450465.0
151868.8  48329.54
288466.8  262881.9
439201.1  375305.2
468513.7  358926.9
474346.0  340415.7
417750.8  309960.5
472084.4  277755.4
462161.0  276390.9
469617.1  302483.5
531939.0  376050.9
436600.8  396983.7
421371.6  304616.5
452397.2  310166.6
446170.9  249365.5
463645.3  243218.2
491295.3  377834.8
483144.8  379590.4
402425.9  227045.9
401943.3  345575.9
       p2p2       
 KB/s in  KB/s out
416399.2  279865.7
427360.8  412591.9
428637.9  334690.9
424362.2  173783.6
441527.8  327120.7
411483.1  252712.7
398794.7  287924.1
393579.3  248947.6
401918.0  265622.2
442792.6  283275.3
398335.1  292332.2
457336.9  317794.9
404723.3  281541.7
429998.4  323114.0
344211.4  225413.7
356563.6  223101.8
139675.7  145388.2
23181.37  20884.71
 5997.96   2823.33
34359.00  39344.26
 3906.50    651.85
  649.85    548.97
       p2p2       
 KB/s in  KB/s out
  892.62    847.72
251484.7  136091.3
493691.6  321422.7
432230.5  387456.1
475262.9  424882.9
466008.7  396567.0
467722.2  413772.5
462178.6  373073.0
429390.8  337212.0
484457.6  363642.9
468618.5  319586.0
438508.8  307232.8
444888.2  359069.1
411655.6  316566.2
401545.0  313107.3
391421.8  325959.8
317815.3  248215.9
237738.6  162833.5
514972.4  342684.2
482279.6  347539.7
465785.4  369502.2
471820.2  303245.3
       p2p2       
 KB/s in  KB/s out
386603.6  175512.4
481793.8  339516.7
432953.4  387691.2
426247.7  329421.7
395457.7  273745.3
418497.9  370478.9
425106.2  349549.9
416555.5  257861.7
372982.7  282249.0
398003.6  281664.2
396636.0  316407.4
444664.6  387893.7
437308.6  362511.4
462110.4  316269.9
490110.0  339205.9
412387.1  285019.0
460599.6  313382.7
430518.8  348631.2
425567.5  325542.9
387797.3  339181.7
426976.6  351380.2
438983.2  291205.9
       p2p2       
 KB/s in  KB/s out
444489.2  280912.0
484867.3  302002.5
476364.9  275581.1
431483.5  305813.7
466449.3  363056.5
450765.2  331750.7
317949.6  280233.2
387940.0  313591.3
520946.5  312511.3
450551.2  285492.8
494120.6  332284.8
419002.2  332854.6
416672.4  362086.1
427657.2  318929.0
433877.3  274730.6
409968.7  229770.2
403961.4  269503.8
441247.7  390314.2
459084.5  352783.8
450335.3  325642.0
474958.2  317396.7
449232.0  361254.5
       p2p2       
 KB/s in  KB/s out
481878.5  386986.1
482520.8  430074.2
430029.8  326570.4
450243.1  344370.2
391759.1  281306.6
365335.2  253458.9
410473.7  363007.5
362849.6  276816.7
408962.0  319033.1
407692.9  346137.1
417150.1  375296.2
400094.8  310929.4
374919.8  210369.2
391116.2  240258.8
491603.5  337856.3
422103.9  298231.6
444284.6  366239.2
421925.1  360369.8
406363.8  329764.6
447656.2  322378.1
457985.8  238230.1
430476.0  245014.9
       p2p2       
 KB/s in  KB/s out
480997.1  322488.0
439873.8  391462.5
464808.2  392310.6
462064.5  376221.8
423384.3  334757.4
405676.4  274124.7
424417.1  312492.0
436786.3  281483.1
407983.0  317879.7
364592.3  290054.2
414310.6  304807.8
404425.0  281894.3
345038.8  275639.9
414154.0  304593.2
389816.4  260250.9
427107.3  257563.5
388057.8  205405.3
296857.7  161971.0
311999.9  179080.9
403217.6  294428.7
468285.2  336828.4
434260.5  292340.4
       p2p2       
 KB/s in  KB/s out
319177.2  164635.5
395452.0  266715.4
481812.1  349649.0
429937.7  256258.5
450948.2  281357.1
439207.1  304840.3
390503.3  292580.6
393508.7  289257.0
415939.7  281267.7
459333.5  303742.5
451631.5  376977.5
427413.9  313899.8
421004.8  327375.4
423340.1  298880.4
432011.4  285996.5
446410.6  293191.4
449438.6  270419.1
454901.6  373975.7
451270.2  379879.1
366911.2  280532.2
423383.6  318255.3
423428.4  293883.6
       p2p2       
 KB/s in  KB/s out
397039.9  251608.9
401323.8  270151.0
427167.1  325381.9
217670.9  121456.0
114243.6  57091.06
156980.8  65761.97
113882.5  73118.53
12846.50   6224.32
  626.48    552.48
  785.94    643.52
  798.25    693.56
  763.76    632.43
 1000.11    981.90
359352.0  289097.1
398840.3  288410.0
346545.4  234349.5
433226.7  339446.3
411077.5  298240.9
496786.4  358701.0
474779.8  332821.2
441603.0  310041.5
478474.0  336199.9
       p2p2       
 KB/s in  KB/s out
526065.3  422788.3
492134.0  366646.8
479259.7  392669.5
502345.6  383692.2
467168.4  332530.5
496782.7  317213.2
471158.1  260547.0
456984.5  314032.0
426758.6  265138.4
421995.8  333223.1
393669.5  248463.2
153524.1  77966.83
202315.0  155034.4
502131.3  378258.5
418192.3  288575.3
474773.5  256982.4
526382.7  398933.8
348170.9  212983.6
387723.9  235977.0
449913.0  333799.9
422310.9  373610.2
415379.7  383366.6
       p2p2       
 KB/s in  KB/s out
489399.6  435771.6
475397.9  379775.6
442693.5  393112.6
398589.1  310520.7
411813.5  313999.7
445583.2  366562.7
411654.8  351597.1
440807.4  291952.9
471734.8  376285.3
428989.0  342896.7
450013.7  345097.3
440523.3  330896.7
429245.7  306840.6
459852.0  337833.3
513011.4  400308.1
488393.1  302252.3
458173.6  382816.6
432636.0  258748.4
484093.4  365602.9
473973.9  356492.0
485843.7  356026.4
457301.4  343073.5
       p2p2       
 KB/s in  KB/s out
416821.6  389027.4
470381.4  370575.0
435800.5  296175.2
426116.9  289215.7
425078.0  275100.1
331494.4  234312.8
381134.9  280733.6
355750.8  269773.2
319509.6  294444.3
478786.0  331441.1
423040.2  273334.1
481292.2  368875.1
493307.2  371518.3
442995.3  330038.8
475867.0  352966.8
455970.5  371826.9
377453.5  310953.5
425270.0  309390.8
464123.6  330129.0
487326.4  353208.3
462817.6  292525.8
447652.0  281937.8
       p2p2       
 KB/s in  KB/s out
352106.0  221842.6
437973.3  299304.2
422435.9  283799.3
487967.7  350075.8
425550.9  299588.1
345120.3  175358.3
191923.0  99210.51
401881.1  306095.3
450254.5  337745.1
358946.8  251309.7
328218.9  256923.9
393198.5  305223.9
466115.9  371930.0
474681.9  366947.5
486217.6  321585.6
377064.0  327906.2
482894.6  359343.6
463123.3  325306.9
481975.3  323806.0
178998.1  78943.74
464198.0  297572.5
467995.1  408313.5
       p2p2       
 KB/s in  KB/s out
509868.0  396447.9
473141.5  337711.0
456082.5  318388.9
519774.2  362225.8
477246.5  359787.7
374430.3  268601.4
351578.4  206155.7
305941.0  210198.1
505596.9  320760.4
338179.5  247802.4
476110.0  317247.9
501750.1  377749.4
361608.3  165006.9
405619.4  332429.0
294955.0  195320.3
475931.4  384181.9
409431.0  355711.1
266175.7  215583.9
182887.4  132661.3
378905.3  260726.2
452146.0  281414.5
343688.8  210272.5
       p2p2       
 KB/s in  KB/s out
231960.1  167275.7
162367.0  129533.8
119942.4  87888.60
388849.9  269447.4
208233.1  124077.3
473871.0  334114.0
458583.6  324733.6
423888.4  346871.8
434943.1  371751.4
444566.4  321366.5
449083.0  275013.7
501076.5  307392.0
527237.8  350393.6
487048.1  318461.6
487544.8  309957.9
510440.9  337157.1
480379.4  321863.3
452710.3  325539.8
507043.0  338187.9
473793.4  324774.6
451598.3  315702.2
479299.6  310721.6
       p2p2       
 KB/s in  KB/s out
448900.0  294249.3
450998.3  241799.8
440485.6  335942.6
285539.7  218476.1
476970.5  372259.6
416544.8  342871.6
388866.4  250024.1
476879.7  320403.6
449656.5  302518.2
441633.7  334026.1
463142.4  320528.2
409798.7  289472.4
306549.4  182628.6
476013.4  289332.5
400958.7  264010.3
511497.1  370214.3
463408.4  375810.3
385666.7  240457.8
477526.3  360342.9
434368.5  309127.1
444896.4  311747.7
446154.9  313006.8
       p2p2       
 KB/s in  KB/s out
440551.0  333849.9
413105.5  299897.4
490841.7  376703.5
458725.1  364031.4
378010.6  328041.7
405176.9  327414.9
398555.5  309589.5
215959.7  154074.9
345292.9  237419.2
473788.8  299484.2
393042.1  224765.5
364624.7  244501.0
458986.3  296805.1
473597.2  305311.2
466711.6  284971.3
461404.2  318482.6
454166.6  296144.3
446685.0  333159.3
443418.7  325088.6
395045.7  246339.0
447622.1  297533.7
434867.0  284839.9
       p2p2       
 KB/s in  KB/s out
409150.1  290203.5
458014.4  308808.0
456715.4  287664.3
457898.3  308375.5
481081.2  341925.8
450020.6  343009.0
444664.8  364060.0
405437.3  291418.0
415521.3  311634.2
423556.5  321626.7
476064.2  357881.3
472154.0  361351.1
491040.3  367189.2
421264.0  315945.5
459738.7  353863.5
471492.6  349598.0
496927.0  357959.2
495577.2  320115.5
359744.7  291027.5
450235.8  311384.0
473159.1  340385.0
435393.5  306411.6
       p2p2       
 KB/s in  KB/s out
468669.4  328830.2
480349.6  328770.5
438998.4  332850.0
392136.0  275175.4
463250.8  335041.7
499423.0  359078.6
478950.0  320774.7
468751.2  350086.8
478788.4  344240.3
490776.2  334172.8
429608.4  314408.9
434266.0  306380.6
442233.2  300139.4
501038.4  353564.9
427335.8  310749.1
422230.9  350968.0
462262.2  369512.9
466877.8  329083.2
530896.2  364371.6
464662.4  340968.9
414811.2  304458.9
442442.8  335566.2
       p2p2       
 KB/s in  KB/s out
408759.3  284766.0
355041.7  236555.3
383255.3  270201.7
301681.6  198362.7
205063.4  131434.6
324999.3  247211.9
320350.7  233077.7
466174.2  388993.8
433507.5  338803.5
464495.6  349999.9
395859.2  236708.7
343767.6  198488.1
407093.1  322565.0
350976.6  180877.0
430538.8  308819.0
445559.0  305415.8
482912.3  329879.0
408254.0  305475.3
468709.7  350903.4
466418.3  377827.9
450346.5  351965.5
460567.1  331687.1
       p2p2       
 KB/s in  KB/s out
448124.2  309401.7
445972.8  299987.0
504744.0  370686.5
525581.0  399355.7
521614.4  389188.0
473719.0  366330.0
403767.3  326066.6
235958.2  215495.8
422224.6  361903.4
430369.1  354447.3
510187.6  375530.2
453881.4  315998.8
404019.1  298190.6
334079.7  243067.5
478791.9  345501.6
412244.9  278414.9
185532.7  124507.2
471951.6  327990.4
459175.0  344699.4
421812.0  320625.1
271876.2  238885.8
442503.5  337917.8
       p2p2       
 KB/s in  KB/s out
455684.5  352622.7
430381.9  315721.4
430479.0  329562.3
440915.0  296662.6
476426.6  328927.1
435681.0  300320.7
326768.3  223958.5
452250.0  331581.5
446452.7  364393.7
486053.6  378308.7
404109.2  330203.3
430444.6  291331.5
399697.8  271906.6
450219.5  277191.5
282459.3  211187.1
116506.0  85985.71
473445.3  349622.2
441806.6  328227.7
472842.7  371230.6
459588.2  378328.5
451855.9  340396.2
445028.4  294410.2
       p2p2       
 KB/s in  KB/s out
446151.7  320450.1
420365.2  298683.7
460857.9  365714.8
472866.9  352103.6
427164.2  327276.2
413058.6  283384.9
404247.7  276503.7
448895.1  298919.4
487620.1  335598.7
448421.9  314391.7
462412.9  281394.6
442491.8  280918.2
430607.8  291098.6
349773.1  282482.6
451164.2  342990.9
437877.4  324532.0
501015.0  346575.5
453560.7  294353.0
431405.5  341409.0
432140.1  325994.3
394935.3  332348.0
431435.8  352490.9
       p2p2       
 KB/s in  KB/s out
462793.4  276262.1
463126.3  255242.1
507334.0  340222.3
420406.6  336560.3
458468.9  335504.9
461595.8  282448.4
449103.9  330781.5
432638.5  177108.3
342419.7  248209.3
340123.5  199792.2
341723.0  412116.4
74703.48  82006.27
 3965.25   1793.17
  961.94    753.00
  634.55    471.47
  913.41    758.08
  698.93    668.50
204865.4  190095.9
333938.1  234941.3
127822.9  93426.12
367236.2  250298.1
423580.6  287901.1
       p2p2       
 KB/s in  KB/s out
315180.7  222407.3
306741.8  211591.0
261310.7  178934.4
319649.9  215682.9
438808.7  290018.8
574620.7  399161.9
428170.5  280644.8
202998.7  119742.9
198647.5  133534.9
474750.3  327858.5
445436.4  308109.0
501151.1  388978.0
339738.7  160852.3
385291.5  258218.6
472526.3  313873.4
522723.1  452815.9
491577.6  400910.7
462815.9  373919.0
464864.0  325269.3
514907.9  360074.0
459472.1  325750.6
531555.0  400209.9
       p2p2       
 KB/s in  KB/s out
350594.8  237437.9
277605.1  272288.8
392176.1  309522.8
207388.5  144258.2
301009.4  224520.0
301748.5  232719.2
448954.1  321621.2
422594.5  283883.9
504331.4  407808.3
486879.7  376600.0
426453.5  345939.0
481871.4  351061.0
490801.4  368891.6
490638.3  336929.4
370565.3  322325.7
383425.4  273967.3
316190.4  228620.6
470506.3  331946.6
230362.6  164850.3
461523.9  336358.1
417893.1  316007.6
187995.7  135492.7
       p2p2       
 KB/s in  KB/s out
78987.91  49294.08
263307.5  199550.1
64342.77  43667.03
190807.6  143483.7
358719.1  251472.9
485974.5  366228.6
490856.3  312904.9
486985.6  333147.7
451502.6  329554.7
455373.6  357710.7
214962.3  104458.9
121420.5  62651.87
314394.7  246760.0
436939.3  285205.0
533073.6  467794.7
490436.4  388790.0
497494.7  367523.7
498027.2  300684.3
515422.6  376868.1
496757.2  326174.9
530958.9  384524.4
521913.7  446179.2
       p2p2       
 KB/s in  KB/s out
458015.8  327280.5
510104.3  362942.6
483402.9  380262.8
423182.0  402270.1
443791.6  347790.9
442832.5  341792.5
205579.1  162262.2
478145.6  360353.1
436683.2  336088.9
493134.9  389114.4
311507.7  216455.7
489682.6  377063.2
257827.4  170225.3
331060.0  260599.2
92991.46  81539.11
149441.4  101337.5
116744.8  92420.09
158120.2  125110.6
391952.5  294178.5
367254.1  275348.8
65803.24  49653.44
458734.5  355047.5
       p2p2       
 KB/s in  KB/s out
520693.7  396548.9
380939.0  269347.0
515429.6  398586.8
458365.7  336906.3
459514.0  328621.9
446818.8  322746.1
419880.8  298757.7
304327.0  204333.2
526160.2  349367.3
366383.6  276317.6
423922.8  299198.0
115043.8  90930.71
124314.3  81218.52
275320.1  201662.6
450578.2  340598.3
316680.1  223334.1
321324.9  221375.2
538701.6  412607.6
476131.2  348314.1
463953.0  328723.8
438499.4  312353.2
441644.5  289784.6
       p2p2       
 KB/s in  KB/s out
383594.9  278428.8
302699.7  201917.2
505214.7  338569.0
458494.4  301304.9
317359.6  239065.9
402062.1  291651.4
443120.6  333463.6
456361.6  323985.4
361220.7  255824.4
426075.8  308888.3
464060.2  343734.0
458703.8  321823.7
404774.5  276554.8
404419.4  285738.5
434882.0  313717.7
332759.6  203031.1
276290.0  209106.0
236622.1  193843.3
235268.5  162184.6
230348.4  151568.7
172498.2  100622.2
209626.6  133476.6
       p2p2       
 KB/s in  KB/s out
324759.6  214996.9
368536.1  267751.8
404160.4  288363.4
496717.9  363988.1
577675.2  401470.5
493503.3  275789.4
540201.8  386027.3
462682.4  348771.1
476916.0  367677.9
501733.6  340225.7
505839.5  336190.6
446283.1  301169.8
388303.5  336676.9
174024.6  153799.9
388439.1  300862.5
281402.8  185217.0
294401.4  224549.6
231733.0  182066.8
203676.3  136778.0
218236.7  160493.9
145246.4  98070.60
204158.8  148745.5
       p2p2       
 KB/s in  KB/s out
206633.9  140421.0
106962.1  83015.81
508265.1  366244.2
501297.8  362973.0
480184.8  354174.1
473767.7  351245.4
448043.8  344036.6
379342.5  305803.3
504143.8  409749.8
445144.2  384857.4
472371.1  386661.1
432510.9  363781.8
452939.0  355861.8
273138.0  205360.0
449597.4  333458.5
463562.5  336154.5
471764.9  358090.6
337895.6  218072.9
401155.3  273177.3
360991.6  237225.9
307612.3  139232.8
490945.4  360940.9
       p2p2       
 KB/s in  KB/s out
394461.2  279034.3
444054.4  346223.6
485109.6  440143.3
510387.9  393625.7
446874.8  366595.7
340357.8  234908.8
247794.5  128920.4
352083.0  203460.7
471273.0  303145.6
359169.1  230718.8
527254.8  391759.0
508234.5  472661.9
447334.0  361175.7
469480.8  343340.2
458327.2  340048.9
447220.6  276659.5
474369.2  340940.1
414798.7  299788.1
499686.6  370079.6
457014.7  316928.6
426574.7  366514.7
455717.6  352181.0
       p2p2       
 KB/s in  KB/s out
346940.7  258525.4
176119.2  116987.6
417747.3  307948.8
397965.6  296388.7
526700.2  396138.9
451178.3  324173.5
508923.0  375884.3
512777.2  387620.1
502210.7  407790.3
511462.7  356421.7
534858.9  409654.2
466752.4  376617.5
453925.0  375232.4
478921.8  344483.9
502455.7  359155.2
458110.0  290722.9
453262.1  311789.7
499139.7  301526.0
465207.0  270045.7
450555.8  308634.1
394317.1  190473.0
515037.4  392220.8
       p2p2       
 KB/s in  KB/s out
502454.5  399332.6
477371.9  379094.3
436443.2  301234.0
442972.8  289286.0
436249.3  237088.0
315167.3  139359.9
374456.3  257483.2
488501.3  369169.1
410304.8  301175.1
329857.7  191369.5
432813.0  302312.3
439314.3  351415.5
484298.5  407571.6
485148.3  377329.5
498691.5  367015.0
481722.4  347286.7
467081.5  369172.7
241404.5  109195.4
268382.1  194718.4
446640.0  320947.5
393989.2  233767.6
387421.9  274854.7
       p2p2       
 KB/s in  KB/s out
521137.2  353885.1
466122.9  372154.1
404143.2  310158.6
450798.7  331339.3
444867.8  335655.1
431759.0  314453.5
388400.4  275960.2
357607.7  283823.8
338124.4  243137.9
345404.7  258373.6
269933.4  188764.6
241400.3  184222.1
244344.4  176073.3
341099.1  221270.6
294615.6  183790.7
385623.7  236909.7
512199.6  362676.8
510126.9  368959.9
513274.8  391360.7
504967.8  349196.7
350513.8  195835.5
212702.3  87749.81
       p2p2       
 KB/s in  KB/s out
399394.5  288261.6
402869.3  269907.6
430566.3  293415.4
478967.4  369220.7
491131.3  380079.5
470959.9  333290.6
452413.7  314869.5
464933.1  288509.9
490307.1  355756.9
486036.4  352317.9
464056.6  338835.6
485031.4  336548.8
436336.4  328544.4
430740.4  301739.6
450570.7  337074.0
508698.0  353379.9
513779.4  389279.7
515335.1  390222.7
457635.7  330398.5
402205.3  285856.2
310336.7  198301.5
372887.9  272370.9
       p2p2       
 KB/s in  KB/s out
455550.9  342207.7
480108.7  294770.6
497968.5  361807.9
397991.9  255670.5
379172.9  233240.5
436329.6  325350.7
453227.4  326701.8
424679.5  318953.6
460212.8  346986.9
511262.2  379095.7
488582.3  369682.5
438239.5  278090.8
450584.5  333295.7
445245.4  365343.3
412404.1  236303.9
480328.2  404036.8
510978.1  422082.3
491068.8  379875.5
486789.8  351996.4
452190.4  344105.7
480731.1  343163.6
490491.0  374251.1
       p2p2       
 KB/s in  KB/s out
519977.1  398603.7
487033.6  360832.1
447841.6  309328.7
409604.5  297425.4
203173.6  177104.3
408657.8  320036.5
361396.8  275682.1
487635.7  377926.4
473788.6  367799.4
494958.8  376501.5
459200.3  367488.8
389507.8  284497.3
385930.2  288177.0
360265.4  240973.2
453235.2  314464.7
436098.6  261604.8
517998.9  351262.9
456296.2  211914.0
401556.2  247861.4
468981.2  351136.2
252998.6  199454.3
464298.4  333714.5
       p2p2       
 KB/s in  KB/s out
373074.4  284490.3
335689.1  192493.7
470561.5  332064.6
399834.2  268258.8
366701.3  246699.2
449015.7  335804.8
228174.9  131880.1
414363.4  277612.5
191278.7  112624.6
172192.9  141302.1
300832.8  192457.0
496477.9  452274.3
346788.5  270993.8
291264.9  188597.9
451398.4  382699.7
481916.3  375815.4
451442.7  283616.8
457823.6  308479.6
437042.3  260775.1
218045.8  122934.6
455416.6  347740.4
450174.5  355584.1
       p2p2       
 KB/s in  KB/s out
480667.3  354339.7
359752.2  171136.8
396237.3  240227.9
476382.8  321289.9
461628.2  291959.0
467649.5  344057.9
446971.0  326149.8
479548.6  358526.9
470055.5  313890.3
401911.7  305690.6
372418.1  302321.9
409509.8  300622.7
442790.7  328358.1
411354.5  298689.9
248272.9  251066.4
108171.1  112134.9
60968.33  24315.75
 8002.93   5205.68
 1063.35    722.22
  925.08    704.77
  915.69    727.06
  582.60    458.70
       p2p2       
 KB/s in  KB/s out
  677.64    582.62
  697.66    688.04
  744.23    722.33
  695.13    686.62
  428.71    426.17
  603.64    607.46
  521.19    529.40
  612.54    604.89
  637.23    629.87
  551.19    557.23
  610.09    607.01
  819.62    817.10
  725.36    737.63
  668.39    628.65
  567.54    557.68
  453.33    462.48
  649.62    647.10
  561.10    561.02
  625.84    630.80
  578.48    584.83
  617.03    615.77
  717.03    708.50
       p2p2       
 KB/s in  KB/s out
  837.48    838.31
  387.21    387.92
  604.82    606.62
  397.79    399.84
  865.90    888.36
  832.64    815.98
  582.29    587.13
  438.21    442.20
  636.71    645.67
  792.89    790.58
  768.21    773.51
  582.02    586.42
  733.11    738.81
  512.12    504.06
  701.45    694.48
  890.26    887.87
  666.75    677.41
  634.87    631.52
  397.70    398.04
  505.09    516.74
  531.04    517.48
  781.32    780.27
       p2p2       
 KB/s in  KB/s out
  633.11    633.77
  484.16    484.51
  723.55    727.24
  590.27    588.50
  638.46    642.55
  650.71    644.54
  734.35    733.80
  619.57    615.73
  854.56    860.93
  608.94    609.70
  547.75    541.88
  754.27    757.44
  742.30    736.74
  618.36    618.46
  455.56    455.91
  548.27    548.92
  627.27    627.46
  803.22    804.73
  654.00    655.52
  367.13    363.89
  618.51    612.15
  660.51    674.78
       p2p2       
 KB/s in  KB/s out
  663.19    656.15
  807.77    813.23
  696.59    794.55
  519.16    519.35
  634.73    630.13
  597.80    608.92
  649.20    638.15
  775.32    771.49
  669.83    674.37
  511.25    509.45
  517.81    519.87
  762.39    757.49
  458.55    463.53
  484.95    481.40
  620.92    619.43
  379.35    381.34
  673.89    681.74
  879.83    860.40
  573.95    587.84
  575.56    574.17
  715.60    721.71
  626.27    611.91
       p2p2       
 KB/s in  KB/s out
  791.58    797.70
  632.82    634.68
  587.96    578.61
  605.34    610.11
  731.87    735.89
  597.55    599.59
  565.77    555.55
  531.19    538.85
  729.21    730.85
  597.15    597.31
  603.41    598.69
  675.36    671.49
  649.15    651.27
  698.49    696.44
  636.39    640.66
  498.69    492.41
  492.14    501.85
  669.43    662.72
  597.62    597.70
  779.39    780.24
  608.04    604.07
  593.78    594.68
       p2p2       
 KB/s in  KB/s out
  729.78    746.34
