       p2p2       
 KB/s in  KB/s out
  582.32    582.98
  287.13    287.55
  505.22    511.35
  554.78    553.75
  601.87    580.56
  479.18    435.53
  675.38    639.88
  440.24    397.72
  563.08    558.40
  683.12    614.63
  496.25    430.59
  688.13    636.02
  507.01    489.92
  813.11    765.94
  578.92    513.42
  552.45    509.82
  569.77    518.71
  369.02    343.70
  726.22    681.83
  696.51    696.26
  556.86    472.79
  668.94    608.16
       p2p2       
 KB/s in  KB/s out
  736.98    680.58
  400.31    367.07
  686.98    616.25
  600.08    509.76
  587.28    544.31
  555.89    533.88
  516.49    527.11
  532.49    455.60
  710.40    611.26
  487.24    432.22
  630.34    581.47
  489.40    477.37
  326.25    287.05
  782.36    548.55
 1257.27    640.38
 1337.88   1439.09
 1632.39   1515.10
 1158.07    613.61
 1640.30   1265.63
 1419.64   1050.77
 1290.85   1257.91
 1420.77   1593.79
       p2p2       
 KB/s in  KB/s out
 1074.83    614.37
 1486.74   1481.22
 1360.18   1313.42
 1484.09   1333.63
 1282.44    908.74
 1347.30   1170.68
 1523.57   1332.63
  993.24    960.57
  971.65    509.40
 1264.86    658.96
 1230.54    877.56
 1349.06    755.68
 1479.58   1008.53
 1308.11    971.56
 1161.92    772.77
 1438.08   1048.90
 1104.59   1064.04
 1512.23   1161.15
 1077.13    650.87
 1774.97   1076.20
 1354.63   1399.27
 1283.30   1149.57
       p2p2       
 KB/s in  KB/s out
 1646.67   1749.07
 1381.43    808.80
 1537.46    893.77
 1763.74   1626.45
 1513.54   1562.56
 1419.13    827.85
  834.64    524.53
 1338.70   1358.78
 1521.85   1094.73
 1372.93    766.34
 1521.81   1760.40
 1053.60    867.70
 1541.79   1169.75
 1587.32   1562.24
 1614.39   1532.06
 1229.62    893.47
 1805.94   1625.56
 1405.65   1192.66
 1603.70   1170.11
 1336.48   1046.99
 1659.16   1128.49
 1457.56    925.58
       p2p2       
 KB/s in  KB/s out
 1433.18   1214.32
 1313.52   1072.58
 1344.59   1112.74
 1534.86   1107.07
 1544.83   1062.54
 1467.58    996.72
 1706.70   1313.32
 1200.80    798.43
 1592.30   1390.48
  679.41    432.18
 1806.30   1907.93
 1476.24   1640.95
 1237.96   1102.20
 1530.76   1352.98
 1632.77   1692.97
 1252.27    890.11
 1371.92    909.46
 1220.76   1034.20
 1180.83    780.41
 1837.62   1649.92
 1421.68   1071.33
  551.04    292.55
       p2p2       
 KB/s in  KB/s out
 1354.99   1336.05
 1348.30   1153.26
 1575.81   1231.15
 1508.87   1605.03
 1340.79   1438.65
 1446.40   1232.47
 1561.79   1092.31
 1431.49   1496.85
 1699.63   1444.30
 1691.61   1731.06
 1128.47   1304.17
 1500.67   1330.35
 1034.50    631.03
 1511.67   1132.09
 1117.23    810.68
 1076.44    659.86
 1339.82   1010.13
 1303.20    907.04
 1125.70    530.81
 1581.50   1341.72
 1387.67   1051.40
  824.58    751.75
       p2p2       
 KB/s in  KB/s out
 1496.60   1409.16
 1673.65   1361.61
 1652.12   1550.55
 1510.50   1063.50
 1244.73    890.29
 1761.53   1553.20
 1504.62   1779.23
 1751.44   1600.97
 1473.21    652.96
 1414.72   1137.80
 1434.99   1119.93
 1169.86    733.12
 1886.86   1691.02
 1766.04   1723.43
 1456.19   1255.61
 1547.32   1252.59
 1554.06    973.25
 1707.64   1463.45
 1449.51   1201.40
 1346.48    988.54
 1368.34   1333.04
 1236.69    759.52
       p2p2       
 KB/s in  KB/s out
 1356.02    843.87
 1478.44   1312.78
 1430.65   1272.41
 1675.01   1188.71
 1134.78    774.01
 1660.58   1827.05
 1216.34   1168.30
 1289.91    873.04
 1202.91   1058.05
 1619.85   1477.71
 1367.89   1405.44
 1557.63   1009.99
 1876.59   1692.71
 1328.48   1114.95
 1337.58   1212.59
 1387.23   1443.69
 1554.26   1386.86
 1560.63    865.12
 1507.62   1142.48
 1391.94   1061.17
 1373.42    996.52
 1359.43   1106.36
       p2p2       
 KB/s in  KB/s out
 1561.03   1194.90
 1456.12   1337.66
 1352.55   1175.83
 1401.14    768.38
 1856.22   2201.13
 1250.20    980.43
 2088.48   1734.48
 1530.56   1722.72
 1311.35    831.69
 1153.27    584.86
 1018.46    684.92
 1561.88   1126.76
  904.64    651.15
 1619.98   1632.02
 1703.45   1891.03
 1532.45   1662.78
 1459.26   1160.47
 1411.15   1295.24
 1533.74   1238.77
 1748.21   1609.89
 1725.57   1659.67
 1173.33   1023.87
       p2p2       
 KB/s in  KB/s out
 1695.78   1348.45
 1423.49   1098.26
 1313.87    988.29
 1235.58   1120.47
 1356.95   1000.72
 1390.18   1044.72
 1480.77   1134.51
 1233.95    849.19
 1472.70   1217.78
 1766.48   1318.65
 1287.50    911.93
 1382.16    885.47
 1323.79   1128.85
 1414.89   1270.61
 1496.08   1019.67
 2020.58   1502.82
 1337.23   1106.79
 1208.98    856.72
 1423.25   1711.85
 1469.53    896.23
 1400.55    897.36
 1217.09    821.07
       p2p2       
 KB/s in  KB/s out
 1451.71   1140.71
 1616.56   1223.59
 1452.02   1346.02
 1580.33   1144.19
 1410.49   1022.55
 1362.27   1585.51
 1380.70   1198.86
 1232.64    962.30
 1201.76    946.03
 1814.96   1582.78
 1576.39   1261.60
 1600.78   1029.19
 1368.44    958.41
 1253.93    907.56
 1861.31   2153.92
 1282.64   1025.76
 1964.85   1325.10
 1612.85   1694.05
 1084.93    529.07
 1411.26   1009.80
 1782.88   1448.60
 1466.46    948.38
       p2p2       
 KB/s in  KB/s out
 1609.74    652.43
 1563.54   1451.38
 1763.39   1774.28
 1186.55    835.80
 1683.89   1561.18
 1672.83   1305.78
 1340.99   1146.89
 1582.07    951.40
 1587.07   1563.91
 1213.64    660.48
 2067.03   1979.37
 1611.17    949.27
 1087.02    987.50
 1397.85   1304.29
 1421.66    958.50
 1230.73   1135.97
 1707.05   1237.80
 1679.06   1119.59
 1576.04   1538.53
 1587.10   1177.09
 1477.17   1219.19
 1625.17    758.71
       p2p2       
 KB/s in  KB/s out
 1557.40   1223.49
 1496.05   1107.41
 1587.43   1222.00
 1696.19   1562.36
 1815.58   2426.33
 1805.83   1274.78
 1295.09    829.21
 1175.39    833.56
 1686.14   1534.25
 1910.41   1703.45
 1369.35    962.79
 1421.44   1356.07
 1293.70   1287.63
 1124.33    857.07
 1591.35   1377.82
 1716.92   1714.67
 1591.60   1230.64
 1586.96    976.35
 1514.93   1363.73
  995.04   1190.32
  593.51    546.58
  350.02    334.57
       p2p2       
 KB/s in  KB/s out
  567.38    511.47
  789.02    757.64
  683.41    649.88
  641.01    572.49
  726.85    662.20
  668.94    582.97
  798.59    708.27
  972.64    838.68
  727.87    671.67
  635.62    549.88
  801.72    761.56
  792.44    755.97
  780.21    695.90
  925.53    831.52
  692.99    572.56
  859.61    702.26
  918.01    759.33
  648.22    542.40
  847.64    730.71
  747.08    665.76
  779.30    726.43
  598.19    571.86
       p2p2       
 KB/s in  KB/s out
  995.71    930.47
  567.38    422.26
  830.75    700.81
  784.75    669.23
  910.11    864.36
  810.97    731.50
  700.59    618.16
  735.48    641.84
  813.18    830.89
  721.67    640.35
  699.10    592.45
  691.23    573.65
  842.45    841.21
  851.28    755.73
  697.30    591.96
  739.75    702.94
  951.23    864.04
  644.11    558.16
  771.32    767.19
  803.38    768.76
  695.44    621.02
  802.12    707.06
       p2p2       
 KB/s in  KB/s out
  690.16    571.63
  968.09    885.68
  819.01    731.06
  811.41    657.82
  710.08    604.96
  786.18    686.95
  706.47    667.83
  616.63    550.74
  599.44    573.34
  833.27    738.11
  911.14    836.99
  777.30    659.13
  700.35    613.38
  848.24    752.74
 1067.08    940.32
  927.86    691.07
  807.81    580.96
 1023.17    836.32
  959.09    825.62
  649.16    488.07
  749.82    627.58
  894.90    829.13
       p2p2       
 KB/s in  KB/s out
  794.93    776.95
  719.10    623.82
  665.21    535.46
  977.15    765.22
  768.82    672.01
  708.24    643.41
  692.94    569.36
  864.46    681.46
  827.85    812.66
  913.62    858.36
  672.11    628.68
  792.43    689.80
  829.53    637.90
  909.50    822.39
  836.82    747.40
  688.79    583.18
  819.27    690.52
  683.87    567.85
  706.31    615.29
  798.05    781.79
  832.30    744.21
  697.60    557.45
       p2p2       
 KB/s in  KB/s out
  819.87    723.81
  633.94    535.77
  818.90    758.68
 1082.74   1036.97
  733.34    730.31
  812.00    665.60
  736.71    587.29
  743.69    709.33
 1053.94    985.44
  801.16    735.57
  806.81    765.39
  646.07    606.39
  724.33    687.52
  753.57    692.62
  766.16    662.51
  934.59    804.73
  774.31    590.18
  836.30    758.33
  950.49    945.25
  720.09    543.23
  679.41    590.32
  715.92    675.08
       p2p2       
 KB/s in  KB/s out
  881.67    809.32
  717.71    672.69
  698.80    707.28
  746.28    652.86
 1014.46    918.80
  777.44    711.35
  663.92    588.95
  671.81    526.64
  977.18    839.91
  855.36    714.80
  731.91    707.71
  704.62    667.16
  620.30    506.72
  581.89    533.45
  662.41    598.48
 1361.81   1344.57
 1357.80   1288.29
 1281.03   1189.66
 1192.67    945.54
 1383.26   1143.71
 1388.45   1209.35
 1400.26   1268.62
       p2p2       
 KB/s in  KB/s out
 1354.47   1108.92
 1445.13   1224.05
 1319.29   1155.37
 1311.13   1151.02
 1450.65   1402.94
 1664.80   1482.51
 1381.24   1084.17
 1325.86    966.02
 1442.48   1270.02
 1292.14   1164.21
 1194.43    835.57
 1342.48   1081.50
 1323.11   1134.20
 1409.63   1290.89
 1179.61    981.87
 1073.68   1003.13
 1174.85   1077.89
 1152.83   1024.39
 1222.84   1048.87
 1414.47   1416.13
 1324.98   1070.82
 1386.09   1246.90
       p2p2       
 KB/s in  KB/s out
 1446.72   1246.69
 1437.85   1237.57
 1285.34   1179.57
 1290.77   1223.64
 1666.46   1419.66
 1578.10   1280.93
 1302.96   1112.31
 1420.92   1375.98
 1644.12   1372.67
 1545.43   1249.21
 1475.64   1260.54
 1093.85    966.84
 1308.28   1263.22
 1522.77   1270.70
 1534.10   1228.52
 1402.03   1099.40
 1302.58   1189.32
 1247.97    992.56
 1290.02   1031.87
 1362.78   1002.27
 1334.54   1238.51
 1206.23   1208.47
       p2p2       
 KB/s in  KB/s out
  876.28    764.70
 1306.35   1092.79
 1304.02   1050.56
 1625.84   1520.94
 1382.83   1240.20
 1506.16   1369.59
 1485.59   1334.85
 1095.71    831.79
  685.21    699.53
 1431.20   1232.75
 1466.63   1302.10
 1667.95   1442.52
 1466.88   1206.94
 1552.02   1336.36
 1379.07   1226.63
 1442.18   1263.65
 1568.67   1295.32
 1531.28   1184.39
 1339.02   1184.44
 1273.07   1208.49
 1370.47   1116.60
 1396.65   1137.66
       p2p2       
 KB/s in  KB/s out
 1386.42   1163.96
 1328.50   1179.00
 1136.69    938.31
 1035.92    924.35
 1350.17   1088.00
  943.61    690.37
 1503.12   1324.65
 1208.28   1072.77
 1321.64   1086.43
 1067.97    944.50
 1188.04   1090.52
 1364.26   1149.43
 1327.54   1184.27
 1148.31   1063.82
 1478.31   1291.18
 1465.33   1187.37
  894.00    852.99
 1024.44    957.16
 1449.69   1316.93
 1832.72   1555.77
 1286.67    957.75
 1517.35   1310.26
       p2p2       
 KB/s in  KB/s out
 1444.38   1270.44
 1265.65   1296.20
 1598.69   1327.74
 1823.15   1569.94
 1557.44   1380.78
 1327.84   1222.50
 1474.50   1311.89
 1370.72   1267.11
 1538.27   1188.02
 1319.69    917.92
 1338.41   1188.49
 1140.79    989.26
 1257.57    936.02
 1232.30   1067.59
 1169.43   1114.43
 1246.69   1380.54
 1240.02   1120.66
 1138.02   1008.52
 1350.73   1019.14
 1443.91   1337.71
 1499.21   1331.92
 1301.25   1117.53
       p2p2       
 KB/s in  KB/s out
 1461.82   1069.48
 1528.30   1227.15
 1041.48    907.41
  828.99    573.53
  765.51    597.89
  754.98    497.37
  601.87    400.87
  513.42    408.72
  502.01    435.00
  534.55    491.73
 1353.34   1376.21
 2867.35   2761.56
 2833.30   2677.07
 2941.15   2830.50
 2844.84   2656.55
 3288.87   2804.33
 2962.52   2335.67
 2971.79   2555.98
 2741.78   2378.43
 2633.86   2270.93
 2708.35   2457.23
 2868.54   2475.98
       p2p2       
 KB/s in  KB/s out
 2608.80   1990.68
 2643.34   2516.47
 2617.67   2408.93
 3054.32   2509.35
 3008.91   2363.02
 2609.87   2221.34
 2573.94   2257.24
 2732.95   2431.85
 2894.10   2416.55
 2863.68   2358.46
 2910.72   2518.63
 2839.96   2864.75
 2882.92   2673.07
 3073.86   2415.31
 2919.16   2591.61
 2958.03   2692.08
 2896.05   2663.58
 3068.26   2707.76
 3114.99   2730.20
 2927.62   2475.40
 2784.89   2564.40
 2954.26   2737.78
       p2p2       
 KB/s in  KB/s out
 2873.23   2588.27
 3167.59   2789.12
 3263.13   2752.94
 2959.76   2490.42
 2637.35   2331.02
 2745.51   2448.12
 2633.81   2427.61
 2523.11   2145.06
 2174.60   1627.89
 1633.15   1539.47
 2821.02   2642.81
 2376.74   2032.58
 2649.13   2342.77
 2768.68   2423.90
 2869.94   2712.76
 2651.78   2351.49
 2951.14   2610.08
 2924.08   2857.33
 2905.79   2866.75
 2745.49   2498.95
 2527.61   2266.54
 2903.82   2477.18
       p2p2       
 KB/s in  KB/s out
 3050.06   2615.63
 3206.95   3018.32
 2943.67   2565.06
 3219.41   2968.92
 3094.98   2694.94
 3116.39   2526.75
 2640.84   2447.45
 2742.33   2442.73
 2975.11   2754.69
 3286.06   2963.04
 3198.45   2714.16
 3177.14   2910.77
 2903.37   2612.00
 2917.76   2488.82
 2768.56   2407.07
 2679.46   2497.53
 2860.68   2480.24
 2367.85   2202.28
 2909.58   2594.67
 2729.20   2303.94
 2864.11   2436.03
 2785.44   2418.72
       p2p2       
 KB/s in  KB/s out
 2901.57   2736.72
 3095.12   2726.16
 2746.74   2375.55
 2837.09   2449.78
 2957.67   2649.02
 2679.17   2404.17
 2874.62   2677.90
 3003.15   2759.38
 2871.02   2420.99
 2859.05   2640.31
 3194.07   2997.57
 2991.46   2777.21
 3203.98   2855.56
 2923.28   2510.45
 3109.36   2846.45
 2746.27   2856.71
 2978.03   2844.85
 3068.39   2853.26
 3111.07   2616.76
 3110.17   2807.15
 2771.46   2526.94
 2998.35   2716.79
       p2p2       
 KB/s in  KB/s out
 2627.42   2248.25
 2510.24   2221.25
 2562.28   2406.93
 2527.19   2433.63
 2999.78   2851.39
 2873.64   2543.00
 3084.56   2546.66
 2880.67   2584.16
 2920.94   2587.81
 2746.17   2742.47
 2643.24   2414.24
 2956.32   2379.61
 2931.73   2656.07
 2579.62   2453.77
 2994.11   2661.65
 3142.06   2681.62
 2990.40   2544.24
 2901.53   2643.30
 2871.80   2634.11
 2859.72   2701.84
 1922.42   1654.07
  958.09    546.68
       p2p2       
 KB/s in  KB/s out
  785.15    528.49
 2025.43   1892.48
 3348.49   2977.75
 3578.49   3284.70
 3717.38   3382.99
 3442.72   3007.10
 3343.46   3047.36
 3297.35   3122.08
 3405.74   3285.96
 3511.11   3180.03
 3687.89   3061.45
 3469.66   3326.64
 3540.56   3170.31
 3765.37   3441.07
 3672.65   3342.48
 3183.66   3145.28
 3337.62   3096.24
 3392.49   2972.32
 3644.52   3033.11
 3785.36   3073.67
 3525.14   3234.41
 3388.22   3051.20
       p2p2       
 KB/s in  KB/s out
 3404.64   2970.50
 3400.69   3137.25
 3622.53   3363.13
 3242.84   3217.28
 3399.25   3129.14
 3523.08   3368.50
 3724.22   3316.86
 3653.97   3043.06
 3582.28   3409.69
 3418.91   2989.28
 3385.54   3197.55
 3659.31   3224.64
 3520.70   3012.05
 3545.90   3133.26
 3363.77   3285.10
 3537.11   3204.13
 3194.02   3090.02
 3524.23   3178.05
 3371.59   2802.47
 3377.79   3151.71
 3446.60   3352.17
 3603.00   3137.31
       p2p2       
 KB/s in  KB/s out
 3533.06   2957.17
 3298.33   3122.10
 3042.71   2979.74
 3405.39   3154.02
 3830.43   3163.44
 3607.48   3171.46
 3408.86   3240.64
 3149.13   3040.37
 3697.04   3268.51
 3642.22   3342.92
 3468.02   3300.47
 3211.05   2966.25
 3201.11   3111.11
 3388.05   3149.83
 3755.05   3289.82
 3633.78   3122.38
 3433.79   2900.18
 3251.05   3014.30
 3393.65   2992.83
 3568.67   3110.56
 3554.46   3183.90
 3295.00   3025.06
       p2p2       
 KB/s in  KB/s out
 3130.71   3108.04
 3475.96   3190.77
 3429.00   3031.07
 3620.93   3094.42
 3394.79   3008.12
 3211.13   2875.71
 3488.34   3131.66
 3484.86   3178.99
 3263.87   2878.70
 3500.28   3236.96
 3328.53   3158.75
 3346.50   3002.24
 3556.86   3075.54
 3756.07   3365.48
 3474.06   3173.41
 3248.62   2937.52
 3092.97   2963.68
 3622.34   3260.52
 3674.52   3120.99
 3365.31   3106.79
 3248.83   2996.72
 3452.44   3160.49
       p2p2       
 KB/s in  KB/s out
 3509.64   3231.16
 3596.99   3011.73
 3177.14   3020.36
 3200.82   2987.43
 3200.02   2974.17
 3570.25   3294.34
 3450.31   3138.04
 3388.85   2945.84
 3460.10   3351.79
 3281.15   3234.55
 3543.91   3188.49
 3415.52   2905.10
 3266.86   2861.88
 3261.12   3119.00
 3500.92   3253.69
 3508.30   3129.78
 3224.45   3005.40
 3111.35   2794.42
 3216.86   2908.83
 3554.50   3269.90
 3425.56   2979.80
 3552.83   3150.21
       p2p2       
 KB/s in  KB/s out
 3187.37   2924.14
 3250.39   2913.52
 3432.16   2972.50
 3226.71   2940.28
 3666.18   3112.22
 3306.55   3317.54
 3184.81   3174.90
 3127.41   3162.01
 3531.65   3120.08
 3505.43   3044.13
 3445.62   3074.99
 1439.29   1202.38
  809.82    625.28
  830.62    444.91
 2830.94   2469.53
 3318.48   3261.21
 3408.64   3343.87
 3378.27   3373.30
 3888.18   3368.35
 3570.98   3064.74
 3360.62   3145.13
 3330.56   3319.25
       p2p2       
 KB/s in  KB/s out
 3553.49   3394.23
 3754.99   3486.04
 3805.80   3102.19
 3582.03   3204.89
 3345.65   3279.53
 3242.44   3164.49
 3548.95   3221.03
 3710.66   3387.90
 3339.19   3125.26
 3509.21   3133.21
 3660.57   3238.63
 3658.47   3137.58
 3342.78   3307.24
 3494.84   3175.40
 3337.90   3280.32
 3435.62   3128.19
 3648.71   3057.88
 3582.98   3153.31
 3491.20   3268.69
 3437.76   2997.51
 3758.23   3487.73
 3642.02   2965.34
       p2p2       
 KB/s in  KB/s out
 3182.20   3304.34
 3594.38   3090.49
 3408.11   3343.82
 3367.05   3288.71
 3581.97   3187.72
 3636.95   3323.93
 3353.46   3208.23
 3470.09   3055.77
 3622.21   3064.54
 3634.10   3145.45
 3485.02   3385.42
 3498.54   3503.88
 3399.39   3264.29
 3548.09   3290.08
 3546.33   3211.31
 3375.50   2862.34
 3299.91   3287.95
 3469.53   3122.66
 3427.68   3169.03
 3678.05   3193.85
 3785.95   3293.85
 3396.12   3266.59
       p2p2       
 KB/s in  KB/s out
 3292.16   3089.69
 3475.83   3331.67
 3654.16   3143.80
 3647.06   3300.39
 3420.52   3322.93
 3443.80   3114.19
 3429.86   3214.29
 3583.71   3118.41
 3566.72   3273.62
 3325.51   3200.41
 3192.64   3282.07
 3288.79   2913.02
 3799.30   3324.62
 3548.64   3139.22
 3442.77   3130.70
 3382.60   3128.49
 3510.27   3250.84
 3502.11   3362.54
 3226.53   3020.63
 3506.26   3067.35
 3373.90   3210.44
 3633.20   3525.74
       p2p2       
 KB/s in  KB/s out
 3604.99   3226.23
 3532.43   3090.99
 3315.23   3031.26
 3520.78   3306.89
 3362.83   3095.45
 3523.51   3395.48
 3475.52   3212.36
 3334.64   3010.63
 3351.13   3237.73
 3338.26   3122.75
 3709.47   3263.28
 3488.04   3179.46
 3270.69   2796.69
 3372.25   3054.58
 3352.90   2964.21
 3437.60   3175.98
 3452.82   3105.47
 3134.28   2961.79
 3200.29   3211.45
 3241.96   2994.54
 3531.76   2879.98
 3528.78   3153.03
       p2p2       
 KB/s in  KB/s out
 3404.13   2974.19
 3236.04   2946.54
 3478.55   3184.73
 3520.83   3306.12
 3450.91   2908.51
 3115.19   2956.85
 2920.71   2756.67
 3664.72   3283.40
 3576.54   3269.34
 3374.94   3110.48
 3270.25   3027.61
 3263.66   3089.93
 3321.14   3227.41
 3618.56   3377.26
 3677.57   3445.60
 3205.86   3045.58
 3461.12   3260.62
 2992.79   3138.04
 3749.83   3214.45
 3670.84   3123.04
 3241.11   3011.10
 3230.55   3141.86
       p2p2       
 KB/s in  KB/s out
 3674.40   3310.63
 3643.16   3257.51
 1060.31    881.67
  707.53    556.28
  785.38    603.05
  661.70    463.11
  723.72    450.73
  771.23    602.63
  553.77    454.76
  574.76    462.75
 2491.68   2416.37
 3454.50   2927.20
 3327.26   2841.51
 3162.65   2984.32
 2960.69   3011.42
 3133.55   2813.82
 3680.75   2982.61
 3639.80   3261.60
 3378.87   2978.84
 3219.34   2949.58
 3396.41   3112.27
 3426.93   2980.01
       p2p2       
 KB/s in  KB/s out
 3370.55   3153.97
 3071.59   3084.84
 3308.82   3196.23
 3105.84   3102.96
 3817.14   3348.94
 3442.23   2975.14
 3283.81   2943.42
 3166.49   2768.30
 3343.31   3175.15
 3570.32   3239.81
 3292.57   2862.24
 2911.86   2862.09
 3031.15   3036.92
 3154.60   3033.13
 3412.17   3023.47
 3354.05   2959.97
 3321.03   3013.06
 3444.89   3179.74
 3355.34   3204.26
 3058.82   2709.12
 3547.92   3061.30
 3202.50   3129.15
       p2p2       
 KB/s in  KB/s out
 3383.90   3164.61
 3104.18   3057.89
 3088.69   2954.59
 3566.84   3115.58
 3229.30   2879.94
 3462.66   3200.45
 3386.62   3066.93
 3401.98   3052.72
 3367.54   2955.87
 3080.08   2955.87
 3482.56   3332.94
 3061.96   2945.38
 3331.69   2958.60
 3501.85   3064.44
 3286.70   2976.23
 3175.11   2898.90
 3299.85   2913.30
 3603.36   3271.63
 3292.48   2948.39
 3054.07   2991.48
 3175.65   2962.77
 3119.30   2821.92
       p2p2       
 KB/s in  KB/s out
 3471.34   3145.80
 3379.47   3118.98
 3285.76   3117.66
 3248.67   2841.51
 3219.68   2818.95
 3357.26   2992.94
 3207.85   2960.40
 3327.15   3248.24
 2912.11   3004.34
 3462.51   3146.81
 3182.08   2687.20
 3382.20   2979.58
 3227.37   2916.12
 3158.64   3129.46
 3067.55   2707.50
 3431.51   2886.17
 3298.76   2991.06
 3099.61   2906.88
 3362.52   2969.24
 2887.60   2874.18
 3385.59   3003.51
 3260.87   3012.12
       p2p2       
 KB/s in  KB/s out
 3188.29   2985.47
 3106.17   2977.70
 3184.31   2940.11
 3153.29   2870.53
 3344.51   2893.75
 3119.46   2923.48
 3025.14   2939.68
 3181.32   3214.44
 3431.73   3029.15
 3220.56   2769.48
 3054.97   2858.64
 3291.42   3073.44
 3226.73   2940.99
 3360.33   2975.47
 3160.07   2943.69
 2900.23   2953.60
 2979.38   2923.94
 3150.94   2757.47
 3139.55   2717.25
 3206.18   2692.84
 3038.93   3026.87
 3194.94   2901.00
       p2p2       
 KB/s in  KB/s out
 3411.65   3007.01
 3482.05   3113.83
 3307.89   2751.96
 2758.26   2939.24
 3078.80   2877.81
 3157.89   2921.20
 3106.80   2795.23
 3149.15   2566.31
 3174.25   2851.79
 2980.92   2687.67
 2996.23   2986.08
 3374.41   2886.00
 3108.86   2603.73
 3242.44   3053.21
 3145.15   2821.30
 3189.55   3009.64
 3377.11   3003.87
 3205.29   2900.68
 2981.47   2728.65
 3111.61   3081.84
 1917.16   1867.07
 1135.21    673.64
       p2p2       
 KB/s in  KB/s out
  857.07    453.77
  661.53    432.62
  698.87    562.59
  521.24    411.13
  571.90    570.64
  857.40    938.61
 1654.02    960.75
 1872.47   1687.56
 1904.35   1507.88
 1740.83   1272.96
 1937.86   1578.95
 1791.72   1169.61
 1630.69   1091.27
 1825.16   1180.26
 1985.73   1831.82
 1783.50    944.28
 1965.57   1469.34
 1695.87   1232.61
 1792.19   1396.38
 1699.36    998.14
 1978.62   2125.65
 1827.44    940.32
       p2p2       
 KB/s in  KB/s out
 1799.61   1251.33
 1854.62   1504.33
 1557.95    636.20
 2001.25   1618.51
 1851.67   1642.04
  967.16    901.64
 1917.79   1676.18
 1956.86   1532.03
 1949.53   1197.40
 1867.62   1713.16
 1805.10    984.14
 1942.53   1788.32
 2076.90   1674.63
 2012.55   1146.45
 1834.95   1806.23
 1722.93   1179.86
 1844.30   1296.12
 2079.09   1797.48
 1935.49   1496.57
 2163.59   2027.05
 1802.44   1819.27
 1942.88   1232.47
       p2p2       
 KB/s in  KB/s out
 1943.74   1940.66
 1933.81   1771.09
 1721.13   1406.24
 1917.19   1846.58
 1926.74   1172.01
 1784.99   1436.74
 1765.53   1300.58
 1881.14   1440.01
 1799.81   1554.32
 1958.03   1686.56
 1822.67   1810.69
 1792.55   1230.42
 1891.11   1387.42
 1875.04   1281.63
 2028.73   1191.98
 1993.54   1598.93
 1937.35   1546.27
 1774.54   1268.95
 1899.64   1237.93
 1822.24   1536.12
 1796.82   1453.84
 1990.52   1294.29
       p2p2       
 KB/s in  KB/s out
 1821.82   1790.03
 1803.25   1484.03
 1884.34   1384.51
 1958.60   1392.76
 2133.93   1780.15
 2067.61   1487.26
 2033.44   1870.84
 1903.82   1271.19
 2083.59   2003.59
 1984.67   1748.28
 2022.34   1981.80
 2021.72   2274.71
 1940.50   1744.20
 2040.39   1553.76
 1934.68   1251.46
 1744.04   1213.51
 1809.98   1764.96
 1852.53   1306.81
 1965.24   1834.62
 1882.35   1078.06
 1883.35    975.25
 1917.05   1106.04
       p2p2       
 KB/s in  KB/s out
 1752.05    675.60
 2134.19   1514.25
 1779.70   1022.19
 1903.14   1626.31
 1899.88   1592.33
 1841.82   1697.21
 1860.00   1179.46
 1886.79    787.41
 1863.08    965.21
 1783.61   1665.79
 2035.32   1619.53
 1731.72   1206.15
 1896.13   1326.58
 1888.17   1371.99
 1884.46   1010.64
 1945.02   1524.91
 1750.97   1341.28
 1991.23   1431.92
 1947.20   1275.56
 1767.18   1796.91
 1862.09   1557.89
 1941.87   1119.26
       p2p2       
 KB/s in  KB/s out
 1949.40   1471.82
 1798.50   1741.65
 1830.02   1679.39
 1976.02   1444.96
 1871.84   1770.54
 1856.51   1541.54
 1817.30   1537.24
 1768.19   1227.51
 1966.48   1313.61
 1950.90    971.22
 1892.90   1710.50
 1802.50   1971.74
 1909.88   1644.14
 2007.17   1457.11
 1689.44   1151.26
 1279.19   1415.59
  449.66    354.77
  638.70    567.67
 2725.42   2194.43
 5598.78   4626.00
 5797.44   4087.12
 5767.87   3737.29
       p2p2       
 KB/s in  KB/s out
 5500.14   3785.68
 5839.73   4649.59
 5814.63   4638.61
 5800.37   5557.12
 5457.30   3116.74
 5681.38   4671.46
 5446.57   3428.35
 5585.10   3957.12
 5878.05   4300.61
 5767.69   4461.80
 5750.65   3594.23
 5619.66   3290.66
 5687.24   3772.44
 5855.61   3930.16
 5752.85   3490.64
 5860.71   4228.41
 5671.02   3988.56
 5784.11   4026.32
 5772.51   4671.68
 5686.22   4124.34
 5807.12   4339.91
 5732.96   4943.71
       p2p2       
 KB/s in  KB/s out
 5873.73   3579.23
 5865.19   4384.41
 5571.07   4307.95
 5804.30   3734.64
 5402.56   4408.94
 5883.26   4772.87
 5725.77   4664.04
 5735.35   4272.80
 5636.61   4453.88
 5688.68   4084.36
 5825.66   3949.67
 5624.34   4141.95
 5709.59   4365.74
 5671.00   4263.20
 5584.06   4303.45
 5666.51   3582.44
 5479.12   4542.53
 5545.07   3812.38
 5644.99   4154.16
 5658.01   4184.66
 5611.76   4265.10
 5811.58   5328.86
       p2p2       
 KB/s in  KB/s out
 5681.80   3915.76
 5854.61   4213.57
 5542.31   3294.91
 5960.00   3078.26
 5407.80   3173.93
 5577.18   3917.60
 5714.43   3927.25
 5599.41   3605.95
 5773.76   3501.18
 5836.46   4667.52
 5517.82   3362.66
 5965.15   3814.76
 5541.78   4403.73
 5750.93   3184.31
 5580.02   3320.15
 5683.25   4418.12
 5794.71   4133.41
 5829.33   4490.59
 5914.48   4376.64
 5848.77   4649.75
 5798.41   4692.48
 5724.49   3625.66
       p2p2       
 KB/s in  KB/s out
 5504.92   3925.38
 5732.46   3711.14
 5728.57   4811.93
 5815.03   4645.96
 5701.50   3831.51
 5923.75   4856.67
 5798.54   3443.13
 5645.04   4832.86
 5464.59   3758.70
 5589.35   5072.74
 5749.18   3272.08
 5340.38   3599.73
 5508.64   3395.85
 5682.30   3632.78
 5764.36   4230.90
 5697.81   4202.54
 5625.22   5199.33
 5869.41   4117.25
 5872.76   4771.01
 5599.06   3888.49
 4981.91   3724.52
 5787.52   3902.92
       p2p2       
 KB/s in  KB/s out
 5629.38   4420.05
 5681.51   3403.94
 5405.77   4779.01
 5564.74   4345.30
 5846.06   4483.35
 5869.41   3862.60
 5471.45   3698.34
 5855.34   4190.00
 5649.54   2767.34
 5594.65   3487.35
 5610.76   3878.21
 5597.18   3786.16
 5786.44   4147.14
 5684.24   3925.06
 5652.93   3431.29
 5705.72   4297.30
 5632.30   3929.15
 5691.50   4672.10
 5768.68   3418.01
 5609.44   3425.42
 6005.20   3901.14
 5707.44   4169.79
       p2p2       
 KB/s in  KB/s out
 5735.67   3505.66
 5599.36   3862.44
 5682.05   4322.57
 5781.74   3625.48
 5731.51   4212.46
 5282.81   4511.96
 2587.68   1658.26
  818.58    570.17
  767.84    538.15
 8252.18   6675.15
11599.55   7875.98
12064.58   8157.91
12251.41  10191.49
12074.10   7945.34
11580.60   7569.83
11787.79   9516.71
11774.69   8316.27
11643.45   8237.84
11554.53  10141.62
12138.40   7762.54
11749.72   9454.74
11720.34   8644.98
       p2p2       
 KB/s in  KB/s out
11759.26   8532.64
11610.61   7783.13
11860.56   8601.41
11231.32   8267.27
11679.06   8294.23
11479.38   9840.23
11523.07   8055.14
11481.64   8501.48
12022.90   7750.45
11755.60   8284.86
11965.35   8053.65
11872.04   9171.55
12229.15   7928.12
11583.58   8182.00
11824.15   8012.39
11752.92   8024.06
11862.91   8982.33
12061.62   9005.72
11480.15   9077.11
11965.76   7598.00
12075.26  10322.67
11842.88   8072.81
       p2p2       
 KB/s in  KB/s out
12045.87   8828.56
11964.31   8814.18
12006.82   6709.55
11863.73   8087.75
11601.57   8006.24
11887.58   9133.73
11601.78   9154.51
11966.78   9786.65
12146.49   9382.30
11664.11   7967.05
11665.63   8180.03
11737.19   7292.61
11941.95   8646.24
11771.50   8481.26
11702.80   8390.93
11713.78   9386.52
11507.92   9854.28
12152.46   8768.21
11677.59   9253.52
11934.20   8593.64
11626.17   9649.44
11602.82   8019.98
       p2p2       
 KB/s in  KB/s out
11705.39   8155.56
12255.99   8596.92
11221.04   9049.79
11502.94   8148.91
11706.65   8289.73
11687.70   7863.23
11863.64   8102.54
11501.47   8917.37
11680.94   8511.95
11409.65   6703.36
11659.71   7851.70
12291.23   9642.65
11654.56  10154.05
11901.81   8531.64
11787.42   7012.05
11824.38   6808.07
12019.94   8182.79
11508.00   7278.74
11513.85   9031.60
11444.07   7928.31
11621.42   8466.45
12328.75   8100.27
       p2p2       
 KB/s in  KB/s out
11592.98   7778.55
11414.30   8898.70
11861.52   8316.04
11632.65   7564.54
11309.73   8743.60
11866.06   7723.11
11430.32   8406.71
11523.88   8384.90
11930.66   7618.13
12206.41   9648.70
11701.67  10207.36
11533.97   7458.83
11754.84   7669.32
11846.93   8855.52
11858.74   8662.10
11554.36   8497.52
11691.12   8259.63
11865.06   8211.07
11471.71   7281.65
11754.71   8898.29
11873.17   8895.03
11889.15   8515.35
       p2p2       
 KB/s in  KB/s out
11693.00   8693.93
11661.33   9077.95
12095.35   8321.87
11819.89   9337.75
11171.30   8822.28
11440.66   8247.59
11479.52  10117.47
11772.89   9100.01
11251.65   8810.83
11745.12   8520.51
11609.73   8321.82
11951.26   7720.93
11507.81   8667.68
11705.45   8392.38
11471.85   8769.21
11778.28   7888.97
11832.38   8559.86
11566.13   8512.52
11427.60   9175.25
 2474.30   1956.74
  798.48    613.13
  913.64    686.02
       p2p2       
 KB/s in  KB/s out
11754.62  10868.15
13444.44  10582.64
12986.75   9278.94
13133.38  10284.36
13035.79   9404.67
13953.88  11049.67
13554.01   8677.11
14019.18   9947.94
13330.41   8581.99
13404.42   8061.07
13265.08  10430.92
13780.17  10189.41
12248.26   8797.50
13489.49  10020.25
13100.52   7850.24
14222.61   9969.01
12725.13   8372.85
13905.39   8405.65
12919.66   9114.19
13576.09   9651.89
13825.27  11457.14
13426.33   8702.31
       p2p2       
 KB/s in  KB/s out
14027.07   8956.39
13525.90   8970.97
13751.01  10445.94
13474.27   9382.89
12971.28   9212.89
13271.79   9206.41
13508.57  10445.84
13779.29   9326.40
12999.34   9951.68
13552.50  10306.75
12559.33   7793.62
13406.96   9766.66
12970.12   9852.78
13733.25   9728.98
13525.26   7443.97
13243.32   7774.53
12928.05   9442.39
13733.86   9888.99
13637.24   9989.58
13288.73   9408.97
13217.42   9137.16
12802.92   8964.28
       p2p2       
 KB/s in  KB/s out
12965.75   9406.34
13642.27  10660.53
13656.31   9003.18
13021.45   9147.61
12968.91  10117.28
13634.72  10332.33
13603.19   9956.18
12345.41   9051.61
12734.88   9154.88
13151.14   9413.75
13738.01   9540.39
13051.90   9641.12
13048.45   9763.48
13347.28  10162.66
12791.88   9257.60
13023.56   9581.17
13874.33   8699.85
13389.64  10374.28
12786.07   8677.43
13069.09   9126.67
13493.23  10678.93
13440.49   9502.06
       p2p2       
 KB/s in  KB/s out
12989.90   9140.55
13263.18  10254.94
12877.13   9581.93
12742.81   8764.25
12952.09   8974.18
14162.11  10874.85
12927.57  10619.84
12664.03   8969.18
12854.43   9836.47
12836.08  11027.39
13083.85  10495.34
12801.68   9711.50
12692.15   9896.87
13372.14   9393.40
12607.11   7300.70
12504.34   9117.86
12876.93   8367.69
13040.12   7641.69
12557.62   7642.75
13468.95   9769.84
12515.70   7757.26
13375.32   9994.16
       p2p2       
 KB/s in  KB/s out
11758.50   9963.92
13281.97   7881.04
13084.22  10212.80
12975.17   8877.58
13153.87   9138.95
13336.36   8051.17
12852.94   9124.78
12221.93   8546.02
13005.71   8959.52
12850.85   8478.25
12598.69   9547.69
13360.82   9160.78
13091.11   9417.63
13537.35   9979.02
13235.06  10132.32
12371.21  10842.99
13374.64   9686.37
13265.82  10254.73
12654.38   8482.23
12660.16   8486.55
12386.75  10325.76
13807.28  10462.82
       p2p2       
 KB/s in  KB/s out
12415.20   8097.46
13708.87   8958.26
12601.36   9764.52
13089.67   8804.26
13088.20   8840.59
13184.40  11698.63
12607.95   8656.88
13211.70   8650.06
12895.07  10080.89
12983.94   8582.70
 1056.14    644.98
  623.30    402.38
 1323.31   1098.35
13577.96   9256.45
13713.38   8650.20
14537.42  11118.94
12295.99   9089.73
14126.85  10553.95
13357.19  10604.14
14010.33  10131.46
13683.45   9204.75
14211.88  11259.02
       p2p2       
 KB/s in  KB/s out
14814.01  10112.92
14874.85   9841.04
13514.69  10399.72
13219.77   9408.73
15069.44  10698.32
13902.34  10111.50
14417.73  10095.79
14627.91   9550.35
14686.72  10238.50
12968.46   8719.85
13337.07  10068.66
14900.87  10767.32
14427.05  10903.56
13608.90   9609.16
13751.22  11003.33
14817.42  10847.87
14371.18  10349.56
13653.62  10810.46
14771.47   9598.95
13151.32  10672.70
13635.37   9795.59
14330.58   9179.41
       p2p2       
 KB/s in  KB/s out
12890.00  10387.14
13785.10   8913.00
13044.58   9616.03
13140.50   9301.35
14325.72  10286.22
13600.21   9443.24
14446.58  11012.19
13198.22   8901.78
14179.30   9842.12
13086.70   8428.28
14139.41  11697.37
14259.71  10059.91
13330.08   9233.55
12337.55   8194.08
14055.29  10807.01
13628.65   8668.10
13552.85  10929.87
13673.28   9104.02
13846.43   9670.97
12801.96   8385.25
12973.76   7482.52
14064.78  10642.79
       p2p2       
 KB/s in  KB/s out
13440.64   9706.70
13791.97  10149.66
13396.82   9862.93
13382.82   8491.91
13250.14  11611.16
13859.96   9911.48
13664.67  10631.09
13849.98   8688.20
13266.15   9109.53
13008.96   8863.71
14924.29  11066.18
13662.88   8925.38
13492.89  11409.61
14207.48  10345.34
13357.26   9798.00
12764.83   8577.53
13233.13  11088.73
12398.97   9196.93
14568.44  10970.97
12751.62   8218.30
14793.78   9439.94
13423.64   9911.34
       p2p2       
 KB/s in  KB/s out
13910.39   9829.10
12753.43   9630.68
14925.18   9481.80
13556.45   9535.89
13080.64  10331.06
13149.66   9060.59
13817.29  10628.62
13791.22   9151.27
13025.19   9459.44
14446.22   9366.92
13509.44   8788.39
12373.80   8004.71
14769.39  10214.81
12687.06  10244.17
13399.90  10068.35
13063.18   9123.78
13930.84   8732.18
15076.51   9924.87
12070.98   7767.65
14162.18   8284.90
14109.83  10185.32
14159.14  10132.34
       p2p2       
 KB/s in  KB/s out
13092.65   8989.66
13235.89   9030.47
14287.63   9542.72
14166.95  10536.66
14090.14  10173.66
13267.97  10319.79
12830.97   9938.67
13365.03   9795.56
14914.16  11393.88
13840.08   8256.79
14188.25   9598.68
14239.77   9273.86
13807.03   7938.91
14656.12  10580.91
13585.00  10224.05
14506.63   9906.43
12877.39   8004.99
13813.28   8924.43
13800.75   8930.50
12315.83   9944.83
13931.40  10104.98
13940.58   9438.22
       p2p2       
 KB/s in  KB/s out
13577.99   7599.05
  859.54    592.44
  978.96    686.10
  936.20    593.80
  549.52    411.98
  664.44    606.28
  452.18    433.62
  634.50    615.38
 1776.07   1910.60
13834.26   9534.85
13587.34   8229.93
14200.43  10907.15
12809.63   8357.23
13904.74   9238.25
13950.54   9343.06
13095.30   9558.61
14544.38  11841.26
14472.49  11369.27
15092.50  11951.37
14490.19  11775.98
13248.42   8890.61
15105.94   9530.28
       p2p2       
 KB/s in  KB/s out
14247.89   9931.92
16156.33  12515.40
12149.16   8993.47
13790.87  10396.86
12741.22   9705.15
13652.83   8902.37
14546.93  10825.47
14957.02   9509.07
12765.33  10101.14
13134.77   8809.68
13584.54  11075.58
13783.52  10115.40
13906.36   9831.79
13979.79   9785.20
13280.68   7584.95
14453.14  10302.43
13178.69   9802.16
15781.41  10826.12
13196.09  10656.79
13894.74  10374.25
14002.68  10040.18
14477.96  11504.46
       p2p2       
 KB/s in  KB/s out
14771.93  11277.72
13071.61   8826.13
14119.18  11052.64
14958.30  12238.49
13914.84   9304.40
13409.46  11075.68
10836.80   7550.80
13412.11  10222.19
13608.66  10270.55
13561.35   8841.64
12742.47  10355.95
13959.17  10509.99
14031.38   8278.61
13669.95  10181.84
13842.18  10650.99
13629.81   9789.60
12516.63   9273.41
12583.29   8495.72
14306.49  10006.75
14216.36  10247.62
12739.66   8972.19
13879.88   9875.29
       p2p2       
 KB/s in  KB/s out
12723.19   8689.19
12823.28   7856.39
13369.78   9307.40
12836.03  11100.48
13546.55  10241.11
11937.78   9052.91
14349.80   9781.07
13245.28   9088.12
13545.14   8993.78
13237.85   9906.01
11645.50   8808.12
14989.20  11030.60
13506.51  11161.88
13746.05   8813.24
16054.85  11857.66
12859.80   9609.53
14339.46   9602.74
14933.30  11537.92
13456.26  10144.49
14012.84   9952.01
12440.08   9355.53
15553.19  12352.40
       p2p2       
 KB/s in  KB/s out
14227.68  10167.95
13166.56   9898.41
14026.97  10055.28
12496.46   8787.99
13993.90  10475.73
13739.84  10460.11
12865.38  10766.23
14674.54  10180.23
14822.78   9413.56
14524.48  11005.43
14821.10  10217.39
13828.86  10476.56
13940.14  10782.58
13108.97   8913.93
13857.60   9941.53
14617.08   9016.29
13070.30   8921.84
12737.31   8964.84
13838.15  11077.30
14661.41   9909.01
12924.33   8735.92
14307.33  11989.08
       p2p2       
 KB/s in  KB/s out
13255.51  10469.61
13320.49   8462.08
13808.12   9386.47
13824.14  11599.85
12031.50   9546.39
13611.91  10128.16
13462.23  10461.32
13112.95   7678.98
14044.74  11462.04
12302.90   8107.50
14115.17  10762.17
12822.65   7761.32
15002.95  10961.69
12897.30   9013.64
13466.14   9533.00
14583.86  11449.36
13363.99   8863.60
13380.14  10213.67
15004.26  10868.32
 2821.82   1591.93
  790.66    551.41
  773.70    538.02
       p2p2       
 KB/s in  KB/s out
  590.25    593.77
  850.71    594.76
  491.13    375.95
  652.46    618.87
 5615.50   2656.68
 9770.11  10156.07
11365.12   9137.12
10760.73   7030.44
 6242.16   4914.20
 2584.31   1508.59
  580.47    487.47
 3699.34   1613.74
10125.94   7833.56
11702.55  10106.11
11364.83   8129.69
10793.23   9582.18
10222.09   9566.87
11188.45  10108.52
11245.08   6949.89
11820.80   5908.67
10894.86   8092.16
10643.09   5789.08
       p2p2       
 KB/s in  KB/s out
10693.94   7854.29
11885.05   9180.07
11171.45   5759.21
10804.84   9019.49
 8746.30   4742.27
10433.66   9276.84
11234.06   6920.74
10042.31   4746.78
10343.87   3866.46
10762.57  12178.43
10628.24   6797.06
10732.55   5877.74
11743.05  11087.53
10901.97   5006.75
10715.21   6955.21
11235.94   5712.28
10242.36   9987.62
11670.77   2614.97
11772.39  10088.54
10816.86  11068.23
10859.44   9026.09
11824.23   5889.54
       p2p2       
 KB/s in  KB/s out
11674.63  10974.12
11301.87   3745.26
12170.05   7885.88
11780.70  11198.45
10719.08   9117.15
10837.54   5955.86
11754.21  12163.91
11272.32  10175.91
11271.45   4831.67
11693.59   8034.39
11188.27   9029.61
10382.65   7139.77
12014.13   8306.39
11228.55   6822.14
10275.06   6924.72
10283.05   5947.92
11837.94   6930.57
10355.60   9112.45
11740.59  11205.89
11575.66   7742.01
11283.69   7956.22
10850.09   7953.73
       p2p2       
 KB/s in  KB/s out
10375.12   5958.92
11909.33   7043.58
 5984.91   2488.35
10395.62   6007.09
10713.06   6962.90
11728.52   6987.27
10820.97   8003.55
11904.99   8121.28
11323.11   9048.43
12050.44   4875.45
11641.57   6964.26
11225.23   7817.89
11712.16   9004.30
10795.37   7722.92
10831.40   9346.26
11605.08   6842.72
11189.39   6806.82
11231.60   6879.29
 9714.51   2679.63
10290.29   2757.10
10468.16   7083.97
11272.73   3806.17
       p2p2       
 KB/s in  KB/s out
 9195.95   3729.85
10107.07   7760.47
11870.88  12198.94
11727.30   7992.10
12290.61   4810.60
10767.28   5912.65
11934.34  11276.88
12431.08  11987.24
11244.94   8196.53
10792.42   5904.61
11133.38   8855.97
12254.54  10989.48
11921.16   3884.47
10843.99   7217.95
11219.47   6883.98
11604.76  10005.69
11868.54  11039.84
12279.14   5848.46
10864.61   6953.86
11995.63  10256.99
11528.06   7085.89
10822.73   4781.03
       p2p2       
 KB/s in  KB/s out
11907.20   4835.94
12429.13   6913.15
12217.72  10072.90
12404.33   9048.30
 8278.82   5886.16
11870.77  10106.72
11888.59   8030.42
11259.44   4795.10
11765.34   7913.66
11920.84   8084.58
11367.68  10249.05
12210.90   8822.84
11769.21   6992.87
11813.86   5886.52
 3743.86   3813.26
  545.34    481.58
  644.04    556.91
29569.94  21750.47
45320.44  35667.26
44192.44  21160.25
44073.15  34532.46
42866.99  19930.36
       p2p2       
 KB/s in  KB/s out
46977.06  38992.37
43649.34  32418.54
44627.84  25906.35
45496.81  34616.33
43642.43  33686.45
45020.52  30560.55
44413.23  29334.75
41929.00  27148.83
43458.11  26207.84
42257.62  32498.98
44256.72  26254.64
41360.62  23133.84
44261.94  35977.24
38967.67  27237.28
31673.50  25117.57
35849.33  30551.13
20137.14   8228.13
47037.00  30307.78
45130.58  34538.36
27087.35  14483.70
38299.47  21070.55
45270.23  29387.52
       p2p2       
 KB/s in  KB/s out
45949.75  38839.46
45190.18  30597.96
44007.11  25105.86
42722.70  24245.37
39531.88  31517.22
36891.35  28304.64
41865.55  27063.00
43088.13  33751.30
43839.08  21936.67
43266.39  34603.06
45437.02  31529.30
44933.67  34674.69
44531.92  26312.84
44926.11  28274.66
42526.45  36761.15
42484.33  23070.98
44501.86  30204.81
42198.53  22032.40
44417.84  31442.41
40431.97  27294.22
43070.36  28507.73
38343.00  30397.56
       p2p2       
 KB/s in  KB/s out
37379.34  27223.37
22972.51  13284.60
30583.40  30164.10
44515.75  33459.64
41354.03  24204.86
41754.95  29291.81
44500.99  37754.46
36605.07  25896.57
42879.78  25983.91
45449.49  35721.65
42189.19  28522.63
43337.33  31697.82
40541.02  38756.62
42258.96  27658.79
44079.07  28594.86
43843.66  26083.75
40785.11  30490.08
44412.98  32617.56
43044.31  25348.62
43499.59  29068.80
44216.68  28477.17
44347.67  31399.34
       p2p2       
 KB/s in  KB/s out
43980.99  29644.05
43910.03  29438.37
42599.69  25268.55
45776.90  30300.89
43503.15  36759.26
44059.83  21182.81
41424.13  26332.72
38832.04  20905.90
39783.15  28257.02
40339.02  28225.17
42030.50  30629.41
41818.00  18747.05
43380.16  32392.96
35424.44  27175.61
38178.74  26187.55
32897.39  22845.09
39800.61  33399.47
39817.92  28257.31
40535.54  28535.61
44901.04  30199.10
40393.29  23056.48
42917.25  31376.11
       p2p2       
 KB/s in  KB/s out
41854.80  26202.66
44718.30  30677.59
44414.86  30378.74
45416.16  23785.94
42515.80  26381.16
45987.29  33663.91
44722.77  32537.27
45940.55  30508.91
44866.02  31597.77
44553.80  30583.51
45553.29  38923.86
39256.70  24846.39
43337.57  34268.91
46570.78  28693.81
41721.20  26333.06
35604.17  25982.66
42123.88  31617.05
34350.40  29307.75
31179.50  18766.59
39293.92  25205.99
39813.64  19847.48
45562.65  40100.86
       p2p2       
 KB/s in  KB/s out
42905.74  24079.93
45956.39  32535.12
42783.29  23158.30
45904.42  28374.60
42352.96  22219.89
 1681.69   1544.86
  801.48    659.44
 3221.54    640.20
97346.54  70823.39
108470.2  71318.20
106954.6  78259.24
112311.5  71131.13
110294.0  75325.98
107512.8  70391.80
109483.2  73651.78
106960.4  68811.16
104882.4  76513.76
109864.3  79549.90
109072.1  64326.42
104581.9  66667.86
109140.6  72185.83
105733.9  63859.63
       p2p2       
 KB/s in  KB/s out
109679.8  75277.64
104219.4  62413.24
34850.20  12451.22
25465.86  23202.13
23550.24  18682.54
70775.90  47700.34
105594.8  70027.91
109025.0  85668.10
106392.9  82541.29
106260.3  77407.13
105303.3  84691.40
102608.1  57805.33
102783.0  69420.84
105424.8  74012.82
108905.5  86542.64
108686.6  75213.48
102076.1  73127.72
103059.7  73046.32
110388.5  66718.41
109259.7  80756.80
108795.8  73151.63
111174.4  70930.16
       p2p2       
 KB/s in  KB/s out
109693.9  76186.55
109539.3  65885.11
108982.4  69325.07
105569.2  70390.97
108847.6  74124.19
107646.6  71924.88
109970.3  73800.93
107513.8  66858.31
106459.5  76042.55
103419.4  66260.17
61581.87  35062.74
71837.41  52831.46
59986.67  43403.07
51307.47  32688.53
65036.72  46384.35
89637.59  64790.20
105245.3  70780.12
102486.2  60252.25
101456.6  66741.59
102553.9  63895.62
101020.5  54131.29
52642.09  35683.59
       p2p2       
 KB/s in  KB/s out
96908.19  75360.24
107146.0  85991.60
111213.6  82616.37
101970.0  71739.17
46944.92  34806.71
60954.42  40053.52
110787.2  68956.12
110129.2  82411.63
106670.8  73779.58
106416.5  62539.04
106052.8  61525.33
103124.3  63719.50
109636.6  81549.67
109592.4  75311.69
103845.8  67788.47
106669.6  74296.61
66869.20  50685.11
100058.2  68039.28
86254.67  56794.66
90173.66  63663.30
55837.65  29803.73
51836.27  33558.29
       p2p2       
 KB/s in  KB/s out
81230.48  55149.16
80321.30  55159.76
98010.91  82842.64
89561.19  62776.97
108748.0  64666.49
103022.1  74109.24
102918.6  71076.04
56000.25  30678.46
91891.61  49976.15
107445.7  65473.70
108130.9  77450.67
106775.6  79250.55
103912.7  80276.26
100758.6  66646.32
106418.9  75013.46
110561.9  71208.61
110830.5  73228.13
106485.7  70523.19
108162.4  69566.67
107283.6  74047.77
106402.7  68238.96
106360.0  80018.60
       p2p2       
 KB/s in  KB/s out
104478.5  69172.62
108249.0  61783.31
109160.4  76446.77
110461.0  76163.84
72222.90  62015.37
50077.81  36958.01
56812.91  38771.83
105231.9  76826.42
74996.41  40205.33
79036.90  53697.54
100438.4  62729.41
103351.4  76420.55
111083.2  75293.79
102049.4  65658.83
108992.8  73757.48
68628.79  51625.89
106348.8  74498.65
82472.29  64561.46
 1656.26    323.23
  874.76    709.06
  589.31    437.20
  703.75    635.87
       p2p2       
 KB/s in  KB/s out
  575.19    509.51
  512.31    441.88
  353.45    314.82
37604.31  24994.34
127161.8  84861.01
125147.7  90995.11
128642.0  93497.88
126117.0  91149.12
123741.4  99929.41
133724.4  91697.79
130522.9  92190.45
122948.4  74597.99
125492.2  96419.75
118021.1  79504.22
97332.67  57583.90
33360.14  22911.54
95220.40  62000.03
98195.40  58023.21
112625.1  72397.47
119644.4  82790.34
109238.5  91308.47
108537.6  79052.09
       p2p2       
 KB/s in  KB/s out
114964.4  63934.64
83686.14  54933.12
122822.7  73757.56
122333.1  75878.68
129667.7  96146.00
128650.4  76234.12
125791.8  71407.51
127486.8  90106.36
94942.76  68216.92
120832.0  72045.25
126283.7  87104.04
127871.2  94686.22
124963.9  91197.50
126295.2  96465.50
126528.1  75198.30
125805.3  77613.11
104012.1  69410.59
55785.08  35232.56
82620.79  55719.26
110747.8  86045.98
118560.8  91964.92
99486.98  72837.97
       p2p2       
 KB/s in  KB/s out
87257.68  52990.31
62401.05  41311.89
48172.10  35665.68
72865.61  54573.82
103511.7  81801.24
91108.00  74780.17
114194.5  77583.93
96860.68  58845.26
107359.3  73165.62
108742.1  77027.47
107027.7  64200.34
122981.8  77581.04
124928.8  83978.55
132689.5  92829.05
128508.9  83101.97
120766.2  84381.95
124186.5  76681.33
93107.36  66826.87
81990.88  60262.41
106789.1  78414.80
127415.3  99948.84
128264.9  81688.07
       p2p2       
 KB/s in  KB/s out
126086.9  75405.83
127826.7  85432.07
129226.8  74657.49
127410.3  95133.47
127470.1  89981.18
124719.7  86506.95
111688.8  57714.89
101237.6  60217.46
77480.92  48812.44
84891.53  55935.28
63357.39  39098.61
84029.44  59061.93
99541.16  59529.61
85575.62  48470.07
99542.09  73292.33
90096.46  53200.77
108464.8  70304.85
76035.12  39998.28
109649.6  75296.81
122599.4  78515.70
116120.0  73119.36
125221.6  95496.16
       p2p2       
 KB/s in  KB/s out
118312.1  79656.88
121724.8  98338.35
123723.2  81678.16
106663.3  71935.54
110094.3  79162.12
122337.6  75881.59
127085.2  92044.83
127477.0  78330.20
129217.8  76351.92
123690.5  97198.30
124550.2  75567.08
121164.6  74758.37
127481.6  72279.05
122994.8  88178.43
76071.86  45496.51
27761.30  17858.24
36829.15  19697.56
54299.75  27442.49
71428.16  60108.86
48665.70  31487.37
93615.39  67487.22
75255.57  48854.50
       p2p2       
 KB/s in  KB/s out
110713.2  67921.69
118540.7  76381.26
97961.48  54016.13
89586.61  58362.14
99541.18  62362.41
118423.6  92388.42
112280.2  81880.19
118474.1  71394.37
127408.5  85453.04
121597.9  90313.11
125760.8  85815.84
124894.5  92658.25
126334.3  90729.03
76754.62  43338.64
  939.83    621.69
  924.96    539.27
66291.39  50741.18
127505.9  92019.51
144170.5  90687.80
132066.3  92082.16
131461.0  64138.32
152691.2  110759.3
       p2p2       
 KB/s in  KB/s out
124285.6  98120.60
113926.1  74430.07
84123.03  57451.46
127647.0  77185.81
118495.3  88239.02
120919.8  65011.31
119185.2  78991.87
129785.5  83740.86
128963.2  96260.53
125498.8  92376.66
134887.5  100845.5
129785.0  95902.36
121508.5  102999.1
138211.4  90261.14
133898.8  96426.40
140745.9  99645.30
134502.4  92503.85
143882.3  98253.80
135915.9  97902.38
133868.7  93172.63
142692.1  96669.92
139623.3  84028.92
       p2p2       
 KB/s in  KB/s out
132253.9  76556.97
141702.5  90694.78
139615.7  92720.11
141302.6  88852.18
137139.2  86271.76
129089.0  82728.21
140553.5  88951.04
135182.3  99946.72
127147.5  81717.12
85275.58  60225.76
64633.27  47322.96
59907.36  43320.75
84828.98  58477.09
70350.77  46514.57
87294.90  54266.00
115019.6  72044.72
132957.4  88225.27
131301.0  94580.75
130995.1  99696.36
116964.6  83186.56
121437.8  78040.78
134201.3  94107.25
       p2p2       
 KB/s in  KB/s out
144989.2  104145.8
144286.3  93916.55
140264.4  103722.9
124123.3  84811.39
134835.6  97295.45
143102.4  78032.73
139575.1  99782.86
138455.4  80197.43
127102.1  77197.84
140629.6  83574.82
145354.2  105578.4
141194.7  97176.43
133633.2  88717.71
140656.1  97458.20
114253.9  88112.61
86705.58  42434.73
82108.32  56397.81
74104.73  48932.26
57413.88  35427.96
105410.2  69151.37
82457.73  39121.25
111125.0  67242.43
       p2p2       
 KB/s in  KB/s out
130158.3  79872.02
129140.0  74463.63
133775.1  101828.6
133126.4  91806.49
126015.9  95994.45
118893.1  71001.55
122876.8  94833.64
97208.55  61190.82
136322.7  104062.9
135912.2  96828.94
135399.7  78743.61
130080.8  93359.30
143311.1  89774.43
134648.7  92618.35
143236.4  103361.5
131402.3  91580.88
132282.2  82971.84
144602.0  97396.11
131645.2  87800.41
144576.7  106877.2
131210.9  86153.13
127911.3  79741.34
       p2p2       
 KB/s in  KB/s out
136454.3  90390.73
130212.8  86888.61
139712.3  94898.10
124517.9  81121.88
83262.85  53962.60
78634.89  52887.30
61451.59  47479.36
104863.4  75206.97
120627.1  60091.98
109721.2  79581.76
123877.0  92790.93
124888.4  86518.96
130921.9  86887.13
122753.8  82863.54
135980.3  81214.14
125742.3  81924.41
132167.5  83819.21
131398.3  91190.32
143534.7  104957.4
124449.4  74693.02
148340.8  101884.0
132305.7  72246.06
       p2p2       
 KB/s in  KB/s out
137251.8  92728.09
133169.2  92555.85
134024.2  82945.95
134755.6  89494.75
79156.14  53129.71
  842.04    623.07
  600.46    599.05
  900.19    631.66
  734.42    505.99
  718.63    554.80
  586.67    538.23
  478.38    459.86
88114.07  66492.37
140575.8  88682.35
126849.8  77053.20
137228.7  96686.64
147996.5  106501.3
149865.0  98479.69
141544.3  100662.1
117265.4  83991.95
158691.4  95622.04
137595.5  97147.20
       p2p2       
 KB/s in  KB/s out
133818.1  93785.48
154967.8  116029.4
132842.6  84840.54
144605.6  109869.3
145615.5  99361.03
156415.1  96810.75
142672.3  87545.15
129835.5  100540.4
144029.2  87808.23
129588.1  83074.91
144666.6  98448.32
144643.6  96085.52
141190.7  87420.40
141818.3  87142.46
138872.8  94977.58
138830.9  78233.97
152973.8  106114.3
143075.4  96660.57
143946.9  99591.34
139770.1  95057.68
109585.0  80563.52
94978.05  53109.58
       p2p2       
 KB/s in  KB/s out
115203.9  75861.13
126274.5  82876.11
140153.9  85369.26
109207.4  87518.21
153796.8  106012.6
148971.9  102021.6
143853.0  111916.0
152096.6  92866.87
135089.9  92684.48
117892.9  75495.40
138740.0  92268.18
136831.8  78126.34
148232.8  104666.9
124363.3  75655.81
144132.9  96332.37
136396.6  92230.84
142532.0  93626.77
142980.1  91190.69
124162.2  96068.03
152200.8  108333.1
132496.9  95832.89
134402.6  87654.69
       p2p2       
 KB/s in  KB/s out
170584.9  123647.2
134216.3  85981.61
155818.5  102961.0
153401.8  108363.2
144139.9  97354.58
70459.03  40086.56
77543.89  53023.33
81156.43  51972.11
88673.18  71341.63
97371.84  73822.29
129636.0  82944.70
140167.1  91549.79
111656.8  76275.02
123162.9  87190.79
144240.0  89443.04
138657.6  92800.53
151393.0  91223.13
135469.2  95400.72
130896.4  91495.05
150923.1  102914.9
159223.3  110348.2
 2802.53    555.15
       p2p2       
 KB/s in  KB/s out
93627.10  72089.49
161536.4  114283.5
149153.6  85012.82
132368.3  94994.89
144100.8  98699.32
140106.9  100323.4
158032.2  101953.9
128406.6  89111.66
127561.0  83866.89
146627.4  83459.77
149895.3  105057.3
147575.3  80200.28
147257.4  86918.68
86925.66  63446.25
110602.3  63388.45
108004.0  70733.95
131517.8  70939.39
139391.7  93831.97
133669.6  96888.91
129834.7  89976.29
140129.1  95233.59
147825.9  98656.81
       p2p2       
 KB/s in  KB/s out
147672.1  102637.9
132557.8  86945.77
142439.8  90443.37
137017.2  85035.11
126504.8  79018.19
143535.8  104648.7
139940.4  82931.61
151349.5  98263.31
129177.7  85891.37
134502.0  86970.39
169208.0  115861.2
137684.2  96914.70
156209.6  90201.58
134274.9  109254.9
138765.5  99515.26
128002.7  85986.70
130631.4  93104.99
140231.2  78062.77
144969.3  81805.77
129955.9  89488.67
144805.4  92031.26
154822.2  111764.4
       p2p2       
 KB/s in  KB/s out
78086.78  52631.13
13427.53  10499.20
  820.88    334.25
 1017.39    713.40
  726.67    554.99
  690.12    532.15
  497.01    436.24
  537.09    499.75
84945.17  77730.01
19966.42  15915.58
25887.94  18800.60
83213.69  38636.46
69846.23  23558.59
80457.95  16079.51
77888.73  50974.93
83761.45  50661.70
82359.66  20131.76
73777.92  59405.00
84411.31  70715.44
70345.15  45827.48
80595.35  67791.76
83507.29  76640.43
       p2p2       
 KB/s in  KB/s out
46349.90  33022.30
71680.48  20060.97
55651.16  54291.21
43836.79  22741.97
72941.26  87454.04
65179.74  41236.58
16579.70   9058.02
81859.25  52655.55
80729.50  37414.23
79638.19  74286.62
55552.70  35335.51
89286.52  74494.71
84562.43  56574.50
77319.70  49526.64
85448.13  56230.24
64580.40  42863.85
81172.41  24652.35
81902.65  61561.29
81379.89  68011.89
79323.11  59154.03
82421.48  68946.89
82215.89  49598.03
       p2p2       
 KB/s in  KB/s out
80254.47  24786.71
79662.76  69711.90
71514.64  43700.72
90534.01  49725.79
68022.42  62087.40
81164.86  48807.86
81619.08  66686.46
80821.45  59355.78
81175.42  50683.49
87874.85  68074.59
90034.16  60336.47
81145.08  29810.69
49076.89  34289.20
49072.49  29702.33
64981.95  29764.63
62919.76  39787.23
67161.12  41941.73
33248.80  28386.48
81458.77  92614.78
73310.22  39741.00
57251.95  39510.55
82277.68  50740.29
       p2p2       
 KB/s in  KB/s out
81197.45  31732.03
79825.65  71700.20
37025.37  37146.98
79232.52  76465.88
82927.24  101444.2
76994.52  30235.22
65592.53  11550.99
81100.63  35382.16
81180.40  33556.10
65784.38  41922.10
79890.47  71550.75
81814.78  61253.61
82730.70  61930.75
82995.36  58178.80
77346.47  49611.80
77439.41  49553.77
80881.51  47794.99
79789.17  43213.58
55107.33  51659.26
80768.63  66796.68
81136.23  43009.25
65368.15  77235.46
       p2p2       
 KB/s in  KB/s out
52030.26  45976.64
78183.96  67604.30
64466.72  36446.77
79534.79  37570.49
73109.27  67681.20
59393.37  41882.29
53522.80  35243.07
61623.69  41891.69
74840.31  41940.12
58002.91  45877.49
77778.70  30679.78
60734.45  43842.26
62303.30  75309.26
85695.82  33513.19
56240.19  27512.01
76580.91  40007.42
64638.29  50685.89
64524.03  46570.47
78645.49  47073.78
77620.01  43125.32
71377.34  78500.30
66782.54  48351.53
       p2p2       
 KB/s in  KB/s out
87178.41  83272.94
77139.93  75388.11
86505.43  57113.30
87755.65  51828.59
82992.27  43963.60
90042.12  69871.77
45454.37  33211.51
82633.54  53658.86
88026.89  75647.39
80514.46  55443.88
35997.92  11302.39
75893.73  36482.54
70321.86  53673.46
80893.61  59364.16
81631.10  20159.40
73947.40  64665.88
84964.88  80024.26
69332.16  35288.88
  701.63    617.46
  535.92    472.37
84690.68  36434.93
205853.8  164440.8
       p2p2       
 KB/s in  KB/s out
195478.2  132093.1
188263.3  102430.1
143031.6  80926.48
185144.2  129689.9
144064.2  77409.18
169136.7  119816.2
182739.2  90987.55
196291.0  120845.3
190538.2  76902.05
199923.5  159074.3
172181.3  109591.1
154969.4  153731.6
161446.6  111459.9
122710.0  52733.55
108054.6  64541.34
126771.6  124686.3
119295.3  89408.78
99428.80  49351.39
138744.0  98489.77
155535.2  143488.5
209420.9  151331.3
154929.6  67212.91
       p2p2       
 KB/s in  KB/s out
191576.7  133172.8
183951.6  117329.3
163247.5  149560.7
156578.1  101937.1
118717.1  97901.69
124356.8  65784.66
95108.13  47387.55
169319.1  86653.64
51294.58  33105.50
153917.1  126413.2
130900.5  83853.60
188162.4  139037.7
207488.3  127385.8
142312.7  147332.4
135495.4  61177.72
156669.9  105881.0
188073.1  137254.1
167544.4  118778.4
149403.7  107854.8
137457.8  122306.9
176566.6  123831.3
130676.4  69751.25
       p2p2       
 KB/s in  KB/s out
129613.9  81444.28
98991.37  93003.62
106800.8  56307.65
77722.02  54753.30
128839.0  88053.54
195810.2  93309.02
128351.6  95054.36
178650.1  147315.6
132176.3  63835.93
187293.2  86037.21
160302.7  88002.04
185597.8  148596.8
170820.1  133602.0
140046.1  73760.79
160195.2  80087.25
91398.57  60399.97
140357.5  139588.7
91043.47  47214.94
91677.78  33595.17
170814.0  118325.7
171597.6  100426.8
192041.5  161193.2
       p2p2       
 KB/s in  KB/s out
184246.7  80622.35
189586.0  141755.2
173054.3  113715.4
163972.7  139121.1
149196.2  80484.11
184593.4  117950.6
138203.8  80445.63
155171.1  63514.05
101950.1  65953.92
96075.27  90632.10
119596.4  80379.43
82129.22  80485.73
122855.6  60418.47
141787.1  93211.99
174265.7  117080.8
176036.1  101394.9
134720.0  54205.94
181226.0  126098.5
171457.3  116116.5
190938.9  134205.4
159031.1  149968.7
186454.0  164627.1
       p2p2       
 KB/s in  KB/s out
190557.8  164478.2
131906.0  75835.56
93474.76  65243.68
91265.73  61755.52
144759.9  90746.00
74489.52  16331.41
182362.0  115560.9
105575.0  23463.91
186060.1  116860.0
138366.2  96224.22
185029.2  114179.4
136025.1  74377.96
114021.3  85791.14
189167.1  102155.3
178700.5  74571.70
133211.3  86981.97
134182.3  94482.39
106403.4  57511.21
110974.9  55718.64
115699.3  113268.3
131098.2  88865.13
138795.4  79593.00
       p2p2       
 KB/s in  KB/s out
160548.2  132317.1
148490.8  117950.2
180319.7  115213.5
134794.7  58269.23
144777.5  101639.1
108295.7  35523.47
172202.8  109935.5
188692.4  131609.0
84076.08  36527.64
  736.33    646.09
  584.70    455.33
249516.9  158183.5
296983.8  227336.2
331997.0  241900.0
315768.1  222123.7
343950.6  213177.6
313711.0  242485.0
291065.3  228469.3
354778.5  194578.0
329980.0  206730.5
330518.9  228085.6
278610.8  193268.1
       p2p2       
 KB/s in  KB/s out
323009.5  235554.4
349171.1  196896.8
323902.0  252003.8
276979.5  198355.2
239091.5  170259.7
255939.5  166867.3
251023.5  196293.4
239745.8  129205.6
290918.6  229313.6
339997.4  263241.6
302727.6  206030.7
306776.5  193705.0
269476.7  174202.5
361577.2  228463.3
344217.4  233095.0
288169.2  170716.3
343397.4  220908.1
315381.3  195135.6
359685.3  229244.1
305287.1  164699.3
334203.3  229684.4
314711.2  246596.8
       p2p2       
 KB/s in  KB/s out
289659.4  222419.8
306774.6  167052.2
330598.2  144848.7
307158.5  238184.9
341474.2  215825.0
345653.1  251603.6
306427.4  204291.7
334966.1  172644.8
288845.7  236155.7
266586.9  181665.4
279089.6  212878.2
215440.9  171185.5
246273.9  164829.0
294022.4  208511.3
286163.2  177339.5
224164.2  148486.5
296025.7  255699.3
322017.6  159797.5
290923.1  201576.3
327044.0  216661.0
328663.9  192390.1
276640.4  186751.8
       p2p2       
 KB/s in  KB/s out
372812.9  181654.2
341669.2  287077.8
344199.4  211388.8
316870.8  229882.2
335829.4  260007.9
214025.8  121797.0
310227.3  208641.3
295436.4  167292.5
295913.4  240353.9
346886.0  241569.2
359002.1  231788.6
308817.9  290890.1
240201.5  142181.2
314231.5  169126.5
298391.6  170291.3
323462.5  162302.5
292825.8  155870.4
212437.2  114624.7
294171.1  191470.9
161183.6  132877.5
291763.8  151767.0
320768.2  245734.4
       p2p2       
 KB/s in  KB/s out
220520.8  153897.5
295658.0  218930.8
250130.6  203880.6
206156.5  69907.86
184255.2  92419.52
171724.6  96444.84
304314.4  194110.0
355520.4  213959.0
341428.7  170282.5
334390.3  199288.7
329735.2  225562.2
325672.5  216786.5
338761.9  225343.9
306426.6  202532.1
352817.3  213539.3
307903.8  217809.5
318166.6  285174.8
283334.2  174062.8
289759.2  209654.1
310848.5  206801.4
325077.1  180749.6
355387.2  307248.3
       p2p2       
 KB/s in  KB/s out
320705.8  149242.3
319434.1  225075.8
306338.7  192703.3
302187.4  220517.0
328110.7  185531.9
290256.0  173692.7
284910.1  182986.5
321958.0  230891.1
173157.3  86592.97
247866.0  204561.1
302899.6  221726.3
307029.8  167068.6
327583.1  284126.8
357655.8  248823.2
340426.3  225113.8
251457.1  129181.6
340130.3  177094.0
354630.9  195043.9
336998.5  264191.8
337020.7  233042.5
350393.1  276765.4
125970.1  88812.44
       p2p2       
 KB/s in  KB/s out
16398.30  13823.44
 7248.63   8520.08
  704.27    544.53
  689.53    553.25
  565.21    524.78
  433.66    388.75
  641.16    605.73
413513.7  225301.1
359398.8  259883.9
357226.4  299458.2
406995.3  248978.5
357383.6  298490.4
383959.8  233563.3
392780.6  259249.8
417893.0  238907.0
74211.02  48870.63
291268.0  206328.5
377101.6  250070.5
421117.4  285343.0
168353.3  119514.5
413046.6  262213.0
415465.4  285048.4
       p2p2       
 KB/s in  KB/s out
296967.1  217805.1
407726.2  306642.6
370180.6  285193.0
372073.5  224591.3
429435.9  331876.6
379651.0  244370.3
387592.8  329808.0
424917.5  298478.7
375846.1  305512.2
416686.4  281611.1
375588.7  263679.6
379784.1  251989.8
370595.6  270697.5
407425.1  290442.8
385245.5  235056.1
398061.8  355949.6
404450.0  285928.1
393004.1  292650.5
408240.2  266596.5
412533.0  291890.9
358067.4  219710.8
333386.9  207875.1
       p2p2       
 KB/s in  KB/s out
337721.8  194116.0
269145.6  175874.7
393884.2  256238.6
377886.4  274162.0
313651.9  233911.5
414437.6  205453.7
268327.3  172850.0
416492.1  308427.4
428888.8  280868.1
424591.4  272320.5
411529.2  304201.2
402373.3  285554.7
404175.7  315541.9
400193.9  260792.0
308004.9  227276.0
377977.1  291516.9
371139.5  222206.2
368757.4  197527.4
394262.2  256712.0
307496.2  208322.1
429327.3  299891.8
381666.0  269339.8
       p2p2       
 KB/s in  KB/s out
378615.9  185265.8
416990.7  268583.5
418482.0  272618.8
363186.6  281064.9
387265.1  251673.1
327385.9  233743.8
368126.8  166909.5
325860.1  219705.1
270059.3  166610.1
282846.4  158780.7
399246.0  222418.6
424805.7  289174.0
378294.9  249204.7
394852.0  281645.6
347583.8  237546.8
380413.4  226051.4
373425.6  306523.1
406155.1  198920.6
414946.5  207436.3
346912.6  238518.5
402990.3  274944.9
401385.7  247418.2
       p2p2       
 KB/s in  KB/s out
400889.5  241571.1
424118.0  341001.7
392363.3  259420.9
440102.8  265564.3
310887.9  201671.8
397398.0  296077.3
446665.7  270791.0
373598.8  210634.8
417523.3  306192.1
403657.8  308045.5
388560.6  274099.5
401986.1  267908.2
403025.7  306358.9
372983.3  290708.6
379354.0  225183.3
301773.7  215332.0
327811.3  250986.4
142000.9  59148.57
316136.6  194754.8
313147.8  237787.3
375719.2  246366.9
431227.7  362455.7
       p2p2       
 KB/s in  KB/s out
406113.0  269047.5
438977.0  282488.7
211666.8  142643.3
32841.82  16221.41
388168.3  244053.8
382761.9  342588.9
394472.0  242426.3
395185.8  258787.7
419562.9  222093.4
389725.3  199954.1
359361.2  192880.5
375425.2  314277.4
352169.3  249749.8
389348.0  219449.2
404802.1  287972.7
330549.2  204049.3
388824.3  293426.7
89979.16  61108.76
 1361.11    617.13
  599.79    513.31
  602.97    457.82
  562.43    455.67
       p2p2       
 KB/s in  KB/s out
  693.09    596.64
  486.15    492.36
  520.92    485.10
568333.8  374868.5
417414.0  281543.3
457971.9  310257.3
449243.7  350249.4
385398.5  309110.0
442864.5  281937.3
450251.3  360116.6
441176.2  271645.2
452222.3  238139.9
415949.3  233501.5
380633.4  230298.9
404280.5  288947.1
411547.1  286845.7
440472.7  283659.2
468299.4  369334.2
448309.2  256713.8
467313.3  272395.0
440979.6  268620.8
415863.1  301527.4
       p2p2       
 KB/s in  KB/s out
419260.7  233079.6
445067.2  224716.0
456768.6  285250.7
400966.4  209017.3
438071.6  345753.3
395003.6  257283.8
437785.3  280016.1
361133.4  308694.7
408057.4  208648.5
340666.1  193615.1
464435.5  357435.6
422761.5  322601.5
455439.8  321191.7
437236.5  215228.9
392448.3  292865.1
300877.4  254381.2
463162.3  316078.9
417012.0  287174.4
396762.3  273451.7
357398.5  255365.8
414980.6  291336.5
483039.5  214040.2
       p2p2       
 KB/s in  KB/s out
425625.2  302813.6
336181.8  235335.1
372357.5  247316.6
380070.9  268538.1
360143.2  221745.6
343910.8  178770.0
265232.4  192253.7
374160.2  217191.3
364101.2  173655.4
423353.5  265722.6
397624.8  207055.7
472590.4  206048.7
372984.3  232230.3
458726.5  297244.0
442460.6  240189.8
444566.3  347393.5
413081.1  278629.0
86530.95  18057.09
176249.9  133376.0
310848.3  194455.5
122836.8  59388.05
387751.1  325554.1
       p2p2       
 KB/s in  KB/s out
439390.4  304463.2
398184.6  311119.8
502837.4  281145.2
485439.4  317873.1
447593.5  392655.8
472845.9  382364.3
430878.7  310045.9
409906.4  293989.9
448672.4  291469.9
325088.5  245879.3
399740.3  299402.1
399091.2  294372.7
459238.5  269336.8
479917.5  257302.8
338346.5  242496.0
477897.2  272691.6
426232.8  375679.7
454354.1  359213.7
507791.8  399807.3
402052.7  289021.7
375889.2  306883.3
430369.6  265205.2
       p2p2       
 KB/s in  KB/s out
418538.3  242473.4
431479.8  360765.0
330228.6  215386.0
490775.3  346275.2
422401.6  315225.6
378581.0  235267.6
220499.0  125888.5
326075.9  250626.6
333288.6  225421.3
427849.6  278617.3
312028.9  280181.9
318092.8  228938.9
293101.5  158901.1
305278.4  211780.9
402037.9  294871.1
330569.8  273451.6
391309.7  249667.0
446836.5  276437.9
406074.9  262959.7
420458.1  226452.7
435562.1  302380.2
428081.7  294625.9
       p2p2       
 KB/s in  KB/s out
395538.8  303724.2
382051.8  268354.0
417363.1  263366.2
427714.9  235154.8
420252.7  218947.2
436162.5  281816.4
418114.2  288209.5
497600.8  305675.9
403187.3  296909.1
467113.1  285636.6
356570.4  187906.9
338354.4  213768.2
 7745.12   1764.52
132716.8  69366.96
30331.08  34485.02
  818.88    547.05
  732.62    567.20
  673.40    580.52
  641.03    609.61
  469.10    408.55
 8798.17    547.04
578370.7  323577.6
       p2p2       
 KB/s in  KB/s out
544981.5  319670.5
501848.9  390402.2
483363.9  304391.1
326394.7  302149.5
556307.9  333364.0
484078.7  452279.2
377266.5  318265.9
389489.9  200745.1
408948.4  291412.8
460194.6  207028.0
454280.5  393696.2
470964.3  332875.9
460433.0  319883.8
448309.5  328078.8
515917.6  294203.7
424582.8  299153.0
550177.9  344567.2
407363.6  297703.5
536024.4  324071.7
388624.2  310206.6
428767.9  274031.0
390261.4  275791.8
       p2p2       
 KB/s in  KB/s out
402838.5  284584.0
427447.5  304932.9
487584.2  412466.4
456908.4  251839.4
397730.5  249948.4
308812.3  192511.7
459305.8  292464.5
448481.7  282371.2
531210.0  400798.1
488469.9  302296.4
465196.5  318802.3
463190.0  382138.7
360026.5  310718.3
505421.7  348713.1
454701.0  387549.5
404955.1  315586.4
471001.9  260727.3
530490.3  323224.9
428886.9  304929.3
509616.5  316496.1
287978.4  304731.0
434154.7  252230.9
       p2p2       
 KB/s in  KB/s out
465485.6  278763.4
434364.2  264601.1
440724.1  314759.3
259546.8  182413.7
469412.6  315090.1
507919.2  419229.4
428033.2  250380.1
463898.1  194921.4
423447.1  388114.6
374129.9  285368.3
497414.9  333965.3
445484.7  261174.4
61732.25   2340.44
213032.5  183693.9
479142.7  353134.9
562654.9  390235.4
537761.8  358853.2
452844.4  204625.7
481916.5  375690.9
513322.2  352787.1
488582.1  288239.5
470524.0  318188.6
       p2p2       
 KB/s in  KB/s out
470858.8  298291.1
555440.9  352385.1
486992.7  326530.3
441508.4  350607.4
404840.8  304089.1
461135.0  321656.6
499961.3  402955.6
529360.3  340587.5
472294.0  185829.0
484835.6  362241.8
483777.8  344316.1
449410.8  335444.9
463737.2  284367.9
437981.5  329565.7
447750.7  270287.5
453823.9  271965.4
487034.8  355103.7
413792.0  213466.2
417726.4  240462.5
295951.3  167315.6
415975.6  369882.1
479198.2  304378.6
       p2p2       
 KB/s in  KB/s out
355498.5  325552.3
555146.1  387594.9
318431.1  191550.7
256604.2  120754.4
426531.9  292072.9
211155.2  265613.9
452100.5  401023.4
349623.1  219530.7
555522.8  305462.0
447416.4  220048.7
194955.4  268977.6
474105.5  320282.4
455350.5  303566.5
509865.3  345765.9
429711.7  360185.2
483891.3  367588.7
499531.8  280519.5
486290.9  252882.6
491740.9  312632.9
442222.1  223779.1
393480.9  209030.6
459831.9  367455.2
       p2p2       
 KB/s in  KB/s out
466314.5  313080.1
479911.6  344569.0
404188.4  291763.4
459101.9  298957.3
451445.0  295043.2
458715.7  270594.2
429521.4  261313.3
381819.7  201905.1
357141.9  217901.0
260335.5  199186.1
188729.6  147372.6
31856.82  20584.76
12977.21   8569.40
  563.85    401.08
  621.52    461.09
  482.85    423.87
52668.35  34993.76
138189.3  108499.1
66037.60  26457.80
107196.5  43698.22
59901.84  49001.97
112914.9  60935.83
       p2p2       
 KB/s in  KB/s out
111334.7  88099.66
130029.9  52420.57
111932.7  81233.46
99606.32  47036.87
58610.29  81249.28
118812.4  79297.66
66671.67  50142.64
128359.7  66238.62
130291.8  100909.9
60392.24  39304.80
69297.47  64080.04
123518.5  97572.66
85719.42  60926.56
115862.4  86940.78
125595.7  125410.6
69436.92  35346.79
129786.4  74102.34
129139.3  112539.6
42161.09  34783.58
87497.69  44458.34
129098.9  65424.64
71724.85  54360.59
       p2p2       
 KB/s in  KB/s out
122931.8  95310.99
65004.08  35041.74
123830.0  100631.1
100076.0  29945.37
128759.9  104029.9
136458.8  98556.31
115268.0  63308.16
109156.8  82640.10
129632.1  95368.98
120105.5  44729.65
125733.0  86970.48
110488.3  82437.45
124978.7  150357.6
99482.22  70649.10
131436.0  115705.6
122085.8  98715.97
75083.42  26776.12
105705.5  43726.01
24382.61  34933.91
113750.7  52553.03
119015.0  96592.70
120326.3  54632.61
       p2p2       
 KB/s in  KB/s out
87836.52  52295.17
103478.2  67490.05
104369.5  30978.97
65612.50  26517.75
126159.5  83131.44
69032.16  61568.34
129443.9  117019.5
75925.69  49030.48
119046.1  104074.1
99926.93  96488.08
125674.5  52429.66
99092.12  43766.28
130888.8  139418.5
128071.9  78259.52
129673.1  83671.93
125543.8  82481.18
115271.3  69702.29
52100.26  30659.11
108991.5  55723.04
117230.8  83575.13
68125.75  43597.52
30652.02  45220.66
       p2p2       
 KB/s in  KB/s out
21951.25  24862.92
109965.8  48150.09
94922.65  52310.31
126784.8  116905.5
101778.6  57837.65
132744.6  112524.3
112444.3  66400.86
115350.0  84570.81
126550.6  79351.12
99853.04  55404.37
113689.5  52935.80
123814.7  97710.84
109326.6  140798.6
52795.08  26576.06
118850.3  69560.46
72197.51  69408.25
132765.3  95396.64
87518.04  72901.63
69643.97  61741.90
133432.9  128616.6
113736.3  84670.97
126995.1  58943.35
       p2p2       
 KB/s in  KB/s out
135502.4  112620.8
130236.8  99700.17
90244.84  44753.66
129245.4  79090.63
84115.29  36538.05
78411.93  51150.34
119871.8  73996.14
114672.5  62114.83
77876.39  44701.49
104523.5  97537.13
105973.6  71787.85
81480.97  40457.47
117415.8  87971.88
123981.1  84637.94
81080.25  67371.98
123905.1  100984.5
125908.4  70623.72
142668.9  136144.4
123899.0  93187.24
97858.86  82494.80
138882.6  95395.63
77050.44  35117.98
       p2p2       
 KB/s in  KB/s out
120630.2  100892.1
118469.0  52301.90
132513.3  114735.8
128538.8  61049.96
84193.33  69433.99
  656.56    585.33
  560.61    523.04
  531.32    485.15
  547.51    536.51
  480.05    430.25
  491.52    465.09
  610.03    569.07
211952.8  119408.5
269641.4  211913.5
221081.6  134500.2
177193.0  123455.3
208547.6  154513.4
198579.8  173833.5
205692.8  125986.2
163643.2  81386.76
181207.9  173199.5
219166.5  149524.4
       p2p2       
 KB/s in  KB/s out
197932.2  149369.5
214259.9  122542.7
184672.8  129925.1
177612.0  88152.16
222119.4  129722.5
198206.9  88153.86
198126.0  109721.1
160803.7  98781.79
170995.1  104006.9
134067.8  73941.15
253482.3  113665.6
199321.4  165931.1
147062.6  114830.0
220934.6  116167.5
237643.3  180558.8
191075.7  110851.7
240745.5  128650.8
190980.0  179473.3
217461.5  152610.9
197294.2  174817.6
182862.9  109456.0
148627.2  53584.68
       p2p2       
 KB/s in  KB/s out
179530.5  172712.7
131259.3  93221.40
159706.5  95026.39
164610.6  58222.10
211145.8  173023.7
108770.4  99773.73
183641.6  61220.89
142924.1  74480.88
196350.3  109731.6
211402.8  128997.9
186152.4  147153.9
177827.9  107448.3
198470.7  184000.8
186328.3  136608.7
206477.0  151328.8
212176.8  172073.2
170006.9  65600.36
127970.5  43797.24
181745.2  117293.3
176258.2  109357.7
237055.7  195048.6
234664.6  155931.1
       p2p2       
 KB/s in  KB/s out
198604.2  164954.5
215943.9  205406.8
225813.5  133256.7
227067.8  155891.2
166389.1  107512.8
182395.4  99063.42
199950.0  136466.4
227128.1  139950.3
200709.7  151637.8
195588.9  185628.1
208849.7  139827.2
138360.5  93567.57
83324.62  72690.17
147787.3  103004.7
155086.9  99849.08
206826.9  151718.1
206620.1  136403.0
177583.8  120490.6
217029.9  179450.0
196411.1  157871.0
159304.1  89259.48
239779.4  199871.3
       p2p2       
 KB/s in  KB/s out
134222.3  108392.5
191635.3  162332.7
191305.0  121475.1
201236.4  131234.3
149636.6  121414.8
156570.5  109421.3
194950.3  147468.3
190823.3  164113.2
263114.4  194060.3
180944.7  110013.6
220678.2  150645.0
164325.0  115389.9
225576.6  190103.6
214663.0  80761.78
213208.2  174178.9
145665.5  98716.82
199819.7  113157.3
144906.7  118023.0
176352.4  28031.85
221627.5  156909.4
105464.7  54556.71
173029.2  120300.1
       p2p2       
 KB/s in  KB/s out
226643.0  146422.2
177868.5  80361.74
131007.7  123533.5
159958.3  94595.62
231495.5  124156.2
137500.1  82259.74
217852.7  146060.6
128083.2  71840.70
191815.6  136512.4
185559.3  103456.2
200783.9  179137.5
161622.3  107671.9
190568.7  188820.8
194944.4  120614.1
170944.0  159960.5
119560.2  70836.88
180452.2  88235.79
223878.4  156998.8
188765.5  105662.8
214646.6  160225.0
233672.7  146345.4
127061.0  91210.38
       p2p2       
 KB/s in  KB/s out
161284.7  91190.79
  712.84    627.52
  750.62    645.11
  455.20    410.05
  577.74    503.31
  675.45    628.82
  530.17    501.17
  611.69    604.69
432954.9  291328.9
376085.9  317250.5
308220.5  233293.3
385114.3  211604.3
404646.6  234447.7
381320.1  254886.7
433609.0  320677.0
319365.9  230323.9
397423.8  237453.6
428792.5  271173.2
313293.0  210757.4
435045.2  327680.8
402864.6  214100.1
411124.9  244504.9
       p2p2       
 KB/s in  KB/s out
362128.9  243581.6
406295.5  278213.8
387310.9  343227.5
390459.4  252512.1
353522.5  219206.2
365841.4  230787.8
388464.0  233913.9
379520.7  275006.3
420190.1  291668.1
389552.6  231393.7
405157.3  303619.7
440664.9  279205.2
339606.8  284215.7
423519.9  336390.1
380602.0  286128.6
310822.9  236092.9
410656.5  286013.6
247768.9  157049.7
326938.3  206576.4
381317.4  270501.6
350242.6  219395.0
397855.8  229482.7
       p2p2       
 KB/s in  KB/s out
413307.9  284406.3
385534.1  293930.7
389201.2  224600.7
392466.3  285245.3
405781.0  285038.5
349451.8  247815.3
303850.9  211377.5
344259.6  267979.8
397385.2  275404.4
383190.9  229903.2
386724.2  240748.0
317044.1  188566.8
355662.6  198411.0
394908.4  181966.9
353607.7  219676.3
356475.3  227885.0
374633.1  314076.2
395735.4  252799.4
402902.7  273142.0
375235.2  204673.6
414339.9  260960.1
341169.4  193012.7
       p2p2       
 KB/s in  KB/s out
306251.6  128014.8
367486.8  212167.7
373234.4  227403.7
371128.1  255333.9
307898.2  158344.5
303258.7  162057.1
362576.4  292556.1
370027.0  236418.4
419609.7  262434.2
403542.7  206134.1
378143.5  262586.7
382369.9  236719.5
414158.4  292472.3
358460.6  201064.2
387499.1  311162.8
366181.3  258668.9
383222.5  202828.2
331641.6  186335.4
341246.0  235312.4
390003.8  272895.5
348283.3  212755.8
425402.3  250350.4
       p2p2       
 KB/s in  KB/s out
408582.8  275310.7
369159.6  241519.5
389866.1  318829.3
417948.2  278988.7
390232.5  297896.0
402102.8  295510.2
399294.7  287786.2
278222.9  168032.7
304181.7  205263.0
370948.6  291976.6
367044.6  235907.8
342755.6  252674.2
395785.7  238596.2
329806.0  149444.1
390693.1  267678.0
367834.8  271941.5
364400.9  185594.2
391554.4  218867.4
367387.3  222991.7
387797.0  264939.3
406301.6  287846.7
346364.9  247081.2
       p2p2       
 KB/s in  KB/s out
318608.5  171309.4
215338.4  215282.5
258049.5  158284.2
349169.5  178827.7
337497.1  203214.5
391938.2  233575.4
368526.7  211112.2
359946.5  221659.5
410942.3  246734.6
368838.0  198494.3
385748.9  260449.0
391304.9  247993.2
395735.7  251639.9
402465.5  229333.8
438004.0  278376.0
422243.5  260561.8
437954.6  338250.2
212622.6  86097.44
211875.9  91666.23
 1152.49    412.87
164727.7  86149.46
 7467.14   4892.49
       p2p2       
 KB/s in  KB/s out
  625.24    550.51
  654.26    614.61
  547.89    453.43
124500.7  56307.01
481955.0  314560.7
492935.8  193833.8
488079.2  379234.6
379484.0  240624.2
259497.8  208423.5
474894.8  362432.9
445509.2  299820.9
451620.6  278686.0
403327.8  217346.4
419132.9  284502.1
443859.5  314267.4
480459.8  288313.8
419213.7  286142.4
445445.7  288269.3
410805.6  281681.5
424931.8  294427.5
405562.9  211567.8
463327.5  289038.1
       p2p2       
 KB/s in  KB/s out
480057.0  348452.6
384200.7  335419.3
471637.5  287556.5
381885.8  206744.2
473448.6  378174.1
438711.6  310544.8
454780.7  243874.4
410684.1  309193.9
445106.8  305787.9
458615.2  324566.5
454527.8  373905.9
413401.8  227819.5
448225.8  186997.0
450582.3  359532.1
356158.9  268234.2
368679.2  325807.0
428560.2  311963.4
469301.4  325237.7
439683.6  318641.8
402982.2  228971.3
463205.5  305707.0
368175.8  287952.9
       p2p2       
 KB/s in  KB/s out
405113.6  224552.8
399523.1  328127.9
451836.8  257010.1
458460.1  252001.2
427457.8  197654.9
446536.6  320426.6
347666.4  258434.2
467189.5  355096.5
406176.7  290588.3
386589.5  268580.5
321749.4  169344.4
451604.5  291753.6
454055.8  250840.5
422413.0  278581.6
455088.6  254725.5
407640.7  284208.9
404882.6  192480.5
418601.3  323213.5
390688.1  280059.1
398795.9  184244.3
380667.0  208219.9
430104.1  280858.6
       p2p2       
 KB/s in  KB/s out
419695.4  325093.0
425592.1  246831.3
416634.0  318680.9
341608.4  277399.6
404551.6  213263.0
351218.0  270328.0
370251.1  266947.0
435777.1  321137.3
403087.2  278377.5
471478.8  274780.2
406362.5  196188.8
331782.3  197237.5
425421.2  251837.9
429977.3  276559.5
425937.7  311602.3
422953.7  274171.5
356464.4  206190.3
416943.9  252594.3
484277.2  312165.6
420959.4  305214.2
447156.5  294020.5
454845.3  247301.8
       p2p2       
 KB/s in  KB/s out
449742.0  346850.3
402420.1  255683.1
441611.6  328649.6
465119.2  287856.6
414383.8  312672.1
415141.0  301403.8
399730.4  218338.3
433749.8  317665.8
418060.5  317908.8
291181.7  192688.6
367443.1  271627.1
459718.3  273066.6
403425.6  309945.3
451019.0  302210.4
455062.5  387663.0
371730.6  290657.9
335640.7  182041.2
389485.9  315015.0
385437.2  249078.8
427719.7  244000.2
429860.3  284399.6
457176.6  252073.7
       p2p2       
 KB/s in  KB/s out
449760.3  300117.9
468108.7  309032.5
297188.0  242205.1
287166.0  225004.1
394313.5  217866.4
413117.9  218535.0
269780.7  133218.6
449296.8  302048.1
445602.9  301704.9
375118.7  236529.4
445485.4  322543.6
429365.9  345224.3
424600.4  321117.6
392732.8  289568.9
264341.8  128288.9
239776.2  215053.7
65262.55  55477.26
227451.0  142178.0
11548.82   7038.66
 1344.97    709.23
  560.50    443.58
  538.10    497.87
       p2p2       
 KB/s in  KB/s out
  500.28    428.83
  589.17    540.28
  586.93    555.84
  585.86    554.39
284620.8  180687.7
464229.2  368797.1
488871.0  265587.4
519107.8  383897.8
497025.9  350669.6
507273.6  321905.6
514262.0  384484.6
471008.0  351692.5
453224.1  421884.2
422242.9  263196.5
455080.1  273430.8
455539.4  315929.3
203500.4  155885.3
149367.5  101339.3
417844.4  246152.4
262455.4  258424.9
463254.1  360595.0
513393.4  331897.0
       p2p2       
 KB/s in  KB/s out
440103.8  234319.1
431547.4  294275.3
464796.8  287857.4
453152.9  376758.4
529759.1  342902.6
445119.9  318082.0
462712.0  368563.6
410039.9  299604.7
493703.1  227654.1
467940.0  310748.3
383748.5  297592.3
346200.7  282879.8
456936.3  242102.7
430883.8  259902.8
438573.5  241408.6
496788.6  301032.9
535971.1  366822.0
321048.1  309892.6
425489.9  284784.4
445830.2  331031.3
455811.3  259340.3
506301.4  361111.2
       p2p2       
 KB/s in  KB/s out
427965.1  392585.2
300556.2  243502.5
452671.5  259406.1
499550.9  323986.7
397794.5  251554.0
382798.6  236103.6
345381.0  216285.7
434055.7  251215.2
445244.4  284395.1
485392.1  299509.1
450534.8  407224.5
392785.9  311994.9
456544.8  336031.8
435458.9  280834.0
471387.8  345454.9
441928.8  326554.6
488627.9  275564.3
448340.5  263125.6
360164.2  250801.9
391288.6  208379.6
493133.4  338359.5
429873.2  315168.2
       p2p2       
 KB/s in  KB/s out
373480.5  293811.6
396415.5  262433.1
406518.5  260766.7
447386.9  266904.6
516014.4  352794.9
424208.5  282015.6
403743.6  239433.6
489924.7  391160.6
361446.6  214624.2
367879.2  247025.2
445509.2  258961.3
544967.9  364348.3
445771.2  316058.4
418883.8  384949.4
436871.7  358657.6
400203.9  214160.3
480737.1  240954.3
465024.8  254532.1
407623.8  141770.3
355210.7  276003.3
383096.2  233234.0
386301.6  209105.8
       p2p2       
 KB/s in  KB/s out
400462.5  253415.5
425592.4  221300.3
378390.7  243094.4
449876.0  235055.5
403535.1  294154.7
392489.0  353425.0
451498.8  280671.9
507510.8  295271.8
443908.0  350617.9
335698.8  235632.2
372508.5  317589.9
453728.0  254803.8
469872.1  277627.1
401933.6  282232.3
459148.1  371455.9
404205.2  254399.2
406746.6  316551.2
391597.7  282305.5
461591.9  285186.5
324532.6  211818.5
429871.2  305763.5
457472.9  300817.4
       p2p2       
 KB/s in  KB/s out
426069.4  254883.7
496252.9  334427.4
387866.7  307724.9
388641.8  298740.7
205357.9  179244.6
416052.9  286500.4
472227.8  272476.3
437529.4  267389.5
462173.7  216878.1
527701.0  303878.4
509338.0  411138.8
469097.5  396452.2
362069.9  281137.8
485001.1  288088.2
403231.8  305775.0
432484.6  317307.2
362440.8  210465.6
272124.1  156255.1
64649.50  51254.73
 1785.53    549.12
  465.50    434.75
  602.70    539.27
       p2p2       
 KB/s in  KB/s out
  654.72    562.71
  547.77    508.06
  422.26    375.62
  685.21    659.95
  514.74    508.01
243638.6  162114.8
572681.2  360065.6
574536.5  287114.9
450898.8  373817.9
433385.4  337821.3
375596.9  296984.0
581103.7  356664.4
395253.3  336344.5
464071.8  274597.0
489180.3  259133.5
489114.3  290584.4
458877.6  342805.4
447730.9  310558.3
414447.9  348620.8
506903.3  379612.4
512384.1  399120.7
495051.0  340799.5
       p2p2       
 KB/s in  KB/s out
453206.9  256698.4
428084.2  322932.1
435113.8  210779.7
486882.6  372362.4
430386.3  199144.1
456780.0  274029.1
487537.0  336514.3
334030.9  252510.0
294745.0  158813.1
512150.4  350939.2
488156.7  330259.0
488056.4  319418.7
524154.1  391272.7
521289.7  289896.8
477849.5  257048.7
486897.0  346118.3
440862.0  396239.0
462594.0  234053.4
371094.7  312425.1
392838.8  230563.2
356701.3  327067.3
356525.4  239274.8
       p2p2       
 KB/s in  KB/s out
406137.3  284808.0
431249.2  262225.0
466434.5  301117.9
447306.4  283423.4
427440.2  260356.4
437820.7  246039.0
458219.0  330222.9
483540.7  253553.4
458604.8  355083.9
349370.9  298641.9
552499.2  297789.1
539113.2  314423.0
382658.5  176550.9
466236.8  299579.4
501828.7  350447.3
470598.3  425912.8
444994.6  289850.7
409399.6  262167.3
500167.6  281395.1
493106.8  310426.5
451206.7  259803.3
406079.5  239161.9
       p2p2       
 KB/s in  KB/s out
482999.8  311089.3
337325.6  349120.1
543574.1  335793.7
475826.0  357513.5
485186.4  261711.8
532679.2  372829.3
491387.1  366877.1
257085.3  175607.1
142244.4  142934.0
373413.9  345339.5
534310.5  340909.0
283405.4  271830.2
395271.3  274367.3
465597.4  260813.1
460284.7  313454.0
450907.4  237888.8
459614.1  265202.9
508517.5  285465.5
505770.1  260066.7
448859.8  320282.0
522461.5  302250.1
513150.5  320536.1
       p2p2       
 KB/s in  KB/s out
556113.8  326502.8
499173.2  298820.7
476444.4  356904.7
400634.1  354410.6
505670.8  351769.9
486518.7  332421.6
378758.4  198757.5
190236.0  102585.2
427146.5  239196.0
476377.8  233698.1
481495.0  340905.4
454955.3  286664.1
415559.1  241361.2
535248.4  301265.0
453740.2  312837.1
508414.6  370772.0
522839.7  355956.2
482912.3  350729.2
530343.8  354031.5
492486.1  294992.4
459287.5  296912.9
508349.7  357984.6
       p2p2       
 KB/s in  KB/s out
457818.8  345837.9
404719.5  272022.9
482725.2  321981.8
449062.1  278403.2
425232.1  294535.7
496483.5  288907.6
530642.7  381770.8
467171.7  305450.7
492073.2  291914.8
414548.7  272993.2
372574.0  307299.8
378260.7  203218.5
468792.6  296707.4
450839.7  360105.4
458733.9  321722.3
473126.7  326320.7
497679.8  298625.4
394352.9  203120.7
352981.3  221663.5
438868.8  256601.0
344029.0  255668.6
301898.9  177221.4
       p2p2       
 KB/s in  KB/s out
301206.4  166587.9
299156.9  274594.6
172995.4  129028.1
 3026.53   1864.55
  656.59    546.79
39859.75  25267.33
  694.38    562.63
  732.95    598.26
  489.17    426.81
  518.53    469.10
  564.35    492.66
  726.41    665.71
  523.45    510.05
  493.51    436.20
  744.46    725.06
  473.45    482.63
  470.30    450.44
  467.46    481.08
  507.83    493.62
  548.08    559.80
  536.03    522.13
  533.29    536.65
       p2p2       
 KB/s in  KB/s out
  562.34    568.80
  574.07    570.33
  265.05    263.72
  510.91    510.43
  475.83    476.79
  556.11    554.41
  484.23    476.58
  487.16    497.67
  549.60    552.49
  497.64    485.98
  537.00    542.14
  575.16    568.02
  377.07    387.42
  435.11    427.79
  589.65    593.35
  434.79    434.94
  719.94    727.89
  513.98    502.27
  465.51    473.34
  575.57    565.28
  493.56    496.26
  651.86    655.83
       p2p2       
 KB/s in  KB/s out
  507.43    511.27
  445.14    440.24
  592.04    589.10
  421.76    420.34
  471.34    481.39
  553.40    543.09
  476.37    475.05
  426.68    427.87
  654.62    655.34
  309.76    309.73
  513.39    506.45
  663.98    667.68
  398.36    400.87
  541.01    547.84
  543.54    544.32
  483.57    475.47
  622.58    623.88
  575.12    573.27
  510.22    506.76
  616.37    627.83
  304.74    299.39
  617.27    613.92
       p2p2       
 KB/s in  KB/s out
  489.13    494.84
  310.52    314.69
  507.16    498.03
  654.91    648.19
  567.44    576.62
  327.70    319.15
  522.31    524.64
  406.97    408.17
  598.66    597.26
  342.55    342.10
  707.84    709.68
  519.70    520.20
  499.36    494.65
  710.02    720.51
  383.81    375.61
  610.88    610.21
  518.04    520.64
  527.74    525.67
  608.58    606.36
  583.61    595.63
  529.91    516.11
  625.02    631.17
       p2p2       
 KB/s in  KB/s out
  586.35    586.11
  385.44    382.60
  551.93    564.75
  491.12    486.26
  409.41    400.83
  366.66    365.07
  540.94    540.03
  445.76    443.32
  615.39    621.04
  396.43    396.21
  564.85    563.36
  555.13    560.63
  618.83    616.07
  450.96    440.65
  506.24    510.48
  542.10    545.18
  496.79    496.48
  496.80    498.77
  447.13    447.27
  385.07    381.00
  536.99    544.85
  608.36    599.69
       p2p2       
 KB/s in  KB/s out
  442.53    446.48
  520.27    518.40
  595.54    595.16
  557.90    553.31
  503.80    513.52
  356.03    351.56
  476.72    474.01
  579.95    578.02
  371.98    375.08
  393.63    389.11
  573.71    578.44
  476.67    473.68
  712.87    709.14
  450.88    419.89
