       p2p2       
 KB/s in  KB/s out
  765.63    665.47
  846.91    740.79
  836.98    733.78
  860.07    815.95
  864.41    755.30
  843.80    713.99
  969.20    816.48
 1039.07    869.21
  882.14    766.00
  807.60    691.07
 1081.33    973.72
 1067.84    884.15
  720.76    697.79
  762.26    664.94
 1067.13    970.42
  873.63    675.70
 1033.75    855.76
 1032.39    884.87
  730.04    603.41
  932.39    805.74
  817.85    726.40
 1066.76    918.55
       p2p2       
 KB/s in  KB/s out
  912.02    729.82
  894.75    734.11
 1000.86    855.27
  829.86    723.38
 1004.31    786.25
  928.30    727.55
  928.20    736.32
  928.15    844.59
  849.96    786.68
  999.92    829.56
 1027.50    823.86
  949.82    791.22
  729.90    552.43
  986.22    865.70
  977.22    684.40
  844.98    682.26
  946.07    820.92
  753.62    575.05
  835.33    613.06
 1114.59   1010.82
  793.08    607.42
  885.24    715.10
       p2p2       
 KB/s in  KB/s out
  947.96    743.55
 1068.87    885.74
 1037.29    838.82
 1087.31    847.68
  747.30    529.92
  926.88    762.12
 1141.79    863.95
  793.68    758.09
 1021.62    805.66
  942.89    792.56
  812.91    665.64
 1243.94   1008.24
 1024.71    741.71
  900.83    706.68
  762.52    565.48
  855.00    647.50
  864.53    742.29
 1044.02    874.35
 1131.07    971.67
  912.78    843.03
  933.12    868.66
  955.08    867.54
       p2p2       
 KB/s in  KB/s out
 1108.30    960.94
  903.51    814.12
  829.43    763.14
  944.63    864.79
 1058.78    928.83
 1127.83    967.76
  715.31    737.90
  995.86    876.67
 1039.37    947.90
 1123.01   1009.00
 1082.43    899.49
  817.25    762.65
  899.94    810.54
  963.46    878.99
 1363.93   1234.61
 1016.78    944.12
  896.62    812.25
  931.43    827.56
 1020.05    897.69
  759.86    651.48
 1208.28   1027.45
 1060.15    983.30
       p2p2       
 KB/s in  KB/s out
  846.81    809.74
  944.06    789.11
  951.85    839.55
 1130.24   1075.32
  871.71    815.47
  838.57    800.13
  970.10    863.27
 1064.67    958.32
  936.19    818.00
  932.25    805.73
 1016.43    982.66
 1026.49    963.46
 1007.39    913.17
  945.04    838.62
  788.05    788.25
  963.02    911.74
 1153.11   1053.68
  919.38    841.17
 1062.89    904.17
 1038.32    868.28
  879.67    773.53
  879.34    828.01
       p2p2       
 KB/s in  KB/s out
 1174.07   1066.78
 1047.66    936.64
  975.59    939.52
  751.57    769.41
  758.33    735.14
 1245.77   1137.49
 1046.99    921.44
  737.56    687.72
  964.19    912.92
  906.04    845.22
  875.13    759.32
  890.59    860.99
  969.98    804.14
  850.53    751.18
  814.82    716.52
 1124.04   1131.40
 1350.09   1345.94
 1007.49   1056.28
 1361.64   1473.45
 1226.42   1364.45
 1352.36   1485.63
 1166.31   1146.44
       p2p2       
 KB/s in  KB/s out
 1255.07   1286.09
 1370.83   1452.75
 1304.81   1371.80
 1352.92   1391.08
 1546.10   1592.65
 1243.43   1337.40
 1088.50   1289.55
 1261.58   1393.47
 1381.81   1442.05
 1263.45   1252.68
 1268.38   1324.08
 1219.46   1273.29
 1371.52   1403.86
 1219.53   1288.76
 1436.67   1486.22
 1125.20   1224.59
 1296.21   1424.16
 1060.17   1291.98
 1132.12   1221.23
 1282.33   1326.34
 1223.60   1285.05
 1228.95   1285.16
       p2p2       
 KB/s in  KB/s out
 1151.52   1280.97
 1389.08   1441.53
 1360.33   1397.05
 1168.11   1372.95
 1232.18   1339.05
 1148.38   1294.59
 1216.39   1269.68
 1552.22   1514.09
 1296.08   1347.09
 1168.23   1262.62
 1380.99   1489.08
 1337.65   1384.15
 1103.30   1092.91
 1181.55   1330.40
 1226.50   1403.13
 1348.04   1403.17
 1226.19   1275.66
 1259.64   1286.85
 1241.97   1292.88
 1319.16   1441.38
 1509.09   1608.50
 1194.89   1220.79
       p2p2       
 KB/s in  KB/s out
 1225.48   1324.34
 1144.72   1287.86
 1201.43   1378.84
 1239.27   1386.03
 1170.06   1323.27
 1210.69   1247.17
 1403.60   1509.20
 1220.40   1307.22
 1223.35   1356.43
  769.70    646.55
  887.50    737.00
  918.06    849.80
 1497.84   1670.95
 1485.89   1709.81
 1511.26   1639.90
 1029.42   1355.59
 1503.47   1702.86
 1519.96   1742.70
 1520.74   1812.15
 1574.48   1812.04
 1610.43   1692.20
 1465.98   1645.87
       p2p2       
 KB/s in  KB/s out
 1325.80   1528.62
 1587.15   1732.79
 1743.48   1930.38
 1492.54   1712.48
 1517.95   1812.33
 1493.86   1726.83
 1464.12   1688.63
 1483.79   1651.57
 1517.55   1654.68
 1414.11   1601.04
 1385.21   1568.63
 1457.69   1681.09
 1317.47   1532.03
 1527.46   1746.18
 1295.67   1519.83
 1520.11   1741.82
 1551.58   1743.92
 1285.38   1482.53
 1333.80   1502.03
 1428.27   1647.87
 1507.61   1657.22
 1525.41   1735.56
       p2p2       
 KB/s in  KB/s out
 1419.33   1631.92
 1268.46   1470.68
 1382.26   1565.38
 1553.18   1774.21
 1442.80   1698.53
 1281.99   1480.15
 1437.22   1608.10
 1360.75   1544.30
 1455.45   1636.93
 1452.38   1640.63
 1511.43   1706.68
 1245.80   1426.07
 1445.99   1636.83
 1344.55   1540.02
 1270.38   1557.00
 1299.86   1476.69
 1489.18   1577.02
 1433.94   1604.23
 1280.34   1480.04
 1346.23   1564.83
 1460.30   1683.03
 1707.23   1870.40
       p2p2       
 KB/s in  KB/s out
 1322.83   1587.90
 1305.49   1521.91
 1426.30   1522.82
 1510.70   1697.79
 1321.93   1606.26
 1338.01   1458.64
  821.18    714.91
  760.91    667.70
  874.49    704.06
 1716.80   1821.91
 1532.99   1694.82
 1683.86   1865.57
 1649.86   1844.24
 1612.49   1821.82
 1504.43   1605.93
 1593.98   1865.30
 1439.17   1653.41
 1450.73   1648.36
 1672.10   1815.76
 1697.94   1786.79
 1664.56   1852.56
 1424.11   1646.42
       p2p2       
 KB/s in  KB/s out
 1473.53   1671.07
 1539.89   1750.13
 1231.26   1556.06
 1502.84   1766.93
 1448.96   1721.70
 1603.95   1840.49
 1507.88   1777.11
 1419.99   1574.41
 1485.51   1765.05
 1470.40   1679.52
 1481.80   1677.69
 1493.94   1678.09
 1765.33   2009.14
 1572.15   1776.99
 1421.93   1641.90
 1422.69   1613.43
 1617.40   1847.73
 1405.49   1580.65
 1572.53   1782.45
 1557.77   1750.88
 1499.00   1683.42
 1516.75   1759.00
       p2p2       
 KB/s in  KB/s out
 1641.36   1937.93
 1605.58   1746.01
 1521.01   1741.45
 1501.12   1732.94
 1533.68   1677.54
 1671.22   1745.91
 1323.67   1573.76
 1533.65   1721.98
 1498.44   1626.09
 1493.53   1829.26
 1661.86   1846.69
 1504.98   1677.79
 1575.64   1814.08
 1356.40   1599.03
 1496.22   1636.90
 1442.19   1579.32
 1797.45   2030.85
 1518.50   1677.77
 1606.62   1841.96
 1287.43   1482.70
 1368.39   1652.62
 1460.06   1714.65
       p2p2       
 KB/s in  KB/s out
 1436.18   1633.39
 1629.28   1833.57
 1564.43   1764.04
  848.11    651.84
  785.58    643.34
  662.91    556.36
 1458.72   1495.94
 1550.12   1812.68
 1452.50   1753.61
 1350.73   1595.71
 1436.94   1700.21
 1444.10   1669.08
 1567.82   1800.70
 1799.56   1918.70
 1327.75   1535.96
 1426.65   1710.88
 1430.99   1770.73
 1554.92   1741.52
 1522.75   1718.82
 1570.24   1725.27
 1216.45   1444.10
 1750.43   1985.73
       p2p2       
 KB/s in  KB/s out
 1494.25   1710.63
 1461.76   1622.58
 1311.21   1614.19
 1513.01   1721.31
 1323.39   1649.68
 1566.62   1783.97
 1441.82   1629.05
 1310.89   1497.50
 1400.22   1680.23
 1674.27   1894.77
 1357.12   1558.51
 1551.15   1775.30
 1692.84   1925.71
 1331.27   1660.99
 1598.52   1855.72
 1516.86   1770.74
 1696.07   1800.50
 1596.46   1805.36
 1484.21   1748.20
 1390.91   1645.20
 1497.53   1650.04
 1357.47   1693.91
       p2p2       
 KB/s in  KB/s out
 1509.76   1662.71
 1572.37   1773.45
 1552.94   1778.04
 1443.08   1652.16
 1461.79   1642.00
 1357.63   1607.15
 1364.37   1661.96
 1403.41   1658.22
 1497.77   1755.26
 1729.05   1993.31
 1424.20   1759.60
 1208.20   1474.48
 1419.88   1667.49
 1335.29   1593.99
 1458.87   1718.90
 1441.72   1751.75
 1353.20   1704.79
 1528.21   1767.22
 1623.58   1834.21
 1279.73   1500.68
 1456.26   1746.45
 1371.23   1758.67
       p2p2       
 KB/s in  KB/s out
  704.31    744.46
  788.69    678.00
  826.31    717.49
  657.84    584.15
  747.99    712.71
  656.92    575.09
 1178.94   1080.58
  660.32    585.88
  805.81    936.01
  946.47   1074.83
  812.44    860.82
  710.69    798.66
  796.63    945.93
  599.74    836.24
  595.37    696.89
  841.97    906.24
  602.12    753.16
  890.58    948.36
  534.06    809.92
  968.95   1121.95
  703.33   1002.04
  832.91    874.40
       p2p2       
 KB/s in  KB/s out
  711.82    977.34
  679.37    964.40
  865.66   1118.91
  688.85    893.24
  732.51   1140.41
  944.84   1193.83
  851.77   1017.56
  655.02    939.23
  589.29    739.76
  679.25   1027.74
  817.79    805.14
  630.90    728.54
  546.34    843.49
  646.84    867.86
  730.45   1217.17
  762.11    964.64
  807.65    960.41
  646.31    882.85
  781.36    756.33
  821.91   1176.24
  716.57    871.87
  671.91    840.28
       p2p2       
 KB/s in  KB/s out
  871.31   1103.52
  698.81   1005.85
  785.35   1229.87
  865.26   1156.99
  567.45    693.71
  776.45    958.45
  663.40    947.06
  794.41   1093.72
  744.95   1225.38
  538.75    800.50
  636.54    948.90
  779.45   1265.63
  666.08    960.96
  731.38   1219.74
  635.55   1236.67
  649.46    869.52
  688.74   1114.42
  775.68    874.63
  670.71    824.57
  637.20    930.73
  692.58    924.09
  662.51    897.09
       p2p2       
 KB/s in  KB/s out
  857.44   1235.54
  637.23    812.39
  750.24    727.61
  576.32    560.27
  584.80    888.20
  667.55   2105.18
  742.60   2300.02
  819.64   1902.67
  841.20   1818.14
  761.45   1673.81
  715.68   2085.61
  811.04   1910.65
  708.26   2167.41
  594.10   1650.23
  722.41   1974.52
  796.53   2223.93
  563.03   2256.44
 1090.49   2629.28
  611.79   1789.10
  722.61   2212.37
  765.61   2132.90
  922.78   1626.97
       p2p2       
 KB/s in  KB/s out
  700.51   1968.92
  973.76   1968.77
  754.05   2322.15
  712.23   2154.32
  637.39   1674.75
  755.11   1989.87
  927.41   2037.06
  910.29   2227.77
  842.03   1934.69
  572.92   1973.92
  837.73   1954.27
  793.55   2199.29
  844.08   2548.29
  797.25   1781.40
  597.14   1696.23
  762.59   1381.20
  683.37   1926.50
  808.77   1913.72
  685.23   2122.27
  672.99   2043.95
  870.39   2273.22
  903.67   2636.19
       p2p2       
 KB/s in  KB/s out
  691.37   2015.49
  794.76   2171.83
  759.55   2309.89
  732.21   1982.98
  683.35   1994.80
  741.67   2273.31
  793.88   1961.49
  883.01   2191.91
  703.93   1625.67
  770.18   2034.21
  786.96   2208.34
  829.61   1544.81
  766.12   1995.32
  711.58   2285.29
  766.11   1956.43
  924.74   2251.67
 1043.04   2540.57
  643.08   1881.87
  492.69   2073.28
  725.90   2003.80
  963.01   1536.63
  482.10    442.66
       p2p2       
 KB/s in  KB/s out
  685.11    665.94
  854.71   2985.18
 1076.71   6359.13
 1219.40   6174.82
 1037.13   5252.80
 1048.95   6717.43
  913.72   7080.63
  938.22   6290.37
 1195.14   6240.87
 1046.92   6137.36
  998.21   5798.43
 1130.47   5846.51
 1101.99   5019.07
 1098.30   6450.98
  895.85   5063.91
 1036.64   6357.72
 1231.98   5790.02
 1079.30   5623.14
 1186.24   5685.92
  871.69   5648.72
  962.03   5723.84
  905.62   6153.49
       p2p2       
 KB/s in  KB/s out
 1145.70   6560.45
  983.97   6019.61
 1179.96   5549.23
 1023.28   5614.88
 1167.40   5691.68
  988.14   6473.80
 1260.50   5942.83
 1445.15   6852.10
  998.69   5938.74
 1047.45   6025.14
  915.43   5678.34
 1110.69   6269.37
 1037.19   7315.95
 1152.23   5863.75
 1160.85   6359.52
 1120.36   5249.00
  845.96   5753.23
 1121.79   6534.97
  847.45   5063.82
 1131.47   6488.48
 1080.28   6422.01
 1172.42   5456.24
       p2p2       
 KB/s in  KB/s out
 1159.83   5575.81
  853.24   5764.99
  986.93   5503.59
 1366.15   6969.58
 1042.29   6129.37
 1093.95   5250.77
  937.40   5963.04
 1170.36   6334.85
  983.44   6139.49
 1116.51   6254.73
 1152.04   6785.38
 1127.85   5906.76
 1051.24   5836.78
  883.29   5754.20
  934.52   6349.05
 1142.05   6358.54
 1129.49   5806.01
  919.86   3763.93
  750.66    713.31
  667.42    625.74
 1100.16   5441.34
 1277.22   8500.76
       p2p2       
 KB/s in  KB/s out
 1251.83   8582.73
 1327.70   9941.48
 1327.83   8795.71
 1244.33   9080.12
 1173.25   9678.08
 1444.57   9042.26
 1188.37   8198.03
 1254.35   9677.64
 1292.80   8533.29
 1271.13   7868.80
 1250.22   8831.92
 1297.65   9486.81
 1091.42   8808.68
 1347.93   8385.05
 1257.28   8642.52
 1167.36   9202.47
 1439.19   8187.37
 1389.56   8044.56
 1204.35   8644.65
 1274.56   8948.87
 1334.67   9255.29
 1139.93   9001.89
       p2p2       
 KB/s in  KB/s out
 1107.30   8934.87
 1270.49   8278.85
 1319.80   8948.28
 1358.66   8560.03
 1380.83   8727.70
 1210.94   9314.36
 1242.46   8491.21
 1386.05   9032.47
 1296.68   9861.09
 1246.87   9115.88
 1250.49   8534.98
 1127.76   8596.30
 1327.12   8558.74
 1297.16   8933.33
 1336.13   9122.17
 1294.82   9370.00
 1154.13   7876.55
 1140.69   9259.24
 1214.28  10115.43
 1289.24   8212.81
 1457.67   8774.08
 1289.65   9206.97
       p2p2       
 KB/s in  KB/s out
 1144.33   9740.30
 1302.96   9083.96
 1370.16  10404.80
 1246.02   8831.79
 1284.05  10062.40
 1493.36   8916.68
 1263.97   9360.31
 1429.12   9778.82
 1157.61   9776.80
 1401.85   8911.37
 1194.79   8015.38
 1315.67   8189.98
 1419.54   8583.27
 1283.14   9128.47
  928.45   3583.81
  687.54    649.23
  783.41    775.09
 1137.17   5423.96
 1273.95   9398.46
 1418.17   9495.54
 1259.11  10524.77
 1310.61   9976.98
       p2p2       
 KB/s in  KB/s out
 1438.81  10527.10
 1198.88   9948.98
 1526.53  10600.67
 1305.74   9634.71
 1395.12   9792.93
 1477.75  10065.93
 1358.81   9707.19
 1419.37  10070.66
 1363.94  11098.28
 1370.93  10299.79
 1441.10   9764.36
 1246.99  10251.60
 1355.86   9214.67
 1327.67  10522.79
 1324.75  10025.36
 1313.14  11150.43
 1317.41  11358.70
 1452.02   9758.32
 1491.69  11020.33
 1322.24  10281.72
 1173.49   9753.60
 1442.59  11167.00
       p2p2       
 KB/s in  KB/s out
 1445.59   9032.34
 1452.06  10056.19
 1273.18   9888.02
 1474.51  10880.43
 1418.74   9050.64
 1497.81  11005.15
 1189.53  10208.62
 1500.27  10474.02
 1321.21  10268.63
 1619.00   9772.68
 1483.38   9804.18
 1150.48   8742.80
 1496.54   9237.06
 1351.00  10141.02
 1212.89   9410.60
 1541.39   9802.98
 1412.53  10393.66
 1307.00  11435.40
 1426.78  10548.50
 1259.06   9144.20
 1242.78  10225.23
 1428.67   9282.54
       p2p2       
 KB/s in  KB/s out
 1406.02   9913.68
 1424.08   9826.25
 1459.96   9909.60
 1395.18   9643.82
 1344.75  10299.16
 1229.90   9232.11
 1385.88   8938.67
 1468.57  10141.77
 1362.72  10582.91
 1318.19   9780.58
 1355.38  10892.53
  836.53   3414.98
  720.26    667.20
  555.22    503.30
 1058.64   5049.68
 1236.71  10095.32
 1461.03  12279.84
 1322.37   9619.85
 1394.86  10109.55
 1537.21  11477.54
 1303.98  10498.82
 1372.78  10824.79
       p2p2       
 KB/s in  KB/s out
 1478.43  12341.38
 1435.59  10504.83
 1516.49  10358.33
 1326.32   9647.36
 1351.48   8767.31
 1261.77  10446.68
 1542.32  10949.58
 1494.69  11549.03
 1415.72  10223.01
 1226.19   9299.93
 1599.36  10873.83
 1303.65  10699.91
 1343.17   9844.90
 1444.99  10319.52
 1636.03  10947.11
 1449.54   8884.34
 1335.35  10271.83
 1626.68  11337.27
 1295.97  11832.64
 1401.86  10791.47
 1508.80  10788.42
 1316.40  10053.64
       p2p2       
 KB/s in  KB/s out
 1547.98  11585.06
 1273.64  11089.52
 1287.23  10288.25
 1428.12   9763.25
 1322.84  10121.59
 1419.89  10391.88
 1327.55  11537.92
 1448.89  11889.14
 1330.94  11741.11
 1600.23  11147.14
 1191.57  10631.15
 1463.01  10827.02
 1313.88  10786.99
 1707.95  11321.58
 1385.39  10883.77
 1281.98   8362.19
 1236.18  10679.15
 1520.36  10824.51
 1335.24  11996.12
 1356.49  10884.41
 1312.67  10407.05
 1480.05  10070.40
       p2p2       
 KB/s in  KB/s out
 1490.41  10329.59
 1443.79  10566.06
 1253.72   7144.31
 1392.70   8718.34
 1425.84  11149.06
 1274.76  10431.35
 1464.41  11662.94
 1417.75  10888.39
 1091.11   5997.60
  640.82    600.96
  638.73    600.02
  729.91   1750.54
  561.39   4180.53
  786.76   4948.00
  669.93   3732.52
  705.48   3281.72
  609.28   4296.78
 1000.88   5695.67
  660.90   5360.87
  740.07   4842.14
  808.02   9136.60
  764.08   5948.76
       p2p2       
 KB/s in  KB/s out
  625.98   6370.41
  703.04   9573.83
  670.76   7007.76
  837.95   8612.37
  783.87   7553.36
  747.66   5423.94
  650.50   7997.49
  668.50   7993.15
  919.20   9173.40
  799.93   8059.53
  719.79  12219.07
  596.97   8328.40
  538.22   9901.17
  767.02   7058.26
  926.33   5570.46
  833.88   8569.33
  660.78   9446.11
  658.49   9087.01
  760.51   7484.81
  859.30   7577.39
  853.61   9674.50
  702.37  11639.37
       p2p2       
 KB/s in  KB/s out
  590.06   8902.23
  872.69   5967.24
  627.58   7319.94
 1002.01   8284.14
  782.06   5992.17
  423.37   9296.40
  989.34   6197.35
  893.52   9685.82
  826.38   9185.24
  654.71   8477.47
  735.37   6963.20
  918.97   8640.29
  661.44  13650.80
  648.25  11525.27
  904.36  10257.62
  697.33  10042.66
  648.69  10020.73
  689.86   9581.14
  857.88   8103.90
  699.51   8556.15
  718.54   7521.68
  696.99   9008.83
       p2p2       
 KB/s in  KB/s out
  860.07  11284.21
  856.88   8094.76
  528.76   8282.96
  741.33  11162.81
  851.72  11801.66
  671.76   1689.97
  924.73    875.51
  675.82    625.94
  920.39  33417.97
  919.92  32676.62
  943.90  31216.34
  932.68  32257.70
 1157.95  38739.48
  910.50  33810.11
  972.43  41152.84
  967.37  32963.87
  975.87  38449.61
 1149.53  32504.85
  850.05  36849.72
  954.60  33741.32
 1168.32  34545.47
  942.96  32700.55
       p2p2       
 KB/s in  KB/s out
 1091.09  40735.41
  937.43  35962.75
  994.99  33394.39
  990.93  25469.09
  959.11  30842.31
 1052.79  40154.33
  848.67  39844.42
 1049.12  35397.91
 1187.19  37784.57
  983.63  32293.95
 1178.84  34123.39
  941.02  36706.11
  864.96  38441.45
 1245.30  32385.62
 1197.14  28864.50
 1015.95  32326.44
 1043.13  35537.83
  905.67  37533.82
 1259.85  31888.02
 1070.36  36044.26
 1079.04  34406.21
 1176.84  34136.29
       p2p2       
 KB/s in  KB/s out
 1069.33  36755.18
 1276.37  35560.32
 1003.54  34312.47
 1004.61  37855.86
 1093.09  36500.05
 1067.11  31830.84
 1277.75  30386.50
 1093.99  41627.33
  899.84  26995.96
 1211.04  35629.94
 1026.87  39849.87
 1210.42  33030.71
  993.16  29678.32
  902.22  39576.18
 1096.60  28798.77
 1094.91  37070.90
 1271.35  33985.42
 1096.21  33401.45
 1011.71  36510.53
 1249.00  32537.60
 1149.78  33954.08
 1088.81  33704.66
       p2p2       
 KB/s in  KB/s out
  902.04  35361.05
 1172.27  37383.37
  770.00    700.85
  853.48    780.02
  730.03   4219.25
 1703.76  98502.71
 1660.03  100293.3
 1665.99  97671.18
 1861.07  107675.1
 1775.97  102460.8
 1472.87  91311.78
 1793.99  110909.0
 1442.38  93348.48
 1704.55  85758.65
 1768.66  102556.0
 1913.64  110866.2
 1532.58  100835.1
 1579.14  93316.44
 1568.92  108986.8
 1962.21  100312.9
 1456.80  95862.63
 1720.20  95100.77
       p2p2       
 KB/s in  KB/s out
 1676.88  98712.70
 1455.62  90804.99
 1758.98  105683.2
 1723.72  100786.4
 1753.26  92779.40
 1623.83  91978.72
 1801.41  111022.9
 1797.81  97242.46
 1609.55  87247.54
 1430.71  98626.33
 1787.04  93718.45
 1848.76  101484.8
 1886.71  100472.2
 1683.24  93465.95
 1838.92  98286.21
 1710.42  99998.94
 1833.66  96052.62
 1897.52  105707.1
 1765.60  106679.4
 1529.19  108667.5
 2053.24  105499.3
 1681.57  90566.10
       p2p2       
 KB/s in  KB/s out
 1872.87  90644.89
 1864.52  90239.95
 1642.00  98284.54
 1665.76  85568.66
 1700.78  95373.21
 1847.49  92639.98
 1691.41  88237.61
 1794.51  96831.73
 1809.56  110370.9
 1667.31  93909.28
 1960.26  95847.83
 1787.94  96505.82
 1608.80  104033.3
 1643.83  101511.3
 1660.40  99413.73
 1900.25  90949.11
 1876.48  94726.73
 1680.59  91622.05
 1674.63  113292.0
 1749.78  99945.29
 1756.12  77615.23
  806.96    729.95
       p2p2       
 KB/s in  KB/s out
 1012.16    942.76
  903.70  10259.00
 2001.09  116215.6
 2014.74  108478.4
 1989.92  97339.59
 1876.46  115110.7
 1706.37  99825.67
 2108.54  118590.9
 2208.66  109354.7
 1823.67  106004.1
 1772.35  116865.1
 1731.78  100671.5
 1899.21  106225.2
 1954.13  114698.3
 1914.48  116253.4
 1677.04  105197.0
 1866.77  101232.2
 1852.62  117446.9
 1884.17  121396.5
 1823.92  104592.0
 1703.27  99683.98
 1876.12  102680.4
       p2p2       
 KB/s in  KB/s out
 1760.98  104153.7
 1733.06  113969.4
 1791.02  106410.7
 1906.85  96464.12
 1833.99  107848.2
 1982.13  101871.4
 2055.96  102510.9
 1808.32  109146.4
 1655.43  107611.2
 1689.23  121216.9
 2163.62  102751.2
 1598.92  107946.6
 2119.23  119732.3
 1773.68  107104.1
 1856.28  105437.2
 1878.82  113096.0
 1672.70  110962.7
 1676.65  100972.1
 2027.33  121169.4
 1759.13  98860.71
 1781.68  115452.0
 1934.46  107770.5
       p2p2       
 KB/s in  KB/s out
 1753.02  107035.7
 1834.40  122676.0
 1941.10  108660.5
 1664.26  98692.76
 1655.44  113741.6
 1508.56  110763.4
 1762.20  115884.9
 1842.57  109610.7
 1674.51  118614.7
 1679.72  130222.1
 1661.78  101868.9
 1762.13  107306.1
 1353.59  113861.3
 1885.60  108406.0
 1778.43  112217.3
 1721.43  103964.5
 1633.64  103972.7
 1340.18  90897.95
  568.69    526.88
  763.75    709.15
  710.20  14238.76
 1800.84  107647.4
       p2p2       
 KB/s in  KB/s out
 1556.04  91497.47
 1770.54  108890.9
 1654.83  100267.7
 1536.50  105508.7
 1706.70  110026.5
 1485.76  107517.0
 1678.48  113195.9
 1624.92  99881.32
 1455.44  101494.5
 1512.80  108154.1
 1695.58  108458.9
 1501.52  121144.9
 1711.58  113869.5
 1560.15  114548.3
 1687.82  114545.0
 1627.75  108749.3
 1797.15  105240.5
 1672.33  102948.8
 1526.73  122108.7
 1719.71  119705.6
 1550.05  112356.9
 1670.07  99755.09
       p2p2       
 KB/s in  KB/s out
 1613.94  110419.7
 1857.03  100684.6
 1792.29  108265.0
 1499.47  111284.2
 1619.75  105096.1
 1718.84  113201.5
 1772.87  120730.4
 1786.76  116135.1
 1771.48  115171.9
 1550.10  114861.5
 1758.77  101090.3
 1477.05  107771.3
 1588.77  118105.7
 1732.12  109325.6
 1714.46  100914.7
 1509.81  106972.3
 1729.21  106680.9
 1769.80  100881.9
 1639.70  115157.4
 1570.20  91303.43
 1801.19  112614.5
 1680.31  115033.0
       p2p2       
 KB/s in  KB/s out
 1725.78  106710.9
 1560.00  100791.2
 1541.26  103561.3
 1541.55  102827.6
 1631.81  110635.1
 1615.61  99805.93
 1752.66  116755.8
 1593.08  116203.5
 1870.95  111458.8
 1590.33  103356.0
 1560.15  106191.5
 1501.58  112295.8
 1773.99  118569.6
 1583.77  100231.8
 1578.98  92270.60
  638.14    610.04
  563.49    515.37
  744.16    692.25
  830.43    808.46
  656.70    582.14
  401.95    371.29
  813.45    781.46
       p2p2       
 KB/s in  KB/s out
  629.57   2338.38
 1604.91  102891.4
 1491.31  102796.6
 1490.83  96701.15
 1634.94  97241.47
 1820.22  105541.3
 1671.70  109202.2
 1566.63  106269.9
 1654.54  114796.7
 1653.85  109238.7
 1563.93  100186.1
 1437.02  96463.78
 1720.56  108390.1
 1592.18  94867.90
 1714.63  110699.7
 1627.18  106609.2
 1468.42  108405.4
 1357.73  101346.2
 1598.28  106780.4
 1626.35  108659.4
 1590.06  96769.80
 1756.32  99113.81
       p2p2       
 KB/s in  KB/s out
 1666.96  97459.89
 1379.92  96617.53
 1539.57  103195.8
 1533.41  103098.2
 1838.54  114087.5
 1541.73  95257.33
 1619.67  103755.2
 1680.47  108282.8
 1745.51  101714.1
 1511.06  114905.6
 1532.01  104512.7
 1677.75  117664.3
 1734.14  95112.82
 1529.91  97328.27
 1421.03  107730.6
 1528.26  105678.7
 1669.11  112671.4
 1616.76  107366.6
 1830.60  107884.1
 1555.09  95440.93
 1702.95  116147.8
 1608.32  101443.5
       p2p2       
 KB/s in  KB/s out
 1602.74  113364.6
 1541.92  111743.8
 1620.46  104241.9
 1630.66  109510.4
 1527.50  93952.58
 1643.88  98202.37
 1750.97  107339.1
 1588.88  108105.8
 1323.24  94926.48
 1562.26  91551.52
 1677.69  105014.9
 1487.28  101780.1
 1534.53  104238.5
 1867.25  115736.8
 1534.81  91902.23
 1713.10  108317.9
 1714.59  111700.5
  661.68  16383.61
  696.71    690.00
  628.84    618.56
  602.33    565.43
  730.38    679.39
       p2p2       
 KB/s in  KB/s out
  733.80    700.98
  708.54    666.98
  669.28   4932.61
  622.73   8960.05
  485.56   8583.28
  883.84  11777.81
  700.24  21516.34
  765.00  19512.28
  791.87  20436.74
  856.96  18299.34
 1001.09  23370.72
  598.78   9231.74
  571.98   9208.22
  699.58  22940.61
  798.88  10503.42
  965.43  21332.98
  872.84   9871.71
  687.35  13743.14
  772.47  28020.81
  903.64  18795.10
  888.57  13996.22
  531.01   1350.86
       p2p2       
 KB/s in  KB/s out
  757.79  21321.05
  646.53   9299.08
  860.03  16012.03
  790.34  19397.74
  623.22  15598.70
  692.22  20005.12
  874.34  18489.21
  875.21  33460.68
  699.79  10585.04
  726.50  24982.57
  933.43  23466.70
  435.86  13010.75
  930.06  18026.63
 1015.02  13221.34
  615.14  18783.07
  763.34  22663.17
  665.07  13903.79
  892.94  21117.39
  839.18  14629.87
  862.59  18541.01
  620.20   8760.93
  743.72  21962.83
       p2p2       
 KB/s in  KB/s out
  727.23  23648.63
  940.00  27270.02
  695.52  14629.65
  876.09  18359.05
  738.64  17047.72
  798.65  17740.72
  680.07   9839.26
  790.80  17768.89
  769.35  18644.40
  911.14  30642.65
  670.39  12849.26
 1027.65  18064.45
  664.27  17836.11
  851.50  24544.55
  664.61  13135.63
  756.06  22221.69
 1036.76  26283.50
  889.30  17522.69
  681.01  13534.85
  650.75    616.68
  625.13    585.12
  857.96  27652.26
       p2p2       
 KB/s in  KB/s out
 1035.54  45954.13
  984.37  54053.83
  950.02  60996.53
  935.03  65697.42
  745.30  55000.11
 1031.37  69565.29
 1008.72  54542.94
 1055.24  97248.90
  937.93  46992.26
  931.38  71214.76
  953.08  62647.78
 1078.47  67013.60
 1008.38  94373.29
  908.94  72531.97
  976.28  67918.50
 1013.67  62715.86
 1090.57  81538.25
 1192.85  56085.93
  895.85  76978.65
  817.64  91643.24
  842.50  49306.66
 1045.72  84197.02
       p2p2       
 KB/s in  KB/s out
 1333.77  122725.8
  781.89  51860.77
 1110.19  74065.73
  912.34  57229.63
 1104.09  117512.1
  994.87  78565.56
 1207.54  85578.41
  876.15  84350.56
 1233.32  71570.59
  721.57  46242.13
 1194.85  82865.14
  926.20  54202.37
  894.79  78219.92
  947.53  62242.90
 1035.26  57004.51
  992.33  94301.48
 1025.73  68212.51
  816.26  63454.55
  971.59  62558.91
  910.89  59144.38
  907.16  93929.23
 1056.30  74761.31
       p2p2       
 KB/s in  KB/s out
 1199.81  72661.74
  780.04  84463.01
  949.22  87025.43
  924.73  75281.20
 1248.03  86498.21
 1016.54  61272.59
  779.76  69230.93
 1147.65  138299.7
  977.97  71728.07
 1011.54  53920.43
  999.19  85213.47
  872.12  76907.68
  945.93  62287.09
 1103.98  75990.59
  963.79  112775.5
  669.66  33433.77
  710.58    702.89
  601.85    579.26
 1210.96  63491.41
 1560.96  158909.4
 1255.57  154885.0
 1608.57  140900.7
       p2p2       
 KB/s in  KB/s out
 1589.15  161274.7
 1268.56  155463.6
 1612.58  153881.1
 1498.01  197652.0
 1461.94  164874.4
 1187.51  154784.7
 1563.40  189249.2
 1678.84  173787.1
 1784.76  161557.9
 1656.01  162623.4
 1569.27  205830.0
 1541.27  189251.3
 1527.14  180443.0
 1484.34  157052.9
 1465.40  138558.9
 1307.35  108475.2
 1269.02  155471.5
 1368.96  129127.3
 1572.57  206418.2
 1473.81  193690.8
 1296.15  161917.3
 1861.39  209894.6
       p2p2       
 KB/s in  KB/s out
 1552.37  187588.3
 1783.23  190752.1
 1422.49  123582.3
 1689.44  167968.1
 1607.71  189457.4
 1725.34  161552.5
 1513.98  217472.4
 1763.24  232630.9
 1606.05  215909.6
 1529.55  182982.4
 1772.61  224484.9
 1585.87  169814.8
 1467.17  153892.3
 1712.23  163414.7
 1384.63  195150.1
 1589.19  193448.2
 1641.28  152444.0
 1294.80  130316.7
 1546.54  150094.7
 1122.71  112628.9
 1370.90  156558.7
 1655.00  181833.9
       p2p2       
 KB/s in  KB/s out
 1545.82  182213.3
 1810.70  231318.0
 1437.44  158561.8
 1274.60  131450.2
 1464.93  167400.4
 1530.50  208882.7
 1637.70  199240.9
 1798.72  170349.5
 1507.59  166942.3
 1522.27  196320.6
 1364.95  150304.3
 1341.84  161000.0
 1156.39  73250.90
  790.82    747.27
  731.98    663.19
  733.79    705.81
  934.08    894.36
  631.17    593.50
 1003.67    943.89
  669.19    670.17
 1399.89  144161.1
 1921.56  229094.1
       p2p2       
 KB/s in  KB/s out
 2343.63  266435.6
 2129.56  287937.5
 2209.40  244020.5
 2055.27  242825.9
 1855.52  210502.7
 2151.02  260578.6
 2090.76  273532.0
 1869.27  234054.4
 2158.08  280437.8
 1893.40  213481.7
 2111.01  255098.1
 1722.24  204035.0
 1667.78  242917.7
 1931.05  213065.7
 2369.83  242026.0
 1884.88  223304.6
 1974.80  223030.6
 1863.22  198729.7
 2144.24  238693.5
 2102.88  279062.0
 1981.13  249239.9
 1800.67  188274.9
       p2p2       
 KB/s in  KB/s out
 1647.69  182733.0
 1820.28  197200.0
 1798.58  202091.5
 1763.07  200117.1
 1847.52  228331.6
 2442.26  318983.9
 2271.85  259568.5
 1960.12  232171.5
 1769.78  209395.4
 2266.46  254964.3
 1637.49  201895.0
 2072.23  230306.4
 1352.46  185481.6
 2107.46  242507.2
 1533.00  188313.1
 1903.83  195998.0
 1676.35  191007.0
 1850.19  210422.5
 1727.30  186457.2
 1880.74  224688.9
 2002.30  220603.6
 1995.08  214738.8
       p2p2       
 KB/s in  KB/s out
 1918.26  194296.2
 1857.68  231883.9
 2211.02  256942.5
 1732.23  201281.5
 2163.30  249155.8
 2042.78  245313.2
 1769.11  194564.9
 2021.25  257343.2
 2171.26  205043.1
 2162.62  254504.7
 2108.08  240833.4
 1585.51  207232.4
 2099.06  209798.0
 1788.85  254366.2
 1089.96  115896.8
  646.13    592.12
  758.00    709.28
  643.25    584.80
  749.64    721.24
  438.58    429.19
  538.49    530.73
  626.97    633.43
       p2p2       
 KB/s in  KB/s out
 1570.24  128972.0
 2003.96  270208.4
 2131.32  245961.9
 2294.67  292592.2
 2170.60  261470.8
 2184.13  249759.0
 2301.97  267955.3
 2123.75  234323.2
 2123.11  234850.6
 2194.49  241932.8
 2497.52  315703.4
 1753.81  226063.7
 1801.20  219963.6
 1975.46  216926.7
 2184.96  232876.1
 2028.45  240435.7
 2255.10  255846.3
 1891.64  217833.2
 2190.44  266668.1
 1976.79  247540.8
 2085.11  261614.5
 2005.86  221273.1
       p2p2       
 KB/s in  KB/s out
 1807.27  201680.9
 2023.61  267845.4
 2124.19  244350.5
 2234.58  243279.7
 2069.20  264895.4
 2381.10  270087.9
 1917.26  241100.2
 2240.76  249582.4
 2376.86  280643.3
 2200.12  230500.0
 1809.79  180020.1
 2383.98  281444.9
 2354.36  290502.0
 1784.84  225320.4
 2439.51  334380.0
 2245.83  246332.8
 2145.32  245539.7
 2311.88  262417.3
 2247.31  250479.1
 1920.79  211321.8
 1840.93  213311.2
 1841.16  258175.3
       p2p2       
 KB/s in  KB/s out
 2188.21  232756.1
 2280.91  301230.2
 2250.78  242495.1
 2014.51  272293.1
 2086.68  266189.7
 1922.19  222788.4
 2171.56  238604.9
 2038.21  248011.1
 2129.26  254862.9
 2133.32  241908.5
 2411.67  291966.3
 1628.34  162369.5
 2382.69  282392.0
 2122.01  222768.4
 1882.20  222559.1
 2153.66  256972.9
 2075.36  198305.4
  766.19    717.30
  642.71    611.71
  466.18    388.09
  798.65    732.43
  631.80    547.74
       p2p2       
 KB/s in  KB/s out
  935.85    897.48
  582.82    556.30
 1440.45  117649.6
 1980.66  248013.0
 2299.60  243123.7
 2726.82  279563.0
 2537.87  295896.1
 2037.89  262650.1
 2108.11  257370.3
 2030.75  234650.2
 3085.45  313443.2
 2039.38  216441.0
 2052.79  264335.4
 2487.63  264790.1
 2728.16  302762.4
 2647.00  286785.1
 2435.69  256327.4
 2459.33  243508.9
 1908.32  229215.7
 2279.67  264645.3
 2154.98  254887.3
 1907.26  185149.7
       p2p2       
 KB/s in  KB/s out
 2267.48  241095.3
 2597.54  291667.8
 2577.83  309701.9
 2185.94  231470.7
 2496.88  293103.5
 2297.24  259286.3
 2065.62  217584.9
 2657.52  308174.3
 2264.68  259122.9
 2340.13  294034.4
 2184.76  219753.3
 1778.35  215678.0
 2335.05  259496.1
 2454.60  267882.1
 2323.58  279435.9
 2249.98  228003.3
 2161.83  248288.1
 2024.10  213674.6
 1876.47  222865.0
 1878.06  211043.5
 2027.18  208278.7
 2233.17  239784.9
       p2p2       
 KB/s in  KB/s out
 2717.01  306267.1
 1980.14  258017.4
 2220.99  239734.3
 2204.64  263118.3
 2233.13  271186.4
 2572.76  234513.8
 2534.76  293500.9
 2078.08  225025.1
 1961.57  253234.3
 2367.53  266598.5
 2736.94  313403.6
 2707.66  288252.5
 2175.17  280370.8
 2422.31  252919.6
 2434.57  253022.0
 2616.80  294172.5
 2209.23  252264.4
 2191.09  297816.1
 2086.44  272255.4
 1813.46  240654.5
 1089.83    897.72
  755.96    561.56
       p2p2       
 KB/s in  KB/s out
  617.89    522.17
  642.21    562.53
  856.51    814.96
  796.28    772.72
  638.69  34768.51
  777.87  32768.76
  882.22  22193.48
  501.41  19702.60
  805.67  24210.70
  911.41  37136.18
  862.14  37650.06
  774.02  26422.20
  903.45  50189.01
  668.02  11804.83
  843.43  51298.75
  990.28  42670.44
  730.81  37392.19
  745.08  43359.04
  807.61  55891.08
  635.63  29961.74
  715.43  28444.79
  781.82  48172.91
       p2p2       
 KB/s in  KB/s out
  714.69  43333.60
  803.21  31005.66
  694.51  45463.00
  898.20  45676.91
  646.76  35990.32
  955.32  34016.57
  721.60  27196.84
  591.95  18164.57
  871.71  29816.20
  737.15  20664.79
  905.73  47015.52
  886.91  28098.59
  797.28   9848.50
 1021.81  47982.84
  615.76  33161.02
  993.88  44316.50
  763.55  21766.84
 1015.93  46162.89
  599.94  29478.07
  944.06  31982.97
  785.23  47276.20
  974.03  35035.77
       p2p2       
 KB/s in  KB/s out
  723.13  37580.46
 1040.55  24024.45
  902.90  25138.44
  791.79   9287.10
  701.69  50790.78
  580.22  11654.90
  945.49  28647.83
  946.98  36747.48
  909.25  47116.96
  905.51  37168.46
  867.09  37830.87
  816.20  28019.09
  596.20  30471.05
  996.60  46805.16
  999.62  26617.35
  716.33  20150.86
  950.07  48724.77
  814.54  16761.73
  909.94  50554.25
  777.63  20539.25
  857.00  15830.33
  810.84    782.67
       p2p2       
 KB/s in  KB/s out
  838.87    777.27
  732.24    663.55
  645.95    579.67
  535.18    506.55
  755.79    720.08
  672.57   5562.13
 1097.68  125054.9
 1475.08  135669.4
 1180.01  118781.2
 1141.85  101863.7
  861.29  119581.9
 1250.75  99734.40
 1227.40  81211.99
 1348.76  151412.8
  872.40  82511.68
 1214.44  169290.2
 1228.32  118807.2
 1212.89  154623.9
 1322.77  88073.63
 1119.47  121701.6
 1254.43  123355.9
 1423.22  183313.5
       p2p2       
 KB/s in  KB/s out
 1207.53  116409.9
 1016.27  147155.7
 1554.39  139415.7
 1395.45  133885.3
 1252.49  170958.3
 1207.49  142925.9
 1310.03  111569.5
 1275.82  148174.0
 1111.49  157517.1
 1185.61  130591.4
 1321.42  111167.7
 1171.02  125359.0
 1194.46  122075.4
 1264.21  192474.7
 1294.19  132497.8
 1365.17  158781.4
 1570.13  116702.0
 1114.12  122156.7
 1186.66  136573.0
 1171.70  113290.0
 1504.87  135578.6
 1213.91  139755.8
       p2p2       
 KB/s in  KB/s out
 1145.87  177435.7
 1183.00  188834.7
 1465.31  122608.5
 1154.73  108287.7
 1451.42  133139.9
 1113.61  142749.9
 1020.51  126891.4
 1328.59  130895.6
 1512.21  172851.6
 1099.98  124633.6
 1156.28  126494.0
 1284.51  166697.1
 1133.82  122345.6
 1413.23  150912.0
 1389.24  140167.6
 1264.78  165453.7
 1164.04  137338.7
 1402.03  166488.8
 1361.33  120406.5
 1221.59  122750.0
 1616.56  146421.1
 1230.16  177250.1
       p2p2       
 KB/s in  KB/s out
  809.52    709.81
  932.68    733.97
  775.83    601.44
  736.98    636.32
  715.54    668.10
  649.34    602.52
  852.39    826.16
  868.93  64138.42
 1456.01  188274.0
 1803.96  226149.2
 2405.94  301682.7
 2348.16  294637.3
 2572.16  330243.1
 2208.83  320142.9
 2438.47  297757.0
 2119.69  279876.7
 2216.21  239375.6
 2488.35  301543.0
 2626.83  341587.3
 2072.12  275494.0
 2056.11  290786.7
 2268.35  282188.3
       p2p2       
 KB/s in  KB/s out
 3113.53  379474.1
 2469.26  313566.3
 2471.42  308284.2
 2243.60  252368.6
 2755.88  342778.2
 2682.06  348838.1
 2409.53  291752.9
 2178.41  280946.6
 1827.90  257557.6
 2728.57  362500.9
 2534.20  312168.0
 2277.83  273938.0
 2317.61  288672.6
 2262.66  278758.5
 2339.15  262202.2
 2226.12  275542.4
 2435.61  307753.3
 2033.85  297772.7
 2124.84  250891.6
 2526.93  306277.6
 2434.11  342056.4
 2488.32  342465.9
       p2p2       
 KB/s in  KB/s out
 2391.21  322204.7
 2293.41  322659.1
 2817.17  302150.1
 2310.36  290861.1
 2053.19  282273.3
 2488.27  310422.7
 2408.80  293345.6
 2459.12  304773.0
 2597.75  281485.5
 2114.27  253595.7
 2606.09  296812.6
 2579.70  318737.6
 2892.65  350614.3
 2511.66  288938.3
 2178.85  319911.4
 2548.06  339535.2
 2195.21  280212.4
 2542.00  278599.1
 2833.50  334458.7
 2087.36  295537.1
 2421.17  324365.4
 2806.82  354272.2
       p2p2       
 KB/s in  KB/s out
 2224.99  259415.5
 2417.35  354141.9
  805.69    647.46
  882.08    748.64
  787.90    733.82
  603.56    518.91
  858.39    705.97
  586.06    525.28
  572.33    547.05
  837.50  51102.25
 2489.54  320713.3
 2231.56  290971.8
 2149.76  233365.6
 1916.49  282896.5
 2759.92  322242.8
 2471.27  323609.4
 2683.12  277591.0
 2299.71  255568.8
 2456.73  319770.2
 3029.95  361860.2
 2445.79  307819.6
 2338.22  264606.9
       p2p2       
 KB/s in  KB/s out
 2485.36  295376.8
 2778.42  361075.1
 2810.38  338081.4
 2428.87  275268.0
 2560.44  309678.2
 2276.36  244902.0
 2700.26  348870.9
 2896.35  326503.8
 2520.15  298853.9
 2277.09  322450.3
 2738.44  325475.8
 3007.96  338773.5
 2529.52  291674.3
 2607.46  269299.2
 2459.04  288590.7
 2727.45  325875.2
 2796.74  326110.9
 2535.95  297580.3
 2427.37  305921.0
 3025.45  347035.1
 2478.29  298571.6
 2435.05  321530.0
       p2p2       
 KB/s in  KB/s out
 2330.64  271568.3
 2535.78  270254.7
 2359.52  318261.9
 2133.10  238200.4
 2200.67  309181.0
 2200.12  271012.1
 2300.16  285580.3
 2557.82  291371.6
 2248.35  295106.3
 2756.22  367564.6
 2259.97  287308.4
 2731.37  304345.8
 2618.80  353506.5
 2500.05  291324.2
 2489.09  279352.7
 2537.85  315949.3
 2632.49  329653.4
 2778.15  353544.8
 2758.37  281259.0
 2394.37  288699.8
 2330.32  299618.9
 2603.75  308822.7
       p2p2       
 KB/s in  KB/s out
 2254.72  346706.4
 2518.47  335898.8
 2835.58  338593.8
 2814.40  343027.3
 2683.08  277750.7
 1011.29   5126.64
  733.06    583.34
  618.78    509.26
  685.69    552.80
  697.76    592.16
  727.57    740.33
 1235.71  76351.38
 2527.15  326871.5
 3056.75  391293.8
 2283.05  264360.4
 2127.69  217327.1
 2582.13  339878.7
 2031.21  265756.8
 2754.26  304479.8
 2952.03  347158.6
 2694.06  336077.3
 2219.74  267954.8
       p2p2       
 KB/s in  KB/s out
 2580.61  315097.8
 2625.98  322438.2
 2591.39  292286.4
 2901.87  323086.4
 2448.95  286359.4
 2550.35  318651.2
 2537.00  298818.5
 2779.45  319180.0
 2500.40  298265.7
 2647.02  320389.3
 2545.09  285340.1
 2505.69  311613.3
 2475.36  283933.0
 2597.24  311349.8
 2605.60  282954.1
 2389.20  301928.8
 2388.95  285625.9
 2823.80  350469.4
 2731.37  290383.3
 2817.81  343758.9
 1979.85  253455.6
 2848.34  337115.3
       p2p2       
 KB/s in  KB/s out
 2700.85  297664.0
 2558.14  288680.2
 2526.73  342409.8
 2583.56  331778.7
 2859.61  329327.7
 3073.98  338164.8
 2600.03  339581.9
 2951.59  376087.5
 2370.12  283639.2
 2449.55  301807.1
 2837.81  303695.0
 2872.67  309871.4
 2562.74  320282.2
 2294.65  279440.1
 2574.91  281106.2
 2751.45  295226.9
 2385.28  311566.6
 2939.29  376012.5
 3236.01  362501.6
 2878.00  313254.3
 2707.82  276686.3
 2738.74  367698.4
       p2p2       
 KB/s in  KB/s out
 2096.68  278868.0
 2337.74  305429.6
 3221.28  374347.7
 2915.63  311792.4
 2694.51  341226.0
 2221.77  289759.7
 2827.47  340826.8
 3110.55  328309.4
 2157.22  196733.8
  597.04    418.61
  869.61    757.65
  743.16    704.85
  828.51    763.45
  758.51  11139.88
 2615.64  328562.3
 2305.82  306107.4
 2608.07  302779.3
 2208.39  278257.6
 2609.76  277594.2
 3049.68  353767.9
 2712.07  320830.5
 2083.08  261621.4
       p2p2       
 KB/s in  KB/s out
 2889.86  339185.9
 2650.50  336949.7
 2776.35  345294.8
 2847.12  320940.3
 2497.23  303597.2
 2455.92  282192.3
 2653.47  296123.1
 2241.81  255009.9
 2390.20  262540.9
 2290.14  288117.9
 2172.11  276618.3
 2944.98  301002.8
 2431.27  277108.4
 2414.84  314008.1
 2333.86  277285.5
 2559.22  291920.4
 2852.54  290479.5
 2439.39  325406.1
 2535.75  339045.0
 2592.16  345741.0
 2753.96  306032.6
 2658.74  312351.7
       p2p2       
 KB/s in  KB/s out
 2379.19  255311.1
 2383.46  314475.2
 2481.87  299716.0
 3081.27  379148.8
 2226.05  254793.5
 2573.69  289248.2
 2091.85  265788.1
 2542.93  284642.0
 2690.77  309595.1
 2602.82  315017.1
 2963.61  347562.4
 2718.79  338941.3
 2123.20  280584.6
 1984.53  232660.8
 2847.48  312036.4
 3326.86  351735.6
 2412.89  296295.0
 2269.75  264871.1
 2501.06  250309.0
 2603.66  277142.5
 2270.87  289513.2
 2670.60  336894.7
       p2p2       
 KB/s in  KB/s out
 2409.60  278188.7
 2489.67  295317.7
 2970.29  309168.7
 2366.70  305390.0
 2626.17  309068.4
 2471.50  288707.8
 1992.72  286244.1
 2819.61  276464.0
 2476.79  302495.8
 2578.57  306155.9
 2536.89  310528.6
 2646.12  301654.1
 2666.86  299520.6
 2504.27  315897.9
  752.69  17492.80
  614.93    623.06
  895.34    730.32
  789.98    557.72
  739.27    608.22
  792.16    731.83
  617.85    624.55
  432.82    443.66
       p2p2       
 KB/s in  KB/s out
  817.75    807.08
  641.84    645.00
  656.05    658.79
