             total       used       free     shared    buffers     cached
Mem:        128778       6478     122299          0        100        836
-/+ buffers/cache:       5541     123236
Swap:         1951          0       1951

             total       used       free     shared    buffers     cached
Mem:        128778       6395     122382          0        100        836
-/+ buffers/cache:       5458     123319
Swap:         1951          0       1951

             total       used       free     shared    buffers     cached
Mem:        128778       6283     122494          0        100        836
-/+ buffers/cache:       5347     123431
Swap:         1951          0       1951

             total       used       free     shared    buffers     cached
Mem:        128778       6064     122713          0        100        836
-/+ buffers/cache:       5127     123650
Swap:         1951          0       1951

             total       used       free     shared    buffers     cached
Mem:        128778       5840     122937          0        100        836
-/+ buffers/cache:       4904     123874
Swap:         1951          0       1951

             total       used       free     shared    buffers     cached
Mem:        128778       5465     123312          0        100        836
-/+ buffers/cache:       4528     124249
Swap:         1951          0       1951

             total       used       free     shared    buffers     cached
Mem:        128778       5390     123387          0        100        836
-/+ buffers/cache:       4453     124324
Swap:         1951          0       1951

             total       used       free     shared    buffers     cached
Mem:        128778       5562     123215          0        100        836
-/+ buffers/cache:       4625     124152
Swap:         1951          0       1951

             total       used       free     shared    buffers     cached
Mem:        128778       5597     123180          0        100        836
-/+ buffers/cache:       4660     124117
Swap:         1951          0       1951

             total       used       free     shared    buffers     cached
Mem:        128778       5621     123156          0        100        836
-/+ buffers/cache:       4684     124093
Swap:         1951          0       1951

             total       used       free     shared    buffers     cached
Mem:        128778       5710     123067          0        100        836
-/+ buffers/cache:       4773     124004
Swap:         1951          0       1951

             total       used       free     shared    buffers     cached
Mem:        128778       5820     122957          0        100        836
-/+ buffers/cache:       4883     123894
Swap:         1951          0       1951

             total       used       free     shared    buffers     cached
Mem:        128778       5910     122867          0        100        836
-/+ buffers/cache:       4973     123804
Swap:         1951          0       1951

             total       used       free     shared    buffers     cached
Mem:        128778       6069     122709          0        100        836
-/+ buffers/cache:       5132     123646
Swap:         1951          0       1951

             total       used       free     shared    buffers     cached
Mem:        128778       6051     122726          0        100        836
-/+ buffers/cache:       5114     123663
Swap:         1951          0       1951

             total       used       free     shared    buffers     cached
Mem:        128778       5992     122785          0        100        836
-/+ buffers/cache:       5055     123722
Swap:         1951          0       1951

             total       used       free     shared    buffers     cached
Mem:        128778       5676     123101          0        100        836
-/+ buffers/cache:       4739     124038
Swap:         1951          0       1951

             total       used       free     shared    buffers     cached
Mem:        128778       5479     123298          0        100        836
-/+ buffers/cache:       4542     124235
Swap:         1951          0       1951

             total       used       free     shared    buffers     cached
Mem:        128778       5668     123109          0        100        836
-/+ buffers/cache:       4731     124046
Swap:         1951          0       1951

             total       used       free     shared    buffers     cached
Mem:        128778       5612     123165          0        100        836
-/+ buffers/cache:       4675     124102
Swap:         1951          0       1951

             total       used       free     shared    buffers     cached
Mem:        128778       5691     123086          0        100        836
-/+ buffers/cache:       4754     124023
Swap:         1951          0       1951

             total       used       free     shared    buffers     cached
Mem:        128778       5874     122903          0        100        836
-/+ buffers/cache:       4937     123840
Swap:         1951          0       1951

             total       used       free     shared    buffers     cached
Mem:        128778       5909     122868          0        100        836
-/+ buffers/cache:       4972     123805
Swap:         1951          0       1951

             total       used       free     shared    buffers     cached
Mem:        128778       6118     122659          0        100        836
-/+ buffers/cache:       5181     123596
Swap:         1951          0       1951

             total       used       free     shared    buffers     cached
Mem:        128778       6208     122569          0        100        836
-/+ buffers/cache:       5271     123506
Swap:         1951          0       1951

             total       used       free     shared    buffers     cached
Mem:        128778       6217     122560          0        100        836
-/+ buffers/cache:       5280     123497
Swap:         1951          0       1951

             total       used       free     shared    buffers     cached
Mem:        128778       6218     122560          0        100        836
-/+ buffers/cache:       5280     123497
Swap:         1951          0       1951

             total       used       free     shared    buffers     cached
Mem:        128778       6138     122639          0        100        836
-/+ buffers/cache:       5200     123577
Swap:         1951          0       1951

             total       used       free     shared    buffers     cached
Mem:        128778       6127     122650          0        100        836
-/+ buffers/cache:       5190     123587
Swap:         1951          0       1951

             total       used       free     shared    buffers     cached
Mem:        128778       6134     122643          0        100        836
-/+ buffers/cache:       5197     123581
Swap:         1951          0       1951

             total       used       free     shared    buffers     cached
Mem:        128778       6168     122609          0        100        836
-/+ buffers/cache:       5231     123546
Swap:         1951          0       1951

             total       used       free     shared    buffers     cached
Mem:        128778       6097     122680          0        100        836
-/+ buffers/cache:       5160     123617
Swap:         1951          0       1951

             total       used       free     shared    buffers     cached
Mem:        128778       6006     122771          0        100        836
-/+ buffers/cache:       5069     123708
Swap:         1951          0       1951

             total       used       free     shared    buffers     cached
Mem:        128778       5857     122920          0        100        836
-/+ buffers/cache:       4920     123857
Swap:         1951          0       1951

             total       used       free     shared    buffers     cached
Mem:        128778       5718     123059          0        100        836
-/+ buffers/cache:       4781     123996
Swap:         1951          0       1951

             total       used       free     shared    buffers     cached
Mem:        128778       5644     123133          0        100        836
-/+ buffers/cache:       4707     124070
Swap:         1951          0       1951

             total       used       free     shared    buffers     cached
Mem:        128778       5678     123099          0        100        836
-/+ buffers/cache:       4741     124036
Swap:         1951          0       1951

             total       used       free     shared    buffers     cached
Mem:        128778       5726     123051          0        100        836
-/+ buffers/cache:       4789     123988
Swap:         1951          0       1951

             total       used       free     shared    buffers     cached
Mem:        128778       5719     123058          0        100        836
-/+ buffers/cache:       4781     123996
Swap:         1951          0       1951

             total       used       free     shared    buffers     cached
Mem:        128778       5774     123003          0        100        836
-/+ buffers/cache:       4837     123940
Swap:         1951          0       1951

             total       used       free     shared    buffers     cached
Mem:        128778       5881     122896          0        100        836
-/+ buffers/cache:       4944     123834
Swap:         1951          0       1951

             total       used       free     shared    buffers     cached
Mem:        128778       5859     122918          0        100        836
-/+ buffers/cache:       4922     123855
Swap:         1951          0       1951

             total       used       free     shared    buffers     cached
Mem:        128778       5850     122927          0        100        836
-/+ buffers/cache:       4913     123864
Swap:         1951          0       1951

             total       used       free     shared    buffers     cached
Mem:        128778       5909     122868          0        100        836
-/+ buffers/cache:       4971     123806
Swap:         1951          0       1951

             total       used       free     shared    buffers     cached
Mem:        128778       6012     122765          0        100        836
-/+ buffers/cache:       5075     123703
Swap:         1951          0       1951

             total       used       free     shared    buffers     cached
Mem:        128778       5939     122838          0        100        836
-/+ buffers/cache:       5001     123776
Swap:         1951          0       1951

             total       used       free     shared    buffers     cached
Mem:        128778       5975     122802          0        100        836
-/+ buffers/cache:       5038     123739
Swap:         1951          0       1951

             total       used       free     shared    buffers     cached
Mem:        128778       5961     122816          0        100        836
-/+ buffers/cache:       5023     123754
Swap:         1951          0       1951
