       p2p2       
 KB/s in  KB/s out
 1194.61  139847.4
 1334.24  147293.7
 1495.56  121518.4
 1314.11  136478.5
 1265.90  145512.3
 1189.99  126158.2
 1186.74  136323.2
 1463.94  123752.9
 1373.37  130958.8
 1476.80  131327.5
 1229.65  126311.2
 1214.87  150617.5
 1291.55  147375.5
 1257.13  110527.9
 1389.91  120589.5
 1236.98  124085.6
 1190.31  118016.3
 1233.81  134491.3
 1510.10  140055.8
 1590.69  135943.7
 1334.73  131005.2
 1281.88  131016.5
       p2p2       
 KB/s in  KB/s out
 1449.11  147473.3
 1193.59  125813.7
 1336.84  123704.9
 1437.76  122761.9
 1392.29  131846.2
 1529.34  127763.9
 1604.02  132348.5
 1300.14  134463.0
 1325.68  149542.9
 1306.94  131758.4
 1482.81  124489.4
 1330.82  132396.6
 1460.79  119767.7
 1266.92  136894.1
 1528.29  123368.8
 1206.05  116652.2
 1475.05  135211.8
 1316.84  139902.3
 1256.55  155561.8
 1400.88  112058.7
 1416.92  137644.3
 1526.06  125109.4
       p2p2       
 KB/s in  KB/s out
 1550.60  130762.7
 1580.06  138203.3
 1450.14  140852.7
 1532.41  132741.5
 1413.54  122637.0
 1281.75  117176.6
 1162.52  127559.3
 1410.75  146661.4
 1684.74  151763.1
 1403.19  134536.5
 1337.61  135609.0
 1274.53  134683.1
 1301.27  121380.1
 1365.08  128064.3
 1615.55  134080.1
 1332.54  139446.4
 1333.03  128594.7
 1575.51  118166.2
 1360.76  136444.0
 1348.43  121500.0
 1365.64  137309.4
 1294.90  128451.4
       p2p2       
 KB/s in  KB/s out
 1297.79  134776.3
 1501.27  131478.4
 1680.84  142504.1
 1437.79  139629.2
 1351.16  129427.3
 1441.99  130116.4
 1430.58  151555.5
 1504.84  148383.2
 1458.50  124945.6
 1622.72  138184.5
 1617.17  131511.9
 1496.98  142016.8
 1422.51  146737.6
 1414.08  118736.1
 1270.63  136762.6
 1594.48  127154.4
 1362.03  131240.9
 1483.23  130514.5
 1370.33  135681.4
 1324.48  127950.4
 1395.62  151047.0
 1642.25  145459.9
       p2p2       
 KB/s in  KB/s out
 1403.88  125278.6
 1332.06  142816.6
 1222.75  124315.6
 1441.89  155950.2
 1463.81  139836.2
 1626.59  119020.8
 1405.51  123488.0
 1365.53  142597.0
 1264.83  120590.0
 1329.22  125854.2
 1567.91  127041.9
 1368.86  130154.5
 1156.72  142276.6
 1305.72  125655.6
 1364.28  150649.3
 1626.64  142614.8
 1365.03  135258.8
 1459.63  141298.3
 1301.95  136307.6
 1520.87  137010.4
 1550.68  134600.8
 1425.85  148427.3
       p2p2       
 KB/s in  KB/s out
 1158.75  135800.8
 1393.49  123726.1
 1766.45  127790.3
 1583.10  127840.9
 1258.75  135952.8
 1258.03  122432.1
 1283.63  134856.8
 1626.52  141231.9
 1405.44  137503.3
 1343.55  152207.9
 1070.65  141629.2
 1281.46  146818.8
 1575.53  119434.9
 1708.38  123668.7
 1504.03  140391.8
 1160.35  127720.0
 1394.89  145092.1
 1190.73  143416.8
 1821.63  140489.7
 1315.45  136225.8
 1434.61  144230.1
 1201.16  133128.2
       p2p2       
 KB/s in  KB/s out
 1656.12  126918.2
 1588.73  123865.2
 1161.88  129700.3
 1279.15  136450.7
 1275.94  125180.8
 1695.80  132764.4
 1372.55  161879.4
 1681.94  146623.5
 1530.03  142436.1
 1431.87  141022.0
 1565.87  132828.2
 1501.61  157774.5
 1225.67  130964.8
 1249.90  128962.5
 1632.41  148963.8
 1523.70  122359.0
 1541.09  138134.3
 1274.49  146155.8
 1258.61  128478.1
 1312.60  153470.7
 1602.72  135607.5
 1583.22  130214.1
       p2p2       
 KB/s in  KB/s out
 1363.48  123314.6
 1189.81  135812.2
 1297.47  130121.3
 1673.23  122393.5
 1292.48  147568.3
 1184.96  119244.3
 1343.41  134762.1
 1498.88  140697.0
 1388.63  134732.0
 1443.69  152015.2
 1402.85  134765.0
 1359.34  147539.1
 1475.34  135426.8
 1379.52  137893.7
 1419.24  131142.6
 1367.48  146815.8
 1317.85  133436.1
 1145.44  109968.9
 1345.02  134942.9
 1308.02  118486.1
 1459.02  133178.1
 1267.36  131364.9
       p2p2       
 KB/s in  KB/s out
 1271.59  134898.0
 1269.73  130113.7
 1234.67  149091.9
 1443.53  139905.4
 1241.03  141195.3
 1267.93  144610.4
 1391.70  122654.1
 1289.86  135690.0
 1482.33  132618.8
 1583.00  148804.8
 1315.53  143880.1
 1115.30  126804.2
 1304.85  125774.1
 1377.62  167455.4
 1265.96  139883.8
 1221.04  135500.9
 1478.62  125711.3
 1214.51  125239.5
 1462.01  142205.3
 1237.06  132376.5
 1435.34  142503.7
 1302.45  161908.1
       p2p2       
 KB/s in  KB/s out
 1226.65  152996.4
 1371.10  148313.0
 1428.18  155889.8
 1312.65  128133.5
 1266.52  146455.6
 1650.23  133978.9
 1337.38  154064.0
 1300.52  130614.8
 1280.39  134547.6
 1180.58  119180.8
 1487.51  160608.5
 1206.25  121472.2
 1326.30  141302.2
 1190.65  137917.9
 1467.79  161645.6
 1212.07  132566.0
 1467.28  158163.6
 1382.18  134952.0
 1208.19  123460.8
 1459.22  134126.7
 1293.72  137767.7
 1367.08  160238.0
       p2p2       
 KB/s in  KB/s out
 1634.70  127404.4
 1103.09  138769.8
 1465.81  127946.7
 1286.47  157753.4
 1237.24  133429.8
 1727.79  141454.0
 1295.97  138706.3
 1287.10  155158.7
 1390.96  138923.2
 1247.50  141854.2
 1403.92  139497.7
 1369.63  143625.0
 1289.93  146501.5
 1304.95  145141.0
 1471.05  147956.3
 1619.24  145070.8
 1529.92  141881.8
 1654.89  110469.6
 1215.25  155294.6
 1393.31  133244.1
 1322.83  157146.4
 1497.57  130219.4
       p2p2       
 KB/s in  KB/s out
 1450.13  128674.7
 1165.68  137662.4
 1463.19  149425.7
 1219.78  128213.5
 1436.95  139764.1
 1627.17  142785.2
 1303.34  127036.0
 1388.20  135637.9
 1317.30  138134.2
 1196.04  139484.1
 1431.35  132732.0
 1365.80  128020.9
 1246.34  146317.9
 1533.71  143609.1
 1448.75  155594.1
 1486.31  123960.2
 1360.99  152629.4
 1197.61  140862.0
 1275.03  136281.1
 1235.21  154815.8
 1513.81  120018.3
 1499.64  156023.2
       p2p2       
 KB/s in  KB/s out
 1569.05  136579.6
 1238.06  145497.0
 1330.12  155739.0
 1429.31  130479.0
 1467.02  141389.8
 1260.60  141043.2
 1421.71  140134.8
 1042.62  118185.4
 1142.23  130888.9
 1471.92  132505.3
 1569.71  154196.1
 1337.71  156537.3
 1447.20  147720.6
 1276.92  129323.0
 1348.10  139140.0
 1451.44  149930.8
 1362.86  143815.3
 1316.07  125514.9
 1355.14  136066.4
 1378.11  127301.4
 1383.47  147456.9
 1386.27  145882.2
       p2p2       
 KB/s in  KB/s out
 1321.81  137489.9
 1379.88  137395.5
 1353.32  149745.8
 1264.51  152260.1
  776.45  36196.36
  717.18    667.46
  895.71    882.02
  855.20  17455.30
 1186.91  139254.3
 1505.68  150758.3
 1267.37  149894.8
 1538.99  129056.5
 1497.89  146561.3
 1199.02  138854.2
 1208.57  138410.6
 1097.96  136833.0
 1464.57  142547.4
 1379.70  128628.8
 1306.12  128113.9
 1238.52  143064.8
 1136.68  113345.4
 1271.30  164563.4
       p2p2       
 KB/s in  KB/s out
 1601.02  144186.2
 1357.50  127423.2
 1326.55  143209.9
 1334.89  154940.5
 1314.12  124867.0
 1479.09  163125.8
 1381.87  133329.5
 1208.03  135571.4
 1336.77  142544.1
 1393.73  170286.6
 1433.90  147576.3
 1383.82  135172.5
 1205.40  124754.9
 1157.85  151139.1
 1466.68  149837.9
 1253.44  132686.9
 1465.60  163017.6
 1422.37  153171.8
 1312.11  152685.9
 1443.31  150831.5
 1301.53  146359.7
 1473.78  131779.9
       p2p2       
 KB/s in  KB/s out
 1315.60  137813.3
 1187.76  142323.9
 1136.18  97979.29
 1429.21  147939.3
 1273.71  153956.4
 1134.69  132407.7
 1447.48  137735.5
 1397.10  129735.8
 1249.37  130531.4
 1512.79  164639.4
 1250.63  156858.7
 1310.54  160546.1
 1648.13  155023.5
 1278.13  137098.1
 1354.68  131969.5
 1280.77  128433.2
 1330.52  145437.5
 1336.59  126323.5
 1374.96  136469.1
 1251.77  134357.5
 1162.98  146217.9
 1407.91  130268.6
       p2p2       
 KB/s in  KB/s out
 1379.30  150299.7
 1304.84  125236.8
 1272.19  147617.4
 1183.62  121284.2
 1423.63  154824.7
 1776.50  175696.4
 1220.35  142506.9
 1270.12  124542.5
 1389.48  145545.6
 1375.25  155148.1
 1557.57  125174.6
 1371.29  140209.0
 1330.17  147520.4
 1027.13  129140.8
 1288.59  136733.6
 1258.45  154563.7
 1599.51  131932.0
 1317.32  144671.5
 1349.73  143145.4
 1311.67  146471.0
 1253.36  177488.3
 1169.16  152451.4
       p2p2       
 KB/s in  KB/s out
 1426.11  135494.5
 1361.93  144590.6
 1498.12  168619.2
 1457.90  138099.5
 1168.77  157780.6
 1262.19  149151.9
 1301.92  142023.2
 1273.73  135690.7
 1282.85  160790.2
 1275.11  145871.8
 1273.98  161372.8
 1290.97  116640.9
 1340.31  140564.9
 1305.89  139539.6
 1339.94  146686.8
 1493.83  178341.4
 1387.78  141628.7
 1436.52  133141.7
 1296.35  129859.6
 1229.20  142465.3
 1381.43  146032.7
 1368.25  140999.3
       p2p2       
 KB/s in  KB/s out
 1356.91  148081.1
 1415.86  169606.5
 1315.67  160704.0
 1377.45  142269.6
 1214.59  139081.4
 1428.39  148451.7
 1354.08  130412.0
 1398.54  130884.3
 1229.51  152661.0
 1387.42  150467.0
 1325.40  156199.1
 1319.93  134162.1
 1226.61  157138.9
 1336.65  152152.6
 1277.01  128964.2
 1283.51  143964.1
 1483.50  150820.2
 1328.85  146036.0
 1363.28  139304.3
 1514.29  165027.3
 1375.75  117899.7
 1349.80  140079.3
       p2p2       
 KB/s in  KB/s out
 1333.04  150174.2
 1253.02  134788.7
 1230.05  136955.6
 1354.63  156613.9
 1406.76  130910.3
 1385.01  135891.5
 1187.75  142751.8
 1302.79  135583.5
 1321.51  133316.2
 1203.01  143789.7
 1141.20  131319.3
 1324.08  144378.8
 1321.95  153986.1
 1479.23  138121.5
 1270.09  116339.2
 1261.33  133984.2
 1223.43  141488.2
 1233.09  152165.8
 1341.46  135836.9
 1588.21  152585.1
 1405.44  143197.6
 1077.88  146045.5
       p2p2       
 KB/s in  KB/s out
 1359.73  153754.0
 1317.31  155449.7
 1409.07  156673.7
 1367.80  142971.0
 1327.58  153819.0
 1213.61  132697.4
 1392.19  126140.2
 1341.18  159533.2
 1456.91  148968.2
 1302.50  136684.8
 1177.93  127062.6
 1465.48  135449.3
 1433.12  151521.6
 1224.69  155810.5
 1226.78  152188.6
 1340.42  136427.0
 1280.21  146901.7
 1525.15  148101.0
 1219.67  158584.0
 1264.07  137558.4
 1132.54  142509.4
 1464.74  143072.2
       p2p2       
 KB/s in  KB/s out
 1596.64  170553.4
 1299.55  133580.2
 1371.28  150004.5
 1232.54  150771.1
 1326.23  133799.8
 1503.12  181074.1
 1582.70  124934.5
 1307.93  131123.4
 1113.13  121544.0
 1279.88  113624.3
 1497.83  133194.2
 1306.86  130930.9
 1302.48  147464.7
 1205.08  130637.7
 1585.38  149565.8
 1316.17  144414.9
 1508.58  133545.1
 1481.36  136347.1
 1433.27  142993.1
 1315.70  137434.8
 1523.10  163748.0
 1323.45  121393.4
       p2p2       
 KB/s in  KB/s out
 1203.05  139791.9
 1403.17  151124.2
 1321.32  145043.2
 1622.91  149704.2
 1560.19  152503.1
 1438.30  128551.7
 1557.35  145303.7
 1383.87  148249.5
 1767.87  141461.2
 1127.12  144452.7
 1331.13  136201.3
 1420.84  151204.1
 1293.27  148219.7
 1595.32  125058.5
 1750.86  129527.5
 1282.62  145180.6
 1426.54  143405.6
 1409.49  144229.2
 1578.83  148966.0
 1414.38  127788.6
 1251.26  154781.5
 1327.74  123820.7
       p2p2       
 KB/s in  KB/s out
 1345.60  128055.0
 1530.40  160958.0
 1524.57  136123.6
 1419.60  152909.7
 1349.64  128602.2
 1323.74  126874.9
 1433.46  113312.6
 1233.23  135366.8
 1422.85  140576.1
 1405.03  141469.7
 1486.56  142997.3
 1748.37  151674.6
 1358.26  133856.3
 1418.03  129270.1
 1386.96  167368.4
 1526.67  127134.9
 1494.61  136138.8
 1595.69  149719.8
 1396.24  159704.5
 1386.73  179951.7
 1476.66  155992.4
 1582.95  145560.3
       p2p2       
 KB/s in  KB/s out
 1684.85  146514.3
 1379.45  133345.6
 1432.88  129224.3
 1518.31  166773.2
 1753.57  134090.3
 1574.26  129522.8
 1212.96  148860.8
 1502.03  155175.3
 1534.36  147550.2
 1521.13  136942.9
 1865.87  133621.0
 1383.04  144517.8
 1422.07  140840.7
 1678.04  140699.3
 1725.28  156367.6
 1503.36  107165.0
 1273.23  140054.5
 1379.75  128016.8
 1782.59  147544.8
 1492.32  160903.0
 1615.62  140221.5
 1390.78  135806.4
       p2p2       
 KB/s in  KB/s out
 1347.29  122532.1
 1497.18  140723.7
 1453.12  126535.2
 1634.63  126516.8
 1430.04  140586.9
 1393.79  146412.1
 1601.86  140073.3
 1491.66  140799.6
 1565.42  143689.8
 1269.96  138333.7
 1330.29  155392.3
 1641.50  131980.6
 1865.73  155502.1
 1390.18  132040.2
 1413.08  142228.1
 1339.06  139742.1
 1431.03  150218.2
 1770.74  127278.2
 1527.84  130004.8
 1421.98  145106.6
 1464.32  126334.9
 1627.89  151620.3
       p2p2       
 KB/s in  KB/s out
 1589.34  121056.9
 1328.42  134614.4
 1410.73  131570.0
 1501.92  121549.8
 1385.16  142647.5
 1911.71  137712.1
 1407.65  150847.6
 1540.59  137757.6
 1348.88  137066.6
 1672.00  145535.8
 1395.37  149948.8
 1748.95  145086.2
 1346.88  120458.0
 1306.54  126023.6
 1534.59  133023.2
 1826.11  152405.8
 1445.27  142051.7
 1316.84  142510.5
 1382.97  137130.0
 1590.71  152799.7
 1972.22  140287.0
 1236.49  76527.76
       p2p2       
 KB/s in  KB/s out
  845.48    839.38
  639.47    586.46
  996.35    829.96
 1166.45    823.62
  508.05    490.25
  985.61    957.22
  676.40    672.31
  535.50    533.09
  831.36  45785.44
 1393.63  96528.29
 1267.96  142228.1
 1382.52  109219.2
 1848.80  113148.0
 1515.41  125437.9
 1520.47  168716.0
 1427.67  151079.2
 1310.06  117616.8
 1915.32  145661.2
 2098.18  164231.2
 1400.84  146941.5
 1274.10  121690.8
 1590.00  136848.5
       p2p2       
 KB/s in  KB/s out
 1559.77  144519.1
 1957.57  124690.2
 1531.54  132886.3
 1525.21  158970.2
 1390.52  132890.7
 1852.15  144334.0
 2333.41  152860.9
 1236.95  155347.2
 1271.87  131289.6
 1294.79  150480.0
 1662.90  129799.8
 2306.75  155552.9
 1377.42  151269.1
 1276.39  147180.9
 1319.68  111862.8
 2127.68  145605.8
 1916.44  123960.7
 1381.79  139924.8
 1256.12  145623.1
 1414.10  141221.4
 1667.48  138725.6
 2405.65  130931.8
       p2p2       
 KB/s in  KB/s out
 1427.65  156758.9
 1253.00  143153.9
 1618.59  141867.0
 2156.21  150087.1
 1533.22  125886.3
 1491.28  125343.3
 1378.48  144520.6
 1652.64  145267.8
 1761.72  120278.3
 2558.32  131445.8
 1232.28  132547.8
 1411.68  146330.6
 1463.52  138452.8
 2016.85  137270.6
 1712.64  150767.3
 2269.74  155228.8
 1437.88  152506.9
 1616.20  127803.3
 2455.09  155055.8
 1885.65  140071.5
 1893.70  145642.3
 1347.08  143536.2
       p2p2       
 KB/s in  KB/s out
 1389.82  142754.8
 1886.10  136761.4
 2616.81  151507.8
 1600.49  134339.1
 1334.18  140734.9
 1652.97  141180.9
 2375.08  142485.9
 2451.52  152257.1
 1246.18  140196.7
 1420.39  154529.3
 1346.76  129969.9
 1699.00  139918.8
 2711.40  144239.9
 1811.83  143298.9
 1331.12  125732.4
 1626.29  164901.6
 2360.14  143270.5
 1860.83  150367.5
 1885.92  142863.9
 1497.82  160364.8
 1402.93  131357.4
 2124.93  172454.9
       p2p2       
 KB/s in  KB/s out
 2838.71  135236.3
 1616.21  159292.7
 1523.90  151835.3
 1494.23  134215.0
 2611.45  159400.9
 2191.96  130711.3
 1494.84  146087.0
 1367.76  133325.3
 1553.50  177192.2
 1754.39  155029.7
 2729.02  164308.6
 1573.69  141467.0
 1509.34  148503.0
 1725.21  147753.3
 2450.88  143024.3
 2062.10  149117.0
 1457.05  135412.1
 1448.11  142879.0
 1757.09  147238.3
 1994.09  153217.4
 2750.72  155513.2
 1521.22  138417.3
       p2p2       
 KB/s in  KB/s out
 1446.91  146017.8
 1300.83  125906.5
 1863.32  157509.4
 2671.34  133631.0
 1786.37  159770.3
 1385.45  141692.3
 1507.65  161455.6
 2300.82  136746.9
 2108.42  129179.9
 1289.48  155993.2
 1292.87  136704.1
 1554.00  145461.8
 1750.03  127285.0
 2850.60  155769.5
 1362.27  147129.2
 1411.08  149577.9
 1428.05  140865.6
 2604.15  152340.0
 1758.96  125912.6
 1652.17  152676.7
 1412.34  134141.4
 1605.82  138137.1
       p2p2       
 KB/s in  KB/s out
 1889.93  166099.4
 2701.03  127547.3
 1586.44  151888.5
 1492.25  144310.4
 1495.83  150087.0
 2378.67  117864.2
 1391.99  144111.5
 1910.50  140944.0
 1598.38  156203.9
 1393.72  147248.9
 1959.41  148964.6
 1801.58  129462.3
 2003.91  147056.3
 1285.85  157064.7
 1400.40  128358.6
 1970.99  159391.2
 2741.98  124024.0
 1404.10  153327.6
 1524.98  160318.2
 1332.68  146861.5
 1724.41  140371.8
 2626.06  151910.0
       p2p2       
 KB/s in  KB/s out
 1611.81  127606.1
 1296.00  140963.9
 1512.27  156321.9
 2357.87  138653.6
 2222.04  141452.5
 1235.82  147987.9
 1356.69  159106.0
 1442.25  156796.1
 1996.79  133758.7
 2667.37  140758.4
 1753.74  145286.9
 1207.98  124465.8
 1449.72  154809.7
 2295.66  131060.8
 2270.87  121300.4
 1226.67  133531.2
 1208.28  135529.6
 1356.40  151096.3
 1773.26  127197.6
 2749.54  147093.6
 1829.49  158269.3
 1196.67  139601.3
       p2p2       
 KB/s in  KB/s out
 1632.30  138535.4
 2532.86  145934.1
 2190.56  151881.9
 1312.66  130973.1
 1264.38  151443.7
 1600.40  138981.7
 1886.25  146121.7
 2806.24  162761.8
 1667.64  131371.7
 1219.83  143401.9
 1505.27  152063.2
 2519.71  147761.6
 2357.78  147345.6
 1282.14  152886.4
 1252.15  142091.0
 1549.03  129210.5
 1987.05  154335.8
 2615.34  144905.3
 1408.56  145919.2
 1302.77  127419.4
 1530.61  157545.7
 2615.72  150697.6
       p2p2       
 KB/s in  KB/s out
 1525.97  145818.6
 2015.28  150842.7
 1571.23  158542.5
 1464.01  131015.3
 1956.86  152468.8
 2790.59  132743.2
 1225.21  148206.2
 1347.34  129062.1
 1566.44  143093.4
 1648.54  109534.1
 2548.04  161932.6
 1788.15  172397.5
 1391.72  146596.9
 1559.02  154375.7
 2392.46  142958.0
 2256.40  163652.9
 1289.53  150249.6
 1336.62  148549.8
 1784.91  147135.6
 1697.73  149037.7
 2740.31  149546.0
 1436.57  165868.8
       p2p2       
 KB/s in  KB/s out
 1349.91  150177.9
 1580.11  148929.4
 2816.35  173367.7
 2157.13  166951.3
 1396.74  155204.7
 1308.12  139956.7
 1438.03  153926.2
 2091.57  155998.3
 2713.71  137844.3
 1604.35  169638.1
 1264.31  153074.6
 1620.28  126234.5
 2573.67  156315.1
 2176.13  154744.5
 1268.29  157629.7
 1325.16  146653.9
 1435.98  146452.9
 1965.80  161777.3
 2724.92  152955.6
 1834.10  153393.6
 1291.89  148647.4
 1724.71  151545.2
       p2p2       
 KB/s in  KB/s out
 1478.96  136978.0
 2886.44  165530.9
 1834.60  121482.1
 1291.19  134617.3
 1672.90  151166.5
 2541.41  137405.9
 2138.93  129199.0
 1397.28  143621.8
 1537.81  141676.2
 1759.76  138284.1
 1486.40  135791.5
 2556.10  134589.3
 1755.36  140841.8
 1369.70  157823.3
 1487.76  156161.9
 2548.70  142676.5
 2233.42  128178.6
 1157.44  130699.9
 1442.88  133973.0
 1877.24  165436.9
 2148.15  166462.9
 2034.72  147981.6
       p2p2       
 KB/s in  KB/s out
 1616.26  134131.7
 1280.35  144168.1
 1708.59  145323.3
 2406.27  123425.9
 2208.57  158736.4
 1350.81  132849.0
 1235.92  148925.6
 1393.51  142783.8
 2035.19  180497.9
 2711.52  155167.0
 1574.26  144897.9
 1148.85  111107.0
 1772.82  147089.4
 2663.91  144278.2
 1612.43  157206.2
 1618.83  132683.0
 1421.59  157864.5
 1244.22  140496.5
 2049.44  151653.9
 2885.95  141046.2
 1458.73  143961.9
 1179.33  153932.8
       p2p2       
 KB/s in  KB/s out
 1738.22  142173.8
 1545.94  137559.0
 2753.05  189265.8
 2101.35  178047.6
 1368.97  136163.6
 1552.14  143359.1
 2462.89  141445.0
 2232.23  159434.5
 1381.60  142774.7
 1416.56  150651.9
 1301.74  145148.9
 1719.04  136037.6
 2810.36  135358.1
 1449.43  143006.9
 1286.13  134730.7
 1549.94  131952.3
 2692.00  142607.2
 1858.97  149736.3
 1462.89  156735.2
 1490.40  156169.6
 1651.73  137010.4
 2109.90  175010.5
       p2p2       
 KB/s in  KB/s out
 2358.78  101787.1
  547.73    495.38
  830.60    777.73
 1065.11    753.27
  736.87    849.56
 1427.07    733.20
  782.38    650.12
  486.63    447.95
  734.82    739.42
  692.55    688.65
  921.45  54263.46
 1075.21  106353.9
 1510.55  122073.3
 1500.67  129988.3
 2437.83  152357.8
 2237.57  140278.4
 1207.17  123007.0
 1401.80  143553.1
 1553.56  136756.4
 1972.71  159616.3
 2911.08  147364.9
 1326.24  150116.0
       p2p2       
 KB/s in  KB/s out
 1330.00  137554.8
 1850.75  143756.0
 1529.43  145161.1
 2893.10  154567.7
 1568.92  129183.6
 1348.19  138011.0
 1481.94  158719.7
 2299.15  135852.8
 2291.90  142001.4
 1461.48  163492.0
 1222.77  156616.0
 1683.14  144699.0
 1664.70  142319.3
 2680.73  142971.0
 1583.66  135382.4
 1301.46  160227.1
 1725.50  152723.3
 2561.86  135664.0
 2084.90  152906.6
 1270.30  152237.0
 1335.63  144711.2
 1436.97  131912.2
       p2p2       
 KB/s in  KB/s out
 1821.41  147921.5
 2581.12  130160.5
 1721.89  172296.9
 1338.58  126231.0
 1446.82  134821.0
 2719.17  135331.9
 2026.83  138750.8
 1292.69  129245.4
 1577.25  135360.1
 1371.59  146028.1
 1988.02  138179.5
 2772.58  154072.0
 1450.58  138614.5
 1513.41  143080.0
 1668.16  123338.1
 2908.07  167939.4
 1955.84  152292.9
 1374.39  149798.9
 1396.86  128840.3
 1366.29  129839.4
 2018.86  115879.3
 2733.33  158064.6
       p2p2       
 KB/s in  KB/s out
 1554.22  145065.2
 1182.82  137415.1
 1749.87  143471.2
 2373.18  111180.0
 2171.74  145257.5
 1293.05  131754.7
 1560.24  172397.8
 1463.47  145498.8
 2179.97  139327.3
 2680.87  146767.4
 1215.00  146152.3
 1644.09  150951.6
 1524.55  123311.6
 2882.10  148823.0
 1595.44  138111.0
 1774.27  159175.0
 1231.26  162423.4
 1685.23  157060.7
 2519.33  120775.5
 2066.55  156980.3
 1552.63  172392.5
 1281.78  124290.6
       p2p2       
 KB/s in  KB/s out
 2065.98  147803.1
 1700.37  161626.0
 2520.12  147263.0
 1571.19  144403.2
 1614.97  143451.1
 1808.54  161066.5
 2544.27  161715.3
 2282.64  148625.2
 1186.16  119049.6
 1632.44  156852.9
 1880.13  148953.1
 2277.92  126619.3
 2040.11  141643.3
 1456.27  127488.1
 1575.79  139441.8
 1506.20  156074.7
 2728.09  122888.0
 2078.84  135130.2
 1435.04  139391.9
 1534.56  129816.7
 1324.76  149224.1
 2233.75  149682.7
       p2p2       
 KB/s in  KB/s out
 2821.27  139701.0
 1392.20  126950.9
 1324.45  139110.2
 1859.76  156667.5
 2849.88  140827.9
 1593.12  162405.2
 1620.34  135367.8
 1369.68  130154.3
 1657.53  137696.8
 2643.09  133731.9
 2084.13  148862.7
 1355.45  143978.2
 1410.07  149255.3
 1672.01  129409.9
 2126.89  131483.6
 2216.02  145636.8
 1441.15  136376.2
 1539.75  143647.2
 1674.68  150457.9
 2700.96  145041.5
 2045.73  144456.1
 1389.72  145419.0
       p2p2       
 KB/s in  KB/s out
 1729.46  149644.3
 1498.56  138982.1
 2100.07  155205.8
 2652.09  140035.9
 1459.60  140464.8
 1540.53  132363.4
 1790.66  137212.4
 2926.08  153170.0
 1430.68  168163.5
 1642.21  140984.0
 1561.78  136262.4
 1644.68  153904.3
 2575.95  122975.9
 2168.14  160349.1
 1508.90  158781.3
 1498.14  132131.7
 1728.78  161652.6
 2338.42  164751.1
 2289.52  148474.3
 1357.63  146041.1
 1273.91  153489.9
 1866.17  133440.8
       p2p2       
 KB/s in  KB/s out
 2834.74  145373.7
 1965.22  157659.7
 1305.46  138610.8
 1309.82  144918.2
 1677.60  152518.8
 2334.97  126669.5
 2503.13  155497.9
 1399.45  124250.3
 1490.53  165986.0
 1863.65  151278.7
 2987.48  144369.6
 1129.75  130922.0
 1708.63  159674.9
 1696.79  139348.7
 1740.67  138576.8
 2700.72  150813.8
 2247.06  144071.9
 1167.10  148465.7
 1387.39  151288.1
 2343.50  141750.1
 2841.54  124521.5
 1587.89  153215.7
       p2p2       
 KB/s in  KB/s out
 1436.73  170694.6
 1540.07  150640.7
 1893.80  154794.0
 2650.38  143467.8
 2342.76  162926.1
 1548.49  142267.5
 1301.77  142362.1
 1977.22  157630.3
 2152.28  137956.1
 2125.50  156067.9
 1349.09  147028.4
 1342.78  153071.0
 1780.78  163089.5
 2519.17  143330.3
 2176.86  142328.9
 1316.54  169273.5
 1423.29  136856.0
 1666.27  136115.8
 2277.78  154429.7
 2446.57  156087.3
 1392.15  151745.8
 1441.08  135424.5
       p2p2       
 KB/s in  KB/s out
 2092.57  151108.2
 2752.85  139836.4
 1371.42  154453.8
 1445.37  158327.0
 1446.07  161180.5
 1746.36  132534.0
 2510.17  135281.9
 2174.65  127985.8
 1280.65  160259.7
 1422.30  156168.4
 2056.55  135467.3
 2662.66  143664.8
 1504.58  129825.6
 1406.18  158078.9
 1275.44  129291.6
 1824.41  132708.0
 2493.06  150860.6
 2043.06  160834.8
 1366.30  138799.4
 1420.93  154277.8
 2002.28  137514.0
 2751.78  152002.9
       p2p2       
 KB/s in  KB/s out
 1464.67  152816.7
 1470.19  127414.3
 1458.19  127548.6
 1761.62  163476.2
 2578.82  141095.5
 2131.66  160999.7
 1464.96  139137.4
 1574.07  153608.3
 1782.16  153256.0
 1936.24  153414.2
 2728.74  160002.1
 1325.85  138983.8
 1287.19  138691.9
 1688.20  167250.1
 2981.82  158344.3
 1558.97  143268.2
 1592.17  143515.6
 1424.15  153640.7
 1671.28  145845.9
 2759.08  138665.6
 1722.94  135581.1
 1372.28  149191.6
       p2p2       
 KB/s in  KB/s out
 1696.64  141478.2
 1710.11  152209.1
 1716.39  150762.4
 2612.73  153031.5
 1365.44  151192.5
 1471.12  168856.7
 1688.25  148867.8
 2793.64  149785.5
 1586.74  142963.4
 1271.18  154482.4
 1266.93  156181.8
 1814.42  127013.6
 2435.60  149119.3
 2148.03  146675.6
 1394.06  144610.7
 1430.06  152769.7
 1887.38  152740.6
 2680.26  168347.5
 1579.61  128742.5
 1554.28  148176.7
 1424.90  144388.0
 1698.42  162246.9
       p2p2       
 KB/s in  KB/s out
 2134.02  152949.2
 2292.64  151883.9
 1428.04  146852.5
 1481.26  165593.4
 1890.74  118674.7
 2933.05  147656.1
 1265.92  131333.4
 1446.30  141197.2
 1369.39  128110.9
 1719.22  137541.0
 2409.29  149232.6
 2256.14  170595.2
 1329.58  147243.8
 1352.09  107195.8
 1774.45  162684.9
 2733.31  145366.1
 1284.89  124520.9
 1492.73  125895.4
 1596.19  166487.0
 1738.06  137667.0
 2505.42  145099.1
 2203.40  134951.0
       p2p2       
 KB/s in  KB/s out
 1429.32  157362.1
 1628.17  183538.5
 1938.68  166253.0
 2067.65  143583.5
 2018.83  156481.8
 1361.01  152675.7
 1310.41  158286.6
 1861.29  154213.3
 2559.09  163535.6
 1837.91  157866.8
 1262.32  148790.3
 1651.31  155231.3
 1996.38  166954.0
 1415.38  150413.3
 2519.26  126649.2
 1377.20  145460.2
 1521.00  156792.8
 1983.78  150500.6
 2497.85  130335.0
 1722.34  135270.1
 1332.52  136766.8
 1263.79  144535.5
       p2p2       
 KB/s in  KB/s out
 1676.16  149342.1
 2465.33  136008.4
 2001.87  149671.6
  718.99  49789.02
  676.80    517.42
 1211.71    749.05
 1528.36    879.47
  840.97    807.67
  526.56    487.08
  677.14    693.52
  453.29    449.14
  622.01    618.20
  525.39    522.01
  646.95  12584.02
  919.05  75692.99
 1521.89  146971.2
 2280.01  149797.8
 1699.73  151382.0
 1352.64  144270.5
 1434.71  131923.1
 1459.09  126347.2
 2276.81  149371.5
       p2p2       
 KB/s in  KB/s out
 2150.79  140710.5
 1349.87  144560.2
 1532.37  151393.0
 2107.31  151040.4
 2754.61  142058.4
 1691.55  142971.2
 1229.37  147157.8
 1412.46  160504.4
 1959.37  147197.8
 2327.44  127302.1
 2197.82  135915.2
 1440.92  151764.5
 1689.53  163774.5
 1909.24  149860.1
 2855.90  166444.9
 1405.92  135995.5
 1441.53  156930.7
 1268.10  149068.0
 1724.47  149320.5
 2414.00  157687.3
 2095.81  129882.8
 1497.86  150775.3
       p2p2       
 KB/s in  KB/s out
 1536.83  93077.24
 1498.82  69180.91
 2067.88  144119.5
 1742.47  135354.8
 1267.84  140112.7
 1350.15  114886.8
 1844.60  130711.7
 2498.44  132343.7
 1749.39  123980.4
 1509.91  132647.4
 1282.02  121448.1
 1425.16  139560.1
 2356.33  133719.9
 2129.46  136500.0
 1362.57  128102.8
 1285.07  133932.7
 1883.67  137238.4
 2776.87  128369.7
 1290.73  124786.3
 1237.04  134448.0
 1433.14  123300.8
 1653.62  141950.1
       p2p2       
 KB/s in  KB/s out
 2345.65  138905.1
 2000.96  132503.5
 1286.84  128576.0
 1332.94  140852.5
 2166.38  143050.5
 2478.54  127697.0
 1382.02  128500.9
 1206.71  137177.2
 1397.02  135232.6
 1700.61  150971.9
 2302.35  135140.7
 1993.38  118944.5
 1257.32  133939.2
 1250.88  143820.6
 2157.45  157985.0
 2666.15  142236.6
 1640.74  139481.8
 1323.66  130927.3
 1390.01  140676.3
 1743.71  143608.6
 2766.83  130477.5
 1683.09  145807.6
       p2p2       
 KB/s in  KB/s out
 1292.45  136789.9
 1664.84  137238.6
 2046.39  136700.9
 1235.36  144687.8
 2429.50  147601.9
 1533.99  147802.4
 1317.06  133415.8
 1992.01  139778.8
 2646.34  138925.1
 1564.64  133821.7
 1319.10  133436.8
 1405.54  137479.7
 1633.94  145648.6
 2243.04  143846.0
 2210.26  163819.1
 1436.25  125312.6
 1649.67  143421.6
 1958.75  149366.0
 2514.07  147803.1
 1483.37  130656.0
 1288.45  141570.3
 1479.17  132537.2
       p2p2       
 KB/s in  KB/s out
 2303.81  162068.7
 1534.96  92840.33
 2303.30  153865.3
 1242.64  143856.4
 1522.27  145047.0
 1681.97  140201.7
 2812.71  136034.0
 1382.50  128650.4
 1265.72  149403.0
 1469.72  120174.9
 1575.78  140112.4
 2282.28  144815.2
 1874.62  124676.9
 1293.94  136138.5
 1392.71  134644.8
 1789.89  133145.2
 2523.48  138369.6
 1387.24  154373.4
 1301.81  131443.4
 1702.83  140040.1
 1774.27  130107.6
 2358.69  128308.3
       p2p2       
 KB/s in  KB/s out
 1868.25  137866.6
 1412.20  140743.6
 1414.08  129681.5
 2389.72  132155.9
 2339.18  128826.7
 1449.81  148729.9
 1253.23  134040.9
 1469.28  152989.4
 2107.54  132486.3
 2716.39  149023.9
 1780.39  142325.5
 1293.29  136560.9
 1481.51  135018.5
 2347.34  133311.9
 2192.77  130274.9
 1201.57  141366.0
 1360.77  129698.7
 1216.41  133320.8
 1858.17  141418.2
 2453.71  137818.9
 1561.49  99586.14
  895.59  62438.93
       p2p2       
 KB/s in  KB/s out
 1562.30  141582.2
 2419.10  147576.9
 1786.46  137559.0
 1700.99  147051.3
 1292.39  145773.1
 1304.12  142975.9
 1991.51  124655.7
 2764.96  141546.8
 1304.59  123027.8
 1485.96  141586.9
 1318.78  145732.3
 2296.25  142632.1
 1349.75  145545.3
 1902.21  71509.08
 1231.42  89623.80
 1434.12  160886.4
 1646.33  131662.9
 2563.30  149542.0
 1407.15  126531.6
 1151.00  139596.0
 1482.50  131295.4
 2424.98  143085.9
       p2p2       
 KB/s in  KB/s out
 1558.19  132350.2
 1750.78  142798.2
 1356.70  137043.8
 1576.26  142177.2
 1881.64  126775.7
 2440.80  112499.2
 1376.17  163836.7
 1381.44  140639.9
 1638.64  154162.7
 2421.26  164203.1
 1700.65  141794.8
 1821.72  133738.4
 1324.70  140478.9
 1391.12  127248.7
 2067.06  166164.3
 2738.07  136731.6
 1349.23  136975.7
 1292.17  138726.8
 1695.32  166243.0
 1675.65  135076.4
 2717.02  155997.5
 1621.88  144300.2
       p2p2       
 KB/s in  KB/s out
 1236.07  152985.3
 1663.80  136511.5
 2292.86  135334.9
 2305.34  160878.4
 1389.64  128251.9
 1369.25  148445.6
 1598.30  150612.1
 1715.32  128999.7
 2734.36  144231.2
 1355.57  123495.8
 1165.70  112157.4
 1529.61  113159.6
 2566.13  143854.4
 1543.00  132894.0
 1535.64  146301.4
 1516.61  146958.8
 1597.39  154728.1
 1961.15  162698.6
 2644.93  155081.6
 1368.99  124179.2
 1368.65  158078.9
 1658.77  148504.5
       p2p2       
 KB/s in  KB/s out
 1500.92  159307.6
 2608.69  143204.6
 1795.12  132745.2
 1195.11  155813.1
 1646.21  163492.8
 2054.65  159037.6
 2669.24  159664.8
 1342.55  146220.2
 1379.97  150250.7
 1597.17  158840.6
 1882.70  142424.9
 2455.47  139131.6
 1952.22  162162.4
 1360.81  144792.6
 1720.58  150774.5
 1931.35  151331.9
 1891.00  139099.9
 2168.16  137717.5
 1181.46  162169.9
 1513.42  128726.0
 2067.65  134523.8
 2731.90  145424.1
       p2p2       
 KB/s in  KB/s out
 1252.36  147729.8
 1320.85  143093.9
 1481.15  144095.8
 1636.70  136235.4
 2564.06  155680.4
 1730.53  154107.8
 1206.42  135773.6
 1445.88  140208.0
 2451.29  145890.5
 2116.50  139377.9
 1225.13  148437.0
 1202.87  138714.1
 1483.88  130608.7
 1649.23  99596.62
 2331.15  95232.89
 1666.77  149686.0
 1514.01  152311.7
 1410.44  131035.7
 2445.11  146835.8
 2185.30  160779.6
 1408.44  145232.5
 1393.65  145110.5
       p2p2       
 KB/s in  KB/s out
 1463.17  137006.9
 1748.63  138690.5
 2718.37  129739.9
 1203.20  132689.7
 1394.65  130712.7
 2063.41  149820.1
 1453.66  142994.3
 2320.94  141251.4
 1757.58  132768.5
 1429.21  127798.6
 1616.85  145364.3
 2389.68  143556.0
 2143.81  135937.7
 1433.82  141614.3
 1250.68  150833.9
 2114.11  236257.5
 1683.90  102497.8
 2278.95  73104.18
 1103.75  22199.56
  843.24   5889.10
 1022.40  38987.63
 2225.34  167839.5
       p2p2       
 KB/s in  KB/s out
 1783.56  142485.2
 1320.44  145806.3
 1422.57  145535.3
 1275.37  126612.9
 1471.38  47721.49
 2657.03  152788.7
 1542.73  141080.9
 1373.08  145310.8
 1520.02  141929.5
 2344.88  137044.4
 1941.91  145990.9
 1494.45  117035.0
 1389.85  157059.3
 1787.76  146245.7
 1951.89  138463.0
 2635.65  136246.3
 1565.95  148502.5
 1437.03  153184.7
 1586.29  150597.9
 1723.05  137832.8
 2641.79  138096.9
 1666.49  132911.6
       p2p2       
 KB/s in  KB/s out
 1271.04  144760.4
 1401.07  122064.8
 2343.64  148270.8
 2203.21  149967.7
  995.67  58419.08
 1084.40  81003.84
 1557.37  153859.3
 1786.86  140049.4
 2551.26  161594.4
 1090.72  33932.73
  570.20    570.59
  880.95    714.60
 1343.17    748.12
 1159.47    776.25
  530.27    496.11
  696.98    697.25
  496.65    495.79
  494.43    491.34
  738.05    743.08
  497.22    493.23
  590.97    594.05
  579.57    583.84
       p2p2       
 KB/s in  KB/s out
  324.39    324.11
  651.66    653.44
  724.56    726.49
  746.63    742.70
  524.74    522.02
  709.34    713.52
  650.79    654.49
  880.07    870.89
  649.84    646.39
  469.97    472.64
  832.93    843.44
  440.71    432.92
  567.84    568.20
  694.72    692.25
  781.17    785.96
  832.20    830.90
  617.12    614.46
  734.34    734.91
  629.24    629.27
  863.53    852.44
  690.48    710.05
  728.43    718.62
       p2p2       
 KB/s in  KB/s out
  660.99    656.90
