       p2p2       
 KB/s in  KB/s out
  841.16    798.27
  741.81    711.08
  648.71    587.85
  607.67    578.19
  621.90    559.85
  933.90    872.67
  729.54    672.06
  620.19    582.30
 1029.80    998.04
  599.58    586.93
  631.65    607.00
  870.08    792.95
  768.81    702.25
  591.79    530.70
  695.33    685.72
  599.62    550.83
 1338.82   1298.16
 2486.68   2357.67
 2154.61   2049.67
 2481.48   2169.69
 2610.03   2499.37
 2625.81   2461.97
       p2p2       
 KB/s in  KB/s out
 2383.55   2350.89
 2609.82   2168.61
 2329.98   2161.04
 2457.88   2034.88
 2975.70   2691.66
 2523.03   2285.16
 2350.63   1981.75
 2471.48   2161.79
 2531.67   2457.00
 2456.56   2202.88
 2591.64   2202.50
 2317.76   2042.71
 2688.02   2406.39
 2540.90   2288.80
 2675.73   2235.24
 2545.71   2344.72
 2289.03   2158.22
 2649.51   2409.69
 2518.22   2160.89
 2335.13   2129.77
 2874.10   2533.22
 2671.41   2422.05
       p2p2       
 KB/s in  KB/s out
 2499.58   2213.90
 2395.02   2070.00
 2577.42   2343.15
 2404.62   2309.77
 2421.42   2285.54
 2543.32   2442.59
 2309.19   2168.56
 2707.55   2482.60
 2565.34   2433.05
 2384.97   2193.35
 2718.32   2310.59
 2661.86   2336.07
 2498.37   2376.18
 2566.92   2289.39
 2296.50   2284.87
 2548.37   2323.08
 2368.65   2205.56
 2359.43   2326.34
 2482.72   2340.12
 2386.64   2318.49
 2339.65   2229.81
 2562.20   2193.25
       p2p2       
 KB/s in  KB/s out
 2293.78   2209.30
 2674.45   2364.58
 2538.93   2440.83
 2594.26   2385.63
 2520.94   2051.24
 2467.62   2217.40
 2595.01   2405.87
 2332.52   2137.97
 2453.64   2127.46
 2268.11   2150.94
 2185.70   2048.85
 2993.52   2644.56
 2574.79   2477.30
 2500.68   2307.75
 2647.82   2311.85
 2463.07   2245.36
 2267.07   1993.03
 2445.68   2322.40
 2300.13   2270.52
 2768.35   2501.53
 2412.94   2065.74
 2518.15   2293.53
       p2p2       
 KB/s in  KB/s out
 2574.34   2601.40
 2368.65   2221.10
 2356.94   2227.50
 2376.39   2133.45
 2644.92   2416.57
 2758.88   2498.31
 2546.40   2380.31
 2289.58   2184.79
 2448.37   2243.11
 2544.17   2330.21
 2394.78   2302.76
 2590.62   2476.17
 2483.91   2283.34
 2441.42   2159.89
 2590.43   2457.35
 2241.21   2114.46
 2397.79   2087.36
 2119.66   1979.76
 2337.44   2223.49
 3020.96   2709.43
 2119.31   1950.65
 2548.81   2278.07
       p2p2       
 KB/s in  KB/s out
 2394.36   2160.31
 2253.95   2068.76
 2557.62   2297.79
 2544.46   2537.00
 2317.07   2196.39
 2357.60   2213.64
 2241.87   2201.55
 2265.07   2246.37
 2434.16   2452.17
 2734.54   2323.25
 2485.78   2322.05
 2376.35   2160.57
 2472.52   2142.66
 2421.54   2259.31
 2540.21   2368.69
 2340.00   2013.30
 2442.32   2292.96
 2205.62   2057.08
 2439.15   2341.14
 2537.04   2218.52
 2470.28   2209.64
 2357.73   2182.22
       p2p2       
 KB/s in  KB/s out
 2474.32   2244.85
 2173.96   2034.37
 2778.50   2512.60
 2554.11   2555.19
 1879.74   1511.41
  769.12    605.53
  850.77    740.06
 1011.51    806.13
  935.66    752.01
  884.29    752.95
  855.79    784.80
  613.10    569.70
 1418.77   1492.81
 2515.76   2394.10
 2696.88   2477.48
 2173.27   1978.64
 2395.21   2302.62
 2133.08   1894.41
 2820.07   2456.54
 2350.13   2187.56
 2428.27   2004.39
 2259.52   2182.60
       p2p2       
 KB/s in  KB/s out
 2584.03   2410.17
 2499.06   2169.57
 2698.38   2626.45
 2252.54   2280.23
 2194.02   2139.76
 2486.69   2174.29
 2482.08   2242.04
 2580.77   2306.09
 2588.11   2430.46
 2125.13   1966.80
 2548.91   2252.62
 2319.50   2162.14
 2309.09   2036.86
 2488.89   2245.57
 2272.97   2203.28
 2625.69   2367.50
 2837.07   2758.12
 2309.16   2067.47
 2361.77   2220.24
 2257.13   2360.95
 2312.38   2037.53
 2429.54   2138.28
       p2p2       
 KB/s in  KB/s out
 2490.67   2047.59
 2629.16   2478.31
 2348.54   2248.76
 2375.44   2069.76
 2395.67   2249.22
 2539.57   2293.08
 2189.27   2206.91
 2567.50   2532.93
 2371.88   2330.22
 2377.46   2064.47
 2576.01   2385.88
 2538.83   2354.32
 2548.51   2332.88
 2521.63   2324.70
 2247.33   2127.42
 2086.06   1943.65
 2501.80   2193.68
 2419.81   2297.49
 2782.70   2448.62
 2352.47   2058.43
 2632.85   2431.12
 2313.65   2143.15
       p2p2       
 KB/s in  KB/s out
 2309.92   2221.42
 2329.74   2210.30
 2451.58   2685.44
 2259.05   2028.68
 2612.03   2401.24
 2561.41   2373.34
 2421.60   2189.11
 2413.54   2073.76
 2693.77   2469.13
 2611.55   2374.20
 2334.76   2327.22
 2293.84   2213.76
 2420.52   2398.33
 2247.11   1857.27
 2795.48   2592.01
 2471.29   2377.52
 2288.83   2169.72
 2533.92   2305.97
 2575.06   2321.53
 2414.29   2079.19
 2588.25   2332.55
 2389.83   2242.10
       p2p2       
 KB/s in  KB/s out
 2071.57   2055.05
 2491.23   2522.73
 2474.03   2302.54
 2364.59   2341.96
 2602.16   2319.55
 2312.36   2097.00
 2534.65   2339.80
 2577.83   2458.41
 2338.20   2218.82
 2381.35   2081.81
 2272.02   2341.25
 2438.84   2165.78
 2362.17   2037.37
 2188.60   2000.47
 2564.81   2173.98
 2301.30   2029.12
 2518.67   2246.42
 2626.36   2474.66
 2346.51   2098.33
 2334.82   2014.16
 2212.93   2245.07
 2437.11   2229.08
       p2p2       
 KB/s in  KB/s out
 2497.14   2317.47
 2661.66   2515.12
 2673.33   2443.27
 2319.14   2160.34
 2437.87   2234.36
 2355.20   2124.46
 2522.62   2357.22
 2715.80   2474.17
 2164.90   2075.33
 1965.43   2072.25
 2574.62   2263.09
 2476.44   2385.46
 2377.46   2398.71
 2651.02   2468.25
 2634.16   2369.21
 2273.75   1997.62
 2508.00   2262.45
 2656.52   2527.80
 2247.37   2051.99
 2531.34   2429.56
 2627.94   2398.94
 2188.01   1938.15
       p2p2       
 KB/s in  KB/s out
 2698.75   2461.54
 1960.20   1626.92
  809.37    588.01
  980.74    794.60
  730.50    600.97
  919.44    722.80
  671.83    596.41
  673.54    639.70
  521.73    526.93
 1904.36   1907.15
 2857.59   2933.72
 2412.61   2482.41
 2367.02   2309.05
 2545.28   2587.73
 2236.49   2057.20
 2586.78   2235.19
 2395.29   2479.54
 2556.12   2161.53
 2470.01   2085.78
 2834.74   2810.39
 2513.71   2131.53
 2293.94   2223.41
       p2p2       
 KB/s in  KB/s out
 2533.60   2156.22
 2343.27   2141.39
 2313.31   2053.75
 2278.90   2228.75
 2263.97   2236.78
 2534.98   2345.84
 2445.07   2136.53
 2248.60   2198.12
 2581.91   2243.86
 2148.96   2027.56
 2502.66   2251.00
 2313.80   2153.00
 2458.06   2155.35
 2810.13   2536.87
 2135.55   1893.76
 2172.67   2264.58
 2580.02   2280.29
 2651.90   2425.10
 2143.88   1817.97
 2671.07   2505.81
 2757.67   2584.14
 2480.11   2179.20
       p2p2       
 KB/s in  KB/s out
 2498.65   2352.71
 2207.56   2279.62
 2497.28   2303.17
 2418.27   2336.46
 2600.88   2422.41
 2059.69   1879.02
 2351.40   2140.74
 2427.05   2205.84
 2270.64   1833.44
 2370.16   2224.46
 2631.73   2475.18
 2461.57   2435.10
 2212.91   2194.95
 2558.24   2310.85
 2600.40   2444.59
 2551.21   2313.27
 2746.99   2398.55
 2262.80   1999.18
 2360.78   2013.07
 2266.93   2151.92
 2146.35   2171.24
 2547.36   2416.62
       p2p2       
 KB/s in  KB/s out
 2354.26   2017.14
 2578.19   2324.77
 2371.45   2140.06
 2390.76   2191.10
 2447.08   2232.16
 2563.99   2449.37
 2322.23   2076.18
 2435.25   2336.33
 2979.58   3012.17
 2132.14   1807.10
 2802.04   2634.83
 2517.96   2322.25
 2146.83   1863.86
 2988.66   2918.22
 2332.13   1985.46
 2260.62   1981.60
 2824.55   2525.52
 2271.56   2082.86
 2391.70   2234.83
 2852.04   2656.45
 2065.78   1802.48
 2179.09   2115.55
       p2p2       
 KB/s in  KB/s out
 2380.09   2287.82
 2108.89   2040.60
 2529.09   2445.51
 2711.63   2499.48
 2306.43   2191.16
 2546.39   2182.61
 2522.91   2369.11
 2200.22   1907.77
 2403.45   2146.75
 2566.29   2245.10
 2438.89   2344.13
 2376.70   2046.65
 2362.07   2249.81
 2268.83   2279.09
 2424.20   2211.69
 2308.08   2059.75
 2459.95   2143.92
 2835.93   2455.30
 2490.41   2281.53
 2327.75   2436.32
 2440.46   2211.65
 2333.07   2354.68
       p2p2       
 KB/s in  KB/s out
 2502.20   2313.25
 2417.23   2244.51
 2384.39   2019.32
 2465.17   2223.40
 2310.92   2257.03
 2673.59   2152.08
 2590.42   2368.87
 2417.64   2036.58
 1972.92   2103.32
 2439.81   2343.19
 2422.74   2234.65
 2543.24   2391.80
 2257.47   2005.33
 2387.60   2294.03
 2582.63   2539.58
 2512.02   2254.37
 2363.32   2261.79
 2512.28   2331.19
 2568.95   2278.90
 2660.08   2465.89
 2679.44   2465.64
 1574.60   1260.05
       p2p2       
 KB/s in  KB/s out
 1089.39    794.63
  897.91    703.57
  954.42    768.46
  778.21    611.06
  756.50    705.93
  709.88    705.75
 1119.57   1090.84
 1658.80   1714.28
 2856.89   2857.80
 2643.82   2561.81
 3103.16   2958.28
 2610.29   2444.45
 1868.18   1533.56
 2426.17   2172.39
 2884.50   2779.91
 2548.37   2614.81
 2541.51   2366.04
 1905.05   1673.30
 2289.40   1867.57
 2563.31   2451.93
 2774.39   2661.68
 2807.92   2678.80
       p2p2       
 KB/s in  KB/s out
 2352.72   2340.47
 2046.85   1990.46
 2427.33   2181.99
 2667.89   2469.87
 2510.57   2260.97
 2327.88   2180.75
 2357.07   2115.56
 2092.42   1904.41
 2759.18   2421.12
 2520.55   2272.08
 2623.67   2566.28
 2540.26   2433.68
 1994.26   1959.45
 2370.17   2139.60
 2168.17   1878.09
 2726.21   2685.53
 2499.79   2179.16
 2444.16   2198.98
 2381.58   2278.86
 2321.39   2083.67
 2579.12   2403.77
 2622.17   2511.43
       p2p2       
 KB/s in  KB/s out
 2269.48   2354.26
 2572.69   2260.48
 2425.19   2309.70
 2022.87   1878.46
 2538.12   2372.41
 2460.56   2376.02
 2612.19   2375.07
 2224.18   2083.14
 2341.30   2228.54
 2682.37   2654.08
 2333.92   2239.78
 2524.66   2468.80
 2417.63   2118.32
 2247.95   2053.45
 2546.22   2423.75
 2481.82   2216.77
 2864.01   2457.36
 2328.35   2302.66
 2676.44   2283.44
 2225.40   2037.18
 2625.60   2383.18
 2382.76   2199.38
       p2p2       
 KB/s in  KB/s out
 2375.75   2259.68
 2641.62   2540.41
 2504.48   2382.41
 2213.13   2100.41
 2490.63   2250.58
 2342.92   2009.69
 2431.84   2243.14
 2356.56   2079.41
 2488.98   2291.84
 2538.00   2388.63
 2189.40   2179.17
 2379.94   2424.80
 2375.97   2063.19
 2359.99   2035.65
 2673.40   2460.05
 2411.83   2125.21
 2538.45   2340.16
 2696.03   2446.17
 2371.44   2177.57
 2394.79   2044.14
 2390.30   2188.97
 2496.72   2332.18
       p2p2       
 KB/s in  KB/s out
 2441.72   2344.97
 2469.28   2323.29
 2441.77   2230.51
 2447.31   2287.82
 2422.99   2380.48
 2729.11   2233.89
 2393.13   2190.69
 2653.49   2411.59
 2493.23   2256.06
 1981.79   1992.20
 2691.63   2500.98
 2366.31   2081.76
 2765.07   2372.41
 2485.79   2160.61
 2372.52   2140.42
 2413.12   2157.69
 2438.56   2243.45
 2289.42   2274.48
 2449.53   2105.96
 2127.43   1857.57
 2343.72   2098.23
 2359.34   2127.18
       p2p2       
 KB/s in  KB/s out
 2396.13   2251.97
 2551.18   2412.62
 2510.99   2189.84
 2359.24   2377.21
 2354.00   2247.33
 2400.44   2149.39
 2686.65   2355.54
 2372.21   2221.40
 2430.68   2170.01
 2479.35   2326.61
 2534.38   2367.21
 2401.86   2067.73
 2551.35   2168.16
 2356.48   2234.12
 2282.32   2124.46
 2394.05   2084.74
 2484.89   2409.05
 2396.54   2249.39
 2062.02   1989.25
 2775.22   2519.03
 2796.67   2611.23
 2037.45   1806.52
       p2p2       
 KB/s in  KB/s out
 1076.38    928.55
 1019.47    755.06
  809.00    582.15
  940.77    735.18
  566.13    490.67
  777.41    769.88
  607.96    571.50
  608.83    580.89
  763.86    773.15
  655.99    642.85
  516.20    520.85
  643.83    615.67
  783.16    816.96
 1412.27   1198.73
 1382.03   1352.36
 1653.30   1864.03
 3094.79   3368.41
 3292.45   3271.58
 3313.56   3007.35
 2904.79   2808.87
 2598.24   2387.50
 2365.91   1986.44
       p2p2       
 KB/s in  KB/s out
 2172.27   1722.74
 2346.48   2011.74
 1879.35   1827.88
 2022.40   2210.50
 2824.47   2860.63
 3143.35   2848.71
 2903.68   2615.32
 2402.65   2224.41
 2462.62   2245.82
 2071.91   1851.64
 2241.48   1921.05
 2641.01   2509.22
 2558.73   2462.95
 2388.03   2263.46
 2519.47   2215.52
 2309.37   2158.35
 2368.44   2035.22
 2249.62   2065.77
 2634.34   2459.49
 2561.60   2377.82
 2269.98   2094.53
 2529.20   2154.68
       p2p2       
 KB/s in  KB/s out
 2533.52   2307.99
 2233.12   2144.00
 2553.71   2283.30
 2246.73   1998.25
 2207.22   1979.00
 2094.56   1832.21
 2448.90   2286.04
 2941.70   2695.11
 2491.52   2338.86
 2637.39   2333.48
 1963.04   1873.95
 2384.62   2387.72
 2562.93   2172.51
 2514.99   2328.57
 2548.44   2258.09
 2460.31   2240.26
 2407.84   2321.59
 2445.81   2245.46
 2256.66   1988.16
 2539.63   2374.41
 2224.88   2122.24
 2208.81   2136.78
       p2p2       
 KB/s in  KB/s out
 2577.69   2278.45
 2526.58   2293.83
 2486.34   2163.69
 2287.43   2033.39
 2212.00   2142.12
 2358.65   2068.42
 2506.16   2167.27
 2387.85   2278.11
 2619.78   2391.57
 2372.76   2409.40
 2396.14   2176.92
 2366.33   2144.02
 2516.85   2172.83
 2522.03   2130.04
 2374.01   2080.16
 2215.70   2139.22
 2373.49   2375.68
 2542.53   2186.98
 2416.44   2266.88
 2499.33   2297.52
 2353.03   2131.56
 2525.87   2425.58
       p2p2       
 KB/s in  KB/s out
 2391.17   2315.25
 2395.89   2159.16
 2334.17   2181.60
 2438.09   2262.83
 2441.49   2146.30
 2418.04   2198.88
 2365.91   2200.29
 2506.19   2337.93
 2245.37   2010.26
 2236.75   1910.11
 2206.66   1953.55
 2375.16   2353.55
 2331.06   2215.15
 2236.10   2126.08
 2343.51   2031.62
 2499.55   2262.03
 2473.19   2389.20
 2530.70   2392.24
 2576.56   2324.35
 2506.69   2310.52
 2544.64   2280.51
 2446.71   2336.95
       p2p2       
 KB/s in  KB/s out
 2362.31   2381.57
 2203.07   2189.34
 2459.46   2335.82
 2545.66   2280.86
 2287.70   2178.06
 2292.32   2042.05
 2568.54   2458.52
 2305.48   2146.18
 2458.58   2058.13
 2373.43   2311.53
 2495.40   2436.42
 2626.74   2362.08
 2252.97   2051.31
 2514.75   2297.20
 2309.52   2243.57
 2481.25   2179.84
 2804.62   2478.59
 2461.20   2331.07
 2276.53   2195.78
 2377.52   2304.83
 2351.12   2294.12
 2686.59   2424.36
       p2p2       
 KB/s in  KB/s out
 2829.57   2594.37
 2449.48   2003.88
 2304.36   2139.15
 2447.72   2311.26
 2014.07   2017.76
 2278.06   2014.05
 2698.82   2309.96
 2548.45   2501.85
 2330.18   2209.00
 2484.06   2252.89
 2410.11   2240.69
 2533.78   2237.91
 2380.57   2234.92
 2167.64   2163.81
 2653.72   2412.05
 2498.00   2214.86
 2392.58   2116.45
 2505.95   2261.93
 2489.36   2280.83
 2363.50   2086.15
 2396.98   2198.75
 2549.05   2187.09
       p2p2       
 KB/s in  KB/s out
 2091.92   2215.91
 2388.24   2387.98
 2721.40   2347.06
 2290.79   2119.99
 2617.37   2247.70
 2336.20   2215.95
 2486.69   2236.59
 2437.89   2198.01
 2254.95   2052.92
 2180.87   2156.28
 2247.96   2265.16
 2538.72   2475.45
 2628.52   2221.75
 2747.34   2588.80
 2544.48   2290.58
 2393.87   2319.59
 2513.17   2418.57
 2600.10   2208.17
 2619.14   2345.17
 2230.14   2116.81
 2294.12   2186.80
 2432.23   2248.46
       p2p2       
 KB/s in  KB/s out
 2540.87   2184.91
 2150.66   1974.67
 2403.30   2011.93
 2233.02   2112.93
 2629.63   2478.47
 2294.76   2263.45
 2478.47   2130.13
 2513.09   2484.21
 2535.90   2499.69
 2122.07   2212.28
 2594.45   2296.10
 2306.57   2011.33
 2625.42   2425.33
 2552.33   2373.44
 2562.45   2308.83
 2193.92   1910.55
 2466.56   2167.32
 2376.74   2116.69
 2562.20   2415.93
 2218.71   2203.22
 2305.99   2098.23
 2335.41   2125.26
       p2p2       
 KB/s in  KB/s out
 2412.02   2276.63
 2657.22   2515.33
 2594.37   2395.68
 2334.55   2102.11
 2305.54   2096.10
 2551.63   2205.27
 2273.68   2268.80
 2348.72   2497.41
 2820.53   2450.92
 2441.11   2269.76
 2621.48   2377.46
 2483.20   2457.06
 2317.79   2285.04
 2228.62   2315.86
 2521.02   2252.49
 2695.34   2392.35
 2343.27   2143.62
 2525.23   2250.63
 2429.53   2213.67
 2260.54   2142.05
 2710.17   2329.81
 2659.54   2605.98
       p2p2       
 KB/s in  KB/s out
 2503.06   2392.46
 2423.09   2312.83
 2589.68   2217.75
 2174.92   2321.41
 2356.45   2201.45
 2366.22   2229.27
 2332.81   2084.14
 2319.91   2117.26
 2609.39   2324.78
 2406.03   2297.59
 2501.47   2307.52
 2307.37   2094.87
 2337.85   2008.37
 2481.86   2220.25
 2166.08   2135.46
 2488.98   2481.15
 2232.49   2023.53
 2617.24   2322.17
 2503.65   2229.08
 2447.79   2466.71
 2429.17   2283.98
 2438.44   2266.66
       p2p2       
 KB/s in  KB/s out
 2280.55   2142.48
 2612.46   2269.93
 2039.25   1822.55
 2491.67   2439.87
 2504.69   2180.34
 2588.76   2336.68
 2419.02   2075.28
 2503.33   2395.46
 2316.56   2100.84
 2310.98   2154.09
 2480.40   2135.76
 2376.87   2304.92
 2432.59   2541.99
 2577.03   2541.96
 2462.24   2312.54
 2321.30   2142.80
 2332.67   2087.24
 2372.82   2152.62
 2524.82   2294.11
 2289.81   2213.06
 2592.72   2399.22
 2394.15   2200.62
       p2p2       
 KB/s in  KB/s out
 2323.23   2299.04
 2477.48   2241.36
 2589.52   2197.83
 2322.04   2064.80
 2584.26   2171.14
 2264.05   2162.49
 2414.73   2202.57
 2523.58   2394.80
 2723.43   2470.30
 2462.45   2150.36
 2236.82   1927.70
 2456.90   2166.98
 2170.77   2166.72
 2331.35   2458.04
 2437.52   2102.80
 2258.36   2128.76
 2468.86   2349.99
 2188.67   2052.86
 2605.82   2378.59
 2578.35   2141.35
 2553.85   2351.92
 2334.42   2087.57
       p2p2       
 KB/s in  KB/s out
 2383.66   2221.62
 2529.32   2379.11
 2448.85   2235.32
 2258.42   2079.97
 2367.14   2069.89
 2673.56   2447.59
 2575.56   2372.15
 2222.34   2065.20
 2608.60   2559.70
 2577.16   2235.83
 2365.03   2321.76
 2271.68   2212.97
 2608.88   2266.91
 2367.48   2214.45
 2625.24   2451.90
 2524.44   2355.22
 2554.61   2406.30
 2651.49   2483.05
 2406.29   2257.35
 2416.74   2159.75
 2520.28   2495.15
 2444.71   2310.66
       p2p2       
 KB/s in  KB/s out
 2433.45   2340.09
 2345.55   2139.88
 2663.04   2460.11
 3041.67   2903.94
 3172.72   3143.95
 3414.95   2961.35
 3278.28   3150.55
 2856.13   2570.55
 2726.78   2402.41
 2139.20   1716.92
  975.05    849.60
 1125.05    931.49
 1123.44    873.33
  793.80    613.65
  821.96    696.81
  827.56    782.63
  747.87    699.10
  606.26    585.84
  456.73    429.46
  555.51    559.45
  770.60    761.17
  715.01    720.13
       p2p2       
 KB/s in  KB/s out
  684.57    692.11
  683.62    670.52
  612.61    615.11
  764.68    768.10
  595.89    595.27
  694.98    693.14
  489.02    485.71
  661.62    663.91
  739.56    746.75
20446.83  14116.74
106712.8  67407.27
114465.3  83125.26
94502.15  63669.93
105276.1  70140.09
125549.8  74308.22
117792.2  88093.42
101391.4  65685.09
114279.6  79616.90
103681.7  66001.94
110482.9  73545.38
115888.4  88700.04
111438.9  65137.57
       p2p2       
 KB/s in  KB/s out
116235.0  71242.86
126369.3  88412.77
112484.4  66561.08
121968.4  77288.06
99935.66  65657.54
107374.8  68535.99
106900.9  72279.75
118896.8  77221.49
113339.3  83466.02
114956.7  65891.67
100196.4  59518.20
124034.2  91163.66
109519.7  84602.10
98526.02  65241.48
108613.3  76415.16
125421.1  91501.50
122954.7  88781.78
87009.44  66893.46
110993.7  71349.78
111277.3  78819.57
123775.2  73182.01
132126.2  87302.19
       p2p2       
 KB/s in  KB/s out
96408.88  49035.26
120053.2  73929.27
98583.59  58465.81
74055.24  60141.23
80021.63  58250.46
98294.89  63105.99
102607.3  60880.27
112375.3  81204.34
91464.88  68777.67
112544.6  73953.14
102815.8  65463.23
99412.59  73267.05
113115.6  82366.13
82629.40  51453.33
102450.3  72171.97
100735.4  62994.65
99749.32  67582.88
109450.5  80885.34
105479.2  66714.36
107340.2  80694.14
123488.0  76358.61
117337.1  69525.93
       p2p2       
 KB/s in  KB/s out
98729.06  64304.56
137048.1  100291.1
103761.8  74882.51
113337.5  70561.16
106575.0  68970.79
110437.8  71277.63
106217.7  76182.97
113916.3  83801.50
113040.3  76206.23
128197.6  87688.50
102198.1  65009.97
88269.74  50891.32
94815.89  60741.09
84401.19  62849.23
98882.73  63576.08
109475.5  81730.13
90394.09  59658.89
102141.2  62088.18
110491.9  78837.43
115059.8  78905.68
114383.6  73505.37
118513.0  74565.24
       p2p2       
 KB/s in  KB/s out
99563.29  62342.23
119583.2  77531.69
112639.7  70115.69
97393.17  57964.27
102572.5  79361.01
111129.8  66143.79
114208.2  87829.68
92997.30  68208.27
110750.9  71142.10
97638.53  76496.69
89305.34  54037.88
101569.4  55659.09
105767.0  74333.68
104949.6  68191.99
112410.7  78663.39
93380.73  45754.25
115687.7  86332.12
119757.4  87351.92
101246.3  49331.66
70762.76  47486.59
91733.96  58114.93
100696.8  70241.56
       p2p2       
 KB/s in  KB/s out
99965.55  60161.17
96770.66  70104.11
93843.63  61417.88
16727.01   8425.44
  890.71    749.99
  890.19    598.73
  782.53    601.72
  824.04    701.83
  740.71    722.70
  761.31    735.81
  667.99    629.98
125018.1  86584.61
90728.55  55830.51
106749.4  83290.02
105202.0  70954.86
119720.3  70968.64
102575.5  63194.81
111934.2  65970.91
95828.91  70108.62
103224.7  72838.74
104280.3  78644.77
110699.9  87089.02
       p2p2       
 KB/s in  KB/s out
100273.2  63561.20
101377.6  69120.88
115317.9  69991.40
103733.1  63011.60
119930.2  86548.60
123484.2  71989.45
100064.8  69881.48
96670.71  70215.63
105729.2  70185.26
90825.93  59725.16
90002.54  59522.35
104936.3  73458.68
96581.89  71170.32
118403.4  90455.41
88710.90  55696.39
123365.8  88062.36
97372.50  68156.80
122872.0  88893.32
81878.08  57388.80
139689.1  94255.21
99741.23  70151.13
100522.4  80225.71
       p2p2       
 KB/s in  KB/s out
96897.26  61537.06
117752.1  87949.89
86014.80  62753.59
125090.8  62898.43
105423.3  71031.33
118223.9  69172.63
100586.4  67770.82
115115.0  76889.87
108722.0  65243.77
107624.4  69118.38
130745.3  77574.95
101641.8  64025.13
122702.4  79709.39
112800.6  87599.31
102654.6  65068.43
106200.7  83819.53
96791.64  64892.39
94312.14  69979.55
107940.9  84026.40
108069.6  75440.23
98174.87  55609.21
104911.2  70394.54
       p2p2       
 KB/s in  KB/s out
98398.61  61766.15
104397.3  67747.62
116233.7  70170.98
86601.27  57367.29
104960.1  69180.01
125265.3  80486.43
91434.51  57710.18
119266.5  80867.17
118198.4  71073.93
94257.78  66044.11
122460.0  81505.68
110656.5  76675.73
97361.08  55548.22
107089.1  67124.14
95992.90  69992.35
111702.4  71374.10
78454.12  54023.98
111719.8  66388.81
105189.5  65852.36
107669.1  67084.22
124961.4  87650.65
108411.1  63865.62
       p2p2       
 KB/s in  KB/s out
117348.5  104755.3
123696.8  80163.41
96503.18  63059.79
81776.08  44516.08
112019.6  79674.31
105507.4  70788.21
102303.6  76546.31
103978.4  68067.81
99389.06  69886.29
102731.9  64437.51
107196.2  65298.20
116200.8  78460.52
109875.4  75761.30
122728.2  70964.32
103334.1  69434.74
78567.79  41352.20
100546.3  62809.86
92241.69  55751.67
123190.5  74058.50
111910.1  86362.55
109081.9  67674.92
101556.0  76505.03
       p2p2       
 KB/s in  KB/s out
105916.1  66909.92
99691.91  73835.46
118722.3  97097.47
129520.8  91213.70
95535.87  65177.87
113200.6  62568.53
88521.73  54225.78
117054.8  78007.81
92821.04  67354.98
90550.51  63900.71
104006.5  83821.21
100265.5  78769.98
100921.4  71319.69
99902.12  66187.14
115687.0  70476.63
95044.62  69081.98
110657.5  69114.12
102037.7  64456.76
90406.44  56485.52
93455.99  64674.23
97411.88  59670.28
113331.1  82408.12
       p2p2       
 KB/s in  KB/s out
36969.93  20200.19
 1153.47    928.96
  758.96    655.43
  854.54    727.30
  761.94    569.98
  682.20    517.28
  694.94    651.95
10021.38   4087.94
120967.7  75228.39
154636.2  90361.54
109361.1  84423.31
109767.2  84735.77
121568.2  70307.32
95821.64  64878.59
96643.04  66606.98
123746.8  85764.48
117422.8  75829.41
106604.2  86935.91
85539.95  48265.24
98624.99  66639.57
92929.39  49021.44
85280.23  45138.87
       p2p2       
 KB/s in  KB/s out
105314.2  63613.11
139222.2  83410.72
99492.73  72173.66
93505.72  57742.65
103270.4  70784.64
118648.9  64144.21
109479.6  65835.06
102250.1  68612.48
114530.6  66179.50
100913.7  70366.34
108047.0  68561.69
97716.97  80737.01
101170.0  66807.17
100675.7  78838.17
111564.7  80362.48
115393.4  77820.85
127047.3  89389.01
114884.9  80703.83
100424.6  65017.80
107299.4  81161.56
129590.7  80289.59
111249.3  74090.26
       p2p2       
 KB/s in  KB/s out
87632.83  58420.93
129853.5  70399.78
137234.4  97948.73
107236.1  63635.18
124543.1  93295.67
106556.0  80745.72
104322.9  72886.09
109246.6  72749.66
122233.2  95468.38
115422.2  74427.63
123218.3  75191.69
99355.36  65988.81
102917.6  73178.53
107404.6  68378.82
107142.0  72899.17
82326.28  53775.17
99354.17  81477.97
125215.6  83637.20
110089.3  79766.58
106623.4  78811.14
99662.96  66218.40
117045.0  72394.95
       p2p2       
 KB/s in  KB/s out
110342.9  83812.18
106172.5  69220.33
97060.94  66106.43
94650.57  66744.97
107804.4  63766.74
117005.4  81887.29
115851.7  72406.94
102420.9  69991.43
100006.5  61760.42
107437.3  69316.82
102080.0  76805.08
94216.36  66953.52
115517.0  84469.17
118009.9  70513.67
91748.43  66752.26
109850.2  77377.27
106948.9  76632.74
89243.43  64441.31
93571.14  65800.82
91688.08  61751.63
97153.14  77575.05
103484.9  69078.39
       p2p2       
 KB/s in  KB/s out
103766.1  70080.60
89123.74  60905.57
107103.0  64911.78
107312.4  59891.28
106696.7  70483.20
106524.3  71251.59
113432.3  69340.28
91583.16  49966.92
96939.36  61200.55
102418.8  71562.68
113860.9  77810.38
120860.1  79429.55
103733.0  64892.90
104742.8  74625.33
124388.0  99113.68
96587.06  62762.01
106952.9  62133.24
110126.4  59548.76
124051.1  80938.04
99894.63  64733.56
113317.8  78185.61
101781.9  58371.83
       p2p2       
 KB/s in  KB/s out
90876.88  50081.07
99381.50  79902.26
103088.9  66015.85
120967.1  72233.62
99185.54  58162.56
111707.3  71308.08
111635.5  67092.56
116656.3  75950.38
97019.09  64433.58
98658.57  69912.17
105086.2  70816.63
85601.60  52387.03
114559.4  88760.27
109791.5  70313.96
119597.0  75848.26
92946.51  73396.37
98474.99  55864.48
110491.6  61947.84
107698.1  86803.83
120448.8  76796.61
56845.05  41953.09
 1022.71    831.69
       p2p2       
 KB/s in  KB/s out
  941.65    699.86
  798.49    517.91
  736.90    549.14
  766.54    614.35
 1228.01    689.13
77467.02  51834.14
80387.34  43347.96
133839.1  91847.14
154476.4  102031.5
158877.0  119207.6
138169.8  92108.21
99982.61  66359.13
116499.4  72346.09
109788.4  75328.33
97351.52  66789.36
111128.2  62661.29
111221.2  70187.12
95924.55  58157.57
85873.77  50779.23
113222.9  82376.59
111393.5  75554.76
104286.5  80778.15
       p2p2       
 KB/s in  KB/s out
98420.65  52639.11
99799.23  65506.84
88024.60  55242.35
95045.99  60867.81
112348.6  82976.46
105145.1  70162.57
103464.6  59134.80
119582.5  70301.94
100972.9  76603.25
92621.15  68073.58
91274.81  59195.64
110592.4  73719.28
87102.67  72887.37
122058.3  87814.41
94367.70  55274.59
116291.1  70416.62
88214.76  69039.56
100140.2  62935.06
115360.2  62018.78
121141.2  95836.92
103221.2  82990.26
91514.28  66089.83
       p2p2       
 KB/s in  KB/s out
110708.2  87337.93
103473.1  74082.25
137283.1  106094.8
124523.4  94628.59
126295.6  77419.39
96264.06  65753.92
115166.3  84483.98
101212.1  75319.99
97772.43  76214.84
102882.0  58127.79
116229.0  86795.83
104122.2  74793.26
111620.6  73198.17
113862.8  67321.47
118549.3  77404.42
117810.9  70376.17
106627.5  71946.22
110403.8  63201.13
106515.0  68628.67
116051.1  62754.11
111283.0  79741.21
92152.85  66448.99
       p2p2       
 KB/s in  KB/s out
99440.56  82734.37
85460.05  50376.36
94606.85  63123.30
86930.34  62240.06
108694.6  75200.83
109293.9  69235.78
109609.4  77490.74
110087.6  77718.44
109764.5  85649.80
106426.9  67867.39
117687.9  79656.50
104589.7  74759.24
118964.3  77007.11
110732.5  77974.13
86249.89  54419.57
110052.8  78484.99
92499.45  55494.19
121723.4  71316.69
102718.8  59514.22
117384.6  61743.35
97313.57  59521.04
120468.7  91458.60
       p2p2       
 KB/s in  KB/s out
102950.5  78350.61
101741.7  52262.76
124689.4  74600.57
114530.0  73448.02
110855.7  83935.91
94167.93  61923.70
103863.4  67805.46
100160.7  59760.42
131483.2  90920.15
80434.75  53784.44
82651.52  54104.09
99880.45  70276.05
97662.67  67926.63
115751.4  67006.78
117744.4  83762.19
117988.0  68542.33
116823.3  75787.46
120055.9  77360.67
101097.1  59536.52
105828.0  73645.85
88956.08  60603.56
121184.8  76231.83
       p2p2       
 KB/s in  KB/s out
106848.0  80967.72
107539.1  79906.19
104926.3  76380.44
111065.4  78771.00
100539.7  62948.61
108390.0  65005.56
103244.1  59627.99
101549.2  79559.00
103689.1  81555.19
93760.05  61439.69
102980.9  51204.88
110128.6  71368.61
108237.9  83760.84
110462.6  69684.54
113830.1  80620.29
114791.4  71501.22
118085.3  78191.62
89017.05  69971.76
118795.6  78121.89
90209.47  78239.72
85112.24  58961.08
105747.8  70976.28
       p2p2       
 KB/s in  KB/s out
100944.9  73786.44
126958.9  80278.02
104019.2  64583.73
100596.7  65883.01
97914.72  58500.43
87895.13  49242.92
109189.5  70255.30
117008.6  74446.76
99643.55  59564.20
102243.2  71618.72
107594.2  73441.73
111797.4  80589.72
106153.8  59925.78
110189.9  78824.24
95664.52  58266.25
104664.0  72248.32
107160.3  62970.40
92788.48  57788.24
102267.5  74111.79
99862.74  60386.71
101234.2  65019.90
95635.34  63656.36
       p2p2       
 KB/s in  KB/s out
107842.2  82857.52
103839.9  74643.88
124506.3  98092.76
101142.7  69096.68
109118.9  69562.87
95878.46  67767.47
95892.35  85605.68
118094.6  64076.39
98078.28  68987.69
95141.04  68488.43
94333.52  60475.91
102318.7  62457.74
100659.9  53286.11
106818.8  76703.34
104245.9  72679.59
106763.4  74019.31
112951.4  68145.59
87436.93  57464.74
106241.4  65609.20
92454.48  64968.69
107142.7  63251.54
104968.6  68316.06
       p2p2       
 KB/s in  KB/s out
107429.3  67422.16
113320.4  70178.46
96637.22  56434.46
111138.1  77145.82
95117.58  54386.27
87208.27  62438.42
96074.48  70580.92
105122.2  76542.10
124520.6  78372.71
110876.0  74541.02
124654.1  82629.83
98502.95  59262.80
86147.22  64539.58
115395.7  70141.11
84496.91  52634.72
80646.67  51085.73
104913.0  63832.08
120375.9  78438.58
117263.7  77582.48
101699.8  66754.38
110185.1  67999.66
107731.8  71200.05
       p2p2       
 KB/s in  KB/s out
91016.24  69969.74
120665.0  73622.58
116691.8  84820.73
111654.8  72438.51
111606.7  74525.64
106304.6  69374.93
94844.60  66030.83
90372.17  61380.77
116685.4  73148.20
94988.24  72492.53
111311.2  68366.88
117122.7  78664.95
89598.13  64361.02
115061.9  74809.31
90130.79  68747.20
100832.6  57332.87
100611.1  79341.57
122983.6  90798.46
120606.6  78898.88
94773.36  56640.43
116394.4  78069.26
95434.87  66089.48
       p2p2       
 KB/s in  KB/s out
111355.1  83874.11
95636.75  48685.41
118092.1  77481.15
106615.1  75562.19
104441.0  67930.16
108443.2  76373.31
109017.7  79224.23
112112.7  74447.44
130628.9  77658.44
94548.23  57188.44
88184.95  64965.84
91723.02  54319.65
112054.0  81008.72
101904.8  83231.66
119713.0  79517.27
101983.9  67176.16
89669.44  50139.87
110163.5  74505.19
107492.2  76755.45
103877.4  78085.93
111034.0  69254.64
102474.3  64293.27
       p2p2       
 KB/s in  KB/s out
104907.0  78520.99
101937.7  61258.47
113333.1  80351.16
108297.5  76420.42
109320.6  70474.21
91959.43  56427.41
98719.76  68079.07
87153.84  53520.96
122739.0  73950.98
110248.0  76846.73
138831.8  83150.55
110764.8  85286.34
97292.60  65689.62
84378.76  56320.00
118795.9  76054.48
112735.2  77505.24
111584.2  72330.97
106691.2  62988.10
101583.9  65722.14
91655.63  66408.17
96593.79  73242.13
97578.22  70565.43
       p2p2       
 KB/s in  KB/s out
105432.3  61015.17
113674.0  76285.52
104680.0  68991.75
93743.26  68185.12
105694.4  66831.65
105750.2  63237.16
119562.6  79021.50
98391.76  70108.70
87068.30  49531.60
103480.4  63752.33
93208.05  54320.32
100547.4  67289.16
110576.2  68921.93
94571.08  71249.06
100470.0  73795.53
109519.1  75537.30
120383.2  72102.60
118327.5  78699.43
119200.5  79814.21
108036.9  84001.15
113071.9  68554.79
85114.94  58578.98
       p2p2       
 KB/s in  KB/s out
102155.0  52437.50
106847.3  61745.37
115480.4  92937.23
104993.3  62371.13
134973.6  91008.56
117128.3  77495.93
106854.5  81196.07
107706.6  68681.10
116664.6  89024.65
102157.6  76914.44
96209.43  61048.71
102050.4  69445.82
121349.7  92366.78
96606.89  54371.90
102957.6  81782.21
101063.9  66053.66
101015.3  78231.29
118321.0  80575.10
114352.3  82740.08
127878.6  84360.46
114638.3  72188.22
86574.60  47512.19
       p2p2       
 KB/s in  KB/s out
112561.7  73273.69
102005.3  70254.98
34585.13  31897.42
29514.70  18304.86
 5235.05   5107.81
  890.57    591.32
  835.20    741.02
  595.41    509.27
  868.84    800.09
  642.55    635.75
  747.98    723.08
  431.06    421.24
11642.51  10099.46
 4098.83   1674.93
 1902.02   1960.62
 6980.64   3294.12
 7865.87   3460.08
80803.04  41749.30
227967.8  145173.5
198426.4  127153.8
213962.6  150451.0
144123.7  101585.8
       p2p2       
 KB/s in  KB/s out
174840.2  110759.8
119007.2  79171.74
92755.12  64087.77
74321.08  50814.88
85844.34  48656.63
62827.46  40053.19
57986.05  29544.11
60599.44  39551.08
148155.9  112379.9
191216.3  147019.2
144789.5  87898.75
114389.2  59907.63
96353.41  61547.89
83906.23  53591.78
72560.87  48351.43
84485.20  60483.20
105950.4  78071.89
114418.1  70033.57
92346.36  70634.77
134391.5  96279.43
132558.0  97797.71
112382.9  66890.07
       p2p2       
 KB/s in  KB/s out
99356.41  66371.50
142794.0  98607.68
99455.84  62310.20
79024.68  44325.24
94038.18  60056.50
78785.91  60739.83
92463.26  57439.65
118617.9  94713.79
135555.8  93939.59
141918.2  91703.40
101695.5  60742.25
91931.77  52444.15
108310.0  69985.44
91388.79  58667.72
90633.53  65410.95
138231.7  104685.1
97961.00  80697.59
128232.2  78310.81
91316.90  56945.10
92208.60  71190.02
100792.8  60338.71
86542.47  50056.72
       p2p2       
 KB/s in  KB/s out
73316.88  44855.01
125167.0  86807.93
126977.7  84273.56
88980.82  62993.78
112801.4  75881.40
108041.8  74400.48
90482.35  68252.37
104964.5  64843.50
95170.03  69128.35
98430.60  49255.13
104792.6  57445.91
105687.8  70431.41
72620.59  48973.31
104170.9  65391.15
117106.3  70182.66
119351.6  90623.73
146213.1  82751.39
115857.5  71204.24
98774.77  48445.17
95331.09  64172.47
89593.98  45791.40
123484.2  89428.12
       p2p2       
 KB/s in  KB/s out
126048.2  82849.64
114336.5  67882.72
115778.9  85635.82
118029.4  70241.18
79659.33  46327.08
105329.5  78097.65
99293.68  70563.58
87332.37  60216.30
111701.9  75665.41
104472.4  74940.40
109571.5  77018.86
121841.5  87635.85
108665.9  83471.62
135080.2  73884.95
109607.1  62709.71
98221.14  67953.47
98621.42  70231.06
109214.3  74754.60
82029.45  54508.72
112806.0  73980.97
107651.3  73048.58
114797.6  73209.05
       p2p2       
 KB/s in  KB/s out
114928.1  75479.89
109212.9  62096.73
120877.8  86080.11
103473.0  68920.10
93894.84  68303.42
91704.08  68875.13
101885.3  71014.04
113147.1  81096.48
118436.4  80529.04
117207.7  72184.19
97354.20  71085.47
108222.8  77744.09
95272.84  59077.74
83415.59  59552.43
76653.68  49265.86
118978.4  90272.58
96043.03  70067.14
111967.9  76454.41
116947.4  93219.87
120522.7  64356.99
126637.5  74596.29
110046.2  77547.86
       p2p2       
 KB/s in  KB/s out
85690.54  54512.77
102080.8  79467.01
96109.79  64036.43
75394.04  56355.68
93148.17  57379.92
110574.6  78375.55
111722.2  66175.01
120888.3  79696.80
116915.7  78832.78
94569.04  59058.47
103536.2  64903.93
88180.69  53288.24
92409.75  70087.27
93638.87  65328.25
109467.8  62385.51
109333.6  75067.45
131572.0  102157.6
122335.6  75606.83
97174.56  67925.69
117847.6  79437.53
92333.44  60863.63
89575.98  69940.49
       p2p2       
 KB/s in  KB/s out
89969.57  51622.46
92728.03  65821.47
88309.79  56637.88
110055.0  74544.33
110270.2  72975.96
123771.1  88336.41
124601.8  77528.70
111009.2  55542.47
97729.65  61298.54
106592.1  81920.12
88389.11  58497.93
89808.07  67232.20
110227.7  78360.24
98645.64  59483.38
117314.1  75178.94
108867.7  85955.73
92158.05  56448.01
116586.0  58086.70
94594.61  60707.86
102821.5  81740.75
108170.6  58492.71
103641.5  75831.66
       p2p2       
 KB/s in  KB/s out
101902.5  76603.87
108890.6  68809.34
137578.8  90546.29
105000.3  60417.64
120405.8  72582.25
94375.26  66865.00
94651.60  60665.39
106195.6  65637.75
70011.37  46591.67
84874.76  61412.16
97057.45  53211.64
102983.6  64658.42
97172.02  62535.04
114218.1  79485.96
122757.0  75993.76
108858.5  85217.02
123681.1  74552.40
101863.4  79070.72
107558.1  75805.37
98906.87  59231.18
94127.13  56310.42
122047.5  82868.88
       p2p2       
 KB/s in  KB/s out
93904.33  74673.98
100484.5  58545.42
120704.3  86090.50
108899.4  70471.20
103607.1  66647.45
114316.2  71332.07
104071.6  68052.33
87912.47  49762.14
109835.7  76247.89
101209.3  68970.89
113913.2  68093.59
130044.8  63239.79
110235.6  77479.75
126363.5  74586.89
100938.0  63985.60
83479.42  44924.38
91123.08  54404.51
97246.28  66080.76
96619.51  62862.31
101059.9  55091.84
128149.5  104253.3
124236.2  71843.57
       p2p2       
 KB/s in  KB/s out
132856.5  81325.16
92266.68  57528.40
99173.48  66313.55
94090.60  64203.16
93600.90  66293.83
93948.24  62252.52
103877.8  71454.62
102608.4  70697.12
101096.1  59707.20
120083.0  80398.29
112112.8  85065.57
118241.1  76290.78
84282.25  58854.48
107236.6  60319.18
106557.4  73433.76
80139.90  59601.52
97849.22  64347.21
105072.4  73278.76
136186.1  85223.85
120644.7  69581.60
116989.8  72369.44
109070.4  70561.72
       p2p2       
 KB/s in  KB/s out
103286.6  59988.16
89588.86  66379.85
101713.5  63797.07
86556.23  56203.38
89289.68  55310.28
90128.58  54977.63
109145.2  64588.88
126194.8  90138.43
109297.6  68089.01
97302.58  59492.55
90512.97  49416.32
91564.18  64146.60
86629.64  54208.18
85345.33  64312.70
100817.1  68292.56
113796.7  71139.95
131642.3  88431.27
112482.6  82934.96
102140.0  55502.14
124830.9  80589.78
86061.83  64612.09
102407.9  67734.17
       p2p2       
 KB/s in  KB/s out
106573.9  78365.06
90769.82  54820.42
108798.6  69422.67
102381.6  65765.57
117495.0  75370.72
136073.4  90637.91
124014.3  64668.51
111866.5  83989.58
122107.5  76899.81
77037.79  50280.66
84454.84  61062.12
82702.58  39636.65
57983.94  43662.86
89965.10  74006.75
112387.9  79073.59
128899.2  94962.46
129834.3  80691.00
124986.4  72224.14
113403.9  81266.34
99359.84  67180.06
106112.8  80733.60
101177.2  61509.20
       p2p2       
 KB/s in  KB/s out
115279.2  68004.39
96947.43  57989.34
95006.73  58870.08
118540.3  82815.59
88847.22  56905.72
107089.6  69452.32
108733.6  81751.37
110788.2  48898.68
93016.99  64803.10
93960.20  63260.84
89040.01  54731.51
93414.39  59880.17
102165.3  53218.77
132339.5  101112.7
125768.2  82933.33
133487.6  90823.31
99717.67  72308.98
88305.47  63375.20
72656.80  30284.29
87869.04  67690.33
75429.15  49775.58
119466.3  75457.14
       p2p2       
 KB/s in  KB/s out
134135.4  84650.50
159582.3  107129.3
128513.2  86382.28
103491.3  69390.78
116261.5  70541.83
111554.1  61874.61
150178.9  101205.6
150908.3  101480.1
130208.8  70448.36
107797.7  56655.53
107646.9  71007.02
123803.7  81168.32
115240.5  77658.53
101618.1  68826.17
57519.93  34859.22
13484.97   6851.40
 2211.85    878.77
 1056.32    714.06
  837.92    657.86
  645.34    574.13
  817.70    781.82
  755.65    741.77
       p2p2       
 KB/s in  KB/s out
  580.39    567.40
  532.52    519.61
  631.27    620.87
  750.21    751.52
  720.77    721.96
  765.54    762.49
  616.96    624.02
  620.66    617.71
  590.81    570.08
  790.07    807.41
  846.74    788.50
  858.99    821.55
340049.3  212326.8
476231.0  289133.6
416508.2  210154.9
439238.3  244544.6
463442.8  296138.9
441369.6  289783.0
471965.2  292512.7
523697.4  330425.1
557721.8  347806.1
480279.3  355243.1
       p2p2       
 KB/s in  KB/s out
487872.1  361828.8
407244.5  235290.2
460718.0  320792.0
482051.1  267827.5
473088.5  352108.5
520360.8  305109.9
429903.5  361994.9
434091.9  232887.7
468494.5  399924.6
471200.8  280798.9
466153.6  336351.7
466798.9  353719.8
471511.6  251143.5
426796.2  327089.3
445447.4  281139.4
481678.9  297112.5
462553.9  325453.6
435737.0  381844.4
485237.7  234044.9
421354.8  254446.0
447615.4  235073.5
495293.5  248250.0
       p2p2       
 KB/s in  KB/s out
468354.5  341119.0
494358.9  391287.7
506523.7  285068.6
456662.2  330733.9
393754.5  276092.6
395140.8  250990.0
426821.9  297738.6
464187.6  246774.9
473440.3  247536.6
394638.9  233053.9
428432.2  343044.6
361407.9  288924.2
368749.5  255089.7
444348.7  340642.4
418249.4  303536.6
416614.3  294663.4
453776.6  206584.5
439970.9  445798.6
449447.1  252066.1
461448.4  250045.7
415676.3  195520.3
482933.6  342236.1
       p2p2       
 KB/s in  KB/s out
466060.1  274123.7
415289.3  213697.7
467122.0  290310.8
458226.9  282979.1
510014.2  293620.4
409939.8  334288.4
433599.8  287764.3
424282.0  253727.0
400211.1  263235.7
409823.4  234343.2
416651.8  307036.0
424730.7  269426.8
477172.3  261798.6
462641.1  298604.9
422093.8  357256.9
460917.8  354124.9
461203.2  269944.6
389707.5  234649.2
417451.3  278950.9
457564.9  332038.6
419254.1  273726.8
422740.3  253731.7
       p2p2       
 KB/s in  KB/s out
375833.5  231367.0
449891.1  303894.4
447555.4  276886.3
105253.8  74605.19
356833.8  201446.3
467120.4  266091.1
510101.6  348151.1
480169.5  320267.2
483031.2  291081.3
470935.8  396464.5
401907.6  340721.3
425939.4  318351.1
492365.7  296838.0
478897.5  313042.1
422461.4  209636.4
478992.1  328515.4
406875.1  346474.5
386678.8  271648.9
508110.3  335385.7
478668.1  409427.0
329128.2  205986.5
457524.7  275567.9
       p2p2       
 KB/s in  KB/s out
417966.3  274777.4
420958.6  262918.1
444027.5  316493.4
424987.7  350210.2
427401.6  299975.9
413098.4  288453.2
427695.7  312185.1
428523.5  339082.5
430089.3  276653.7
430761.8  219141.8
429071.2  315594.8
406371.0  342924.7
415684.4  275675.1
365853.4  220995.2
332295.5  242963.9
314977.9  201604.4
120586.2  90130.12
14422.66   5208.09
 4484.11   6047.39
26504.17   7118.52
  808.39    662.57
  695.34    593.21
       p2p2       
 KB/s in  KB/s out
  714.68    656.14
312946.4  176623.8
440334.3  327565.2
455844.6  296474.2
517766.7  365887.2
467750.5  354205.1
481215.3  325128.9
494517.8  305982.1
453756.7  245984.7
492689.5  300236.9
447091.7  314402.9
460156.7  352410.1
498323.4  353546.0
390129.4  256737.5
371844.3  275365.3
394687.6  295681.1
320012.2  110690.5
313126.9  154902.1
531193.7  348428.8
405838.6  281223.5
451927.8  284602.2
496296.6  356654.5
       p2p2       
 KB/s in  KB/s out
311462.0  262242.8
498061.3  336787.8
485853.1  285133.9
436188.8  300359.4
403978.0  291263.9
386013.0  246148.4
423187.5  242376.9
386307.4  286270.7
415585.2  251326.0
402204.8  274499.2
382858.2  285952.0
390649.0  238960.1
414620.5  278169.8
453443.8  307030.3
413437.6  291297.2
357880.8  253661.2
376457.3  258363.0
396209.6  233428.8
388442.6  243968.5
363536.2  192868.7
433244.0  258989.8
436943.7  310536.0
       p2p2       
 KB/s in  KB/s out
443378.1  304947.5
499449.3  344151.1
454776.8  339070.0
471931.7  286004.2
487037.4  322924.1
443515.1  293937.2
415064.7  205630.5
417870.7  290937.2
514905.5  412870.2
471545.3  381509.4
429167.7  335002.8
397237.9  282266.7
487346.1  287031.7
430937.1  285481.9
430665.4  299582.9
402764.0  265917.1
404125.9  277747.8
456458.4  325691.5
456299.0  335826.0
423707.2  343692.6
483321.9  320670.0
447994.0  254060.6
       p2p2       
 KB/s in  KB/s out
503328.5  310774.5
477689.7  283579.8
473815.1  326707.4
484561.0  348712.2
338403.5  209087.0
410373.7  358146.4
388934.5  253443.6
400125.4  277549.5
403282.1  305427.0
394642.1  213499.2
452087.0  270226.6
437506.2  277968.5
371666.1  281574.5
369463.3  275446.6
459003.4  332402.9
400133.0  280210.6
440673.2  242098.3
424979.0  271294.0
406912.2  285315.0
496198.6  386425.9
456575.8  305882.0
458820.3  320018.4
       p2p2       
 KB/s in  KB/s out
471301.6  318854.8
412161.4  254637.5
427481.4  306804.1
447905.6  282451.8
428554.1  266558.3
423463.2  313566.9
429613.9  358556.7
432592.3  340102.7
458469.2  269085.3
409826.1  206535.7
444743.2  303699.2
423261.2  298599.2
416034.5  278485.8
413230.3  318416.2
448976.1  282469.2
416184.5  287843.4
294562.9  169530.3
305791.1  198601.6
366532.6  246634.0
425548.7  280919.1
470954.7  330698.4
479039.1  347763.6
       p2p2       
 KB/s in  KB/s out
309177.5  105937.6
410176.8  251449.9
423134.0  334492.9
406004.9  321311.3
442466.8  311568.6
397366.2  294213.0
434266.3  283264.5
387965.4  314763.3
417952.8  260909.7
413767.1  286813.1
461462.6  255013.7
441677.1  258106.2
413537.6  289076.9
427308.6  349646.2
442170.4  322349.3
413322.4  236157.3
419604.5  289887.0
484282.8  312672.3
432656.3  274347.7
370360.8  207248.0
450759.1  346549.9
395477.9  319806.7
       p2p2       
 KB/s in  KB/s out
435485.1  294429.4
447848.3  301297.4
357180.3  271864.0
203339.7  89642.99
108062.6  66623.07
142152.1  94725.77
95347.55  84982.18
 4536.88  10466.79
  664.78    533.79
  646.31    606.29
  765.87    701.10
  775.40    663.90
32087.85  10615.00
413846.5  338374.1
394069.7  275031.7
428675.2  238819.0
422640.9  272535.3
400005.8  270995.3
524261.2  359400.9
446037.1  310883.2
472158.7  305774.5
474460.1  315885.9
       p2p2       
 KB/s in  KB/s out
508671.4  332968.9
497646.9  379154.3
502314.9  346903.6
507325.0  346003.8
458193.6  318983.3
464977.7  291484.5
420573.0  295066.8
379066.0  271839.2
416583.0  310566.8
360537.3  235761.2
373305.2  240890.1
128636.2  86174.94
311081.3  206161.5
499320.1  315082.5
352567.3  239506.2
454061.4  342654.1
494276.3  327340.6
236339.4  196729.9
416719.4  315457.5
429117.5  323030.9
421346.9  266445.1
443178.2  253384.8
       p2p2       
 KB/s in  KB/s out
466942.3  279693.1
438235.6  292946.3
422284.8  311402.4
402361.4  262190.2
386489.5  262848.8
454562.0  288881.5
430256.0  271177.9
500432.2  351137.7
497122.6  366582.6
448863.2  330975.0
472179.3  351926.2
438272.1  304413.3
440132.0  290363.4
481145.1  282135.0
489129.3  377592.5
441904.8  324943.5
368227.8  263829.6
430252.0  283412.2
479475.1  301387.9
459502.1  291185.3
443484.3  302371.9
429106.7  270567.9
       p2p2       
 KB/s in  KB/s out
426899.2  251777.2
486354.5  326457.6
441774.8  280258.4
420893.0  333958.1
413208.4  311505.1
323111.0  218812.5
350452.3  282935.0
380148.6  263028.8
404641.4  223092.7
447768.6  318397.9
401356.1  278432.9
491244.1  315964.0
497725.4  338462.3
481957.9  278894.5
487630.8  325960.7
480356.4  290897.4
380634.6  181124.1
393519.5  251369.1
468089.4  301332.2
459788.5  322046.8
452595.4  317560.9
414327.4  271478.0
       p2p2       
 KB/s in  KB/s out
345998.3  200945.0
459114.9  280551.8
430818.3  369846.9
485889.3  360023.5
381256.2  264998.3
301907.0  211079.3
174575.5  116658.7
451640.4  289214.2
464148.4  266364.5
351168.7  176800.6
362148.6  203098.4
482959.2  320632.7
481031.9  341648.1
454202.8  369143.0
453606.5  382327.3
386848.2  217881.9
501807.5  368174.6
437347.2  372076.7
406226.0  287117.8
183642.4  132869.8
432188.6  288646.7
492841.5  313906.4
       p2p2       
 KB/s in  KB/s out
496394.3  336738.1
473138.5  252031.9
425831.7  382423.4
482588.0  337436.7
432460.1  341913.2
427906.6  250570.5
339379.1  201838.8
352343.8  233078.8
514632.3  400554.8
296347.0  184850.1
500082.0  362828.1
431071.4  382153.1
345241.3  218144.5
371133.1  214770.2
362640.2  234530.8
525494.1  347230.1
391083.5  227291.8
349528.4  100291.5
161681.4  83363.84
403843.6  275227.7
455805.0  337294.3
279113.0  160100.9
       p2p2       
 KB/s in  KB/s out
263472.0  136999.1
80634.90  40214.76
205547.1  131227.2
315838.2  224008.5
253735.6  170907.0
428095.4  305303.7
420033.1  242142.0
472124.5  276305.8
473898.7  330982.1
479705.0  384140.8
484272.4  342883.8
497082.8  340319.3
523827.1  350711.3
460695.7  316821.2
464525.6  285095.1
483524.0  288624.6
479889.4  277953.7
493563.5  351169.8
504700.1  375936.8
478082.0  343707.6
438297.1  283280.2
460138.7  280528.9
       p2p2       
 KB/s in  KB/s out
392094.9  261653.8
436034.3  311950.9
432462.9  241737.6
330315.0  132875.8
495814.3  330969.4
436117.9  323978.8
417633.2  245599.8
476939.9  330705.2
458465.1  344920.2
473685.4  335991.7
494530.7  353627.6
351579.4  233812.1
340815.9  233814.8
422894.9  316182.2
405195.6  315215.7
494395.4  362530.2
431888.6  291060.8
399678.2  272435.0
488248.0  324141.7
437139.4  307232.2
438466.6  321451.9
407709.3  285664.3
       p2p2       
 KB/s in  KB/s out
457088.2  340995.6
446816.9  298614.7
467497.6  297150.9
423699.1  282685.1
382284.5  254364.0
346619.2  184915.6
376788.4  222404.7
233213.7  117766.2
417509.2  266059.7
465525.2  308629.9
298572.7  170728.3
409942.9  266900.5
433838.4  293940.9
428384.1  339369.7
455575.8  358068.9
446616.7  339449.7
469736.6  280894.8
482327.8  344854.0
437212.6  313867.0
444932.0  315918.7
440234.0  301671.4
411829.4  242315.2
       p2p2       
 KB/s in  KB/s out
433748.9  317501.4
453936.2  333906.5
408507.1  292490.6
438154.7  291908.7
462650.6  306575.7
397407.9  230564.0
442803.8  265125.7
422645.8  244975.2
487850.2  308478.7
443681.1  308361.2
496962.8  371268.9
475939.3  366260.8
456069.2  291418.6
432560.5  243099.1
480961.2  331830.7
492151.9  301027.8
476526.5  317422.4
430205.6  248263.8
427308.8  211150.4
433853.4  236038.6
480832.3  380907.3
438444.2  344459.6
       p2p2       
 KB/s in  KB/s out
433422.6  307804.9
460290.5  296912.8
426762.5  264350.7
370907.9  239790.2
458670.2  310230.4
485435.8  321762.3
482373.8  346203.5
489596.6  336742.7
474553.8  358940.6
454258.1  273069.3
443977.1  305637.8
450959.1  298634.7
531378.1  334219.3
495142.4  346403.9
469551.5  327734.3
503668.0  278900.6
439435.7  282798.8
473427.3  318144.5
440497.2  306816.0
383173.8  262888.8
400984.6  248287.0
430018.7  302934.5
       p2p2       
 KB/s in  KB/s out
414217.6  285568.7
388036.5  270294.4
338483.8  205390.6
226344.4  95555.90
210917.0  83133.96
409262.3  249373.1
376938.2  205609.9
409550.0  263493.1
397004.2  291672.1
400310.4  301083.2
296786.4  221911.9
417741.6  281820.3
399736.3  286150.2
425225.9  313324.0
488205.1  355596.3
452488.4  354339.5
438717.9  335585.8
421828.3  312745.1
471853.4  284148.4
456187.6  287794.5
427548.4  272148.6
457375.1  331056.7
       p2p2       
 KB/s in  KB/s out
460497.9  307424.0
421004.1  245579.8
453924.6  311308.2
460955.8  338861.5
484175.7  337579.7
421495.8  273853.6
316994.9  173359.2
324950.2  227976.8
373072.6  219022.7
436252.7  358904.5
450949.0  364218.1
404594.5  253272.8
418031.7  246723.5
392810.2  238432.3
430639.5  298030.6
299602.4  140400.9
321753.1  182554.3
475788.6  284304.6
450459.3  336317.8
369451.5  212073.8
337901.5  195616.8
461735.2  356568.1
       p2p2       
 KB/s in  KB/s out
462257.2  348273.1
450376.3  294786.6
465793.9  283982.0
482306.9  298243.8
451959.3  297911.8
348662.0  227452.5
373902.4  250390.7
450555.1  280732.3
442289.2  324273.2
440747.2  342924.5
408634.9  309202.0
420838.4  278807.9
435774.6  237192.7
392839.8  267751.5
166823.0  50600.66
288307.7  163924.6
416162.2  317235.3
461751.5  326119.4
466660.6  288710.9
427522.6  258462.5
455031.6  298336.0
471310.3  328426.6
       p2p2       
 KB/s in  KB/s out
459128.0  303718.1
434679.5  270898.7
430081.3  248986.2
456518.5  328388.3
447687.2  349756.1
390297.8  294962.2
452439.4  330784.0
486646.2  359059.3
471161.3  334255.4
410253.2  269757.8
465306.3  305296.1
458231.6  293890.2
406922.0  246448.4
346753.5  229999.2
477100.5  313734.2
480718.1  289503.9
481320.6  335444.5
463572.6  352782.0
445737.3  301541.1
422731.7  255392.6
400562.0  247452.1
444968.7  253727.6
       p2p2       
 KB/s in  KB/s out
485207.4  351564.6
470003.4  300362.3
442865.6  297723.6
450501.2  254036.6
449702.8  287612.0
444910.2  313144.8
382426.5  245325.8
382264.3  294938.6
257466.9  202009.1
481678.7  309084.2
211562.9  161293.3
15801.83   7493.32
  833.40    644.54
  755.10    567.86
  987.21    794.43
  747.47    594.61
74051.78  50264.79
346818.1  208827.9
273904.1  227782.6
280828.6  185698.4
384372.7  285185.6
338194.5  219514.3
       p2p2       
 KB/s in  KB/s out
327971.8  240787.0
277766.6  176823.6
303484.4  192630.7
388361.5  240834.2
510996.6  314702.7
537406.8  357225.8
354041.4  123311.4
89035.30  35281.56
393362.0  238106.9
419876.7  259229.5
483547.4  390277.8
429738.7  277828.8
252967.6  179094.6
505880.3  324961.5
459372.1  306868.6
527209.1  365555.8
459919.1  292990.4
475892.9  334682.4
477107.5  329657.8
496923.6  301895.7
490293.9  290911.3
479397.2  364145.6
       p2p2       
 KB/s in  KB/s out
232216.7  54009.57
451201.3  354381.6
242390.7  140542.4
357043.9  182645.3
179023.2  97687.96
469013.6  321516.8
475417.5  385428.8
466379.7  275288.1
502893.8  353044.7
500029.9  369933.6
477107.2  322977.1
454941.9  290124.9
512009.7  344033.5
412726.9  217378.0
516649.2  268745.5
184341.2  106401.0
462461.0  310694.6
365072.0  285658.1
309006.7  161712.2
453006.3  375015.5
321895.7  177497.9
108440.0  45503.67
       p2p2       
 KB/s in  KB/s out
148659.7  86274.49
125987.2  72920.37
207654.7  121242.8
147957.6  82246.59
485700.0  318577.7
459472.8  438888.9
455663.5  320156.2
483884.9  303827.2
487226.9  343204.5
328746.1  265164.9
106177.8  70025.12
175928.1  119811.6
444181.8  284775.2
481943.1  280202.9
515324.7  331769.3
474840.4  325356.4
448987.2  314449.7
515575.5  331736.2
467141.2  300049.2
531881.3  337635.4
490621.0  345960.9
495427.1  304898.9
       p2p2       
 KB/s in  KB/s out
455891.2  323119.6
484848.2  317377.7
479105.6  281863.1
456866.2  206642.8
429158.4  254202.5
294324.0  202118.3
403463.2  266624.7
470051.8  333700.2
439642.4  293575.0
436571.1  300809.9
394772.1  209969.4
360353.0  232629.4
344440.9  156681.3
181888.5  108984.7
177717.3  108698.0
51921.90  34167.48
162634.4  108775.4
324830.1  262105.2
437148.8  285738.6
137882.4  124312.0
288673.7  188148.9
508665.2  349773.1
       p2p2       
 KB/s in  KB/s out
480251.5  361072.4
407111.8  236918.5
492078.8  288630.3
419245.7  329643.4
435435.6  290731.5
474024.4  314959.4
293675.0  174102.3
470517.1  277119.1
428907.2  299244.6
403168.8  237376.7
315544.5  211678.4
38224.99  24445.93
150905.8  90403.54
410147.2  302298.8
381959.0  281266.3
245598.3  173658.3
497332.6  374699.2
483405.9  366032.1
479430.8  358513.3
424207.2  331683.9
448378.8  339244.9
366169.8  259760.2
       p2p2       
 KB/s in  KB/s out
413197.7  295351.4
401007.0  261367.9
506693.7  394181.8
303905.0  199311.4
448864.8  302730.6
448485.5  314040.5
445405.3  322675.8
431944.0  290702.1
324648.3  160962.9
476926.0  338172.9
494340.0  362421.0
382027.9  231673.9
419747.9  277769.1
426873.3  266390.9
442163.2  310993.9
271754.6  225314.6
285391.7  233206.3
258002.5  194234.2
247188.2  166352.6
186810.1  165292.9
161829.1  97504.89
259622.3  174671.5
       p2p2       
 KB/s in  KB/s out
356408.2  195196.3
359962.6  251830.9
442201.3  296654.7
548260.5  356655.2
487659.1  360566.3
517982.1  341491.5
475288.9  325369.4
472958.2  232701.1
466613.1  365321.5
473908.6  307446.1
453849.3  282995.3
414452.1  233677.6
255150.4  126057.3
343380.6  188381.5
310667.5  206546.6
325546.8  196774.2
256539.2  131183.6
119521.5  84122.26
262560.0  155882.7
84529.03  58439.08
311098.6  204402.2
39114.56  23964.69
       p2p2       
 KB/s in  KB/s out
224694.9  157347.3
343382.9  246573.2
484217.5  359373.0
486232.1  348644.5
453577.7  334113.9
486664.8  304514.3
424872.9  205994.7
429164.9  265649.9
502990.5  306338.5
442500.9  245593.4
446240.6  301472.6
436338.5  288423.5
345728.9  233935.8
393265.9  246546.6
461105.5  303455.0
448093.0  315587.9
410007.9  294396.3
343102.0  204412.9
391031.9  341133.9
232682.2  205855.7
484993.8  355282.5
452812.4  324188.7
       p2p2       
 KB/s in  KB/s out
388713.5  282195.2
479947.1  319111.9
498556.3  300242.8
477730.5  320702.5
405754.0  252321.5
256079.6  171535.4
197566.4  136800.0
481802.5  339680.0
341385.0  255506.4
472339.1  376688.8
509118.7  380300.2
491672.6  348721.9
455502.1  328487.1
482211.8  322120.5
373736.3  254294.5
492400.7  319721.9
369255.7  264795.3
489281.3  341113.4
473476.6  326801.1
444843.0  309076.3
475813.9  331115.0
374352.2  178071.3
       p2p2       
 KB/s in  KB/s out
322157.4  220226.1
293134.9  160085.1
360729.3  248266.5
495130.5  347917.1
507901.3  423756.8
479465.1  308255.8
521083.2  344149.8
544950.9  368204.8
503084.9  370023.5
522464.6  330072.6
524792.2  311208.7
453562.3  322644.5
464288.1  328223.0
481223.8  351761.5
459926.9  335957.4
450861.8  331240.5
477295.5  367502.5
489270.4  368216.3
459434.8  338304.3
407557.9  295401.9
459314.6  333448.3
535932.4  348021.8
       p2p2       
 KB/s in  KB/s out
484520.8  356162.8
445741.5  330449.6
432222.0  284939.4
476955.7  303707.5
345316.4  271771.1
280050.0  190147.0
455063.0  297507.3
493609.9  326638.2
221839.1  117254.1
500999.3  302993.8
401521.4  298554.5
489165.7  329941.9
495593.3  311954.9
469243.5  316890.0
451499.4  315094.1
488176.8  305044.0
328767.1  258568.2
171581.1  163649.8
393677.6  295619.9
364014.6  261725.6
454135.0  316548.0
407955.3  269629.3
       p2p2       
 KB/s in  KB/s out
474161.3  310097.0
422924.5  288368.0
401728.2  261169.4
436207.5  302983.8
417756.1  277307.0
386187.0  277272.5
370510.2  247086.8
318409.3  199086.9
340146.6  183989.6
283136.1  167928.8
239407.9  131983.4
211876.0  121306.7
343727.9  234359.5
310034.6  179952.8
339921.5  258855.4
499282.8  329593.4
491890.5  338373.5
527031.5  357128.8
518691.9  348319.5
434871.0  292618.3
154278.3  90345.61
411951.1  276530.4
       p2p2       
 KB/s in  KB/s out
394012.2  271774.9
396909.7  280673.4
442495.7  293361.1
517478.7  325766.0
495493.4  339392.0
454822.0  306199.1
475181.7  312966.9
459377.5  299139.8
492999.9  335358.1
457722.0  285029.8
452565.2  314033.2
459541.3  293951.1
431636.3  285260.9
412261.6  262540.0
466206.7  309505.0
504831.2  320869.1
520916.2  333436.4
440160.9  261821.7
443727.6  282294.1
351073.8  221311.0
332798.5  172575.0
412166.3  254571.5
       p2p2       
 KB/s in  KB/s out
439171.1  303177.9
504931.8  327465.5
461259.6  281193.3
362173.5  219191.0
431901.4  319258.3
438690.0  285259.9
439130.6  287759.5
445572.1  297918.7
506184.9  306874.5
506663.5  290530.3
432727.7  305413.7
468924.4  317489.4
462241.7  303144.9
355003.5  251861.7
478037.7  330516.2
477106.5  328580.9
485441.4  320121.2
465013.4  295776.5
439612.4  284540.5
441839.8  294576.3
479637.5  310839.7
490418.8  337854.1
       p2p2       
 KB/s in  KB/s out
494257.3  298507.2
411780.4  288807.9
456850.9  355454.3
244677.1  195641.3
350862.3  237710.6
380741.7  248230.7
405345.5  274880.6
472699.3  279238.3
468784.1  284794.1
488067.2  274930.9
443271.2  241414.8
371482.8  188014.8
348385.9  177322.4
424198.2  222894.5
394906.5  322104.9
483820.3  342292.9
440138.3  314808.4
370882.6  264276.3
463844.5  313719.2
364210.6  266740.2
364781.0  276788.9
472200.5  274209.2
       p2p2       
 KB/s in  KB/s out
386619.6  296506.9
356417.1  300300.5
450879.0  271051.4
376842.9  294352.0
412747.8  290438.3
378205.3  252563.0
289596.7  199507.8
277223.3  191894.8
271488.6  184765.3
95499.22  64373.43
496390.8  352042.7
512865.8  314915.2
142950.6  119924.6
465972.5  335217.0
476266.6  299343.2
474695.2  333138.0
466464.7  362603.2
365732.3  266395.7
373055.0  279025.1
311334.1  200010.7
458260.5  298790.2
464399.4  320919.1
       p2p2       
 KB/s in  KB/s out
354218.0  199648.0
460752.6  297725.6
368333.5  221195.2
487294.7  309114.3
426804.8  255169.8
457021.2  296595.5
479471.8  307513.7
460849.7  301597.9
401705.7  255624.0
395875.1  214114.9
398187.8  267112.2
412958.5  312937.5
398990.5  285457.6
314439.4  225268.6
167566.0  109890.0
76689.50  47549.04
25080.87  12129.50
 1148.68    800.55
  968.54    763.10
  738.61    546.63
  606.22    597.67
  751.40    656.38
       p2p2       
 KB/s in  KB/s out
  706.64    593.40
  763.15    755.53
  689.29    657.97
  443.35    447.05
  631.91    626.78
  509.84    520.02
  598.54    585.81
  688.58    709.92
  715.44    699.85
  669.68    661.54
  577.32    594.23
  679.98    670.97
  798.66    766.98
  523.12    515.25
  517.99    526.83
  406.17    409.17
  630.28    635.87
  752.52    749.99
  482.07    488.21
  474.93    490.43
  872.10    860.20
  844.39    851.86
       p2p2       
 KB/s in  KB/s out
  461.79    454.38
  638.75    658.48
  542.64    522.32
  606.79    604.20
  834.05    843.90
  462.01    454.35
  656.25    659.56
  577.83    570.75
  647.79    653.37
  684.56    686.48
  781.20    776.38
  599.79    607.94
  610.83    604.33
  531.16    531.07
  677.07    679.85
  919.36    922.52
  704.20    696.59
  490.73    487.82
  481.11    487.19
  539.48    532.78
  644.30    644.83
  747.87    757.49
       p2p2       
 KB/s in  KB/s out
  527.23    526.27
  525.50    519.55
  525.19    522.96
  674.27    672.75
  629.32    628.24
  715.43    729.68
  647.93    637.54
  648.17    650.49
  529.14    525.64
  562.92    572.40
  759.85    751.63
  722.90    717.94
  689.13    697.61
  457.89    451.75
  570.65    578.61
  642.21    634.39
  885.90    894.70
  541.36    530.61
  672.73    679.51
  519.78    517.26
  665.41    668.81
  585.19    578.25
       p2p2       
 KB/s in  KB/s out
  706.02    707.32
  737.42    734.09
  657.09    627.44
  547.42    547.86
  559.68    560.48
  580.80    577.91
  757.85    760.40
  665.44    663.86
  629.70    626.68
  568.31    566.53
  423.28    430.30
  820.57    814.12
  569.16    576.51
  612.95    609.58
  421.19    427.92
  467.36    464.27
  654.85    656.19
  693.96    686.76
  717.54    710.64
  583.28    606.83
  723.28    703.96
  647.83    647.87
       p2p2       
 KB/s in  KB/s out
  630.03    629.32
  728.70    729.04
  710.29    707.73
  602.66    611.24
  745.41    749.98
  443.56    432.28
  448.56    451.40
  718.18    711.88
  649.98    650.97
  680.79    686.71
  428.23    425.58
  625.13    628.50
  697.64    688.68
  720.62    725.18
  529.52    531.23
  382.01    381.55
  657.76    667.41
  744.20    730.50
  606.51    606.46
  556.62    555.06
  492.24    497.36
