       p2p2       
 KB/s in  KB/s out
  574.89    542.15
  607.52    592.06
  479.60    445.78
  463.73    465.66
  395.29    394.31
  586.68    596.60
  447.02    441.27
  493.11    470.80
  568.42    521.06
  659.49    614.14
  510.83    485.10
  481.03    454.22
  595.23    522.33
  625.24    560.72
  561.39    499.89
  660.07    641.02
  783.11    717.72
  606.16    543.95
  562.87    517.97
  580.45    520.27
  488.89    461.58
  542.08    544.98
       p2p2       
 KB/s in  KB/s out
  672.71    610.67
  669.66    581.41
  684.90    615.43
  743.05    677.99
  374.86    342.27
  761.40    677.15
  652.22    577.77
  671.59    653.31
  496.72    472.43
  488.51    442.00
  502.48    426.14
  639.69    546.60
  571.60    506.24
  582.07    540.53
  403.85    383.12
  409.69    380.29
  763.93    444.23
 1163.23   1431.02
 1456.82   1219.30
 1463.85   1117.89
 1185.51    870.65
 1475.18    961.29
       p2p2       
 KB/s in  KB/s out
 1574.93    977.17
 1335.97   1197.45
 1372.51   1280.39
 1016.13   1224.14
 1423.11   1249.04
 1459.17    999.70
 1366.81   1433.30
 1339.43    873.95
 1258.94    894.37
 1513.85    785.10
 1350.06   1190.55
  827.94   1191.99
 1364.76   1566.83
 1183.89   1176.38
 1337.25   1247.52
 1436.53   1120.37
 1199.61   1125.50
 1228.22   1198.69
 1429.95   1281.40
 1093.13    778.44
 1454.67   1319.89
 1166.11   1123.26
       p2p2       
 KB/s in  KB/s out
 1662.42   1141.13
 1281.73   1102.07
 1336.41    663.44
 1605.41   1247.93
 1479.70   1020.00
 1440.65   1018.48
 1707.54   1247.87
 1669.99    715.13
 1396.75   1002.25
  940.59    768.21
 1213.07   1062.75
 1552.35   1178.46
 1379.28    948.00
 1544.16   1088.56
 1032.68    968.54
 1506.65   1519.02
 1632.87    978.40
 1435.78   1092.17
 1396.36   1170.22
 1439.11   1134.69
 1490.55   1477.04
 1591.16   1369.93
       p2p2       
 KB/s in  KB/s out
 1376.36   1395.82
 1502.30   1324.34
 1581.96    992.45
 1460.24   1109.08
 1220.82   1267.83
 1253.39   1093.11
 1688.08   1255.43
 1437.83    940.52
 1447.40   1536.70
 1701.89    934.18
 1313.40    719.65
 1444.79   1369.11
  807.33    700.76
 1744.07    841.74
 1289.34    857.43
 1482.13   1471.98
 1267.18    959.64
 1819.27    935.25
 1071.66   1091.77
 1472.79   1573.36
 1122.99   1011.53
 1296.99   1192.60
       p2p2       
 KB/s in  KB/s out
 1635.31   1361.65
 1436.06   1518.57
  870.91    690.18
 1394.84    989.78
 1294.27    844.47
 1428.77   1338.83
 1457.75   1316.48
 1515.28   1044.15
 1294.45   1228.18
 1520.31   1141.76
 1406.62   1000.51
 1684.67   1292.48
 1557.02    939.61
 1406.71    954.68
 1474.20   1289.74
 1096.13   1355.50
 1462.94   1361.30
 1168.85   1287.99
 1240.65   1347.57
 1277.65   1207.50
 1308.62   1097.78
 1046.34   1163.32
       p2p2       
 KB/s in  KB/s out
 1781.93   1473.73
 1435.75    949.39
  636.72    794.55
 1457.64   1291.62
 1749.02   1187.47
 1807.94   1300.31
 1521.19   1124.32
 1191.84   1209.53
 1555.36   1236.47
 1542.66    900.00
 1748.39   1167.09
 1565.34   1380.57
 1377.40   1204.21
 1512.68   1465.55
 1179.94   1392.02
 1762.13   1052.43
 1814.17   1107.71
 1650.25   1449.13
 1613.12   1134.71
 1455.06   1169.37
 1745.34    849.69
 1473.09   1257.24
       p2p2       
 KB/s in  KB/s out
 1315.59   1241.06
 1225.42   1115.61
 1241.11   1331.05
 1333.46   1253.03
 1483.66   1340.82
 1415.74    856.53
 1632.11   1029.97
 1115.21   1221.65
 1798.00   1140.21
 1336.90   1159.53
 1321.17   1262.91
 1022.40    840.70
 1667.14   1512.44
 1503.74   1135.11
 1401.66   1271.96
 1821.22   1333.39
 1402.34   1099.32
 1484.03   1138.38
 1217.99   1150.89
 1573.96    833.04
 1561.65   1610.31
 1493.95   1558.15
       p2p2       
 KB/s in  KB/s out
 1345.54   1346.84
 1302.45   1393.74
 1382.40   1324.27
 1392.63   1604.68
 1410.75   1180.37
 1499.47   1402.17
 1337.11   1055.50
 1676.20   1207.24
 1418.54   1004.22
 1859.65   1110.62
 1577.33    911.94
 1362.40   1165.21
 1345.71   1455.00
  816.98    958.79
 1485.78   1701.04
 1128.68   1317.27
 1464.48   1181.90
 1711.87   1057.46
 1516.31    950.10
 1263.45   1400.53
 1588.59    989.79
 1412.13   1425.90
       p2p2       
 KB/s in  KB/s out
 1680.61    959.10
 1736.97   1088.20
 1171.42    961.51
 1621.46   1200.77
 1316.30   1110.95
 1233.38   1307.33
 1304.70   1265.34
 1480.72   1034.75
 1227.88    860.99
 1493.17   1563.73
 1288.35   1478.37
 1388.23    999.56
 1608.78   1589.49
 1317.67   1255.44
 1400.14   1074.24
 1300.16   1357.62
 1594.95   1638.15
 1308.85   1570.10
 2015.55   1105.62
 1494.83   1155.35
 1133.98   1074.99
 1395.26   1357.32
       p2p2       
 KB/s in  KB/s out
 1418.81   1141.65
 1286.02   1099.38
 1260.64   1124.20
 1650.35   1055.99
 1581.90   1522.77
 1323.40   1354.75
 1694.57   1372.93
 1395.92   1300.15
 1497.51   1302.14
 1415.34   1273.59
 1255.61   1130.22
 1121.62   1287.90
 1597.37   1476.78
 1674.60   1325.81
 1593.01   1148.80
 1412.80   1275.03
 1168.84   1039.84
 1823.24   1342.51
 1425.15   1249.26
 1637.23   1167.95
 1799.94   1314.72
 1183.29   1252.29
       p2p2       
 KB/s in  KB/s out
 1342.93   1436.06
 1830.49   1478.90
 1367.03   1332.52
 1593.11   1388.87
 1677.88   1367.50
 1939.48   1398.59
 1005.92   1141.55
 1530.28   1711.68
 1833.23   1252.03
 1245.44   1143.05
 1458.73   1333.51
 1777.67    904.04
 1059.67   1346.49
 1995.45   1294.94
 1694.90   1293.58
 1038.14    873.30
 1526.01   1268.03
 1437.37   1416.44
 1163.32   1128.47
 1466.87   1347.21
 1565.04   1208.44
 1673.81   1042.54
       p2p2       
 KB/s in  KB/s out
 1509.49   1494.46
 1521.63   1490.25
 1705.33   1234.81
 1510.67   1367.69
 1448.39   1271.42
 1662.49   1397.02
 1629.59   1172.83
 1925.34   1081.60
 1659.87   1390.19
 1429.95   1461.03
 1157.50   1359.68
 1649.27   1480.16
 1826.12    671.85
 1467.73   1060.30
 1522.25   1353.86
 1150.10   1100.03
 1074.15    977.71
 1725.15   1320.64
 1622.18   1236.15
 1654.52   1276.37
 1540.58   1202.57
 1548.56   1094.91
       p2p2       
 KB/s in  KB/s out
 1188.35    745.25
  640.17    634.28
  441.70    365.88
  563.41    509.70
  743.57    701.29
  683.59    573.42
  695.49    648.96
  787.75    781.51
  716.38    658.72
  668.15    637.85
  867.01    817.22
  670.88    620.90
  749.31    666.71
  772.84    692.70
  892.74    807.59
  780.12    747.50
  883.42    731.56
  736.15    589.33
  849.29    749.41
 1068.66    947.09
  656.46    610.85
  783.39    707.84
       p2p2       
 KB/s in  KB/s out
  836.74    681.92
  703.82    663.29
  659.31    626.10
 1003.54    969.52
  617.16    497.00
  691.02    623.32
  791.72    746.74
  876.51    830.17
  818.49    736.19
  690.39    613.05
  856.93    731.65
  699.37    679.34
  649.84    605.00
  766.44    703.71
  775.13    677.50
  895.32    738.19
  735.75    699.22
  630.20    570.52
  706.26    667.86
  904.22    823.23
  810.97    705.35
  667.61    594.09
       p2p2       
 KB/s in  KB/s out
  733.29    644.16
  787.53    697.60
  823.67    733.56
  742.23    597.99
  907.87    800.86
  766.15    710.92
  735.18    643.55
  799.64    720.70
  691.36    613.89
  692.30    657.84
  618.37    599.79
  573.30    488.95
  831.05    691.71
  862.83    717.58
  788.56    705.39
  716.86    634.74
  854.50    710.93
  997.38    782.59
 1123.17    854.74
  772.08    648.77
  916.56    678.91
  895.54    659.08
       p2p2       
 KB/s in  KB/s out
  790.71    649.72
  762.08    724.22
  854.77    792.49
  784.54    692.30
  775.25    714.12
  634.11    555.04
  888.46    831.00
  690.02    653.16
  749.46    659.55
  614.14    565.26
  870.87    734.03
  768.69    686.19
  862.94    807.32
  718.31    644.62
  896.71    845.97
  806.82    756.03
  771.19    674.81
  750.38    688.69
  763.21    741.28
  770.86    758.04
  728.02    611.39
  786.25    692.97
       p2p2       
 KB/s in  KB/s out
  725.70    725.05
  821.87    833.12
  652.77    621.68
  914.23    806.86
  656.72    589.28
  741.56    689.48
  953.40    872.33
  783.20    652.02
  819.80    674.54
  721.88    615.63
  697.86    679.33
  954.74    886.63
  727.19    645.94
  788.25    676.81
  793.42    650.62
  726.50    680.90
  666.75    592.36
  890.80    789.35
  777.42    671.18
  820.65    721.78
  808.72    735.20
  934.07    845.52
       p2p2       
 KB/s in  KB/s out
  723.64    744.21
  617.79    609.18
  792.72    695.51
  803.39    721.39
  855.36    760.47
  665.93    571.23
  695.60    600.69
 1058.80    935.83
  955.88    892.96
  618.17    523.36
  667.15    567.90
  972.13    893.78
  751.92    659.83
  812.82    771.14
  707.14    616.36
  587.82    463.95
  577.38    525.59
  577.03    530.98
 1285.46   1249.05
 1311.85   1170.12
 1375.69   1249.02
 1263.18   1192.79
       p2p2       
 KB/s in  KB/s out
 1372.86   1246.58
 1200.34   1132.64
 1343.06   1151.31
 1305.91   1088.93
 1435.87   1146.73
 1350.88   1256.74
 1204.86   1145.25
 1336.86   1284.69
 1442.82   1369.49
 1496.50   1205.58
 1405.37   1114.11
 1316.76   1128.55
 1307.95   1067.32
 1106.25   1059.54
 1253.17   1098.39
 1360.62   1174.75
 1185.61   1145.86
 1229.78   1222.76
 1153.35   1038.52
 1193.61    960.04
 1237.06   1031.83
 1191.58   1094.16
       p2p2       
 KB/s in  KB/s out
 1451.40   1218.44
 1229.78   1055.77
 1424.36   1193.52
 1492.57   1233.42
 1225.30   1249.11
 1121.17   1154.33
 1343.92   1267.50
 1694.55   1333.93
 1602.92   1347.32
 1222.31   1237.98
 1293.14   1036.17
 1522.16   1287.94
 1591.58   1451.23
 1241.68   1161.84
 1223.42   1123.84
 1290.60   1161.14
 1491.44   1331.69
 1604.77   1435.63
 1394.73   1096.23
 1301.36   1073.80
 1279.80   1108.23
 1271.10   1047.07
       p2p2       
 KB/s in  KB/s out
 1204.52   1079.55
 1264.41   1144.24
 1326.09   1291.14
  939.11    812.71
 1231.76   1090.38
 1340.90   1197.46
 1478.70   1138.32
 1403.60   1290.94
 1372.15   1286.49
 1411.77   1142.05
 1113.32   1104.21
  821.17    597.02
 1313.23   1225.73
 1410.13   1348.62
 1584.49   1460.86
 1368.43   1176.88
 1435.47   1204.90
 1563.64   1326.12
 1329.16   1200.57
 1399.90   1266.01
 1422.86   1262.07
 1349.11   1346.39
       p2p2       
 KB/s in  KB/s out
 1341.97   1189.46
 1253.38   1170.34
 1351.17   1219.64
 1387.88   1171.84
 1334.69   1202.13
 1095.48    927.41
 1057.12    934.87
 1350.42   1185.41
  971.17    765.24
 1337.91   1293.53
 1184.95   1209.96
 1153.81   1117.76
 1007.23   1030.00
 1269.70   1013.90
 1336.39   1114.44
 1338.94   1166.16
 1053.07   1036.85
 1498.70   1282.50
 1437.42   1212.69
  934.57    773.78
 1029.86    880.13
 1313.29   1119.01
       p2p2       
 KB/s in  KB/s out
 1785.74   1554.68
 1310.31   1203.39
 1557.21   1317.18
 1189.71   1082.87
 1317.68   1213.47
 1526.61   1380.27
 1743.50   1414.07
 1644.49   1354.68
 1306.96   1262.63
 1192.57   1202.99
 1487.91   1276.61
 1506.29   1248.70
 1513.03   1344.97
 1378.60   1360.03
 1222.59    999.17
 1177.22   1115.54
 1043.35    949.33
 1209.81   1124.15
 1353.99   1070.34
 1275.26   1247.79
 1122.91    945.76
 1311.14   1168.91
       p2p2       
 KB/s in  KB/s out
 1462.60   1230.29
 1350.52   1260.12
 1271.97   1084.76
 1147.50   1144.61
 1581.61   1284.67
 1289.98    973.48
  839.24    604.44
  703.81    517.03
  799.02    553.59
  671.56    445.32
  476.55    358.56
  565.16    503.22
  479.35    471.56
  800.90    678.94
 2626.83   2612.33
 2661.64   2266.05
 2802.78   2813.49
 2646.62   2399.19
 3025.75   2673.42
 2965.89   2748.26
 2722.65   2429.98
 2312.35   2463.46
       p2p2       
 KB/s in  KB/s out
 2423.95   2522.00
 2598.65   2262.93
 2788.94   2513.96
 2602.03   2228.23
 2419.04   2340.19
 2420.55   2133.00
 2745.12   2343.54
 2952.13   2782.10
 2290.75   2380.64
 2475.16   2396.67
 2704.76   2709.52
 2630.00   2489.84
 2712.10   2337.36
 2771.59   2524.60
 2610.78   2421.35
 2820.80   2533.96
 2753.40   2513.23
 2795.94   2560.52
 2766.62   2622.96
 2729.82   2662.96
 2601.28   2444.23
 2664.79   2610.08
       p2p2       
 KB/s in  KB/s out
 2911.01   2524.47
 2865.51   2587.53
 2813.86   2556.64
 2631.41   2510.74
 2964.42   2848.22
 3062.71   2707.54
 2716.90   2586.89
 2537.30   2279.17
 2333.65   2569.78
 2599.31   2268.31
 2637.11   2195.33
 2210.53   1933.52
 1404.04   1211.21
 2673.37   2500.05
 2343.59   2244.32
 2495.33   2281.72
 2590.38   2337.88
 2668.75   2627.38
 2472.95   2272.38
 2308.51   2409.50
 3031.56   2598.46
 3035.56   2506.82
       p2p2       
 KB/s in  KB/s out
 2473.49   2318.08
 2464.81   2466.73
 2780.15   2372.98
 2867.89   2443.50
 2987.29   2544.66
 2619.48   2475.90
 2690.72   2841.02
 2788.50   2842.81
 2879.35   2774.07
 2845.23   2555.34
 2616.49   2360.35
 2820.88   2510.91
 3003.87   2515.07
 3032.14   2746.06
 3101.70   2540.38
 2706.69   2440.32
 2570.53   2463.18
 2292.92   2531.96
 2900.41   2529.81
 2637.64   2231.52
 2190.85   2082.51
 2713.47   2671.35
       p2p2       
 KB/s in  KB/s out
 2609.24   2256.91
 2719.25   2336.73
 2575.17   2448.84
 2711.00   2604.29
 2781.76   2611.55
 2681.71   2489.40
 2496.36   2677.46
 2952.01   2539.15
 2456.44   2402.98
 2662.94   2509.68
 2857.80   2442.64
 2758.79   2624.26
 2733.95   2481.36
 2963.71   2829.13
 2873.33   2658.52
 3007.07   2819.16
 2612.07   2392.41
 2814.05   2837.53
 2767.00   2632.45
 2709.57   2608.71
 2933.01   2536.36
 3014.59   2512.55
       p2p2       
 KB/s in  KB/s out
 2904.94   2579.56
 2503.78   2386.51
 2805.29   2724.17
 2309.20   2245.28
 2469.44   2505.42
 2626.71   2341.07
 2333.55   2163.33
 2763.18   2600.75
 2653.79   2220.18
 2887.30   2571.50
 2689.01   2462.19
 2605.52   2657.41
 2471.92   2426.63
 2698.09   2433.83
 2917.60   2655.03
 2665.41   2439.32
 2401.56   2360.50
 2731.61   2463.31
 2912.49   2448.31
 2842.93   2482.73
 2626.99   2415.54
 2622.42   2595.35
       p2p2       
 KB/s in  KB/s out
 2671.59   2703.77
 2249.22   1952.32
 1012.32    609.91
  934.31    642.60
 1562.17   1513.56
 3044.00   3000.57
 3336.41   2704.98
 3494.94   3291.75
 3167.60   3038.29
 2833.92   3149.03
 3158.10   3069.81
 3369.79   3000.39
 3540.30   3125.22
 3366.71   3007.48
 3190.80   2859.04
 3323.83   3141.15
 3590.27   3219.02
 3254.87   3001.60
 3253.04   3157.81
 3068.94   2902.59
 3190.74   2925.79
 3328.88   3201.70
       p2p2       
 KB/s in  KB/s out
 3551.80   3172.55
 3426.67   3187.81
 3133.85   2921.23
 3153.98   3098.55
 2855.67   3053.91
 3284.87   2979.05
 3393.19   3198.12
 3178.73   3009.98
 3352.79   3306.37
 3422.29   3208.15
 3376.80   3304.62
 3252.96   3037.75
 3039.86   2791.95
 3241.93   3035.42
 3524.14   3306.69
 3389.91   3164.72
 3255.80   2884.49
 3001.13   2845.57
 3066.54   3056.88
 3336.11   3471.26
 3430.70   2897.28
 3166.14   2706.90
       p2p2       
 KB/s in  KB/s out
 3131.54   2824.33
 3206.94   2809.64
 3466.14   2842.84
 3151.66   2910.24
 3007.86   2755.81
 2911.37   2869.55
 3174.40   3084.29
 3583.28   3304.73
 3455.26   2978.99
 3154.08   3105.81
 3030.98   2727.01
 3374.23   3103.87
 3472.15   2967.75
 3114.17   2845.12
 3000.69   3043.93
 3100.80   2887.53
 3143.39   2965.92
 3464.34   3006.55
 3389.68   2787.67
 3245.71   2822.47
 3015.36   2891.28
 3216.47   2961.83
       p2p2       
 KB/s in  KB/s out
 3212.12   2877.12
 3158.21   2954.26
 3015.04   2818.65
 3100.27   3037.46
 3249.63   3223.08
 3145.99   2699.01
 3599.47   3000.24
 3155.69   2796.98
 2858.92   2676.74
 2992.80   2827.40
 3169.99   3064.44
 3404.80   2956.92
 3290.82   3070.04
 3020.63   2791.71
 3170.40   3117.15
 3359.73   2833.07
 3496.47   3320.12
 3267.53   3225.04
 2829.71   3058.95
 3031.28   2878.99
 3254.87   3005.57
 3517.35   3158.60
       p2p2       
 KB/s in  KB/s out
 3091.43   2873.74
 2984.01   2906.62
 3320.59   2823.01
 3308.55   2775.19
 3315.35   3047.05
 2779.10   2787.02
 3050.00   2765.07
 3149.15   2961.16
 3334.61   2976.76
 3405.29   2966.55
 3329.61   2981.90
 3002.69   2897.68
 3086.41   2884.91
 3379.80   3008.38
 3241.87   2914.45
 3054.28   2680.20
 2940.27   2881.33
 3239.97   2981.12
 3147.09   2992.70
 3134.12   3141.48
 3130.55   2874.54
 2908.67   2699.21
       p2p2       
 KB/s in  KB/s out
 3224.79   3028.15
 3237.41   2868.24
 3355.22   3034.17
 3058.22   2766.41
 2935.30   2882.16
 3133.59   2836.69
 3121.05   2793.47
 3374.40   2684.24
 2971.18   2880.65
 2952.22   3002.95
 2945.07   2898.12
 3464.90   3249.43
 3361.67   3118.59
 3172.99   2983.85
 1673.82   1537.83
  814.63    617.22
  921.60    543.89
 2320.03   2087.22
 3256.05   2961.82
 2935.51   2688.72
 3160.05   2787.30
 3558.19   3237.69
       p2p2       
 KB/s in  KB/s out
 3366.53   3127.65
 3277.03   3139.35
 2998.20   2895.19
 3304.66   3183.19
 3651.89   3254.39
 3612.99   3105.08
 3338.19   3259.48
 2886.11   2947.68
 3159.16   3028.65
 3365.24   3176.38
 3525.71   2923.61
 2960.00   2896.91
 3164.36   3107.54
 3446.97   3345.47
 3205.83   3022.80
 3401.12   3074.05
 3382.27   3117.99
 3126.20   2983.25
 3180.13   2818.68
 3262.21   2830.27
 3582.81   3125.06
 3265.94   2918.52
       p2p2       
 KB/s in  KB/s out
 3070.13   3005.13
 3403.84   3275.90
 3165.55   2970.27
 3223.80   3037.19
 3489.11   3194.36
 3081.03   2923.18
 3155.39   2921.66
 3342.25   2941.69
 3389.86   3097.18
 3129.87   2778.49
 3043.81   3101.03
 3390.59   3205.18
 3212.47   2993.54
 3245.37   2770.00
 3508.87   3044.16
 3115.02   3149.73
 3220.95   3220.32
 3313.64   2874.74
 3429.19   2723.89
 3051.73   2819.45
 3349.33   3335.78
 3165.44   2976.89
       p2p2       
 KB/s in  KB/s out
 3330.19   3004.39
 3642.56   3224.07
 3031.49   2880.95
 3089.11   3158.32
 3244.60   3190.66
 3457.92   3167.99
 3463.79   2977.78
 3143.94   2915.96
 3138.08   2835.66
 3194.56   2832.37
 3421.56   3021.46
 3462.25   3207.23
 2965.26   2728.07
 2971.73   2896.36
 2989.08   2798.63
 3467.90   3006.34
 3571.87   3000.74
 3190.31   2947.81
 2991.93   2960.03
 3008.82   2915.15
 3324.01   3148.41
 3331.72   3114.97
       p2p2       
 KB/s in  KB/s out
 3229.75   3020.13
 3210.21   3011.12
 3344.93   3114.37
 3441.19   2919.37
 3413.33   3068.36
 3054.15   2932.36
 3136.14   3103.75
 2894.91   2892.43
 3472.01   3060.56
 3369.35   3141.42
 3216.73   2818.61
 2952.43   2785.41
 3214.63   2850.15
 3393.14   2942.95
 3324.03   3139.14
 3017.13   2807.28
 3109.84   3048.70
 3185.63   2998.90
 3382.46   3037.00
 3110.90   2750.17
 3004.82   2693.01
 3068.41   2932.72
       p2p2       
 KB/s in  KB/s out
 3148.68   2889.26
 3400.41   2806.87
 3466.08   2924.06
 3061.00   2812.55
 2971.52   2725.17
 3280.08   3123.12
 3429.35   2887.75
 3103.34   3033.62
 2899.31   2592.80
 2800.52   2899.36
 3392.85   3220.14
 3408.90   2857.73
 3215.49   2939.64
 3177.29   3002.81
 2998.24   2931.23
 3033.26   2740.55
 3343.04   2972.22
 3607.65   3119.34
 2772.72   2775.05
 2951.02   2927.77
 3250.48   2935.85
 3436.38   3079.73
       p2p2       
 KB/s in  KB/s out
 3445.72   3240.96
 3169.78   2858.18
 2956.44   2791.85
 3351.30   2971.92
 3165.92   2972.29
 1647.94   1416.53
 1008.53    614.70
  705.61    569.60
  725.42    519.11
  778.18    532.45
  742.13    577.55
  571.60    458.02
  466.14    359.71
 1938.06   1799.78
 3116.87   3054.77
 3030.34   3043.79
 2966.94   3210.59
 2869.97   2861.26
 2916.45   2762.32
 3284.28   2991.33
 3666.33   3291.33
 3135.75   2791.54
       p2p2       
 KB/s in  KB/s out
 2939.99   2904.76
 3093.12   2748.47
 3084.09   2877.79
 3094.33   3004.75
 3183.65   2816.08
 2921.03   2766.07
 3056.54   2784.06
 3582.29   3159.71
 3420.25   3001.20
 3136.72   2906.94
 2974.68   2950.17
 3096.04   2484.94
 3323.07   2902.52
 2995.05   2629.84
 2985.15   3024.01
 2789.93   2677.53
 3002.78   2816.19
 3219.14   2923.36
 3322.67   2907.11
 2962.78   2762.08
 3209.60   3088.86
 3113.63   2900.71
       p2p2       
 KB/s in  KB/s out
 3067.13   2923.80
 3244.51   2787.63
 3014.02   2741.31
 2768.19   2883.94
 3015.55   2761.99
 3320.54   2726.51
 3254.32   2913.09
 3090.57   2937.10
 3084.11   2985.30
 3143.15   2676.59
 3169.74   2801.74
 2906.54   3026.15
 3127.53   2754.18
 3040.65   3057.58
 3028.20   2911.78
 3222.49   2699.96
 3295.52   3076.95
 3143.87   2979.93
 2817.93   2742.53
 3086.22   2915.83
 3363.37   3037.82
 2852.27   2926.24
       p2p2       
 KB/s in  KB/s out
 3090.61   2793.44
 2959.92   3045.53
 2856.63   2864.68
 3344.29   2854.38
 3410.15   2953.77
 3077.80   2640.12
 3038.13   3092.87
 3061.10   2908.49
 3086.09   2721.88
 2653.17   2854.95
 3325.56   3026.58
 2950.22   2733.89
 3128.08   2850.55
 3179.60   2759.47
 3146.36   2851.27
 2891.43   2603.14
 2991.08   2951.07
 3029.15   2839.55
 3159.23   2990.98
 2950.39   2790.58
 2902.97   2745.36
 2877.78   3110.85
       p2p2       
 KB/s in  KB/s out
 3028.42   2790.94
 3173.08   2757.82
 3240.81   2677.92
 2936.46   2799.97
 2791.89   2500.52
 3047.50   2730.04
 2914.96   2684.68
 3264.32   2845.21
 2879.92   2893.29
 2540.73   2622.28
 3244.22   2972.42
 3264.85   2875.99
 3198.88   2570.62
 2838.68   2609.58
 3195.32   2921.47
 3064.39   2625.97
 2804.27   2489.45
 2974.22   2731.48
 3069.23   2613.03
 2828.12   2598.14
 3048.40   3105.98
 2896.75   2516.25
       p2p2       
 KB/s in  KB/s out
 3025.46   2580.81
 2935.64   2559.43
 2996.64   2775.21
 3050.13   2963.64
 3123.20   2988.11
 2795.30   2763.74
 3203.45   2707.24
 2746.45   2673.35
 3030.50   2554.86
 2919.95   2654.76
 2954.34   2578.08
 2780.77   2885.28
 2626.64   2859.70
 3053.06   2991.61
 3292.25   2883.75
 2983.68   2552.23
 2929.62   2661.20
 2932.24   2742.98
 2939.90   2842.47
 3099.15   2658.44
 3080.90   2757.53
 2706.73   2787.91
       p2p2       
 KB/s in  KB/s out
 2729.70   2683.86
 2291.37   2042.91
 1120.11    660.50
  961.23    547.32
  826.17    600.29
  670.13    545.55
  567.81    454.40
  525.60    506.13
  543.63    637.38
 1775.65   1362.32
 1833.92   1367.72
 1677.12   1201.88
 1892.84   1246.35
 1978.37   1452.71
 1716.50   1264.29
 1733.23   1405.42
 1688.43   1145.02
 1907.27   1532.56
 2021.27   1639.37
 1855.13   1390.75
 1690.27   1486.90
 1780.56   1263.05
       p2p2       
 KB/s in  KB/s out
 1744.63   1111.17
 1962.29   1309.39
 1827.69   1748.72
 1756.09   1700.45
 1878.42   1502.69
 1639.57   1795.36
 1789.03   1598.72
 1920.37   1672.27
 1045.93    883.76
 1744.77   1318.91
 1935.57   1501.68
 1975.73   1942.71
 1873.41   1362.13
 1863.77   2158.30
 1838.46   1549.73
 2009.90   1582.18
 1809.36   1346.52
 1896.53   1431.32
 1804.16   1562.42
 1732.43   1382.85
 2154.06   1292.25
 1896.99   1662.11
       p2p2       
 KB/s in  KB/s out
 2155.66   1470.19
 1784.47   1413.80
 1951.56   1565.46
 1931.81   1261.65
 1954.06   1141.20
 1770.63   1455.63
 1933.88   1336.37
 1805.59   1384.65
 1683.47   1965.43
 1809.20   1428.76
 1815.73   1675.98
 1876.24   1216.61
 1832.36   1572.60
 2076.10   1260.70
 1904.60   1605.08
 1794.81   1677.44
 1753.34   1111.61
 2066.05   2313.36
 1831.38   1543.90
 1988.33   1414.43
 1769.93   1311.14
 1795.31   1409.77
       p2p2       
 KB/s in  KB/s out
 1951.36   1522.70
 1827.72   1683.91
 1886.20   1514.45
 1864.85   1326.16
 1870.37   1725.00
 1819.91   1736.52
 1981.06   1541.53
 2108.19   1387.64
 2019.73   1772.25
 2026.44   1311.71
 2000.34   1671.88
 2076.86   1277.24
 2061.03   1254.11
 2056.07    779.81
 1978.10   1001.84
 1931.89   1413.20
 2072.96   1756.12
 1856.70   2034.62
 1865.70   1524.73
 1769.05   1398.49
 1831.98   1485.69
 2021.47   1374.27
       p2p2       
 KB/s in  KB/s out
 1983.56   2255.40
 1770.47   1369.31
 1830.30   1553.75
 1920.70   2072.61
 1992.65   1612.21
 1844.77   1615.78
 1773.67   1693.19
 2000.11   1706.35
 1762.76   1391.03
 1877.73   1525.21
 1927.05   1678.17
 1938.62   1496.90
 1756.42    723.68
 1987.68   1262.67
 1749.48   1680.97
 1897.02   1795.36
 1679.87   1581.75
 1852.36   1342.52
 1924.08    932.77
 1934.54   1501.90
 1958.70   1378.79
 2019.24   2140.53
       p2p2       
 KB/s in  KB/s out
 1748.98    894.13
 1883.35   1747.68
 2024.75   1767.92
 1976.47   1520.70
 1840.13   1618.24
 1885.22   1471.62
 1893.36   1316.17
 1813.59   1449.83
 1936.29   1813.23
 1831.62   1260.79
 1780.78   1469.88
 1954.30   1765.41
 1923.21   1284.24
 1960.31    988.50
 1839.99   1429.74
 1755.97   1036.01
 1871.57   1780.48
 1764.53   1534.34
 1616.19   1214.09
  488.19    396.70
  548.67    484.82
 1886.26   1297.71
       p2p2       
 KB/s in  KB/s out
 5677.65   3622.40
 5625.57   4001.91
 5771.80   4421.11
 5394.65   4069.35
 5806.15   4487.87
 5729.02   4896.69
 5946.24   4556.90
 5501.50   4730.01
 5569.22   4441.95
 5444.91   4425.33
 5568.22   3471.60
 5767.67   4618.79
 5703.58   4408.19
 5666.60   4780.36
 5596.16   4546.23
 5789.03   4680.64
 5716.74   5087.85
 5698.70   4999.14
 5923.86   4469.55
 5694.69   4128.54
 5759.08   4390.44
 5835.54   3004.51
       p2p2       
 KB/s in  KB/s out
 5519.45   4726.95
 5806.11   4458.94
 5656.71   3731.64
 5832.03   4737.86
 5926.12   3941.32
 5452.33   3977.35
 5736.39   3665.75
 5519.11   4792.79
 5659.83   4353.38
 5780.05   4452.71
 5546.57   3994.01
 5556.96   4164.61
 5691.16   3859.43
 5768.18   4259.60
 5690.89   4180.82
 5695.87   4314.35
 5450.27   3718.27
 5863.15   3994.91
 5582.00   4765.74
 5652.86   5296.52
 5327.99   4349.34
 5438.19   4387.05
       p2p2       
 KB/s in  KB/s out
 5565.93   4686.28
 5559.66   3592.53
 5843.23   2723.94
 5663.83   4099.72
 5644.98   4612.97
 5513.65   4834.19
 5876.50   5394.05
 5479.26   4146.36
 5461.80   3769.59
 5655.77   4592.65
 5478.74   3820.24
 5634.08   5347.60
 5962.32   3134.96
 5458.41   4834.47
 5836.87   5128.51
 5614.43   3689.27
 5716.34   4063.86
 5535.22   5416.33
 5624.33   3928.47
 5644.59   3993.54
 5679.68   4309.83
 5832.44   4192.91
       p2p2       
 KB/s in  KB/s out
 5942.09   4765.57
 5558.65   3710.61
 5709.40   5265.81
 5678.06   3952.82
 5529.54   4416.18
 5726.23   4355.44
 5739.33   3855.41
 5639.03   4268.33
 5782.61   3969.59
 5733.74   5249.18
 5740.39   4110.11
 5514.90   4637.31
 5386.53   4408.22
 5493.86   5669.62
 5216.42   4066.94
 5591.71   4033.81
 5692.50   4092.24
 5724.93   4662.97
 5655.41   4776.90
 5656.01   3475.35
 5771.50   4676.43
 5846.72   4079.34
       p2p2       
 KB/s in  KB/s out
 5541.72   5025.33
 4832.55   3668.16
 5975.81   4464.68
 5544.65   5608.63
 5527.14   4749.49
 5425.59   3512.57
 5418.60   4493.68
 5831.15   4997.89
 5667.77   4681.68
 5621.33   3133.18
 5570.92   4844.60
 5595.58   5124.71
 5482.53   5091.43
 5677.11   4738.65
 5694.57   4972.42
 5557.52   4297.87
 5627.22   4090.05
 5844.03   5294.57
 5663.54   3862.78
 5484.30   4477.35
 5611.89   4384.48
 5561.62   4491.83
       p2p2       
 KB/s in  KB/s out
 5696.57   5188.94
 5777.13   4209.13
 5787.54   4355.28
 5641.05   5290.29
 5652.14   4690.12
 5622.73   4476.67
 5702.60   4274.06
 5655.56   4205.13
 5260.44   3627.08
 2114.03   2196.59
  888.53    640.40
  744.87    489.11
 8598.99   6646.30
11998.08   9250.21
11756.07  10400.41
11999.90   9444.16
11921.47   9617.49
11409.84   9827.65
11656.89   7488.57
11501.55   7960.03
11553.64   8852.04
11773.59   7985.60
       p2p2       
 KB/s in  KB/s out
11926.35   9127.16
11421.30   8282.67
11434.16   8431.66
11544.16   7903.45
11624.19   9988.87
11582.12   8788.06
11116.77   9508.43
11570.89   8195.44
11560.18   8738.20
11143.84   9421.74
11438.46   7940.42
11979.97   9817.76
11574.78   7823.62
11557.66   9653.56
12175.75   9718.17
11945.26   9347.33
11506.81   8245.63
11688.79   9422.61
11494.74   8805.26
11385.82   7861.08
11656.57   9127.82
11617.73   9298.09
       p2p2       
 KB/s in  KB/s out
11962.77  10504.43
11942.42   7377.70
11873.46  10382.81
11872.84  11207.21
11833.99   8434.53
11786.01   8323.75
11618.73   7806.37
11846.89   8596.55
11280.45   9610.23
11600.93   9209.83
11653.77   8705.18
12075.61   7231.94
11692.21   8854.07
11179.65   9057.25
11873.76   9267.06
11789.03   8308.62
11516.62  10235.93
11882.10   8816.41
11087.13   8037.83
11975.32   8559.59
11627.23   8307.03
11742.33   8091.60
       p2p2       
 KB/s in  KB/s out
11529.89   7950.11
11672.71   9128.62
11349.10   9437.50
11614.56   8905.50
11907.62   9655.72
11293.79   7967.81
11341.53   8959.12
11670.91   9726.55
11512.54   7796.25
11702.25   8609.97
11466.99   7018.91
11163.77   8434.27
11588.54  10950.69
11593.02   8284.70
11976.42   9944.43
11534.45   8086.18
11798.91   9271.55
11903.60  10094.72
11505.36   8818.10
12022.71   9655.59
10944.88   9160.22
11404.32   8825.77
       p2p2       
 KB/s in  KB/s out
11385.49   8603.32
11657.44   8446.88
11853.75   8612.51
11753.91   9527.82
11132.66   8506.51
11722.03   7951.57
11470.59   8422.32
11836.98   8661.95
11476.71  10527.97
11008.42   8181.58
11749.73   9641.48
11814.83  10701.44
11832.24   7971.61
11532.20   7396.72
11388.84   8708.40
11560.24  10012.17
11755.04   8945.13
11895.25   8299.87
11710.47   9325.36
11222.89   8052.67
11508.92  10154.99
11556.10  10545.07
       p2p2       
 KB/s in  KB/s out
11730.31   9032.80
11797.06   7338.59
11793.57   7694.77
11746.22   9313.67
11386.36   9261.40
12007.87   9847.28
11723.55   7695.81
10820.64   9445.76
11378.45   8309.61
11439.00   8518.00
11322.01   9043.07
11576.68   7671.33
11415.49   8932.01
11556.66   9371.36
11504.94   8083.94
11949.42   9246.31
11375.19   8139.36
11296.23   9187.93
11615.67   8444.71
11638.06   8799.11
11688.00   8769.13
11526.42   8723.20
       p2p2       
 KB/s in  KB/s out
 1532.35   1334.17
  688.03    588.13
  922.91    688.88
12422.93   9534.26
13442.15  10090.12
13097.09   9207.11
12946.75  10803.55
12629.24   9792.85
13859.15  10815.38
13614.69  10780.15
13390.67   9619.83
13682.60  10268.71
12721.80   9459.06
13812.83  10303.24
13126.08   9980.81
12243.71  10094.60
13397.75   9119.25
13320.87   9580.57
13631.94  11302.66
12929.31  10899.13
13738.30  10881.75
13242.14  12729.07
       p2p2       
 KB/s in  KB/s out
12899.96  10337.05
13507.12   9682.65
13682.71  10705.43
13741.46  11479.95
13270.36  12088.45
13619.21   9765.82
13400.88  11007.00
12560.57   9138.81
13246.25  10153.39
13421.34  11592.23
13516.04   9549.21
13293.74   9112.17
13399.47  10985.88
12413.03  11186.16
12842.82  10962.84
13602.72   9670.80
13000.57  11545.71
13578.56  11869.11
12813.99  10866.68
13293.82  10592.68
13216.58  11021.07
13482.94  11407.53
       p2p2       
 KB/s in  KB/s out
13223.89  10526.96
12674.86  10538.80
12803.56  10680.14
12742.99  10297.55
13395.92   9878.49
13832.54  10624.19
12428.87   9953.31
13293.10   9643.82
13420.76   9662.36
13790.94   9996.39
12149.38   8405.20
13124.46  10819.76
12439.88   9609.82
13569.71  10331.06
12832.07   9105.76
12808.39   8928.25
13154.56  10094.63
12951.78  10040.35
12790.01   9658.71
13524.41  11117.75
13406.54  10531.21
13083.34   9617.44
       p2p2       
 KB/s in  KB/s out
12535.81   9053.10
13065.52   9952.79
13321.65  10755.82
13263.81  10439.60
13136.87  10390.09
12356.03   8081.65
12761.57  11265.53
12745.83  10130.68
13505.40   9378.92
13128.34   8418.74
12800.80   9759.67
12704.83  10065.94
12366.97   8820.02
13053.45  10309.68
12461.37   7705.60
12586.97   9278.33
13226.18   9212.77
12488.72  10383.94
12434.15   8862.12
12829.03   9776.28
13025.63  10431.52
12407.41   9901.29
       p2p2       
 KB/s in  KB/s out
13012.96   8563.82
12208.71   9074.68
13091.91  11677.04
12263.36   8979.90
12703.88   9291.90
13125.68   9969.52
12942.35   8548.75
12875.59  11411.96
13093.87  10703.39
12781.40   9949.49
12524.67  10288.66
12536.28   9249.43
12882.29  10911.64
12322.22   9544.22
12975.28  10499.09
13549.84  10863.96
12953.84  10500.81
13076.70   8795.24
12460.95   8733.15
13330.34  10428.74
13287.97   9673.40
12283.88  10328.83
       p2p2       
 KB/s in  KB/s out
12481.69   9809.48
12500.38   8873.19
13435.24  10522.56
12456.26  10199.21
12899.86  10188.02
12822.53   9897.80
12848.05   9519.19
13276.00  11145.25
12841.99   7199.04
12523.60   9946.95
12765.59  10452.85
13049.99   9749.18
12057.35   9237.21
 1118.10    742.06
  690.91    436.11
 1760.06   1098.33
13517.62  11495.51
13718.08  10368.36
14516.30  11047.77
12318.19   9987.08
13246.01  10294.63
13622.86  10721.20
       p2p2       
 KB/s in  KB/s out
13601.22   9362.66
13741.71  12178.35
13906.93  10911.33
14811.36  10821.62
14300.45  12567.37
13927.05  11364.63
13143.17  10467.10
14374.37  10946.52
13644.63  10261.98
14395.44  11630.21
14798.48   9367.71
14528.17  12001.26
12454.62  10374.62
13084.75   9296.06
14999.75  11900.39
14159.12   9942.53
13850.20  11515.52
13236.18   9846.62
14812.27  11895.96
13766.57  11148.66
13852.12  11405.10
14210.38   9866.83
       p2p2       
 KB/s in  KB/s out
13379.96  10921.46
13394.79  10457.75
14006.96  11046.40
12990.47   9068.20
13810.38  12073.00
12672.57  10180.10
12686.02   9725.81
14198.93   9411.30
13629.43   9421.29
14521.67  10982.99
12858.85  10691.40
13951.85   9968.66
12968.64  10081.33
14060.53  11531.53
13668.02  11778.76
13689.80   8911.76
11887.33   9764.52
13822.21  11322.48
13745.74  10361.01
13490.53  10126.15
13358.91  10166.09
13739.67   8947.59
       p2p2       
 KB/s in  KB/s out
12777.83  10311.56
12587.10  11083.25
14020.29  11590.69
13667.38  10836.70
13274.73   9288.63
13115.33   9381.10
13259.21  11171.93
14122.09   9039.96
12764.76  10285.35
13652.06  10107.64
13845.90  12008.40
12874.98   9910.17
13111.96  10530.18
14438.73   9432.15
13647.64  10522.04
13393.41   9181.34
13717.00  10347.33
13218.81   8373.42
13164.12   9082.32
13028.51   9575.21
12254.21   8882.76
13969.16  11437.84
       p2p2       
 KB/s in  KB/s out
13349.43   9039.98
13609.00  11125.83
13611.46  11762.63
13754.13  10710.99
12265.14   9187.93
14624.73  11663.53
13429.96   8787.40
13050.80   9943.18
13715.35  10522.35
12362.51   8638.62
14156.46  11822.36
13022.96   9673.49
14094.35  11544.58
13098.27  10157.40
12820.01   9733.11
14174.81  10764.30
12506.29   9674.87
12960.74   9171.25
13185.91  10019.03
14130.85  11535.93
14194.52  11437.76
12755.68   9832.20
       p2p2       
 KB/s in  KB/s out
13567.36  12494.31
13327.82  11082.68
14315.48  11195.70
12819.49  10083.80
13715.84  10003.95
14081.04  11653.90
13909.71  10653.64
13726.53  10857.02
12837.00  10262.77
13174.98   9042.05
13304.09   9827.30
14044.57  10547.13
13979.26  11896.66
14548.42  11880.28
13843.27  11386.56
13893.14  11912.65
13814.41  11586.52
13500.84   9807.56
15028.01  11014.86
12302.91  11460.86
13716.80  10411.87
13612.28  11216.94
       p2p2       
 KB/s in  KB/s out
12519.71   9530.96
13254.48   9795.21
13791.13  11046.41
12536.63  11811.50
  893.26    623.20
 1000.77    682.23
 1098.59    771.20
  663.52    501.28
  652.94    616.06
  519.78    475.70
  526.12    505.49
 2635.58   1950.57
14446.31  11690.69
12647.48  11344.16
13612.08   9648.22
12884.96  10631.18
14152.19  11093.20
13127.77   9989.90
13442.07  11088.64
14549.79  10552.46
13885.18  10047.05
15635.34  12046.57
       p2p2       
 KB/s in  KB/s out
13814.28  10236.76
13601.60  11642.66
14637.11  11496.58
14148.72  11410.59
15785.54  10891.31
12294.83   8864.57
13458.97  11193.07
12236.72   9150.57
14180.03  12386.80
14659.30  12231.59
14514.06  10443.53
11985.18   9965.38
12900.11  10284.06
13451.36   9656.02
13934.97  10666.52
14081.29  11762.05
13732.10  12295.57
12666.78  10782.72
14766.84  10995.11
13568.32  10980.53
14526.76  11855.32
12894.00   9197.10
       p2p2       
 KB/s in  KB/s out
14126.86  11391.79
13358.75   9401.11
14230.62  10270.22
15002.31   9831.07
12743.17   9446.19
14067.40  10078.12
14175.46  10541.28
14330.37  10672.52
12962.46  10016.34
11115.72   8307.25
12987.90   9931.17
13488.34  10797.64
13501.17  10355.14
12709.76   9843.97
13850.51  10343.76
13718.34  11778.65
13108.90  10994.53
14509.76   8695.72
13128.93  10464.60
12225.03   9890.18
12586.86   8840.80
13906.09  12071.27
       p2p2       
 KB/s in  KB/s out
13729.79  10537.42
12614.69   9926.00
13754.46  10753.63
12520.11  10835.03
13062.96  10390.57
13336.77  12177.19
13184.69   9851.64
12319.46   8395.01
12768.58   9923.35
13435.26  11582.71
13500.93  12858.06
13066.59   9582.40
13113.13  11332.46
11716.72   8987.06
14662.02  10474.06
13717.87  10822.78
13329.68  12706.95
16052.17  11503.29
12925.93   9867.46
13940.81  10460.41
14656.11  11584.10
13537.67  10118.90
       p2p2       
 KB/s in  KB/s out
13408.87  10985.99
11947.63   8716.31
15519.65  11651.15
13896.97  10757.73
13632.19  10523.39
13560.60  10612.67
12604.34   8987.15
13317.12   9391.55
13135.39   9116.34
13487.10   8626.45
14318.02   9403.57
14587.11  13511.36
14428.83  10201.49
14453.72  11797.40
14050.61  10175.09
13505.82  10249.29
13242.41  10946.39
13252.51  12429.23
14508.74  13009.58
12904.99   9666.39
12883.75  10381.34
13451.83  10286.60
       p2p2       
 KB/s in  KB/s out
14569.08  11774.25
12922.05   9571.01
14028.63  10588.47
12920.90   9947.89
13660.21  11609.61
13162.30  10485.98
13974.51   9902.81
11692.55   8100.43
13383.25  11984.69
13260.75   8748.57
13069.30   9775.03
14052.65  10670.29
11967.91   8648.70
13936.65  10775.90
13085.92  10165.18
14483.10  11382.48
12985.73   9912.32
13272.57   9596.98
14523.45  11151.18
13102.58   9760.81
13491.69  11336.82
14962.40  12161.19
       p2p2       
 KB/s in  KB/s out
 2504.68   1742.23
  887.29    676.83
  823.65    577.44
  611.29    642.36
  995.02    711.03
  499.97    388.59
  593.29    559.88
 6072.40   3676.01
 9783.44   5859.05
11369.64   9178.75
10819.98  11165.90
 6221.01   3824.04
 2599.50   2605.69
  603.76    525.08
 3651.50   4693.11
10124.60   9948.23
11771.17   8034.35
10767.85   8100.41
10687.99   6838.51
10789.06   4831.90
10751.51   4866.78
11738.89   9066.19
       p2p2       
 KB/s in  KB/s out
11860.27   8061.56
10379.33   5913.68
11292.69  13205.81
10732.90  11074.35
11907.17   8135.97
11166.81   5831.59
10773.70   7011.05
 8765.98   7868.31
10526.86   7215.58
11218.64  10069.44
10144.30   5690.35
10312.62   7034.78
10338.83   4802.57
11135.47  13100.09
10268.61  11175.44
11814.47   3858.68
11384.01   7026.06
10749.52  11989.85
11344.27  11234.10
10147.26   5715.33
11222.58   8024.62
11839.04   8176.81
       p2p2       
 KB/s in  KB/s out
10780.61   6875.22
10968.92   5995.44
11870.60  13451.13
12151.39   6907.35
11326.44  13268.99
12196.39   9851.62
11434.95   7017.73
11117.57   5780.84
10284.17  10122.88
12249.82   4666.33
11282.15   7951.23
11226.91  11042.27
11235.22  10035.34
11353.67   8907.76
10814.84  10097.62
11994.12   6094.03
11361.58  10161.87
10206.43  10112.43
10354.35  11927.73
11263.72   8286.23
10896.58   9105.07
11735.77   6921.09
       p2p2       
 KB/s in  KB/s out
11046.24   8890.67
11853.77  10212.88
10862.56  10186.35
10295.42  12073.86
11934.24  10296.64
 6101.48   5617.21
10373.26  13352.82
10370.07  13195.65
11655.52   5806.63
11159.32   8951.48
11388.50   9197.85
11806.81  10182.54
12345.94  10156.79
11393.07   6965.44
11196.76   8963.26
11347.26  10221.35
10777.33  11190.80
11836.03   2734.86
11200.36  13869.83
11189.34   7300.88
10722.02   8952.31
10189.00   7882.91
       p2p2       
 KB/s in  KB/s out
10294.88   7917.01
10498.92   9137.81
11376.28  11379.28
 9154.30   9014.99
10109.12   3661.74
11852.06   9106.31
11695.73   8932.66
11844.47   9241.00
11241.08   8082.57
11439.20   9164.26
12843.52   9177.86
11240.55   4788.97
10772.08   9088.79
10734.08   7934.59
12786.86   9080.11
11859.37   9164.19
10820.29   8046.54
11249.18   9006.39
11733.61  12118.46
11763.70  10167.47
11749.81  10097.60
10862.28   7961.79
       p2p2       
 KB/s in  KB/s out
12383.88   7041.57
11631.49   9315.41
10810.77  11006.00
11999.79  10203.55
12447.87   8044.33
12237.65   9036.33
12396.38   9215.33
 8277.57   5899.43
11929.80   6052.09
11914.33   9159.85
11340.82   8105.00
11741.47  10012.91
11844.26   6952.60
11299.62   7881.58
12367.00   8158.62
11681.25   9012.17
11626.97   7925.56
 3329.09   1799.79
  486.68    418.43
  654.24    568.42
31767.34  24068.62
45791.00  33577.94
       p2p2       
 KB/s in  KB/s out
44331.36  33936.07
44372.48  30876.47
42431.45  39891.27
46489.09  28245.40
44604.21  30365.26
43906.51  36808.78
45638.05  30485.23
44176.45  29438.71
44486.97  43868.73
43918.25  34762.24
41968.21  22947.39
43489.54  31369.19
42775.32  28222.85
43391.36  34692.29
41951.34  30446.99
43421.04  33156.86
39850.12  30407.96
31793.40  28899.41
35731.70  18716.77
20161.76  20718.79
46988.64  29588.69
44512.01  28585.53
       p2p2       
 KB/s in  KB/s out
27721.47  30079.57
38254.47  38553.96
45795.55  28492.28
44739.30  32304.69
45695.88  32758.37
43565.08  28278.75
43432.46  36706.19
39299.07  23974.48
36827.87  27272.60
41976.11  28428.73
43110.10  30425.53
43763.84  35479.74
43854.82  30256.43
44848.54  37921.43
45692.42  30144.58
44602.51  42050.40
43907.63  30514.35
43005.97  31603.56
42361.05  32234.95
44568.64  36918.79
42954.28  35792.09
44312.92  39692.33
       p2p2       
 KB/s in  KB/s out
39338.98  28199.77
43084.70  28165.58
39018.14  23199.76
36682.87  29140.14
23086.19  18688.17
30607.14  21751.18
45029.10  31494.52
41546.50  32496.86
41297.80  30173.70
44890.76  32559.59
36258.02  27403.90
43376.86  40979.23
44398.26  25195.59
42656.90  40021.48
43928.20  27220.72
39800.44  30381.56
42911.35  29377.87
43979.36  33807.55
43546.45  31439.26
40156.70  35485.46
44098.88  24091.54
44041.91  30432.10
       p2p2       
 KB/s in  KB/s out
43307.28  34618.11
43893.79  31322.82
45796.72  31455.22
42489.46  30455.77
43422.56  32689.56
43178.34  32698.76
45843.02  33576.82
43326.29  23023.85
44075.36  40766.19
40837.45  24058.61
39939.47  32536.92
39752.14  28132.07
41276.02  24748.03
40963.53  29482.95
42461.53  34434.18
42691.00  24841.32
35339.10  30338.38
37893.78  23096.49
33627.62  23787.62
39347.58  31636.93
40423.92  28238.53
39948.68  35472.92
       p2p2       
 KB/s in  KB/s out
44286.43  32606.85
41724.38  30291.21
41437.73  28433.70
42535.49  32606.65
44524.26  30578.51
44973.52  36481.25
45319.49  38135.94
43010.08  34377.99
46033.52  29524.45
44710.36  33581.61
45294.34  32466.30
44791.58  31173.11
43466.56  26204.41
45981.09  30480.16
39476.34  31383.48
44286.38  31277.76
45902.10  29671.07
41253.76  32043.20
36099.85  22032.17
41688.51  28502.90
34312.72  24155.13
31712.87  27941.87
       p2p2       
 KB/s in  KB/s out
39261.60  32205.37
39975.97  36581.33
46084.51  33640.62
42400.68  32545.85
46501.64  25222.13
42765.43  33392.59
44794.44  39645.56
40346.29  28880.67
  698.53    535.66
  851.00    707.77
13862.33   6921.51
96808.57  80309.23
104794.5  79930.82
110868.8  76208.86
110564.6  86708.90
109331.7  81395.01
108120.3  93018.09
110222.5  79614.84
106449.0  83439.40
106410.3  85996.84
107723.5  68308.43
110175.2  82682.98
       p2p2       
 KB/s in  KB/s out
104172.1  78522.52
105063.1  84694.81
108339.0  82405.48
111138.6  76572.79
101737.5  73794.25
29682.24  24862.55
30954.55  16717.08
17466.98  13288.62
79064.72  57996.58
105874.1  84369.10
109065.3  75103.74
106296.4  76198.55
105749.3  62287.21
105240.1  76400.47
101319.2  84510.01
103675.5  71312.41
104675.4  76998.33
110890.7  76187.60
107508.2  83535.52
103299.5  73435.09
103074.7  88701.57
108407.1  81530.45
       p2p2       
 KB/s in  KB/s out
111349.9  78822.89
109541.5  82082.61
110135.0  93465.87
107517.1  71570.63
111321.3  81523.51
108250.5  70398.80
106794.8  70338.35
106599.0  84720.25
107897.0  82397.28
106608.8  77249.99
110463.3  90950.17
106644.2  78410.75
105620.8  72759.29
52115.68  39410.04
76751.26  50764.99
62571.21  41084.53
44545.27  35538.37
71211.39  48849.82
90999.38  69445.36
106102.4  98301.03
100394.5  72316.33
101982.7  80333.77
       p2p2       
 KB/s in  KB/s out
102800.7  72099.00
102063.9  84425.90
48107.78  45070.08
99638.38  65777.88
108594.8  75978.00
108592.8  72924.69
101585.1  71981.21
42927.10  28295.66
67321.26  52455.26
111929.4  83511.53
108180.0  74160.40
108081.1  81260.46
105472.4  80206.00
104981.8  84429.06
104808.3  71049.38
107708.9  85771.42
110988.5  83615.02
105126.3  82487.38
105440.2  83411.47
67434.02  46472.07
96459.59  71033.84
89179.43  64209.32
       p2p2       
 KB/s in  KB/s out
88918.29  59874.27
52231.25  43896.68
56437.45  49908.07
76533.99  59893.14
84026.82  51636.65
96966.80  64605.61
92627.66  76883.70
107816.2  73189.46
103880.2  78405.36
100504.0  65523.83
55591.23  48152.87
93715.32  78228.41
108155.1  81521.35
107527.5  69795.57
107294.0  82454.63
101120.3  72831.90
103369.2  75093.57
104450.7  71010.89
111528.5  88787.41
110496.7  70595.79
106935.8  83597.28
106825.9  82149.46
       p2p2       
 KB/s in  KB/s out
107583.1  77949.04
106395.9  68357.53
103885.7  62972.98
108720.4  77854.48
107278.6  79270.11
110435.8  77767.45
108247.8  82316.69
70019.54  47831.50
46959.20  38540.96
62593.50  48592.09
105490.7  72241.63
73898.14  65790.18
78095.30  61314.34
104637.0  75045.70
102786.1  83514.16
109030.5  80026.93
104064.7  76061.88
105748.7  81544.28
70431.27  51813.06
103984.0  81467.78
76710.21  53510.05
 1345.44   2582.88
       p2p2       
 KB/s in  KB/s out
  890.75    672.82
  538.89    430.45
  797.25    672.02
  564.01    535.75
  504.98    462.57
  414.58    372.73
46711.13  35598.14
127904.1  96990.49
123625.5  100373.4
130402.5  80868.89
122502.7  84200.94
125560.8  86878.33
133257.9  99067.33
129987.9  81643.47
122826.8  92112.26
129638.1  74517.65
112324.6  84635.46
93467.59  82340.77
33869.00  21925.07
99646.34  81539.87
99047.69  65434.37
112568.9  94974.12
       p2p2       
 KB/s in  KB/s out
118468.6  92110.79
110078.4  84932.86
108099.3  79592.88
116342.1  90881.57
82352.00  64611.20
120869.0  91997.11
125651.5  82527.82
124445.7  101714.2
132490.0  103808.8
127206.2  97845.52
128732.4  83648.35
91756.40  62309.62
121816.5  86666.84
124966.3  85668.50
130942.4  110019.3
123161.8  91825.44
123973.6  81017.94
129763.6  98850.43
127117.8  96439.29
96263.77  75170.70
59810.70  50541.83
80067.54  58720.17
       p2p2       
 KB/s in  KB/s out
116772.9  74880.61
113823.7  73982.31
100862.7  66963.59
87190.61  65631.22
55841.42  51154.71
55315.66  42093.46
70317.29  39976.02
103463.9  75081.41
92220.72  65455.35
112562.9  85973.23
96399.70  79232.82
107572.1  77123.71
109872.6  79679.81
108595.9  71824.24
124058.3  102103.3
129100.0  92245.51
126580.6  85626.70
126671.4  94497.88
122387.5  81520.07
124369.0  94171.16
92850.35  61356.72
78049.41  63279.84
       p2p2       
 KB/s in  KB/s out
109056.4  82393.69
129764.0  92266.52
127789.0  97051.20
124235.8  93021.33
130557.5  104418.1
129797.1  95631.04
122087.2  98276.92
128901.9  89180.90
125566.1  95056.72
110056.0  101220.8
101822.1  62503.68
77303.82  52999.21
84934.98  59204.39
61351.04  51351.26
85091.09  60967.45
100955.1  79747.64
84735.50  66548.34
102098.7  75935.56
86866.75  61925.21
110112.9  80858.73
74438.52  58774.28
112818.2  92233.69
       p2p2       
 KB/s in  KB/s out
119776.1  98572.81
117354.0  79382.72
123547.7  81873.04
120433.3  86109.68
121292.8  81228.33
124915.8  99798.86
102749.5  77522.64
114954.1  75370.05
117678.7  94258.35
127149.5  98281.80
129604.5  105677.7
126480.9  100832.1
128273.9  81842.30
121920.4  77982.93
119529.3  87003.84
126168.7  115150.2
128067.8  85531.79
66754.83  54815.71
32241.80  17404.34
34428.31  26253.40
57238.79  45327.25
71170.30  49820.75
       p2p2       
 KB/s in  KB/s out
47196.00  34839.49
97161.58  68649.87
74525.20  59297.25
112111.3  75045.07
117701.1  80098.34
99098.72  76637.62
88262.06  56829.08
97493.94  69759.41
121718.0  67841.67
111089.2  86881.63
120638.6  87391.16
124617.8  103595.3
122505.9  91964.32
127331.4  104079.1
123719.0  88083.61
125088.9  86978.43
69511.73  56053.17
  966.50    644.39
  951.79    549.61
72523.34  54679.02
133707.7  92341.61
140402.4  107043.1
       p2p2       
 KB/s in  KB/s out
133277.5  99731.29
128709.1  103597.2
155105.0  104069.3
121386.4  85118.86
116173.4  87176.30
83336.23  55060.19
123417.8  106911.1
119309.5  84648.73
128597.9  112577.6
113021.4  90948.26
129303.6  103439.0
131138.5  93806.25
128718.8  107298.9
130836.6  88718.52
132306.8  96326.50
118477.6  78760.22
138905.3  107267.7
137778.8  94393.64
135222.8  102778.4
137171.0  95265.13
137933.5  97294.39
141525.6  111150.2
       p2p2       
 KB/s in  KB/s out
131929.3  101907.0
146892.6  117810.9
134699.4  106766.9
132253.5  108653.9
142172.5  109518.5
141172.6  98155.51
140088.3  106740.1
137718.2  114517.7
128122.4  107216.3
139870.1  102355.0
134871.1  98436.69
132423.4  86554.94
80585.95  60931.92
66983.55  51575.86
59589.18  41114.53
82885.29  60177.92
73121.83  52768.79
86134.37  63208.74
113376.7  97509.21
135488.9  97409.86
130050.2  97681.23
128349.3  97877.92
       p2p2       
 KB/s in  KB/s out
121917.1  90602.95
119758.3  94844.44
133526.2  106102.8
143808.8  109475.5
145546.0  97219.75
141396.1  100954.8
121440.2  82401.67
137660.8  103524.3
139382.2  114403.6
140206.3  98140.39
142369.2  108750.9
126288.6  105043.0
140605.6  105824.0
143675.0  95575.36
139461.8  96954.06
137972.5  94387.34
135759.2  101691.7
118278.8  88805.75
82252.75  63908.08
80055.47  55919.72
76539.68  60417.14
56436.58  35074.69
       p2p2       
 KB/s in  KB/s out
107546.7  82584.38
81163.46  62440.27
116139.1  99407.73
125760.4  107376.4
130750.8  86461.95
133217.3  83066.93
133686.4  97860.95
122504.4  91327.77
122522.3  91160.35
122200.0  75320.44
98360.90  76614.62
133128.6  93902.27
139846.4  97459.30
130763.0  100122.9
134880.1  108799.6
138139.5  97027.10
135792.7  113557.4
142842.5  97880.79
131451.0  97161.07
128713.1  94113.27
146126.3  109108.3
133638.4  104978.9
       p2p2       
 KB/s in  KB/s out
145157.5  102865.2
129680.0  104005.0
131347.0  99263.52
134485.2  95775.80
131452.4  87241.18
138638.9  94123.21
125170.5  89392.81
77758.91  68530.67
77594.66  53774.96
64637.35  44212.63
107049.2  70907.44
118577.5  107167.7
111268.2  71095.16
124728.5  74332.88
126207.2  103076.3
126702.4  85520.90
126695.8  87390.10
131884.6  105314.5
126999.7  100259.1
130496.7  102693.7
133455.2  86160.19
146134.9  103661.8
       p2p2       
 KB/s in  KB/s out
122670.1  89161.21
149743.2  112772.9
131870.0  108615.8
134614.4  90814.30
131226.9  75126.56
136498.7  110056.0
132374.2  108224.0
77681.51  60609.35
  923.02    658.41
  541.08    644.22
  976.75    689.42
  829.77    598.03
  746.14    598.80
  584.83    522.44
  444.06    409.78
92524.34  54724.80
141429.2  102162.9
128623.6  106665.3
135143.5  99419.94
146478.7  96663.55
149410.6  108480.7
142027.8  95384.05
       p2p2       
 KB/s in  KB/s out
117356.5  83769.28
161644.2  131225.0
132723.0  97334.60
137523.8  99783.88
151499.4  97520.32
133859.4  90202.54
145061.4  102068.5
146068.0  115326.5
156160.2  126818.3
141970.0  103649.3
128190.4  90338.62
143283.2  112270.2
131402.7  102365.0
144556.6  99562.49
145751.1  105297.5
139684.0  107640.6
143364.2  114892.8
136643.9  112586.0
139478.6  112143.4
151427.6  106881.7
142890.4  116152.9
145840.3  113167.3
       p2p2       
 KB/s in  KB/s out
141373.1  100321.5
109608.9  75797.20
94296.98  67297.02
113374.7  94952.09
124844.9  88876.86
141501.3  110638.1
109612.9  75069.61
154125.6  109802.4
148817.7  98556.31
144875.3  100117.8
148118.3  118601.0
138628.3  92230.92
120025.8  89630.48
134578.9  107302.2
137036.1  119896.6
149403.5  116321.0
123997.5  94245.03
144237.2  98582.72
136003.9  91037.11
139684.8  97881.32
147335.0  104938.3
119364.7  89777.11
       p2p2       
 KB/s in  KB/s out
156717.8  108424.5
131344.8  94890.70
134086.3  88666.66
171002.7  121855.6
133628.0  92930.01
155796.7  113604.5
152947.9  110538.2
142557.4  106337.2
74016.47  66059.10
78158.63  51953.31
80875.60  55713.02
83373.39  58343.16
102904.9  63712.29
127811.8  98531.42
137659.3  113308.2
109086.1  75386.42
128257.4  87442.46
144998.4  110147.5
138325.4  113950.8
152454.9  123457.2
129042.6  94663.24
131717.5  95656.60
       p2p2       
 KB/s in  KB/s out
155907.8  107714.2
154221.2  110575.6
15736.05  14011.69
84083.80  45754.01
161931.0  129437.0
145495.5  115242.7
135152.8  92078.60
139334.3  113939.4
145436.2  104227.7
154741.7  110915.4
132133.1  104704.0
124857.5  96653.34
145039.2  115804.5
155658.3  113353.8
142081.7  112356.2
150515.4  117439.8
83259.60  66528.57
114494.9  97223.53
109035.2  80530.90
133070.7  110041.1
134073.7  107620.7
137409.2  88755.29
       p2p2       
 KB/s in  KB/s out
128799.3  94182.92
137807.1  96625.76
150370.7  123476.8
147903.5  110108.8
127444.5  97142.71
147985.0  103344.3
136725.9  115220.8
122451.8  93133.89
145881.0  95212.76
137866.6  119223.8
146625.3  108477.1
132473.1  94785.63
136918.2  110957.4
165855.0  124106.1
138432.7  93471.86
154880.8  130321.7
141057.5  98585.29
135556.8  99629.57
130280.2  94259.33
127785.3  101619.9
143083.6  110258.7
141065.8  116799.4
       p2p2       
 KB/s in  KB/s out
134143.4  95919.12
141406.2  119500.1
151711.9  113309.8
89321.24  64553.15
15746.99  10673.77
  932.96    458.55
  990.84    684.84
  830.46    681.44
  714.54    564.43
  469.06    405.29
  448.95    411.85
78464.34  42506.27
33246.95  17743.90
13500.71   9175.23
84067.98  89687.32
65741.44  81239.40
81294.50  61964.57
80957.75  71810.61
81614.66  25986.67
81251.80  72670.95
79885.71  62874.21
81816.80  26796.05
       p2p2       
 KB/s in  KB/s out
76445.52  40013.45
73380.16  44901.01
88105.00  47961.51
46404.80  24521.45
72288.48  58104.58
62987.51  27506.48
34376.13  50242.49
78564.99  47172.13
53856.37  44768.00
32197.89  10193.23
65519.99  18216.71
83383.01  49791.20
79316.96  92838.40
64483.45  41794.61
81281.92  35421.83
81891.87  74729.52
80678.88  76055.87
81752.81  63006.99
80706.07  66753.74
65621.80  69852.71
81293.28  57215.61
91301.23  38731.44
       p2p2       
 KB/s in  KB/s out
71203.20  64696.75
81416.73  93592.84
85358.89  42951.29
77264.51  69067.19
81241.43  67783.56
79638.88  66000.41
82402.59  45875.25
65612.32  34417.30
87423.76  44053.57
82511.15  44624.33
81296.19  86312.71
77649.94  63540.21
89441.53  51470.99
85145.53  87025.59
81412.97  99339.92
59838.00  48520.08
53961.35  48484.67
57442.55  76549.21
56940.01  66678.55
74359.56  21062.78
24416.60  16620.08
86298.26  20686.43
       p2p2       
 KB/s in  KB/s out
75030.36  88828.94
54717.82  35395.19
87249.70  37296.16
78243.08  77558.39
76738.80  58326.85
53478.38  15912.24
69046.16  36341.36
76048.84  18291.34
73918.93  34285.81
75549.30  52977.91
72545.56  45372.59
84947.82  86378.71
72365.81  62519.27
68803.26  65919.25
86003.25  56483.60
88404.71  56320.78
76787.02  39805.30
80746.16  54464.86
73771.73  48140.37
83388.30  42747.11
75073.91  52574.61
61019.96  50365.55
       p2p2       
 KB/s in  KB/s out
79695.55  29683.55
78969.90  50794.98
68349.55  33213.41
49386.76  24524.19
78071.84  49695.15
64467.76  30738.44
77500.28  61140.44
73165.73  32246.47
63971.28  42721.95
57652.04  57996.41
57080.90  66895.25
72506.50  51932.00
57979.41  18027.67
78153.24  75465.73
63296.57  21599.94
57789.28  35260.66
87030.17  84009.95
59971.45  46088.88
74950.10  34380.83
66208.63  59162.00
64836.22  36038.04
73654.66  59375.69
       p2p2       
 KB/s in  KB/s out
76016.92  54401.67
73420.11  44833.61
70205.60  50535.12
82694.90  36237.62
79769.94  67126.00
88517.47  61199.40
80222.42  61106.79
90724.95  80285.09
84666.80  31798.01
46203.05  41792.80
85377.23  35895.77
81803.76  47583.99
80898.94  53400.10
42108.72  51333.61
72821.28  72547.91
68499.29  39791.78
83241.11  18320.63
86574.45  79203.50
66332.39  61191.84
83692.40  52597.73
78135.92  64853.10
  680.45    602.57
       p2p2       
 KB/s in  KB/s out
  497.60    428.10
69238.42  61099.47
216678.8  173336.9
178658.3  163408.8
193798.1  162615.4
151908.5  113456.8
180949.1  150716.0
151076.4  135252.6
167827.0  95931.38
189654.0  149533.5
190183.5  197440.5
186707.5  108926.8
202832.6  148288.6
167451.2  128973.5
159206.5  83057.81
156884.3  84713.55
124952.1  96837.24
109290.4  93960.72
122521.9  71714.76
132648.7  84015.67
86163.96  60553.55
147419.4  79460.54
       p2p2       
 KB/s in  KB/s out
155542.8  98618.45
208736.1  151398.1
151802.6  106492.4
197906.3  147939.5
182089.6  149757.7
164258.2  129624.2
155919.1  144783.8
120308.6  79403.21
124086.0  88297.22
95791.30  81152.15
169271.7  92714.71
52737.73  57317.65
149077.1  111770.9
133458.6  110902.8
188371.8  129585.1
195503.7  146163.5
151561.7  33949.88
139380.5  118829.1
153490.6  108535.1
188166.5  140743.6
158393.0  96608.97
161681.6  92935.01
       p2p2       
 KB/s in  KB/s out
134892.4  93217.27
175612.7  124518.7
130458.8  95010.92
132232.2  85194.01
100123.0  72712.21
104380.9  94991.83
79200.68  47845.56
124110.5  108326.8
195174.6  179670.7
134336.1  104871.1
179055.0  112723.5
131721.4  94182.26
188549.4  119521.1
154400.3  140776.7
191206.0  128608.6
171372.7  115344.7
134997.1  113935.6
164407.0  148920.1
91056.39  86479.00
139113.3  73847.22
91286.10  89394.41
95789.97  108051.3
       p2p2       
 KB/s in  KB/s out
163339.8  120968.6
170284.5  143775.6
199561.9  135723.9
182588.1  182939.2
184093.1  103064.3
174296.4  80022.50
164453.5  137420.4
151706.0  85946.68
180525.9  108892.2
144950.3  163704.7
150812.0  143460.1
110153.8  52921.97
87710.67  61374.90
124296.6  96886.71
78316.23  60373.70
130371.8  85416.97
138212.0  81728.44
167375.9  109328.1
177332.5  168868.3
141129.0  92978.49
176347.3  158595.7
174235.4  175472.5
       p2p2       
 KB/s in  KB/s out
184475.2  80188.51
164478.5  118708.4
186043.2  84854.99
184979.4  73184.76
141542.0  125287.9
94052.52  63757.75
89782.63  64872.21
143563.4  79737.46
77287.64  76484.73
179477.3  150429.4
102823.9  108962.4
191257.6  177573.1
134120.1  74131.93
190234.9  166805.4
131512.7  88625.48
118412.1  59655.24
188201.8  182179.8
181212.7  147939.0
132560.3  76042.70
127716.8  84394.74
108593.9  83405.81
114236.8  79765.44
       p2p2       
 KB/s in  KB/s out
111414.7  61645.87
139314.0  89141.21
132860.5  99842.13
162591.0  120485.8
147742.2  107806.5
181146.1  170862.1
138964.9  133877.9
145564.1  134555.0
102481.4  69874.85
167650.1  113864.9
189489.5  137669.7
93288.34  90400.06
  750.94    659.86
  559.96    419.43
238794.4  170742.8
291417.0  197627.5
335883.8  204452.5
314759.8  230055.9
339696.5  209487.5
322541.0  259977.4
301537.0  176417.4
332969.1  312141.7
       p2p2       
 KB/s in  KB/s out
339759.0  280754.8
332814.7  194042.1
267312.3  200562.8
331469.3  271953.3
351025.8  313593.4
321041.9  234504.5
288460.0  196218.2
235139.5  187831.5
245753.5  166656.3
249799.4  175217.1
240682.5  152831.0
301944.6  226482.8
331928.0  217354.4
314161.1  269126.5
288931.1  246832.4
280037.4  227028.5
355208.1  259035.6
346220.1  277869.8
283968.5  181505.5
354372.4  255041.5
320458.7  212027.1
348125.1  300647.9
       p2p2       
 KB/s in  KB/s out
309066.4  289650.1
334636.4  251661.3
292954.1  177332.4
313335.8  289441.8
316441.1  236837.0
316262.0  270641.6
315550.6  263270.5
328935.1  277219.5
359383.2  296738.7
301372.3  206909.1
344058.1  265487.4
293603.5  224484.9
262657.2  235044.9
287161.4  227158.8
203663.1  100417.1
243304.5  181250.3
302203.5  177563.6
275115.5  207282.5
229760.8  156060.0
288651.6  218252.2
327666.9  250274.6
290594.9  218050.8
       p2p2       
 KB/s in  KB/s out
337274.8  221885.5
312683.1  257289.9
288501.1  190064.4
360215.3  280920.3
344384.2  224868.4
337635.6  271207.6
319612.1  164889.1
334639.2  228103.3
232129.8  156998.5
299742.5  186374.0
288165.5  242043.3
306062.0  205493.6
345511.1  225778.8
355298.2  290400.9
310596.2  144799.0
246587.9  229352.4
307936.8  221992.1
300537.5  235285.9
319010.8  274518.8
297312.5  254705.7
211780.3  168684.1
298043.7  202926.6
       p2p2       
 KB/s in  KB/s out
172184.4  150353.1
277265.5  217162.4
322622.4  226105.9
225453.8  109967.3
270600.9  184461.6
273096.9  224871.0
208959.3  223346.0
189267.7  163493.2
158901.5  111633.8
304832.6  228499.7
363556.0  335969.3
342338.3  305972.2
320950.5  209856.9
334660.0  275521.9
322414.3  214580.1
335219.2  261812.2
310931.5  188150.5
370642.3  303375.7
303065.5  233308.1
308739.2  154027.1
283629.5  215861.9
289115.4  157825.3
       p2p2       
 KB/s in  KB/s out
312702.4  218294.9
322220.9  254678.6
359655.7  207900.1
311286.8  222996.7
334856.6  216296.0
309052.0  238816.1
297381.5  210338.1
325100.7  264443.3
287066.6  201181.4
302026.0  166014.2
295597.0  276409.4
196258.6  153022.6
228545.4  139532.5
310030.2  188876.4
297454.7  179646.2
335703.4  306658.5
350693.7  256360.3
350705.8  271594.4
257177.1  265376.4
340825.5  240464.6
350313.5  226534.8
319145.3  215870.6
       p2p2       
 KB/s in  KB/s out
341789.0  222449.4
365011.1  234108.5
140056.7  110871.9
14798.23    590.82
 8261.18   9532.23
  794.60    649.34
  773.07    619.66
  575.91    536.41
  401.33    359.77
  642.20    601.83
382138.2  287843.1
362488.3  275407.6
365805.4  291827.9
399673.5  286562.1
366959.3  210546.8
392984.7  324861.0
401350.9  312162.2
394574.4  364251.2
75184.25  57869.03
297522.8  213480.4
376315.9  208422.4
412718.3  353834.5
       p2p2       
 KB/s in  KB/s out
172188.9  103676.0
427716.8  356965.2
394559.7  288880.8
292099.3  199263.0
395125.4  233812.3
391632.6  245579.4
375845.5  237241.7
418636.8  291839.1
388280.2  335719.1
398879.3  260328.9
410447.1  296085.9
393064.3  222673.1
402788.3  321655.0
367827.9  217538.0
402998.4  301746.7
352836.5  256590.5
401973.0  239005.7
387733.6  301896.1
409511.0  299004.5
387820.8  309937.7
404905.4  313797.9
408726.7  299899.6
       p2p2       
 KB/s in  KB/s out
410405.7  218095.9
369901.7  263405.7
336158.3  229034.7
326806.0  339340.3
278489.4  183223.1
387624.3  279140.8
385054.1  296079.6
317996.8  245889.1
395928.8  352341.3
263259.5  153700.4
419626.3  318772.4
433824.7  291319.2
418924.2  269155.5
397713.4  292746.6
419084.5  314161.3
424326.5  223225.8
379762.3  300745.5
319742.6  219716.0
372878.5  282459.6
384869.7  347793.4
354833.8  302848.3
377687.6  240233.2
       p2p2       
 KB/s in  KB/s out
304292.0  195458.3
455519.2  302113.5
390291.5  362516.2
360156.9  343890.6
430580.0  305497.7
399044.6  361247.8
360620.0  214977.2
394096.5  275628.5
333118.9  239757.3
361835.9  341813.6
345405.5  253896.5
276016.4  246153.0
257211.1  205545.9
405585.2  272336.6
418409.4  298832.3
385434.3  260975.7
385987.7  326917.9
355817.4  205639.6
375930.8  260103.3
387781.5  278326.8
407178.6  300277.2
409523.5  344124.7
       p2p2       
 KB/s in  KB/s out
341766.0  265121.9
418030.7  258155.3
379730.2  304382.9
415715.9  329054.8
428702.5  247144.4
391336.2  282379.1
432058.0  419343.8
322351.4  262510.7
387455.5  247176.9
429616.5  384410.5
385623.0  289939.8
411384.2  306755.4
394576.9  289618.3
410629.9  343226.0
390168.4  285414.8
409867.9  262192.0
379370.0  321085.1
370021.7  250070.4
316539.4  199284.6
320567.2  197346.0
115206.8  67157.10
332768.8  249725.9
       p2p2       
 KB/s in  KB/s out
329929.4  263337.0
351113.0  269384.3
450768.4  276425.7
406510.1  344081.3
433847.6  350519.2
232492.4  169597.8
19245.60   4017.73
381014.1  288667.5
377455.8  282502.7
397063.7  286658.0
403414.3  309706.9
417497.7  375370.1
393132.0  355235.2
350987.8  313521.4
373952.1  229037.9
362286.7  283692.7
388106.7  319335.2
409668.7  302213.2
337580.1  260884.3
373917.2  320806.4
102591.6  67361.91
 1331.76    583.40
       p2p2       
 KB/s in  KB/s out
  671.26    594.15
  509.89    374.73
  618.42    492.63
  764.00    681.03
  458.55    453.19
  484.38    447.69
562611.6  330934.9
410020.8  349151.9
434495.5  237074.4
427975.4  280587.4
415978.7  291127.1
459003.7  287030.1
440147.7  306153.0
429852.4  323694.1
476694.7  394023.7
424174.4  417596.0
372600.4  326237.6
415929.2  308479.7
400360.9  317037.5
444266.7  355068.0
474621.7  298394.3
432313.4  345268.2
       p2p2       
 KB/s in  KB/s out
473527.9  402547.9
458152.9  368335.0
402006.0  294500.5
410309.4  297397.0
471756.9  364999.3
447666.8  332692.5
374617.9  278081.9
468055.7  210861.2
391675.4  299521.1
416575.9  408036.5
368888.7  194350.7
404645.9  301798.1
333206.7  189031.5
458795.9  237876.1
423532.2  300486.2
450045.6  364089.3
436343.5  363665.7
390386.4  277182.3
334027.1  224676.6
443655.9  294076.8
433014.4  327687.0
397774.0  273331.0
       p2p2       
 KB/s in  KB/s out
357264.6  232456.7
412545.5  230777.2
478686.5  367618.1
423132.0  280601.0
338568.5  242424.4
387020.4  274343.7
368448.4  269523.5
358026.5  256293.0
347604.5  300980.1
262824.0  210844.8
371552.1  228190.9
379869.4  259141.9
410342.5  224645.7
404255.1  287833.5
466967.6  367353.6
358791.1  237287.6
465490.4  335023.9
436132.5  348273.8
453548.9  263035.6
413493.9  273464.8
82146.59  88974.00
178304.8  112572.8
       p2p2       
 KB/s in  KB/s out
300796.1  248010.3
104065.4  85733.07
401717.6  234030.7
439543.9  356427.1
457105.8  316544.2
495478.2  449857.8
457825.6  319424.1
448643.3  332003.7
443827.4  371322.0
437299.2  343948.3
425388.3  290544.2
473613.3  359681.4
345823.3  272665.5
382702.9  268927.9
393793.7  358630.7
437180.5  362209.8
487111.9  295168.3
366702.0  204500.8
450335.8  432183.2
413743.9  259929.1
454443.3  284357.9
511861.0  370177.2
       p2p2       
 KB/s in  KB/s out
409443.7  310494.3
376524.5  258248.8
417342.8  314753.7
430775.8  303092.4
443659.5  343997.0
313038.5  238301.0
491115.5  358880.3
434925.8  342169.8
371642.5  290824.7
217557.1  188290.6
314180.5  236292.7
344207.8  246152.5
426151.6  294875.9
310969.8  231977.5
322202.0  223001.3
289172.1  220625.4
313292.3  249679.5
399857.3  231857.9
324838.7  259214.5
420240.4  206486.2
425810.3  442299.2
400476.1  241133.6
       p2p2       
 KB/s in  KB/s out
417841.7  288486.4
441633.2  362543.2
429990.9  227008.7
385963.5  290397.2
387885.5  237482.9
421968.9  325710.1
421733.9  306542.3
432710.5  381267.3
438656.9  320780.2
404123.4  338757.5
532399.6  346824.0
386850.2  333516.1
445371.4  372423.5
352100.6  296207.5
343972.1  277765.6
 8156.11    750.25
128875.6  110903.1
37722.33  36020.32
  826.71    539.42
  718.66    555.07
  589.24    515.49
  577.43    539.08
       p2p2       
 KB/s in  KB/s out
  544.82    477.04
15831.95  11272.86
587879.3  423538.1
480783.7  335936.7
544383.4  332460.6
450621.7  352707.8
382263.1  158952.5
488457.5  335973.8
531222.0  353435.9
447524.4  192380.0
395455.1  246241.8
456747.0  311688.3
339959.5  435547.1
447068.0  423861.1
456004.8  312812.4
444117.4  324994.3
492285.2  374060.8
469439.6  456401.6
446186.1  252460.6
548972.1  361549.1
400378.2  375233.1
518119.5  408884.4
       p2p2       
 KB/s in  KB/s out
418323.7  302078.2
458806.3  373358.4
382575.6  366135.5
400667.0  292565.3
419492.8  196500.0
495219.1  340541.5
438075.1  314452.0
368374.9  239102.6
329720.0  178858.8
431124.3  377891.1
458636.8  321850.1
501344.2  395869.8
497959.3  385346.6
471871.9  320450.6
490443.6  313833.6
363246.1  214482.5
497078.3  394584.9
473459.4  329132.2
427354.2  325946.3
479683.6  385308.6
510227.4  389987.3
444919.4  341631.6
       p2p2       
 KB/s in  KB/s out
491983.3  372804.1
297636.0  149809.4
433406.7  277462.1
473172.8  389127.4
410776.7  302132.3
424098.4  302492.1
283776.8  187881.1
452840.7  313114.9
522977.1  301592.9
393877.2  304747.7
450956.6  371415.9
491475.7  293947.1
401875.0  277313.2
472807.2  366219.5
391667.4  352122.2
47973.38  28661.98
248341.4  205510.6
481392.9  324067.4
573705.8  406847.3
538958.9  444978.1
457268.1  345548.8
498945.9  381867.3
       p2p2       
 KB/s in  KB/s out
538791.7  419099.0
459298.6  426948.4
493936.5  393462.0
423376.1  370524.0
549718.0  361800.5
494341.6  326986.0
459478.5  352151.1
383950.3  341150.9
516573.7  384025.1
485078.9  356684.6
537087.2  445371.8
402090.5  344943.1
490370.0  345073.6
475316.3  306630.8
480443.4  301270.9
464088.3  402782.6
464667.2  319282.2
448825.7  313764.2
419308.5  302722.1
491813.8  376032.0
403134.5  346413.6
372008.5  245891.7
       p2p2       
 KB/s in  KB/s out
314890.2  260898.9
433828.5  297862.3
463870.5  328750.7
435991.5  311344.1
470940.3  406318.9
282991.6  125722.7
275266.4  201302.1
448385.2  334528.9
328040.4  127523.5
454954.8  338427.8
362504.5  272314.8
488258.3  529932.1
384204.7  295824.1
283986.6  75908.57
447224.4  405675.5
432890.6  319112.2
465444.4  378836.1
478070.4  345760.1
514098.7  352878.2
500452.7  425530.6
496497.8  385028.6
457143.1  336193.8
       p2p2       
 KB/s in  KB/s out
395597.7  304549.2
408686.0  311622.8
480015.1  272433.5
473815.9  359909.5
479666.3  276868.2
445545.1  214026.8
446241.2  370104.4
430027.0  342862.9
469912.9  306591.3
417849.4  308048.4
336590.2  307161.0
321010.1  257950.0
297623.5  217146.4
175124.2  95205.24
20161.57  10604.79
12892.68   4024.85
  673.50    505.35
  671.68    503.14
  513.48    463.18
65077.34  53278.53
129715.0  96561.59
65269.35  87749.85
       p2p2       
 KB/s in  KB/s out
119707.8  83410.29
61863.65  16789.06
113536.5  50253.23
98280.93  36537.42
142276.3  148037.1
104339.6  53480.90
109409.2  63170.34
51626.83  30654.83
112582.4  78209.06
68244.96  35129.35
126292.9  69435.23
139584.2  101950.7
49584.08  43583.15
70656.04  70314.72
124097.0  91208.70
100335.8  73914.67
107771.5  69609.52
116795.8  93100.40
85113.58  110342.2
135042.3  121895.5
117911.6  87484.45
28727.50  25978.86
       p2p2       
 KB/s in  KB/s out
106562.0  86855.20
118873.8  86820.10
76137.27  82434.60
118837.9  91080.54
62832.26  26389.34
124504.8  83671.72
113389.2  112641.8
127426.2  93447.50
136342.5  126533.5
108843.1  80630.60
110017.8  56606.21
122317.6  66499.98
124987.1  119919.4
127356.5  93528.45
114127.0  82376.12
132255.6  70785.27
81690.84  35230.05
128924.9  112293.8
129889.0  96567.07
77854.40  122196.0
89219.29  30814.60
41858.85  40333.56
       p2p2       
 KB/s in  KB/s out
115958.5  96579.01
124498.2  57899.25
120611.1  114377.2
79351.51  75486.26
105312.7  56647.28
89191.17  100684.7
71146.01  80390.25
126642.9  95579.48
77774.85  59682.62
125568.6  80381.97
71466.02  70539.87
113289.8  62286.99
122735.5  74896.35
115340.8  109341.7
108401.9  79250.49
126540.9  70636.52
122346.6  68118.46
128092.0  58371.30
119847.9  77138.42
122529.7  99734.12
49106.78  28609.69
125223.1  93415.28
       p2p2       
 KB/s in  KB/s out
92181.06  107149.8
69630.70  44647.48
28933.89   9243.85
32146.81  17891.23
114317.2  93307.56
89398.85  54586.95
122690.5  69618.32
122266.2  117988.1
120761.8  58859.58
122918.1  113670.5
116397.2  73835.49
119286.4  69788.53
103975.9  93101.25
113405.3  111648.8
112392.6  52309.50
100179.3  55631.65
67494.17  71834.12
117827.5  83521.61
77459.36  24422.78
116318.3  80402.09
106414.0  71740.80
69221.68  62874.84
       p2p2       
 KB/s in  KB/s out
124569.5  78253.51
106975.8  70641.67
128282.5  113778.6
131050.3  82470.78
139525.5  89103.64
101897.7  81385.13
118861.0  79296.80
82329.54  85716.76
75510.64  79046.48
129255.1  95514.35
106021.5  87861.51
74426.39  56570.18
108018.9  62191.64
101828.4  77107.88
88159.02  109366.9
123197.6  101146.8
112832.5  99039.17
101591.4  93281.54
118538.2  95528.05
128084.8  127396.3
145054.1  91075.19
114184.0  76030.94
       p2p2       
 KB/s in  KB/s out
104430.0  96463.13
131754.6  106111.3
65721.35  44810.52
129095.0  43920.81
125647.9  112524.6
133842.6  96475.67
124700.3  117958.1
70758.17  27598.19
  687.73    617.85
  613.74    528.23
  482.60    482.56
  549.13    503.49
  469.71    456.69
  501.93    471.76
  571.76    534.89
239905.9  237581.3
259514.1  115362.4
230578.7  195711.8
158199.2  135176.2
224551.7  181892.6
189092.1  112751.2
215931.2  145176.0
       p2p2       
 KB/s in  KB/s out
150788.9  152492.6
180966.8  123767.2
222101.0  126868.6
210945.2  152844.4
205360.4  123479.9
188906.1  171687.4
175885.6  149883.7
222038.0  157724.3
205871.4  176359.8
193832.8  189891.1
154000.7  107318.5
174646.8  127664.7
134941.1  105135.0
254940.4  206060.6
180825.6  101038.4
160672.3  101896.1
223987.2  190258.0
233397.1  159312.6
199523.8  174461.1
241047.9  219104.1
193264.4  133175.1
207301.0  156951.9
       p2p2       
 KB/s in  KB/s out
197156.4  109576.9
194336.7  127802.7
140137.8  106205.9
177288.0  123483.3
129766.2  103885.6
159842.2  110689.6
162161.0  183516.4
217093.2  112877.4
113102.6  49322.73
168894.1  137219.5
149667.1  139560.2
196395.9  183704.1
217763.3  151572.2
178701.1  124503.7
179543.6  177508.7
199679.4  160272.8
190859.8  125822.6
200064.6  174076.1
216765.2  105365.1
173343.1  197728.5
130750.8  126653.9
175045.7  115949.0
       p2p2       
 KB/s in  KB/s out
169030.4  107467.5
246350.9  120683.5
232977.1  191423.3
194232.0  116041.9
220536.7  135351.5
224808.5  119376.4
231246.6  154978.6
162498.0  96365.30
188872.2  140263.6
198607.8  167394.0
224243.1  191584.5
192546.3  111876.8
200074.0  117041.0
213513.1  214960.3
133002.4  124478.1
88747.46  54753.00
145337.1  114815.9
155591.2  122402.8
208962.1  108157.5
200152.0  171292.7
180555.8  158051.8
223851.9  156328.8
       p2p2       
 KB/s in  KB/s out
190225.5  107443.2
153245.6  101078.4
246597.3  141787.4
133277.9  54767.69
190553.1  117252.7
194100.6  146341.9
201682.1  190291.0
149159.5  86020.34
156612.4  115829.1
191283.5  147200.2
196778.5  97718.40
258077.7  193591.5
182372.8  130104.7
215199.6  173201.7
172801.9  110755.0
216334.9  156970.4
222352.9  213203.0
215904.3  150402.1
145351.2  104083.2
203006.8  155102.8
142383.3  71876.35
174618.2  151613.3
       p2p2       
 KB/s in  KB/s out
220558.3  117871.9
110308.7  72989.48
167083.3  125468.8
222521.5  137859.4
179319.6  127715.7
133725.6  71390.60
160435.1  94024.73
228996.6  225755.7
141180.2  79457.78
216482.8  181526.1
127226.1  78362.15
190203.9  131174.9
180487.0  127145.0
209621.7  128589.7
157441.2  103291.9
188656.4  113955.7
199140.0  175049.6
170027.7  110792.7
118106.8  119118.3
181780.3  141006.1
223444.4  171050.3
189243.8  176400.2
       p2p2       
 KB/s in  KB/s out
214966.8  196770.0
237454.2  196877.1
123950.2  81529.40
164256.3  121058.4
  749.68    665.27
  777.14    679.60
  478.96    415.50
  711.16    648.30
  744.50    693.88
  526.05    497.96
 7112.01   3828.34
421108.0  257096.3
378320.8  205198.7
318500.2  231930.8
395446.7  344580.8
402360.4  290721.2
378119.4  310262.2
427298.8  311149.4
319553.2  218833.1
414202.5  313010.7
417563.6  342087.3
313766.9  213713.7
       p2p2       
 KB/s in  KB/s out
439046.6  342601.1
405459.2  300244.2
396307.9  305944.9
371210.7  256166.0
395687.1  286168.4
397205.1  245385.6
386361.2  288162.9
368336.4  315261.6
347709.3  267306.7
392971.1  300472.8
388594.1  302265.9
428874.0  343649.7
372918.6  330932.8
412010.1  269369.1
430657.0  324848.5
354971.9  259116.5
404904.6  266460.1
396261.8  230758.9
307606.4  207715.0
400882.2  322558.1
250901.1  198344.0
329940.8  194662.4
       p2p2       
 KB/s in  KB/s out
387504.2  270460.3
355634.9  231909.8
388487.3  283904.3
410383.7  335454.2
390230.1  249074.8
387671.2  302271.2
402555.7  324731.6
394642.7  330937.0
343165.7  298727.5
320077.0  214561.3
338642.1  176143.7
396540.9  288323.1
383434.7  332876.0
384026.9  331899.7
318137.0  269381.6
363452.8  285734.5
400668.1  379578.7
348251.1  317982.7
345170.5  230953.7
383380.8  258952.5
409209.2  390349.5
387234.7  302428.1
       p2p2       
 KB/s in  KB/s out
386026.9  292564.0
414738.9  358768.1
328565.6  283930.9
307780.6  268572.9
379410.7  293923.3
370514.1  317750.8
373015.1  191747.3
296061.2  228068.2
307838.5  280822.9
355897.0  248661.9
374087.2  255863.5
422514.1  239274.2
398958.6  284706.9
380630.3  247371.9
395615.3  269825.7
403441.2  230640.4
363494.8  268181.2
373485.7  295864.2
379360.0  282111.4
380170.5  281837.3
328407.7  274235.1
349489.5  237694.3
       p2p2       
 KB/s in  KB/s out
391595.6  308091.9
344245.3  241802.2
420873.9  383158.9
411085.8  296917.1
363903.5  300775.7
388763.0  265208.8
423653.6  272841.0
397947.9  306343.9
395255.1  317313.2
395257.8  270346.6
280405.8  205449.3
291837.9  157745.4
386945.0  269401.1
360760.1  304539.5
340267.6  227892.0
400186.6  358562.7
343154.7  280189.3
377283.4  304345.9
373538.6  228038.2
364246.6  248024.0
387951.5  311311.0
365843.2  338963.4
       p2p2       
 KB/s in  KB/s out
395376.7  267308.5
407148.8  323786.1
339735.4  260031.8
296799.7  290218.0
227658.7  108757.4
287603.5  187717.1
338795.7  341628.8
344000.5  205722.7
385175.9  314381.8
357561.4  320947.6
361427.6  277676.5
423143.1  344093.0
376855.3  265272.1
371914.9  262712.5
391248.3  322809.3
403149.3  254410.4
407481.7  293200.3
429268.2  314698.3
425878.7  311197.1
439294.2  239026.3
164406.0  151529.0
206972.4  175981.0
       p2p2       
 KB/s in  KB/s out
23864.13   2827.29
148246.9  150411.9
 1658.77    517.00
  608.44    526.88
  610.49    568.70
  609.84    548.50
221292.6  154905.3
481463.3  341893.3
442948.7  481899.9
507263.2  345741.1
342441.2  286161.5
273772.4  225499.7
474959.6  308228.6
474954.5  398890.0
448928.1  349818.3
381373.6  290405.0
401093.1  282952.4
484963.3  337283.7
450425.1  371060.1
436573.3  366180.3
446159.0  328946.0
419205.4  331004.3
       p2p2       
 KB/s in  KB/s out
414509.3  286848.6
391117.0  292236.7
455873.4  266219.1
485199.4  314360.7
403529.9  294063.7
477886.1  413022.3
374638.1  295552.3
466599.7  351642.7
436136.5  364206.2
446152.5  340900.2
434228.5  324999.4
450360.9  322281.8
424310.3  259598.5
480367.2  305968.2
422881.8  410352.6
427618.7  333146.3
441714.4  294035.9
352847.1  290928.0
390121.8  253902.3
421126.9  282797.4
464835.9  326938.1
446510.5  272885.6
       p2p2       
 KB/s in  KB/s out
427249.3  339955.1
445310.1  316804.6
363811.4  235533.2
394053.8  278583.2
428605.2  269965.9
445169.7  370974.2
459008.6  407793.2
424645.4  360660.7
435833.2  266315.7
363439.6  257106.5
442490.7  283004.0
399495.8  294315.4
373570.1  324041.8
349814.4  231457.9
455401.6  360735.7
462310.6  366133.9
427211.0  335108.4
435427.2  368474.7
419299.2  227172.0
409903.1  273922.6
424522.4  302386.1
409019.6  294013.2
       p2p2       
 KB/s in  KB/s out
357049.7  315132.6
377216.4  327588.4
451690.6  278117.8
423508.1  321899.5
422574.8  275597.8
410253.7  357300.7
351070.4  193749.5
385407.9  365278.7
360090.4  229866.7
364249.4  215290.6
444109.3  308464.5
432715.6  308899.0
449495.7  396379.7
321067.6  289140.1
393858.6  251571.8
456532.7  347298.2
436836.5  345740.8
401632.0  269329.2
428036.3  213839.1
365078.4  271750.9
414803.9  365086.2
475063.1  409671.3
       p2p2       
 KB/s in  KB/s out
446822.4  306218.2
424301.1  216599.9
444914.9  332197.0
443058.2  365353.2
417267.5  318244.4
435427.6  247348.8
477255.5  331103.0
396532.7  277090.9
419789.6  242999.8
397443.9  267794.6
437751.3  356431.7
405960.4  250727.3
286057.0  193163.4
394735.3  281389.6
449721.5  341428.4
414775.8  309873.6
435971.8  286211.9
475578.7  295080.5
355697.6  259544.5
332316.5  253691.4
410025.1  249170.6
385628.4  243533.6
       p2p2       
 KB/s in  KB/s out
435209.1  337079.8
421000.4  392586.5
433026.7  305825.9
483982.6  401015.0
448580.2  346590.9
278962.4  163311.2
303522.3  244897.9
405909.0  437359.9
382513.7  315222.5
272801.0  212868.4
481654.4  366312.5
446278.6  365646.6
360225.5  258494.8
443184.1  315192.5
419130.8  249658.5
448624.6  277253.9
380335.5  311054.3
262239.7  220892.3
189009.0  132009.1
58152.80  30727.85
225474.4  232192.9
11023.39   1803.79
       p2p2       
 KB/s in  KB/s out
  819.55    709.88
  587.94    459.26
  546.31    502.98
  598.54    529.94
  623.11    571.99
  437.39    399.00
  614.26    574.89
345814.7  264673.4
479504.3  250986.8
470490.1  369392.6
507982.1  362526.9
525097.3  423676.3
508151.2  356714.2
512350.2  337074.5
454135.9  374506.2
476824.9  296559.7
443751.3  407940.2
457450.3  394609.4
420344.8  343229.2
196795.6  75540.39
176261.9  127632.1
413032.2  421027.9
       p2p2       
 KB/s in  KB/s out
270308.5  75773.06
487075.0  355977.4
512908.1  439096.8
374553.3  386327.3
460621.5  300952.0
463888.0  317499.7
475933.1  310044.0
476739.5  428723.1
466140.5  414153.1
481565.7  371667.2
408161.4  344676.7
505995.1  410524.6
428395.3  340151.0
358310.9  218144.8
417584.2  224448.4
419994.5  339996.5
438355.4  327026.0
457631.2  308405.8
503768.8  389827.1
526859.2  361545.6
348454.3  183096.8
374819.3  203817.9
       p2p2       
 KB/s in  KB/s out
489074.7  327909.5
415344.1  432820.5
470361.8  396149.6
434669.0  274567.1
331691.7  223680.8
480293.0  324982.8
492225.3  364952.7
370626.8  287639.5
378222.7  223657.7
361110.3  224449.0
457316.7  359238.6
420531.4  306380.1
474679.7  290086.0
444525.0  278636.1
403111.8  241928.8
445263.1  257956.0
478654.3  338444.0
441820.4  378894.4
469110.7  363143.4
467516.5  368772.5
444150.9  392085.0
370217.8  276038.9
       p2p2       
 KB/s in  KB/s out
362648.5  296152.4
530209.0  344222.2
406299.7  240440.4
400091.5  230835.3
368171.8  367998.3
412718.0  289221.9
456606.9  322571.1
480276.1  319737.1
453081.8  346468.6
440209.9  353411.9
435219.0  384493.4
345701.2  234951.6
415146.1  250892.6
441667.1  356611.5
508301.8  353824.0
429349.4  294035.4
443657.9  240625.5
449929.3  289397.2
425580.6  322635.9
457952.1  384753.2
487568.3  414407.4
379448.5  337020.9
       p2p2       
 KB/s in  KB/s out
365018.4  291800.3
397551.3  337822.0
390041.6  320430.6
368947.5  336104.3
442474.9  394161.3
370136.5  279226.8
464893.7  341191.1
382422.3  281089.2
426229.8  300798.2
450565.1  267557.2
498769.6  414888.6
432559.5  327061.3
298307.2  175779.2
434096.8  296410.1
435783.0  275425.5
452917.6  274963.2
404830.7  262716.0
452503.9  338765.8
405101.4  283675.2
427485.1  301061.6
417085.1  245030.2
422861.3  396913.1
       p2p2       
 KB/s in  KB/s out
317847.1  252128.8
460795.7  281301.5
433471.7  378460.8
441255.0  373104.6
479006.0  327377.1
403212.0  263537.7
354864.7  250607.1
259266.2  185697.1
409411.3  260844.3
472993.3  370160.1
450443.8  402038.2
419704.4  313014.9
551387.7  393447.5
515955.3  318564.6
490059.4  282524.2
368318.2  234035.3
439151.7  493347.7
395551.2  295649.5
443028.5  277065.0
343299.7  235002.4
268478.3  179960.4
40558.35  36145.29
       p2p2       
 KB/s in  KB/s out
 1344.58   1698.89
  593.04    497.90
  563.08    502.41
  579.38    555.03
  546.67    517.82
  462.58    428.34
  690.17    653.59
  521.37    521.42
276549.6  230480.9
600193.3  469565.2
523037.5  438018.2
532229.5  249659.1
444878.6  264923.2
405648.4  252302.7
498657.2  402396.8
472632.7  329366.3
467382.3  324361.2
433528.3  468749.4
450965.5  425931.5
456728.4  380706.2
488545.8  274162.1
469081.3  348068.0
       p2p2       
 KB/s in  KB/s out
488709.1  353532.2
505391.4  389119.9
496860.5  415942.8
357531.5  318322.4
500839.1  300984.9
381555.0  382232.8
503678.8  370331.1
398982.7  364043.8
454186.0  363611.1
493392.7  370891.0
380831.8  174292.1
334703.2  246358.0
487518.8  436990.9
469368.3  441501.4
456726.2  285665.4
530464.3  319117.6
503195.0  335001.7
500693.4  314720.3
467528.3  287948.7
509214.5  292064.7
391218.4  423825.3
409347.2  379449.5
       p2p2       
 KB/s in  KB/s out
357103.4  274713.8
379029.6  206394.3
355663.0  264989.0
431034.8  280474.7
430150.8  360322.4
473791.0  392024.2
434483.6  343607.2
395041.5  328042.8
462940.9  328866.5
468751.0  371880.0
479031.5  440645.6
438860.8  290483.2
408922.0  257284.6
507011.2  434805.2
536893.0  397396.1
358899.5  303886.6
469900.2  310811.0
514635.8  414261.5
507906.4  299237.3
427157.7  383194.9
452602.2  292899.8
478385.2  521849.9
       p2p2       
 KB/s in  KB/s out
455351.4  357843.9
403482.7  308653.5
426199.9  326383.5
488564.9  344943.6
392541.2  251210.5
496740.8  385582.3
454229.3  316019.6
483788.6  346114.4
569723.1  431262.8
454756.7  249484.4
248741.1  133611.3
187160.6  90485.88
461159.4  275518.9
488525.7  400762.0
292139.5  140271.5
432692.5  262181.2
425999.5  389917.2
446722.1  403653.2
435077.7  386953.6
498275.9  358668.3
496856.3  460544.0
485234.2  412701.6
       p2p2       
 KB/s in  KB/s out
450973.8  361138.5
498440.9  390321.3
535467.4  430321.8
547612.6  420420.6
460251.1  410227.1
492133.8  306337.3
444387.1  318233.5
477886.3  396198.4
497546.2  335294.7
385463.9  268577.1
228667.0  106028.7
414373.1  353941.9
464951.3  460827.2
482547.8  379518.9
453819.3  390561.2
376504.4  340882.9
511956.4  412362.2
474267.7  326003.2
531475.5  409794.7
529528.4  370986.0
492191.4  313366.7
524172.5  402183.6
       p2p2       
 KB/s in  KB/s out
469821.6  382974.2
470555.4  318397.5
501668.6  293773.6
464030.8  337665.4
432937.0  225761.7
457904.7  372203.0
442032.3  391793.3
447010.2  311910.9
502686.5  352903.4
501313.7  428240.2
435676.2  358718.2
493139.2  420465.0
419070.6  322464.9
392402.3  233588.4
371086.1  258843.9
470176.3  341972.6
469304.1  338104.5
451934.5  332314.7
475627.2  272784.8
522003.0  335604.2
385791.5  327980.8
343623.4  210775.9
       p2p2       
 KB/s in  KB/s out
424527.5  369400.2
356183.7  212334.7
305283.8  193279.1
281020.9  158114.3
306306.0  176608.5
168112.0  69982.22
 1909.02    700.36
 4711.18    573.95
36010.44  40379.36
  656.51    514.19
  627.90    500.73
  519.93    460.74
  559.95    507.08
  654.95    568.23
  618.62    558.56
  596.35    590.71
  568.34    524.68
  677.24    637.95
  471.57    470.49
  482.23    480.98
  304.53    308.91
  465.31    460.56
       p2p2       
 KB/s in  KB/s out
  568.80    568.74
  596.30    595.74
  507.14    510.14
  528.05    526.59
  579.53    584.13
  405.98    412.40
  527.56    511.90
  355.31    354.87
  533.41    532.84
  543.16    544.23
  552.58    550.25
  504.17    505.91
  573.97    578.23
  585.56    580.79
  430.59    425.44
  316.02    320.94
  552.88    547.65
  559.39    563.72
  404.44    406.47
  644.19    645.13
  457.98    449.90
  399.03    403.72
       p2p2       
 KB/s in  KB/s out
  515.95    512.05
  532.01    521.24
  664.64    677.80
  487.69    485.01
  418.62    419.79
  713.08    716.07
  468.33    466.38
  517.83    522.79
  532.03    517.76
  523.53    522.30
  436.74    445.17
  698.71    697.17
  295.23    293.55
  528.86    531.32
  576.07    572.74
  353.26    351.93
  587.11    579.36
  517.56    525.74
  439.84    434.70
  651.79    653.37
  436.28    436.24
  506.67    509.72
       p2p2       
 KB/s in  KB/s out
  556.44    555.25
  296.94    291.31
  602.76    608.86
  567.10    557.54
  329.62    328.79
  545.76    549.83
  654.39    644.02
  489.62    498.23
  344.65    344.30
  544.78    544.41
  414.67    412.94
  556.40    564.34
  390.86    387.65
  635.33    630.64
  486.46    480.63
  415.27    416.07
