       p2p2       
 KB/s in  KB/s out
  579.88    570.12
  439.27    434.05
  414.87    418.13
  531.63    536.85
  427.00    393.34
  771.34    736.35
  635.78    597.22
  618.76    579.85
  389.15    379.05
  587.70    546.77
  756.46    668.55
  602.27    552.43
  540.94    491.15
  527.64    484.67
  479.69    409.33
  627.26    604.54
 1617.44   1524.09
 2534.57   2401.73
 2704.48   2766.64
 2918.76   2724.43
 2784.39   2623.49
 2519.74   2384.29
       p2p2       
 KB/s in  KB/s out
 2495.29   2242.33
 2785.03   2584.96
 2818.38   2437.10
 2464.97   2310.89
 2451.49   2380.43
 2442.89   2419.17
 2503.55   2547.26
 2634.76   2468.62
 2921.21   2533.40
 2570.67   2655.54
 2414.59   2362.83
 2511.91   2301.01
 2810.23   2469.80
 2575.86   2260.88
 2387.36   2296.59
 2648.51   2579.31
 2666.29   2456.40
 2644.31   2510.33
 2579.14   2261.28
 2531.78   2392.35
 2655.77   2374.33
 2705.39   2448.54
       p2p2       
 KB/s in  KB/s out
 2747.66   2411.06
 2485.46   2127.05
 2714.77   2600.03
 2419.87   2156.44
 2598.18   2340.22
 2899.82   2515.79
 2292.73   2223.13
 2641.20   2482.30
 2493.29   2383.98
 2581.94   2481.40
 2825.04   2496.97
 2551.74   2191.09
 2578.21   2398.48
 2531.58   2368.28
 2395.16   2631.04
 2566.37   2128.77
 2763.12   2161.96
 2597.12   2326.71
 2572.67   2282.13
 2826.38   2622.07
 2640.24   2363.30
 2393.86   2276.82
       p2p2       
 KB/s in  KB/s out
 2336.42   2241.86
 2676.16   2402.02
 2715.08   2370.92
 2273.87   2230.40
 2465.01   2199.82
 2535.14   2427.66
 2475.40   2240.53
 2474.42   2364.80
 2912.51   2517.34
 2570.05   2328.18
 2652.17   2348.57
 2359.47   2297.00
 2347.88   2153.03
 2862.21   2227.87
 2446.83   2286.89
 2644.32   2533.74
 2371.42   2229.80
 2569.75   2380.21
 2625.60   2221.82
 2563.43   2325.94
 2472.86   2498.48
 2510.95   2520.34
       p2p2       
 KB/s in  KB/s out
 2697.08   2723.96
 2709.49   2182.20
 2705.11   2255.24
 2349.78   2386.16
 2535.77   2183.23
 2523.86   2369.00
 2537.68   2257.27
 2463.70   2362.29
 2201.92   2069.00
 2590.75   2457.42
 2807.32   2482.98
 2606.44   2305.04
 2346.26   2335.31
 2432.20   2545.04
 2554.54   2240.44
 2555.21   2283.55
 2833.72   2423.87
 2661.57   2470.63
 2463.51   2178.54
 2541.78   2486.82
 2324.11   2192.05
 2704.51   2125.09
       p2p2       
 KB/s in  KB/s out
 2933.15   2445.35
 2436.11   2439.76
 2472.63   2161.84
 2611.02   2276.66
 2787.15   2432.14
 2390.34   2167.22
 2419.18   2242.74
 2424.72   2348.10
 2570.85   2375.45
 2692.47   2350.03
 2429.20   2224.29
 2369.46   2386.90
 2588.64   2430.94
 2781.11   2491.93
 2818.90   2186.01
 2609.07   2403.56
 2273.19   2237.96
 2674.49   2430.14
 2593.74   2252.81
 2804.65   2396.50
 2690.80   2341.71
 2502.23   2452.91
       p2p2       
 KB/s in  KB/s out
 2348.25   2465.25
 2507.53   2344.49
 2831.68   2322.36
 2677.22   2284.00
 1846.67   1741.76
  646.57    486.85
  775.44    569.31
  834.85    557.59
  650.59    504.78
  521.12    460.67
  450.28    422.40
  623.83    615.38
  962.54    990.25
 2446.02   2354.63
 2487.52   2466.40
 2350.73   2280.10
 2445.44   2219.95
 2740.84   2222.73
 2696.97   2504.97
 2457.65   2198.64
 2764.23   2641.55
 2523.83   2409.70
       p2p2       
 KB/s in  KB/s out
 2778.81   2470.07
 2787.49   2262.47
 2591.97   2379.47
 2652.61   2348.22
 2866.25   2689.41
 2925.26   2480.29
 2760.71   2554.16
 2317.99   2150.64
 2521.00   2573.34
 2511.21   2358.80
 2369.97   2322.65
 2814.72   2254.30
 2380.37   2128.52
 2529.85   2386.56
 2702.10   2410.87
 2832.38   2388.05
 2470.88   2262.12
 2495.37   2368.26
 2406.19   2377.55
 2398.86   2155.17
 2577.07   2144.39
 2548.16   2243.44
       p2p2       
 KB/s in  KB/s out
 2272.03   2159.86
 2423.71   2282.90
 2728.92   2449.17
 2395.72   2172.11
 2550.45   2335.06
 2446.21   2264.47
 2293.15   1983.14
 2544.97   2311.60
 2625.99   2151.06
 2765.74   2621.16
 2119.27   2074.66
 2542.40   2441.17
 2434.85   2243.81
 2956.55   2379.40
 2592.94   2177.40
 2367.75   2297.88
 2568.12   2305.40
 2567.61   2201.38
 2808.56   2160.91
 2488.46   2339.83
 2717.20   2528.96
 2694.21   2353.36
       p2p2       
 KB/s in  KB/s out
 3060.62   2639.46
 2704.51   2477.17
 2869.24   2519.76
 2699.11   2671.07
 2505.01   2148.51
 3041.34   2767.47
 2949.54   2497.96
 2762.02   2550.59
 2409.30   2495.99
 2689.35   2459.52
 2748.58   2483.42
 2824.13   2290.55
 2737.70   2510.29
 2682.83   2419.86
 2797.69   2405.47
 2751.91   2561.32
 2952.36   2353.49
 2588.80   2324.75
 2844.50   2697.26
 2599.95   2368.33
 2886.48   2441.93
 2562.84   2180.25
       p2p2       
 KB/s in  KB/s out
 2602.09   2394.75
 2539.99   2288.76
 2863.07   2721.09
 2577.15   2372.03
 2612.03   2004.70
 2723.98   2465.05
 2591.03   2182.72
 2703.50   2734.30
 2706.92   2306.50
 2479.81   2099.52
 2668.23   2365.20
 2339.31   2231.79
 2664.36   2314.21
 2656.40   2373.22
 2554.11   2200.98
 2465.21   2304.75
 2592.31   2430.30
 2725.66   2536.58
 2455.77   2257.35
 2629.19   2398.77
 2396.23   2298.52
 2378.52   2204.40
       p2p2       
 KB/s in  KB/s out
 2470.13   2203.82
 2525.82   2426.31
 2723.12   2250.73
 2453.55   2123.84
 2430.70   2387.65
 2534.97   2287.91
 2807.09   2539.07
 2933.71   2343.34
 2629.43   2397.77
 2329.13   2484.47
 2611.90   2437.33
 2463.03   2347.65
 2962.14   2539.95
 2225.58   2015.77
 2471.50   2281.25
 2365.13   2412.95
 2571.38   2279.56
 2783.63   2212.97
 2440.58   2394.54
 2191.47   2094.52
 2500.12   2322.39
 2478.68   2397.46
       p2p2       
 KB/s in  KB/s out
 3101.07   2602.08
 2080.75   1874.63
  664.62    567.11
  572.27    425.36
  526.09    316.96
  914.01    664.13
  453.54    368.91
  441.82    426.11
  529.75    514.28
  856.00    835.13
 2419.03   2334.12
 2294.25   2013.04
 2628.00   2661.63
 2808.94   2682.18
 2473.67   2233.60
 2795.31   2271.81
 2494.00   2070.70
 2908.99   2683.61
 2730.13   2596.31
 2582.30   2337.27
 2472.24   2069.97
 2690.99   2662.01
       p2p2       
 KB/s in  KB/s out
 2768.65   2580.80
 2521.07   2269.59
 2434.59   2154.62
 2655.93   2228.24
 2435.58   2232.75
 2073.10   1983.09
 2417.85   2317.82
 2596.88   2296.99
 2686.19   2259.63
 2411.47   2278.01
 2773.16   2701.29
 2620.99   2615.38
 2607.27   2316.11
 2646.94   2238.48
 2580.08   2213.15
 2557.56   2375.48
 2637.58   2423.14
 2798.51   2424.70
 2827.80   2337.63
 2447.18   2205.06
 2410.90   2183.52
 2405.23   2390.70
       p2p2       
 KB/s in  KB/s out
 2617.33   2472.79
 2783.99   2321.61
 2406.59   2178.92
 2545.08   2327.72
 2516.17   2284.38
 2471.31   2271.01
 2541.70   2210.32
 2532.32   2544.38
 2547.87   2357.33
 2319.24   2289.65
 2273.47   2281.09
 2928.96   2489.00
 2752.57   2218.23
 2475.25   2502.59
 2360.69   2278.32
 2615.08   2449.56
 2865.05   2315.61
 2619.09   2407.95
 2624.95   2373.25
 2626.05   2553.57
 2666.82   2343.86
 2729.01   2265.42
       p2p2       
 KB/s in  KB/s out
 2397.27   2212.10
 2618.86   2528.84
 2716.33   2522.00
 2688.71   2409.95
 2597.13   2106.79
 2683.65   2256.98
 2411.34   2180.59
 2964.07   2800.36
 2896.41   2452.56
 2782.93   2407.60
 2839.23   2790.45
 2510.02   2392.11
 2806.52   2630.74
 3072.71   2729.82
 2822.93   2439.06
 2706.14   2588.36
 2726.80   2526.09
 2789.26   2616.85
 2737.43   2316.82
 2671.58   2211.75
 2495.42   2337.12
 2611.80   2228.62
       p2p2       
 KB/s in  KB/s out
 2636.26   2375.46
 2755.43   2354.54
 2866.28   2509.42
 2354.95   2198.43
 2190.22   1972.46
 2729.01   2580.37
 2557.65   2255.93
 2765.79   2156.64
 2475.79   2370.14
 2715.33   2583.26
 2416.80   2232.35
 2951.41   2545.82
 2627.70   2257.15
 2467.37   2438.53
 2258.87   2101.10
 2412.44   2168.58
 2801.13   2585.83
 2921.78   2335.63
 2610.29   2457.45
 2469.91   2381.02
 2326.03   1973.09
 2894.46   2498.53
       p2p2       
 KB/s in  KB/s out
 2849.08   2340.06
 2234.01   2050.47
 2353.36   2495.84
 2897.09   2762.70
 2485.38   2212.82
 2966.68   2397.35
 2616.22   2373.65
 2501.72   2387.81
 2587.40   2165.33
 2808.29   2308.54
 2940.26   2493.50
 2426.08   2262.80
 2417.56   2365.21
 2443.53   2315.52
 2493.13   2438.11
 2849.25   2416.21
 2779.31   2520.05
 2614.50   2439.59
 2623.15   2381.66
 2736.42   2535.47
 2701.40   2147.74
 2500.42   2424.74
       p2p2       
 KB/s in  KB/s out
 1076.56    856.37
  662.36    507.83
  749.00    510.27
  543.37    454.62
  797.33    715.41
  593.37    533.57
  301.25    267.57
  846.81    768.57
 2348.99   2321.07
 2503.11   2367.27
 2817.88   2695.51
 2617.97   2612.17
 2957.66   2440.70
 2654.23   2370.39
 2571.80   2544.44
 2700.84   2382.99
 2600.26   2404.96
 2900.01   2361.21
 2699.42   2242.15
 2580.30   2287.18
 2457.19   2079.32
 2550.87   2147.94
       p2p2       
 KB/s in  KB/s out
 2943.40   2725.86
 2582.97   1994.99
 2625.90   2205.26
 2598.98   2238.63
 2635.69   2358.52
 2595.22   2210.67
 2783.15   2378.78
 2644.18   2468.46
 2565.75   2325.91
 2510.44   2215.22
 2567.20   2228.37
 2632.44   2445.06
 2506.92   2546.36
 2520.10   2397.82
 2654.22   2580.63
 2722.81   2483.76
 2781.74   2422.99
 3124.00   2826.98
 2553.49   2412.21
 2415.35   2120.59
 2668.33   2357.24
 2585.55   2595.55
       p2p2       
 KB/s in  KB/s out
 2639.19   2126.69
 2459.47   2303.95
 2593.17   2300.69
 2683.29   2442.06
 2725.08   2333.02
 2501.86   2115.01
 2517.29   2414.51
 2430.86   2212.38
 2690.47   2132.43
 2613.70   2345.70
 2778.67   2523.59
 2401.66   2194.22
 2667.35   2487.20
 3087.87   2589.81
 2767.42   2350.29
 2754.40   2742.43
 2901.96   2723.96
 2655.74   2579.32
 2671.48   2398.06
 2731.38   2268.68
 2842.14   2626.56
 2721.70   2633.99
       p2p2       
 KB/s in  KB/s out
 2724.21   2666.88
 2949.78   2674.48
 2847.87   2349.17
 2300.52   2331.62
 2553.19   2315.36
 2350.88   2249.78
 2528.75   2150.76
 2736.56   2518.86
 2615.05   2175.19
 2479.27   2159.69
 2658.12   2457.40
 2647.36   2116.98
 2481.60   2093.89
 2098.61   2017.72
 2483.82   2437.98
 2658.49   2390.36
 2586.01   2172.65
 2664.73   2125.98
 2643.85   2369.68
 2439.17   2367.02
 2468.67   2252.41
 2959.36   2545.71
       p2p2       
 KB/s in  KB/s out
 2846.30   2528.73
 2413.72   2346.71
 2420.47   2299.45
 2357.97   2322.67
 2670.27   2466.49
 2764.32   2279.52
 2872.70   2664.16
 2825.71   2750.93
 2685.96   2456.98
 2867.75   2372.19
 2851.63   2404.12
 2209.54   2089.55
 2311.70   2214.12
 2357.36   2262.13
 3036.43   2711.37
 2916.08   2525.70
 2818.74   2629.56
 2592.58   2343.32
 2407.94   2149.66
 2457.08   2178.40
 3098.23   2765.51
 2667.12   2540.56
       p2p2       
 KB/s in  KB/s out
 2514.90   2448.25
 2657.82   2524.04
 2545.86   2365.32
 2746.50   2354.00
 2687.44   2389.70
 2595.97   2427.69
 2722.19   2592.32
 2707.19   2372.71
 3223.14   2764.73
 2593.95   2397.11
 2927.50   2815.74
 2656.15   2745.38
 2810.67   2469.97
 2949.00   2410.34
 2699.51   2448.30
 2646.95   2632.42
 2723.75   2422.73
 2968.28   2695.12
 2640.49   2199.68
 2470.90   2312.09
 2265.59   2493.18
 2636.72   2569.47
       p2p2       
 KB/s in  KB/s out
 2544.43   2385.81
 1461.28   1018.83
  639.38    446.90
  753.53    622.31
  709.60    590.45
  607.10    465.72
  589.41    498.05
  434.13    391.90
  662.66    673.27
  543.98    548.64
  437.59    432.33
  346.81    347.00
  638.21    637.24
  547.41    549.31
  592.82    593.43
  343.28    343.13
  485.25    482.03
  568.35    567.02
  385.25    392.20
  290.82    292.36
  410.65    406.76
  502.85    501.25
       p2p2       
 KB/s in  KB/s out
  510.17    519.53
  481.21    476.74
  464.70    457.23
73540.04  44287.55
147622.5  92376.07
145496.2  97904.01
124020.4  71815.38
145537.2  99765.87
157400.4  110277.5
162062.0  113413.6
155427.6  91912.13
148746.7  110497.0
137905.0  78657.08
164345.5  96603.36
142085.3  111534.3
143153.5  92205.32
135902.0  83293.26
134041.0  83741.85
125989.0  81211.93
144949.0  95602.44
87187.91  57096.72
119176.7  86080.72
       p2p2       
 KB/s in  KB/s out
125680.8  84131.59
118818.2  85665.90
108091.8  77163.37
133569.8  84057.98
139903.9  91373.43
145922.9  100515.5
139555.9  84241.19
127957.6  95968.47
142681.6  91437.87
143355.7  86666.18
130913.4  99984.35
122673.5  74466.85
134282.0  105316.3
127014.9  77451.72
128344.2  80489.60
153797.1  100426.0
142543.2  78738.59
154400.7  94591.40
125648.6  80813.56
127183.9  85208.10
137654.4  93254.99
125644.6  84542.65
       p2p2       
 KB/s in  KB/s out
137343.9  90992.84
149070.7  96821.77
119966.0  85878.59
142558.4  75083.98
149617.7  93188.30
139965.9  88340.35
137358.7  102471.5
115777.0  80157.09
97664.47  58432.65
133812.7  89298.08
134091.5  78527.05
110536.7  66358.60
137360.5  84627.68
130579.5  79102.82
125883.2  95036.03
110601.6  66123.45
164562.0  114924.6
125640.2  79613.20
148067.2  80842.24
138398.3  121141.7
154261.8  105316.5
161188.0  105657.9
       p2p2       
 KB/s in  KB/s out
144716.7  101305.0
143916.6  106401.9
130264.0  90300.71
168614.6  110188.1
137333.4  94341.37
126056.1  82703.79
147798.4  97765.45
129855.7  93286.41
125160.5  73324.47
154080.2  96508.99
146389.8  93119.51
140735.4  95845.10
99279.64  73893.47
96524.11  60623.39
85704.91  57192.56
64657.44  44274.93
84364.26  56556.52
131967.4  93388.40
122022.0  75784.29
129644.9  88911.84
122552.7  75497.60
151490.7  90205.54
       p2p2       
 KB/s in  KB/s out
124934.9  77509.31
119098.3  86329.80
165699.1  107409.8
122378.0  85732.01
157101.6  120902.6
141385.2  86419.89
129856.0  82694.37
148938.7  100355.3
126612.3  76415.60
156068.9  96506.47
116513.9  84915.12
134093.4  90691.43
144551.0  91868.21
151455.8  110121.0
138473.1  86994.20
129125.9  79706.39
140779.9  91731.76
141330.3  97845.68
114844.1  95412.27
17676.14   7405.57
 1506.99   1662.06
  751.99    414.05
       p2p2       
 KB/s in  KB/s out
  596.36    562.34
  429.75    380.10
  516.15    409.81
  616.03    547.06
38771.19  20581.39
148835.1  114145.8
135812.0  89149.89
136261.5  87617.60
126544.9  88197.39
170912.1  122392.0
135947.3  93304.83
130057.0  91834.47
135291.6  99966.34
121280.7  92072.55
138629.2  89269.17
149660.7  106681.6
145552.8  97681.43
141173.7  100625.4
136867.9  92173.93
187474.2  143025.6
133265.6  73678.22
157054.5  89781.58
       p2p2       
 KB/s in  KB/s out
158250.4  106104.1
149000.1  93392.82
143454.0  96411.83
119555.8  82754.62
134135.3  94968.67
155248.9  106640.5
164749.0  111166.0
131921.2  70419.86
131743.9  90475.26
97913.30  59750.62
137630.7  86122.85
127624.1  90775.74
147039.9  106815.7
138556.7  80465.87
131434.8  83672.31
120873.4  82725.30
127459.5  86963.28
110263.1  73121.71
141709.8  81871.44
138256.1  103178.1
134509.5  92475.87
152835.3  98275.15
       p2p2       
 KB/s in  KB/s out
147658.8  103611.5
128707.6  84945.36
146433.4  103563.7
127848.4  96675.13
133905.6  79018.50
149265.3  108137.8
150237.2  110054.9
123622.6  87183.70
144935.0  80751.06
136077.9  94655.61
150209.3  107192.0
131031.3  99056.48
157250.8  113489.3
116517.0  71327.14
175232.6  111893.6
158874.2  86857.38
159988.6  120753.9
92090.72  62515.47
101832.7  65586.06
119520.5  75799.85
147329.4  97679.74
119369.3  74398.68
       p2p2       
 KB/s in  KB/s out
123344.4  87495.82
127498.0  78263.44
133126.1  95740.02
153714.4  115829.1
146906.5  93235.84
154898.7  113849.9
155482.0  117891.2
139044.5  105849.8
133257.8  88339.20
148678.0  93987.62
134949.1  88270.97
153705.2  115330.2
143690.2  113940.7
148050.7  107587.1
143900.9  105502.7
173679.3  123612.9
146494.1  92445.46
151336.8  101094.5
130187.4  89146.54
161698.3  108183.5
160647.9  109065.4
143295.4  92095.35
       p2p2       
 KB/s in  KB/s out
131131.6  88586.85
116969.9  86060.41
130187.8  79210.09
113585.1  76060.23
117196.7  72968.98
137336.9  105474.6
68806.62  54018.75
131475.4  102889.6
151514.4  96939.46
153324.3  108755.9
139371.1  93911.72
155500.5  114049.5
150282.4  107009.0
123416.2  72760.26
143505.8  105009.5
123423.9  79476.45
140052.2  98984.46
150127.9  98400.84
150873.5  102637.5
140522.4  85091.04
152649.4  97728.86
170335.4  108529.4
       p2p2       
 KB/s in  KB/s out
152326.9  105575.1
155815.9  95364.86
160131.4  112083.3
168074.1  114263.0
136277.3  94295.69
145097.9  103473.6
125134.8  80043.63
173426.1  117880.6
169035.3  101498.0
107901.5  60352.41
105205.0  63335.96
122036.7  104525.8
104138.3  58732.16
144922.9  106063.5
66050.86  48409.94
80369.35  54283.61
19031.19  15864.25
13370.24   9419.65
 1258.93    534.96
  916.39    649.70
  508.29    444.61
  392.18    363.00
       p2p2       
 KB/s in  KB/s out
  608.34    552.24
60375.07  44699.05
157349.7  85523.17
183852.3  120807.9
157407.8  108132.4
183580.8  98741.95
174191.8  117734.2
176135.4  104218.8
132104.5  97927.41
169160.6  102342.2
128917.1  86522.93
138664.4  85064.55
147174.8  89000.28
158995.2  121666.0
165472.4  132589.8
105799.5  70311.94
144361.8  97106.83
157405.2  104974.1
181975.9  114850.7
136321.5  94093.14
142014.5  93510.91
126677.3  81081.57
       p2p2       
 KB/s in  KB/s out
137462.8  87518.60
165015.6  122499.3
163346.4  107492.2
138629.9  97159.14
158896.2  93905.83
159814.1  92148.62
167688.7  130494.5
152725.8  117150.1
164825.1  116400.9
151922.6  100587.5
133859.9  100087.6
147509.4  89513.34
138714.8  86451.09
154391.8  121453.8
175033.1  134037.6
168588.0  118142.2
126395.6  88933.00
143399.3  97300.15
155576.0  100723.5
132108.5  94484.63
148562.5  107652.0
149620.7  115250.0
       p2p2       
 KB/s in  KB/s out
141131.7  109370.9
144602.7  90756.47
151377.7  96158.15
155883.7  100382.6
145487.7  108072.4
10331.96   5848.12
69830.54  44409.89
133250.7  91780.13
124498.5  86848.81
154836.1  103017.4
137091.4  85708.21
149670.8  106553.9
112558.0  71774.93
126389.0  88687.42
137028.1  106445.8
157961.2  114069.9
134168.1  85751.71
109694.3  83427.03
148675.3  112379.1
169890.9  110041.8
153782.9  101125.4
164496.0  101918.7
       p2p2       
 KB/s in  KB/s out
174732.6  106584.5
107523.9  60679.27
150959.3  94556.00
153306.0  110651.6
160429.3  107414.4
158759.3  107131.4
140136.4  97416.44
138457.8  84620.74
162046.4  106638.4
147004.9  88076.72
154238.5  110136.8
169733.2  115895.6
109186.3  64536.86
148307.7  97692.86
108393.9  65702.14
125878.2  88691.99
126004.5  83384.47
117672.4  75662.34
127855.6  90733.30
144673.6  104352.0
147856.8  101072.5
139693.1  94394.70
       p2p2       
 KB/s in  KB/s out
157674.5  105359.4
134584.4  104706.1
133401.0  97397.64
156210.4  115779.6
140672.7  102336.6
141835.0  101789.8
153838.0  114155.7
124844.6  80178.66
145454.1  95031.37
162181.7  98268.33
137338.9  99891.31
144886.1  103119.6
147785.8  96724.70
124768.5  89253.63
131939.0  76406.92
147074.5  94553.27
128247.9  91859.14
140896.1  105978.1
143060.3  97353.82
138821.6  104499.0
154820.8  87249.86
135762.6  89703.54
       p2p2       
 KB/s in  KB/s out
109471.7  62969.07
147909.5  120470.9
131612.8  95396.34
167706.9  128811.6
162374.0  99253.12
147813.8  91250.12
129684.2  92870.29
154258.7  104463.7
119357.6  77164.37
147147.7  106376.1
179961.3  132721.0
161809.0  93238.02
80596.28  58773.44
47796.70  24507.87
41857.51  22064.52
32929.34  19105.00
 9312.45   3866.11
  540.20    401.89
  517.06    463.78
  451.77    421.03
  526.92    523.20
  311.53    245.27
       p2p2       
 KB/s in  KB/s out
  526.04    485.58
  485.45    457.68
  529.11    529.30
  512.84    512.11
89351.10  51868.90
153340.6  112536.7
176422.5  123831.2
155934.4  106977.1
163491.1  109462.0
143807.2  89251.14
161567.9  115129.4
168020.0  121756.5
146319.7  101887.3
157580.3  110262.8
148521.8  107317.8
151457.0  102407.1
127939.3  76439.42
148919.4  93373.36
143517.0  83015.08
157153.0  90232.77
127499.2  90307.47
139921.9  89543.21
       p2p2       
 KB/s in  KB/s out
124387.4  81435.51
162072.9  110903.1
159313.6  111641.3
171343.9  115419.4
183906.7  100462.4
140050.3  84213.98
158823.4  98299.82
162107.8  98431.23
154253.8  114126.0
140451.5  101535.7
158328.4  103147.1
128352.7  82082.43
118526.2  83548.50
176879.1  128385.2
133986.5  86675.22
173515.4  109741.7
149211.5  100148.5
144462.8  103318.7
164722.8  112052.7
125348.6  82882.44
131381.9  88936.11
117361.1  69041.31
       p2p2       
 KB/s in  KB/s out
164424.2  114958.5
154792.6  98833.43
156961.0  116612.8
168902.2  110748.3
139838.8  78327.47
130981.2  77745.67
174954.3  106231.0
161247.5  122882.5
143250.9  86604.22
178060.7  119702.5
150760.3  106320.6
145651.1  91160.25
189572.6  112777.4
154578.0  97033.40
137700.9  106040.2
148933.7  101942.6
151543.5  94705.86
157394.2  97437.00
145940.0  85534.71
154664.7  113316.4
137881.6  89024.98
128922.2  79352.22
       p2p2       
 KB/s in  KB/s out
123256.9  77112.30
141530.9  87989.06
131138.5  103291.1
29095.14  17926.96
109361.9  68743.50
120132.0  77214.61
105145.2  68092.89
118805.6  79126.50
119324.1  84457.71
134559.4  87104.79
175991.8  134079.7
177736.9  115088.5
159611.5  125689.8
126369.2  82806.83
147359.9  97565.91
165682.6  107476.0
162138.8  98822.83
154998.9  114369.5
147880.2  88397.31
175562.3  111436.5
166256.2  117848.0
166497.9  108178.3
       p2p2       
 KB/s in  KB/s out
143041.7  105603.4
179359.8  129156.4
144603.8  98907.53
174903.6  114866.3
163026.8  103854.5
161439.1  105693.8
151984.0  96503.40
175724.3  113355.9
127490.8  83704.67
144898.6  115958.3
113016.4  81825.09
114425.3  80981.76
104379.9  67124.39
92832.15  54680.57
134377.2  90193.53
131801.8  89493.54
158679.2  100042.6
154115.8  112860.2
125094.0  80868.21
147726.2  99506.07
45744.91  29048.08
92755.52  52066.83
       p2p2       
 KB/s in  KB/s out
160925.4  117784.9
164970.4  118796.1
134671.8  76742.49
130792.7  87102.81
170670.0  122541.7
147619.0  106583.4
145947.8  105343.1
134882.4  93835.88
158736.6  96692.61
137085.3  96282.41
139280.5  89697.75
140930.7  94088.14
143977.2  115940.8
146554.0  106376.9
143683.3  99199.62
126479.1  86149.48
28682.46  23230.86
70855.99  45589.46
121553.2  89627.32
66225.88  42406.72
32703.00  21215.91
37863.43  21133.60
       p2p2       
 KB/s in  KB/s out
35401.27  26307.09
37351.69  17967.99
45359.04  29650.47
35194.94  15779.44
21118.34   8429.06
  843.26    751.69
  562.23    407.92
  438.93    371.04
  555.51    455.76
  759.78    711.67
  464.91    447.79
  518.12    479.96
  512.83    465.33
  468.11    472.02
  510.19    505.84
  580.31    578.36
  408.31    407.41
  603.65    610.08
  586.68    593.18
  490.64    484.07
  410.07    410.22
  466.53    456.37
       p2p2       
 KB/s in  KB/s out
489744.3  346350.5
405524.2  250292.2
316880.7  190376.1
458201.9  354060.4
455364.7  265044.9
454526.0  299350.6
478845.1  375997.9
536913.5  351819.6
551036.5  309750.2
537022.3  256855.4
316124.6  290522.4
544036.9  306490.5
524152.9  274952.4
526148.3  325648.3
515443.9  369666.9
468316.2  318676.6
517704.4  406896.3
461332.0  249842.1
477027.8  268644.5
509996.7  392822.5
476061.8  393593.7
487396.8  321010.8
       p2p2       
 KB/s in  KB/s out
500576.7  278769.6
536290.0  276150.9
557788.6  325442.2
540083.3  363668.5
464212.7  335521.5
398720.4  144753.1
548505.2  402673.2
429903.3  222104.9
453405.5  277528.2
444702.6  362274.5
274174.0  95481.19
115146.4  26687.03
299375.2  161627.3
277807.5  178541.0
337494.2  199365.1
169941.7  87186.83
180859.1  165623.3
497781.8  303613.4
482102.9  436206.1
468884.3  406752.0
551145.7  325526.1
442291.4  328814.3
       p2p2       
 KB/s in  KB/s out
342615.8  182739.8
166215.2  208992.6
303392.3  217200.2
361415.0  310852.7
502992.1  378958.9
541279.8  411319.3
496894.7  314705.6
515206.4  239616.0
564306.5  341861.0
536446.2  346218.2
479079.9  294610.9
521526.7  311171.1
439795.8  314427.4
471213.0  331345.0
505996.9  342841.5
504908.8  324774.0
513475.4  329419.3
452947.2  345779.9
475548.3  345399.0
411030.3  297627.3
467017.2  361169.4
302695.3  102681.4
       p2p2       
 KB/s in  KB/s out
313139.2  163283.0
355142.4  253877.6
531482.4  459573.6
262590.0  96043.17
310293.2  164949.7
419352.7  268729.9
510442.2  399041.9
502487.0  327325.2
471320.8  283870.1
442216.9  324124.7
493760.9  343178.3
514594.7  429861.8
439245.9  253730.0
506794.4  401717.8
513027.7  395146.2
538848.2  431904.9
488060.1  422156.5
480159.4  315499.9
477363.4  298081.6
500965.8  337931.0
462690.1  296769.9
561156.4  326245.7
       p2p2       
 KB/s in  KB/s out
499452.3  378135.8
519187.3  265022.6
462586.3  229207.8
431024.6  214141.3
249489.6  154004.3
411188.6  271531.1
522482.1  361305.1
468089.8  331609.9
481198.6  291322.3
411538.5  186309.6
495588.4  378387.9
459454.2  325777.1
568122.5  379349.9
432113.0  322277.2
420994.9  280515.1
522653.7  310495.5
369478.6  300847.2
372430.9  259012.0
300886.3  216275.0
387584.0  250291.3
505398.1  323973.3
489990.1  246501.5
       p2p2       
 KB/s in  KB/s out
422972.6  356301.0
502127.8  292276.4
528857.8  369381.6
410859.7  275772.1
412767.5  259038.9
183859.5  147287.9
43812.83  39380.70
11525.25   3873.36
 1137.84    517.86
  692.54    543.91
  490.55    401.02
359340.2  205836.9
390794.7  165270.2
392382.4  280094.8
339419.4  167312.7
296700.3  187531.1
489457.8  450258.7
502672.8  349859.5
521252.9  367065.6
538277.3  349388.5
537432.3  356039.0
533395.8  359531.7
       p2p2       
 KB/s in  KB/s out
452746.3  357174.7
439169.6  341506.6
347927.3  257873.7
164489.2  123087.5
165852.1  122825.1
489050.5  341462.7
379076.1  273081.8
485278.8  303305.8
484393.1  337730.2
504052.4  296710.0
509189.6  329678.4
512037.4  382108.3
507093.2  358856.3
529567.5  402556.5
512499.1  370944.8
574791.8  360341.2
443698.1  238427.4
374893.4  247974.6
331981.9  224667.8
44336.64  14517.95
160144.7  88037.89
217673.1  95950.28
       p2p2       
 KB/s in  KB/s out
295174.0  164881.8
86359.96  43769.91
176536.9  106566.4
171844.0  110891.5
372742.7  213855.5
498574.8  357709.7
499405.4  382180.7
497994.7  396292.8
481325.9  370865.3
507220.9  305182.8
474209.9  376686.0
469036.0  272946.5
401691.5  381700.5
452768.4  345241.6
463370.2  321076.4
177922.4  104898.5
268519.7  187654.4
393276.5  295111.7
505355.3  324144.0
419474.3  270321.9
553346.8  320663.6
521449.7  386157.1
       p2p2       
 KB/s in  KB/s out
514248.2  282514.9
528471.8  314925.9
497852.3  328764.9
431595.1  267489.7
364479.8  186284.9
398793.1  255415.3
459443.4  278966.7
220556.3  67655.55
133074.8  43034.10
159153.6  73054.11
66517.53  27565.88
533665.3  378149.7
486340.6  453530.7
485792.8  264478.3
197030.3  97014.97
309773.0  181780.6
99082.65  73969.18
481351.3  300597.1
508867.0  275229.3
502430.6  402559.4
506273.8  433696.0
525880.6  292754.2
       p2p2       
 KB/s in  KB/s out
535144.6  390971.9
444841.9  333205.0
514472.4  328132.0
505155.0  354219.3
474798.7  315968.3
412067.7  376465.6
485023.0  337448.3
460683.5  309881.7
442411.3  244155.8
529916.3  291416.6
538290.1  318341.6
455165.2  258683.0
364676.1  176104.0
411971.0  261542.3
483896.8  320662.5
384696.1  209130.6
475209.8  372912.2
286163.9  149487.2
64824.88  31903.93
374161.4  224858.3
405291.5  311837.8
366465.9  229158.8
       p2p2       
 KB/s in  KB/s out
499515.9  442042.2
471608.0  443392.9
436975.7  231074.8
239544.4  120846.9
436400.1  351311.5
281401.7  117236.1
504965.2  421846.5
516281.4  381518.6
324032.9  364494.3
477437.3  295751.3
495124.1  292475.7
475493.9  377070.8
469542.3  376836.2
488796.2  371868.1
489965.4  363894.3
447866.0  309674.1
434936.1  306205.1
479514.4  308615.1
484273.9  305286.3
473327.0  328797.5
264018.2  90419.75
473513.8  244821.2
       p2p2       
 KB/s in  KB/s out
409450.1  239622.4
502724.8  352516.1
385509.2  319020.3
98102.80  34323.09
159353.2  94336.95
363307.4  230485.1
476395.3  347295.4
304249.2  189536.3
486064.3  459322.3
298125.7  126905.3
531909.7  401323.3
471016.9  317778.0
533793.8  357782.0
407132.0  366080.7
286218.0  233373.2
210602.0  162981.2
76603.48  83841.67
  572.33    431.87
  592.41    518.93
  816.17    582.03
  450.12    370.96
  633.92    555.27
       p2p2       
 KB/s in  KB/s out
  708.48    659.96
407911.7  243463.4
498034.1  382555.7
293740.5  161849.2
327777.1  207692.6
526392.8  424329.7
557146.6  396481.6
523800.1  310583.6
411673.2  243281.9
311448.8  172521.0
304506.5  219922.1
526380.3  382837.2
535714.7  361689.1
249646.1  216578.2
390521.5  321910.3
322097.2  239726.6
353702.8  229339.0
349684.6  247528.0
590912.9  389303.8
415657.7  303218.0
466330.2  317266.7
470239.2  289039.1
       p2p2       
 KB/s in  KB/s out
278030.9  183228.7
292720.4  184328.0
490915.0  334544.9
564624.9  367527.7
104287.9  89698.23
212401.2  159012.3
485981.8  346581.5
571459.0  409808.1
500027.0  252299.0
558171.9  359543.1
505869.6  366276.7
161222.7  172800.2
381286.8  267499.5
193876.9  142803.4
433474.8  280960.8
563563.4  364890.1
190785.3  128500.2
368093.3  227365.4
420446.0  247372.0
466031.5  290320.9
267306.4  96908.87
327019.4  166233.3
       p2p2       
 KB/s in  KB/s out
508750.3  332504.6
557732.1  393241.6
394779.7  348375.9
468768.8  344328.4
549900.0  351298.2
516357.9  352471.7
77556.94  57715.52
253455.8  178922.8
60671.93  43567.75
201690.7  132069.9
264938.0  202567.6
125688.5  85811.32
228808.8  172000.9
447460.0  323489.9
590194.5  398007.9
547802.1  301844.0
536195.4  325865.6
523693.8  371566.3
505661.8  200750.7
340687.1  181183.1
553379.2  369189.3
532499.8  448724.0
       p2p2       
 KB/s in  KB/s out
469349.3  296983.6
525847.1  345061.5
445926.4  328075.3
92971.51  117664.4
214457.2  154106.7
346639.4  207898.4
245450.9  168661.6
449649.9  248423.4
519463.6  334715.4
369432.7  142628.3
246084.3  105571.0
571293.5  351980.9
498288.9  320935.3
512598.1  459498.8
442085.2  246310.8
441030.9  360676.3
449778.5  249233.0
477963.5  309901.6
466446.5  346950.1
469595.0  282179.7
384209.4  259091.5
405252.9  302073.5
       p2p2       
 KB/s in  KB/s out
452081.0  345274.8
369484.7  274499.4
389886.6  302163.4
546575.3  391203.1
511440.0  296817.1
530125.3  292550.7
506483.2  246689.4
508284.2  297711.2
434940.8  233387.5
58222.88  23350.61
172651.2  102087.5
206175.2  92456.34
420101.6  262059.9
434181.5  309514.1
164358.4  97616.29
40032.07  26719.69
305339.3  208166.8
235850.1  173335.7
209939.2  111452.3
245331.3  162782.5
490381.0  330322.1
524516.2  338299.4
       p2p2       
 KB/s in  KB/s out
524408.6  325176.7
531545.7  402713.2
531869.3  331532.5
440905.5  379698.2
496030.3  401337.3
477567.1  332249.9
431766.0  259600.5
536293.7  400969.7
369030.4  312012.9
435650.8  332303.9
186813.5  160716.5
566974.3  382410.5
574935.0  318894.5
558971.7  336175.2
562426.0  338146.1
555668.2  324682.2
469004.9  286220.2
520211.1  359442.7
458662.2  301666.0
453553.8  250278.4
324404.1  199372.8
291346.1  167165.2
       p2p2       
 KB/s in  KB/s out
219389.2  139156.4
468823.1  397164.3
454791.4  366904.5
386842.6  338151.9
245838.3  159603.2
274521.9  203758.8
543590.5  308450.8
492581.5  343704.5
553871.9  359945.1
450906.2  263273.2
385562.6  235269.4
505698.5  380269.9
511380.6  432094.1
496763.7  405757.5
459682.9  349678.9
520567.1  355474.8
468296.4  302783.9
559121.2  380894.8
449880.2  377463.9
374516.5  252334.6
521501.8  340903.6
523183.7  334224.0
       p2p2       
 KB/s in  KB/s out
503569.8  380071.0
500393.5  366065.3
509250.9  336936.1
485735.3  316976.1
461333.7  243651.2
238768.0  127632.0
127287.2  59018.98
424307.0  288250.7
350600.5  272684.6
123016.3  135512.8
64118.24  54129.06
27341.08  13705.32
  732.05    491.68
  695.67    424.84
  652.38    579.74
  516.04    436.85
  496.06    411.68
406328.5  304321.7
465792.7  277495.4
264960.7  219047.1
56911.78  18024.13
509164.1  328064.5
       p2p2       
 KB/s in  KB/s out
420306.2  338025.1
550170.8  372272.2
400812.8  186890.7
418093.9  307893.6
528942.8  375779.4
562677.5  380572.6
466601.7  317620.5
548110.0  364931.2
538962.1  328020.1
449430.4  291504.6
461506.0  320307.4
315394.9  182888.9
167043.4  67951.56
402225.7  245888.0
85786.57  53600.03
239534.2  137807.6
526792.2  378020.5
513809.9  360396.1
517436.0  380107.4
406268.4  244061.8
483154.4  240233.7
469544.8  307723.9
       p2p2       
 KB/s in  KB/s out
494353.1  411238.9
394717.8  327507.9
431566.7  219776.6
402109.8  230174.3
477000.5  343100.4
316615.1  312142.5
515234.1  373095.7
537705.6  360019.2
514179.9  346253.8
511886.1  302683.7
528446.7  335418.4
494492.0  287032.2
547641.6  367772.1
529601.2  355355.0
537962.6  377384.0
562968.4  298745.5
457829.5  353302.4
245523.4  235609.8
381131.0  264368.6
331895.8  239498.4
259063.8  199864.8
438737.8  283130.3
       p2p2       
 KB/s in  KB/s out
336983.6  141558.3
411714.7  221836.0
466325.2  390457.1
291455.4  176236.2
518714.9  397928.5
347469.7  236154.3
177703.4  132456.8
405331.0  267717.8
495783.5  366419.5
521411.4  358306.0
518142.6  360091.8
506470.0  357546.7
276428.5  286217.9
378681.3  235414.9
327628.8  270988.7
93766.23  84447.33
449989.5  315022.3
514461.2  338334.8
531602.6  335474.2
560974.0  354136.7
605080.2  335790.8
559962.8  302450.7
       p2p2       
 KB/s in  KB/s out
563810.2  424402.5
491509.1  312148.8
512435.7  383670.8
497986.5  310241.3
441670.4  224789.2
516814.9  404570.1
486214.0  409222.5
323393.2  220735.2
97912.98  60197.04
315809.8  224690.5
131432.7  102609.0
348467.5  231708.2
516043.4  331741.1
545413.3  394908.0
443683.2  233997.1
467707.5  234405.1
541474.5  387483.6
444867.1  273435.8
368482.1  207270.7
268497.2  155019.9
447534.5  311054.2
482736.5  391575.5
       p2p2       
 KB/s in  KB/s out
473157.6  385629.9
479469.8  343139.0
532913.4  290223.9
484365.8  305255.0
508921.6  337086.3
332690.1  273782.9
339732.6  242933.0
496235.9  318309.2
480169.4  318750.6
527915.5  327573.8
485157.4  301448.5
399737.8  242649.1
424733.7  250447.9
406002.3  221206.5
525297.9  312903.7
205001.1  90532.15
357039.2  136539.6
236405.8  163602.9
379265.5  152266.3
385343.5  198725.1
379503.2  240277.6
119559.4  78101.01
       p2p2       
 KB/s in  KB/s out
269764.1  133753.2
438278.6  353440.8
435267.8  346711.2
506484.5  350643.0
564676.4  360416.4
156954.4  165490.0
319661.0  218670.4
174329.3  125554.0
564101.4  377120.4
535486.6  358001.7
552467.5  363357.0
481333.3  270560.3
347075.1  269087.6
386728.1  252158.5
450094.7  284207.6
534395.5  315868.8
122149.2  118572.1
246147.4  152124.8
284232.1  205784.1
110396.3  77500.94
476534.5  287702.6
532755.6  323506.5
       p2p2       
 KB/s in  KB/s out
493450.1  247346.0
432466.2  222243.6
79766.18  77466.23
330216.3  212803.2
420079.2  290056.2
274786.3  106513.5
299392.8  174339.9
341387.7  226876.4
373986.8  265836.3
467079.6  379350.1
280081.5  106348.1
409742.2  249198.8
439272.0  314675.9
411402.5  304621.7
383894.9  266409.4
385561.5  320708.4
383281.4  270826.1
533736.0  362973.7
524779.1  357885.1
475711.9  332939.2
464115.3  297489.7
