             total       used       free     shared    buffers     cached
Mem:        128778     107361      21417          1         35     101653
-/+ buffers/cache:       5671     123106
Swap:            0          0          0

             total       used       free     shared    buffers     cached
Mem:        128778     107362      21416          1         35     101653
-/+ buffers/cache:       5672     123105
Swap:            0          0          0

             total       used       free     shared    buffers     cached
Mem:        128778     107362      21416          1         35     101653
-/+ buffers/cache:       5672     123105
Swap:            0          0          0

             total       used       free     shared    buffers     cached
Mem:        128778     107362      21416          1         35     101653
-/+ buffers/cache:       5672     123105
Swap:            0          0          0

             total       used       free     shared    buffers     cached
Mem:        128778     107362      21416          1         35     101653
-/+ buffers/cache:       5672     123105
Swap:            0          0          0

             total       used       free     shared    buffers     cached
Mem:        128778     107362      21416          1         35     101653
-/+ buffers/cache:       5672     123105
Swap:            0          0          0

             total       used       free     shared    buffers     cached
Mem:        128778     107362      21416          1         35     101653
-/+ buffers/cache:       5672     123105
Swap:            0          0          0

             total       used       free     shared    buffers     cached
Mem:        128778     107362      21416          1         35     101653
-/+ buffers/cache:       5672     123105
Swap:            0          0          0

             total       used       free     shared    buffers     cached
Mem:        128778     107362      21415          1         35     101653
-/+ buffers/cache:       5673     123105
Swap:            0          0          0

             total       used       free     shared    buffers     cached
Mem:        128778     107363      21415          1         35     101653
-/+ buffers/cache:       5673     123104
Swap:            0          0          0

             total       used       free     shared    buffers     cached
Mem:        128778     107362      21415          1         35     101653
-/+ buffers/cache:       5673     123104
Swap:            0          0          0

             total       used       free     shared    buffers     cached
Mem:        128778     107362      21415          1         35     101653
-/+ buffers/cache:       5673     123104
Swap:            0          0          0

             total       used       free     shared    buffers     cached
Mem:        128778     107362      21415          1         35     101653
-/+ buffers/cache:       5673     123105
Swap:            0          0          0

             total       used       free     shared    buffers     cached
Mem:        128778     107362      21415          1         35     101653
-/+ buffers/cache:       5673     123104
Swap:            0          0          0

             total       used       free     shared    buffers     cached
Mem:        128778     107362      21415          1         35     101653
-/+ buffers/cache:       5673     123105
Swap:            0          0          0

             total       used       free     shared    buffers     cached
Mem:        128778     107362      21416          1         35     101653
-/+ buffers/cache:       5672     123105
Swap:            0          0          0

             total       used       free     shared    buffers     cached
Mem:        128778     107362      21416          1         35     101653
-/+ buffers/cache:       5672     123105
Swap:            0          0          0

             total       used       free     shared    buffers     cached
Mem:        128778     107362      21416          1         35     101653
-/+ buffers/cache:       5672     123105
Swap:            0          0          0

             total       used       free     shared    buffers     cached
Mem:        128778     107362      21416          1         35     101653
-/+ buffers/cache:       5672     123105
Swap:            0          0          0

             total       used       free     shared    buffers     cached
Mem:        128778     107361      21416          1         35     101653
-/+ buffers/cache:       5672     123105
Swap:            0          0          0

             total       used       free     shared    buffers     cached
Mem:        128778     107361      21416          1         35     101653
-/+ buffers/cache:       5672     123105
Swap:            0          0          0

             total       used       free     shared    buffers     cached
Mem:        128778     107361      21416          1         35     101653
-/+ buffers/cache:       5672     123105
Swap:            0          0          0

             total       used       free     shared    buffers     cached
Mem:        128778     107361      21416          1         35     101653
-/+ buffers/cache:       5672     123105
Swap:            0          0          0

             total       used       free     shared    buffers     cached
Mem:        128778     107361      21416          1         35     101653
-/+ buffers/cache:       5672     123105
Swap:            0          0          0

             total       used       free     shared    buffers     cached
Mem:        128778     107361      21416          1         35     101653
-/+ buffers/cache:       5672     123106
Swap:            0          0          0

             total       used       free     shared    buffers     cached
Mem:        128778     107361      21416          1         35     101653
-/+ buffers/cache:       5672     123106
Swap:            0          0          0

             total       used       free     shared    buffers     cached
Mem:        128778     107361      21416          1         35     101653
-/+ buffers/cache:       5671     123106
Swap:            0          0          0

             total       used       free     shared    buffers     cached
Mem:        128778     107361      21416          1         35     101653
-/+ buffers/cache:       5671     123106
Swap:            0          0          0

             total       used       free     shared    buffers     cached
Mem:        128778     107361      21416          1         35     101653
-/+ buffers/cache:       5671     123106
Swap:            0          0          0

             total       used       free     shared    buffers     cached
Mem:        128778     107361      21417          1         35     101653
-/+ buffers/cache:       5671     123106
Swap:            0          0          0

             total       used       free     shared    buffers     cached
Mem:        128778     107361      21417          1         35     101653
-/+ buffers/cache:       5671     123106
Swap:            0          0          0

             total       used       free     shared    buffers     cached
Mem:        128778     107361      21417          1         35     101653
-/+ buffers/cache:       5671     123106
Swap:            0          0          0

             total       used       free     shared    buffers     cached
Mem:        128778     107361      21417          1         35     101653
-/+ buffers/cache:       5671     123106
Swap:            0          0          0

             total       used       free     shared    buffers     cached
Mem:        128778     107361      21417          1         35     101653
-/+ buffers/cache:       5671     123106
Swap:            0          0          0

             total       used       free     shared    buffers     cached
Mem:        128778     107361      21417          1         35     101653
-/+ buffers/cache:       5671     123106
Swap:            0          0          0

             total       used       free     shared    buffers     cached
Mem:        128778     107361      21417          1         35     101653
-/+ buffers/cache:       5671     123106
Swap:            0          0          0

             total       used       free     shared    buffers     cached
Mem:        128778     107360      21417          1         35     101653
-/+ buffers/cache:       5671     123107
Swap:            0          0          0

             total       used       free     shared    buffers     cached
Mem:        128778     107360      21417          1         35     101653
-/+ buffers/cache:       5671     123107
Swap:            0          0          0

             total       used       free     shared    buffers     cached
Mem:        128778     107360      21417          1         35     101653
-/+ buffers/cache:       5671     123107
Swap:            0          0          0

             total       used       free     shared    buffers     cached
Mem:        128778     107360      21417          1         35     101653
-/+ buffers/cache:       5670     123107
Swap:            0          0          0

             total       used       free     shared    buffers     cached
Mem:        128778     107360      21417          1         35     101653
-/+ buffers/cache:       5670     123107
Swap:            0          0          0

             total       used       free     shared    buffers     cached
Mem:        128778     107360      21417          1         35     101653
-/+ buffers/cache:       5670     123107
Swap:            0          0          0

             total       used       free     shared    buffers     cached
Mem:        128778     107360      21418          1         35     101653
-/+ buffers/cache:       5670     123107
Swap:            0          0          0

             total       used       free     shared    buffers     cached
Mem:        128778     107360      21418          1         35     101653
-/+ buffers/cache:       5670     123107
Swap:            0          0          0

             total       used       free     shared    buffers     cached
Mem:        128778     107360      21418          1         35     101653
-/+ buffers/cache:       5670     123107
Swap:            0          0          0

             total       used       free     shared    buffers     cached
Mem:        128778     107360      21418          1         35     101653
-/+ buffers/cache:       5670     123107
Swap:            0          0          0

             total       used       free     shared    buffers     cached
Mem:        128778     107360      21418          1         35     101653
-/+ buffers/cache:       5670     123107
Swap:            0          0          0
