       em4        
 KB/s in  KB/s out
 5687.53   3417.56
 5397.21   3214.21
 4917.65   2961.70
 5065.17   3034.73
 5021.66   3004.32
 5241.67   3129.44
 4932.27   2962.17
 5343.86   3195.78
 5636.51   3364.15
 4761.26   2865.33
 4925.81   2939.11
 4839.02   2911.03
 5737.34   3412.73
 5259.61   3156.86
 5125.64   3060.07
 4841.02   2900.61
 5393.22   3215.82
 4943.13   2972.57
 5083.40   3042.72
 5511.43   3289.85
 5096.22   3065.56
 5645.33   3355.99
       em4        
 KB/s in  KB/s out
 5465.19   3287.56
 5037.08   2998.54
 5797.34   3463.54
 5331.89   3200.06
 5198.30   3132.60
 5196.26   3123.24
 5352.46   3177.69
 5378.35   3217.88
 5139.03   3087.23
 5299.45   3152.23
 4920.37   2986.33
 5465.19   3250.09
 4830.90   2876.39
 5123.58   3075.22
 4787.65   2882.54
 5202.59   3092.91
 5400.30   3246.16
 5117.00   3057.78
 4984.20   2973.42
 5049.85   3019.46
 4691.25   2827.68
 4851.55   2895.06
       em4        
 KB/s in  KB/s out
 5159.37   3096.35
 4901.47   2954.02
 5166.08   3060.12
 4705.70   2831.82
 5557.52   3311.43
 5253.94   3139.22
 4879.04   2924.36
 5512.74   3324.12
 4808.38   2861.90
 4984.19   2990.60
 5709.04   3394.33
 5197.61   3112.31
 4434.60   2664.32
 5192.14   3131.75
 5271.95   3163.60
 4873.17   2921.20
 5112.72   3031.85
 5198.40   3118.46
 4817.86   2882.27
 5351.54   3225.19
 4487.84   2685.31
 4541.16   2713.83
       em4        
 KB/s in  KB/s out
 5409.09   3219.32
 5168.74   3076.27
 4427.03   2685.95
 5341.18   3155.12
 4666.83   2834.25
 5061.07   3007.57
 4612.52   2784.65
 4775.99   2862.57
 5156.77   3047.98
 4970.32   2995.46
 5622.84   3371.20
 4958.24   2976.89
 5208.24   3100.76
 4966.03   2988.45
 5001.73   3012.34
 5551.88   3291.24
 5113.18   3087.25
 5500.22   3286.29
 4960.04   2995.87
 5103.69   3046.71
 4936.51   2953.14
 5056.49   3009.92
       em4        
 KB/s in  KB/s out
 5047.77   3050.83
 5302.25   3166.35
 4650.45   2781.50
 4734.50   2819.90
 4987.42   3005.18
 5173.66   3075.92
 4929.78   2959.29
 5115.09   3071.76
 5087.73   3037.02
 4364.38   2637.10
 5445.75   3246.03
 4757.81   2836.69
 4807.79   2892.89
 5205.76   3132.93
 5263.05   3145.22
 4718.49   2829.50
 4935.04   2947.58
 4723.51   2834.12
 5056.28   3019.15
 4996.18   3007.87
 4770.08   2882.20
 4829.09   2874.00
       em4        
 KB/s in  KB/s out
 5106.92   3063.54
 4856.53   2894.83
 5324.97   3183.64
 4965.35   2974.38
 5086.39   3077.41
 4934.06   2934.30
 5102.61   3041.37
 4470.01   2693.07
 4388.15   2641.00
 4974.06   2972.09
 4901.05   2919.52
 4714.51   2857.18
 4605.93   2759.27
 5011.41   2992.60
 4927.68   2943.28
 5269.66   3135.12
 4443.56   2692.47
 5458.69   3269.76
 5061.70   3034.97
 5002.20   2981.39
 4719.08   2843.33
 4666.12   2775.57
       em4        
 KB/s in  KB/s out
 4981.33   2992.05
 4621.65   2763.78
 4918.23   2974.38
 5198.96   3116.48
 5323.63   3166.00
 4570.96   2748.00
 5052.67   2998.75
 4574.68   2745.20
 4686.94   2830.38
 5004.23   3030.79
 4998.13   2972.95
 4458.61   2668.55
 4837.79   2902.83
 4959.09   2956.46
 4879.12   2905.32
 4685.35   2816.43
 5139.96   3128.38
 5344.52   3185.67
 5229.72   3119.76
 5294.83   3170.61
 4850.70   2919.10
 4940.41   2934.03
       em4        
 KB/s in  KB/s out
 4558.71   2746.30
 4653.39   2838.01
 4853.18   2880.19
 4754.52   2853.44
 4532.14   2723.11
 4860.02   2878.17
 4828.32   2896.73
 4984.81   2977.01
 4817.16   2940.62
 5198.99   3096.02
 5358.58   3186.20
 4487.53   2704.92
 4926.87   2959.87
 5022.89   2990.89
 4294.96   2620.38
 5104.49   3037.69
 4974.97   2986.14
 4886.72   2918.84
 4849.81   2889.45
 4930.48   2970.04
 5287.28   3145.93
 4688.01   2885.56
       em4        
 KB/s in  KB/s out
 5184.91   3061.39
 4692.30   2825.23
 5041.74   3019.69
 4824.13   2883.16
 5106.99   3029.69
 4790.40   2879.84
 4923.24   3008.68
 4475.14   2676.33
 5617.85   3354.33
 4863.76   2889.20
 4857.81   2937.70
 4729.02   2813.31
 4584.16   2738.69
 4781.18   2926.69
 4510.98   2709.64
 5018.03   2977.89
 4505.27   2679.15
 5073.83   3038.19
 5044.02   3006.93
 4971.13   3005.81
 4672.00   2848.31
 4747.54   2830.87
       em4        
 KB/s in  KB/s out
 4664.29   2781.69
 4929.91   2950.19
 4832.56   2885.44
 4488.72   2697.10
 4869.54   2947.69
 4733.35   2831.06
 4499.98   2714.63
 4933.85   2978.64
 4919.73   2991.02
 4729.92   2814.36
 4506.76   2725.96
 4919.97   2957.48
 4523.99   2755.57
 4778.70   2850.45
 4740.58   2842.54
 5050.21   2986.42
 4207.73   2543.55
 4413.47   2624.89
 4524.94   2795.05
 4967.41   2953.61
 4533.68   2722.78
 5003.66   3002.00
       em4        
 KB/s in  KB/s out
 4386.04   2615.70
 4527.69   2719.32
 4927.74   2911.51
 4790.88   2930.42
 4567.69   2746.29
 5109.87   3054.16
 4605.47   2771.62
 5298.58   3137.57
 4204.23   2533.81
 4414.19   2653.19
 5092.77   3046.29
 4431.56   2724.94
 4489.69   2653.61
 4903.37   2937.52
 4911.83   2949.70
 5213.44   3086.99
 4481.20   2699.56
 5259.08   3140.08
 4841.90   2976.63
 4634.39   2763.83
 4527.99   2714.25
 4893.43   2926.39
       em4        
 KB/s in  KB/s out
 4690.63   2810.85
 5055.42   2992.93
 4791.53   2869.80
 4443.48   2755.54
 4641.26   2763.10
 4696.78   2808.59
 4533.60   2726.97
 5092.84   3044.57
 4479.36   2682.27
 4964.30   2946.03
 4865.98   2973.11
 4746.25   2863.10
 4999.26   2969.77
 4571.78   2731.25
 4865.62   2920.61
 4918.86   2934.32
 4982.04   2966.20
 5013.13   3016.42
 4916.23   2987.53
 4720.20   2848.96
 4781.14   2832.25
 4517.54   2706.57
       em4        
 KB/s in  KB/s out
 4558.27   2753.76
 4566.29   2732.74
 4854.95   2873.94
 4189.14   2610.59
 4552.98   2714.76
 4796.13   2859.39
 4903.12   2911.07
 4315.83   2580.89
 4937.21   2968.95
 4718.02   2821.61
 4408.36   2724.88
 4536.16   2715.64
 4863.89   2913.82
 4342.91   2614.19
 4978.27   2923.14
 4527.65   2744.34
 5232.69   3119.45
 4908.95   3013.06
 4370.66   2634.88
 5160.84   3078.34
 5056.74   3013.40
 5287.63   3168.12
       em4        
 KB/s in  KB/s out
 4820.10   2882.77
 4886.12   2937.07
 4687.59   2793.78
 5033.72   3068.74
 4656.14   2805.31
 4790.87   2851.39
 4963.27   2977.21
 1784.25   1020.28
    0.20      0.14
    5.27     91.15
  434.16    361.49
 4709.40   2845.23
 5133.37   3086.83
 5031.00   3018.48
 5073.86   3060.26
 4716.80   2859.65
 4384.49   2657.91
 4277.33   2572.93
 4456.19   2653.37
 5029.48   3011.03
 5153.57   3090.97
 5408.16   3237.94
       em4        
 KB/s in  KB/s out
 5134.19   3085.05
 4174.27   2563.82
 4628.74   2770.49
 4785.96   2865.90
 4364.62   2633.93
 5007.14   3002.82
 5000.63   3018.07
 4562.22   2743.16
 5116.46   3060.01
 5150.02   3093.09
 4989.36   2988.56
 4730.79   2885.73
 4705.47   2808.91
 4411.00   2663.93
 4769.39   2824.72
 4821.26   2902.65
 4617.94   2791.28
 5148.30   3090.90
 4778.55   2883.42
 4635.66   2786.22
 4552.01   2755.60
 4961.05   2952.10
       em4        
 KB/s in  KB/s out
 4376.23   2644.26
 4876.14   2907.99
 4606.58   2793.75
 5147.05   3083.58
 4717.62   2841.01
 4403.91   2646.94
 5007.26   2979.80
 5181.51   3103.85
 5140.96   3109.75
 4990.10   3005.68
 4838.02   2894.76
 4882.52   2939.49
 4420.85   2681.53
 5426.23   3208.94
 5306.64   3195.84
 4841.56   2952.82
 5208.58   3087.35
 4837.12   2919.94
 4971.83   3012.76
 4955.43   3005.94
 5011.70   3018.39
 5024.03   2990.09
       em4        
 KB/s in  KB/s out
 4822.98   2913.91
 5050.36   3023.99
 4867.45   2928.94
 4951.41   2972.00
 4854.72   2904.55
 4737.98   2861.63
 5503.74   3294.21
 5105.20   3103.15
 5346.31   3237.76
 5020.59   2967.97
 4679.98   2830.09
 5314.66   3184.86
 5026.21   3036.64
 4890.51   2914.65
 4895.53   3003.65
 4860.67   2918.25
 5476.63   3253.64
 4838.54   2951.33
 5042.54   3034.61
 5312.38   3180.67
 4254.70   2548.25
 4979.20   3008.41
       em4        
 KB/s in  KB/s out
 4689.45   2864.82
 5221.45   3103.58
 5305.64   3168.74
 4751.91   2912.07
 5543.51   3278.24
 4751.25   2927.99
 4564.80   2745.21
 4929.56   2930.35
 4852.90   2915.41
 4550.18   2745.80
 5766.71   3422.74
 4729.27   2901.24
 4762.84   2892.78
 5111.44   3069.65
 5418.78   3242.09
 4802.51   2871.69
 5128.41   3085.31
 4577.92   2819.15
 5310.53   3120.68
 5308.69   3207.14
 5235.87   3169.26
 4739.72   2882.02
       em4        
 KB/s in  KB/s out
 4973.78   2942.17
 4777.64   2909.42
 5020.87   3015.59
 4757.54   2885.11
 5061.16   3034.54
 4979.65   2971.46
 5001.79   3008.32
 5029.29   3058.42
 4759.35   2906.00
 5331.24   3123.25
 5023.10   3013.04
 4819.39   2916.45
 5049.73   3018.55
 4519.39   2756.63
 5164.81   3079.58
 4647.73   2807.05
 4849.04   2946.11
 4552.83   2743.13
 5020.45   3000.70
 5109.47   3072.16
 5024.84   3022.50
 4631.93   2824.04
       em4        
 KB/s in  KB/s out
 4738.86   2837.55
 4074.14   2403.83
 4395.69   2728.00
 5142.33   3044.50
 5155.87   3112.18
 5279.46   3145.51
 5388.79   3287.64
 5151.16   3058.17
 4653.51   2853.58
 5163.74   3092.88
 4841.18   2910.55
 4665.22   2817.12
 4348.36   2653.21
 4245.08   2560.12
 4561.37   2750.02
 4881.62   2895.36
 4804.11   2860.50
 5732.37   3438.50
 5350.83   3203.40
 5149.48   3142.20
 5044.22   3036.33
 4916.20   2958.78
       em4        
 KB/s in  KB/s out
 5208.77   3123.56
 4434.49   2728.82
 4730.88   2841.47
 5520.31   3273.55
 4791.53   2934.53
 4956.03   2964.75
 4892.80   2953.69
 5338.39   3180.08
 5336.86   3183.57
 4877.92   2962.37
 4994.03   3061.30
 4650.98   2806.13
 5326.19   3166.65
 4793.45   2901.35
 4911.91   2947.98
 5401.81   3233.84
 4805.37   2893.12
 4960.75   3001.62
 4843.80   2933.52
 4836.47   2919.62
 5075.45   3029.00
 5216.41   3144.03
       em4        
 KB/s in  KB/s out
 4865.56   2927.78
 4795.06   2892.78
 5239.58   3177.61
 5290.93   3198.30
 4253.33   2568.63
 4425.41   2675.34
 4592.12   2742.81
 5024.65   3010.30
 5060.77   3028.78
 4873.87   2937.56
 4760.22   2917.51
 5226.66   3107.51
 5285.65   3152.62
 4131.45   2549.45
 4871.51   2921.22
 5087.95   3058.16
 4912.93   2989.60
 4734.20   2871.71
 5005.69   2981.36
 5523.71   3303.38
 4889.29   2917.50
 4661.88   2860.25
       em4        
 KB/s in  KB/s out
 4534.06   2730.70
 4650.05   2839.51
 4443.15   2669.94
 4914.98   2949.47
 5592.98   3308.50
 5446.97   3264.15
 4312.66   2665.22
 4649.23   2765.20
 4882.76   3012.05
 4863.47   2898.72
 5528.67   3319.81
 4137.99   2595.48
 4914.40   2979.92
 5450.15   3224.93
 4740.24   2889.25
 5104.86   3142.33
 4250.87   2577.39
 5084.32   2995.80
 5015.74   3019.68
 4450.00   2711.56
 5143.87   3081.12
 5000.81   2988.47
       em4        
 KB/s in  KB/s out
 4469.76   2745.64
 5435.87   3214.51
 4654.36   2849.43
 5315.63   3125.39
 4697.81   2850.85
 4938.61   2993.00
 5084.72   3043.95
 4434.20   2705.67
 4526.94   2712.43
 4769.60   2844.90
 4415.15   2672.73
 4804.99   2879.81
 4593.04   2756.82
 4997.01   2986.59
 4490.49   2732.84
 5147.99   3087.57
 4653.38   2844.50
 4351.62   2618.37
 4806.45   2883.11
 5079.47   3041.85
 5386.92   3207.78
 4762.79   2887.54
       em4        
 KB/s in  KB/s out
 4601.72   2780.98
 4456.62   2753.83
 4778.66   2870.48
 5250.95   3140.55
 4735.23   2879.36
 4681.01   2799.27
 4589.01   2757.88
 4614.81   2766.75
 4772.48   2942.29
 5095.71   3037.07
 4797.00   2895.43
 4784.70   2898.08
 4869.74   2905.33
 4672.34   2831.29
 4852.29   2901.12
 5097.71   3138.35
 4848.55   2880.84
 4635.39   2838.02
 4818.33   2895.99
 4583.61   2768.25
 4855.33   2898.92
 4898.17   2943.96
       em4        
 KB/s in  KB/s out
 4598.79   2829.27
 4636.89   2794.76
 4494.06   2701.91
 4832.21   2872.82
 5106.52   3067.61
 5032.85   3022.70
 4391.50   2661.55
 5547.84   3364.70
 5170.44   3094.74
 5572.52   3339.40
 4623.11   2785.35
 5474.72   3272.72
 4858.30   2927.35
 5685.62   3433.18
 5181.82   3194.66
 5240.27   3171.44
 5288.45   3169.90
 4996.70   2998.56
 4888.66   2969.96
 5117.82   3046.33
 4063.70   2489.68
 4937.66   2983.43
       em4        
 KB/s in  KB/s out
 4952.98   2996.48
 5313.71   3188.01
 4869.89   2928.61
 4815.47   2900.99
 4914.65   2982.45
 5296.62   3128.23
 4708.02   2968.89
 4747.50   2843.68
 5044.07   3026.28
 4819.94   2907.51
 5093.32   3056.20
 5201.85   3087.52
 4863.51   2934.66
 5303.48   3291.61
 5318.33   3206.86
 5212.32   3077.47
 4608.79   2800.42
 5579.77   3370.76
 4960.93   2973.03
 4508.96   2763.49
 4906.41   2909.95
 5577.55   3399.49
       em4        
 KB/s in  KB/s out
 5023.40   3060.98
 5133.45   3088.06
 3895.46   2202.01
    0.12      0.00
    0.25      0.06
    0.12      0.00
  840.52    732.59
 4512.07   2791.76
 4993.30   3029.38
 5075.48   3046.69
 5067.08   3089.76
 5230.62   3154.00
 5459.07   3204.75
 5104.16   3090.96
 4932.21   2984.05
 5293.33   3201.77
 4981.73   3032.73
 5183.76   3097.17
 5119.09   3071.40
 4861.87   2980.16
 4786.03   2923.14
 4875.71   2954.33
       em4        
 KB/s in  KB/s out
 4988.26   2977.82
 5563.68   3337.87
 4767.08   2849.98
 4835.54   2901.13
 5131.59   3100.08
 4977.51   2999.61
 4463.49   2729.32
 5142.73   3062.31
 4726.99   2872.72
 4460.15   2713.30
 4707.77   2859.92
 5161.38   3184.65
 5613.92   3376.60
 5728.87   3450.56
 4770.69   2910.69
 4986.37   3020.99
 4681.93   2884.38
 4796.45   2953.88
 5147.31   3057.75
 5212.81   3122.71
 4768.33   2870.18
 5191.69   3155.28
       em4        
 KB/s in  KB/s out
 5071.29   3077.39
 4799.21   2927.13
 4960.52   3016.99
 5347.28   3193.31
 5005.10   2990.75
 5218.16   3153.99
 4231.68   2599.69
 5438.53   3248.27
 5157.59   3044.96
 5044.36   3037.36
 4637.95   2825.51
 4628.99   2851.74
 4666.53   2820.48
 4711.29   2816.02
 5360.28   3190.32
 4618.78   2805.31
 4433.42   2682.73
 4351.74   2603.98
 5099.46   3051.45
 4283.22   2629.40
 5178.96   3062.13
 5132.85   3076.78
       em4        
 KB/s in  KB/s out
 5055.71   3049.94
 4992.99   3008.63
 5173.83   3107.90
 4683.30   2847.39
 4265.70   2628.77
 5577.93   3317.19
 4814.65   2902.62
 4827.29   2970.80
 4822.29   2877.22
 4868.95   2918.77
 5052.05   3023.72
 4859.67   2946.93
 4671.63   2865.34
 5298.95   3180.47
 4593.07   2783.99
 4948.62   2957.79
 4830.47   2920.71
 5133.40   3080.49
 4009.87   2431.75
 5252.77   3115.69
 4845.67   2966.23
 4582.73   2761.90
       em4        
 KB/s in  KB/s out
 4869.87   2905.73
 4822.90   2918.30
 5200.26   3094.71
 5076.45   2995.14
 4748.02   2859.60
 5749.24   3396.78
 4971.39   3008.79
 5274.64   3203.27
 5084.73   3045.19
 4714.22   2890.21
 4622.85   2792.24
 4792.24   2901.32
 4718.04   2834.50
 4692.16   2847.36
 4931.74   2896.19
 4874.79   2956.57
 4725.21   2837.30
 4862.89   2958.33
 4988.11   3003.27
 5638.84   3403.77
 5753.24   3406.58
 5300.71   3139.40
       em4        
 KB/s in  KB/s out
 4809.32   2913.96
 4550.71   2861.07
 4889.89   2954.68
 5700.89   3382.52
 5362.33   3169.40
 4426.40   2667.54
 4367.69   2716.28
 5765.98   3428.22
 5845.50   3497.81
 4506.72   2736.17
 5071.91   3048.41
 4514.15   2768.75
 4183.04   2583.36
 4948.57   2995.59
 4860.46   2951.96
 4674.74   2796.39
 4584.30   2759.07
 4524.24   2744.14
 4846.47   2876.46
 5051.89   3033.41
 4875.12   2951.72
 5142.78   3134.32
       em4        
 KB/s in  KB/s out
 5429.97   3231.31
 4856.46   2963.98
 5212.73   3087.34
 4697.59   2849.14
 4645.25   2825.87
 4846.43   2993.50
 4577.36   2734.81
 4390.86   2647.82
 5041.03   2967.78
 4799.39   2873.04
 5208.68   3117.81
 4815.16   2906.85
 4713.20   2855.15
 4048.26   2478.91
 4336.50   2688.75
 4726.58   2828.83
 5361.56   3141.42
 5509.09   3280.17
 4913.76   3001.09
 4477.66   2781.21
 5159.83   3058.03
 4807.12   2921.18
       em4        
 KB/s in  KB/s out
 4564.50   2807.46
 4913.45   2982.82
 4735.99   2807.58
 5046.92   3085.43
 4811.48   2920.39
 4770.45   2872.04
 5029.91   3006.83
 5303.15   3202.92
 5265.42   3137.55
 4716.66   2921.12
 4321.60   2635.87
 5437.19   3232.73
 4902.01   2937.86
 5338.22   3180.04
 4828.34   2957.04
 4931.94   3002.07
 4857.33   2933.01
 4763.03   2903.51
 4641.02   2806.89
 5555.34   3263.30
 5160.82   3108.32
 4942.18   3003.69
       em4        
 KB/s in  KB/s out
 5657.21   3407.29
 3945.76   2495.57
 5481.19   3203.33
 4918.90   2984.44
 3995.56   2468.76
 5106.72   3065.84
 5111.22   3045.64
 5252.98   3226.69
 5098.20   3040.53
 5178.97   3117.12
 4617.13   2821.11
 4231.82   2548.74
 4634.24   2742.81
 4922.52   2931.72
 5137.46   3148.87
 4186.12   2594.78
 4718.23   2839.09
 5158.53   3030.63
 4749.23   2858.26
 5018.11   3030.38
 5192.23   3171.47
 5134.27   3091.66
       em4        
 KB/s in  KB/s out
 4939.30   2987.71
 4068.36   2515.81
 4653.60   2796.55
 4652.71   2777.59
 5228.85   3128.31
 4847.15   2986.11
 4694.53   2822.25
 4793.35   2850.03
 4859.38   2908.24
 5068.08   3067.01
 4682.28   2847.09
 5157.08   3071.80
 4259.04   2678.10
 4669.02   2793.28
 4933.31   2961.79
 4585.95   2763.28
 4799.60   2843.97
 5067.67   3033.29
 4704.68   2822.42
 4428.97   2748.52
 4948.89   3016.27
 4592.98   2793.99
       em4        
 KB/s in  KB/s out
 5006.95   2966.36
 4791.07   2907.60
 4400.82   2662.37
 4874.32   2902.70
 4356.06   2734.82
 4537.72   2720.63
 4644.25   2775.68
 4492.12   2720.55
 4677.54   2775.30
 4676.26   2821.96
 4486.05   2720.00
 5031.44   3042.93
 4396.27   2697.08
 5067.79   3015.56
 4766.37   2871.71
 4317.16   2632.07
 4362.09   2616.62
 4878.08   2909.43
 4916.98   2962.00
 4997.47   2973.81
 4548.14   2810.87
 4562.98   2745.42
       em4        
 KB/s in  KB/s out
 4454.67   2682.85
 4955.43   2956.65
 4649.00   2804.53
 4759.09   2873.66
 4903.02   2943.16
 4627.57   2802.87
 5134.20   3070.96
 4382.79   2651.97
 4839.34   2963.43
 4963.90   2983.23
 4658.27   2785.92
 5535.23   3271.98
 4849.90   2942.15
 5299.44   3209.98
 4516.30   2766.72
 4506.05   2838.75
 5324.67   3140.45
 5116.32   3071.76
 4671.83   2865.43
 4423.81   2696.80
 4948.70   2951.86
 4607.15   2789.70
       em4        
 KB/s in  KB/s out
 4753.76   2937.07
 4664.96   2809.78
 5256.63   3108.89
 4861.54   2953.53
 4620.29   2799.75
 4661.93   2783.71
 5024.43   3002.99
 4572.16   2860.86
 5254.68   3107.59
 4764.10   2909.68
 4972.44   2971.41
 4989.35   3022.78
 5034.70   3004.62
 5539.75   3287.69
 5035.99   3070.70
 4634.91   2860.47
 4313.00   2660.52
 5171.70   3052.45
 4640.37   2828.55
 5080.31   3070.25
 5062.69   3058.26
 5287.27   3143.19
       em4        
 KB/s in  KB/s out
 5212.32   3216.55
 5510.91   3280.85
 5034.57   3034.92
 5178.62   3154.18
 5358.73   3163.27
 5063.80   3104.03
 4994.40   3008.03
 4480.00   2865.60
 4747.27   2825.88
 4899.64   2984.80
 5210.71   3061.42
 5359.23   3232.71
 5131.82   3057.52
 4856.30   2942.01
 5110.53   3051.79
 4522.56   2830.57
 4966.23   3015.84
 4782.72   2907.25
 4608.90   2824.07
 5298.10   3142.72
 4763.47   2557.32
    5.66      7.19
       em4        
 KB/s in  KB/s out
    4.49     90.68
    2.76      0.87
    0.12      0.00
    0.12      0.00
    0.12      0.00
    0.12      0.00
    0.12      0.00
    1.50     11.25
  543.59    703.07
 3389.88   2189.58
 4997.48   3070.23
 4464.33   2743.67
 4746.34   2928.53
 5221.32   3165.70
 5482.53   3281.36
 4217.04   2603.55
 4648.13   2797.31
 4299.51   2580.48
 5273.90   3121.44
 4940.49   2981.27
 4815.66   2889.46
 4765.21   2905.61
       em4        
 KB/s in  KB/s out
 4738.81   2831.12
 4714.19   2839.69
 4425.41   2681.51
 4831.04   2897.56
 5334.18   3196.88
 4390.06   2672.90
 5254.11   3115.06
 4664.48   2823.66
 5670.96   3394.10
 5547.85   3274.03
 4287.45   2661.57
 5076.85   3038.83
 4583.53   2772.93
 4836.82   2933.52
 4679.20   2839.30
 4405.56   2630.57
 4416.46   2656.07
 4968.48   2961.34
 4679.71   2829.46
 5085.98   3033.46
 4804.72   2884.89
 4679.94   2847.98
       em4        
 KB/s in  KB/s out
 4929.51   2962.43
 5089.37   3036.64
 4584.41   2787.76
 5054.75   3000.28
 4995.98   3016.34
 5100.04   3053.99
 5647.53   3346.88
 5358.60   3190.32
 5216.42   3170.92
 4859.55   2944.12
 5169.63   3151.22
 4700.20   2846.61
 4754.34   2893.43
 5295.58   3135.91
 4797.29   2889.58
 4584.70   2771.82
 4860.50   2961.62
 5053.11   3001.40
 4858.01   2940.07
 5015.10   2989.69
 5030.83   3018.07
 4580.74   2784.25
       em4        
 KB/s in  KB/s out
 4976.08   2983.15
 4779.06   2904.65
 5090.12   3036.65
 5019.18   3026.90
 4276.29   2603.11
 5163.76   3063.15
 4234.85   2597.75
 4732.36   2826.06
 4082.44   2472.23
 5110.00   3028.17
 5123.15   3081.54
 4693.39   2820.34
 4428.59   2725.50
 4500.42   2679.13
 4367.64   2627.31
 4814.88   2887.61
 5091.55   3055.00
 5154.24   3071.29
 4770.50   2882.72
 4531.03   2777.49
 4751.71   2823.66
 4974.57   3006.21
       em4        
 KB/s in  KB/s out
 5598.91   3293.98
 5027.52   3032.25
 4233.31   2621.24
 4960.88   2994.14
 4475.93   2700.96
 4457.62   2682.01
 4866.16   2902.98
 5173.67   3085.62
 5343.10   3154.14
 5533.27   3329.37
 4978.61   2995.54
 4394.85   2732.74
 4413.84   2706.98
 4560.67   2754.00
 4735.06   2839.38
 4675.69   2811.65
 4804.73   2896.54
 5220.95   3105.65
 4309.30   2624.52
 4504.34   2731.31
 4563.87   2741.34
 4864.25   2914.77
       em4        
 KB/s in  KB/s out
 4870.75   2952.25
 4632.46   2818.03
 4618.48   2776.30
 4183.33   2526.23
 4782.75   2863.98
 4553.57   2721.34
 4797.46   2910.09
 4897.38   2931.50
 4330.17   2622.63
 5315.78   3157.17
 4463.92   2670.14
 5325.18   3177.75
 4557.03   2797.34
 4322.44   2641.95
 5289.48   3156.74
 4813.42   2918.06
 5077.80   3025.92
 5294.80   3172.77
 4874.73   2924.22
 4274.73   2636.11
 4763.12   2838.66
 4195.82   2544.99
       em4        
 KB/s in  KB/s out
 5118.55   3044.97
 4830.59   2903.73
 5054.56   2970.66
 4923.57   3012.31
 4674.97   2830.60
 4797.37   2899.79
 4405.32   2660.14
 5148.02   3079.06
 4919.68   2951.58
 4635.20   2820.81
 4980.81   2940.84
 4961.18   2978.39
 5057.10   3065.75
 5380.17   3179.25
 5345.96   3194.44
 4169.81   2616.90
 4973.35   2984.85
 4318.79   2641.31
 4452.30   2667.06
 5289.64   3131.56
 5170.35   3078.95
 4562.77   2775.80
       em4        
 KB/s in  KB/s out
 4756.62   2943.02
 4937.89   2975.73
 4823.48   2868.65
 4718.62   2895.23
 4734.84   2834.34
 4680.09   2802.83
 4954.80   3007.93
 4598.02   2795.41
 5136.23   3053.38
 4661.96   2831.36
 4560.53   2752.52
 5617.45   3306.21
 4849.64   2919.34
 4581.99   2853.46
 4765.65   2853.12
 4967.45   2992.46
 4988.21   2986.60
 5022.98   3030.90
 4057.44   2493.35
 4395.43   2647.79
 5276.09   3155.87
 5094.34   3074.69
       em4        
 KB/s in  KB/s out
 4738.15   2867.56
 5026.05   3039.56
 5160.10   3080.20
 5534.74   3275.33
 5369.18   3265.35
 4675.24   2810.82
 5017.45   3004.49
 5081.77   3064.90
 5009.64   2977.49
 4823.34   2918.50
 5072.79   3060.67
 5196.98   3164.00
 4793.39   2891.09
 4613.79   2810.22
 5378.90   3198.43
 5117.27   3082.67
 4591.31   2771.55
 5139.98   3087.52
 4967.36   2997.32
 5223.32   3093.77
 4579.36   2740.87
 4684.27   2827.80
       em4        
 KB/s in  KB/s out
 5120.25   3074.01
 4564.05   2804.35
 4559.43   2869.00
 4528.05   2797.16
 4945.20   3005.25
 4747.29   2893.23
 4814.66   2940.24
 5625.63   3346.26
 5333.01   3158.37
 5230.47   3182.46
 4246.22   2642.49
 4371.27   2700.42
 4741.10   2889.87
 5101.08   3000.61
 4594.89   2765.83
 5173.26   3073.27
 4696.11   2951.92
 4757.96   2883.56
 5246.12   3127.02
 4672.08   2825.74
 4873.81   2960.30
 4812.95   2946.42
       em4        
 KB/s in  KB/s out
 4942.74   3044.33
 5018.88   2998.18
 4918.34   2998.52
 5233.48   3158.25
 4516.64   2725.90
 4542.64   2729.91
 5116.58   3044.69
 4405.10   2758.64
 4744.86   2812.46
 4863.52   2947.71
 4830.42   2918.60
 4979.63   2980.64
 5147.17   3062.90
 5249.62   3154.31
 4920.50   3026.79
 5056.77   3049.22
 4902.85   2963.53
 5007.60   3035.37
 4693.53   2804.76
 4665.86   2807.72
 4462.03   2715.77
 5791.40   3472.99
       em4        
 KB/s in  KB/s out
 4939.84   2970.64
 4797.06   2902.02
 4656.72   2813.74
 4829.86   2954.36
 4832.08   2883.07
 5189.08   3087.30
 4460.06   2785.91
 4660.44   2845.14
 4857.26   2905.87
 4558.28   2772.62
 4886.12   2937.07
 4769.82   2877.80
 5432.81   3206.71
 5329.38   3219.35
 4381.27   2691.67
 4322.88   2665.99
 4641.76   2819.74
 5031.68   2995.32
 5558.08   3287.60
 5580.41   3304.10
 5180.96   3177.67
 5001.13   3034.58
       em4        
 KB/s in  KB/s out
 4690.20   2834.60
 4624.00   2819.65
 5321.18   3195.77
 5422.59   3229.64
 4817.64   2933.13
 4923.98   3045.78
 4927.64   2978.28
 4677.42   2832.16
 5277.93   3147.68
 5296.10   3171.33
 4302.22   2615.86
 5233.01   3120.81
 5317.57   3281.95
 5653.75   3366.19
 5257.00   3129.91
 4959.68   2988.40
 4433.14   2725.76
 4334.20   2663.17
 4603.02   2823.85
 4381.29   2785.43
 5309.59   3150.07
 4532.16   2766.10
       em4        
 KB/s in  KB/s out
 4638.78   2830.33
 4839.95   2949.53
 4319.77   2675.11
 4650.90   2755.95
 4905.76   2949.62
 5147.26   3190.00
 4992.07   3007.94
 4961.11   2986.97
 5378.45   3221.91
 4638.23   2812.88
 4461.51   2722.82
 4633.04   2773.45
 4915.71   3009.76
 5026.67   3033.75
 4692.56   2838.97
 4407.24   2657.79
 4939.83   2940.64
 5295.38   3186.14
 5126.53   3052.88
 4961.22   3052.60
 4528.30   2728.49
 4590.19   2786.05
       em4        
 KB/s in  KB/s out
 4221.91   2396.40
 4023.09   1871.22
    0.06      0.00
    0.13      0.14
    7.86     92.87
    0.06      0.00
    0.45      0.00
    0.12      0.00
    0.12      0.00
    0.58      0.06
    0.58     11.26
    3.34      0.74
    0.12      0.00
 3114.95   2353.15
 4906.41   3028.00
 4885.65   2982.08
 4533.28   2811.11
 5303.42   3138.52
 4683.77   2850.77
 5490.43   3239.37
 5098.65   3068.63
 4861.80   2922.93
       em4        
 KB/s in  KB/s out
 5057.27   3003.57
 4828.60   2942.55
 5016.55   3025.87
 4701.36   2877.39
 4681.93   2804.57
 5330.75   3159.82
 5362.71   3195.80
 4450.68   2734.35
 4736.53   2923.74
 5358.47   3195.39
 5033.15   2986.58
 4905.57   3056.01
 5147.79   3143.82
 5126.81   3063.01
 4823.78   2904.66
 5249.40   3131.62
 4573.82   2779.77
 4509.03   2758.39
 5284.28   3160.85
 4827.73   2927.06
 5165.09   3102.66
 4666.98   2859.89
       em4        
 KB/s in  KB/s out
 3108.36   2102.50
 4317.36   2693.99
 4828.02   3009.31
 5236.26   3140.53
 5195.72   3123.18
 4590.80   2924.90
 4373.98   2696.80
 5282.78   3136.76
 4934.11   3053.23
 4795.20   2938.43
 4525.72   2774.87
 5233.37   3096.98
 4270.94   2686.28
 4501.61   2660.05
 5579.08   3306.90
 5382.25   3231.46
 5441.23   3302.97
 5235.30   3123.26
 5495.40   3289.15
 4808.37   2903.33
 5098.76   3078.84
 4875.81   3007.26
       em4        
 KB/s in  KB/s out
 4428.14   2726.93
 5154.65   3103.06
 5439.46   3225.76
 5261.77   3186.79
 5137.41   3072.23
 4915.16   3011.31
 4742.31   2899.86
 5653.29   3373.42
 5580.56   3306.55
 4856.55   2927.00
 4674.45   2866.69
 4874.73   2944.99
 4747.72   2885.08
 4738.09   2875.92
 4157.24   2597.30
 5000.07   3035.26
 4913.21   2949.88
 4359.01   2659.34
 5315.88   3234.87
 5907.34   3496.86
 5442.22   3237.45
 5173.67   3072.28
       em4        
 KB/s in  KB/s out
 5458.33   3240.82
 5154.58   3082.89
 5233.22   3194.13
 5132.55   3029.12
 4443.43   2696.46
 4571.12   2775.56
 4371.08   2675.68
 5047.27   3089.50
 4728.14   2876.98
 5309.56   3181.19
 5173.25   3033.86
 4523.92   2739.34
 5416.13   3243.48
 4398.59   2723.68
 5048.76   3073.90
 5130.47   3059.74
 4874.49   2967.64
 4646.36   2875.02
 5282.11   3163.61
 5336.49   3177.70
 4840.32   2914.73
 4748.62   2873.51
       em4        
 KB/s in  KB/s out
 4955.01   2994.77
 4684.32   2872.93
 4943.15   3015.77
 4931.67   2925.26
 5236.71   3184.95
 5282.24   3173.43
 4741.17   2850.69
 5270.93   3204.11
 4731.84   2876.76
 5464.39   3302.82
 5069.71   3000.35
 4292.79   2583.30
 4658.12   2859.91
 5160.11   3088.56
 5230.67   3181.65
 5039.89   2992.89
 4524.62   2703.03
 4918.32   2985.29
 5199.13   3133.58
 4775.13   2922.53
 5154.50   3112.16
 5087.21   3065.03
       em4        
 KB/s in  KB/s out
 4835.15   2918.11
 4942.01   3017.73
 5161.98   3136.78
 4839.78   3003.00
 4919.32   2934.80
 4586.12   2833.26
 5072.37   3074.57
 4822.36   2870.37
 5125.58   3063.89
 6043.68   3685.63
 5231.10   3080.98
 4388.63   2687.01
 5537.74   3318.94
 5300.29   3184.29
 5031.22   3055.78
 5191.97   3158.32
 4693.36   2805.35
 5012.33   3042.14
 5077.73   3032.55
 4715.70   2796.86
 4483.41   2779.86
 5277.34   3128.41
       em4        
 KB/s in  KB/s out
 4630.49   2811.30
 5219.04   3144.35
 4920.88   3004.50
 5105.02   3118.74
 5305.66   3147.68
 5156.46   3106.55
 4875.92   3011.68
 4616.13   2740.12
 5299.99   3211.49
 5219.20   3163.52
 4381.78   2703.62
 5159.80   3063.82
 5337.78   3211.57
 4919.46   2993.54
 4741.02   2849.03
 4781.78   2851.45
 4561.53   2813.95
 4743.59   2808.75
 4782.78   2873.38
 4920.89   3024.65
 5226.10   3120.46
 4532.45   2720.66
       em4        
 KB/s in  KB/s out
 4398.33   2704.53
 5254.22   3175.38
 5140.88   3052.06
 5056.69   3088.35
 5226.98   3204.67
 5120.16   3062.67
 5103.94   3040.67
 4877.20   3001.87
 4973.84   2953.76
 5077.31   3094.89
 5290.25   3165.53
 4607.06   2786.76
 4656.82   2838.87
 4752.28   2848.54
 4936.66   2974.95
 5146.03   3108.28
 4920.97   2977.73
 5231.62   3221.93
 4773.94   2893.53
 4888.75   2985.61
 4572.70   2796.54
 5305.27   3152.58
       em4        
 KB/s in  KB/s out
 5515.67   3263.56
 4612.45   2798.03
 4752.37   2956.95
 5511.23   3277.90
 5175.04   3111.64
 4493.34   2770.57
 4815.97   2937.24
 5178.27   3137.69
 5367.25   3228.91
 4978.33   3048.50
 5583.42   3327.51
 5294.45   3104.36
 4848.37   2977.75
 4892.00   3043.49
 5655.11   3344.19
 5360.04   3194.00
 4939.24   3071.35
 4782.36   2890.56
 5659.66   3377.15
 4384.84   2651.11
 4672.68   2832.26
 5071.38   3042.98
       em4        
 KB/s in  KB/s out
 4734.09   2814.28
 4823.29   3050.65
 4875.88   2967.26
 5179.18   3054.69
 5194.69   3123.88
 5148.35   3113.62
 5330.69   3205.24
 4873.85   2924.47
 5372.03   3255.47
 4662.75   2912.82
 5091.35   3023.45
 5135.71   3072.61
 5123.63   3054.96
 3768.03   2336.40
 4819.33   2873.35
 5274.93   3202.68
 5267.99   3218.35
 4307.18   2556.72
 5267.72   3178.52
 5205.85   3146.90
 4783.32   2914.74
 4613.86   2768.65
       em4        
 KB/s in  KB/s out
 5044.18   3053.62
 5378.44   3321.19
 5076.72   3046.92
 4998.30   2991.06
 4865.86   2914.21
 4645.87   2826.12
 4919.82   2947.18
 4649.15   2821.14
 5594.27   3392.59
 4810.07   2953.28
 4941.20   2985.89
 4983.68   2990.94
 5610.25   3324.33
 5201.99   3157.41
 5283.86   3169.30
 4775.43   2986.12
 5384.38   3214.83
 4369.56   2600.96
 5211.03   3148.41
 4571.61   2775.61
 4686.95   2859.88
 4667.11   2827.34
       em4        
 KB/s in  KB/s out
 5586.89   3380.41
 5409.33   3225.67
 4900.84   2980.23
 4874.63   2946.33
 4970.10   2955.87
 4877.43   2922.29
 4729.81   2877.28
 5092.06   3105.34
 4478.49   2728.84
 5041.76   3056.35
 4520.10   2670.86
 4995.66   3032.82
 5024.32   3035.67
 4860.80   2928.42
 4675.69   2910.25
 5667.94   3382.02
 4940.24   2993.37
 5097.15   3084.15
 3900.91   2330.04
 4915.91   3041.71
 5672.88   3374.29
 5280.74   3225.79
       em4        
 KB/s in  KB/s out
 4585.45   2797.34
 5013.30   2999.15
 5314.30   3200.31
 5115.61   3076.53
 4545.98   2767.32
 5372.20   3277.28
 5271.32   3177.64
 4759.46   2923.56
 4868.19   2943.95
 4290.37   2681.01
 4721.39   2867.07
 5408.40   3300.03
 5914.83   3503.29
 5665.68   3294.42
 4368.74   2691.83
 4797.22   2918.46
 5294.82   3190.01
 4427.66   2660.42
 5040.86   3032.07
 5207.42   3155.10
 5030.07   2995.54
 5379.22   3318.81
       em4        
 KB/s in  KB/s out
 4929.97   2976.77
 5069.82   3076.16
 5313.90   3200.59
 5560.55   3330.07
 5266.61   3169.05
 6585.34   3532.46
 3500.31   1756.89
    0.06      0.00
    0.39      0.00
    0.06      0.00
    0.06      0.00
    0.59      0.12
    0.52     46.01
   19.83    475.40
    0.13      0.14
    0.06      0.00
    0.39      0.00
    0.06      0.00
    0.00      0.00
    0.06      0.00
    0.06      0.00
    0.12      0.00
       em4        
 KB/s in  KB/s out
    0.12      0.00
    0.31      0.19
    0.19      0.14
    0.12      0.00
    0.19      0.05
    0.12      0.00
    0.45      0.00
    0.12      0.00
    0.12      0.00
    0.45      0.00
    0.12      0.00
    0.31      0.19
    0.19      0.14
    0.12      0.00
    0.12      0.00
    0.12      0.00
    0.78      0.00
    0.12      0.00
    0.12      0.00
    0.19      0.05
    0.06      0.00
    0.25      0.19
       em4        
 KB/s in  KB/s out
    0.19      0.14
    0.12      0.00
    0.12      0.04
    0.12      0.00
    0.45      0.00
    0.12      0.00
    0.12      0.00
    0.45      0.00
    0.12      0.00
    0.31      0.19
    0.19      0.14
    0.12      0.00
    0.13      0.05
    0.06      0.00
    0.38      0.31
    0.78      0.20
    0.94      0.64
    0.67      0.39
    0.78      0.36
