       p2p2       
 KB/s in  KB/s out
 3463.56   2546.10
 3232.72   2794.84
 3084.50   2578.75
 2978.10   2542.79
 3415.86   2720.33
 3633.31   2498.90
 2894.89   2605.17
 2674.69   2228.52
 2990.43   2504.30
 3604.72   2600.60
 2687.91   2104.43
 2441.81   2104.94
 2633.80   2156.45
 2507.36   2233.31
 3067.06   2526.83
 3289.01   2276.35
 2667.12   2154.58
 2639.50   2218.82
 2732.49   2336.52
 3641.27   2461.42
 2834.13   2408.35
 2746.66   2280.16
       p2p2       
 KB/s in  KB/s out
 2623.50   2170.27
 2934.68   2300.35
 2914.89   2216.97
 3015.39   2190.22
 2594.43   2188.38
 2616.70   2244.22
 2934.77   2511.20
 3501.50   2543.17
 2550.52   2158.38
 2617.32   2217.26
 2652.32   2250.83
 2675.80   2146.44
 3009.72   2262.10
 2924.83   2233.11
 2539.71   2195.12
 2361.00   2084.96
 2372.12   2004.52
 3284.05   2174.51
 2310.44   1907.29
 2635.22   2525.73
 2341.04   1998.20
 2427.31   1884.03
       p2p2       
 KB/s in  KB/s out
 3024.99   2270.77
 2786.00   2179.97
 2498.22   2213.89
 2633.26   2157.19
 3067.31   2501.71
 3559.74   2653.62
 2586.40   2371.56
 2480.80   2138.49
 2432.09   2081.06
 2591.71   2051.03
 3135.79   2192.83
 2655.62   2041.70
 2479.20   2138.75
 2787.61   2403.99
 2988.70   2292.37
 3134.52   2246.77
 2440.10   2094.61
 2620.02   2204.01
 2462.46   2034.42
 2750.76   2284.54
 3260.45   2365.17
 2864.43   2135.08
       p2p2       
 KB/s in  KB/s out
 2319.58   1997.24
 2336.94   2077.66
 2700.30   2265.37
 2638.12   2346.05
 2944.49   2082.05
 2650.29   2290.67
 2501.97   2193.64
 2582.03   2319.82
 3238.42   2327.61
 2583.17   2045.05
 2745.28   2245.13
 2638.54   2115.02
 2545.09   2150.19
 2903.33   2257.67
 3117.40   2257.59
 2558.89   2232.87
 2582.93   2372.91
 2849.87   2435.05
 3407.88   2434.43
 2533.26   2035.71
 2385.95   2048.17
 2590.25   2149.17
       p2p2       
 KB/s in  KB/s out
 2709.85   2158.42
 2847.42   2626.05
 2933.34   2065.14
 2595.63   2325.56
 2379.63   2090.58
 2807.49   2447.23
 3082.31   2149.33
 2784.98   2217.92
 2386.65   2054.37
 2559.39   2105.48
 2770.27   2145.69
 3048.30   2556.69
 2861.36   2260.28
 2577.87   2197.32
 2436.83   2081.69
 2440.45   1999.03
 3319.52   2353.56
 2648.69   2187.94
 2455.37   2088.03
 2959.44   2429.75
 2808.79   2233.22
 2923.97   2429.71
       p2p2       
 KB/s in  KB/s out
 3060.59   2059.36
 2502.06   2097.03
 2482.82   2138.72
 2815.75   2400.38
 3548.58   2582.03
 2482.38   1963.04
 2456.03   2157.93
 2475.17   2015.87
 2485.70   2238.01
 3116.43   2211.36
 2911.54   2209.84
 2509.89   2243.97
 2621.35   2029.93
 2760.62   2271.46
 3126.23   2136.98
 2689.03   2278.11
 2318.38   2001.24
 2299.08   1879.53
 2519.94   2170.19
 2965.74   2105.77
 2757.86   2252.86
 2402.40   2014.56
       p2p2       
 KB/s in  KB/s out
 2520.30   2009.16
 2911.27   2204.05
 2912.18   2042.37
 2330.76   2123.00
 2252.73   1912.25
 2877.30   2383.87
 2544.07   2257.49
 3151.38   2366.02
 2737.84   2138.52
 2484.35   2131.84
 2717.13   2312.36
 2932.93   2320.93
 2801.43   2356.87
 2863.57   2174.81
 2529.78   2056.95
 2238.95   1883.84
 2611.05   2184.93
 3214.65   2232.41
 2843.94   2408.18
 2421.31   2188.25
 2521.91   2266.00
 2605.11   2071.80
       p2p2       
 KB/s in  KB/s out
 3007.98   2241.97
 2352.00   1877.26
 2380.76   2027.06
 2402.29   2169.06
 2490.45   2067.24
 3122.33   2277.38
 2646.39   2140.75
 2650.13   2221.15
 2655.03   2160.26
 2736.82   2082.18
 2617.58   2398.43
 2909.26   1990.81
 2706.22   2261.77
 2249.22   1930.18
 2818.21   2253.39
 3218.22   2215.12
 2473.73   2100.53
 2528.86   2151.10
 2573.04   2281.84
 2513.98   2230.48
 3116.72   2230.07
 2545.23   1817.30
       p2p2       
 KB/s in  KB/s out
 2427.71   2033.50
 2345.34   2000.39
 2350.28   1979.75
 2841.92   1972.80
 2399.79   1899.90
 2508.22   2084.12
 2197.50   2004.70
 2577.51   2169.96
 3005.70   2117.59
 2546.57   2087.52
 2241.25   1842.71
 2393.44   1973.97
 2419.14   1899.90
 2977.47   2229.45
 2164.77   1841.84
 2231.44   1881.34
 2272.40   1833.40
 2696.29   2319.12
 3094.81   2159.12
 2645.45   2282.68
 2324.83   2003.78
 2457.41   2092.37
       p2p2       
 KB/s in  KB/s out
 2857.34   2187.41
 2730.61   1935.85
 2323.95   2024.45
 2285.32   2037.79
 2225.59   2058.87
 2358.12   1802.95
 3091.16   2169.75
 2525.42   2223.52
 2164.53   1853.87
 2375.76   1866.29
 2403.41   2115.84
 2818.83   2080.55
 2554.04   2004.61
 2184.46   1892.16
 2484.13   2025.85
 2315.40   1945.34
 2993.16   2221.28
 2065.21   1777.28
 2376.87   1897.96
 2171.34   1954.44
 2474.86   2064.07
 2960.86   2076.31
       p2p2       
 KB/s in  KB/s out
 2466.96   2064.52
 2309.36   1919.87
 2351.60   2013.75
 2927.80   2338.97
 2472.69   2055.32
 2496.91   1866.65
 2035.95   1575.56
 2105.21   1956.52
 2401.98   1943.79
 2793.66   2035.55
 2338.20   1919.97
 2119.30   1843.58
 2304.79   2011.38
 2776.25   2111.88
 2502.13   2244.85
 2094.45   1680.09
 2186.29   1958.26
 2012.33   1897.01
 2445.86   2065.99
 2878.39   2080.72
 2174.22   1783.44
 2061.57   1822.31
       p2p2       
 KB/s in  KB/s out
 2297.11   1856.63
 2133.36   1643.66
 2806.42   2081.53
 2134.05   1766.06
 2054.70   1882.07
 2203.24   1998.86
 2205.61   1759.83
 2621.80   1776.77
 2165.30   1680.51
 2085.82   1770.33
 2271.52   2032.26
 2337.39   1841.38
 2184.75   1832.43
 2141.91   1603.57
 2048.79   1905.80
 2127.99   1758.99
 2189.40   1873.84
 2968.02   1963.61
 1847.38   1550.99
 1967.15   1573.02
 2285.24   1974.09
 2452.35   1929.32
       p2p2       
 KB/s in  KB/s out
 2236.00   1824.98
 2544.65   1991.38
 2040.47   1726.01
 1967.59   1664.06
 2426.91   1677.83
 2679.16   2287.93
 2130.93   1551.16
 1997.24   1791.55
 2214.30   1919.06
 2563.83   2088.13
 3033.23   2111.67
 1985.67   1634.47
 1889.07   1585.93
 1960.58   1657.77
 2403.89   1742.50
 1934.11   1679.55
 2309.27   1618.39
 2063.49   1864.78
 2082.51   1677.09
 2379.63   2006.64
 2513.63   1638.65
 1823.04   1660.99
       p2p2       
 KB/s in  KB/s out
 1943.91   1697.53
 2072.29   1681.65
 2108.52   2135.99
 2011.89   1458.41
 1095.77    816.50
  832.31    768.47
  675.08    564.50
 1029.00    850.16
  989.53    804.23
  638.41    607.19
  461.49    473.55
  839.31    826.58
 2343.03   2148.92
 2667.50   2064.09
 2573.36   2189.46
 2427.98   2084.36
 2429.27   2041.81
 3047.18   2458.40
 2894.07   2095.21
 2242.83   1833.75
 2231.05   1831.44
 2235.38   1819.17
       p2p2       
 KB/s in  KB/s out
 2703.94   2248.25
 2952.50   2153.83
 2163.28   1932.66
 2054.47   1700.03
 2422.92   2097.37
 2434.46   2088.02
 2696.19   1950.52
 2422.65   1937.16
 2037.79   1769.77
 2590.27   2039.66
 2276.38   1817.36
 2665.55   1896.70
 1925.13   1604.24
 1969.45   1705.38
 2082.76   1887.37
 2178.35   1845.85
 2333.29   1689.69
 1959.71   1678.77
 2177.15   1931.99
 2319.55   2070.39
 2468.81   2036.94
 2381.32   1736.06
       p2p2       
 KB/s in  KB/s out
 1809.93   1646.50
 2296.75   1966.85
 2177.29   1836.89
 2012.32   1880.27
 2604.63   1695.74
 2151.77   1766.04
 2129.89   1798.25
 2091.30   1854.25
 2353.46   2026.83
 2753.32   2121.51
 2099.03   1893.45
 2226.99   1878.42
 2240.30   1870.35
 2195.53   1958.44
 3000.03   2121.92
 2107.05   1753.26
 1662.86   1504.10
 2121.08   1730.96
 2583.33   2139.18
 2589.60   1953.08
 2111.98   1852.48
 1568.68   1481.99
       p2p2       
 KB/s in  KB/s out
 1715.21   1603.19
 2006.08   1784.18
 2479.13   1777.43
 1967.20   1618.16
 2259.35   1967.45
 2151.72   1873.36
 2426.80   1974.20
 1867.25   1362.26
 1906.75   1675.93
 2289.67   1996.59
 2005.68   1683.12
 1974.76   1784.58
 2345.01   1650.64
 2243.83   1885.71
 1780.46   1600.06
 1995.40   1593.32
 2243.24   1780.52
 2306.78   1636.05
 1995.70   1735.13
 2021.73   1792.90
 2282.64   2063.37
 2124.54   1966.24
       p2p2       
 KB/s in  KB/s out
 2397.53   1571.49
 2020.28   1612.13
 2131.58   1834.40
 2428.03   2035.02
 2333.20   1785.33
 2490.31   1640.82
 2111.56   1687.49
 1785.65   1451.13
 2035.13   1757.49
 2260.86   1860.95
 2490.78   1684.81
 1914.54   1516.72
 1934.46   1699.61
 2104.74   1611.26
 2798.55   2264.24
 2347.08   1733.10
 1706.87   1436.81
 2055.26   1783.66
 2343.28   2054.25
 2292.95   1946.04
 2780.41   2064.73
 1790.58   1522.02
       p2p2       
 KB/s in  KB/s out
 1836.96   1586.15
 1812.08   1526.41
 2160.86   1663.62
 2160.15   1649.88
 2147.52   1717.63
 2081.39   1940.54
 2289.11   1888.10
 2313.56   1764.38
 2482.41   1808.06
 1911.09   1783.50
 2228.26   1861.48
 1983.56   1635.86
 1834.33   1773.35
 2533.97   1893.44
 2202.21   1780.67
 1718.57   1591.02
 2256.16   1848.50
 2461.93   2151.72
 2232.29   1519.84
 2007.35   1712.25
 2086.54   1814.40
 1981.66   1815.78
       p2p2       
 KB/s in  KB/s out
 2290.01   1987.65
 2933.91   1941.76
 1922.41   1602.58
 1956.02   1693.75
 2148.26   1843.64
 2528.14   1842.17
 2305.07   1951.24
 1915.86   1493.84
 1930.04   1588.39
 1979.32   1517.58
 2279.07   1888.83
 2447.42   1764.65
 2155.43   1825.82
 1988.68   1746.22
 1765.06   1469.25
 1925.04   1715.89
 2751.31   1929.26
 2080.28   1803.05
 1862.19   1702.17
 1909.64   1583.99
 2676.41   1876.30
 2038.94   1653.81
       p2p2       
 KB/s in  KB/s out
 2095.57   1881.77
 1963.12   1630.34
 2111.40   1860.70
 2091.17   1691.53
 2552.99   1808.72
 2097.03   1707.92
 1994.76   1752.33
 2171.47   1909.30
 2645.69   1836.63
 1803.69   1715.15
 2181.33   1725.38
 2111.71   1872.49
 1714.20   1529.34
 2207.79   1673.88
 2312.28   1686.62
 1484.24   1217.72
 2120.36   1786.36
 2174.78   1869.19
 2321.08   1911.68
 1781.61   1448.21
 2192.20   1807.56
 1974.98   1670.19
       p2p2       
 KB/s in  KB/s out
 1794.41   1580.14
 1966.45   1620.71
 2168.78   1662.07
 2052.40   1866.91
 1787.01   1637.38
 2196.77   1853.82
 2178.44   1638.29
 2286.98   1684.92
 1708.68   1455.89
 2131.27   1898.23
 2099.19   1835.54
 2504.54   2005.35
 2322.05   1752.47
 2027.41   1631.76
 1893.07   1733.24
 2073.95   1813.07
 2461.51   2099.47
 2361.75   1575.54
 1753.29   1449.50
 1929.34   1747.55
 1832.60   1590.79
 2307.59   1715.45
       p2p2       
 KB/s in  KB/s out
 1981.12   1658.12
 2025.85   1750.09
 2064.72   1859.20
 2022.89   1640.20
 2316.34   1917.39
 2469.49   1895.70
 2047.38   1705.90
 1825.53   1541.08
 2081.94   1697.05
 1741.61   1625.63
 2370.26   1537.52
 2252.71   1800.02
 1925.60   1557.69
 1870.95   1595.41
 2270.26   1691.59
 2129.82   1545.33
 1892.96   1683.54
 1937.94   1748.83
 2068.11   1779.00
 2031.56   1787.91
 2294.89   1668.04
 2231.69   1924.55
       p2p2       
 KB/s in  KB/s out
 2042.41   1718.92
 2210.21   1808.76
 2490.18   1954.48
 2419.97   1620.45
 2106.04   1760.23
 1804.51   1686.50
 1910.94   1443.78
 1998.38   1696.27
 2079.95   1673.98
 1711.77   1392.58
 1346.33   1236.47
 2149.16   1893.90
 2429.62   1817.84
 2092.93   1682.78
 2088.98   1556.83
 1801.04   1527.24
 2004.21   1692.90
 2186.23   1879.98
 2190.10   1589.00
 1687.52   1517.09
 1735.99   1504.39
 2014.81   1587.57
       p2p2       
 KB/s in  KB/s out
 2236.83   1599.74
 1981.19   1618.54
 1828.43   1444.22
 1818.81   1568.30
 2148.01   1845.96
 1892.90   1584.10
 2341.21   1542.87
 1907.87   1601.76
 2011.12   1760.81
 1896.30   1505.89
 2731.96   1954.72
 1917.89   1586.92
 2034.45   1780.74
 1745.49   1525.90
 1935.31   1630.85
 2490.20   1886.21
 2109.78   1477.56
 1903.26   1602.19
 1916.40   1550.10
 1851.64   1602.84
 1846.50   1653.89
 2266.38   1519.78
       p2p2       
 KB/s in  KB/s out
 1454.67   1242.98
 1804.57   1562.63
 1667.91   1358.87
 2146.63   1675.43
 1825.87   1507.88
 1862.12   1562.84
 1840.95   1542.51
 1696.90   1498.04
 2125.62   1754.08
 2197.15   1545.25
 1950.90   1690.40
 1920.31   1692.63
 1887.37   1513.62
 2467.96   1790.53
 1705.43   1333.17
 1779.90   1524.95
 2084.37   1864.31
 2063.99   1738.54
 2312.98   1804.85
 2127.91   1524.03
 1640.49   1435.58
 1905.88   1706.32
       p2p2       
 KB/s in  KB/s out
 1930.97   1469.01
 2731.75   2072.65
 1887.70   1656.57
 1869.34   1513.38
 1955.41   1710.78
 1970.34   1701.78
 2117.65   1596.34
 2150.31   1608.39
 1660.45   1346.03
 1972.54   1642.16
 2096.17   1569.46
 1946.93   1818.29
 2372.72   1610.86
 1818.94   1625.91
 1795.03   1490.61
 1931.26   1664.99
 2124.57   1574.61
 1756.82   1318.82
 1788.79   1625.62
 2048.95   1656.61
 1912.29   1638.43
 2123.29   1727.75
       p2p2       
 KB/s in  KB/s out
 2535.15   1776.24
 1935.09   1537.32
 1927.05   1638.53
 1831.70   1569.96
 1731.73   1256.89
 1247.11   1142.87
  785.84    834.71
  948.32    888.75
  834.05    838.75
  634.46    512.53
  889.95    713.72
  514.40    486.24
  662.82    612.02
  839.13    810.57
  629.06    597.55
  651.16    651.60
  638.46    628.73
  726.05    660.45
 2054.22   1768.57
 2567.14   2296.60
 2443.18   1852.27
 2270.18   2091.38
       p2p2       
 KB/s in  KB/s out
 2250.65   1893.97
 2354.27   1955.64
 2781.72   1899.42
 1944.91   1589.29
 1937.32   1689.78
 1661.31   1549.70
 2125.37   1717.30
 2606.69   2098.96
 2324.32   1768.72
 2181.06   1828.43
 1898.63   1599.76
 1914.39   1580.42
 2612.77   1757.18
 2045.58   1700.44
 1814.98   1582.70
 1854.38   1532.72
 2128.61   1798.43
 2475.44   1781.23
 2347.66   1811.29
 1701.57   1450.88
 1941.95   1652.75
 1997.41   1540.59
       p2p2       
 KB/s in  KB/s out
 2327.43   1817.97
 2143.11   1567.79
 1822.27   1541.38
 2014.75   1823.40
 2053.03   1701.60
 2623.27   1979.42
 2071.70   1632.98
 1898.44   1651.40
 1819.17   1558.23
 2378.13   1983.36
 2316.95   1828.71
 2284.45   1641.88
 1910.38   1592.00
 1835.82   1529.05
 2068.12   1666.98
 2507.32   1809.86
 1779.28   1481.01
 1824.92   1650.01
 1686.87   1554.95
 1827.10   1606.48
 2358.17   1785.43
 2127.47   1584.71
       p2p2       
 KB/s in  KB/s out
 2145.31   1821.80
 1979.84   1719.38
 1888.81   1619.24
 2394.33   1704.13
 1924.91   1561.24
 1638.91   1333.49
 1915.02   1685.29
 2029.38   1743.24
 2368.13   1743.92
 1875.00   1390.06
 1738.04   1516.47
 1769.86   1486.98
 2154.31   1736.11
 2477.91   1642.87
 1685.70   1507.60
 1785.28   1504.69
 1766.62   1494.01
 2220.17   1847.30
 2385.84   1815.96
 1934.91   1562.90
 1799.38   1656.06
 1737.62   1528.25
       p2p2       
 KB/s in  KB/s out
 2351.55   1883.06
 2178.97   1737.45
 2028.42   1728.35
 1929.22   1691.19
 1917.48   1655.43
 2066.95   1858.60
 2428.31   1676.41
 2217.20   1798.19
 2291.19   1982.04
 2033.98   1845.57
 2158.40   1901.17
 2356.14   1785.13
 2171.16   1623.35
 1586.90   1355.98
 2117.13   1732.75
 2315.12   1933.22
 2445.42   1588.21
 1698.25   1439.39
 1826.66   1521.02
 1523.33   1253.67
 2149.21   1925.71
 2259.08   1644.03
       p2p2       
 KB/s in  KB/s out
 1982.14   1727.79
 1944.73   1713.55
 1944.38   1570.26
 2164.91   1774.70
 2000.69   1747.21
 2452.45   1800.38
 1725.52   1500.76
 2166.40   1968.77
 1913.55   1668.29
 2564.47   1891.73
 2273.69   1859.43
 1710.46   1535.16
 1992.43   1650.42
 2236.45   1884.84
 2014.89   1776.43
 2463.06   1612.98
 1851.84   1562.64
 2175.68   1862.00
 2226.52   1750.71
 2639.14   2017.68
 1876.15   1706.75
 1974.53   1699.57
       p2p2       
 KB/s in  KB/s out
 2019.19   1823.01
 1765.38   1469.47
 2308.68   1652.34
 1767.86   1413.88
 2029.78   1767.72
 1871.92   1407.77
 2341.05   1899.48
 2452.85   1820.19
 1926.09   1711.96
 1962.60   1611.67
 1966.89   1765.52
 2038.35   1748.05
 2339.69   1624.92
 2046.01   1649.69
 1624.26   1459.88
 2004.82   1775.55
 2162.31   1568.58
 2661.81   2016.66
 1655.19   1435.99
 1702.44   1536.37
 1715.80   1392.85
 2022.28   1680.18
       p2p2       
 KB/s in  KB/s out
 2370.24   1803.47
 1872.81   1520.25
 1947.39   1606.79
 2097.87   1646.70
 2302.51   1834.70
 2171.91   1781.36
 1831.27   1415.71
 1947.42   1627.31
 1989.25   1690.12
 1800.45   1568.40
 2438.39   1703.83
 1981.28   1672.62
 1840.64   1527.89
 1822.78   1556.45
 1629.62   1469.62
 2384.06   1837.48
 1890.27   1465.12
 1811.59   1555.40
 1810.32   1685.89
 2119.83   1783.97
 2371.92   1739.21
 1593.56   1312.91
       p2p2       
 KB/s in  KB/s out
 1811.03   1568.90
 2136.35   1666.83
 2313.19   1783.94
 2405.98   1898.23
 1757.46   1475.00
 1893.72   1659.09
 1714.62   1552.54
 1806.92   1606.57
 2455.48   1839.98
 2153.90   1592.74
 2173.41   1912.35
 1612.75   1276.80
 2170.43   1791.67
 1902.98   1612.72
 2192.70   1552.72
 1955.12   1702.15
 1770.97   1625.43
 2237.09   1821.30
 2494.26   1721.79
 2018.72   1700.99
 1755.52   1462.35
 1788.16   1427.55
       p2p2       
 KB/s in  KB/s out
 2014.55   1604.55
 1926.30   1595.69
 2060.75   1678.44
 1996.16   1707.13
 1659.96   1521.37
 2020.91   1724.02
 2241.87   1537.21
 1868.43   1516.63
 1522.59   1332.89
 2158.72   1915.60
 2321.84   1695.80
 2024.05   1524.87
 1703.96   1457.93
 1809.79   1590.89
 1924.92   1642.07
 1945.39   1537.52
 2245.99   1545.13
 1799.50   1543.72
 2056.63   1827.27
 1891.87   1572.28
 2248.04   1883.96
 2634.30   1917.56
       p2p2       
 KB/s in  KB/s out
 1833.92   1515.29
 1774.95   1543.52
 1463.97   1271.88
 2097.55   1637.35
 2198.75   1604.82
 1956.34   1744.92
 1762.45   1696.38
 1788.58   1502.20
 2112.07   1789.92
 2587.97   1781.84
 1933.54   1509.47
 2016.81   1763.86
 1954.95   1608.42
 2315.76   1772.32
 2350.49   1733.76
 1306.11   1052.53
 1919.05   1657.84
 1737.24   1590.62
 2046.25   1792.77
 2200.83   1543.82
 1804.20   1532.65
 1804.85   1520.76
       p2p2       
 KB/s in  KB/s out
 1774.15   1496.97
 2279.21   1770.25
 2117.27   1504.83
 1750.34   1537.37
 1517.32   1242.25
 1762.91   1489.53
 1759.34   1578.35
 2116.81   1537.16
 1874.31   1521.21
 2010.58   1768.55
 1939.76   1604.06
 2045.38   1658.98
 2107.89   1448.74
 2114.84   1878.44
 1836.94   1710.91
 2155.22   1908.86
 1790.16   1470.51
 2468.69   1844.39
 1850.47   1441.09
 1943.81   1653.29
 2094.79   1829.35
 2394.62   1805.70
       p2p2       
 KB/s in  KB/s out
 2064.17   1411.72
 1990.33   1739.99
 1844.17   1601.76
 1865.98   1631.52
 1726.80   1420.33
 2394.76   1618.59
 2013.90   1561.15
 1596.91   1294.56
 1598.89   1342.02
 1870.85   1399.34
 2136.98   1577.01
 1880.89   1616.83
 1872.34   1671.14
 1756.77   1357.06
 2081.16   1884.25
 2268.60   1668.79
 1914.24   1549.51
 1738.17   1578.03
 1944.15   1642.03
 1924.64   1643.76
 2164.54   1836.13
 1916.02   1465.23
       p2p2       
 KB/s in  KB/s out
 1797.99   1527.87
 2043.41   1626.72
 2179.45   1850.64
 2217.51   1522.06
 1675.97   1357.37
 1854.60   1547.06
 1867.38   1504.39
 2032.62   1820.04
 2078.53   1408.16
 1861.18   1470.04
 1734.14   1413.29
 1712.32   1481.31
 1985.31   1502.01
 2353.11   1767.39
 1555.83   1145.60
 1909.18   1534.48
 1902.04   1642.93
 2041.53   1712.52
 2302.37   1512.99
 1799.04   1547.73
 1839.36   1438.71
 1980.43   1643.82
       p2p2       
 KB/s in  KB/s out
 2456.27   1803.42
 2055.99   1632.09
 1601.22   1351.63
 1953.92   1768.75
 1603.01   1356.46
 2052.51   1768.46
 2119.43   1512.63
 1626.91   1504.48
 1616.02   1328.13
 1097.64   1124.27
 1272.08   1307.09
 1340.24    981.53
  952.84    979.67
  951.69    969.46
 1141.10   1094.26
 1137.15   1031.69
 1164.25   1028.56
  760.28    802.02
  762.90    712.48
  806.12    678.57
  503.41    415.90
  911.36    761.36
       p2p2       
 KB/s in  KB/s out
  792.80    723.51
  536.30    511.81
  935.28    891.82
 1741.64   1481.95
 2336.99   2132.44
 2307.96   2021.00
 2142.00   1846.34
 2218.30   1828.13
 2379.29   1966.72
 2705.67   1762.53
 1975.85   1534.90
 2023.58   1595.29
 1981.43   1707.52
 2242.93   1880.47
 2570.56   1630.82
 1703.23   1531.84
 1750.31   1499.50
 2012.66   1692.42
 2325.88   1809.49
 2334.22   1787.53
 1799.94   1506.31
 1661.40   1366.77
       p2p2       
 KB/s in  KB/s out
 1993.76   1646.91
 2132.24   1977.63
 2571.31   1728.80
 2011.81   1547.07
 1918.15   1525.25
 1941.08   1613.10
 2354.28   1830.46
 2234.37   1614.57
 1684.57   1330.63
 1828.75   1560.07
 1816.22   1459.65
 1975.07   1611.22
 2274.14   1535.31
 1794.34   1453.85
 1721.94   1430.33
 1773.88   1339.82
 2211.35   1711.58
 2200.93   1542.74
 1664.88   1404.80
 1798.94   1522.52
 1830.24   1543.03
 1843.91   1471.23
       p2p2       
 KB/s in  KB/s out
 2294.57   1576.17
 1965.73   1538.54
 1912.32   1502.08
 2153.69   1677.35
 2361.56   1724.19
 1917.38   1547.38
 1738.03   1514.37
 1758.54   1464.55
 1877.91   1475.88
 2247.75   1775.53
 2285.28   1660.53
 1792.79   1464.74
 1823.59   1470.50
 1963.06   1502.10
 2001.77   1653.45
 2127.31   1614.08
 1969.15   1613.43
 1934.23   1669.80
 1910.95   1617.55
 2086.61   1698.98
 2341.39   1586.81
 1820.40   1566.87
       p2p2       
 KB/s in  KB/s out
 2044.57   1809.30
 1803.47   1544.53
 1992.53   1650.35
 2416.70   1716.25
 1734.47   1530.28
 1970.92   1784.61
 1909.01   1542.21
 2313.46   1875.82
 2096.12   1524.76
 1554.70   1286.91
 1767.52   1547.58
 1766.94   1528.32
 2039.70   1803.09
 2226.31   1472.56
 1650.56   1391.78
 1713.47   1405.31
 1761.44   1443.78
 2244.07   1551.52
 2174.78   1791.48
 1790.79   1512.20
 1604.85   1457.39
 1905.97   1545.75
       p2p2       
 KB/s in  KB/s out
 2159.95   1837.07
 2227.39   1468.25
 1922.96   1592.62
 1856.63   1605.34
 1934.32   1550.65
 1867.66   1429.82
 1915.46   1451.83
 1941.18   1560.54
 1877.68   1644.66
 1998.81   1632.94
 2179.84   1700.17
 2162.17   1490.54
 1837.85   1607.41
 1748.69   1575.04
 2149.18   1692.14
 2145.52   1686.01
 2207.24   1710.49
 1641.24   1241.39
 1704.57   1538.46
 1827.80   1522.16
 1914.08   1549.15
 2175.54   1635.65
       p2p2       
 KB/s in  KB/s out
 1801.22   1530.84
 1762.84   1536.91
 1879.14   1614.79
 2122.20   1741.44
 2286.09   1816.93
 1768.00   1361.80
 1843.83   1555.08
 1782.63   1515.01
 2184.14   1759.37
 1841.52   1322.79
 1867.49   1675.82
 1834.89   1602.72
 2098.91   1801.27
 2188.72   1716.81
 1904.16   1518.67
 1728.77   1358.10
 1644.04   1314.96
 1766.62   1492.57
 2483.74   1927.02
 2225.38   1615.39
 1676.88   1491.19
 1620.21   1344.80
       p2p2       
 KB/s in  KB/s out
 1765.02   1420.48
 2140.72   1685.35
 2042.57   1638.95
 1809.88   1460.82
 1764.99   1583.46
 1877.47   1595.71
 2101.26   1537.57
 1957.19   1517.39
 1738.14   1501.68
 1613.12   1379.86
 1912.57   1657.53
 1746.78   1508.18
 2234.18   1563.66
 1719.04   1488.99
 1739.75   1547.35
 1907.72   1570.69
 2353.00   1613.68
 1810.53   1480.10
 1586.25   1413.24
 1667.75   1427.69
 1757.97   1526.51
 2118.70   1737.76
       p2p2       
 KB/s in  KB/s out
 2150.72   1535.19
 1721.06   1494.35
 1722.59   1558.07
 1810.76   1529.61
 2284.00   1672.46
 1909.29   1524.00
 1603.83   1361.55
 1478.77   1245.04
 1906.99   1669.40
 2147.28   1860.27
 2216.20   1590.39
 1731.75   1439.50
 1497.60   1368.77
 2102.82   1851.51
 2375.59   1610.27
 1542.25   1252.76
 2128.86   1894.21
 1793.62   1354.87
 2000.67   1661.07
 2326.28   1846.38
 2010.08   1578.63
 1598.96   1328.48
       p2p2       
 KB/s in  KB/s out
 1740.88   1430.65
 2277.24   1846.81
 2124.06   1663.19
 2056.29   1588.93
 1710.36   1504.05
 1667.90   1382.73
 1494.24   1256.60
 2351.38   1741.47
 1882.92   1515.57
 1637.55   1381.36
 1766.73   1552.00
 1716.06   1406.51
 1902.39   1732.79
 2197.10   1476.21
 1788.05   1563.46
 2023.94   1762.44
 1963.74   1577.27
 2175.18   1573.88
 1677.08   1281.20
 1539.21   1310.53
 1995.35   1703.11
 1922.03   1615.61
       p2p2       
 KB/s in  KB/s out
 1911.02   1783.67
 2167.75   1340.57
 1713.40   1541.20
 1956.68   1599.95
 1954.24   1550.39
 2323.26   1694.36
 1857.13   1551.28
 1798.63   1616.98
 1793.17   1547.32
 1847.93   1577.88
 2087.00   1673.43
 1974.08   1357.36
 1611.08   1307.65
 1895.92   1690.87
 1876.61   1626.47
 2321.64   1569.15
 2016.07   1635.64
 1639.78   1425.74
 1940.91   1619.76
 1818.22   1556.94
 2131.95   1542.61
 1895.47   1354.72
       p2p2       
 KB/s in  KB/s out
 2034.11   1823.61
 1947.91   1655.11
 1923.83   1529.09
 2229.39   1598.86
 1796.05   1587.31
 1852.80   1568.12
 1794.62   1599.46
 1690.36   1506.37
 2091.30   1690.50
 1769.91   1208.45
 1700.58   1487.82
 1871.05   1552.53
 1985.66   1693.93
 2156.45   1613.16
 2077.50   1336.06
 1666.27   1299.89
 2214.49   2031.12
 1876.35   1504.46
 2348.31   1590.53
 1817.20   1501.76
 1491.80   1312.85
 1936.45   1775.58
       p2p2       
 KB/s in  KB/s out
 1875.97   1577.56
 1945.89   1578.01
 2081.31   1441.07
 1561.13   1430.71
 1899.67   1711.63
 1999.38   1616.16
 2521.43   1719.66
 2039.09   1754.46
 1467.04   1281.33
 1664.99   1484.69
 1832.55   1488.15
 2229.54   1769.98
 1973.39   1405.77
 1730.30   1550.04
 1887.50   1612.57
 1619.39   1511.41
 1879.09   1497.16
 2001.11   1400.05
 1773.16   1501.04
 1682.72   1505.68
 1649.39   1362.76
 2167.73   1448.04
       p2p2       
 KB/s in  KB/s out
 1689.50   1441.36
 1613.41   1436.10
 1898.88   1661.44
 1822.65   1519.43
 2026.30   1601.86
 2070.06   1400.42
 1573.09   1345.26
 1810.58   1575.32
 1550.04   1346.10
 2474.77   1815.75
 1688.59   1443.59
 1619.74   1320.68
 1754.81   1553.37
 1711.35   1476.91
 2245.40   1734.15
 2162.03   1580.72
 1688.34   1421.80
 1735.18   1635.08
 1711.89   1369.41
 2312.95   1665.31
 1774.42   1417.95
 1589.84   1323.81
       p2p2       
 KB/s in  KB/s out
 1777.85   1611.68
 1992.72   1664.71
 2183.10   1743.22
 2226.05   1567.02
 1400.40   1328.05
 1695.40   1531.99
 1996.08   1663.04
 2394.39   1694.43
 1939.86   1540.52
 1515.43   1274.43
 1713.86   1479.32
 1934.55   1580.03
 1728.83   1477.55
 2192.64   1563.60
 1554.43   1292.36
 1532.39   1353.53
 1869.55   1472.69
 2214.32   1570.22
 1009.92    909.64
  887.24    912.66
  982.02   1009.35
  949.24    866.82
       p2p2       
 KB/s in  KB/s out
 1044.03    972.56
 1168.28   1069.01
  724.47    722.52
  874.69    894.53
 1034.03   1043.91
 1140.04    986.35
  763.29    896.92
  914.30    943.63
  758.85    675.97
  874.02    717.32
  928.24    906.19
  762.82    543.25
  584.79    484.91
  700.82    587.65
  604.48    522.50
  666.34    598.90
  640.63    641.11
  752.71    754.58
  488.88    484.90
  568.52    566.69
  485.69    486.41
 1874.40   1469.53
       p2p2       
 KB/s in  KB/s out
 2308.58   2057.91
 2017.39   1659.30
 2136.22   1739.03
 2663.23   2016.94
 2065.66   1850.56
 2236.35   2037.25
 2065.80   1781.35
 1993.13   1688.86
 2639.92   1941.86
 2126.09   1614.54
 2019.89   1687.74
 2030.84   1757.40
 2128.94   1699.99
 2201.45   1917.18
 2299.82   1587.11
 1889.19   1572.28
 1918.94   1696.49
 1897.62   1499.22
 2254.12   1543.03
 2204.07   1937.50
 1793.25   1593.89
 1889.19   1627.30
       p2p2       
 KB/s in  KB/s out
 2079.06   1581.73
 1849.01   1392.65
 2099.90   1581.68
 1985.68   1689.95
 1667.81   1326.07
 1951.34   1631.35
 2340.68   1568.73
 1994.67   1666.00
 1768.97   1460.79
 1739.75   1416.36
 1944.65   1795.71
 2130.39   1490.54
 1895.75   1283.35
 1857.19   1498.19
 1622.03   1506.92
 2039.63   1669.60
 2228.01   1521.77
 1842.03   1509.71
 1544.64   1302.99
 1681.81   1375.24
 1913.12   1629.34
 2302.77   1552.91
       p2p2       
 KB/s in  KB/s out
 1895.25   1382.16
 1882.45   1676.65
 1825.71   1388.27
 2055.21   1549.18
 2087.63   1501.52
 1736.67   1506.08
 1864.43   1573.46
 1852.17   1553.26
 1826.75   1499.09
 2337.34   1725.42
 1803.20   1437.62
 1653.19   1408.26
 1929.69   1555.80
 2113.71   1662.71
 2340.21   1792.14
 1711.17   1369.56
 1770.56   1454.15
 1809.49   1570.88
 1958.62   1653.69
 2413.16   1658.78
 2017.31   1598.92
 1688.86   1340.10
       p2p2       
 KB/s in  KB/s out
 1654.03   1349.72
 2037.46   1640.45
 2398.23   1804.71
 1721.11   1441.51
 1875.69   1615.08
 1648.65   1386.53
 1915.06   1574.86
 2219.37   1507.83
 1729.84   1531.86
 1626.80   1375.49
 1938.64   1586.36
 1638.01   1450.60
 2055.66   1494.56
 2101.01   1650.96
 1626.48   1464.34
 1663.02   1443.57
 1941.23   1605.28
 2436.28   1646.52
 1792.55   1505.86
 1797.00   1577.10
 1770.92   1499.78
 1799.68   1511.55
       p2p2       
 KB/s in  KB/s out
 2276.39   1586.02
 1872.25   1428.52
 1569.53   1232.63
 1928.93   1633.38
 1818.75   1370.91
 1978.21   1614.43
 1964.56   1489.35
 1830.33   1569.72
 1595.42   1402.76
 1799.85   1573.39
 2081.40   1347.30
 1795.99   1478.06
 1706.88   1568.49
 1718.01   1338.09
 1783.89   1621.35
 1891.89   1433.74
 2045.26   1437.51
 1671.84   1382.50
 1742.01   1525.55
 1969.20   1564.56
 2361.44   1679.57
 1634.82   1370.48
       p2p2       
 KB/s in  KB/s out
 1633.86   1374.38
 1745.69   1438.63
 1843.87   1685.36
 2269.07   1619.72
 1803.40   1331.38
 1440.84   1177.79
 1801.14   1485.09
 1933.59   1633.74
 2082.41   1796.76
 2052.97   1568.07
 1853.55   1529.09
 1570.40   1324.09
 1875.08   1531.70
 2174.23   1474.07
 1626.23   1302.87
 2049.29   1782.59
 2045.88   1769.13
 1990.08   1431.62
 2139.81   1676.18
 1672.89   1388.76
 1598.33   1335.51
 1936.57   1686.82
       p2p2       
 KB/s in  KB/s out
 1911.92   1579.36
 1987.80   1380.39
 1858.93   1689.60
 1718.64   1532.63
 1734.70   1295.32
 1965.76   1737.31
 2203.30   1545.87
 1893.86   1454.66
 1869.25   1497.80
 1706.49   1398.56
 2234.53   1848.99
 1981.21   1488.74
 1639.30   1422.96
 1413.79   1205.59
 1817.85   1627.81
 1789.67   1478.74
 2292.06   1593.17
 1811.12   1476.93
 1553.71   1241.09
 1893.14   1559.31
 2141.14   1588.28
 1960.44   1552.19
       p2p2       
 KB/s in  KB/s out
 1645.38   1390.05
 1902.10   1654.51
 1618.19   1282.67
 2056.17   1717.79
 2240.97   1491.36
 1681.09   1409.27
 1525.87   1192.37
 1864.48   1637.07
 2063.42   1491.57
 1608.76   1499.43
 2082.80   1656.99
 1561.07   1282.67
 1774.03   1372.06
 1941.06   1679.93
 2332.42   1509.60
 1850.82   1585.18
 1881.76   1592.44
 1809.96   1454.31
 1833.91   1735.41
 2151.22   1476.99
 1859.54   1429.99
 2065.62   1800.06
       p2p2       
 KB/s in  KB/s out
 1735.58   1454.70
 2079.25   1645.06
 2340.07   1801.50
 1687.71   1452.45
 1592.14   1318.72
 1999.01   1699.47
 1728.88   1557.22
 2256.47   1586.99
 2081.81   1644.72
 1778.45   1387.16
 1805.16   1551.16
 2161.71   1662.57
 2328.84   1692.12
 1877.81   1610.37
 1625.63   1300.97
 1725.24   1523.34
 1583.08   1440.86
 2386.51   1653.01
 1710.56   1362.90
 1468.12   1212.28
 1995.48   1730.26
 2132.18   1563.43
       p2p2       
 KB/s in  KB/s out
 2261.29   1646.34
 1573.35   1333.96
 1612.69   1473.90
 1729.16   1496.54
 2041.35   1746.51
 2156.25   1478.63
 1670.09   1382.98
 1750.74   1533.64
 1851.93   1488.90
 1870.37   1360.91
 1710.76   1383.59
 1948.93   1549.50
 1880.75   1632.31
 1818.51   1414.63
 2152.45   1841.90
 1995.55   1392.42
 1730.39   1552.00
 1571.42   1329.38
 1846.11   1690.27
 1640.42   1409.72
 2071.35   1393.69
 1839.38   1514.74
       p2p2       
 KB/s in  KB/s out
 1855.30   1510.21
 1732.90   1450.97
 2142.36   1689.17
 2301.51   1737.45
 1717.34   1477.44
 1640.66   1363.18
 1655.45   1414.46
 1841.40   1638.12
 2285.69   1659.17
 1849.44   1519.01
 1528.92   1401.73
 1755.72   1525.10
 2030.47   1574.30
 2115.46   1488.06
 1800.43   1559.81
 1859.85   1642.00
 1841.65   1447.69
 2037.00   1606.64
 1617.83   1300.99
 2118.90   1766.57
 1596.23   1330.45
 1794.52   1446.46
       p2p2       
 KB/s in  KB/s out
 2399.99   2069.86
 1948.40   1423.18
 1705.03   1554.29
 1561.08   1338.64
 1689.40   1412.02
 1900.93   1653.66
 2449.11   1686.98
 1667.63   1399.47
 1874.90   1748.97
 1660.46   1354.38
 2357.87   1778.17
 2049.42   1551.71
 1800.28   1542.92
 1548.71   1221.61
 2038.01   1516.67
 1902.59   1494.67
 2024.71   1519.76
 1791.72   1431.57
 1742.45   1522.96
 2027.94   1659.15
 1970.07   1515.13
 1981.86   1410.20
       p2p2       
 KB/s in  KB/s out
 1665.45   1402.38
 1823.73   1610.33
 1754.31   1514.79
 2058.14   1666.52
 2111.70   1489.62
 1960.79   1641.24
 1884.17   1630.38
 1924.81   1569.51
 1971.42   1590.87
 1821.47   1337.48
 1975.68   1494.22
 1691.39   1381.44
 1700.70   1284.97
 1989.87   1596.84
 2051.12   1478.70
 1861.51   1626.61
 1873.06   1494.09
 1604.24   1315.74
 2127.83   1526.87
 1931.01   1653.31
 1669.30   1376.25
 1811.08   1485.23
       p2p2       
 KB/s in  KB/s out
 1756.70   1478.41
 2042.31   1555.82
 2075.85   1532.59
 1718.04   1535.89
 1620.55   1349.02
 1580.62   1340.84
 1932.54   1730.65
 2043.97   1299.41
 1533.24   1275.96
 1836.17   1616.37
 1635.46   1289.19
 2086.54   1526.73
 2108.66   1617.63
 1745.33   1461.32
 1636.10   1416.32
 1653.86   1420.27
 1795.00   1559.23
 2221.95   1467.20
 1767.42   1324.25
 1764.56   1366.71
 1521.60   1197.93
 1399.53    964.36
       p2p2       
 KB/s in  KB/s out
 1099.60   1131.59
 1073.29   1075.95
  963.84    964.38
 1112.34   1032.48
 1120.10   1074.31
 1054.32    879.24
 1010.80    998.58
  776.85    812.41
  713.43    521.08
 1050.22    810.37
  623.99    544.72
  621.48    567.59
  628.72    605.83
  430.73    409.15
  573.44    542.46
  541.45    498.15
  579.92    553.89
  748.71    715.37
  716.40    697.45
  641.06    650.97
  294.59    297.84
  643.52    638.24
       p2p2       
 KB/s in  KB/s out
  468.05    467.99
  693.71    697.14
  509.09    507.81
  531.10    529.94
  596.76    602.02
  733.17    725.53
  376.29    375.49
  556.78    557.33
  597.18    598.53
