       p2p2       
 KB/s in  KB/s out
 1041.62   1490.15
 1041.91   1478.87
  837.10   1279.13
  908.49   1364.70
 1069.53   1512.08
 1094.95   1535.40
  983.57   1377.09
  976.51   1353.57
  881.77   1278.03
 1024.09   1454.68
  829.34   1249.15
  699.12   1153.48
  932.91   1310.42
  749.06   1127.60
  980.78   1342.69
  820.00   1274.89
  907.00   1336.01
  854.36   1319.61
 1004.91   1428.54
  853.23   1219.10
 1186.34   1641.10
  849.69   1256.78
       p2p2       
 KB/s in  KB/s out
  801.14   1247.08
  817.03   1252.48
  793.88   1233.50
  931.43   1432.86
 1016.36   1443.52
  692.79   1176.09
  570.07   1019.20
  873.44   1295.33
  913.27   1286.37
  921.67   1326.78
  834.59   1256.00
  706.95   1103.81
 1009.30   1427.95
  757.40   1195.21
  929.04   1353.45
  867.20   1244.05
  759.70   1173.90
  912.80   1335.36
  988.70   1412.06
  969.56   1440.93
  757.71   1239.25
  993.73   1390.55
       p2p2       
 KB/s in  KB/s out
  848.92   1220.33
  977.46   1356.14
  747.16   1204.21
  887.73   1325.88
  980.58   1399.92
  872.30   1284.60
  854.66   1234.09
  792.14   1222.54
  733.72   1129.81
  669.90   1077.46
  861.50   1280.83
  880.37   1290.37
  958.41   1381.40
  816.10   1302.91
  831.39   1270.06
  782.68   1127.61
  709.91   1084.50
  615.09   1030.30
 1040.54   1443.60
  891.25   1319.69
  694.14   1166.53
  819.39   1169.50
       p2p2       
 KB/s in  KB/s out
  805.82   1212.63
  774.90   1125.24
  759.18   1097.56
  824.38   1261.89
  859.37   1259.66
  853.32   1238.51
  795.91   1220.48
 1004.34   1296.82
  983.07   1378.08
  906.13   1264.09
  698.21   1069.04
  783.15   1159.55
  897.57   1290.73
  841.41   1335.34
  930.84   1344.99
  822.52   1250.30
  792.84   1195.02
  940.73   1368.91
  889.59   1249.07
  688.32   1088.60
  934.07   1409.31
 1006.40   1419.75
       p2p2       
 KB/s in  KB/s out
  775.51   1203.99
  824.59   1230.68
  938.07   1311.32
  832.76   1257.64
  615.76   1028.68
  919.32   1391.18
 1042.72   1438.28
  869.83   1297.36
  787.96   1217.22
  826.63   1200.49
  764.10   1146.48
  828.13   1273.48
  823.68   1192.61
  731.07   1161.87
 1028.21   1370.34
  869.51   1289.83
  654.10   1087.79
  907.79   1318.23
  834.56   1204.90
  958.87   1363.16
  925.96   1343.36
  690.82   1104.04
       p2p2       
 KB/s in  KB/s out
  893.39   1336.22
  747.24   1142.64
  854.06   1252.58
  736.75   1176.96
 1068.63   1480.73
  803.14   1238.57
  930.79   1356.89
  883.10   1264.87
  932.60   1349.74
  866.70   1317.67
  781.51   1157.89
  930.13   1305.49
  841.97   1214.22
  741.53   1179.46
  735.90   1134.30
  879.16   1251.81
  959.26   1330.98
  837.42   1217.75
  968.69   1379.91
 1020.10   1384.31
 1085.67   1516.03
  687.67   1137.45
       p2p2       
 KB/s in  KB/s out
  787.10   1199.90
 1003.50   1352.57
  894.51   1306.46
  911.40   1351.22
  762.38   1139.21
  769.38   1167.36
  852.33   1297.58
  905.18   1339.33
  856.47   1272.86
 1043.26   1438.30
 1074.44   1459.05
  751.31   1126.01
  901.22   1273.57
  860.65   1324.93
 1025.42   1339.36
  874.38   1291.63
  827.84   1290.25
 1002.53   1397.43
  833.54   1193.59
  841.68   1240.67
  968.83   1464.69
  894.80   1361.54
       p2p2       
 KB/s in  KB/s out
 1003.41   1474.43
  894.60   1327.89
  937.85   1335.04
  840.97   1189.01
 1074.02   1444.60
  825.78   1264.69
  852.20   1212.55
  958.63   1325.06
 1103.44   1458.54
  688.07   1102.57
  891.27   1328.71
  964.60   1361.37
  816.90   1263.79
  873.65   1303.89
  761.79   1102.09
  996.31   1454.90
 1018.01   1413.56
 1022.15   1384.21
  920.14   1316.74
  709.70   1105.55
  752.57   1197.00
  881.79   1270.04
       p2p2       
 KB/s in  KB/s out
 1193.95   1600.97
  806.71   1247.64
  819.09   1237.75
  700.65   1088.97
  806.14   1147.48
  905.00   1239.15
  752.58   1149.47
  744.94   1112.06
 1041.68   1428.94
  831.47   1216.91
 1132.97   1508.38
  822.55   1281.55
 1091.42   1424.78
  927.28   1346.61
  903.03   1253.69
  958.69   1336.96
 1077.52   1426.62
 1134.34   1455.28
 1054.02   1388.03
  861.79   1271.09
  845.09   1275.85
  951.82   1311.07
       p2p2       
 KB/s in  KB/s out
  727.49   1119.62
  859.05   1210.60
  948.74   1334.12
  897.76   1286.40
 1088.29   1489.96
 1022.64   1456.79
  861.53   1237.44
  962.22   1349.20
  952.22   1352.53
  997.30   1382.27
  888.00   1294.18
  796.06   1206.81
 1176.22   1557.44
  950.90   1327.81
  945.26   1371.83
  824.82   1232.07
  960.63   1347.63
  829.15   1188.26
 1151.00   1589.84
 1078.38   1395.92
  849.37   1174.43
  907.97   1290.76
       p2p2       
 KB/s in  KB/s out
 1135.99   1525.32
  947.89   1313.96
  857.33   1292.47
  805.45   1210.60
  912.80   1257.78
  987.67   1433.34
  888.57   1267.24
  985.18   1362.18
  993.91   1385.08
  956.09   1347.51
  900.66   1348.52
  702.21   1058.65
 1148.35   1527.70
  823.04   1274.17
  979.45   1358.51
 1001.25   1356.29
  969.40   1344.24
  918.61   1294.50
  884.51   1356.11
  910.59   1256.21
  907.13   1319.81
  957.41   1344.31
       p2p2       
 KB/s in  KB/s out
  933.89   1311.93
  866.98   1186.65
  927.17   1296.49
  939.32   1336.50
 1013.57   1391.56
 1034.28   1441.86
 1057.14   1426.79
 1103.22   1488.99
  776.96   1134.63
 1310.40   1726.09
 1035.43   1451.63
  986.77   1369.62
  890.24   1305.14
 1083.21   1485.07
  880.97   1256.51
  823.55   1223.72
  807.17   1154.36
  948.54   1311.00
  908.16   1331.81
  929.30   1329.83
  809.10   1245.99
  869.97   1289.84
       p2p2       
 KB/s in  KB/s out
  708.32   1092.64
 1050.24   1415.18
  967.47   1386.17
  940.12   1360.15
 1026.96   1409.43
  803.65   1197.69
  865.53   1198.80
  934.05   1334.23
  756.65   1153.30
  856.58   1243.88
 1068.23   1428.57
  916.04   1257.87
  905.63   1303.13
  865.18   1196.20
  966.50   1381.52
  879.20   1263.73
 1060.62   1453.74
  866.57   1246.49
  794.78   1128.54
 1008.50   1478.79
  965.18   1361.77
  988.94   1385.49
       p2p2       
 KB/s in  KB/s out
  776.45   1170.42
  879.21   1311.82
  835.28   1239.74
 1194.85   1574.45
  743.99   1152.77
 1063.79   1422.97
  927.68   1320.72
  920.92   1320.57
 1148.21   1543.91
 1011.25   1431.82
  783.04    970.20
  646.13    653.52
  752.19    755.99
  721.22    713.92
 1099.59   1479.74
  904.08   1290.92
 1284.48   1692.67
  771.07   1199.59
  924.51   1278.02
 1023.87   1399.38
  942.51   1276.03
 1064.26   1437.92
       p2p2       
 KB/s in  KB/s out
 1083.09   1457.23
  981.73   1398.07
 1125.90   1568.54
  999.73   1392.27
 1203.41   1507.37
  938.83   1283.03
 1199.24   1588.83
 1014.41   1367.86
 1053.70   1482.47
 1068.08   1471.01
  892.83   1255.39
  940.37   1348.91
 1006.84   1482.36
 1016.64   1401.58
  928.52   1329.95
  791.35   1180.92
  911.53   1283.19
 1126.31   1514.29
 1185.94   1530.65
 1424.01   1644.88
 1766.24   1461.55
  875.58   1217.51
       p2p2       
 KB/s in  KB/s out
  990.16   1301.71
 1174.88   1370.95
 1588.98   1618.41
 1605.63   1429.01
 1146.89   1228.04
  850.35   1135.29
 1237.49   1513.43
 1844.98   1807.95
 1881.22   1416.41
  917.34   1302.18
  950.34   1373.89
 1193.22   1409.11
 1669.68   1695.76
 1589.41   1505.78
 1095.32   1192.96
 1157.87   1465.91
 1205.38   1520.99
 1903.03   1923.23
 1852.82   1435.98
  881.84   1292.17
 1199.92   1586.63
 1244.02   1418.24
       p2p2       
 KB/s in  KB/s out
 1556.86   1567.12
 1584.07   1424.67
 1155.86   1379.61
  995.19   1374.18
 1212.46   1486.41
 1636.64   1596.79
 1781.60   1403.81
 1030.10   1461.99
  923.77   1294.08
  922.68   1364.48
 1666.60   1784.02
 1961.19   1387.82
  880.09   1298.08
 1179.32   1544.30
 1142.51   1364.95
 2218.41   1680.67
  987.93   1398.53
 1106.85   1282.77
 1094.62   1452.24
 1078.69   1386.45
 1577.90   1584.25
 1822.45   1383.60
       p2p2       
 KB/s in  KB/s out
  927.86   1358.25
 1067.60   1426.65
 1258.13   1428.14
 2106.98   1548.69
 1302.88   1492.44
 1100.95   1523.14
  647.84    985.41
 1120.70   1520.78
 1599.45   1740.81
 2110.03   1459.93
 1099.79   1436.89
  942.85   1305.55
 1187.83   1399.25
 2279.94   1871.63
 1156.38   1528.25
 1359.37   1541.52
  833.69   1228.19
  944.63   1218.79
 2032.85   1970.97
 1932.62   1591.19
  960.15   1351.58
  949.24   1316.53
       p2p2       
 KB/s in  KB/s out
  886.31   1293.88
 1877.28   1869.17
 1880.49   1407.85
 1192.20   1539.13
  935.20   1318.71
 1103.25   1298.63
 2199.25   1701.42
 1261.57   1421.85
 1057.29   1410.22
 1132.94   1544.68
 1035.82   1305.30
 1518.51   1721.25
 2019.26   1472.58
  817.41   1183.39
 1179.15   1515.04
 1189.20   1470.20
 2074.71   1602.37
 1376.66   1378.31
  944.17   1325.46
  789.84   1147.76
 1028.59   1256.71
 1826.39   1981.66
       p2p2       
 KB/s in  KB/s out
 1957.96   1425.19
  976.11   1360.21
  772.71   1147.25
 1279.79   1481.37
 2093.60   1458.81
 1238.46   1521.61
 1209.83   1480.01
  969.85   1361.03
 1231.89   1497.69
 1964.03   1780.25
 1520.64   1372.40
 1061.14   1429.15
  875.86   1260.72
 1207.16   1495.21
 1756.82   1870.13
 1600.08    983.84
 1073.43   1433.34
 1001.35   1334.96
 1406.54   1591.09
 2349.30   1861.11
  965.53   1249.55
  980.41   1390.61
       p2p2       
 KB/s in  KB/s out
  947.41   1321.41
 1127.34   1428.40
 1705.74   1818.62
 1963.82   1459.38
  890.07   1214.40
  944.14   1283.26
 1176.84   1392.94
 2294.92   1748.11
 1203.90   1322.25
  950.22   1386.77
  873.59   1294.40
 1061.95   1357.95
 1597.79   1769.39
 1992.36   1424.35
 1013.21   1312.07
  808.57   1257.25
 1147.48   1334.93
 2314.67   1847.24
 1208.28   1288.45
  882.05   1257.97
  983.73   1326.55
 1071.59   1288.33
       p2p2       
 KB/s in  KB/s out
 1634.99   1674.79
 1834.14   1376.77
 1025.03   1396.70
  966.25   1322.87
 1062.83   1262.52
 2203.97   1798.31
 1158.26   1285.96
  981.16   1324.34
 1048.18   1387.88
 1048.53   1272.69
 1668.57   1777.23
 1893.28   1447.93
  870.01   1205.44
  836.30   1236.57
 1299.56   1561.04
 2318.27   1872.64
 1372.96   1406.57
  717.69   1128.80
 1051.57   1431.28
 1025.97   1289.51
 1821.91   1832.60
 1886.01   1469.17
       p2p2       
 KB/s in  KB/s out
  800.15   1210.86
 1105.54   1491.31
 1346.73   1517.06
 2199.27   1636.83
 1196.07   1301.77
  939.31   1296.05
 1033.16   1441.97
 1130.03   1460.71
 1554.54   1733.60
 1915.95   1279.95
  956.28   1305.35
  938.13   1332.99
 1194.33   1435.32
 2216.12   1690.82
 1332.95   1424.23
  888.55   1232.43
 1051.59   1505.49
 1051.16   1324.19
 1796.37   1834.04
 1874.17   1298.66
 1073.50   1507.37
  899.21   1274.93
       p2p2       
 KB/s in  KB/s out
 1183.96   1340.07
 2240.68   1798.92
 1359.60   1522.91
 1040.15   1412.29
 1157.06   1559.06
 1143.12   1357.32
 1717.69   1769.98
 1735.05   1280.96
 1113.92   1486.83
  989.28   1383.90
 1220.29   1382.80
 2276.30   1764.21
 1232.44   1400.54
  933.62   1281.73
  882.73   1236.80
 1343.18   1580.61
 1825.80   1881.97
 1635.54   1204.78
  994.81   1360.61
 1109.65   1495.29
 1455.76   1591.79
 2135.39   1545.79
       p2p2       
 KB/s in  KB/s out
 1018.42   1432.10
 1079.10   1448.54
 1071.60   1422.14
 1411.50   1672.07
 1860.92   1706.08
 1579.01   1257.46
  835.15   1237.45
 1067.27   1415.05
 1143.06   1509.02
 1564.14   1574.68
 1882.26   1278.63
  974.92   1313.18
  954.52   1359.85
 1298.16   1553.27
 2264.35   1713.12
 1149.21   1345.71
 1069.24   1431.99
  882.85   1278.74
 1130.74   1432.49
 1728.35   1675.70
 1693.23   1253.34
 1096.80   1451.27
       p2p2       
 KB/s in  KB/s out
 1002.33   1358.69
 1162.51   1375.38
 2177.95   1657.46
 1261.50   1450.52
  852.85   1216.90
  870.97   1228.17
 1316.88   1590.93
 1789.22   1725.27
 1462.72   1067.82
 1084.57   1429.43
 1036.17   1505.03
 1208.96   1476.06
 2248.09   1717.13
 1267.07   1397.67
  905.54   1328.38
 1129.88   1543.57
 1143.29   1461.45
 1878.70   1804.81
 1659.09   1254.75
 1054.34   1507.54
  955.44   1318.34
 1158.06   1612.74
       p2p2       
 KB/s in  KB/s out
 1824.63   1844.81
 1718.32   1102.47
  960.47   1342.10
  816.91   1244.28
 1373.56   1639.32
 2242.34   1710.47
 1144.28   1291.44
  871.57   1183.30
 1078.31   1501.58
 1248.90   1512.94
 1968.44   1898.76
 1501.13   1151.43
  876.65   1281.73
  984.30   1314.08
 1398.36   1536.31
 1725.37   1745.81
 1616.73   1440.40
  741.21   1111.23
 1093.37   1512.87
 1242.63   1449.82
 2169.82   1719.60
 1100.21   1206.61
       p2p2       
 KB/s in  KB/s out
 1088.41   1394.57
 1087.21   1513.86
 1050.92   1404.65
 1986.77   2035.13
 1759.70   1323.96
  882.42   1165.09
  527.54    516.65
 1005.54    844.94
 1496.65    738.34
  994.72    877.62
 1056.17   1352.59
 1104.61   1429.76
  984.79   1396.34
 1428.09   1492.87
 1577.86   1231.43
 1070.71   1510.92
  953.89   1379.76
 1512.97   1736.23
 2115.68   1564.20
 1109.79   1285.24
  999.85   1372.63
 1042.58   1366.54
       p2p2       
 KB/s in  KB/s out
 1037.70   1414.84
 1878.49   1818.25
 1858.55   1430.77
 1228.72   1611.94
  787.10   1179.05
 1633.38   1553.00
 1286.89   1866.09
 1892.16   1291.00
  999.99   1384.23
 1057.90   1349.81
 1177.33   1493.27
 2281.46   1814.28
 1346.88   1347.46
 1070.37   1411.52
 1185.57   1454.24
 1219.41   1435.83
 1498.82   1968.95
 1973.29   1398.86
  851.91   1227.30
 1051.76   1406.06
 1186.61   1386.17
 2255.27   1753.00
       p2p2       
 KB/s in  KB/s out
 1245.75   1409.01
 1171.31   1531.61
 1068.07   1410.09
 1176.39   1558.39
 1648.28   1531.48
 1574.39   1212.66
  843.52   1353.26
 1068.37   1397.27
 1427.40   1598.05
 2261.74   1685.05
  937.01   1177.79
 1061.65   1516.58
 1375.50   1710.03
 1106.11   1440.01
 1592.49   1564.06
 1901.39   1421.89
  675.85   1029.48
 1018.92   1448.16
 1453.44   1451.28
 1771.55   1741.33
 1569.31   1423.35
  764.80   1168.16
       p2p2       
 KB/s in  KB/s out
 1050.96   1344.21
 1192.07   1515.30
 2217.37   1742.59
 1358.80   1466.30
  884.24   1288.84
 1037.62   1327.65
 1277.45   1410.46
 1210.24   1462.88
 1923.96   1515.57
 1126.58   1462.56
  986.85   1375.62
 1157.70   1417.09
 2295.84   1778.88
 1330.12   1459.20
  853.08   1212.82
 1093.50   1292.08
 1296.76   1471.14
 1140.14   1479.01
 2061.00   1528.37
  843.90   1201.25
 1143.58   1514.76
 1537.97   1681.65
       p2p2       
 KB/s in  KB/s out
 2173.17   1671.78
 1089.15   1242.98
  957.77   1328.38
 1000.37   1373.19
 1076.46   1410.45
 1748.66   1807.25
 1716.80   1383.55
 1001.65   1337.73
 1151.94   1605.45
 1668.89   1648.52
 1498.06   1541.49
 1367.12   1215.50
  788.47   1106.38
 1128.97   1502.57
 1101.44   1349.47
 2297.16   1717.85
 1210.03   1320.78
  893.09   1260.90
 1100.30   1395.08
 1232.41   1631.93
 1594.49   1506.84
 1762.85   1394.57
       p2p2       
 KB/s in  KB/s out
  896.99   1383.62
  970.35   1388.45
 1514.04   1570.08
 1733.19   1723.45
 1486.60   1316.11
 1050.66   1419.09
 1087.21   1572.21
 1120.48   1404.83
 2368.84   1827.45
 1269.07   1264.58
  927.95   1433.63
  994.90   1325.85
 1360.42   1463.08
 1410.60   1720.18
 1908.86   1352.24
 1071.27   1333.64
  870.87   1271.08
 1375.44   1631.69
 2289.25   1715.87
 1356.21   1437.40
 1013.64   1338.95
 1169.93   1463.15
       p2p2       
 KB/s in  KB/s out
 1448.41   1670.87
 1502.36   1794.92
 1836.14   1367.32
  969.58   1326.71
  973.99   1403.86
 1372.58   1682.01
 2518.08   1933.48
 1206.91   1325.37
  842.31   1142.90
 1074.14   1439.92
 1098.35   1361.05
 2109.07   1700.84
 1372.81   1374.22
  950.62   1317.90
 1061.18   1274.67
 1444.16   1636.48
 1461.07   1586.78
 1661.34   1267.10
  991.00   1395.05
 1047.46   1505.53
 1670.15   1817.06
 2120.66   1521.94
       p2p2       
 KB/s in  KB/s out
  942.65   1244.56
  883.32   1289.71
  900.48   1225.71
 1331.25   1615.59
 2308.80   1706.17
  966.31   1082.53
  928.95   1304.07
 1254.51   1531.77
 1302.67   1450.62
 1384.34   1548.22
 1504.52   1179.92
  778.40   1204.47
 1270.29   1616.04
 1388.50   1344.92
 2033.06   1519.10
 1001.08   1372.47
  900.41   1376.22
  700.71   1011.19
 1396.20   1726.54
 2058.19   1493.90
 1260.18   1364.21
 1114.72   1461.22
       p2p2       
 KB/s in  KB/s out
  998.18   1298.27
 1476.41   1644.88
 1204.97   1431.47
 1689.95   1306.54
  683.06    985.73
 1087.85   1496.66
 1259.51   1530.61
 2081.01   1399.33
 1280.38   1477.96
  916.01   1310.56
 1006.99   1291.47
 1879.82   1716.22
 1333.17   1546.82
 1294.40   1224.17
  925.39   1260.51
  989.19   1292.60
 1580.78   1648.70
 1939.11   1403.50
  962.12   1241.01
  958.21   1321.33
 1031.89   1488.18
 1329.75   1614.21
       p2p2       
 KB/s in  KB/s out
 2029.64   1477.98
 1289.10   1397.71
  970.50   1296.34
 1046.63   1329.42
 1669.31   1491.48
 1535.01   1586.35
 1263.85   1259.60
  814.47   1213.49
  806.89   1164.87
 1132.00   1408.79
 2362.70   1750.07
 1282.25   1483.70
 1011.40   1348.90
 1189.21   1456.78
 1781.22   1678.81
 1817.48   1424.71
 1102.10   1486.19
 1056.29   1409.51
  796.49   1129.15
 1331.00   1601.59
 2201.14   1616.05
 1301.92   1350.39
       p2p2       
 KB/s in  KB/s out
  921.39   1271.88
 1082.31   1365.11
 1663.68   1591.59
 1951.57   1619.15
  927.52   1280.30
 1038.88   1397.84
 1075.93   1472.59
 1287.17   1531.01
 2285.65   1694.63
 1350.69   1416.92
 1057.98   1368.47
 1141.51   1396.37
 1660.02   1556.26
 1410.61   1440.94
 1573.99   1624.75
 1028.52   1372.37
  953.91   1354.15
 1482.11   1751.03
 2179.72   1535.93
 1161.39   1234.21
  798.49   1177.91
 1056.55   1285.07
       p2p2       
 KB/s in  KB/s out
 1873.80   1745.43
 1973.89   1679.86
 1132.42   1517.93
  970.90   1313.04
 1044.63   1411.01
 1580.21   1621.81
 1955.50   1392.02
 1226.24   1556.45
  991.02   1374.83
  858.86   1296.22
 1569.93   1856.88
 2131.37   1491.82
 1176.06   1328.93
 1346.03   1669.98
 1024.25   1357.01
 1645.19   1689.38
 1758.14   1355.17
  923.51   1238.59
 1113.31   1504.09
 1042.26   1453.22
 1479.29   1824.81
 2063.36   1413.57
       p2p2       
 KB/s in  KB/s out
 1382.02   1430.73
  785.14   1196.13
 1209.75   1412.98
 1694.09   1625.15
 1945.92   1574.76
  900.37   1308.03
  885.09   1218.35
  844.38   1212.30
 1432.10   1782.89
 2129.15   1555.15
 1413.67   1534.10
  843.30   1221.60
 1066.94   1257.18
 1831.62   1843.47
 1846.71   1453.12
  916.90   1378.88
 1033.09   1476.58
  961.12   1355.83
 1575.73   1865.05
 1966.56   1332.05
  968.12   1142.16
  903.77   1198.06
       p2p2       
 KB/s in  KB/s out
 1287.78   1537.61
 1830.43   1779.12
 1909.35   1621.37
 1033.63   1462.94
  971.48   1454.74
  940.54   1308.39
 1263.14   1545.24
 2270.32   1605.35
 1178.65   1337.89
 1087.48   1452.95
 1300.75   1455.70
 1184.02   1694.56
 1915.83   1359.40
 1307.03   1347.68
  892.41   1285.50
 1164.10   1437.78
 1506.18   1593.15
 1989.40   1502.03
  997.15   1331.91
  784.67   1165.77
  944.58   1243.37
 1522.09   1792.23
       p2p2       
 KB/s in  KB/s out
 2306.42   1839.35
 1135.65   1157.05
  640.79    623.80
  909.91    767.23
 1289.17    965.36
  955.03    387.27
  856.82    849.56
  589.96    570.24
  616.65    601.15
  767.62    767.06
  596.78    601.24
  446.26    531.17
  875.28   1148.59
 1072.46   1425.80
 1478.99   1662.63
 1984.15   1540.46
  820.15   1233.23
  871.41   1212.73
 1356.82   1639.24
 1142.79   1544.00
 2174.37   1530.22
 1184.82   1324.00
       p2p2       
 KB/s in  KB/s out
 1084.37   1451.10
 1343.83   1591.03
 1613.06   1591.75
 1782.47   1357.97
  891.50   1217.22
  952.61   1286.36
 1104.09   1449.00
 1316.14   1782.44
 2209.31   1619.60
 1247.38   1447.55
  904.81   1207.37
 1043.84   1395.31
 1831.50   1781.07
 1909.83   1496.60
  907.27   1279.17
  860.73   1208.57
  847.94   1259.88
 1391.44   1706.82
 2215.44   1553.82
  997.37   1133.89
 1021.61   1384.22
 1083.78   1329.11
       p2p2       
 KB/s in  KB/s out
 1685.99   1606.62
 1980.81   1573.34
  768.15   1195.21
  856.32   1266.83
 1102.79   1408.92
 1316.66   1738.88
 2267.11   1682.81
 1237.28   1306.20
  830.98   1311.24
 1183.16   1489.22
 1604.22   1691.29
 1880.19   1463.14
 1092.90   1454.88
  923.09   1284.37
 1170.35   1539.91
 1175.75   1546.03
 2193.15   1657.80
 1287.43   1443.55
  918.95   1265.95
  816.61   1138.95
 1523.83   1883.35
 2181.60   1475.54
       p2p2       
 KB/s in  KB/s out
 1054.35   1275.00
 1032.01   1408.48
 1013.12   1257.51
 2003.83   1918.83
 1620.84   1326.24
  952.24   1339.04
  938.30   1332.48
 1168.10   1501.15
 1417.71   1736.40
 2279.00   1410.33
 1081.74   1417.46
 1123.10   1416.20
 1229.54   1546.38
 2037.10   1719.02
 1695.87   1645.57
 1154.46   1508.91
  886.59   1260.55
  984.34   1286.41
 1749.70   1909.30
 2147.53   1586.78
  942.02   1369.64
 1143.20   1478.41
       p2p2       
 KB/s in  KB/s out
 1061.96   1241.09
 2242.22   1816.73
 1073.69   1433.62
 1387.28   1643.08
 1044.23   1400.44
 1113.40   1323.19
 1525.02   1613.60
 2017.55   1513.03
 1006.58   1309.94
  922.69   1304.82
 1411.12   1577.67
 1543.35   1660.05
 1696.57   1620.60
 1213.55   1301.12
  903.86   1220.29
 1271.56   1457.98
 1706.35   1747.56
 1816.83   1347.81
 1163.67   1534.70
 1042.05   1444.51
 1163.07   1411.97
 1639.98   1615.18
       p2p2       
 KB/s in  KB/s out
 1702.31   1639.94
 1298.76   1331.41
 1197.42   1590.29
 1001.34   1216.22
 1711.86   1711.09
 1924.50   1491.87
  920.67   1285.54
  993.02   1301.33
  954.42   1336.17
 1581.87   1748.18
 2095.49   1448.06
  958.66   1319.75
 1010.82   1398.64
 1174.45   1390.77
 2207.91   1817.15
 1038.06   1407.23
 1200.26   1260.87
 1331.53   1715.89
 1059.41   1339.53
 1787.20   1803.54
 1917.26   1487.00
  990.87   1315.54
       p2p2       
 KB/s in  KB/s out
  991.38   1371.18
 1146.58   1331.42
 1751.44   1705.64
 1476.89   1398.53
 1753.32   1847.81
  883.92   1280.73
 1054.19   1301.31
 2190.66   1878.89
 1543.88   1319.75
 1129.84   1547.95
  868.77   1247.29
 1167.02   1436.93
 1716.96   1705.65
 1824.39   1438.68
 1086.54   1439.93
  862.73   1279.12
 1304.53   1559.11
 2223.35   1773.78
 1391.94   1459.11
 1090.14   1453.12
  919.29   1216.59
 1109.42   1365.61
       p2p2       
 KB/s in  KB/s out
 1841.17   1968.27
 1956.41   1525.97
  959.60   1265.09
  916.19   1257.67
 1288.62   1457.83
 1737.87   1710.23
 1439.05   1342.86
 1224.13   1276.78
 1153.26   1495.64
 1255.74   1505.21
 1446.44   1442.13
 1850.57   1536.66
 1109.18   1410.90
  968.75   1356.32
 1243.03   1511.34
 1713.41   1658.13
 1596.70   1444.81
 1089.06   1236.22
  884.28   1246.99
 1066.30   1339.02
 1845.58   1793.02
 2003.67   1523.73
       p2p2       
 KB/s in  KB/s out
  796.50   1183.12
 1156.27   1534.45
 1022.89   1365.85
 1721.41   1937.46
 1912.62   1272.55
 1064.49   1462.39
 1151.14   1567.12
 1342.72   1561.64
 2627.65   2077.86
 1271.64   1557.94
 1201.10   1457.16
 1090.41   1438.71
 1030.83   1328.60
 1962.15   1992.67
 1969.08   1570.43
 1058.65   1413.47
 1131.13   1491.01
 1111.00   1307.17
 2390.86   1796.63
 1088.03   1605.74
 1247.13   1392.69
 1193.21   1548.74
       p2p2       
 KB/s in  KB/s out
 1335.35   1650.40
 1976.23   1887.34
 1893.60   1487.71
 1127.04   1472.63
  905.91   1229.82
 1432.44   1550.49
 2177.29   1597.64
 1287.30   1527.33
  876.59   1221.38
 1012.93   1412.22
 1343.54   1707.14
 2000.03   2022.85
 1924.16   1545.51
  797.48   1117.59
  868.01   1170.39
  986.21   1389.12
 1734.28   2004.04
 2223.52   1474.27
  970.55   1273.38
 1135.26   1493.00
 1319.74   1565.26
 2327.72   1940.24
       p2p2       
 KB/s in  KB/s out
 1505.34   1525.83
  857.12   1245.11
  910.56   1264.59
 1057.01   1341.13
 1764.24   1899.35
 1898.03   1407.52
  916.91   1239.06
 1017.16   1363.63
 1381.11   1577.26
 2244.72   1673.47
 1204.89   1445.81
  969.49   1230.69
 1086.93   1474.45
 1107.21   1367.69
 1794.80   1822.47
 1898.57   1516.96
  897.28   1339.99
 1240.42   1611.50
 1181.47   1293.22
 2153.51   1636.91
 1305.36   1475.56
 1168.34   1570.36
       p2p2       
 KB/s in  KB/s out
 1083.70   1438.39
 1041.08   1304.55
 1742.07   1780.79
 1957.01   1552.50
 1121.56   1484.07
 1281.28   1626.66
 1109.49   1280.46
 2224.88   1822.72
 1488.45   1566.32
 1369.09   1744.53
  914.53   1239.06
 1208.50   1462.46
 1892.35   1983.03
 1993.85   1532.10
 1054.66   1454.53
  997.58   1467.29
 1437.81   1652.23
 2430.66   1976.36
 1345.70   1336.43
 1029.47   1355.82
 1049.99   1504.82
 1307.34   1649.76
       p2p2       
 KB/s in  KB/s out
 1714.80   1906.42
 1865.15   1382.94
 1115.95   1471.52
 1073.30   1447.43
 1337.34   1483.28
 2257.44   1709.41
  929.11   1442.21
 1339.18   1486.28
 1232.81   1579.94
 1035.26   1287.14
 2097.92   1853.45
 1765.59   1583.43
 1049.74   1403.22
 1266.36   1597.93
 1047.80   1509.60
 1532.27   1766.13
 2058.04   1453.10
 1129.99   1476.95
 1019.22   1367.98
 1285.20   1423.16
 2184.39   1733.89
 1323.49   1300.57
       p2p2       
 KB/s in  KB/s out
  969.83   1353.26
 1355.67   1677.85
 1187.41   1494.41
 1555.14   1719.08
 2015.64   1436.12
 1137.65   1410.52
 1011.97   1390.39
 1195.40   1425.22
 2112.14   1636.22
 1206.52   1309.40
 1032.65   1453.88
 1174.26   1503.27
 1418.45   1709.98
 1948.56   1586.46
 1634.91   1499.45
 1143.94   1517.36
  954.57   1223.77
 1163.15   1554.74
 1789.13   1795.31
 1804.36   1321.24
  963.98   1343.93
 1291.57   1667.17
       p2p2       
 KB/s in  KB/s out
 1309.74   1446.89
 2355.47   1680.90
 1124.98   1442.27
 1215.48   1629.68
 1000.54   1118.14
 1259.93   1159.09
 1332.76    883.03
 1264.59    634.99
  699.31    702.50
  916.29    881.37
  704.83    701.55
  646.07    640.01
  672.64    671.79
  659.79    663.16
  826.90    828.45
  798.05    895.05
 1241.27   1284.83
  979.92   1366.59
 1060.23   1450.69
 1130.37   1520.62
 1368.83   1679.20
 2000.41   1857.56
       p2p2       
 KB/s in  KB/s out
 1578.19   1358.31
 1203.32   1584.76
 1040.60   1422.77
 1580.13   1688.95
 2155.14   1550.68
 1068.48   1426.40
  943.44   1258.46
 1097.21   1485.05
 1146.30   1497.21
 2051.19   1824.86
 1535.39   1274.46
  859.93   1186.35
 1156.16   1646.57
 1429.01   1548.53
 2436.17   1779.78
  874.80   1277.47
 1031.50   1408.83
 1072.61   1472.95
 1273.78   1594.30
 2094.51   1805.47
 1622.92   1434.49
  878.35   1228.51
       p2p2       
 KB/s in  KB/s out
 1262.18   1630.21
 1411.81   1428.03
 1210.05   1665.37
 1788.84    887.31
  833.83   1170.46
 1067.26   1426.28
 1446.88   1729.91
 2155.05   1783.50
 1256.02   1285.50
  894.50   1227.09
 1016.81   1288.42
 1240.71   1697.22
 1776.99   1853.05
 1892.55   1377.59
  911.62   1278.96
 1236.47   1555.89
 1238.42   1498.71
 2139.44   1762.32
 1565.09   1663.65
  987.20   1449.08
 1259.04   1515.37
 1076.63   1557.48
       p2p2       
 KB/s in  KB/s out
 1693.68   1837.57
 1897.07   1308.47
 1102.15   1435.05
  928.18   1214.17
 1315.20   1508.61
 2205.29   1738.21
 1163.48   1392.31
 1039.78   1408.60
 1138.96   1472.43
 1322.49   1704.00
 1705.86   1709.01
 1890.21   1492.75
  862.48   1218.97
 1163.84   1534.08
 1272.70   1505.98
 2264.73   1696.27
 1094.76   1213.85
  903.49   1212.26
  942.20   1266.32
 1077.99   1478.11
 1604.33   1591.84
 1887.73   1439.96
       p2p2       
 KB/s in  KB/s out
  796.85   1211.75
  990.85   1380.92
 1371.56   1498.70
 2324.22   1738.32
 1276.11   1559.35
  883.90   1262.02
 1063.52   1461.58
 1231.13   1521.25
 1855.88   1689.76
 1634.23   1244.24
  930.46   1335.71
  858.75   1211.74
 1460.24   1759.69
 2441.34   1855.12
 1173.01   1447.04
 1009.23   1422.29
  856.63   1281.31
 1382.30   1724.60
 1733.02   1684.49
 2080.31   1666.68
 1143.52   1575.01
 1030.85   1435.16
       p2p2       
 KB/s in  KB/s out
 1627.61   1871.01
 2087.48   1589.24
 1162.75   1289.32
 1028.15   1376.65
  953.02   1363.06
 1352.47   1710.11
 1791.83   1706.49
 1678.74   1361.07
 1082.16   1607.28
  900.78   1193.02
 1485.10   1718.23
 2301.61   1672.88
  886.85   1245.69
 1233.68   1634.13
 1317.63   1603.16
 1287.87   1601.26
 1660.01   1613.66
 1628.90   1265.55
  906.15   1280.07
 1031.42   1386.00
 1476.78   1744.26
 2335.54   1676.53
       p2p2       
 KB/s in  KB/s out
  898.91   1304.01
 1219.15   1538.23
 1149.37   1479.31
 1156.29   1312.17
 2210.00   1596.43
 1228.50   1449.59
  969.33   1305.55
 1177.43   1494.22
 1248.60   1632.03
 1801.59   1772.57
 1843.11   1427.32
  693.03   1102.86
 1048.04   1500.12
 1394.29   1553.13
 2148.25   1519.80
 1019.06   1285.87
  992.06   1423.10
 1218.15   1562.14
 1083.04   1471.33
 1670.50   1536.50
 1869.95   1486.39
  983.93   1344.89
       p2p2       
 KB/s in  KB/s out
 1060.04   1318.31
 1636.85   1722.83
 1930.43   1396.44
 1108.38   1437.61
 1090.68   1531.18
  916.97   1277.87
 1311.30   1596.81
 2196.08   1720.80
 1543.02   1649.10
 1034.94   1364.94
 1163.68   1379.78
 1849.60   1773.19
 1466.56   1627.55
 1480.54   1410.88
 1207.04   1574.87
 1081.59   1560.99
 1473.52   1730.41
 2182.25   1729.77
 1396.36   1432.48
  856.92   1253.24
 1197.38   1340.04
 1413.12   1623.88
       p2p2       
 KB/s in  KB/s out
 1241.16   1603.44
 1993.05   1510.53
 1310.14   1603.63
 1010.61   1340.00
 1240.84   1491.53
 2551.85   1934.25
 1017.74   1348.02
 1017.10   1385.44
 1186.53   1552.87
 1142.43   1542.26
 1757.11   1696.09
 1669.35   1277.52
 1010.01   1412.07
 1026.06   1396.13
 1654.34   1753.15
 2225.37   1711.50
 1349.90   1560.97
 1098.85   1454.72
 1092.19   1474.36
 1200.80   1617.72
 1789.93   1559.74
 1683.24   1439.19
       p2p2       
 KB/s in  KB/s out
 1146.15   1483.68
 1097.20   1524.73
 1338.80   1583.55
 2300.69   1646.31
 1073.41   1341.91
 1113.95   1500.54
 1017.03   1398.30
 1204.78   1483.62
 1917.41   1679.92
 1942.75   1679.94
 1082.74   1483.22
 1085.20   1533.26
 1295.95   1553.07
 2405.80   1725.39
  874.23   1216.97
 1108.82   1464.49
 1161.97   1565.63
 1192.47   1520.73
 1969.10   1616.97
 1531.17   1372.62
 1025.42   1413.16
  945.12   1290.89
       p2p2       
 KB/s in  KB/s out
 1553.20   1620.10
 2375.82   1863.31
 1022.11   1333.56
  987.82   1339.31
 1011.85   1425.09
 1359.19   1698.51
 2100.25   1755.21
 1374.77   1423.34
  895.54   1279.94
 1128.14   1327.47
 1328.58   1573.59
 1655.91   1938.92
 1807.81   1368.83
  993.10   1363.44
 1057.25   1442.32
 1173.26   1388.66
 2304.92   1850.45
 1383.05   1417.98
  853.07   1296.89
 1189.32   1365.93
 1318.56   1448.06
 1265.15   1588.08
       p2p2       
 KB/s in  KB/s out
 1750.73   1340.88
 1092.13   1465.02
 1032.53   1397.79
 1091.75   1408.76
 2288.83   1729.37
 1282.10   1437.83
 1048.71   1480.09
  936.33   1141.52
 1607.93   1494.35
 1249.46   1823.31
 1690.11   1250.87
  948.78   1346.24
 1004.73   1362.86
 1500.78   1678.24
 2210.98   1662.89
  965.94   1261.42
  907.15   1274.88
 1212.58   1500.40
 1080.63   1533.70
 1794.53   1528.55
 1435.95   1211.04
 1076.61   1414.55
       p2p2       
 KB/s in  KB/s out
  852.44   1222.93
 1413.70   1637.75
 2529.79   1811.84
 1058.45   1476.88
  887.10   1256.53
  940.39   1246.09
 1137.55   1538.18
 1759.66   1439.21
 1579.93   1345.50
  884.10   1262.33
  946.21   1274.93
 1288.70   1522.65
 2484.37   1806.41
 1118.76   1431.20
  713.19   1064.73
  915.84   1330.00
 1126.59   1399.44
 1941.01   1619.34
 1560.33   1481.70
  851.02   1240.85
 1241.36   1469.99
 1551.78   1579.36
       p2p2       
 KB/s in  KB/s out
 1989.51   1538.22
  793.92   1245.92
 1032.28   1400.51
 1115.38   1472.48
 1258.86   1500.80
 2024.96   1552.67
 1499.44   1616.97
  897.02   1293.84
 1178.29   1525.58
 1551.56   1462.01
 2042.01   1748.67
  774.82   1100.55
  962.07   1288.58
  902.93   1288.40
 1303.54   1617.94
 2563.60   1974.11
  993.35   1208.86
  823.54   1129.69
  950.27   1327.50
 1085.18   1441.72
 2021.76   1656.48
 1459.61   1311.72
       p2p2       
 KB/s in  KB/s out
  927.42   1337.70
 1186.72   1451.13
 1325.81   1509.39
 1999.18   1457.84
 1062.23   1422.67
  894.12   1305.56
  902.16   1356.70
 1551.37   2119.03
 2139.32   1685.19
  955.24    578.23
  729.33    691.04
  884.47    740.41
 1081.13    701.54
  954.76    642.74
  836.32    778.93
  510.34    509.50
  640.51    621.67
  655.27    644.59
  730.92    730.11
  533.79    532.51
  723.70    722.61
  403.12    410.44
       p2p2       
 KB/s in  KB/s out
  718.30    713.09
  584.13    580.07
  729.63    728.35
  497.47    504.08
  688.36    686.73
  517.48    517.99
  842.37    833.38
  372.05    377.46
  757.58    752.30
  571.83    586.93
  489.43    477.60
  813.28    810.81
  627.49    638.97
  669.80    663.41
  409.79    407.31
  708.32    705.41
  627.45    631.48
  519.47    510.54
  647.93    652.07
  594.04    600.20
  431.81    427.13
  622.83    634.73
       p2p2       
 KB/s in  KB/s out
  556.92    548.29
  707.39    702.59
  439.82    439.54
  564.39    561.04
  623.60    622.22
  482.77    487.58
  597.95    601.15
  533.34    535.96
  462.00    454.11
  591.40    587.93
  709.82    709.41
