             total       used       free     shared    buffers     cached
Mem:        128776     128281        495          0        143     108910
-/+ buffers/cache:      19226     109549
Swap:       130907       2185     128722

             total       used       free     shared    buffers     cached
Mem:        128776     128280        495          0        143     108856
-/+ buffers/cache:      19280     109495
Swap:       130907       2185     128722

             total       used       free     shared    buffers     cached
Mem:        128776     128156        619          0        143     108589
-/+ buffers/cache:      19424     109351
Swap:       130907       2185     128722

             total       used       free     shared    buffers     cached
Mem:        128776     128371        404          0        143     108726
-/+ buffers/cache:      19502     109274
Swap:       130907       2185     128722

             total       used       free     shared    buffers     cached
Mem:        128776     128326        449          0        143     108662
-/+ buffers/cache:      19520     109256
Swap:       130907       2185     128722

             total       used       free     shared    buffers     cached
Mem:        128776     128290        485          0        143     108592
-/+ buffers/cache:      19554     109221
Swap:       130907       2185     128722

             total       used       free     shared    buffers     cached
Mem:        128776     128287        488          0        143     108577
-/+ buffers/cache:      19566     109209
Swap:       130907       2185     128722

             total       used       free     shared    buffers     cached
Mem:        128776     128230        546          0        143     108513
-/+ buffers/cache:      19572     109203
Swap:       130907       2185     128722

             total       used       free     shared    buffers     cached
Mem:        128776     128099        676          0        143     108371
-/+ buffers/cache:      19584     109191
Swap:       130907       2185     128722

             total       used       free     shared    buffers     cached
Mem:        128776     128070        705          0        143     108297
-/+ buffers/cache:      19629     109146
Swap:       130907       2185     128722

             total       used       free     shared    buffers     cached
Mem:        128776     128124        651          0        143     108324
-/+ buffers/cache:      19656     109119
Swap:       130907       2185     128722

             total       used       free     shared    buffers     cached
Mem:        128776     128130        645          0        143     108321
-/+ buffers/cache:      19666     109110
Swap:       130907       2185     128722

             total       used       free     shared    buffers     cached
Mem:        128776     127148       1628          0        143     107314
-/+ buffers/cache:      19689     109086
Swap:       130907       2185     128722

             total       used       free     shared    buffers     cached
Mem:        128776     127257       1519          0        143     107406
-/+ buffers/cache:      19706     109069
Swap:       130907       2185     128722

             total       used       free     shared    buffers     cached
Mem:        128776     126864       1912          0        143     106979
-/+ buffers/cache:      19740     109035
Swap:       130907       2185     128722

             total       used       free     shared    buffers     cached
Mem:        128776     127290       1486          0        143     107367
-/+ buffers/cache:      19778     108997
Swap:       130907       2185     128722

             total       used       free     shared    buffers     cached
Mem:        128776     127686       1089          0        143     107751
-/+ buffers/cache:      19791     108984
Swap:       130907       2185     128722

             total       used       free     shared    buffers     cached
Mem:        128776     128038        737          0        143     108081
-/+ buffers/cache:      19813     108962
Swap:       130907       2185     128722

             total       used       free     shared    buffers     cached
Mem:        128776     127970        805          0        143     108041
-/+ buffers/cache:      19785     108990
Swap:       130907       2185     128722

             total       used       free     shared    buffers     cached
Mem:        128776     127943        832          0        143     107994
-/+ buffers/cache:      19805     108971
Swap:       130907       2185     128722

             total       used       free     shared    buffers     cached
Mem:        128776     128160        615          0        143     108224
-/+ buffers/cache:      19791     108984
Swap:       130907       2185     128722

             total       used       free     shared    buffers     cached
Mem:        128776     128039        736          0        143     108117
-/+ buffers/cache:      19778     108997
Swap:       130907       2185     128722

             total       used       free     shared    buffers     cached
Mem:        128776     128207        569          0        143     108293
-/+ buffers/cache:      19770     109005
Swap:       130907       2185     128722

             total       used       free     shared    buffers     cached
Mem:        128776     128245        531          0        143     108302
-/+ buffers/cache:      19798     108977
Swap:       130907       2185     128722

             total       used       free     shared    buffers     cached
Mem:        128776     128277        498          0        143     108339
-/+ buffers/cache:      19794     108982
Swap:       130907       2185     128722

             total       used       free     shared    buffers     cached
Mem:        128776     128193        582          0        143     108241
-/+ buffers/cache:      19808     108967
Swap:       130907       2185     128722

             total       used       free     shared    buffers     cached
Mem:        128776     127806        969          0        143     107853
-/+ buffers/cache:      19809     108967
Swap:       130907       2185     128722

             total       used       free     shared    buffers     cached
Mem:        128776     127516       1259          0        143     107557
-/+ buffers/cache:      19814     108961
Swap:       130907       2185     128722

             total       used       free     shared    buffers     cached
Mem:        128776     127132       1643          0        143     107176
-/+ buffers/cache:      19812     108963
Swap:       130907       2185     128722

             total       used       free     shared    buffers     cached
Mem:        128776     126990       1785          0        143     107033
-/+ buffers/cache:      19813     108962
Swap:       130907       2185     128722

             total       used       free     shared    buffers     cached
Mem:        128776     126990       1785          0        143     107033
-/+ buffers/cache:      19813     108962
Swap:       130907       2185     128722

             total       used       free     shared    buffers     cached
Mem:        128776     127009       1766          0        143     107050
-/+ buffers/cache:      19815     108960
Swap:       130907       2185     128722

             total       used       free     shared    buffers     cached
Mem:        128776     127075       1700          0        143     107115
-/+ buffers/cache:      19816     108959
Swap:       130907       2185     128722

             total       used       free     shared    buffers     cached
Mem:        128776     127410       1365          0        143     107449
-/+ buffers/cache:      19817     108958
Swap:       130907       2185     128722

             total       used       free     shared    buffers     cached
Mem:        128776     127690       1085          0        143     107728
-/+ buffers/cache:      19818     108957
Swap:       130907       2185     128722

             total       used       free     shared    buffers     cached
Mem:        128776     128033        742          0        143     108085
-/+ buffers/cache:      19803     108972
Swap:       130907       2185     128722

             total       used       free     shared    buffers     cached
Mem:        128776     128204        571          0        143     108258
-/+ buffers/cache:      19802     108973
Swap:       130907       2185     128722

             total       used       free     shared    buffers     cached
Mem:        128776     128348        427          0        143     108410
-/+ buffers/cache:      19794     108982
Swap:       130907       2185     128722

             total       used       free     shared    buffers     cached
Mem:        128776     128381        394          0        143     108448
-/+ buffers/cache:      19789     108987
Swap:       130907       2185     128722

             total       used       free     shared    buffers     cached
Mem:        128776     128047        728          0        143     108101
-/+ buffers/cache:      19802     108973
Swap:       130907       2185     128722

             total       used       free     shared    buffers     cached
Mem:        128776     128047        728          0        143     108102
-/+ buffers/cache:      19801     108974
Swap:       130907       2185     128722

             total       used       free     shared    buffers     cached
Mem:        128776     128116        659          0        143     108169
-/+ buffers/cache:      19803     108972
Swap:       130907       2185     128722

             total       used       free     shared    buffers     cached
Mem:        128776     128215        560          0        143     108267
-/+ buffers/cache:      19804     108971
Swap:       130907       2185     128722

             total       used       free     shared    buffers     cached
Mem:        128776     127930        845          0        143     107997
-/+ buffers/cache:      19790     108985
Swap:       130907       2185     128722

             total       used       free     shared    buffers     cached
Mem:        128776     128183        592          0        143     108221
-/+ buffers/cache:      19818     108957
Swap:       130907       2185     128722

             total       used       free     shared    buffers     cached
Mem:        128776     128261        514          0        143     108286
-/+ buffers/cache:      19830     108945
Swap:       130907       2185     128722
