             total       used       free     shared    buffers     cached
Mem:        128778     126888       1889          1         56     108472
-/+ buffers/cache:      18359     110418
Swap:            0          0          0

             total       used       free     shared    buffers     cached
Mem:        128778     127264       1514          1         56     108854
-/+ buffers/cache:      18353     110424
Swap:            0          0          0

             total       used       free     shared    buffers     cached
Mem:        128778     127563       1215          1         56     109149
-/+ buffers/cache:      18357     110420
Swap:            0          0          0

             total       used       free     shared    buffers     cached
Mem:        128778     127758       1019          1         56     109339
-/+ buffers/cache:      18362     110415
Swap:            0          0          0

             total       used       free     shared    buffers     cached
Mem:        128778     127831        946          1         56     109416
-/+ buffers/cache:      18359     110419
Swap:            0          0          0

             total       used       free     shared    buffers     cached
Mem:        128778     127847        930          1         56     109423
-/+ buffers/cache:      18367     110410
Swap:            0          0          0

             total       used       free     shared    buffers     cached
Mem:        128778     128204        573          1         56     109773
-/+ buffers/cache:      18375     110403
Swap:            0          0          0

             total       used       free     shared    buffers     cached
Mem:        128778     128296        482          1         56     109880
-/+ buffers/cache:      18359     110418
Swap:            0          0          0

             total       used       free     shared    buffers     cached
Mem:        128778     128318        460          1         56     109901
-/+ buffers/cache:      18360     110418
Swap:            0          0          0

             total       used       free     shared    buffers     cached
Mem:        128778     128223        554          1         56     109802
-/+ buffers/cache:      18364     110414
Swap:            0          0          0

             total       used       free     shared    buffers     cached
Mem:        128778     128231        546          1         56     109805
-/+ buffers/cache:      18369     110408
Swap:            0          0          0

             total       used       free     shared    buffers     cached
Mem:        128778     128260        518          1         56     109833
-/+ buffers/cache:      18369     110408
Swap:            0          0          0

             total       used       free     shared    buffers     cached
Mem:        128778     128269        508          1         56     109839
-/+ buffers/cache:      18373     110404
Swap:            0          0          0

             total       used       free     shared    buffers     cached
Mem:        128778     128289        488          1         56     109861
-/+ buffers/cache:      18371     110406
Swap:            0          0          0

             total       used       free     shared    buffers     cached
Mem:        128778     128397        380          1         56     109982
-/+ buffers/cache:      18359     110419
Swap:            0          0          0

             total       used       free     shared    buffers     cached
Mem:        128778     128260        517          1         56     109840
-/+ buffers/cache:      18363     110414
Swap:            0          0          0

             total       used       free     shared    buffers     cached
Mem:        128778     128327        451          1         56     109910
-/+ buffers/cache:      18360     110417
Swap:            0          0          0

             total       used       free     shared    buffers     cached
Mem:        128778     128242        536          1         56     109817
-/+ buffers/cache:      18368     110409
Swap:            0          0          0

             total       used       free     shared    buffers     cached
Mem:        128778     128281        497          1         56     109849
-/+ buffers/cache:      18375     110403
Swap:            0          0          0

             total       used       free     shared    buffers     cached
Mem:        128778     128279        498          1         56     109866
-/+ buffers/cache:      18356     110421
Swap:            0          0          0

             total       used       free     shared    buffers     cached
Mem:        128778     128350        428          1         56     109935
-/+ buffers/cache:      18358     110419
Swap:            0          0          0

             total       used       free     shared    buffers     cached
Mem:        128778     128239        538          1         56     109813
-/+ buffers/cache:      18370     110407
Swap:            0          0          0

             total       used       free     shared    buffers     cached
Mem:        128778     128332        446          1         56     109908
-/+ buffers/cache:      18366     110411
Swap:            0          0          0

             total       used       free     shared    buffers     cached
Mem:        128778     128335        443          1         56     109917
-/+ buffers/cache:      18361     110416
Swap:            0          0          0

             total       used       free     shared    buffers     cached
Mem:        128778     128250        528          1         56     109825
-/+ buffers/cache:      18368     110409
Swap:            0          0          0

             total       used       free     shared    buffers     cached
Mem:        128778     128280        497          1         56     109857
-/+ buffers/cache:      18366     110411
Swap:            0          0          0

             total       used       free     shared    buffers     cached
Mem:        128778     128144        633          1         56     109720
-/+ buffers/cache:      18367     110410
Swap:            0          0          0

             total       used       free     shared    buffers     cached
Mem:        128778     128133        644          1         56     109711
-/+ buffers/cache:      18366     110412
Swap:            0          0          0

             total       used       free     shared    buffers     cached
Mem:        128778     128063        714          1         56     109636
-/+ buffers/cache:      18370     110407
Swap:            0          0          0

             total       used       free     shared    buffers     cached
Mem:        128778     128074        704          1         56     109649
-/+ buffers/cache:      18367     110410
Swap:            0          0          0

             total       used       free     shared    buffers     cached
Mem:        128778     128083        694          1         56     109660
-/+ buffers/cache:      18366     110411
Swap:            0          0          0

             total       used       free     shared    buffers     cached
Mem:        128778     128213        565          1         56     109784
-/+ buffers/cache:      18372     110405
Swap:            0          0          0

             total       used       free     shared    buffers     cached
Mem:        128778     128370        407          1         56     109953
-/+ buffers/cache:      18361     110417
Swap:            0          0          0

             total       used       free     shared    buffers     cached
Mem:        128778     128277        500          1         56     109874
-/+ buffers/cache:      18347     110431
Swap:            0          0          0

             total       used       free     shared    buffers     cached
Mem:        128778     128327        450          1         56     109913
-/+ buffers/cache:      18357     110420
Swap:            0          0          0

             total       used       free     shared    buffers     cached
Mem:        128778     128269        508          1         56     109842
-/+ buffers/cache:      18370     110407
Swap:            0          0          0

             total       used       free     shared    buffers     cached
Mem:        128778     128277        500          1         56     109870
-/+ buffers/cache:      18351     110427
Swap:            0          0          0

             total       used       free     shared    buffers     cached
Mem:        128778     128328        449          1         56     109916
-/+ buffers/cache:      18355     110422
Swap:            0          0          0

             total       used       free     shared    buffers     cached
Mem:        128778     128199        578          1         56     109783
-/+ buffers/cache:      18359     110418
Swap:            0          0          0

             total       used       free     shared    buffers     cached
Mem:        128778     128123        655          1         56     109702
-/+ buffers/cache:      18364     110413
Swap:            0          0          0

             total       used       free     shared    buffers     cached
Mem:        128778     128225        552          1         56     109815
-/+ buffers/cache:      18353     110424
Swap:            0          0          0

             total       used       free     shared    buffers     cached
Mem:        128778     128284        493          1         56     109858
-/+ buffers/cache:      18370     110407
Swap:            0          0          0

             total       used       free     shared    buffers     cached
Mem:        128778     128290        487          1         56     109872
-/+ buffers/cache:      18362     110416
Swap:            0          0          0

             total       used       free     shared    buffers     cached
Mem:        128778     128307        471          1         56     109886
-/+ buffers/cache:      18364     110413
Swap:            0          0          0

             total       used       free     shared    buffers     cached
Mem:        128778     128329        448          1         56     109907
-/+ buffers/cache:      18365     110412
Swap:            0          0          0

             total       used       free     shared    buffers     cached
Mem:        128778     128314        463          1         56     109880
-/+ buffers/cache:      18378     110400
Swap:            0          0          0

             total       used       free     shared    buffers     cached
Mem:        128778     128376        401          1         56     109944
-/+ buffers/cache:      18376     110401
Swap:            0          0          0

             total       used       free     shared    buffers     cached
Mem:        128778     128320        457          1         56     109886
-/+ buffers/cache:      18378     110399
Swap:            0          0          0
