       em4        
 KB/s in  KB/s out
497891.3   3552.67
475148.8   3414.09
493939.8   3522.72
475481.0   3339.89
483001.4   3492.86
477804.7   3400.51
469619.9   3351.25
485690.7   3429.25
496220.1   3539.38
493848.4   3517.08
505545.1   3592.10
456533.5   3337.15
441649.2   3152.23
446406.7   3199.81
444199.3   3216.94
486825.8   3497.27
482407.7   3502.63
504948.0   3619.40
463834.3   3394.87
468610.4   3373.56
512920.3   3628.40
478077.5   3405.56
       em4        
 KB/s in  KB/s out
447976.8   3238.45
489961.6   3486.91
483921.0   3429.87
465901.5   3329.80
492742.9   3519.44
438797.5   3161.68
495367.8   3579.76
473934.9   3421.23
473376.1   3395.43
477063.1   3387.55
467080.7   3268.80
473947.8   3338.82
460759.9   3336.79
462753.0   3313.96
470487.1   3340.55
543207.2   3854.00
530324.5   3846.97
454623.4   3283.93
469576.3   3390.83
457971.0   3287.03
470655.3   3361.79
478305.0   3399.86
       em4        
 KB/s in  KB/s out
494198.0   3511.01
513188.4   3642.52
438333.8   3156.79
446863.7   3197.00
478312.2   3402.26
484365.1   3416.48
485516.2   3518.32
523865.1   3705.21
496845.2   3649.25
466894.8   3416.39
470559.5   3389.55
457006.2   3270.33
486476.5   3490.83
491963.6   3518.03
461597.5   3307.15
455661.0   3297.86
499186.8   3548.96
467059.5   3332.50
483564.0   3447.17
452499.8   3201.17
491691.7   3564.57
468965.5   3368.82
       em4        
 KB/s in  KB/s out
481122.1   3446.95
433059.6   3158.01
530725.8   3790.89
452544.0   3248.30
494080.2   3528.64
517053.0   3693.75
515958.7   3684.72
479636.7   3488.62
468250.8   3377.22
540796.3   3832.94
475479.9   3474.80
490087.4   3496.01
491328.6   3568.16
460480.4   3314.31
480602.3   3465.94
474799.0   3442.00
507663.6   3635.93
465795.1   3363.20
552628.5   3924.07
466144.8   3393.11
494011.0   3539.44
529457.5   3789.36
       em4        
 KB/s in  KB/s out
478566.1   3449.75
482904.6   3472.79
506441.0   3661.28
457444.8   3332.82
449109.5   3229.45
495886.6   3549.11
452287.3   3239.79
430925.4   3247.09
489038.0   3556.49
463185.5   3376.29
499181.7   3625.47
477333.1   3415.17
537721.7   3853.44
478055.1   3453.76
462867.7   3353.29
561163.2   4087.63
527818.3   3827.33
464952.4   3385.55
524490.4   3749.03
541402.7   3857.97
495573.9   3580.91
477477.3   3413.62
       em4        
 KB/s in  KB/s out
467198.7   3398.78
467935.1   3390.94
493642.1   3576.97
449878.8   3196.90
510664.2   3689.49
492914.9   3514.59
508720.9   3718.64
476097.7   3412.63
546959.3   3997.35
483203.4   3438.39
465746.9   3359.54
472326.6   3392.96
475508.9   3457.93
495530.0   3552.78
515754.8   3731.96
481593.6   3446.31
481816.5   3454.58
481439.3   3431.67
488583.2   3479.68
486315.4   3566.46
495111.1   3546.32
446093.9   3159.56
       em4        
 KB/s in  KB/s out
494365.0   3522.15
488091.7   3495.91
464227.4   3309.64
475960.2   3430.82
527100.3   3894.19
493161.1   3575.99
486806.8   3505.69
517649.7   3738.29
495764.4   3525.15
489225.8   3547.10
465436.2   3431.01
504353.2   3643.62
500106.5   3587.31
435233.3   3121.22
500342.2   3574.80
505082.7   3581.95
470243.5   3436.51
504155.2   3714.27
479880.3   3512.38
483050.2   3475.09
464608.1   3324.18
503625.1   3591.25
       em4        
 KB/s in  KB/s out
510427.0   3656.27
427325.2   3131.44
490064.6   3553.87
510126.1   3621.99
471900.2   3415.76
455686.3   3262.88
548158.7   3923.86
496150.2   3587.33
492663.3   3705.66
511328.5   3612.49
481644.9   3519.61
490561.4   3579.16
448511.0   3264.68
531247.6   3812.50
466738.1   3448.43
428961.1   3058.95
452206.0   3323.64
481442.2   3469.09
451489.6   3340.17
503935.3   3584.11
513514.5   3738.73
483984.1   3511.12
       em4        
 KB/s in  KB/s out
506480.9   3668.04
529427.4   3795.69
524463.6   3764.65
472128.6   3379.77
457352.3   3316.45
487181.3   3520.34
505636.6   3637.40
464725.2   3373.25
523424.2   3847.80
489910.1   3483.85
415772.9   2994.36
529381.4   3713.58
496859.8   3586.67
503710.9   3704.44
496082.7   3611.55
446571.8   3230.68
490834.3   3488.09
475183.7   3484.16
513519.6   3727.27
511062.6   3702.19
557795.4   4043.19
483858.1   3487.07
       em4        
 KB/s in  KB/s out
536036.1   3880.29
508251.8   3721.62
549988.7   3990.17
463666.8   3379.57
543380.6   3952.26
510282.5   3706.33
484424.1   3527.98
454394.1   3267.99
563517.0   4029.96
509686.3   3698.39
505879.2   3662.29
557452.1   4109.78
522922.6   3806.02
519730.0   3767.21
542842.6   3965.72
490852.6   3552.64
516712.7   3758.94
483140.4   3490.06
477650.0   3520.34
536829.8   3823.86
475809.7   3437.59
466179.0   3346.93
       em4        
 KB/s in  KB/s out
492943.6   3502.93
573546.6   4170.14
506924.2   3718.14
523931.6   3905.68
502520.9   3652.39
508705.3   3670.55
536612.0   3872.90
489758.8   3557.76
533181.9   3828.80
520887.8   3805.73
476010.5   3493.99
494026.8   3537.68
538696.0   3887.06
550546.6   3934.71
475730.7   3467.34
463667.5   3354.43
531925.2   3737.45
486682.2   3632.18
516838.9   3729.09
491883.3   3560.51
474098.0   3424.82
511171.9   3697.92
       em4        
 KB/s in  KB/s out
508041.5   3713.45
506079.6   3717.50
512480.9   3772.54
540658.7   3845.30
439798.8   3211.87
495149.5   3650.56
530870.7   3825.47
526735.7   3828.03
481678.0   3473.84
448886.9   3296.30
525695.4   3791.01
478494.0   3456.85
523843.6   3856.01
484845.8   3498.55
487446.8   3513.82
511204.4   3677.99
479670.6   3540.17
538508.5   3839.67
511389.9   3693.49
505258.1   3653.84
511547.3   3673.77
490599.1   3588.77
       em4        
 KB/s in  KB/s out
582733.4   4249.97
503463.0   3631.39
530732.0   3942.58
536857.1   3874.36
498544.0   3578.72
498693.8   3578.94
520050.3   3751.40
472297.4   3432.73
551778.2   3978.76
504079.4   3755.90
514246.9   3755.11
516703.1   3685.20
529665.1   3764.22
502794.4   3618.59
524399.3   3767.24
547117.5   3967.60
520117.7   3819.15
462687.2   3355.41
477337.6   3506.49
568627.6   3977.13
482840.1   3533.39
494325.4   3549.50
       em4        
 KB/s in  KB/s out
507220.3   3652.17
509913.3   3742.55
303661.6   2127.85
    0.00      0.00
    0.07      0.05
 9667.41    213.15
372317.0   2871.10
502665.5   3576.74
524987.0   3758.20
493399.5   3548.42
529972.9   3817.22
514473.6   3687.66
522837.3   3686.01
487363.3   3518.55
555338.8   4001.42
502253.3   3633.08
459628.2   3319.45
517626.9   3723.97
462605.4   3314.28
530712.9   3801.80
508095.1   3620.83
518240.9   3692.27
       em4        
 KB/s in  KB/s out
498429.3   3583.00
545595.2   3878.35
512496.2   3736.37
536261.9   3988.23
542140.6   3859.26
497751.0   3623.66
495686.7   3542.62
550319.8   3897.40
526628.6   3758.46
515271.6   3756.93
482764.0   3475.14
476405.5   3431.63
567441.7   4046.89
507618.9   3716.56
518310.4   3736.17
582561.2   4108.05
553121.0   4016.08
541552.8   3933.21
516663.1   3781.12
484436.8   3475.98
507762.6   3638.36
552249.4   4025.62
       em4        
 KB/s in  KB/s out
451118.4   3272.43
476576.3   3398.78
492836.9   3869.99
473373.4   3549.88
553202.3   4012.53
483212.3   3519.62
516261.8   3790.20
490208.1   3593.82
565537.4   4089.99
554124.1   4036.27
565219.5   3999.54
510942.8   3692.58
488370.3   3621.67
480279.8   3483.03
520630.3   3735.94
498526.8   3575.57
490652.9   3517.97
486166.0   3669.84
516703.7   3721.46
506878.9   3676.96
549598.4   3969.75
482819.1   3508.88
       em4        
 KB/s in  KB/s out
500330.7   3610.87
472009.9   3402.69
509536.1   3679.51
565843.3   4062.09
530043.1   3829.42
472794.7   3441.30
489247.6   3466.42
498731.5   3643.00
497062.0   3648.03
511495.6   3644.30
526050.0   3811.14
479638.1   3524.22
543576.2   3871.61
529887.1   3796.94
512168.8   3701.31
539086.2   3876.43
480480.2   3486.26
540422.7   3905.26
611118.8   4314.22
534404.6   3879.53
511627.8   3767.66
509032.2   3730.68
       em4        
 KB/s in  KB/s out
552774.7   4067.33
521025.7   3780.17
545898.2   3955.87
503506.3   3632.26
524686.2   3794.86
493125.8   3579.29
582538.3   4248.73
494908.5   3560.33
519332.2   3769.39
498813.7   3631.49
485244.0   3538.15
529417.5   3775.06
528889.6   3853.99
571331.8   4157.90
498636.4   3633.92
494134.0   3550.83
519255.2   3777.10
484849.7   3537.57
515741.3   3778.71
548645.9   3953.55
563655.0   4175.18
544875.7   3978.62
       em4        
 KB/s in  KB/s out
580695.2   4003.33
482268.4   3515.79
518899.3   3774.53
488647.0   3578.77
513650.0   3724.38
529256.9   3836.03
473797.9   3416.39
496093.1   3594.67
588602.8   4223.08
529202.9   3861.07
563849.3   4148.61
528651.9   3838.54
512226.5   3711.19
529788.6   3892.55
498841.5   3581.27
529814.9   3805.03
517279.8   3753.71
542765.8   3894.01
473552.7   3405.53
508573.7   3666.24
520462.0   3736.67
495372.8   3595.75
       em4        
 KB/s in  KB/s out
468768.0   3457.84
554830.1   3883.15
497342.0   3674.91
468408.2   3429.73
535272.2   3896.40
522916.8   3823.56
471570.4   3471.13
468364.5   3400.32
509029.8   3675.16
520842.1   3728.69
552449.4   4009.04
509737.9   3711.12
454681.8   3261.50
529491.2   3867.57
489526.4   3524.26
551871.6   3921.24
554114.8   4023.23
505419.3   3642.73
491498.5   3659.83
505855.7   3674.64
543593.7   3863.71
520924.7   3863.95
       em4        
 KB/s in  KB/s out
567920.0   4085.25
507674.1   3674.56
514780.4   3667.70
515737.6   3771.23
479518.8   3527.29
582337.8   4146.23
486340.1   3543.39
510002.3   3758.60
492711.7   3555.32
472274.8   3441.72
540544.0   3938.33
531568.5   3861.24
560663.8   4114.67
520015.2   3741.86
566134.0   4093.24
481265.3   3541.18
596082.9   4290.56
522696.5   3744.16
478588.9   3539.73
561123.0   4047.46
538433.1   3917.71
485303.9   3558.31
       em4        
 KB/s in  KB/s out
538586.2   3910.30
530980.0   3864.16
491121.9   3613.68
583966.3   4212.54
533879.3   3856.74
464973.5   3421.58
490653.6   3519.36
443691.6   3240.99
530873.6   3794.25
490806.0   3624.08
526449.5   3745.07
485835.3   3500.12
537341.7   3911.42
536005.8   3873.56
511404.6   3673.37
480760.9   3565.68
542002.7   3875.04
492847.6   3582.91
565399.2   3976.56
487164.0   3481.07
482442.0   3494.04
528190.3   3812.54
       em4        
 KB/s in  KB/s out
514800.3   3794.85
501378.2   3628.87
543331.6   3919.51
482353.3   3553.87
514153.4   3720.33
486520.5   3524.08
530806.6   3881.23
540995.7   3985.73
502479.6   3609.17
466380.1   3450.45
589498.3   4121.44
515111.6   3739.72
496469.3   3556.02
510669.1   3699.80
424593.7   3182.90
481334.5   3473.09
496593.7   3550.45
509434.6   3696.02
542802.6   3916.54
498482.6   3632.80
453216.6   3243.94
547212.7   3995.24
       em4        
 KB/s in  KB/s out
492272.9   3569.97
572509.3   4141.75
465613.4   3403.12
456795.6   3269.42
501036.4   3619.33
458542.3   3335.57
496993.6   3600.84
477722.8   3489.94
541275.9   3932.97
520932.5   3782.03
472619.5   3446.07
494172.6   3549.29
594219.4   4266.96
530464.9   3934.34
459450.9   3289.26
510177.2   3727.14
567023.6   3998.53
554960.9   4044.98
555354.9   3981.35
545334.4   4004.82
508576.2   3748.27
522165.5   3852.10
       em4        
 KB/s in  KB/s out
467304.2   3390.86
545796.4   3986.19
484857.8   3507.82
468055.4   3451.92
492808.1   3552.06
514633.7   3837.32
521828.6   3735.68
504910.3   3664.26
480897.7   3506.72
521902.5   3790.52
530045.6   3831.58
491259.8   3509.61
491181.0   3657.35
390120.2   2900.96
537158.0   3534.07
462483.1   3473.33
518689.9   3785.51
551016.7   3993.93
480926.9   3484.86
519070.9   3875.17
464776.6   3423.00
483152.7   3509.24
       em4        
 KB/s in  KB/s out
520637.7   3767.48
430995.9   3119.94
507320.0   3605.32
536999.7   3790.88
443328.8   3301.20
562751.5   3980.61
468816.2   3482.22
494114.1   3542.64
578183.1   4193.36
498362.8   3589.24
477908.9   3432.29
512855.7   3698.13
470657.6   3455.47
458598.2   3493.09
563403.9   3687.87
462031.5   3476.82
499869.5   3656.40
473849.5   3409.39
499182.9   3626.94
457210.4   3421.89
544501.3   3911.81
485243.6   3512.15
       em4        
 KB/s in  KB/s out
487728.8   3516.40
434699.8   3142.07
475113.7   3452.56
525450.8   3773.28
477133.7   3600.30
469228.3   3473.12
501365.8   3646.05
517226.8   3751.01
534308.1   3856.96
532770.6   3894.70
471069.6   3404.30
484239.9   3624.71
481844.3   3487.26
492731.0   3550.73
473332.3   3461.55
516337.2   3692.84
476034.3   3475.21
524348.7   3764.69
524857.5   3912.76
438179.9   2787.86
    0.70      0.07
    0.12      0.00
       em4        
 KB/s in  KB/s out
    0.12      0.00
    0.12      0.00
    0.25      0.06
    9.52     99.89
    0.19      0.14
    0.45      0.00
90405.35    980.62
379515.8   3060.74
490206.3   3591.08
382557.0   2788.14
485605.0   3506.47
496106.8   3546.55
544860.4   3903.36
651364.1   4603.28
419016.8   3120.49
490553.6   3538.43
532468.1   3866.87
537983.1   3969.15
490078.0   3611.29
529191.3   3764.09
503276.4   3622.98
463218.3   3389.48
       em4        
 KB/s in  KB/s out
488617.2   3523.47
592013.6   4238.62
495036.2   3645.43
521475.2   3825.34
510403.2   3726.39
549401.2   3961.75
510865.5   3674.70
530418.7   3802.38
508851.2   3722.92
514582.7   3699.76
522967.1   3839.44
479311.1   3442.50
487268.5   3513.34
515316.9   3737.25
483447.5   3538.94
541933.2   3932.61
522249.5   3822.17
538109.3   3887.42
531044.0   3859.11
497912.7   3609.36
491266.1   3518.98
491188.1   3546.81
       em4        
 KB/s in  KB/s out
524802.6   3831.15
534624.2   3872.82
511238.9   3673.01
496764.7   3599.77
468500.2   3366.62
513151.2   3725.10
465141.7   3429.74
495780.9   3546.38
492785.2   3558.42
479310.2   3475.36
530853.1   3871.00
454652.5   3278.00
540556.7   3917.79
553248.3   4114.94
551944.1   3850.90
459402.5   3414.23
503737.8   3651.85
530923.8   3841.83
513243.7   3727.03
503109.5   3660.45
575514.3   4157.12
520455.3   3793.02
       em4        
 KB/s in  KB/s out
486063.9   3497.01
510089.7   3752.71
514158.4   3721.00
547201.8   3920.72
458368.2   3333.51
534971.4   4000.33
541222.7   3877.06
536786.3   3887.50
448672.4   3331.38
538684.2   3886.50
570068.0   4113.28
491242.6   3603.98
463695.6   3390.78
543539.5   3816.87
517907.8   3860.96
552066.6   3983.14
513833.1   3733.42
558236.9   3965.35
511676.6   3726.80
570250.3   4161.62
563252.6   4100.25
520979.1   3858.66
       em4        
 KB/s in  KB/s out
528380.5   3793.90
524578.9   3829.95
500486.9   3616.10
506380.7   3666.76
529671.4   3770.97
480493.4   3525.02
533704.8   3866.63
545181.9   3951.64
542894.4   3972.05
528847.9   3859.69
541775.4   3914.69
509240.1   3782.64
512815.4   3693.17
519731.4   3759.59
490819.1   3549.32
497320.0   3561.39
535076.3   3874.53
482144.2   3540.74
510881.0   3716.04
570194.2   4102.05
471313.4   3497.10
525872.2   3834.13
       em4        
 KB/s in  KB/s out
566660.6   4074.45
508945.5   3715.74
500424.9   3606.99
541284.0   3875.39
488567.9   3625.57
510877.1   3804.45
499151.9   3590.45
562799.4   4071.28
508373.7   3728.58
505550.0   3651.12
459586.0   3340.47
537661.0   3861.41
542254.6   3980.81
534879.2   3859.95
497938.1   3657.77
517283.5   3767.14
515137.8   3776.95
539456.3   3978.49
505605.5   3628.83
522578.3   3778.45
475905.4   3497.16
514376.1   3743.77
       em4        
 KB/s in  KB/s out
524528.2   3828.13
509022.6   3677.79
529779.7   3866.18
491645.2   3549.58
546264.3   3950.00
494038.4   3560.42
488283.6   3549.92
496523.4   3644.21
567170.7   4018.96
515392.5   3774.51
500691.7   3603.20
566674.4   4065.98
452633.8   3336.57
582715.3   4181.28
427717.1   3191.24
554952.8   4007.51
502548.6   3621.71
503198.3   3647.74
534298.9   3868.46
523255.9   3787.72
492578.4   3678.27
508236.7   3671.14
       em4        
 KB/s in  KB/s out
522256.7   3707.81
516512.9   3726.60
521774.3   3764.17
532163.0   3808.96
531164.5   3895.70
524781.3   3712.28
477082.8   3467.77
488792.0   3532.42
550676.2   3983.02
477754.7   3451.28
540470.4   3821.07
536889.5   3958.78
443197.2   3214.68
523944.4   3829.43
524045.9   3787.63
521323.8   3762.99
446120.5   3250.93
545925.2   3934.98
534064.9   3934.34
498023.5   3626.02
502709.6   3668.50
525621.7   3811.31
       em4        
 KB/s in  KB/s out
537358.8   3896.10
465962.3   3372.25
555104.6   4036.94
487094.6   3606.29
538910.4   3858.93
522929.1   3825.43
511377.7   3702.93
538766.6   3873.66
544159.9   3958.78
554859.5   4105.76
477638.1   3450.31
545519.4   3966.24
485663.5   3580.32
496659.2   3539.91
504227.7   3632.73
514175.5   3736.76
518744.7   3831.47
492943.4   3495.76
554355.4   3966.62
548472.0   3982.92
483944.4   3512.16
585887.1   4281.35
       em4        
 KB/s in  KB/s out
540012.0   3880.94
514076.1   3813.84
522885.2   3768.67
529950.8   3786.59
510274.8   3703.98
550278.4   3999.34
538581.6   3866.53
417359.9   3133.62
541452.7   3863.19
538624.8   3887.88
562365.8   4105.07
514345.5   3720.96
534574.0   3856.46
511085.4   3730.96
531021.6   3850.16
541176.2   3835.96
508701.2   3781.29
524362.2   3793.51
554135.0   3993.82
570953.5   4150.08
558301.8   4020.84
521530.3   3771.67
       em4        
 KB/s in  KB/s out
561159.3   4023.40
549893.6   4001.70
529206.1   3908.84
567550.1   4123.77
559906.1   3975.74
518497.7   3831.60
511981.3   3791.28
571829.7   4055.40
527694.8   3970.89
545280.9   3919.50
515162.8   3743.44
445809.2   3328.81
589487.4   4133.68
547363.3   4004.58
488596.7   3557.65
494316.7   3705.88
575355.8   4033.81
579508.0   4161.58
582880.5   4197.45
523937.8   3964.55
503527.0   3668.37
583680.4   4239.50
       em4        
 KB/s in  KB/s out
442960.9   3399.51
506859.9   3658.85
546536.8   3984.31
499553.3   3612.01
503706.7   3656.99
529360.8   3869.47
508211.4   3635.85
552782.3   4049.26
481836.2   3480.53
487928.6   3531.46
501050.2   3664.54
517601.3   3737.89
555364.3   4010.71
573461.5   4116.67
449827.3   3556.74
508346.3   3471.33
494522.2   3276.29
532472.2   3922.22
545219.0   4040.97
542769.5   4146.17
522263.6   4018.75
527833.9   4051.30
       em4        
 KB/s in  KB/s out
563612.3   4165.12
490332.7   3705.99
527768.8   3902.84
531824.8   3967.33
515429.6   3755.67
590328.7   4225.99
563878.3   4151.54
602894.7   4316.09
524239.6   3884.78
461034.0   3419.23
531196.1   3846.21
511802.0   3690.02
521328.6   3804.32
507152.7   3700.56
531163.1   3955.81
531739.2   3868.26
536265.3   3853.83
508482.8   3615.84
517286.4   3795.09
561671.2   3935.14
553353.5   4033.16
497900.8   3668.41
       em4        
 KB/s in  KB/s out
562860.9   4101.97
583691.2   4211.28
467429.1   3500.66
488103.6   3515.21
528863.9   3862.45
474729.5   3447.85
534584.9   3935.30
489246.2   3573.77
539129.5   3849.50
534239.9   3861.44
467482.5   3378.49
562383.0   4020.65
487336.7   3517.13
495722.4   3701.71
470093.1   3412.43
500160.4   3582.36
558961.3   4015.43
556040.1   4041.82
472732.9   3429.47
580321.9   4155.92
533228.2   3500.38
 1001.75      8.63
       em4        
 KB/s in  KB/s out
    0.39      0.00
    0.06      0.00
    0.13      0.05
    0.19      0.06
    0.42      0.43
    8.15     95.71
    0.42      0.28
    0.30      0.13
77021.88   1225.35
369140.3   3072.36
442103.3   3426.89
452152.7   3401.06
535463.0   3707.30
517928.9   3721.30
473264.4   3524.86
541785.1   3910.27
516059.7   3747.17
486701.1   3507.03
556280.8   3996.58
513315.8   3716.70
514714.5   3761.10
563820.9   4026.97
       em4        
 KB/s in  KB/s out
501886.6   3684.65
547614.8   3943.02
515868.5   3776.21
510405.0   3666.63
555570.7   3971.19
507500.3   3679.40
559288.8   3939.23
556230.2   4051.22
537173.5   3969.13
547760.4   3943.62
461512.0   3360.83
547402.7   3919.37
494072.9   3591.08
582136.6   4130.06
534812.4   3879.55
512310.2   3774.42
511563.7   3689.92
554944.8   4025.10
566425.2   4082.37
471512.6   3536.80
535992.3   3869.13
493210.3   3643.64
       em4        
 KB/s in  KB/s out
540810.6   3852.45
497701.2   3643.56
526687.1   3837.57
475443.7   3453.37
489464.1   3606.84
498584.8   3622.39
488978.9   3522.02
534499.1   3903.97
533071.3   3876.61
517306.1   3774.90
553953.0   3933.39
479913.1   3542.66
437697.3   3181.85
539245.0   3890.13
520310.3   3786.01
580527.2   4214.56
488454.7   3611.75
451147.0   3306.80
490926.7   3542.67
515361.8   3825.14
543145.4   3693.68
538373.3   3878.70
       em4        
 KB/s in  KB/s out
488299.9   3651.26
450380.2   3319.80
532243.3   3869.08
518935.5   3823.75
570336.5   4139.50
536322.8   3876.12
516523.5   3776.52
475362.7   3474.13
530841.5   3809.28
554693.9   3975.95
486990.5   3597.25
501916.9   3641.88
548805.6   3958.57
528785.2   3798.11
591890.8   4209.29
574329.7   4269.27
469639.4   3489.66
558677.0   4078.46
593611.5   4311.16
477961.7   3611.46
548982.6   4021.13
534900.5   3920.83
       em4        
 KB/s in  KB/s out
515461.7   3733.11
508207.7   3704.25
485571.9   3523.42
590416.6   4288.57
494971.8   3638.87
526922.9   3862.17
504293.6   3669.20
536112.0   3855.69
535374.9   3894.11
478346.6   3494.56
524871.1   3788.90
510972.3   3733.47
485247.4   3532.37
543100.5   3910.28
497661.7   3681.83
477831.4   3448.26
533023.9   3860.70
499649.8   3644.71
492826.7   3547.93
559359.7   3985.67
517780.5   3824.14
489367.2   3513.52
       em4        
 KB/s in  KB/s out
446253.6   3322.45
572119.2   4070.82
525126.2   3842.25
516751.8   3752.31
527098.3   3766.82
499595.9   3644.03
530230.4   3790.08
449125.6   3502.82
514289.4   3348.39
511470.5   3957.89
496070.9   3617.01
489093.2   3875.22
521214.0   3878.06
506317.6   4073.88
484777.9   3233.26
512861.1   3748.04
504752.8   4093.40
524891.8   4176.88
523575.5   4141.04
482589.2   3832.12
544658.7   4163.40
501799.7   3758.51
       em4        
 KB/s in  KB/s out
562719.4   4249.10
460974.0   3462.09
562283.4   4141.97
465311.8   3671.93
541693.7   3820.44
493719.1   3719.91
580478.4   4242.53
531221.8   3984.74
485067.1   3634.48
519886.3   3839.40
508747.8   3746.92
570837.6   4221.69
541697.3   3942.34
502919.9   3725.04
478176.7   3481.41
556081.1   4050.03
548198.8   3839.05
515394.6   3812.75
571877.2   3978.62
546966.6   3994.12
478319.0   3611.43
569758.9   4099.02
       em4        
 KB/s in  KB/s out
557368.1   4046.80
510798.1   3796.08
531958.5   3851.93
498908.6   3645.26
533516.9   3870.23
488902.9   3531.84
540494.4   3918.19
531955.5   3923.33
525771.2   3994.89
509146.4   3669.65
536827.9   3893.14
544888.3   3920.68
476320.4   3548.82
512498.4   3732.75
542689.3   3959.78
524223.4   3883.68
594867.8   4302.16
482559.9   3593.73
476724.6   3460.01
483425.8   3549.90
606516.3   4365.36
587238.7   4212.10
       em4        
 KB/s in  KB/s out
563891.5   3909.61
531153.5   3997.29
559210.8   4077.34
546642.3   4013.75
505325.3   3779.59
600246.3   4231.17
474948.7   3624.30
542171.7   3929.51
555390.9   4107.14
510137.2   3720.85
541356.6   3977.27
539042.4   3920.18
510842.2   3746.99
582401.7   4247.68
500950.2   3675.23
497454.5   3611.60
575929.1   4135.67
543880.2   4005.09
519760.6   3778.51
533384.4   3868.50
548892.9   4008.18
528564.2   3834.75
       em4        
 KB/s in  KB/s out
588720.4   4272.11
535269.7   3888.23
587533.7   4236.19
474013.4   3493.40
491707.6   3547.25
510754.8   3756.29
519891.0   3853.09
530428.1   3820.57
497312.3   3540.48
539711.5   3940.76
445765.3   3257.58
562831.3   4071.39
503340.2   3737.21
536943.7   3860.25
510827.0   3691.85
570192.3   4077.72
520955.6   3843.09
514541.9   3700.74
504575.2   3664.73
508428.8   3736.64
534667.6   3813.29
502666.0   3705.96
       em4        
 KB/s in  KB/s out
451366.6   3265.48
556999.9   4025.90
529593.4   3887.36
524808.6   3878.00
540307.4   3900.19
553673.9   3978.32
508051.5   3722.91
556406.9   4028.31
553899.2   3985.42
511626.4   3738.91
540075.0   3952.23
537490.4   3893.25
601121.3   4332.32
514086.9   3781.24
526051.5   3799.22
474113.5   3479.33
536490.3   3844.00
491498.0   3695.24
571439.5   4102.45
531828.1   3848.33
514335.0   3768.70
557167.1   4041.74
       em4        
 KB/s in  KB/s out
532449.2   3861.32
597728.8   4365.63
463591.5   3459.53
566665.7   4080.40
504643.4   3674.17
524759.6   3814.53
523228.9   3813.45
571449.5   4166.88
543537.1   3922.12
509180.6   3782.83
516378.3   3745.80
544264.2   3925.21
511961.0   3744.99
548361.5   3918.31
515015.6   3727.36
588569.7   4118.30
510421.9   3789.56
522009.4   3885.27
513643.6   3783.54
576857.0   4195.92
563326.1   4089.34
492446.1   3703.48
       em4        
 KB/s in  KB/s out
544097.6   3956.27
565421.4   4085.40
521347.8   3889.16
472712.1   3489.01
502371.8   3635.36
556335.7   4068.12
477192.3   3417.35
466162.5   3398.00
514362.7   3752.32
571526.8   4250.51
532942.9   3838.83
446516.2   3280.50
570836.4   3983.83
511005.6   3754.97
483464.4   3505.92
531054.4   3859.66
499255.3   3722.37
535085.6   3865.10
502560.8   3664.88
520704.6   3803.31
519017.4   3785.19
596609.4   4327.10
       em4        
 KB/s in  KB/s out
569300.9   4092.60
563444.5   4148.09
554283.6   4083.44
529267.8   3833.15
552997.7   3986.02
541956.2   3910.06
576992.7   4164.41
539980.0   3949.75
576459.3   4286.50
535501.9   3885.97
551593.9   3960.86
552853.4   4038.63
452728.6   3428.46
529359.0   3779.01
537252.4   3779.55
516905.2   3924.06
519360.8   4107.90
485539.4   3832.30
490008.2   3698.98
513970.8   3406.20
520749.1   4046.19
509807.7   3766.38
       em4        
 KB/s in  KB/s out
519774.2   3861.36
311697.1   1666.11
    0.00      0.00
    0.00      0.00
    0.00      0.00
    0.00      0.00
    0.00      0.00
    3.70     12.20
    0.59      0.05
    0.06      0.00
    0.06      0.00
 3598.14    341.71
199258.9   1894.57
518979.0   3975.45
568074.0   4142.30
536360.6   3976.54
496729.5   3705.55
519523.3   3840.76
483409.9   3609.64
518705.7   3830.05
546567.4   3982.91
530150.1   3814.74
       em4        
 KB/s in  KB/s out
517696.7   3747.03
548038.7   3960.82
522693.1   3768.79
530257.2   3839.33
475174.2   3435.88
553126.8   3961.00
559640.6   4059.89
427008.2   3353.81
523880.5   3825.53
516098.2   3754.22
546998.8   3962.37
529657.3   3941.40
546529.5   4040.80
531252.6   3900.80
522029.2   3781.96
575874.3   4213.98
520739.1   3880.51
545938.6   4004.26
494847.4   3590.73
491929.5   3655.91
421273.0   3247.41
180608.2   2449.11
       em4        
 KB/s in  KB/s out
529934.7   3885.65
490121.8   3702.81
485094.0   3746.39
484235.5   3711.95
493975.7   3766.59
489334.2   3481.37
506185.3   3995.09
473751.8   4047.28
465106.7   3356.10
476787.4   3672.22
490516.1   4224.35
476494.6   3795.34
488286.9   3596.49
465849.3   3656.16
459392.7   3737.01
473457.2   4288.48
466049.5   3686.70
460956.7   3423.42
470949.4   3807.29
488928.7   3902.30
485073.2   3573.50
478903.9   3574.69
       em4        
 KB/s in  KB/s out
476036.3   3874.04
499342.8   3822.34
498570.3   4277.92
460282.9   3320.97
495019.0   4090.94
484795.1   3855.91
490464.1   3969.67
489075.1   3603.03
492900.1   3833.61
492323.1   3740.76
498143.3   3356.36
519494.4   3738.36
501020.9   4696.48
512811.1   3311.20
533099.3   4637.91
503998.7   3603.26
521905.0   4229.45
508849.0   3546.77
480208.8   4203.47
502419.2   3755.45
519584.0   4360.45
512803.6   3964.50
       em4        
 KB/s in  KB/s out
548292.6   4277.00
500830.2   4305.12
521022.5   4200.82
518592.9   4298.24
489612.0   3654.75
475850.0   4080.68
510962.1   3696.74
496247.3   4153.50
480142.2   4045.91
475186.0   3987.48
511373.9   3797.29
476777.8   3339.39
534804.7   3987.86
489015.1   4108.07
516596.5   4693.26
496274.8   3755.76
530253.6   3968.90
534070.7   4569.23
521205.9   4197.97
501298.6   3650.13
516589.4   3397.34
409666.8   3603.54
       em4        
 KB/s in  KB/s out
467070.6   4226.04
497903.6   3477.02
498718.4   4490.42
542768.9   3847.37
500589.6   4040.29
516210.1   4260.78
493827.9   3814.65
483951.2   4178.96
476826.2   3942.05
461891.8   3323.08
488212.8   3842.28
471328.0   4342.26
470533.7   3425.76
459880.9   3652.34
483973.9   3507.87
501009.4   3521.16
503295.2   3995.01
497021.9   3908.97
520510.0   4145.58
486557.1   3495.86
497335.6   3957.79
515837.0   4522.27
       em4        
 KB/s in  KB/s out
500011.5   3453.79
470184.6   3777.60
504450.6   3537.55
520094.7   4971.53
494178.2   3144.11
487145.3   3488.71
469364.0   4530.26
542056.9   3687.22
518216.2   3806.84
540117.0   4669.81
518844.7   4153.51
503435.2   3969.80
474761.9   3795.88
476536.5   3743.38
485143.8   3772.00
500510.0   3392.95
505176.1   3662.95
499405.4   3737.23
345285.1   3391.11
292472.9   2802.41
454159.1   3504.38
540074.1   4296.31
       em4        
 KB/s in  KB/s out
513439.2   3993.03
484722.5   4024.78
534621.1   4073.77
499485.2   4084.94
513151.4   3629.48
485104.4   4672.78
512797.7   3429.23
480242.8   4102.13
521003.9   3527.77
528222.0   3888.00
538259.9   4217.42
330039.8   3328.74
249308.5   2495.11
505458.8   3686.14
517936.8   4078.63
515444.5   3715.41
507661.3   4640.12
460080.6   3474.59
489635.2   3558.98
458649.4   3762.77
498512.2   3680.34
507995.6   3879.96
       em4        
 KB/s in  KB/s out
494173.1   3385.71
517025.4   3582.64
472211.1   4425.15
516151.0   4068.73
454381.8   3756.98
547845.8   4166.14
580832.8   4454.34
555118.4   4239.02
555862.3   4349.90
479520.8   3697.69
450850.7   3523.52
518829.4   3788.95
559455.2   4120.09
548407.7   4013.91
519877.7   3950.57
499452.9   3821.64
530414.2   3992.84
566156.8   4012.22
505526.4   3798.27
566092.1   4241.67
525995.2   4065.09
507185.5   3951.87
       em4        
 KB/s in  KB/s out
506283.6   3783.60
533408.1   3923.75
496115.0   4076.16
508729.0   3537.66
520564.7   4265.62
487529.5   3388.80
498545.8   3474.48
539013.5   3929.57
476082.2   3943.64
293448.6   2967.00
582908.5   4458.89
502312.2   3897.20
549499.7   4069.93
556478.5   4427.09
545809.8   4109.78
558206.0   4351.10
534342.3   4224.89
509365.4   3951.78
530877.6   4030.80
546935.9   4131.70
538079.8   4016.24
502602.8   3870.22
       em4        
 KB/s in  KB/s out
471225.6   3498.22
512933.7   3877.56
540981.1   3956.06
537326.7   4175.78
561241.3   4220.26
503915.5   3964.65
525453.9   4121.17
538059.5   4150.59
523967.3   4012.09
470429.7   3605.14
550173.9   4159.08
538453.7   4073.82
524493.2   3990.10
527527.4   4211.42
518029.1   4097.03
502279.8   3785.71
521832.2   3750.18
497453.6   3892.62
501421.8   3991.90
489037.3   3506.56
480768.1   3686.18
500208.7   4320.78
       em4        
 KB/s in  KB/s out
498224.3   3852.79
469088.6   4046.68
505950.5   3886.79
491747.1   3248.39
490106.3   3954.05
506814.0   4038.25
485598.2   4371.82
491218.7   3589.75
511107.6   4259.56
510944.7   3193.25
566908.2   4244.86
392665.3   3365.62
290119.2   2855.33
506547.1   3948.07
567385.6   4542.10
493403.8   3372.51
545159.9   4311.45
533053.7   4141.96
509390.8   4102.52
521999.9   3886.40
525178.9   4036.17
518638.7   4066.63
       em4        
 KB/s in  KB/s out
495246.0   3922.81
479523.1   3439.44
493975.9   4065.57
539734.3   4605.25
506681.4   3846.18
512127.3   4051.47
503476.5   3561.41
519599.0   4598.84
494636.4   4249.25
517122.3   3714.74
502791.5   3992.52
494441.9   4277.32
513301.4   3967.94
848993.6   6895.68
441343.1   2722.71
337788.3   2102.52
68785.36   1030.54
49841.42   1445.48
27503.85   1312.49
538186.4   3687.62
506354.7   3974.21
520737.4   2992.14
       em4        
 KB/s in  KB/s out
481627.7   3767.41
531243.7   3587.81
198281.3   2518.18
498764.6   4212.37
490626.0   3492.56
509355.2   4446.96
520651.9   3429.22
489601.4   3719.24
502738.8   3742.35
497970.0   3761.11
438179.3   3856.65
499246.2   4280.91
499684.0   3755.43
505541.7   4021.97
506416.7   3953.37
505699.5   3699.48
504419.2   4369.77
485330.1   3980.26
459001.6   3665.34
473897.6   3866.30
470847.8   3571.19
476199.4   3347.64
       em4        
 KB/s in  KB/s out
488942.6   3408.61
518069.4   3366.83
326566.7   3168.86
244413.6   2577.55
510322.2   3589.08
534011.7   3640.87
541854.0   2693.24
263081.9   1239.06
    0.88      0.68
    0.31      0.06
    7.46     93.11
    0.45      0.00
    0.12      0.00
    0.45      0.00
    0.12      0.00
    0.32      0.12
    0.12      0.00
   17.19    514.25
    0.25      0.14
    0.12      0.00
    0.39      0.00
    0.06      0.00
       em4        
 KB/s in  KB/s out
    0.06      0.00
    0.39      0.00
    0.06      0.00
    0.06      0.00
    0.06      0.00
    0.25      0.19
    0.13      0.14
    0.33      0.00
    0.36      0.31
    0.12      0.00
    0.12      0.00
    0.12      0.00
    0.12      0.00
    0.45      0.00
    0.12      0.00
    0.31      0.19
    0.19      0.14
    0.12      0.00
    0.45      0.00
    0.12      0.00
    0.12      0.00
    0.45      0.00
       em4        
 KB/s in  KB/s out
    0.12      0.00
    0.13      0.05
