

ATOP - dss-storage-1     2015/10/15  12:46:51     ------     5d20h55m50s elapsed
PRC | sys   41h06m | user 602m24s | #proc    515 | #zombie    0 | #exit      0 |
CPU | sys      37% | user     30% | irq       5% | idle   2320% | wait      8% |
cpu | sys       3% | user      2% | irq       1% | idle     94% | cpu000 w  1% |
cpu | sys       3% | user      2% | irq       0% | idle     94% | cpu005 w  1% |
cpu | sys       3% | user      2% | irq       0% | idle     94% | cpu004 w  1% |
cpu | sys       3% | user      2% | irq       0% | idle     94% | cpu001 w  1% |
cpu | sys       3% | user      2% | irq       0% | idle     94% | cpu002 w  1% |
cpu | sys       3% | user      2% | irq       0% | idle     94% | cpu003 w  1% |
cpu | sys       2% | user      2% | irq       0% | idle     96% | cpu017 w  0% |
cpu | sys       2% | user      2% | irq       0% | idle     96% | cpu016 w  0% |
cpu | sys       2% | user      2% | irq       0% | idle     96% | cpu015 w  0% |
cpu | sys       2% | user      2% | irq       0% | idle     96% | cpu014 w  0% |
cpu | sys       2% | user      2% | irq       0% | idle     96% | cpu012 w  0% |
cpu | sys       2% | user      2% | irq       0% | idle     96% | cpu013 w  0% |
cpu | sys       1% | user      1% | irq       0% | idle     97% | cpu007 w  0% |
cpu | sys       1% | user      1% | irq       0% | idle     97% | cpu006 w  0% |
cpu | sys       1% | user      1% | irq       0% | idle     98% | cpu008 w  0% |
cpu | sys       1% | user      1% | irq       0% | idle     98% | cpu009 w  0% |
cpu | sys       1% | user      1% | irq       0% | idle     98% | cpu010 w  0% |
cpu | sys       1% | user      1% | irq       0% | idle     98% | cpu011 w  0% |
cpu | sys       1% | user      0% | irq       0% | idle     99% | cpu023 w  0% |
cpu | sys       1% | user      0% | irq       0% | idle     99% | cpu022 w  0% |
cpu | sys       1% | user      0% | irq       0% | idle     99% | cpu021 w  0% |
cpu | sys       1% | user      0% | irq       0% | idle     99% | cpu020 w  0% |
cpu | sys       1% | user      0% | irq       0% | idle     99% | cpu019 w  0% |
cpu | sys       1% | user      0% | irq       0% | idle     99% | cpu018 w  0% |
CPL | avg1    0.32 | avg5    3.28 | avg15   3.93 | csw 102082e5 | intr 29208e5 |
MEM | tot   125.9G | free   81.1G | cache  26.8G | buff   37.3M | slab    1.2G |
SWP | tot   128.0G | free  127.9G |              | vmcom  47.3G | vmlim 190.9G |
PAG | scan  3264e5 | stall      0 |              | swin     124 | swout  17237 |
LVM | --1--vg-root | busy      2% | read   65511 | write 1864e3 | avio 3.91 ms |
LVM | 1--vg-swap_1 | busy      0% | read     317 | write  17237 | avio 1.52 ms |
DSK |          sdz | busy      2% | read   65513 | write 943928 | avio 7.50 ms |
DSK |          sdq | busy      1% | read  255237 | write 357515 | avio 7.60 ms |
DSK |          sdo | busy      1% | read  190338 | write 319199 | avio 8.84 ms |
DSK |          sdc | busy      1% | read  224449 | write 322579 | avio 8.20 ms |
DSK |          sdw | busy      1% | read  200635 | write 339745 | avio 8.30 ms |
DSK |          sds | busy      1% | read  224352 | write 346951 | avio 7.83 ms |
DSK |          sdr | busy      1% | read  175891 | write 321948 | avio 8.98 ms |
DSK |          sde | busy      1% | read  205200 | write 326496 | avio 8.39 ms |
DSK |          sdn | busy      1% | read  249460 | write 323586 | avio 7.70 ms |
DSK |          sdl | busy      1% | read  206225 | write 317001 | avio 8.42 ms |
DSK |          sdt | busy      1% | read  250053 | write 314509 | avio 7.79 ms |
DSK |          sdi | busy      1% | read  203804 | write 321364 | avio 8.32 ms |
DSK |          sdx | busy      1% | read  198583 | write 321138 | avio 8.40 ms |
DSK |          sdg | busy      1% | read  200896 | write 310903 | avio 8.21 ms |
DSK |          sdd | busy      1% | read  175279 | write 455561 | avio 6.60 ms |
DSK |          sdu | busy      1% | read  207812 | write 289634 | avio 8.31 ms |
DSK |          sdp | busy      1% | read  206517 | write 303214 | avio 8.08 ms |
DSK |          sdk | busy      1% | read  200016 | write 473890 | avio 6.08 ms |
DSK |          sda | busy      1% | read  230674 | write 284321 | avio 7.86 ms |
DSK |          sdb | busy      1% | read  193178 | write 294398 | avio 8.29 ms |
DSK |          sdv | busy      1% | read  203373 | write 312829 | avio 7.68 ms |
DSK |          sdm | busy      1% | read  208375 | write 343334 | avio 7.11 ms |
DSK |          sdh | busy      1% | read  208584 | write 285206 | avio 7.86 ms |
DSK |          sdf | busy      1% | read  179448 | write 282557 | avio 8.32 ms |
DSK |          sdj | busy      1% | read  181748 | write 276185 | avio 8.34 ms |
DSK |          sdy | busy      1% | read  197554 | write 257415 | avio 7.65 ms |
DSK |         sdaa | busy      0% | read     300 | write      0 | avio 0.47 ms |
NET | transport    | tcpi 22748e5 | tcpo 36451e5 | udpi   82038 | udpo  197745 |
NET | network      | ipi 227495e4 | ipo 218650e4 | ipfrw      0 | deliv 2275e6 |
NET | p2p2    ---- | pcki 12379e5 | pcko 26135e5 | si   44 Mbps | so   37 Mbps |
NET | lo      ---- | pcki 10373e5 | pcko 10373e5 | si   10 Mbps | so   10 Mbps |
NET | rename7 ---- | pcki     673 | pcko     439 | si    0 Kbps | so    0 Kbps |
                   *** system and process activity since boot ***
  PID  SYSCPU  USRCPU  VGROW  RGROW  RDDSK  WRDSK ST EXC S  CPU CMD            
    3 149m20s   0.00s     0K     0K     0K     0K N-   - S   2% ksoftirqd/0    
   44 108m26s   0.00s     0K     0K     0K     0K N-   - S   1% ksoftirqd/5    
   37 107m28s   0.00s     0K     0K     0K     0K N-   - S   1% ksoftirqd/4    
   30 106m06s   0.00s     0K     0K     0K     0K N-   - S   1% ksoftirqd/3    
   23 105m31s   0.00s     0K     0K     0K     0K N-   - S   1% ksoftirqd/2    
   16 105m25s   0.00s     0K     0K     0K     0K N-   - S   1% ksoftirqd/1    
  129  86m51s   0.00s     0K     0K     0K     0K N-   - S   1% ksoftirqd/17   
  122  83m06s   0.00s     0K     0K     0K     0K N-   - S   1% ksoftirqd/16   
  115  81m40s   0.00s     0K     0K     0K     0K N-   - S   1% ksoftirqd/15   
  108  80m35s   0.00s     0K     0K     0K     0K N-   - S   1% ksoftirqd/14   
    8  80m01s   0.00s     0K     0K     0K     0K N-   - S   1% rcu_sched      
  101  79m44s   0.00s     0K     0K     0K     0K N-   - S   1% ksoftirqd/13   
   94  79m35s   0.00s     0K     0K     0K     0K N-   - S   1% ksoftirqd/12   
62532  21m41s  35m43s   1.9G 540.8M   6.2G  49.6G N-   - S   1% ceph-osd       
61444  22m10s  31m37s   1.9G 549.4M   6.2G  54.1G N-   - S   1% ceph-osd       
61266  22m45s  26m24s   1.9G 493.8M   5.9G  49.6G N-   - S   1% ceph-osd       
61270  25m44s  23m20s   1.9G 535.2M   6.8G  52.1G N-   - S   1% ceph-osd       
63056  23m24s  24m42s   2.0G 688.8M   5.1G  57.8G N-   - S   1% ceph-osd       
62150  23m46s  23m57s   2.0G 598.3M   5.4G  62.0G N-   - S   1% ceph-osd       
61981  23m30s  23m14s   2.0G 676.7M   5.9G  56.0G N-   - S   1% ceph-osd       
61501  23m17s  23m12s   2.0G 632.1M   7.6G  56.4G N-   - S   1% ceph-osd       
61295  23m29s  22m44s   2.0G 633.2M   4.8G  56.1G N-   - S   1% ceph-osd       
61912  22m32s  23m34s   2.0G 763.9M   6.3G  51.6G N-   - S   1% ceph-osd       
62759  23m37s  22m23s   2.0G 675.9M   7.3G  56.8G N-   - S   1% ceph-osd       
62109  23m19s  22m20s   2.0G 623.3M   5.4G  50.5G N-   - S   1% ceph-osd       
61287  23m24s  21m54s   2.0G 658.7M   6.8G  61.1G N-   - S   1% ceph-osd       
61263  22m23s  22m35s   2.0G 618.0M   5.3G  53.5G N-   - S   1% ceph-osd       
61553  22m56s  21m55s   2.0G 659.9M   7.1G  63.5G N-   - S   1% ceph-osd       
62395  22m29s  22m21s   1.9G 648.1M   5.5G  52.1G N-   - S   1% ceph-osd       
62728  23m12s  21m26s   2.0G 660.3M   5.3G  55.3G N-   - S   1% ceph-osd       
62311  22m56s  21m39s   2.0G 635.4M   6.9G  60.7G N-   - S   1% ceph-osd       
61900  23m02s  21m33s   1.9G 591.4M   5.8G  50.8G N-   - S   1% ceph-osd       
61968  22m25s  21m48s   1.9G 601.4M   6.6G  54.1G N-   - S   1% ceph-osd       
62127  22m23s  21m36s   2.0G 686.2M   6.0G  56.1G N-   - S   1% ceph-osd       
61725  22m09s  21m48s   1.9G 594.9M   6.4G  56.9G N-   - S   1% ceph-osd       
61642  21m16s  22m32s   2.0G 644.2M   6.6G  57.5G N-   - S   1% ceph-osd       
61816  21m54s  20m57s   2.0G 591.8M   6.4G  56.9G N-   - S   1% ceph-osd       
61293  21m35s  21m06s   1.9G 567.1M   7.7G  60.2G N-   - S   1% ceph-osd       
   87  39m25s   0.00s     0K     0K     0K     0K N-   - S   0% ksoftirqd/11   
   80  39m07s   0.00s     0K     0K     0K     0K N-   - S   0% ksoftirqd/10   
   73  38m44s   0.00s     0K     0K     0K     0K N-   - S   0% ksoftirqd/9    
   66  38m04s   0.00s     0K     0K     0K     0K N-   - S   0% ksoftirqd/8    
   59  37m41s   0.00s     0K     0K     0K     0K N-   - S   0% ksoftirqd/7    
   51  36m39s   0.00s     0K     0K     0K     0K N-   - S   0% ksoftirqd/6    
  171  24m49s   0.00s     0K     0K     0K     0K N-   - S   0% ksoftirqd/23   
  164  24m32s   0.00s     0K     0K     0K     0K N-   - S   0% ksoftirqd/22   
  157  24m19s   0.00s     0K     0K     0K     0K N-   - S   0% ksoftirqd/21   
  150  24m05s   0.00s     0K     0K     0K     0K N-   - S   0% ksoftirqd/20   
  143  23m42s   0.00s     0K     0K     0K     0K N-   - S   0% ksoftirqd/19   
  136  23m09s   0.00s     0K     0K     0K     0K N-   - S   0% ksoftirqd/18   
 2071  10m07s   9m06s 481.1M 18492K 10904K  5252K N-   - S   0% mysqld         
   10  17m11s   0.00s     0K     0K     0K     0K N-   - S   0% rcuos/0        
12475  10m53s   0.00s     0K     0K    72K     0K N-   - S   0% kworker/5:0    
31067  10m42s   0.00s     0K     0K     0K     0K N-   - S   0% kworker/17:2   
   69   9m05s   0.00s     0K     0K     0K     0K N-   - S   0% rcuos/8        
31478   5m39s   0.00s     0K     0K     0K     0K N-   - S   0% kworker/21:0   
31355   5m21s   0.00s     0K     0K     0K     0K N-   - S   0% kworker/17:0   
  125   5m19s   0.00s     0K     0K     0K     0K N-   - S   0% rcuos/16       
34201   5m17s   0.00s     0K     0K     0K     0K N-   - S   0% kworker/5:1    
54823   5m08s   0.00s     0K     0K     0K     0K N-   - S   0% kworker/3:1    
31902   5m02s   0.00s     0K     0K     0K     0K N-   - S   0% kworker/15:2   
31532   4m49s   0.00s     0K     0K     0K     0K N-   - S   0% kworker/10:0   
 2028   3m53s  50.90s 19432K  1940K     0K     0K N-   - S   0% irqbalance     
   12   4m22s   0.00s     0K     0K     0K     0K N-   - S   0% migration/0    
32043   3m58s   0.00s     0K     0K     0K     0K N-   - S   0% kworker/8:1    
60127  73.31s   2m27s 437.3M 128.2M 205.3M   2.6G N-   - S   0% ceph-mon       
20565   3m30s   0.00s     0K     0K     0K     0K N-   - S   0% kworker/13:1   
31834   3m28s   0.00s     0K     0K     0K     0K N-   - S   0% kworker/11:1   
37744   3m16s   0.00s     0K     0K     0K     0K N-   - S   0% kworker/14:3   
58493   3m15s   0.00s     0K     0K   117K     0K N-   - S   0% kworker/0:0    
20318   2m54s   0.00s     0K     0K    99K     0K N-   - S   0% kworker/15:0   
   65   2m48s   0.00s     0K     0K     0K     0K N-   - S   0% migration/8    
   58   2m48s   0.00s     0K     0K     0K     0K N-   - S   0% migration/7    
32232   2m47s   0.00s     0K     0K     0K     0K N-   - S   0% kworker/19:1   
 2024  90.30s  76.78s 31456K  3332K   140K   500K N-   - S   0% ntpd           
   50   2m46s   0.00s     0K     0K     0K     0K N-   - S   0% migration/6    
   72   2m46s   0.00s     0K     0K     0K     0K N-   - S   0% migration/9    
   15   2m46s   0.00s     0K     0K     0K     0K N-   - S   0% migration/1    
   79   2m43s   0.00s     0K     0K     0K     0K N-   - S   0% migration/10   
37338   2m43s   0.00s     0K     0K     0K     0K N-   - S   0% kworker/10:2   
37339   2m42s   0.00s     0K     0K     0K     0K N-   - S   0% kworker/11:0   
   86   2m40s   0.00s     0K     0K     0K     0K N-   - S   0% migration/11   
   22   2m34s   0.00s     0K     0K     0K     0K N-   - S   0% migration/2    
37344   2m29s   0.00s     0K     0K     0K     0K N-   - S   0% kworker/6:1    
56648   2m28s   0.00s     0K     0K     0K     0K N-   - S   0% kworker/20:2   
37927   2m28s   0.00s     0K     0K     0K     0K N-   - S   0% kworker/1:2    
   29   2m28s   0.00s     0K     0K     0K     0K N-   - S   0% migration/3    
   93   2m27s   0.00s     0K     0K     0K     0K N-   - S   0% migration/12   
   43   2m25s   0.00s     0K     0K     0K     0K N-   - S   0% migration/5    
   36   2m22s   0.00s     0K     0K     0K     0K N-   - S   0% migration/4    
37400   2m19s   0.00s     0K     0K     0K     0K N-   - S   0% kworker/9:2    
37909   2m09s   0.00s     0K     0K     0K     0K N-   - S   0% kworker/3:0    
  196   1m56s   0.00s     0K     0K     0K     0K N-   - S   0% kswapd0        
37450   1m44s   0.00s     0K     0K     0K     0K N-   - S   0% kworker/22:2   
37742   1m42s   0.00s     0K     0K     0K     0K N-   - S   0% kworker/20:0   
  128   1m41s   0.00s     0K     0K     0K     0K N-   - S   0% migration/17   
37343   1m40s   0.00s     0K     0K     0K     0K N-   - S   0% kworker/23:1   
34216  98.66s   0.00s     0K     0K     0K     0K N-   - S   0% kworker/0:2    
  142  97.63s   0.00s     0K     0K     0K     0K N-   - S   0% migration/19   
  149  97.36s   0.00s     0K     0K     0K     0K N-   - S   0% migration/20   
  135  97.31s   0.00s     0K     0K     0K     0K N-   - S   0% migration/18   
  163  96.56s   0.00s     0K     0K     0K     0K N-   - S   0% migration/22   
  156  96.50s   0.00s     0K     0K     0K     0K N-   - S   0% migration/21   
   19  96.47s   0.00s     0K     0K     0K     0K N-   - S   0% rcuos/1        
  170  95.92s   0.00s     0K     0K     0K     0K N-   - S   0% migration/23   
  197  94.64s   0.00s     0K     0K     0K     0K N-   - S   0% kswapd1        
  100  92.72s   0.00s     0K     0K     0K     0K N-   - S   0% migration/13   
  451  91.84s   0.00s     0K     0K     0K   1.2G N-   - S   0% jbd2/dm-0-8    
  107  91.34s   0.00s     0K     0K     0K     0K N-   - S   0% migration/14   
 2032  48.98s  41.92s   1.8G 36864K  2404K     0K N-   - S   0% named          
  121  90.70s   0.00s     0K     0K     0K     0K N-   - S   0% migration/16   
37741  90.30s   0.00s     0K     0K     0K     0K N-   - S   0% kworker/18:1   
  114  89.52s   0.00s     0K     0K     0K     0K N-   - S   0% migration/15   
   26  89.02s   0.00s     0K     0K     0K     0K N-   - S   0% rcuos/2        
   40  87.52s   0.00s     0K     0K     0K     0K N-   - S   0% rcuos/4        
38112  87.16s   0.00s     0K     0K     0K     0K N-   - S   0% kworker/7:2    
32169  86.80s   0.00s     0K     0K     0K     0K N-   - S   0% kworker/2:2    
   33  86.67s   0.00s     0K     0K     0K     0K N-   - S   0% rcuos/3        
   47  80.48s   0.00s     0K     0K     0K     0K N-   - S   0% rcuos/5        
32242  76.32s   0.00s     0K     0K     0K     0K N-   - S   0% kworker/23:0   
 4466  48.92s  25.39s 270.0M 11000K  7048K    24K N-   - S   0% apache2        
34202  73.16s   0.00s     0K     0K     0K     0K N-   - S   0% kworker/9:0    
39704  70.10s   0.00s     0K     0K     0K     0K N-   - S   0% kworker/2:0    
39332  67.85s   0.00s     0K     0K     0K     0K N-   - S   0% kworker/4:2    
32247  67.07s   0.00s     0K     0K     0K     0K N-   - S   0% kworker/6:0    
20317  66.16s   0.00s     0K     0K    45K     0K N-   - S   0% kworker/7:1    
  183  63.24s   0.00s     0K     0K     0K 38624K N-   - S   0% khugepaged     
 1731  25.16s  37.78s 249.9M  4804K   920K 249.3M N-   - S   0% rsyslogd       
   97  54.04s   0.00s     0K     0K     0K     0K N-   - S   0% rcuos/12       
 2836  52.75s   0.00s     0K     0K  1248K     0K N-   - S   0% xfsaild/sdm1   
 2746  51.71s   0.00s     0K     0K   784K     0K N-   - S   0% xfsaild/sde1   
 3502  51.25s   0.00s     0K     0K  1120K     0K N-   - S   0% xfsaild/sdk1   
 3426  51.00s   0.00s     0K     0K  1208K     0K N-   - S   0% xfsaild/sds1   
 3998  51.00s   0.00s     0K     0K  1032K     0K N-   - S   0% xfsaild/sdc1   
  104  50.14s   0.00s     0K     0K     0K     0K N-   - S   0% rcuos/13       
 2958  50.14s   0.00s     0K     0K  1320K     0K N-   - S   0% xfsaild/sdr1   
 3086  50.13s   0.00s     0K     0K   880K     0K N-   - S   0% xfsaild/sdn1   
 3830  49.24s   0.00s     0K     0K   704K     0K N-   - S   0% xfsaild/sdv1   
 3025  49.03s   0.00s     0K     0K  1232K     0K N-   - S   0% xfsaild/sdd1   
 2167  48.78s   0.00s     0K     0K  1144K     0K N-   - S   0% xfsaild/sdl1   
 4070  48.73s   0.00s     0K     0K  1152K     0K N-   - S   0% xfsaild/sdt1   
 3220  47.99s   0.00s     0K     0K  1248K     0K N-   - S   0% xfsaild/sdq1   
  111  47.36s   0.00s     0K     0K     0K     0K N-   - S   0% rcuos/14       
 3588  47.33s   0.00s     0K     0K   808K     0K N-   - S   0% xfsaild/sdg1   
 3331  47.06s   0.00s     0K     0K  1288K     0K N-   - S   0% xfsaild/sda1   
  118  47.00s   0.00s     0K     0K     0K     0K N-   - S   0% rcuos/15       
 2364  47.00s   0.00s     0K     0K   792K     0K N-   - S   0% xfsaild/sdj1   
  132  46.56s   0.00s     0K     0K     0K     0K N-   - S   0% rcuos/17       
 2114  46.44s   0.00s     0K     0K   656K     0K N-   - S   0% xfsaild/sdx1   
 3154  46.08s   0.00s     0K     0K   768K     0K N-   - S   0% xfsaild/sdu1   
 3753  45.70s   0.00s     0K     0K   768K     0K N-   - S   0% xfsaild/sdy1   
 3670  45.65s   0.00s     0K     0K  1224K     0K N-   - S   0% xfsaild/sdo1   
 2498  45.22s   0.00s     0K     0K  1000K     0K N-   - S   0% xfsaild/sdf1   
 2590  44.93s   0.00s     0K     0K  1192K     0K N-   - S   0% xfsaild/sdp1   
 2658  44.80s   0.00s     0K     0K  1256K     0K N-   - S   0% xfsaild/sdh1   
28976  44.56s   0.00s     0K     0K     0K     0K N-   - S   0% kworker/4:0    
 3912  44.46s   0.00s     0K     0K   960K     0K N-   - S   0% xfsaild/sdb1   
 2432  44.12s   0.00s     0K     0K  1008K     0K N-   - S   0% xfsaild/sdw1   
 2283  43.78s   0.00s     0K     0K  1400K     0K N-   - S   0% xfsaild/sdi1   
13301  43.58s   0.00s     0K     0K     0K     0K N-   - S   0% kworker/19:2   
   54  43.29s   0.00s     0K     0K     0K     0K N-   - S   0% rcuos/6        
   76  35.74s   0.00s     0K     0K     0K     0K N-   - S   0% rcuos/9        
   83  34.75s   0.00s     0K     0K     0K     0K N-   - S   0% rcuos/10       
   90  34.60s   0.00s     0K     0K     0K     0K N-   - S   0% rcuos/11       
   62  33.49s   0.00s     0K     0K     0K     0K N-   - S   0% rcuos/7        
54801  29.94s   0.00s     0K     0K     0K     0K N-   - S   0% kworker/21:13  
37700  29.64s   0.00s     0K     0K     0K     0K N-   - S   0% kworker/13:2   
 2758  14.41s   9.06s 240.7M  3936K     0K     0K N-   - S   0% postgres       
 2759  13.90s   7.78s 240.7M  3088K     0K     0K N-   - S   0% postgres       
37342  21.29s   0.00s     0K     0K     0K     0K N-   - S   0% kworker/8:2    
37394  19.79s   0.00s     0K     0K     0K     0K N-   - S   0% kworker/12:1   
  139  19.06s   0.00s     0K     0K     0K     0K N-   - S   0% rcuos/18       
 2760   9.08s   9.10s 241.5M  4736K   476K     0K N-   - S   0% postgres       
41158  17.38s   0.00s     0K     0K     0K     0K N-   - S   0% kworker/16:2   
  146  17.18s   0.00s     0K     0K     0K     0K N-   - S   0% rcuos/19       
  153  16.48s   0.00s     0K     0K     0K     0K N-   - S   0% rcuos/20       
  167  16.17s   0.00s     0K     0K     0K     0K N-   - S   0% rcuos/22       
  174  16.06s   0.00s     0K     0K     0K     0K N-   - S   0% rcuos/23       
  160  15.68s   0.00s     0K     0K     0K     0K N-   - S   0% rcuos/21       
   13  14.02s   0.00s     0K     0K     0K     0K N-   - S   0% watchdog/0     
  180  14.02s   0.00s     0K     0K     0K     0K N-   - S   0% khungtaskd     
 2761  11.04s   2.21s  99.8M  2840K    16K 164.9M N-   - S   0% postgres       
   14  11.77s   0.00s     0K     0K     0K     0K N-   - S   0% watchdog/1     
41166  11.41s   0.00s     0K     0K     0K     0K N-   - S   0% kworker/12:0   
   28  10.67s   0.00s     0K     0K     0K     0K N-   - S   0% watchdog/3     
   35  10.59s   0.00s     0K     0K     0K     0K N-   - S   0% watchdog/4     
   42  10.59s   0.00s     0K     0K     0K     0K N-   - S   0% watchdog/5     
   21  10.31s   0.00s     0K     0K     0K     0K N-   - S   0% watchdog/2     
 2026   7.47s   2.73s 25120K  2212K    16K     0K N-   - S   0% ntpd           
 2528   9.27s   0.69s 240.7M 15428K 13732K   1.1G N-   - S   0% postgres       
  162   9.43s   0.00s     0K     0K     0K     0K N-   - S   0% watchdog/22    
  127   8.95s   0.00s     0K     0K     0K     0K N-   - S   0% watchdog/17    
  120   8.68s   0.00s     0K     0K     0K     0K N-   - S   0% watchdog/16    
   92   8.67s   0.00s     0K     0K     0K     0K N-   - S   0% watchdog/12    
  106   8.61s   0.00s     0K     0K     0K     0K N-   - S   0% watchdog/14    
  113   8.52s   0.00s     0K     0K     0K     0K N-   - S   0% watchdog/15    
    1   5.16s   3.20s 33904K  3976K 399.6G   3.7T N-   - S   0% init           
   99   8.28s   0.00s     0K     0K     0K     0K N-   - S   0% watchdog/13    
   49   7.12s   0.00s     0K     0K     0K     0K N-   - S   0% watchdog/6     
   85   6.60s   0.00s     0K     0K     0K     0K N-   - S   0% watchdog/11    
37740   6.53s   0.00s     0K     0K     0K     0K N-   - S   0% kworker/18:0   
   57   6.44s   0.00s     0K     0K     0K     0K N-   - S   0% watchdog/7     
   78   6.44s   0.00s     0K     0K     0K     0K N-   - S   0% watchdog/10    
   71   6.42s   0.00s     0K     0K     0K     0K N-   - S   0% watchdog/9     
   64   6.36s   0.00s     0K     0K     0K     0K N-   - S   0% watchdog/8     
 1225   5.88s   0.00s     0K     0K     0K     0K N-   - S   0% kworker/5:1H   
13506   5.76s   0.00s     0K     0K     0K     0K N-   - S   0% kworker/2:1H   
  169   5.46s   0.00s     0K     0K     0K     0K N-   - S   0% watchdog/23    
  155   5.40s   0.00s     0K     0K     0K     0K N-   - S   0% watchdog/21    
 1210   5.38s   0.00s     0K     0K     0K     0K N-   - S   0% kworker/0:1H   
  134   5.19s   0.00s     0K     0K     0K     0K N-   - S   0% watchdog/18    
  148   5.15s   0.00s     0K     0K     0K     0K N-   - S   0% watchdog/20    
  141   5.13s   0.00s     0K     0K     0K     0K N-   - S   0% watchdog/19    
 1208   4.60s   0.00s     0K     0K     0K     0K N-   - S   0% kworker/8:1H   
 2757   2.31s   0.23s 240.7M  2240K     0K     0K N-   - S   0% postgres       
 1875   1.44s   0.98s 23660K  2196K   1.3G 807.3M N-   - S   0% cron           
38239   2.30s   0.00s     0K     0K     0K     0K N-   - S   0% kworker/u129:2 
39832   2.18s   0.00s     0K     0K     0K     0K N-   - S   0% kworker/u129:1 
38201   1.55s   0.33s 18176K  5900K   480K   160K N-   - S   0% atop           
32402   0.29s   1.03s 33020K 16596K 126.6M 92088K N-   - S   0% bash           
 1224   1.25s   0.00s     0K     0K     0K     0K N-   - S   0% kworker/15:1H  
59820   1.25s   0.00s     0K     0K     0K     0K N-   - S   0% kworker/13:1H  
    2   1.22s   0.00s     0K     0K     0K     0K N-   - S   0% kthreadd       
40036   1.14s   0.00s     0K     0K     0K     0K N-   - S   0% kworker/u130:0 
32304   1.12s   0.00s     0K     0K     0K     0K N-   - S   0% kworker/1:0    
32401   0.56s   0.47s 105.9M  4660K     0K     0K N-   - S   0% sshd           
47907   0.92s   0.00s     0K     0K     0K     0K N-   - S   0% kworker/23:1H  
49035   0.88s   0.00s     0K     0K     0K     0K N-   - S   0% kworker/20:1H  
50205   0.88s   0.00s     0K     0K     0K     0K N-   - S   0% kworker/19:1H  
48809   0.84s   0.00s     0K     0K     0K     0K N-   - S   0% kworker/21:1H  
  614   0.33s   0.50s 19608K  1840K     0K     0K N-   - S   0% upstart-udev-b 
 1781   0.19s   0.62s 39372K  2472K   512K     0K N-   - S   0% dbus-daemon    
51982   0.79s   0.00s     0K     0K     0K     0K N-   - S   0% kworker/22:1H  
  618   0.16s   0.60s 51672K  2652K 208.4M     0K N-   - S   0% systemd-udevd  
59271   0.76s   0.00s     0K     0K     0K     0K N-   - S   0% kworker/18:1H  
 1175   0.25s   0.41s 15264K  1536K     0K     0K N-   - S   0% upstart-socket 
39820   0.64s   0.00s     0K     0K     0K     0K N-   - S   0% kworker/u128:2 
 1675   0.27s   0.36s 15280K   116K     0K     0K N-   - S   0% upstart-file-b 
41160   0.34s   0.00s     0K     0K     0K     0K N-   - S   0% kworker/u128:1 
41155   0.16s   0.00s     0K     0K     4K     0K N-   - S   0% kworker/u130:2 
38041   0.02s   0.10s 21384K  5440K   608K   6.3G N-   - S   0% bash           
39362   0.12s   0.00s     0K     0K     0K     0K N-   - S   0% kworker/7:2H   
40046   0.12s   0.00s     0K     0K     0K     0K N-   - S   0% kworker/11:2H  
40039   0.11s   0.00s     0K     0K     0K     0K N-   - S   0% kworker/9:0H   
40047   0.11s   0.00s     0K     0K     0K     0K N-   - S   0% kworker/4:2H   
40050   0.11s   0.00s     0K     0K     0K     0K N-   - S   0% kworker/1:0H   
40042   0.10s   0.00s     0K     0K     0K     0K N-   - S   0% kworker/3:1H   
40040   0.09s   0.00s     0K     0K     0K     0K N-   - S   0% kworker/10:0H  
40038   0.08s   0.00s     0K     0K     0K     0K N-   - S   0% kworker/6:2H   
 2125   0.01s   0.06s 273.2M  5188K   556K     0K N-   - S   0% polkitd        
40041   0.05s   0.00s     0K     0K     0K     0K N-   - S   0% kworker/14:0H  
40048   0.05s   0.00s     0K     0K     0K     0K N-   - S   0% kworker/12:2H  
41295   0.04s   0.00s 16976K  4696K     0K     0K N-   - R   0% atop           
  759   0.04s   0.00s     0K     0K     0K     0K N-   - S   0% kipmi0         
40045   0.04s   0.00s     0K     0K     0K     0K N-   - S   0% kworker/17:1H  
40049   0.04s   0.00s     0K     0K     0K     0K N-   - S   0% kworker/16:0H  
41132   0.04s   0.00s     0K     0K     0K     0K N-   - S   0% kworker/9:2H   
41135   0.04s   0.00s     0K     0K     0K     0K N-   - S   0% kworker/7:0H   
37950   0.00s   0.03s 105.2M  6520K 16536K     8K N-   - S   0% sshd           
32302   0.01s   0.02s 105.2M  6516K 14217K    16K N-   - S   0% sshd           
38040   0.01s   0.02s 105.2M  3348K     0K     0K N-   - S   0% sshd           
41133   0.03s   0.00s     0K     0K     0K     0K N-   - S   0% kworker/6:1H   
41134   0.03s   0.00s     0K     0K     0K     0K N-   - S   0% kworker/10:1H  
41137   0.03s   0.00s     0K     0K     0K     0K N-   - S   0% kworker/3:0H   
41151   0.03s   0.00s     0K     0K     0K     0K N-   - S   0% kworker/11:1H  
 1940   0.02s   0.00s 43456K  2884K   528K     0K N-   - S   0% systemd-logind 
 1866   0.02s   0.00s 19144K    16K    24K     0K N-   - S   0% atd            
41150   0.02s   0.00s     0K     0K     0K     0K N-   - S   0% kworker/17:2H  
41152   0.02s   0.00s     0K     0K     0K     0K N-   - S   0% kworker/4:0H   
41286   0.02s   0.00s     0K     0K     0K     0K N-   - S   0% kworker/u128:0 
 1836   0.01s   0.00s 61372K  4556K 45835K   132K N-   - S   0% sshd           
  329   0.01s   0.00s     0K     0K     0K     0K N-   - S   0% mlx4           
41136   0.01s   0.00s     0K     0K     0K     0K N-   - S   0% kworker/14:1H  
41153   0.01s   0.00s     0K     0K     0K     0K N-   - S   0% kworker/12:0H  
41154   0.01s   0.00s     0K     0K     0K     0K N-   - S   0% kworker/16:1H  
41294   0.00s   0.00s 65768K  3968K     0K     0K N-   - S   0% sudo           
52632   0.00s   0.00s 270.1M  2900K     0K     0K N-   - S   0% apache2        
52633   0.00s   0.00s 270.1M  2900K     0K     0K N-   - S   0% apache2        
52634   0.00s   0.00s 270.1M  2900K     0K     0K N-   - S   0% apache2        
52635   0.00s   0.00s 270.1M  2900K     0K     0K N-   - S   0% apache2        
52631   0.00s   0.00s 270.1M  2864K     0K     0K N-   - S   0% apache2        
 1795   0.00s   0.00s 14544K  1800K     0K     0K N-   - S   0% getty          
 1792   0.00s   0.00s 14544K  1784K     0K     0K N-   - S   0% getty          
 1780   0.00s   0.00s 14544K  1772K   164K     0K N-   - S   0% getty          
 1784   0.00s   0.00s 14544K  1768K     0K     0K N-   - S   0% getty          
 1791   0.00s   0.00s 14544K  1748K     0K     0K N-   - S   0% getty          
 4515   0.00s   0.00s 14544K  1744K     0K     4K N-   - S   0% getty          
 1885   0.00s   0.00s  4372K  1464K     4K     0K N-   - S   0% acpid          
    5   0.00s   0.00s     0K     0K     0K     0K N-   - S   0% kworker/0:0H   
    9   0.00s   0.00s     0K     0K     0K     0K N-   - S   0% rcu_bh         
   11   0.00s   0.00s     0K     0K     0K     0K N-   - S   0% rcuob/0        
   20   0.00s   0.00s     0K     0K     0K     0K N-   - S   0% rcuob/1        
   25   0.00s   0.00s     0K     0K     0K     0K N-   - S   0% kworker/2:0H   
   27   0.00s   0.00s     0K     0K     0K     0K N-   - S   0% rcuob/2        
   34   0.00s   0.00s     0K     0K     0K     0K N-   - S   0% rcuob/3        
   41   0.00s   0.00s     0K     0K     0K     0K N-   - S   0% rcuob/4        
   46   0.00s   0.00s     0K     0K     0K     0K N-   - S   0% kworker/5:0H   
   48   0.00s   0.00s     0K     0K     0K     0K N-   - S   0% rcuob/5        
   55   0.00s   0.00s     0K     0K     0K     0K N-   - S   0% rcuob/6        
   63   0.00s   0.00s     0K     0K     0K     0K N-   - S   0% rcuob/7        
   68   0.00s   0.00s     0K     0K     0K     0K N-   - S   0% kworker/8:0H   
   70   0.00s   0.00s     0K     0K     0K     0K N-   - S   0% rcuob/8        
   77   0.00s   0.00s     0K     0K     0K     0K N-   - S   0% rcuob/9        
   84   0.00s   0.00s     0K     0K     0K     0K N-   - S   0% rcuob/10       
   91   0.00s   0.00s     0K     0K     0K     0K N-   - S   0% rcuob/11       
   98   0.00s   0.00s     0K     0K     0K     0K N-   - S   0% rcuob/12       
  103   0.00s   0.00s     0K     0K     0K     0K N-   - S   0% kworker/13:0H  
  105   0.00s   0.00s     0K     0K     0K     0K N-   - S   0% rcuob/13       
  112   0.00s   0.00s     0K     0K     0K     0K N-   - S   0% rcuob/14       
  117   0.00s   0.00s     0K     0K     0K     0K N-   - S   0% kworker/15:0H  
  119   0.00s   0.00s     0K     0K     0K     0K N-   - S   0% rcuob/15       
  126   0.00s   0.00s     0K     0K     0K     0K N-   - S   0% rcuob/16       
  133   0.00s   0.00s     0K     0K     0K     0K N-   - S   0% rcuob/17       
  138   0.00s   0.00s     0K     0K     0K     0K N-   - S   0% kworker/18:0H  
  140   0.00s   0.00s     0K     0K     0K     0K N-   - S   0% rcuob/18       
  145   0.00s   0.00s     0K     0K     0K     0K N-   - S   0% kworker/19:0H  
  147   0.00s   0.00s     0K     0K     0K     0K N-   - S   0% rcuob/19       
  152   0.00s   0.00s     0K     0K     0K     0K N-   - S   0% kworker/20:0H  
  154   0.00s   0.00s     0K     0K     0K     0K N-   - S   0% rcuob/20       
  159   0.00s   0.00s     0K     0K     0K     0K N-   - S   0% kworker/21:0H  
  161   0.00s   0.00s     0K     0K     0K     0K N-   - S   0% rcuob/21       
  166   0.00s   0.00s     0K     0K     0K     0K N-   - S   0% kworker/22:0H  
  168   0.00s   0.00s     0K     0K     0K     0K N-   - S   0% rcuob/22       
  173   0.00s   0.00s     0K     0K     0K     0K N-   - S   0% kworker/23:0H  
  175   0.00s   0.00s     0K     0K     0K     0K N-   - S   0% rcuob/23       
  176   0.00s   0.00s     0K     0K     0K     0K N-   - S   0% khelper        
  177   0.00s   0.00s     0K     0K     0K     0K N-   - S   0% kdevtmpfs      
  178   0.00s   0.00s     0K     0K     0K     0K N-   - S   0% netns          
  179   0.00s   0.00s     0K     0K     0K     0K N-   - S   0% perf           
  181   0.00s   0.00s     0K     0K     0K     0K N-   - S   0% writeback      
  182   0.00s   0.00s     0K     0K     0K     0K N-   - S   0% ksmd           
  184   0.00s   0.00s     0K     0K     0K     0K N-   - S   0% crypto         
  185   0.00s   0.00s     0K     0K     0K     0K N-   - S   0% kintegrityd    
  186   0.00s   0.00s     0K     0K     0K     0K N-   - S   0% bioset         
  187   0.00s   0.00s     0K     0K     0K     0K N-   - S   0% kblockd        
  188   0.00s   0.00s     0K     0K     0K     0K N-   - S   0% ata_sff        
  189   0.00s   0.00s     0K     0K     0K     0K N-   - S   0% md             
  190   0.00s   0.00s     0K     0K     0K     0K N-   - S   0% devfreq_wq     
  198   0.00s   0.00s     0K     0K     0K     0K N-   - S   0% fsnotify_mark  
  199   0.00s   0.00s     0K     0K     0K     0K N-   - S   0% ecryptfs-kthre 
  211   0.00s   0.00s     0K     0K     0K     0K N-   - S   0% kthrotld       
  213   0.00s   0.00s     0K     0K     0K     0K N-   - S   0% acpi_thermal_p 
  219   0.00s   0.00s     0K     0K     0K     0K N-   - S   0% ipv6_addrconf  
  240   0.00s   0.00s     0K     0K     0K     0K N-   - S   0% deferwq        
  241   0.00s   0.00s     0K     0K     0K     0K N-   - S   0% charger_manage 
  303   0.00s   0.00s     0K     0K     0K     0K N-   - S   0% scsi_eh_0      
  304   0.00s   0.00s     0K     0K     0K     0K N-   - S   0% scsi_tmf_0     
  325   0.00s   0.00s     0K     0K     0K     0K N-   - S   0% kpsmoused      
  330   0.00s   0.00s     0K     0K     0K     0K N-   - S   0% mlx4_health    
  350   0.00s   0.00s     0K     0K     0K     0K N-   - S   0% scsi_eh_1      
  351   0.00s   0.00s     0K     0K     0K     0K N-   - S   0% scsi_tmf_1     
  352   0.00s   0.00s     0K     0K     0K     0K N-   - S   0% scsi_eh_2      
  353   0.00s   0.00s     0K     0K     0K     0K N-   - S   0% scsi_tmf_2     
  354   0.00s   0.00s     0K     0K     0K     0K N-   - S   0% scsi_eh_3      
  355   0.00s   0.00s     0K     0K     0K     0K N-   - S   0% scsi_tmf_3     
  356   0.00s   0.00s     0K     0K     0K     0K N-   - S   0% scsi_eh_4      
  357   0.00s   0.00s     0K     0K     0K     0K N-   - S   0% scsi_tmf_4     
  358   0.00s   0.00s     0K     0K     0K     0K N-   - S   0% scsi_eh_5      
  359   0.00s   0.00s     0K     0K     0K     0K N-   - S   0% scsi_tmf_5     
  360   0.00s   0.00s     0K     0K     0K     0K N-   - S   0% scsi_eh_6      
  361   0.00s   0.00s     0K     0K     0K     0K N-   - S   0% scsi_tmf_6     
  432   0.00s   0.00s     0K     0K     0K     0K N-   - S   0% kdmflush       
  433   0.00s   0.00s     0K     0K     0K     0K N-   - S   0% bioset         
  434   0.00s   0.00s     0K     0K     0K     0K N-   - S   0% kdmflush       
  435   0.00s   0.00s     0K     0K     0K     0K N-   - S   0% bioset         
  452   0.00s   0.00s     0K     0K     0K     0K N-   - S   0% ext4-rsv-conve 
  463   0.00s   0.00s     0K     0K     0K     0K N-   - S   0% mlx4_en        
  738   0.00s   0.00s     0K     0K     0K     0K N-   - S   0% edac-poller    
 1047   0.00s   0.00s     0K     0K     0K     0K N-   - S   0% kvm-irqfd-clea 
 1634   0.00s   0.00s     0K     0K     0K     0K N-   - S   0% ext4-rsv-conve 
 2098   0.00s   0.00s     0K     0K     0K     0K N-   - S   0% xfsalloc       
 2099   0.00s   0.00s     0K     0K     0K     0K N-   - S   0% xfs_mru_cache  
 2110   0.00s   0.00s     0K     0K     0K     0K N-   - S   0% xfs-buf/sdx1   
 2111   0.00s   0.00s     0K     0K     0K     0K N-   - S   0% xfs-data/sdx1  
 2112   0.00s   0.00s     0K     0K     0K     0K N-   - S   0% xfs-conv/sdx1  
 2113   0.00s   0.00s     0K     0K     0K     0K N-   - S   0% xfs-cil/sdx1   
 2156   0.00s   0.00s     0K     0K     0K     0K N-   - S   0% xfs-buf/sdl1   
 2157   0.00s   0.00s     0K     0K     0K     0K N-   - S   0% xfs-data/sdl1  
 2158   0.00s   0.00s     0K     0K     0K     0K N-   - S   0% xfs-conv/sdl1  
 2159   0.00s   0.00s     0K     0K     0K     0K N-   - S   0% xfs-cil/sdl1   
 2267   0.00s   0.00s     0K     0K     0K     0K N-   - S   0% xfs-buf/sdi1   
 2268   0.00s   0.00s     0K     0K     0K     0K N-   - S   0% xfs-data/sdi1  
 2269   0.00s   0.00s     0K     0K     0K     0K N-   - S   0% xfs-conv/sdi1  
 2270   0.00s   0.00s     0K     0K     0K     0K N-   - S   0% xfs-cil/sdi1   
 2359   0.00s   0.00s     0K     0K     0K     0K N-   - S   0% xfs-buf/sdj1   
 2360   0.00s   0.00s     0K     0K     0K     0K N-   - S   0% xfs-data/sdj1  
 2361   0.00s   0.00s     0K     0K     0K     0K N-   - S   0% xfs-conv/sdj1  
 2362   0.00s   0.00s     0K     0K     0K     0K N-   - S   0% xfs-cil/sdj1   
 2425   0.00s   0.00s     0K     0K     0K     0K N-   - S   0% xfs-buf/sdw1   
 2426   0.00s   0.00s     0K     0K     0K     0K N-   - S   0% xfs-data/sdw1  
 2428   0.00s   0.00s     0K     0K     0K     0K N-   - S   0% xfs-conv/sdw1  
 2430   0.00s   0.00s     0K     0K     0K     0K N-   - S   0% xfs-cil/sdw1   
 2493   0.00s   0.00s     0K     0K     0K     0K N-   - S   0% xfs-buf/sdf1   
 2494   0.00s   0.00s     0K     0K     0K     0K N-   - S   0% xfs-data/sdf1  
 2495   0.00s   0.00s     0K     0K     0K     0K N-   - S   0% xfs-conv/sdf1  
 2496   0.00s   0.00s     0K     0K     0K     0K N-   - S   0% xfs-cil/sdf1   
 2577   0.00s   0.00s     0K     0K     0K     0K N-   - S   0% xfs-buf/sdp1   
 2578   0.00s   0.00s     0K     0K     0K     0K N-   - S   0% xfs-data/sdp1  
 2579   0.00s   0.00s     0K     0K     0K     0K N-   - S   0% xfs-conv/sdp1  
 2580   0.00s   0.00s     0K     0K     0K     0K N-   - S   0% xfs-cil/sdp1   
 2654   0.00s   0.00s     0K     0K     0K     0K N-   - S   0% xfs-buf/sdh1   
 2655   0.00s   0.00s     0K     0K     0K     0K N-   - S   0% xfs-data/sdh1  
 2656   0.00s   0.00s     0K     0K     0K     0K N-   - S   0% xfs-conv/sdh1  
 2657   0.00s   0.00s     0K     0K     0K     0K N-   - S   0% xfs-cil/sdh1   
 2729   0.00s   0.00s     0K     0K     0K     0K N-   - S   0% xfs-buf/sde1   
 2730   0.00s   0.00s     0K     0K     0K     0K N-   - S   0% xfs-data/sde1  
 2731   0.00s   0.00s     0K     0K     0K     0K N-   - S   0% xfs-conv/sde1  
 2732   0.00s   0.00s     0K     0K     0K     0K N-   - S   0% xfs-cil/sde1   
 2818   0.00s   0.00s     0K     0K     0K     0K N-   - S   0% xfs-buf/sdm1   
 2820   0.00s   0.00s     0K     0K     0K     0K N-   - S   0% xfs-data/sdm1  
 2822   0.00s   0.00s     0K     0K     0K     0K N-   - S   0% xfs-conv/sdm1  
 2823   0.00s   0.00s     0K     0K     0K     0K N-   - S   0% xfs-cil/sdm1   
 2946   0.00s   0.00s     0K     0K     0K     0K N-   - S   0% xfs-buf/sdr1   
 2947   0.00s   0.00s     0K     0K     0K     0K N-   - S   0% xfs-data/sdr1  
 2948   0.00s   0.00s     0K     0K     0K     0K N-   - S   0% xfs-conv/sdr1  
 2949   0.00s   0.00s     0K     0K     0K     0K N-   - S   0% xfs-cil/sdr1   
 3012   0.00s   0.00s     0K     0K     0K     0K N-   - S   0% xfs-buf/sdd1   
 3013   0.00s   0.00s     0K     0K     0K     0K N-   - S   0% xfs-data/sdd1  
 3015   0.00s   0.00s     0K     0K     0K     0K N-   - S   0% xfs-conv/sdd1  
 3017   0.00s   0.00s     0K     0K     0K     0K N-   - S   0% xfs-cil/sdd1   
 3079   0.00s   0.00s     0K     0K     0K     0K N-   - S   0% xfs-buf/sdn1   
 3080   0.00s   0.00s     0K     0K     0K     0K N-   - S   0% xfs-data/sdn1  
 3081   0.00s   0.00s     0K     0K     0K     0K N-   - S   0% xfs-conv/sdn1  
 3082   0.00s   0.00s     0K     0K     0K     0K N-   - S   0% xfs-cil/sdn1   
 3150   0.00s   0.00s     0K     0K     0K     0K N-   - S   0% xfs-buf/sdu1   
 3151   0.00s   0.00s     0K     0K     0K     0K N-   - S   0% xfs-data/sdu1  
 3152   0.00s   0.00s     0K     0K     0K     0K N-   - S   0% xfs-conv/sdu1  
 3153   0.00s   0.00s     0K     0K     0K     0K N-   - S   0% xfs-cil/sdu1   
 3215   0.00s   0.00s     0K     0K     0K     0K N-   - S   0% xfs-buf/sdq1   
 3216   0.00s   0.00s     0K     0K     0K     0K N-   - S   0% xfs-data/sdq1  
 3217   0.00s   0.00s     0K     0K     0K     0K N-   - S   0% xfs-conv/sdq1  
 3218   0.00s   0.00s     0K     0K     0K     0K N-   - S   0% xfs-cil/sdq1   
 3325   0.00s   0.00s     0K     0K     0K     0K N-   - S   0% xfs-buf/sda1   
 3326   0.00s   0.00s     0K     0K     0K     0K N-   - S   0% xfs-data/sda1  
 3327   0.00s   0.00s     0K     0K     0K     0K N-   - S   0% xfs-conv/sda1  
 3329   0.00s   0.00s     0K     0K     0K     0K N-   - S   0% xfs-cil/sda1   
 3422   0.00s   0.00s     0K     0K     0K     0K N-   - S   0% xfs-buf/sds1   
 3423   0.00s   0.00s     0K     0K     0K     0K N-   - S   0% xfs-data/sds1  
 3424   0.00s   0.00s     0K     0K     0K     0K N-   - S   0% xfs-conv/sds1  
 3425   0.00s   0.00s     0K     0K     0K     0K N-   - S   0% xfs-cil/sds1   
 3494   0.00s   0.00s     0K     0K     0K     0K N-   - S   0% xfs-buf/sdk1   
 3495   0.00s   0.00s     0K     0K     0K     0K N-   - S   0% xfs-data/sdk1  
 3496   0.00s   0.00s     0K     0K     0K     0K N-   - S   0% xfs-conv/sdk1  
 3497   0.00s   0.00s     0K     0K     0K     0K N-   - S   0% xfs-cil/sdk1   
 3584   0.00s   0.00s     0K     0K     0K     0K N-   - S   0% xfs-buf/sdg1   
 3585   0.00s   0.00s     0K     0K     0K     0K N-   - S   0% xfs-data/sdg1  
 3586   0.00s   0.00s     0K     0K     0K     0K N-   - S   0% xfs-conv/sdg1  
 3587   0.00s   0.00s     0K     0K     0K     0K N-   - S   0% xfs-cil/sdg1   
 3665   0.00s   0.00s     0K     0K     0K     0K N-   - S   0% xfs-buf/sdo1   
 3666   0.00s   0.00s     0K     0K     0K     0K N-   - S   0% xfs-data/sdo1  
 3667   0.00s   0.00s     0K     0K     0K     0K N-   - S   0% xfs-conv/sdo1  
 3668   0.00s   0.00s     0K     0K     0K     0K N-   - S   0% xfs-cil/sdo1   
 3749   0.00s   0.00s     0K     0K     0K     0K N-   - S   0% xfs-buf/sdy1   
 3750   0.00s   0.00s     0K     0K     0K     0K N-   - S   0% xfs-data/sdy1  
 3751   0.00s   0.00s     0K     0K     0K     0K N-   - S   0% xfs-conv/sdy1  
 3752   0.00s   0.00s     0K     0K     0K     0K N-   - S   0% xfs-cil/sdy1   
 3821   0.00s   0.00s     0K     0K     0K     0K N-   - S   0% xfs-buf/sdv1   
 3822   0.00s   0.00s     0K     0K     0K     0K N-   - S   0% xfs-data/sdv1  
 3823   0.00s   0.00s     0K     0K     0K     0K N-   - S   0% xfs-conv/sdv1  
 3824   0.00s   0.00s     0K     0K     0K     0K N-   - S   0% xfs-cil/sdv1   
 3908   0.00s   0.00s     0K     0K     0K     0K N-   - S   0% xfs-buf/sdb1   
 3909   0.00s   0.00s     0K     0K     0K     0K N-   - S   0% xfs-data/sdb1  
 3910   0.00s   0.00s     0K     0K     0K     0K N-   - S   0% xfs-conv/sdb1  
 3911   0.00s   0.00s     0K     0K     0K     0K N-   - S   0% xfs-cil/sdb1   
 3988   0.00s   0.00s     0K     0K     0K     0K N-   - S   0% xfs-buf/sdc1   
 3989   0.00s   0.00s     0K     0K     0K     0K N-   - S   0% xfs-data/sdc1  
 3990   0.00s   0.00s     0K     0K     0K     0K N-   - S   0% xfs-conv/sdc1  
 3991   0.00s   0.00s     0K     0K     0K     0K N-   - S   0% xfs-cil/sdc1   
 4066   0.00s   0.00s     0K     0K     0K     0K N-   - S   0% xfs-buf/sdt1   
 4067   0.00s   0.00s     0K     0K     0K     0K N-   - S   0% xfs-data/sdt1  
 4068   0.00s   0.00s     0K     0K     0K     0K N-   - S   0% xfs-conv/sdt1  
 4069   0.00s   0.00s     0K     0K     0K     0K N-   - S   0% xfs-cil/sdt1   
 5460   0.00s   0.00s     0K     0K     0K     0K N-   - S   0% kauditd        
13592   0.00s   0.00s     0K     0K     0K     0K N-   - S   0% dio/bdev       
37340   0.00s   0.00s     0K     0K     0K     0K N-   - S   0% kworker/22:0   
37345   0.00s   0.00s     0K     0K     0K     0K N-   - S   0% kworker/16:1   
37743   0.00s   0.00s     0K     0K     0K     0K N-   - S   0% kworker/14:1   
39714   0.00s   0.00s     0K     0K     0K     0K N-   - S   0% dio/sdx1       
39717   0.00s   0.00s     0K     0K     0K     0K N-   - S   0% dio/sdl1       
39720   0.00s   0.00s     0K     0K     0K     0K N-   - S   0% dio/sdi1       
39723   0.00s   0.00s     0K     0K     0K     0K N-   - S   0% dio/sdj1       
39726   0.00s   0.00s     0K     0K     0K     0K N-   - S   0% dio/sdw1       
39729   0.00s   0.00s     0K     0K     0K     0K N-   - S   0% dio/sdf1       
39732   0.00s   0.00s     0K     0K     0K     0K N-   - S   0% dio/sdp1       
39735   0.00s   0.00s     0K     0K     0K     0K N-   - S   0% dio/sdh1       
39738   0.00s   0.00s     0K     0K     0K     0K N-   - S   0% dio/sde1       
39741   0.00s   0.00s     0K     0K     0K     0K N-   - S   0% dio/sdm1       
39744   0.00s   0.00s     0K     0K     0K     0K N-   - S   0% dio/sdr1       
39747   0.00s   0.00s     0K     0K     0K     0K N-   - S   0% dio/sdd1       
39750   0.00s   0.00s     0K     0K     0K     0K N-   - S   0% dio/sdn1       
39753   0.00s   0.00s     0K     0K     0K     0K N-   - S   0% dio/sdu1       
39756   0.00s   0.00s     0K     0K     0K     0K N-   - S   0% dio/sdq1       
39759   0.00s   0.00s     0K     0K     0K     0K N-   - S   0% dio/sda1       
39762   0.00s   0.00s     0K     0K     0K     0K N-   - S   0% dio/sds1       
39765   0.00s   0.00s     0K     0K     0K     0K N-   - S   0% dio/sdk1       
39768   0.00s   0.00s     0K     0K     0K     0K N-   - S   0% dio/sdg1       
39771   0.00s   0.00s     0K     0K     0K     0K N-   - S   0% dio/sdo1       
39774   0.00s   0.00s     0K     0K     0K     0K N-   - S   0% dio/sdy1       
39777   0.00s   0.00s     0K     0K     0K     0K N-   - S   0% dio/sdv1       
39780   0.00s   0.00s     0K     0K     0K     0K N-   - S   0% dio/sdb1       
39783   0.00s   0.00s     0K     0K     0K     0K N-   - S   0% dio/sdc1       
39786   0.00s   0.00s     0K     0K     0K     0K N-   - S   0% dio/sdt1       
39810   0.00s   0.00s     0K     0K     0K     0K N-   - S   0% kworker/1:1H   
41171   0.00s   0.00s     0K     0K     0K     0K N-   - S   0% kworker/1:2H   
41281   0.00s   0.00s     0K     0K     0K     0K N-   - S   0% kworker/3:2H   
41282   0.00s   0.00s     0K     0K     0K     0K N-   - S   0% kworker/7:1H   
41283   0.00s   0.00s     0K     0K     0K     0K N-   - S   0% kworker/9:1H   
41284   0.00s   0.00s     0K     0K     0K     0K N-   - S   0% kworker/4:1H   
41285   0.00s   0.00s     0K     0K     0K     0K N-   - S   0% kworker/10:2H  
41287   0.00s   0.00s     0K     0K     0K     0K N-   - S   0% kworker/17:0H  
41288   0.00s   0.00s     0K     0K     0K     0K N-   - S   0% kworker/11:0H  
41289   0.00s   0.00s     0K     0K     0K     0K N-   - S   0% kworker/12:1H  
41290   0.00s   0.00s     0K     0K     0K     0K N-   - S   0% kworker/6:0H   
41291   0.00s   0.00s     0K     0K     0K     0K N-   - S   0% kworker/16:2H  
41292   0.00s   0.00s     0K     0K     0K     0K N-   - S   0% kworker/14:2H  
