       em4        
 KB/s in  KB/s out
    0.25      0.00
    0.45      0.00
    0.13      0.05
    3.61      3.72
   89.43     74.08
   83.03     69.92
   86.19     71.22
   89.57     74.71
   90.42     75.32
   91.39     77.10
   90.35     74.92
   40.50     34.02
    0.12      0.00
    1.46     13.02
    0.12      0.00
    1.53     16.05
    0.39      0.00
 1315.25   1416.83
 1451.20   1554.12
 1675.56   1788.42
 1598.16   1708.74
 1717.77   1798.28
       em4        
 KB/s in  KB/s out
 1624.00   1728.42
 1397.73   1488.30
 1632.29   1699.79
 1461.98   1558.95
 1531.56   1572.38
 1604.58   1717.82
 1493.04   1573.54
 1481.32   1550.68
 1456.51   1529.47
 1575.14   1653.68
 1569.92   1644.23
 1460.47   1518.63
 1365.81   1439.25
 1523.07   1591.51
 1524.85   1584.26
 1589.02   1632.67
 1449.69   1543.20
 1411.57   1473.77
 1638.88   1672.39
 1509.42   1582.87
 1444.93   1493.46
 1540.02   1614.01
       em4        
 KB/s in  KB/s out
 1422.11   1479.27
 1509.26   1554.14
 1371.83   1428.18
 1603.61   1650.01
 1397.64   1438.28
 1562.64   1593.27
 1559.44   1591.40
 1602.69   1665.49
 1446.14   1500.11
 1480.02   1487.50
 1520.56   1560.90
 1488.61   1569.17
 1477.78   1506.04
 1636.12   1659.09
 1505.40   1525.44
 1458.13   1491.89
 1472.80   1507.04
 1406.47   1462.63
 1622.92   1618.74
 1438.33   1486.43
 1541.95   1566.41
 1495.61   1517.28
       em4        
 KB/s in  KB/s out
 1385.51   1432.86
 1450.11   1459.35
 1360.80   1425.62
 1544.25   1551.86
 1377.00   1403.57
 1311.48   1329.24
 1523.49   1538.50
 1452.65   1492.67
 1376.35   1401.44
 1419.55   1466.45
 1516.99   1514.21
 1558.28   1586.43
 1322.68   1332.92
 1401.37   1425.95
 1490.03   1518.53
 1373.98   1398.95
 1551.59   1601.88
 1372.10   1378.36
 1519.17   1528.43
 1478.49   1493.01
 1358.60   1370.29
 1528.63   1534.15
       em4        
 KB/s in  KB/s out
 1370.95   1403.06
 1782.20   1792.04
 1346.27   1368.92
 1541.92   1546.68
 1523.69   1517.61
 1354.59   1400.92
 1381.77   1389.64
 1436.54   1470.51
 1398.67   1412.40
 1335.67   1339.81
 1560.67   1558.35
 1459.22   1483.26
 1271.30   1286.19
 1465.24   1468.60
 1605.35   1583.78
 1423.49   1470.45
 1434.06   1429.66
 1487.68   1490.40
 1377.94   1396.89
 1478.79   1475.20
 1461.51   1472.72
 1421.76   1439.08
       em4        
 KB/s in  KB/s out
 1657.35   1623.76
 1387.23   1450.91
 1395.26   1404.01
 1516.07   1513.80
 1467.94   1453.47
 1459.17   1475.64
 1330.46   1319.40
 1420.48   1450.14
 1429.03   1440.67
 1497.79   1484.88
 1392.37   1379.11
 1402.09   1428.26
 1595.14   1567.70
 1589.92   1604.06
 1617.44   1592.41
 1472.87   1485.07
 1394.59   1416.82
 1369.91   1350.33
 1575.12   1568.47
 1640.92   1595.00
 1516.97   1523.23
 1514.03   1543.52
       em4        
 KB/s in  KB/s out
 1556.53   1553.57
 1503.57   1497.39
 1321.80   1327.51
 1546.65   1543.63
 1463.47   1430.29
  955.58    946.23
    1.48     37.11
    5.91      9.55
    0.18      0.00
    0.12      0.00
    0.12      0.00
    0.35      0.24
    0.18      0.06
  398.52    469.80
 1781.41   1703.21
 1529.34   1558.85
 1510.27   1498.10
 1498.77   1487.98
 1380.01   1378.39
 1676.84   1665.32
 1463.72   1453.01
 1573.08   1554.70
       em4        
 KB/s in  KB/s out
 1445.47   1415.80
 1603.88   1612.11
 1615.55   1601.62
 1579.86   1559.22
 1679.90   1658.67
 1691.72   1668.78
 1433.43   1446.38
 1779.51   1727.82
 1398.88   1387.02
 1561.45   1543.39
 1484.43   1499.38
 1417.14   1405.01
 1378.54   1371.85
 1440.80   1399.95
 1367.62   1376.80
 1528.04   1524.87
 1605.07   1548.91
 1435.90   1454.13
 1412.61   1412.20
 1309.11   1310.24
 1398.75   1386.99
 1427.65   1404.74
       em4        
 KB/s in  KB/s out
 1265.36   1274.96
 1502.21   1468.87
 1433.03   1427.41
 1524.40   1526.59
 1268.31   1276.97
 1664.52   1620.00
 1329.18   1359.64
 1437.84   1397.92
 1302.70   1304.05
 1410.71   1404.43
 1818.48   1789.22
 1225.11   1236.23
 1623.43   1584.13
 1514.56   1487.45
 1573.91   1561.15
 1543.69   1513.16
 1383.41   1377.94
 1539.70   1530.83
 1393.55   1410.22
 1476.63   1455.93
 1508.86   1461.01
 1792.12   1766.13
       em4        
 KB/s in  KB/s out
 1420.28   1429.04
 1801.17   1761.47
 1652.13   1635.31
 1893.51   1821.23
 1591.69   1598.27
 1604.54   1559.86
 1722.33   1686.22
 1535.12   1549.03
 1636.76   1616.73
 1554.80   1545.97
 1576.08   1568.29
 1602.76   1578.57
 1509.89   1491.57
 1722.58   1672.76
 1515.74   1525.70
 1761.72   1770.45
 1509.14   1458.47
 1561.23   1565.38
 1634.13   1601.15
 1666.59   1628.59
 1610.80   1581.57
 1491.35   1497.35
       em4        
 KB/s in  KB/s out
 1580.00   1580.54
 1470.84   1444.19
 1733.32   1690.05
 1602.76   1585.45
 1454.10   1435.96
 1438.25   1435.75
 1659.40   1629.69
 1614.52   1600.87
 1574.79   1541.76
 1490.98   1481.59
 1403.66   1393.14
 1495.85   1462.55
 1421.05   1389.99
 1491.56   1462.26
 1297.55   1355.72
 1434.03   1395.80
 1351.59   1332.61
 1603.10   1564.81
 1600.53   1615.50
 1374.07   1356.30
 1426.16   1414.79
 1389.75   1363.08
       em4        
 KB/s in  KB/s out
 1339.84   1367.97
 1477.86   1455.91
 1405.11   1392.02
 1500.53   1475.93
 1502.80   1486.28
 1406.15   1382.29
 1377.23   1379.70
 1694.12   1661.62
 1532.65   1531.76
 1751.08   1720.28
 1484.40   1437.58
 1466.76   1468.10
 1411.34   1369.80
 1548.42   1562.73
 1222.60   1224.62
 1422.58   1422.83
 1385.22   1354.96
 1583.74   1533.10
 1417.89   1427.39
 1496.08   1445.48
 1243.42   1305.38
 1558.52   1518.81
       em4        
 KB/s in  KB/s out
 1293.52   1292.02
 1639.09   1558.38
 1171.66   1137.00
   24.24     26.62
    0.52      0.06
    3.67     46.88
    2.56      0.55
    0.06      0.00
    0.13      0.05
    0.13      0.14
  392.47    534.33
 1546.05   1511.94
 1366.47   1378.06
 1746.30   1669.74
 1755.57   1724.23
 1563.62   1491.94
 1508.97   1539.42
 1410.28   1379.99
 1756.81   1710.97
 1600.65   1590.37
 1424.19   1422.60
 1258.32   1245.25
       em4        
 KB/s in  KB/s out
 1586.63   1511.20
 1635.86   1609.89
 1487.08   1500.22
 1337.44   1335.33
 1475.36   1448.09
 1272.62   1266.80
  986.26    985.78
 1483.11   1457.50
 1608.91   1582.22
 1486.38   1489.18
 1397.18   1355.00
 1550.98   1498.84
 1611.72   1591.32
 1466.71   1448.22
 1486.58   1489.72
 1519.70   1486.56
 1448.33   1448.41
 1376.80   1365.59
 1658.40   1599.91
 1580.66   1551.60
 1582.80   1563.20
 1272.36   1272.94
       em4        
 KB/s in  KB/s out
 1485.60   1465.37
 1643.20   1578.70
 1373.05   1389.08
 1280.75   1253.38
 1470.12   1441.40
 1461.70   1452.55
 1414.07   1424.47
 1330.60   1323.50
 1584.20   1541.11
 1416.17   1406.78
 1406.81   1404.43
 1316.91   1301.12
 1661.48   1619.44
 1468.17   1459.37
 1509.09   1492.47
 1389.91   1371.87
 1600.79   1566.97
 1572.74   1532.99
 1404.35   1399.94
 1618.80   1577.35
 1484.81   1477.98
 1457.89   1462.22
       em4        
 KB/s in  KB/s out
 1457.56   1435.77
 1503.00   1466.80
 1485.24   1478.39
 1565.99   1535.45
 1548.88   1480.31
 1414.10   1449.85
 1610.39   1592.39
 1383.38   1363.51
 1714.37   1640.26
 1510.55   1507.57
 1555.43   1531.84
 1872.12   1805.03
 1509.83   1487.64
 1658.76   1631.26
 1652.75   1612.52
 1771.30   1731.86
 1568.92   1576.29
 1667.19   1608.30
 1561.03   1594.39
 1472.38   1440.09
 1425.78   1418.48
 1480.36   1442.68
       em4        
 KB/s in  KB/s out
 1546.62   1518.20
 1573.46   1552.58
 1502.10   1465.59
 1545.22   1510.46
 1342.23   1364.53
 1394.93   1347.98
 1602.31   1584.40
 1411.65   1403.10
 1359.68   1360.56
 1441.13   1404.45
 1641.18   1585.58
 1309.64   1358.72
 1571.77   1546.18
 1426.56   1408.90
 1359.78   1356.78
 1423.60   1396.44
 1441.07   1422.83
 1580.04   1510.19
 1487.38   1542.86
 1481.13   1425.76
 1386.73   1402.98
 1406.55   1369.77
       em4        
 KB/s in  KB/s out
 1407.97   1406.60
 1465.15   1423.57
 1495.44   1502.29
 1470.30   1474.13
 1654.52   1581.60
 1459.67   1468.80
 1530.00   1477.15
 1624.46   1589.12
 1433.57   1410.57
 1416.52   1433.23
 1629.33   1607.07
 1477.89   1450.87
 1544.28   1543.66
 1383.93   1378.15
 1499.31   1481.99
 1439.43   1415.09
 1609.52   1586.72
 1566.74   1533.36
 1471.86   1443.88
 1588.35   1592.61
 1543.03   1431.96
 1539.61   1483.47
       em4        
 KB/s in  KB/s out
 1262.73   1193.22
  459.23    459.97
    0.18      0.00
    3.97     46.78
    3.22      0.88
    0.06      0.00
    0.06      0.00
    0.13      0.14
  206.07    346.40
 1414.79   1385.03
 1576.67   1548.48
 1783.62   1713.47
 1430.69   1444.90
 1558.20   1505.98
 1390.37   1387.75
 1742.25   1693.69
 1544.75   1511.19
 1572.87   1555.45
 1500.44   1476.48
 1323.74   1343.02
 1678.75   1625.27
 1383.60   1362.49
       em4        
 KB/s in  KB/s out
 1406.32   1380.50
 1740.82   1677.65
 1531.71   1551.17
 1327.76   1312.98
 1710.81   1646.36
 1490.74   1469.76
 1370.34   1398.46
 1617.02   1554.35
 1563.59   1576.34
 1497.39   1483.65
 1498.55   1471.64
 1388.74   1372.68
 1459.62   1425.78
 1681.99   1618.64
 1500.61   1492.46
 1371.61   1375.89
 1540.37   1492.39
 1640.77   1690.55
 1835.88   1742.05
 1627.27   1616.14
 1408.30   1413.84
 1334.16   1367.46
       em4        
 KB/s in  KB/s out
 1560.47   1529.94
 1354.46   1403.35
 1638.72   1533.03
 1464.08   1488.14
 1641.02   1575.21
 1595.09   1557.84
 1415.43   1430.28
 1395.32   1391.36
 1585.15   1559.22
 1457.09   1532.56
 1602.77   1663.29
 1668.25   1755.28
 1410.06   1567.97
 1376.21   1443.52
 1712.29   1707.23
 1517.33   1588.76
 1818.75   1797.84
 1853.65   1791.45
 1650.38   1623.54
 1583.08   1562.56
 1509.89   1518.71
 1804.54   1668.45
       em4        
 KB/s in  KB/s out
 1450.22   1510.04
 1597.84   1556.17
 1605.90   1552.43
 1622.43   1585.38
 1448.58   1632.08
 1553.40   1497.45
 1229.16   1279.25
 1397.12   1375.38
 1723.13   1597.91
 1521.21   1544.64
 1379.15   1432.08
 1626.77   1543.25
 1356.06   1381.49
 1241.12   1260.39
 1096.17   1121.18
 1714.72   1670.95
 1547.50   1494.62
 1340.19   1381.27
 1374.39   1342.25
 1535.64   1524.11
 1422.38   1380.87
 1447.37   1489.69
       em4        
 KB/s in  KB/s out
 1616.13   1537.06
 1667.37   1648.30
 1352.44   1385.05
 1361.05   1359.52
 1392.28   1396.20
 1452.42   1464.81
 1449.57   1428.35
 1824.97   1724.51
 1734.56   1684.85
 1668.84   1649.28
 1814.49   1746.29
 1219.83   1272.48
 1423.77   1472.89
 1387.90   1352.85
 1251.38   1270.43
 1718.33   1656.61
 1723.13   1667.06
 1668.57   1632.60
 1502.04   1532.18
 1495.50   1449.83
 1287.87   1352.62
 1555.22   1513.93
       em4        
 KB/s in  KB/s out
 1920.04   1833.09
 1462.41   1451.69
 1692.98   1678.31
 1457.06   1410.65
 1427.22   1452.40
 1429.02   1432.18
 1648.45   1595.95
 1719.33   1670.43
 1653.48   1657.52
 1683.76   1659.12
 1761.96   1705.50
 1501.91   1484.91
 1979.61   1890.01
 1587.02   1581.14
 1624.66   1599.44
 1548.53   1596.06
 1633.68   1591.77
 1570.78   1535.94
 1680.18   1644.37
 1247.36   1227.07
 1394.11   1372.86
 1334.79   1255.82
       em4        
 KB/s in  KB/s out
 1367.11   1276.90
 1273.31   1217.41
  682.28    697.71
    8.07      2.83
    0.06      0.00
    6.55     49.31
    0.06      0.00
    0.06      0.00
    0.06      0.00
    0.12      0.00
    0.12      0.00
    3.99     14.76
    0.45      0.00
    0.12      0.00
    0.19      0.05
    0.25      0.14
    2.76     14.71
    2.27      0.51
    0.06      0.00
    0.39      0.00
    0.45      0.00
    0.12      0.00
       em4        
 KB/s in  KB/s out
    5.32     16.50
    0.12      0.00
    0.45      0.00
    0.19      0.14
  458.33  27291.11
 2050.51  137214.8
 2008.86  153700.2
 1628.65  128326.4
 1866.41  145102.2
 2210.58  170689.7
 2092.95  164331.7
 1966.73  163495.2
 1937.24  159725.9
 1680.60  138074.1
 2067.43  168481.1
 1838.13  150973.7
 1624.06  134722.1
 1793.84  157666.4
 1723.08  141376.4
 1622.45  139877.6
 1524.28  127673.5
 1160.43  93761.48
       em4        
 KB/s in  KB/s out
 1528.91  134889.0
 1402.29  116350.4
 1528.06  133005.8
 1382.78  114739.7
 1483.75  119626.5
 1596.94  139808.9
 1742.44  148381.1
 1769.45  158227.7
 1512.39  128280.6
 1738.46  146599.3
 1488.36  128033.2
 1608.44  138696.7
 1660.18  154104.9
 1524.56  127403.3
 1632.74  134602.4
 1517.30  126971.7
 1630.67  146044.3
 1624.23  134355.1
 1882.39  172871.1
 1540.34  135177.7
 1589.10  127991.7
 1881.06  163697.8
       em4        
 KB/s in  KB/s out
 1382.62  109284.3
 1546.41  137545.6
 1759.87  147173.2
 1616.05  141262.5
 1484.51  126688.5
 1898.91  166091.4
 1871.52  161601.5
 1569.79  135316.8
 1680.43  145042.2
  949.75  79221.27
 1580.85  128067.5
 1596.18  140575.4
 1487.48  121571.1
 1434.89  124819.9
 1669.90  142742.7
 1509.59  129020.9
 1630.55  133114.9
 1685.62  139362.9
 1621.20  144050.2
 1770.82  150532.2
 1540.07  129903.3
 1786.81  159373.7
       em4        
 KB/s in  KB/s out
 1887.37  153796.7
 1941.08  179777.3
 1550.64  129198.1
 1837.02  158745.1
 1734.13  143146.1
 1763.01  157157.4
 1437.02  125508.7
 1894.39  162148.6
 1432.14  124252.1
 1703.41  142633.2
 1786.92  152542.5
 1644.19  145888.1
 1651.74  143092.0
 1672.24  140053.5
 1114.86  92387.06
  979.72  87716.00
  937.32  73652.64
  971.97  73416.70
 1478.50  124092.1
 1490.26  128065.9
 1647.88  136152.2
 1525.00  130276.4
       em4        
 KB/s in  KB/s out
 1577.09  131372.0
 1714.99  149963.0
 1515.02  129489.7
 1579.50  134650.0
 1729.28  157750.3
 1627.27  137797.0
 1890.51  157775.1
 1532.78  131741.3
 1623.85  136975.1
 1562.69  141325.4
 1803.44  153383.4
 1525.64  128843.3
 1813.53  162274.2
 1590.35  129139.0
 1618.02  144501.7
 1592.89  141444.0
 1812.92  159362.1
 1544.11  129506.2
 1714.48  147821.2
 1923.12  158537.3
  377.70  42532.46
  122.16   8139.74
       em4        
 KB/s in  KB/s out
    1.87      1.31
    3.37      2.63
    0.19      0.05
    0.19      0.14
    0.12      0.00
    6.87     46.27
 1533.54  120134.0
 1770.06  148636.4
 1693.00  141769.1
 1552.58  131576.1
 1790.02  145534.5
 1790.74  157463.3
 1662.41  140295.3
 1585.07  138444.5
 1463.07  127194.9
 1648.08  143079.9
 1575.08  133123.8
 1774.78  155445.9
 1759.97  146500.6
 1607.89  142111.0
 2068.12  175613.6
 1705.32  156043.8
       em4        
 KB/s in  KB/s out
 1758.69  148375.0
 2049.20  176180.9
 1617.86  146355.7
 1862.80  159024.1
 1424.51  130136.6
 1629.29  138923.9
 1846.82  156464.9
 1915.22  162266.9
 1765.28  148722.1
 1752.66  142117.8
 1162.05  99735.14
 1699.78  139937.4
 1422.13  116165.1
 1711.73  140818.0
 1657.99  143371.1
 2039.05  174092.2
 1356.78  120150.0
 1363.80  124237.1
 1578.76  129457.6
 1352.55  115893.6
 1640.82  138420.1
 1979.09  172279.0
       em4        
 KB/s in  KB/s out
 1312.51  101112.3
 2120.28  198253.5
 1377.88  115369.1
 1828.26  152455.5
 1635.37  141687.9
 1642.44  136641.4
 1732.43  151570.5
 1540.80  130777.0
 1843.00  160416.4
 1518.51  121158.1
 2040.19  177664.2
 1454.30  126621.5
 1827.31  161479.6
 1694.31  138198.2
 1753.49  153997.7
 1666.40  136452.8
 1785.25  158797.0
 1923.69  163416.6
 1876.51  161730.0
 1036.75  79248.67
 1427.88  121381.0
 1534.46  129031.3
       em4        
 KB/s in  KB/s out
 1680.81  138743.0
 1512.03  119049.4
 1514.40  145503.0
 1491.90  123455.8
 1601.99  139231.2
 2023.76  166192.7
 1654.10  151623.5
 1740.24  149846.0
 2077.97  178537.4
 1663.84  142174.1
 1843.58  146181.8
 1769.26  147959.8
 1464.87  124718.5
 1764.85  158219.9
 1766.40  154571.4
 1849.97  156227.0
 1915.54  165506.8
 1788.52  160628.4
 1831.13  160086.1
 1637.92  139286.9
 1670.98  136054.7
 2080.91  178391.4
       em4        
 KB/s in  KB/s out
 1696.27  149477.8
 1875.17  159262.5
 1695.49  140105.7
 1366.88  109868.9
 1381.07  119725.3
 1420.95  119725.4
 1686.14  134555.4
 1626.63  127853.5
  919.23  77909.49
 1768.89  155103.2
 1787.64  147622.7
 1954.39  164571.3
 1666.92  149743.8
 1729.99  147884.6
 1618.39  146780.3
 1771.78  142627.8
 1327.76  120408.4
 1904.67  163224.2
 1621.54  139701.2
 1575.80  136616.5
 1886.16  164625.8
 1910.06  160732.9
       em4        
 KB/s in  KB/s out
 1796.55  151289.1
 2014.38  177339.2
 1954.02  168656.6
 1767.69  149592.2
 1954.11  164474.5
 1825.02  161654.2
 1698.90  149193.3
 1972.33  172427.4
 1316.34  110598.1
 2135.01  191507.7
 1777.35  154063.5
 1211.02  96423.10
 1239.22  103783.7
 1559.86  132464.4
 1451.03  119364.5
 1847.38  150635.4
  590.48  52332.86
  489.12  50354.13
  230.74  18180.03
   47.05   3382.18
    1.14     24.04
    1.00     36.24
       em4        
 KB/s in  KB/s out
    0.06      0.00
    0.19      0.14
    4.38     17.62
 1353.33  93320.93
 2406.50  199751.3
 2023.71  181578.7
 1911.77  164932.8
 2033.29  181739.5
 2135.60  190426.3
 1967.23  171670.0
 1767.80  146777.7
 1685.80  156406.2
 1686.20  146719.6
 1569.38  131760.1
 1863.76  159351.0
 1874.68  165460.2
 1658.20  151784.9
 1470.15  120133.9
 1802.42  152640.6
 2134.46  168598.4
 2025.91  159661.9
 1938.85  167904.1
       em4        
 KB/s in  KB/s out
 1467.15  134430.1
 1574.74  135104.4
 1947.89  153276.9
 1935.52  165063.8
 1977.02  176634.4
 1555.91  141032.1
 1822.69  157426.3
 2011.01  177806.3
 1909.47  167096.7
 1940.90  165416.3
 2056.94  177397.7
 1497.10  127782.5
 1565.98  145944.6
 1784.08  156265.0
 1878.88  157050.0
 1889.89  158077.4
 2110.56  180339.2
 1830.08  168173.4
 1566.66  132913.2
 1784.72  156632.9
 1747.37  154072.2
 1508.20  129824.2
       em4        
 KB/s in  KB/s out
 1786.13  156768.9
 1768.20  151851.8
 1720.47  143672.3
 1741.77  151081.6
 2040.54  167368.1
 1713.38  142400.2
 1394.23  117349.7
  573.31  30788.78
 1223.89  93181.37
 1561.61  146737.9
 1148.77  109977.4
 1926.16  166610.3
 1846.29  148049.4
 1552.20  144403.1
 1411.66  121246.5
 1489.02  130532.4
 1809.85  146023.1
 1929.11  168047.0
 1414.86  120151.9
 1547.45  130746.0
 1906.06  167122.2
 1978.03  171192.4
       em4        
 KB/s in  KB/s out
 1799.80  156335.9
 2065.87  173326.2
 1908.15  177672.9
 1170.69  105478.5
 2022.96  169753.7
 1809.24  157374.9
 1774.20  152512.1
 1766.45  158431.8
 1617.90  140087.2
 1857.95  157224.1
 1892.79  165189.1
 1823.04  163011.2
 1909.89  152406.0
 1887.38  145150.2
 1794.06  148987.6
 1802.73  137989.9
 1464.47  113046.9
 1478.20  126157.0
 1491.43  125236.3
 1708.87  133099.5
 1420.57  129539.9
 1945.84  166805.9
       em4        
 KB/s in  KB/s out
 1628.07  141337.4
 1569.05  142704.1
 1963.91  173367.9
 1407.84  125665.8
 1723.15  139772.6
 1858.13  165149.5
 1484.79  131414.7
 1903.75  161444.5
 1793.20  157820.9
 1429.70  131524.3
 1823.05  154781.8
 1849.61  163745.3
 1522.35  133292.8
 1698.13  152846.8
 1767.34  154347.2
 1416.12  126358.3
 1589.26  137047.6
 1726.22  155388.4
 1555.62  133580.2
 1573.83  143329.9
 1604.83  147948.0
 1778.98  146938.6
       em4        
 KB/s in  KB/s out
 1910.16  156667.9
 1719.68  135165.6
 1198.80  108212.1
 1833.42  152401.5
 1831.96  152009.1
 1975.18  174812.6
 1850.77  160576.9
 1822.88  149772.3
 1966.42  147115.6
 1366.86  139032.0
 1654.51  130600.6
 1841.18  158381.1
 2125.97  184304.6
 1782.68  172977.6
  627.41  56685.25
  425.61  45391.94
  378.63  42214.28
  245.24  24708.18
   53.65   5965.02
    5.52      2.94
    0.19      0.14
    0.12      0.00
       em4        
 KB/s in  KB/s out
    0.12      0.00
    0.12      0.00
    0.58      0.00
    5.81     49.44
    0.12      0.00
   37.59     46.00
 1727.24  127355.9
 2003.43  169553.1
 2336.18  188972.0
 1894.33  157686.3
 1941.51  164365.7
 1780.06  147503.8
 2072.11  176058.0
 1720.73  156196.2
 1801.23  152727.2
 1911.11  165350.4
 1632.03  151007.5
 1708.57  153210.6
 1629.73  141465.4
 1776.08  152174.3
 1697.32  145075.2
 1915.58  162074.6
       em4        
 KB/s in  KB/s out
 1512.79  127528.0
 1669.71  140442.6
 1646.12  138250.7
 1956.25  168723.7
 1992.09  173018.3
 2042.97  166489.4
 1939.47  185751.6
 1721.32  149639.0
 1822.91  159539.5
 2114.66  177249.6
 1670.34  150591.9
 1816.52  153720.7
 1663.84  150410.1
 1809.16  142577.6
 1792.70  129594.2
 2164.94  173848.2
 1865.35  131090.4
 2470.81  176881.4
 1845.90  144530.3
 2123.86  158930.2
 1831.38  185753.9
 1621.93  122422.5
       em4        
 KB/s in  KB/s out
 1384.88  136743.8
 1648.31  129612.3
 1900.43  172294.4
 1924.06  162090.9
 1907.78  164982.2
 1743.03  173624.9
 1673.56  146780.3
 1827.29  134883.7
 2135.60  178472.0
 1841.14  168353.0
 1868.42  167545.4
 1950.65  168135.4
 1682.13  142846.2
 2058.00  182475.8
 2125.63  184128.5
 1613.99  146408.3
 1793.09  149198.1
 1662.92  153494.9
 2008.15  167918.0
 1846.69  148115.8
 1926.57  155924.3
 1884.76  159438.4
       em4        
 KB/s in  KB/s out
 1680.46  146672.6
 1505.59  118188.0
 1668.32  134993.6
 2140.96  157263.2
 1556.30  102849.2
  813.29  44336.22
 1298.26  105768.2
 1114.76  130298.4
 1287.01  115418.9
 1410.52  149795.6
 1531.72  106404.5
 1991.26  164354.3
 2185.29  170532.8
 2122.32  186572.2
 1684.89  161632.6
 1416.77  123538.1
 2050.55  165059.0
 1987.09  165788.2
 1974.03  174038.2
 1847.94  158052.8
 1821.52  155712.9
 2100.06  186755.7
       em4        
 KB/s in  KB/s out
 1916.32  165510.2
 1878.32  177973.8
 1832.67  142965.6
 2149.25  183143.8
 1810.80  158429.8
 2033.29  174594.8
 2022.62  170706.6
 1835.37  161766.9
 1909.06  153794.7
 2279.53  180679.7
 1653.53  128643.9
 1984.97  153832.8
 1425.65  119048.3
 1645.47  109854.8
 1023.74  103594.9
 1338.75  117618.8
 1484.79  133253.5
 1728.45  133534.0
 1997.29  174323.8
 1653.72  152867.3
 1585.25  135235.5
 1650.95  142704.0
       em4        
 KB/s in  KB/s out
  774.93  34529.55
 1387.52  112490.3
 1874.77  169390.3
 1736.51  171182.9
 1493.15  141901.4
 1886.61  145700.8
 1938.98  179034.3
 1645.79  139514.6
 1630.55  151337.0
 1714.69  147883.8
 1940.58  155981.4
 1632.87  147354.5
 1711.07  149920.4
 1722.28  140069.4
 1741.94  149335.4
 1629.31  151309.5
 1514.06  141588.7
 1817.30  132801.5
  319.11  32196.40
  558.73  52836.78
 1435.92  139115.2
  544.42  64353.71
       em4        
 KB/s in  KB/s out
  405.40  37595.29
  389.43  45158.97
  324.26  33753.93
  370.76  44951.46
  420.06  41474.17
  347.84  31958.30
  212.87  20996.13
   92.45     82.15
   87.59     80.30
   13.67     12.82
    0.84      0.71
    3.05     14.65
    2.59      0.99
    1.03      0.21
    1.11      0.58
    0.44      0.23
    0.49      0.44
    1.74     14.68
    3.63      1.29
    1.01      0.31
    3.29      3.10
    4.22      5.36
       em4        
 KB/s in  KB/s out
    0.87      1.04
  121.52  28373.82
 2480.27  601709.6
 1527.88  362974.8
 1959.28  374214.2
 2963.46  516744.5
 2096.20  372909.5
 3009.56  498437.2
 3338.62  557245.2
 3433.90  542481.9
 3626.45  595135.7
 3068.07  518797.9
 2246.93  359809.9
 3629.22  584195.1
 2977.61  498721.1
 3203.78  532262.5
 3474.65  564348.7
 2775.84  481559.9
 3337.92  552616.5
 2862.55  472342.6
 2566.44  486402.5
 3231.66  562451.3
       em4        
 KB/s in  KB/s out
 2733.91  467856.5
 3249.39  533921.5
 3452.49  532104.5
 3329.42  551430.0
 3533.78  576306.7
 3201.36  536028.2
 2724.88  450583.6
 2832.02  408658.0
 3623.57  606616.6
 2356.37  393927.4
 2986.26  462314.2
 3010.55  483369.1
 1352.11  216433.9
  617.90  91017.05
 2074.90  312181.3
 2255.69  349654.6
 1775.07  284462.7
 1271.53  203964.2
 1207.14  189112.6
 3445.03  569177.2
 2937.33  523106.5
 2690.14  493827.5
       em4        
 KB/s in  KB/s out
 3367.60  567803.5
 2516.79  420873.0
 2152.10  320276.2
 1587.20  220806.0
 1857.09  306685.9
 2394.77  411866.6
 3247.61  557179.5
 3055.24  559809.8
 2850.63  512456.2
 3199.60  528170.1
 3430.52  620305.5
 3029.14  526041.9
 2690.85  448829.3
 3624.11  549629.4
 3231.69  504087.7
 3146.96  484703.5
 3303.40  519352.3
 3087.49  504610.6
 2982.54  501014.5
 2724.24  453191.9
 2897.05  468992.0
 3108.67  461554.9
       em4        
 KB/s in  KB/s out
 2887.34  483374.5
 1913.57  282919.5
 1804.75  296027.4
 2413.76  386503.1
 3882.60  615094.5
 1001.19  160702.3
 2361.44  341482.1
 2672.39  438150.3
 3466.31  593178.8
 3007.67  519573.7
 2407.91  407737.9
 3281.93  535240.5
 3128.44  516188.9
 2936.19  526581.6
 3046.50  501158.9
 2816.12  522905.8
 3087.55  515306.0
 3302.56  568566.5
 2829.78  519454.3
 2984.05  491430.9
 2729.52  485251.4
 3420.29  557938.0
       em4        
 KB/s in  KB/s out
 2729.48  474200.5
 3548.63  599058.5
 2834.04  488748.8
 3240.24  540930.1
 2355.59  386668.8
 3043.61  429221.6
 1460.21  212091.7
 3300.89  518942.1
 2895.99  497590.4
 2986.86  470932.5
 3256.02  520372.1
 2644.73  422261.2
 3409.96  543817.7
 3336.76  535370.6
 3580.98  573490.3
 2563.94  407058.8
 3087.58  488329.3
 3367.59  550541.4
 2348.77  375499.4
 2044.70  350245.9
 1957.35  311968.9
 2803.33  435712.5
       em4        
 KB/s in  KB/s out
 3053.09  497717.0
 3219.64  491924.3
 2882.81  497132.0
 2978.57  514084.0
 2906.32  524571.9
 1905.34  330279.0
 2441.79  445942.3
  999.03  140882.2
  267.70  39643.89
  123.13  11871.81
    3.18      2.12
    0.72      1.32
    1.20      1.75
 2361.18  470711.8
 2212.27  317184.7
 3604.34  490840.2
 1827.57  297195.8
 1704.74  295120.8
 3212.63  537448.3
 3112.84  527932.2
 3463.35  545726.4
 3840.85  569075.0
       em4        
 KB/s in  KB/s out
 3349.15  573589.8
 3135.29  534254.9
 2797.55  485414.7
 2807.96  460949.2
 2068.54  317954.6
 1302.08  184066.8
 1377.32  199628.2
 2979.31  520296.3
 2308.56  389111.9
 2899.67  493889.2
 2919.66  498827.2
 3178.05  520611.5
 3166.72  535482.7
 3215.35  556851.0
 2881.00  513725.0
 2957.21  548857.5
 3053.44  538052.7
 3715.53  618868.6
 2106.79  347990.5
 2379.77  402102.0
 1801.53  317332.8
  273.36  46630.56
       em4        
 KB/s in  KB/s out
 1104.07  155892.3
 1387.05  231385.1
 1691.86  287313.8
  513.61  88851.10
 1211.25  183281.1
 1417.72  213788.2
 2355.87  375261.8
 3169.37  533731.7
 3539.84  530660.6
 3385.51  535167.4
 3377.27  524362.8
 3614.37  516171.6
 3027.13  452828.6
 3074.50  464192.9
 2710.20  410085.9
 3430.10  521811.6
 3213.13  491019.6
 1003.80  152084.4
 1974.78  321503.3
 2432.43  413337.3
 2948.56  525921.5
 2538.07  406447.1
       em4        
 KB/s in  KB/s out
 3555.82  593836.4
 3243.78  539301.3
 3334.79  527286.5
 3241.37  533686.7
 3002.69  515334.9
 2503.80  423097.2
 2332.07  364301.3
 2802.47  427471.5
 2835.18  479677.2
 1304.80  192063.1
  888.56  130671.6
  933.52  151585.3
  585.85  85696.35
 3337.20  585820.4
 3124.67  528202.7
 2827.85  457715.8
 1250.22  188940.9
 2212.57  331211.8
  675.47  96512.43
 3189.12  508650.4
 3134.21  539716.8
 2906.76  503831.0
       em4        
 KB/s in  KB/s out
 3255.78  539969.7
 3443.48  569718.1
 3795.40  595548.6
 2896.82  465280.3
 3427.86  523527.3
 3650.78  559985.1
 3010.35  464548.1
 2615.59  412612.7
 2916.26  502941.4
 3023.43  492547.9
 2853.64  460442.3
 3159.89  525610.1
 3922.20  586975.6
 2394.80  382832.9
 2412.45  361002.6
 3014.93  437645.9
 3335.87  520047.5
 2459.90  378368.6
 3433.52  544743.8
 1396.92  220805.5
  509.95  66804.14
 2786.61  416471.0
       em4        
 KB/s in  KB/s out
 2485.89  411222.6
 2400.87  377837.9
 3323.98  560904.0
 3006.76  504362.0
 2455.65  393329.5
 1886.28  263143.4
 2609.00  449099.1
 1695.65  273807.6
 3087.28  540825.7
 3278.25  537001.7
 2353.05  388336.8
 2919.34  505513.3
 2827.22  500389.9
 2762.54  485364.6
 2721.06  506322.3
 2810.81  491782.8
 3230.68  523686.1
 2796.93  462316.4
 2781.52  472457.4
 3133.80  507700.5
 2855.82  483715.3
 2776.98  468068.4
       em4        
 KB/s in  KB/s out
 1279.19  196794.5
 3386.55  514620.3
 2690.63  410821.5
 3249.09  533650.1
 2442.52  400377.9
  537.36  73400.05
  998.85  161250.2
 2475.47  386108.5
 3004.11  496447.7
 1967.17  316494.8
 3412.18  565740.8
 1648.70  247376.8
 3917.00  598752.8
 3145.15  507801.0
 3521.71  562808.1
 2247.28  387330.4
 1945.41  260257.3
 1467.95  210364.4
  572.23  70418.06
   90.42     82.83
   29.01     26.52
    0.12      0.00
       em4        
 KB/s in  KB/s out
    0.19      0.14
    0.12      0.00
    0.78      0.00
 2051.72  459888.9
 3060.47  536109.6
 1937.29  246754.6
 3057.87  392222.4
 3875.27  559759.8
 4542.02  565531.7
 3649.02  498457.9
 3006.49  424078.5
 2104.00  308719.3
 1973.38  315539.9
 3446.72  568528.5
 3520.67  545462.6
 1747.22  266778.7
 2740.44  427394.7
 2087.68  338535.3
 2464.99  375134.8
 2390.66  367096.4
 3620.25  593359.9
 2855.66  429311.3
       em4        
 KB/s in  KB/s out
 3092.06  486689.4
 3054.99  467407.8
 1862.67  294982.0
 2104.96  300312.3
 3318.90  521389.5
 3782.73  604328.4
  566.37  89939.87
 1477.98  223470.6
 3162.62  501767.9
 3572.46  610684.5
 2675.63  445159.5
 3940.66  608036.6
 3424.55  536761.9
 1183.01  167184.8
 2470.38  406221.7
 1325.97  207597.2
 3007.18  445502.5
 3809.03  589545.8
 1156.25  184638.3
 2330.48  379149.2
 2670.56  421136.7
 2787.59  471534.6
       em4        
 KB/s in  KB/s out
 1800.92  254578.7
 2226.16  343430.0
 3229.45  527527.3
 3716.00  593821.0
 2821.49  425128.2
 3300.50  519811.4
 3742.33  565749.1
 3634.51  522975.3
  647.64  87906.12
 1857.63  264532.3
  478.31  65305.80
 1481.39  212093.6
 1706.55  264980.7
  742.33  140285.0
 1439.48  237531.9
 2763.39  474552.9
 3656.82  619579.0
 3308.69  530713.4
 3458.88  553684.3
 3340.34  533169.7
 3001.76  476001.9
 2357.83  349335.9
       em4        
 KB/s in  KB/s out
 3808.29  591420.3
 3337.47  558501.7
 3130.43  491075.9
 3115.62  531991.9
 3090.30  467007.9
  744.59  126372.9
 1642.80  236569.7
 2336.57  372171.7
 1687.87  267459.4
 2689.88  443350.2
 3299.82  519715.1
 1957.44  344649.0
 1530.36  218694.0
 3878.19  618306.8
 3097.03  512438.5
 3281.77  557169.6
 2639.81  422819.9
 2724.99  462704.1
 2850.89  464498.3
 3008.55  490171.2
 3212.27  501110.2
 3203.35  485187.1
       em4        
 KB/s in  KB/s out
 2699.29  407095.0
 2670.75  422886.2
 3016.12  469334.7
 2804.16  387901.2
 2585.94  375782.2
 3879.06  612172.9
 3226.18  523726.0
 3506.91  559798.7
 3332.38  493867.4
 3453.65  524176.4
 3038.18  434195.8
  387.34  63878.07
 1364.17  189547.9
 1247.04  189937.9
 2449.23  424113.2
 2968.18  479372.7
 1052.45  157336.0
  274.37  45218.12
 1859.60  296693.6
 1616.47  275539.8
 1138.27  193029.8
 1415.04  244003.0
       em4        
 KB/s in  KB/s out
 2974.39  522962.8
 3497.21  563578.7
 3166.97  541470.8
 3140.61  544033.5
 3092.28  524259.1
 2866.29  475291.7
 3007.56  512914.0
 3006.60  482729.0
 2788.39  446555.9
 3459.04  573490.6
 2456.72  414720.0
 2865.53  454746.1
 1133.76  186827.0
 3918.44  618032.5
 3424.99  570050.7
 3523.54  571734.2
 3729.08  572438.7
 3876.63  590365.7
 3147.62  470520.1
 3626.95  553841.3
 3013.64  488796.1
 2922.21  424511.5
       em4        
 KB/s in  KB/s out
 2200.10  344226.8
 1876.88  298909.3
 1404.38  213563.1
 3021.47  486312.5
 2912.54  483156.6
 2678.41  439406.4
 1612.50  253816.6
 1847.45  284197.0
 3251.23  545177.5
 2911.54  517370.0
 3274.80  556493.1
 2826.11  452435.0
 2513.36  386260.1
 3655.93  557810.1
 3086.79  530504.2
 3299.02  522844.2
 2884.45  473116.7
 3349.56  540960.7
 2960.54  482898.5
 3376.49  571494.8
 2639.53  474820.9
 2307.77  388291.3
       em4        
 KB/s in  KB/s out
 3116.88  547681.1
 3020.60  497932.0
 3265.97  569356.4
 3082.17  534505.8
 3120.64  521401.7
 2827.02  491459.1
 2824.31  454506.5
 1449.19  237698.7
  840.88  116649.1
 2841.82  455031.2
 2549.45  374436.3
 1094.43  114185.5
  582.38  59309.53
  276.19  27972.03
    2.17      1.45
    3.70     52.46
    3.94      2.58
    1.26      0.70
    0.48      0.20
 2501.76  463827.6
 2570.20  440504.5
 1925.03  263194.5
       em4        
 KB/s in  KB/s out
  697.00  71300.00
 3975.11  557100.3
 3310.28  378779.2
 4498.87  602372.6
 2254.43  375732.9
 3319.99  456896.4
 3723.66  539492.0
 4029.31  605756.0
 3299.18  499641.3
 3548.28  557086.0
 3778.64  570144.6
 3230.27  478643.9
 3002.95  470895.9
 2123.12  328207.4
  768.19  117734.5
 2910.40  443946.3
  561.07  77841.38
 1558.94  239902.2
 3396.64  553386.7
 3517.76  537203.6
 3656.35  562268.6
 2698.52  393607.2
       em4        
 KB/s in  KB/s out
 3297.06  473002.2
 3578.10  503163.4
 3529.89  525639.2
 3015.85  444980.3
 2694.49  443832.9
 3021.17  390152.0
 3181.26  490827.8
 2581.17  349521.5
 3839.43  564286.2
 4375.97  569629.8
 3618.78  539811.8
 3249.00  504574.9
 4019.37  527447.1
 3694.57  514464.0
 3856.04  583532.3
 3451.09  546324.4
 4066.98  565536.0
 4061.87  565549.6
 3600.39  469278.5
 2076.11  283891.4
 2790.83  394339.9
 2410.81  341503.0
       em4        
 KB/s in  KB/s out
 2025.52  289545.4
 2547.58  430989.5
 1765.20  300734.5
 2580.48  396013.5
 3018.20  493827.1
 1887.63  309027.1
 3248.41  520416.0
 2438.19  351966.3
 1587.73  225312.0
 2598.72  386746.7
 3129.44  521330.5
 3822.86  577499.0
 3595.38  549667.2
 3057.47  496004.6
 2069.83  321967.2
 2338.42  368697.8
 2533.14  373576.2
  689.97  102236.0
 3225.78  454603.5
 3317.26  526992.3
 3634.92  554374.3
 4267.72  596352.7
       em4        
 KB/s in  KB/s out
 4258.75  600628.1
 3971.29  565479.4
 4232.19  582573.2
 3444.64  504238.4
 3552.70  559027.8
 3554.64  518213.5
 2591.37  390786.2
 3483.41  548294.5
 3460.60  542485.7
 2771.64  403132.9
  244.96  35870.47
 2440.08  334574.3
 1338.58  206714.3
 1744.48  271675.2
 3211.62  529575.4
 3699.15  576738.8
 2835.83  449024.2
 2925.70  417271.6
 4153.96  612516.5
 2747.12  391038.5
 2940.74  429965.9
 1766.18  290481.9
       em4        
 KB/s in  KB/s out
 2794.72  444367.1
 3010.28  489985.8
 3055.63  529023.3
 3210.65  518444.4
 3368.09  532688.1
 3148.43  512886.4
 3176.21  513972.6
 2312.13  394675.5
 2221.06  311013.7
 3361.37  536757.8
 3101.12  521340.9
 3260.45  530545.3
 3202.07  535300.8
 2392.79  405639.2
 2696.19  430897.0
 2289.19  393852.8
 3275.64  552590.1
 1263.25  186329.8
 2532.20  392928.1
 1537.72  240788.2
 2267.93  384303.9
 2446.01  403526.9
       em4        
 KB/s in  KB/s out
 2038.42  337261.7
 1188.54  177694.1
 1483.25  222617.7
 2652.44  429134.3
 3190.83  498127.2
 3209.79  523214.3
 3690.44  591295.8
 1820.28  241715.5
 1867.67  282411.9
 1162.86  177056.4
 3572.51  591717.7
 3479.89  566121.3
 3322.89  558948.0
 3150.03  490918.5
 2430.25  385099.6
 2503.04  375054.3
 3226.93  522912.6
 2945.77  454408.4
 1163.44  184707.5
 1408.25  212744.1
 2307.55  396945.7
  239.32  37434.67
       em4        
 KB/s in  KB/s out
 3010.19  493944.2
 3149.48  530334.7
 2766.42  468912.7
 2628.22  433551.0
 1172.02  165543.3
 2149.31  329186.1
 2349.74  395748.4
 1706.46  264390.0
 2369.07  363792.4
 1707.14  276518.1
 2479.21  392291.2
 3432.52  511099.5
 2040.66  254909.3
 2743.98  424046.0
 3052.73  518553.5
 2581.09  413288.5
 2145.75  375015.8
 2720.48  443013.6
 2167.70  381838.7
 3103.55  574989.3
 3122.80  538192.9
 3212.96  526127.4
