       p2p2       
 KB/s in  KB/s out
 1666.13  111815.0
 1808.79  132857.2
 1894.58  109159.6
 1835.55  120514.3
 1679.79  112675.7
 1737.94  125024.4
 1950.91  126666.6
 1699.13  125423.2
 2001.18  111567.6
 1809.09  123853.2
 1833.03  125262.0
 1752.93  125245.3
 1749.18  103183.2
 1726.70  124903.8
 1838.45  101193.9
 1670.28  101285.5
 1751.55  113269.0
 1728.04  104056.7
 1910.07  129652.8
 1974.91  133763.1
 1970.61  119517.6
 1877.88  128867.4
       p2p2       
 KB/s in  KB/s out
 1868.69  120140.4
 1953.62  105790.9
 1799.54  107303.2
 1779.28  109813.5
 1934.73  121803.5
 1906.46  118812.2
 1827.04  119559.8
 1946.30  115205.0
 1871.39  115469.3
 1903.64  126677.4
 1975.69  126343.3
 1973.23  128178.8
 1766.42  101569.8
 1828.61  116516.5
 1637.34  105842.8
 2109.25  127741.8
 1822.64  114482.4
 1978.46  137828.0
 1819.91  126483.2
 1962.46  141472.8
 1816.50  120623.1
 1856.82  121236.1
       p2p2       
 KB/s in  KB/s out
 1928.76  117861.1
 1863.90  115675.8
 1869.07  123056.4
 1830.90  113528.1
 2190.36  103608.9
 1604.02  115437.4
 1943.89  120535.3
 1708.77  117927.4
 1735.82  115834.7
 2051.51  117267.2
 2004.96  121267.7
 1861.94  113785.9
 1691.90  106994.0
 1798.56  108285.0
 2065.80  127408.5
 1751.54  116929.3
 1775.07  119413.6
 1911.82  112924.3
 1919.27  116002.5
 1790.12  123257.1
 1773.28  129288.8
 1792.73  112943.5
       p2p2       
 KB/s in  KB/s out
 1969.73  108269.6
 1885.24  131637.7
 1872.13  114038.4
 1976.50  98306.96
 1933.14  121315.0
 1878.54  115530.3
 1933.15  115191.4
 1977.23  127688.1
 1882.25  110773.9
 2173.17  131108.8
 1834.42  114412.8
 2061.64  132089.6
 2058.41  130151.5
 1919.06  117366.2
 1846.17  128621.3
 1994.93  125208.3
 1906.60  119941.3
 2117.11  125918.9
 1771.03  130718.9
 1862.34  129984.4
 1836.88  137617.9
 2108.16  121218.7
       p2p2       
 KB/s in  KB/s out
 2191.58  121756.2
 1893.91  114730.9
 1779.29  122673.7
 1777.99  112380.4
 2044.56  132743.6
 2114.78  114296.7
 1995.18  119801.5
 1575.93  110771.8
 1727.44  100512.2
 1929.42  118519.6
 1833.72  107408.0
 2035.11  115818.9
 1694.70  115685.2
 1740.12  126601.6
 1789.09  113346.7
 2013.26  120744.9
 2050.46  106143.8
 1948.82  133986.2
 2021.30  125268.4
 1967.57  133563.5
 2049.19  129734.3
 1984.30  145337.3
       p2p2       
 KB/s in  KB/s out
 2015.93  123608.5
 1769.84  120346.3
 2062.35  110922.0
 1916.89  116151.7
 1804.26  127162.0
 1817.19  105783.1
 1833.62  123985.3
 1964.38  121737.8
 2254.74  131706.4
 1729.61  107934.0
 1732.91  127185.9
 1670.53  122497.0
 1909.67  120580.0
 2076.80  117368.8
 2099.39  121437.2
 1798.26  117356.1
 1864.47  132670.7
 1982.57  119844.9
 2155.53  123084.1
 1979.41  114280.5
 1747.56  110436.6
 1800.41  127692.4
       p2p2       
 KB/s in  KB/s out
 1806.93  130883.7
 2143.86  107467.8
 1945.56  114809.6
 1700.41  120319.3
 1896.02  110217.9
 1995.88  117691.9
 1980.63  110192.7
 1818.77  129395.9
 2116.01  113950.3
 1818.09  121471.1
 2070.53  131877.1
 1993.06  127440.9
 2026.65  121319.9
 1797.83  136181.2
 1861.81  126067.9
 1976.99  108976.6
 2106.39  111397.9
 1822.26  124012.8
 1796.08  114854.0
 1667.47  113269.1
 1837.96  121249.3
 2146.38  123591.4
       p2p2       
 KB/s in  KB/s out
 1914.94  128133.4
 1781.11  126664.9
 1986.54  138966.2
 2037.13  112700.6
 2088.24  117769.2
 1819.03  125572.1
 1732.54  121390.5
 1910.79  117457.3
 1944.89  124402.6
 1974.80  128515.9
 1654.81  111892.1
 1751.93  130724.7
 2070.70  119123.7
 2012.97  100902.8
 1929.45  119371.5
 1893.05  127862.7
 1740.54  124780.7
 1718.61  98099.61
 1968.86  125312.6
 1822.63  131613.2
 1765.55  103927.2
 1816.78  118810.6
       p2p2       
 KB/s in  KB/s out
 1851.19  133476.9
 1931.49  117335.0
 1779.66  122319.0
 1877.56  141416.8
 1916.91  142455.6
 1586.05  120294.6
 1873.59  128701.1
 1983.24  110212.4
 1840.57  116651.3
 1979.69  122102.5
 1944.12  122954.2
 1849.02  136459.0
 2020.62  114484.5
 1560.55  120487.8
 1830.48  134907.8
 1831.76  122402.1
 1919.69  135557.9
 1975.29  113424.8
 1574.06  112132.2
 2039.19  128433.5
 1598.54  116494.8
 1905.33  122388.2
       p2p2       
 KB/s in  KB/s out
 1731.13  127445.9
 1937.56  138484.5
 1925.88  138874.8
 1824.30  115768.9
 1816.95  128513.6
 1901.98  129080.7
 1932.68  128391.1
 1895.95  136076.3
 1888.19  131988.3
 1988.63  128345.1
 1765.77  129654.9
 1881.08  130895.8
 1703.04  133008.8
 1842.81  121437.3
 1906.52  138801.6
 1886.44  117942.4
 1899.71  145254.5
 1957.26  134922.7
 1808.04  126904.0
 1978.01  110660.1
 1863.36  118187.7
 1752.70  123298.6
       p2p2       
 KB/s in  KB/s out
 1930.22  104641.2
 1853.53  106367.9
 1758.26  125900.3
 2008.45  126954.0
 2054.59  152261.4
 2044.57  133152.7
 1996.33  118884.4
 1795.77  134898.1
 1834.85  122466.4
 2082.51  118273.4
 1813.17  139948.4
 1848.59  131931.5
 2073.01  125707.8
 1834.06  119163.5
 1784.20  127989.5
 1955.96  124476.2
 1917.15  122310.5
 1945.66  122251.3
 1998.34  125315.2
 1834.35  136708.1
 1870.35  120732.9
 1880.09  117331.0
       p2p2       
 KB/s in  KB/s out
 1916.89  107489.3
 1956.22  111691.5
 1877.41  145247.6
 1883.38  124128.6
 1784.66  127408.3
 1842.75  119497.7
 2087.57  113593.1
 1902.46  115477.6
 1888.57  142161.5
 1838.90  123864.3
 1831.42  123597.5
 1816.20  119704.2
 1842.15  112496.7
 1918.42  125802.7
 1861.65  124554.2
 1880.72  112717.0
 1847.35  112103.4
 1761.59  120873.1
 1841.24  117418.1
 1640.23  123123.1
 1902.44  146094.8
 2181.56  129801.7
       p2p2       
 KB/s in  KB/s out
 2056.61  119333.1
 1835.77  125389.2
 1879.09  140213.9
 2117.06  126213.6
 1907.21  143975.2
 1837.42  120016.7
 1930.03  138622.0
 1774.04  121867.8
 1909.15  137302.5
 1946.42  121599.4
 1736.83  151877.3
 1896.36  109447.9
 1795.89  124352.5
 2074.22  142056.7
 2020.56  137840.5
 1926.33  111042.6
 1812.79  126876.9
 1908.09  136167.9
 1854.25  136122.6
 1873.55  119063.1
 1806.53  125085.3
 1926.80  137561.0
       p2p2       
 KB/s in  KB/s out
 2061.65  130583.2
 1885.31  125666.8
 1935.57  108117.7
 1911.53  124056.4
 1416.14  102434.7
  624.45    613.30
  732.97    704.03
  759.33    669.91
 1474.39  70759.67
 2090.46  135537.3
 1598.43  129042.6
 2040.79  134460.2
 2094.49  132939.2
 1791.65  121532.9
 1890.91  129939.5
 1834.47  127589.2
 1796.43  130602.2
 1884.25  139762.7
 1929.50  118068.2
 1863.60  136490.9
 1855.80  112754.8
 1743.23  136548.3
       p2p2       
 KB/s in  KB/s out
 2049.10  137561.2
 1861.86  127168.3
 1922.59  125089.6
 1889.91  136182.0
 1955.73  141996.2
 2034.02  142290.9
 1911.55  132769.6
 1774.06  132416.1
 1761.68  120663.4
 1869.49  131044.6
 1939.91  122346.7
 1887.98  120106.1
 1939.59  133308.3
 1882.84  109481.3
 2118.22  152025.9
 1872.83  120033.7
 1810.99  125440.1
 1950.58  151877.1
 1993.79  134645.5
 1907.99  127995.5
 1984.16  121914.9
 1952.59  116153.1
       p2p2       
 KB/s in  KB/s out
 1884.84  131304.6
 1703.07  125986.9
 1958.18  121375.5
 1857.43  112577.6
 1635.69  111266.3
 1906.13  127052.5
 1955.96  137183.5
 1914.57  127653.9
 1870.89  122080.1
 1821.78  114211.1
 1958.37  137980.2
 1835.35  144996.3
 2132.75  143956.3
 1822.05  129693.0
 1988.26  127802.1
 1763.72  121395.4
 1673.80  136706.8
 2094.42  123736.3
 1863.15  123632.0
 1881.52  114788.6
 1703.05  125032.1
 1799.48  120627.0
       p2p2       
 KB/s in  KB/s out
 1954.35  154803.4
 1889.66  120813.1
 1773.08  119732.8
 1933.01  125578.4
 1716.76  130285.8
 2119.16  139254.7
 2007.18  129259.1
 1822.71  128714.4
 1631.70  115982.8
 1763.74  118221.0
 2022.28  123692.3
 2043.39  120563.8
 1889.58  131909.5
 1581.19  128110.8
 1634.39  132803.4
 1805.87  130087.8
 2110.54  133843.9
 1961.66  140649.3
 1886.29  130966.7
 1805.06  130045.9
 1862.83  140068.1
 1799.40  142774.7
       p2p2       
 KB/s in  KB/s out
 1960.70  122464.7
 1909.32  135390.8
 1839.32  135942.7
 2089.08  135992.2
 1972.32  133462.6
 1667.64  116307.2
 1902.24  140922.1
 1888.15  127214.5
 1875.57  141868.2
 1817.11  122070.5
 1676.50  114953.9
 1813.21  128429.8
 1915.06  133721.0
 1979.89  144400.4
 1888.76  133830.8
 1747.20  132997.0
 1999.22  128770.1
 1763.11  117282.2
 1911.39  139576.5
 1914.99  114088.5
 1993.10  135999.3
 1913.08  129839.5
       p2p2       
 KB/s in  KB/s out
 1977.72  143358.3
 1829.27  129441.2
 1763.76  141919.8
 1939.01  115787.6
 1808.44  128647.9
 1895.85  121924.7
 1881.65  125852.9
 1982.68  134741.8
 1692.76  122421.2
 1902.06  128834.9
 1977.99  137930.5
 1902.94  118999.6
 1907.01  151687.0
 1697.89  136405.7
 1855.81  125848.6
 1797.16  136089.8
 1918.98  126631.5
 1864.53  131022.1
 1852.02  130648.6
 1932.72  118995.9
 1760.58  119256.0
 2084.34  134124.4
       p2p2       
 KB/s in  KB/s out
 1775.71  128290.3
 1871.25  131778.3
 1764.86  120873.7
 1768.97  141551.6
 2012.39  119196.0
 1925.64  127719.2
 1901.42  137272.1
 1771.25  126509.6
 1900.36  124230.1
 1605.69  112819.2
 1685.88  119561.4
 1671.05  121477.5
 1933.14  143709.0
 2086.40  137321.6
 1822.06  113595.7
 1827.25  136155.2
 1941.30  130845.8
 1789.02  139938.2
 1828.45  138929.2
 1866.67  120933.0
 1987.25  122273.0
 1777.44  121334.8
       p2p2       
 KB/s in  KB/s out
 1858.32  124733.4
 1688.59  132713.7
 1940.24  145866.5
 1965.94  109424.0
 1962.87  128003.7
 1850.57  124019.7
 1887.45  126113.6
 2017.22  141881.4
 1987.42  126978.5
 1902.44  126414.0
 1661.61  118953.1
 1826.66  129297.9
 1816.85  116364.5
 2041.79  137762.7
 1945.19  151922.0
 2017.66  136896.1
 1954.39  149633.1
 1855.09  111592.2
 1998.48  155178.7
 1788.53  133920.9
 1856.59  116587.6
 1819.62  129146.0
       p2p2       
 KB/s in  KB/s out
 1785.61  121335.8
 2122.70  128819.1
 1789.21  137491.3
 1903.55  138181.3
 1798.15  122530.0
 2039.80  139217.1
 1951.69  133601.7
 1886.20  118060.8
 1755.70  126578.6
 1783.23  109543.6
 1936.23  131378.1
 1857.87  129149.6
 1877.15  125182.3
 1862.14  124667.7
 2018.29  140665.0
 2070.87  134777.9
 1961.61  124520.3
 1969.54  126141.7
 1909.06  132492.4
 1844.30  104163.3
 2148.80  133770.6
 1878.02  133984.1
       p2p2       
 KB/s in  KB/s out
 1765.33  106201.9
 1781.77  121800.6
 1946.35  127611.6
 1959.46  132496.3
 2027.14  129285.6
 1956.29  111917.6
 1883.61  128804.4
 1842.68  124043.5
 2123.28  127540.0
 1822.69  140763.2
 1830.51  130055.5
 1932.72  112488.8
 1897.27  134433.2
 2174.28  135604.9
 1985.45  137469.6
 1839.88  118610.9
 2008.44  122389.5
 2000.31  114174.0
 1833.55  131172.9
 1987.44  114402.0
 2093.07  135385.8
 1853.56  128362.4
       p2p2       
 KB/s in  KB/s out
 2021.05  122459.5
 2033.61  136294.9
 1878.73  109107.0
 2023.87  128653.1
 1768.95  124372.3
 1807.07  123524.9
 2130.99  129879.7
 1927.85  139917.6
 1660.23  114402.2
 1668.30  119683.4
 2055.38  144305.3
 2066.06  122944.9
 2074.97  122530.7
 2055.13  130289.0
 1922.77  139086.1
 2071.95  135199.3
 2131.34  117670.5
 1984.92  130524.6
 2045.72  143345.0
 1872.63  123164.9
 1915.64  141788.3
 2240.00  126568.3
       p2p2       
 KB/s in  KB/s out
 2146.83  131896.5
 1949.36  132677.2
 2157.36  116903.0
 1972.91  109869.2
 2183.24  131612.9
 2052.06  117800.0
 1869.59  104216.0
 1696.46  133488.6
 2078.58  126195.6
 2084.68  137641.3
 2157.53  123226.1
 1900.79  120389.8
 1957.15  131780.6
 1987.88  111440.8
 2240.19  120274.1
 1656.00  86469.12
 2097.78  143668.8
 1879.74  121092.6
 2085.32  132882.7
 2269.45  144943.7
 2178.61  114377.1
 1861.65  129863.8
       p2p2       
 KB/s in  KB/s out
 1891.62  122095.1
 1994.32  117109.4
 2125.90  140515.8
 1975.68  109000.3
 1887.08  126607.0
 1812.06  127792.1
 1895.33  103094.7
 2110.56  144485.0
 2274.50  120293.3
 1753.14  127930.3
 1868.27  133341.8
 2170.76  136166.5
 2097.48  101929.8
 2001.41  130041.3
 2117.71  116101.4
 1877.65  115773.1
 2038.34  134181.7
 2335.41  121089.9
 1976.18  122979.1
 1691.86  107309.9
 2208.73  124774.3
 1893.46  119747.8
       p2p2       
 KB/s in  KB/s out
 1956.18  131377.8
 2256.62  124165.5
 2073.40  121808.5
 1896.84  96794.91
 1930.70  127913.9
 2248.29  122610.8
 1856.53  112319.1
 1857.77  132104.1
 1942.80  117918.9
 1913.58  129519.5
 2228.84  117627.6
 2213.61  130209.7
 2019.60  118389.9
 1859.56  133049.2
 2037.29  120360.7
 2111.64  136849.9
 1962.45  110332.4
 1891.00  127611.5
 1833.13  117645.8
 1984.57  139059.7
 2627.20  131320.6
 1910.12  128919.1
       p2p2       
 KB/s in  KB/s out
  804.89    799.48
  709.05    655.21
  919.68    762.49
  969.08    833.14
  780.80    575.87
  813.08    791.67
  618.66    592.17
  738.85    736.62
  738.09  18025.67
 1837.49  79534.78
 1900.77  131226.2
 1726.69  101018.1
 2071.35  112235.6
 2355.73  120039.6
 2283.78  143794.7
 1938.10  170354.8
 1828.20  107092.0
 2315.99  118243.2
 2315.11  123408.7
 2203.67  143175.2
 1807.16  120304.8
 1979.23  139299.3
       p2p2       
 KB/s in  KB/s out
 2063.41  122993.0
 2440.37  124274.5
 2225.49  116149.0
 1870.46  143806.0
 2046.50  136599.2
 2122.01  132818.3
 2059.54  123739.6
 2579.97  142598.0
 1974.98  129594.8
 1722.88  130222.3
 2335.81  127701.5
 2828.89  133777.1
 1715.53  119743.9
 1962.58  122692.1
 1966.20  128594.9
 1898.89  123113.5
 2519.58  132993.3
 2495.61  130618.5
 1812.55  119901.3
 1928.80  138972.1
 2142.84  133393.8
 2829.08  139576.4
       p2p2       
 KB/s in  KB/s out
 2046.59  120181.4
 1856.14  121050.9
 1863.53  128677.8
 1948.38  118606.6
 2530.49  139914.6
 2482.95  113299.7
 1759.67  108896.7
 1889.48  123758.5
 2306.22  122369.4
 2973.91  127170.1
 1777.52  104128.5
 1915.58  125708.0
 1804.82  135512.2
 2364.32  120996.3
 2642.55  134662.2
 2569.52  139348.3
 1941.17  144257.4
 2024.26  113085.7
 2007.74  120952.8
 2787.50  141737.9
 2677.49  117483.7
 1888.09  136566.5
       p2p2       
 KB/s in  KB/s out
 1984.50  142155.6
 2533.34  139050.1
 3028.67  116760.4
 2321.53  143889.9
 1841.62  133491.0
 1783.18  127781.6
 2041.50  119048.8
 2714.29  122379.4
 2897.42  134291.5
 1815.03  128803.0
 1867.36  116713.0
 2311.96  137031.9
 3085.06  132018.9
 2163.78  112270.9
 1910.14  129676.7
 1745.61  114377.6
 2247.14  134828.1
 2747.20  127011.2
 2867.82  135353.6
 1933.33  132745.1
 2113.16  138487.9
 2403.82  138873.8
       p2p2       
 KB/s in  KB/s out
 3607.82  137561.5
 2040.07  138929.6
 2021.40  132962.7
 2059.92  119801.5
 2205.41  111916.3
 2920.37  127108.7
 2562.81  120750.9
 2036.71  126777.0
 1931.08  130303.6
 2459.31  121253.2
 3118.85  138691.5
 2072.88  126644.1
 1947.31  132356.6
 2034.81  123697.0
 1963.72  123261.1
 2779.95  125634.8
 2598.77  126849.5
 1904.13  123288.9
 1965.02  122378.1
 2421.03  110918.4
 1798.84  127374.1
 3306.26  153264.8
       p2p2       
 KB/s in  KB/s out
 2012.66  120414.7
 1940.62  132363.7
 2167.00  140415.0
 3247.65  123373.2
 2388.26  112304.4
 1987.15  134019.0
 1626.90  112755.8
 2147.33  123747.1
 2819.09  129709.5
 2669.67  142490.2
 1931.79  140340.7
 1834.19  133779.1
 2322.16  120108.7
 3197.12  135242.7
 2222.57  142888.4
 1791.32  131087.4
 1875.00  133624.0
 2062.20  117949.6
 2907.74  131198.9
 2558.86  140680.5
 1832.16  130939.5
 1984.20  128304.8
       p2p2       
 KB/s in  KB/s out
 2224.88  117258.7
 3288.84  121889.8
 2053.40  138182.6
 1764.60  118361.9
 2018.43  128917.1
 2161.24  122949.6
 2940.15  123614.0
 2475.85  118539.2
 1797.82  110446.8
 2034.31  125932.7
 1978.66  125696.3
 2974.41  123761.9
 2609.30  140967.9
 1819.73  141883.8
 2008.08  121031.9
 2336.32  139844.5
 2570.27  121786.8
 2514.19  137443.0
 1861.51  116490.2
 1828.67  133656.9
 2352.83  142006.5
 3022.48  125449.6
       p2p2       
 KB/s in  KB/s out
 2171.20  126979.8
 1866.41  136667.4
 1922.74  119617.5
 2069.33  139273.8
 2790.63  136540.9
 2648.47  118252.1
 1914.47  126533.2
 1693.12  121261.9
 2321.11  117175.3
 3237.74  114031.0
 2189.86  125450.8
 1829.44  127289.3
 1876.64  133027.8
 1999.60  149806.9
 2814.98  98129.21
 2595.30  129484.0
 1676.50  140054.7
 1792.08  123099.6
 2337.16  104360.9
 3263.46  133498.5
 2188.61  127650.3
 1785.46  127663.0
       p2p2       
 KB/s in  KB/s out
 2067.17  135547.9
 2087.16  145159.2
 2759.64  131293.0
 2714.99  127360.5
 1853.98  132381.3
 1893.42  115194.2
 2322.73  136600.0
 3261.89  132065.8
 2162.28  132374.1
 1920.35  131054.3
 1922.95  125579.1
 1992.73  138213.5
 3001.85  125640.1
 2688.62  145938.9
 1768.66  110653.2
 2018.53  123573.0
 2438.28  123888.3
 3183.08  131904.3
 2049.48  136580.5
 1859.94  127560.5
 1878.29  132684.5
 2192.15  136207.7
       p2p2       
 KB/s in  KB/s out
 3038.35  124841.6
 2601.20  145367.2
 1908.02  137160.8
 2110.04  125748.2
 2472.59  133178.9
 2506.90  122746.0
 2560.18  136677.3
 1839.83  139338.0
 1809.95  135322.9
 2379.87  117172.5
 2909.67  120449.5
 2184.74  125825.6
 2048.18  139666.2
 2078.04  134845.5
 2563.47  136419.2
 2293.87  122443.8
 2763.27  135162.3
 1903.58  133425.1
 2030.26  134490.5
 2397.13  123607.7
 3239.34  143755.0
 2191.24  141531.1
       p2p2       
 KB/s in  KB/s out
 1841.76  142361.0
 2116.75  132080.5
 1945.94  143629.1
 2750.57  123593.5
 2773.95  126458.6
 1921.94  140286.6
 1843.11  147611.6
 2417.35  119411.4
 3255.67  131452.6
 2070.05  130391.3
 2132.32  136520.2
 2044.20  127594.6
 1974.05  140976.9
 2875.07  115104.2
 2534.65  138109.9
 1939.69  138821.3
 1893.41  122838.7
 2457.62  124500.7
 3261.60  141993.2
 1915.21  137766.2
 2008.87  147171.0
 2036.85  141004.5
       p2p2       
 KB/s in  KB/s out
 2098.11  127733.1
 3326.50  140038.0
 2390.82  104062.9
 1738.61  138389.0
 2023.92  132945.4
 2882.68  132458.3
 2112.61  129922.1
 2823.46  143257.9
 1840.59  115267.1
 1977.33  150520.2
 2378.17  126607.3
 3194.05  119429.2
 2223.60  134467.2
 1943.04  134917.5
 2127.01  145451.0
 2887.30  150893.5
 2187.48  116408.9
 2283.87  120643.7
 1778.17  132664.0
 1950.01  124954.8
 2293.74  142550.4
 3073.63  146194.9
       p2p2       
 KB/s in  KB/s out
 2250.86  125671.1
 1750.80  128220.8
 2175.04  147022.7
 2928.66  137606.2
 1764.70  124712.2
 2948.64  129756.8
 1809.62  124386.5
 2028.74  152566.2
 2495.02  131198.1
 3347.52  138788.3
 2024.80  141436.2
 1967.34  122049.8
 1948.34  135482.4
 2186.13  134368.6
 3035.99  126442.4
 2445.02  137684.2
 1845.23  129285.2
 1977.36  146123.2
 2565.85  141571.7
 3126.92  114476.9
 2083.76  144708.2
 1797.17  134950.0
       p2p2       
 KB/s in  KB/s out
 1913.11  140814.5
 2290.30  125441.5
 3267.44  141152.5
 2409.98  142367.0
 1985.81  122714.7
 1837.59  115865.4
 2067.75  128586.9
 2942.25  113538.3
 2559.38  127406.9
 1862.40  115826.1
 2006.80  151144.5
 2302.53  130436.0
 3071.27  122464.7
 1994.44  126318.3
 1775.15  109346.4
 1725.22  125994.5
 2227.90  123545.6
 3013.60  124701.2
 2604.33  151921.2
 1885.49  127784.1
 2117.87  125992.2
 2384.53  135038.4
       p2p2       
 KB/s in  KB/s out
 3046.08  144672.4
  563.15   5215.10
  622.98    611.38
  819.32    774.66
  907.39    645.77
 1578.25    912.58
  753.29    623.74
  545.38    514.42
  571.08    580.27
  764.44    751.00
  707.42  16932.13
 1846.78  81099.57
 1948.46  110810.5
 1921.23  121623.7
 2213.39  143267.1
 2651.38  125453.3
 2520.03  116325.5
 1869.41  142539.7
 2123.14  125084.1
 2382.28  133581.2
 3372.98  135698.9
 1925.25  130314.5
       p2p2       
 KB/s in  KB/s out
 1863.15  133164.6
 2050.76  130095.1
 2388.02  129107.1
 3252.00  132469.6
 2204.38  141448.7
 1963.69  131728.8
 1967.90  148795.8
 2346.94  135809.6
 2489.76  149614.1
 2668.89  131527.4
 1815.99  136791.1
 1944.10  122591.5
 2675.66  118622.0
 3326.37  143186.2
 2115.81  122684.4
 1727.59  144335.3
 2217.47  127377.6
 2566.66  134450.1
 2303.11  123575.2
 2679.70  143788.5
 1766.69  135530.2
 1720.76  116785.3
       p2p2       
 KB/s in  KB/s out
 2416.70  127495.0
 3158.56  120102.1
 2010.48  132374.8
 1902.59  121385.9
 2093.78  138722.6
 2411.94  119289.2
 2361.48  116248.6
 2471.33  121211.2
 1860.13  125771.6
 1808.14  129757.7
 2553.13  151350.1
 3190.44  120996.6
 2032.47  139879.7
 1971.30  111726.6
 2091.89  106743.4
 2064.16  131599.8
 2945.24  132152.6
 2502.42  137037.8
 1961.96  130996.9
 1994.27  102590.2
 2404.40  126226.8
 3083.73  132151.6
       p2p2       
 KB/s in  KB/s out
 1800.69  134834.4
 2013.68  139065.3
 2214.09  129777.8
 2361.65  105743.6
 2253.09  123058.3
 2614.19  133384.0
 1871.76  135986.3
 2101.10  131585.4
 2564.32  119377.8
 2997.83  119614.9
 1807.59  130617.9
 1922.92  134598.7
 1924.58  132001.5
 2212.42  109454.5
 3097.38  145731.9
 2551.96  133486.7
 1898.29  145257.3
 2248.67  141085.4
 3001.72  117710.0
 1912.89  137751.1
 2646.42  136403.3
 1921.63  121282.3
       p2p2       
 KB/s in  KB/s out
 2075.08  149620.4
 2635.90  142532.4
 3282.21  127424.0
 2093.65  119652.4
 1996.92  117041.8
 2117.64  134018.0
 2356.02  123811.9
 2563.11  141035.7
 2604.36  137662.2
 1809.12  126563.8
 2259.47  132642.0
 2449.37  121934.0
 3189.07  130275.4
 2068.94  134599.8
 1907.28  112026.9
 2272.05  135423.4
 3003.78  130232.1
 2729.56  124487.7
 1765.95  127864.4
 1988.61  124946.3
 1981.11  112984.5
 2660.91  147712.5
       p2p2       
 KB/s in  KB/s out
 3317.74  132829.2
 1994.86  136003.7
 1814.46  112638.9
 1844.76  131931.8
 2576.49  140989.2
 3131.43  124199.5
 2271.59  127825.9
 1918.98  124382.1
 2111.28  132145.3
 2881.61  106002.6
 2222.29  133454.7
 2253.05  127390.5
 1839.92  133811.9
 1912.33  113113.9
 2392.67  132411.7
 3390.90  125621.9
 1900.78  129488.5
 1605.97  122364.3
 2291.78  119123.7
 2952.19  127062.1
 2350.40  124490.5
 2363.93  121669.4
       p2p2       
 KB/s in  KB/s out
 2059.71  130073.7
 2000.08  118423.9
 2565.05  130876.9
 3300.83  119458.2
 1992.99  131590.0
 1978.85  129347.9
 2000.03  120700.2
 2325.67  134751.8
 3013.58  138026.0
 2248.79  129795.8
 1942.43  119646.0
 2159.03  123184.3
 3345.98  140755.6
 2709.96  137179.7
 1925.51  141620.5
 1900.56  121618.6
 2041.71  111618.6
 2425.75  131171.1
 3411.95  138314.3
 1912.91  127082.7
 1882.84  151913.0
 2259.75  142442.4
       p2p2       
 KB/s in  KB/s out
 2742.27  118739.4
 2615.04  143057.4
 2441.77  144320.9
 1816.47  119102.1
 2224.45  131471.2
 2770.22  137308.9
 3029.16  128735.8
 2006.45  132369.2
 1903.03  130237.1
 1913.08  139606.2
 2639.96  126088.4
 3194.27  150024.7
 2106.34  123491.6
 1862.31  133299.4
 2192.32  112310.6
 3102.84  128191.9
 2787.22  146331.9
 1881.69  125564.4
 1896.82  154404.8
 2101.90  113818.6
 2536.97  120157.4
 3173.65  102079.4
       p2p2       
 KB/s in  KB/s out
 2197.85  135107.7
 2007.56  152976.6
 2211.93  136970.9
 3162.68  143568.6
 2807.09  133620.2
 2057.84  138288.3
 1930.11  134552.1
 2024.44  143051.6
 2488.19  117504.7
 3218.43  143070.6
 2134.95  140139.2
 1838.22  134008.5
 1949.31  129974.3
 2610.18  136373.9
 2620.32  133266.7
 2642.78  135526.5
 1907.41  118145.4
 2165.27  115706.3
 2848.44  140751.3
 2958.40  145910.8
 1898.43  124722.1
 2175.03  138797.6
       p2p2       
 KB/s in  KB/s out
 1838.61  132157.4
 2534.34  141049.5
 3285.55  151803.9
 2127.34  129283.9
 1866.23  133027.9
 2136.37  122506.6
 2944.90  122397.7
 2692.27  138980.6
 1854.57  119591.7
 1939.03  125824.4
 2097.79  132527.4
 2491.05  137839.0
 3138.13  104792.7
 1957.36  142643.5
 2027.10  137737.1
 2182.46  143103.1
 3028.08  128239.5
 2593.74  139924.9
 1898.39  129821.3
 1822.27  123993.5
 2032.36  129528.5
 2402.77  130486.1
       p2p2       
 KB/s in  KB/s out
 3259.13  121846.9
 2053.11  109324.5
 1755.96  124434.5
 2247.28  135612.4
 2927.40  137084.9
 2305.27  133409.3
 2612.51  152965.7
 1890.52  129834.4
 2069.55  132660.7
 2437.88  131375.1
 3339.62  147353.8
 1958.98  131365.3
 2116.74  136215.7
 2057.79  135909.4
 2240.88  147609.5
 3124.58  125727.6
 2238.96  138361.7
 1724.28  94068.58
 2269.80  141460.9
 3001.51  113208.2
 2080.22  145028.0
 2174.90  138717.6
       p2p2       
 KB/s in  KB/s out
 1857.10  134237.8
 2079.19  127138.8
 2510.80  138716.6
 3284.95  161932.6
 1910.90  123460.0
 1666.59  138144.4
 2274.45  126369.6
 1959.82  126895.9
 2990.44  129169.8
 2176.97  124988.2
 1966.27  133699.9
 2271.95  134690.5
 2723.43  116195.6
 2622.57  134680.3
 1972.23  125931.4
 1894.14  135990.6
 2416.91  127425.6
 2042.32  158016.8
 3105.53  129446.9
 2186.31  151280.1
 1849.03  116339.1
 2325.83  136324.0
       p2p2       
 KB/s in  KB/s out
 2829.33  145414.2
 2715.05  118086.0
 1957.87  137595.7
 1892.27  124741.1
 2135.33  138993.2
 2283.41  117887.8
 3066.69  129225.7
 2098.87  130569.4
 1952.90  128745.5
 2034.01  116779.4
 2895.70  120803.2
 2610.00  140540.8
 1735.34  129273.8
 1861.90  102301.5
 2048.33  148199.0
 2231.17  127628.7
 3087.48  132642.3
 2191.63  122026.7
 1911.34  122190.4
 2216.67  134986.3
 2899.27  133354.0
 2691.65  126849.4
       p2p2       
 KB/s in  KB/s out
 2005.70  115673.6
 2097.21  152389.0
 1990.83  135969.3
 2592.67  145906.6
 3068.83  132970.2
 2065.01  124828.6
 1754.07  144410.1
 2278.19  137846.5
 3082.09  142899.3
 2445.84  130243.9
 1864.34  131562.4
 1782.26  134595.8
 2133.65  128200.3
 2579.46  146994.5
 3079.12  116872.9
 1757.22  136409.1
 2032.51  141779.9
 2313.43  122754.4
 2486.45  131270.2
 2322.39  120501.5
 2154.84  132642.8
 1598.92  134205.3
       p2p2       
 KB/s in  KB/s out
 2132.43  125613.0
 2880.63  118371.5
 2663.49  125430.8
 1205.44  97299.52
  459.66    443.64
  649.10    502.46
 1084.74    784.75
 1675.93    856.88
  734.75    650.74
  588.65    589.73
  482.76    483.93
  540.57    547.44
  606.65    598.75
  727.47    729.18
  877.72  31628.00
 2035.16  126987.6
 2217.64  148696.3
 2736.07  141987.9
 2122.43  117858.6
 1961.79  120097.3
 2228.41  121362.3
 2811.35  117654.1
       p2p2       
 KB/s in  KB/s out
 2724.54  142163.5
 1918.60  120011.5
 1924.13  126336.3
 2468.49  144255.8
 2724.87  137199.5
 2561.38  137590.4
 1963.91  125722.8
 1819.20  131951.9
 2178.89  130614.0
 2911.85  120488.8
 2726.70  130010.2
 1944.30  135270.8
 1969.76  117091.8
 2200.13  122201.3
 2125.25  147860.7
 3001.72  123171.8
 2042.03  124763.6
 1979.76  151038.0
 2074.64  120781.7
 3002.06  144608.1
 2635.64  128162.9
 1985.99  122346.1
       p2p2       
 KB/s in  KB/s out
 1754.85  109411.7
 1468.28  40991.10
 2399.11  128706.1
 3052.28  127770.7
 1936.69  121874.9
 1968.53  126966.0
 2390.15  125005.4
 2863.17  131490.9
 2151.42  126004.4
 2019.15  127491.9
 1617.31  119121.5
 1959.98  125540.8
 2891.80  117923.5
 2579.88  117619.4
 1759.94  119536.1
 1707.10  115757.8
 2318.14  110621.9
 2198.17  115564.2
 2877.07  119628.9
 1508.07  117009.1
 1714.06  107291.5
 2112.87  130042.9
       p2p2       
 KB/s in  KB/s out
 2802.20  135480.5
 2576.86  125565.2
 1941.78  117971.6
 1759.27  132724.9
 2421.97  133926.4
 2464.88  109664.3
 2257.42  114346.9
 1878.85  122748.7
 1684.08  108959.5
 2100.59  127012.9
 2688.14  126758.4
 2668.93  121383.3
 1647.93  130474.8
 1522.97  125610.4
 2710.71  120351.5
 2292.92  121967.5
 2502.74  130200.1
 2044.41  123032.1
 2131.40  142635.8
 1809.93  138900.2
 3488.17  111981.3
 2037.79  123907.8
       p2p2       
 KB/s in  KB/s out
 2050.26  130289.7
 1988.02  134876.0
 2221.81  136026.4
 2454.87  130211.9
 2769.42  124860.8
 1913.76  125757.6
 1806.52  120635.8
 2406.98  114901.9
 2300.27  133113.6
 2500.75  126056.6
 2116.78  117864.1
 1783.89  119532.5
 1884.07  132670.6
 2484.62  125831.1
 2631.71  127711.9
 2127.75  120306.8
 1778.60  131003.6
 2379.71  120797.4
 2985.99  133287.2
 2366.56  141112.4
 1849.96  140939.4
 1554.30  133283.6
       p2p2       
 KB/s in  KB/s out
 2016.51  129766.9
 2825.38  112433.1
 2774.27  87728.48
 1794.89  129747.7
 2041.00  115445.6
 2170.17  143786.7
 2626.39  130300.4
 2473.16  130855.8
 1612.32  125555.0
 1826.53  120171.7
 2144.26  122133.6
 2676.58  114257.8
 2593.59  115040.4
 2026.83  120649.1
 1680.53  120508.9
 1911.91  119811.0
 2066.62  123019.1
 2749.13  115114.2
 1906.68  123283.9
 2036.20  131009.7
 2202.91  129278.3
 2951.13  129174.0
       p2p2       
 KB/s in  KB/s out
 2357.74  122036.4
 1943.47  121457.4
 1907.95  135996.3
 1863.35  125135.5
 2785.28  125936.0
 3154.38  136982.3
 1426.99  136569.8
 1726.11  107891.0
 2749.46  116825.7
 3197.69  133235.4
 2070.00  145288.7
 2118.00  126090.1
 1733.23  114327.6
 2052.05  125644.7
 2576.64  108777.2
 2845.03  122347.9
 1933.43  115286.9
 1464.49  134000.1
 1851.84  128742.1
 2919.56  128110.6
 2255.69  81768.02
 1718.37  81272.00
       p2p2       
 KB/s in  KB/s out
 1775.86  104118.5
 2085.23  140760.8
 2750.01  128553.0
 2553.74  124243.9
 1864.53  134580.4
 1909.32  134370.3
 2161.78  126719.7
 3263.54  125465.8
 1995.01  129653.8
 1746.77  119285.2
 1611.87  131629.4
 1917.50  126714.9
 2761.53  147728.3
 2802.15  97528.05
 1658.59  48904.80
 1834.91  113586.5
 1974.75  124384.9
 2725.97  117408.1
 2306.69  127804.8
 1849.10  121328.0
 1459.82  121199.7
 1957.49  107156.9
       p2p2       
 KB/s in  KB/s out
 2699.91  125923.3
 2487.87  121618.9
 1452.82  112403.3
 1672.59  128945.7
 2676.13  110925.6
 3195.31  131595.8
 1895.81  115721.5
 1912.36  147893.9
 1891.46  137827.8
 1957.59  118068.4
 3025.65  135711.9
 2661.28  128358.0
 1879.62  91933.85
 1962.82  142556.5
 2059.65  133925.1
 2340.09  144215.3
 3307.54  130213.6
 1792.21  132279.3
 1945.40  135840.0
 2361.51  147829.3
 3005.07  123275.1
 2208.30  143419.5
       p2p2       
 KB/s in  KB/s out
 1816.88  140390.4
 1825.46  129603.3
 2074.39  132602.6
 2786.09  124740.5
 2594.63  124506.4
 1621.48  125639.2
 1989.64  125633.2
 2204.11  127224.7
 2994.21  119287.9
 1713.49  137755.2
 2077.08  133779.5
 1858.28  71366.47
 2245.20  140247.9
 2946.82  132046.2
 2312.97  137682.9
 1838.28  135822.1
 2146.04  134877.1
 2530.44  143658.4
 1854.44  126652.1
 3218.56  148559.1
 1925.81  124017.4
 1959.03  126053.7
       p2p2       
 KB/s in  KB/s out
 2182.37  135032.9
 3097.41  123481.9
 2375.13  119321.2
 1675.84  121057.0
 2138.01  148561.1
 2221.34  128234.9
 2199.38  134830.8
 3112.70  122812.4
 1892.22  134394.9
 1970.43  130253.5
 2449.33  123326.8
 3232.23  134031.0
 2277.44  124128.5
 1946.01  140996.5
 1776.46  126857.8
 2361.54  128118.0
 2942.24  129947.5
 2555.65  110919.3
 1497.91  129411.8
 1940.16  142202.3
 2264.46  133845.8
 2088.67  124125.6
       p2p2       
 KB/s in  KB/s out
 2899.07  120998.0
 1941.44  128883.2
 1978.22  133874.5
 2034.98  109996.3
 3000.98  107724.1
 2008.85  118599.5
 1573.48  116532.0
 1628.25  142405.5
 2204.74  122606.7
 2740.78  122611.0
 2372.49  118928.7
 1502.45  127601.9
 1663.12  116345.6
 2462.81  120314.5
 2835.50  61359.90
 2116.32  115190.1
 2006.09  142225.1
 1642.62  135411.4
 2292.12  139195.1
 2836.95  132594.5
 2502.16  111860.5
 1938.00  132376.3
       p2p2       
 KB/s in  KB/s out
 1847.51  122030.5
 2241.95  130463.1
 2604.29  123297.6
 2143.10  137828.8
 1899.07  126302.7
 2362.55  144005.5
 2076.64  123027.1
 2851.94  124053.1
 2128.41  127849.9
 2024.90  140735.3
 2049.15  123636.7
 1806.60  127622.6
 2727.73  130320.9
 2898.69  121912.3
 1702.99  125676.0
 2435.47  212937.8
 2014.13  125500.9
 2452.13  119772.2
 1212.16  27832.96
 1620.93  17856.01
 1184.60   1331.21
 1899.40  106029.8
       p2p2       
 KB/s in  KB/s out
 2316.03  138268.1
 1971.32  114347.6
 1692.54  121255.6
 1609.08  135808.7
 2354.76  59192.98
 3333.71  106104.6
 1717.39  122599.8
 1982.38  121887.6
 1628.36  130224.5
 1892.40  137669.2
 2477.86  111850.9
 2505.66  129636.7
 2127.04  99554.53
 1919.50  115837.0
 2436.08  130914.0
 2602.05  117792.3
 2547.54  136035.2
 1672.38  119215.3
 1877.56  107655.1
 2250.17  109523.7
 3131.79  114111.4
 2168.21  125301.3
       p2p2       
 KB/s in  KB/s out
 1537.01  115854.5
 1510.29  110022.2
 1696.17  114674.8
 2456.12  120709.3
 2534.40  93113.80
 1691.10  64286.07
 1935.13  117683.4
 1971.89  141064.6
 2498.37  136987.1
 1412.39  101956.1
  637.69    624.88
  668.68    566.57
  651.89    630.25
 1292.42    681.14
 1111.43    693.46
  557.56    521.71
  705.27    716.90
  431.48    422.09
  732.21    738.23
  521.85    516.27
  663.84    657.81
  483.16    483.92
       p2p2       
 KB/s in  KB/s out
  387.07    388.95
  482.00    480.70
  784.03    790.32
  673.30    663.29
  519.39    520.46
  548.57    549.51
  577.07    582.47
  834.88    833.81
  900.64    911.78
  653.54    646.25
  547.93    543.97
  649.56    652.18
  501.39    508.79
  597.15    592.26
  769.04    764.81
  554.45    552.02
  639.50    638.93
  698.18    703.80
  738.49    760.01
  613.15    588.62
  877.23    872.67
  801.33    821.50
       p2p2       
 KB/s in  KB/s out
  721.24    722.36
