       p2p2       
 KB/s in  KB/s out
  769.26    740.35
  532.17    470.56
  707.75    632.45
  584.99    529.92
  855.24    782.30
  591.90    553.02
  811.88    803.82
  982.95    900.02
  658.41    605.74
  624.17    609.46
  740.59    682.03
  755.85    673.65
  842.14    779.02
  640.15    575.53
  822.95    812.09
  561.20    463.85
  663.37    655.16
  766.71    701.70
  757.15    681.84
  627.46    613.35
  798.40    733.94
  602.82    537.35
       p2p2       
 KB/s in  KB/s out
  725.65    668.98
  723.24    693.50
 1336.58   1192.20
 1458.11   1419.33
 1507.53   1107.28
 1681.71   1326.52
 1589.74   1141.92
 1964.93   1796.58
 1877.81   1683.88
 1905.13   1372.52
 1562.27   1589.18
 1355.03   1074.70
 1397.42   1197.21
 1810.24   2368.36
 1930.58   1750.01
 1521.48   1057.92
 1596.45   1857.55
 1684.99   1135.22
 1830.83   1383.68
 1512.90   1783.58
 1622.16    612.10
 1691.78   1084.59
       p2p2       
 KB/s in  KB/s out
 1647.58   1197.81
 1453.46   1313.16
 1723.53   1281.86
 1852.64   1105.08
 1407.51   1224.66
 1687.96   1258.43
 1752.32   1318.64
 1591.32   1353.21
 1554.27   1008.04
 1392.99    988.72
 1605.82   1389.55
 1560.67   1356.69
 1285.86   1302.30
 1794.62   1584.58
 1416.77   1444.72
 1532.30   1195.19
 1664.15   1785.15
 1754.18   1623.97
 1553.15   1026.65
 1854.23   1594.44
 1503.57   1005.11
 1432.17   1170.06
       p2p2       
 KB/s in  KB/s out
 1690.82   1025.86
 1887.54   1368.10
 1579.75   1364.71
 1208.76    892.66
 1859.40   1823.67
 1560.39   1270.02
 1791.56   1394.45
 1990.20   2076.70
 1440.33   1210.74
 1523.04   1190.63
 1569.60   1637.45
 1932.82   1638.50
 1332.11   1152.55
 1602.86   1177.84
 1671.84    859.12
 1272.26    971.39
 1753.96   1193.54
 1762.26   1761.47
 1752.14   1739.44
 1554.61   1461.35
 1787.26   1634.10
 1589.59   1229.41
       p2p2       
 KB/s in  KB/s out
 1522.21   1304.10
 1361.15   1189.66
 1703.57   1586.20
 1814.85   1428.44
 1630.63   1498.51
 1606.59   1216.60
 1682.96   1076.48
 1353.48    984.73
 1731.38   1565.00
 1760.91   2184.07
 1414.11   1431.19
 1657.56   1105.89
 1656.74   1172.47
 1653.26   1201.09
 1685.93   1226.00
 1252.18    892.29
 1328.40   1471.84
 1665.14   1398.33
 1598.35   1350.76
 1858.89   1710.24
 1429.46   1035.54
 1324.46    870.84
       p2p2       
 KB/s in  KB/s out
 1647.57   1478.03
 1674.86   1550.28
 1728.63   1605.80
 1816.65   1323.00
 1749.47   1459.08
 1660.77   1208.33
 1440.84   1161.11
 1516.50   1547.44
 1806.20   1135.56
 1701.60   1333.31
 1527.27   1459.50
 1680.09   1411.71
 1871.71   1901.60
 1641.08   1735.59
 1648.53   1438.67
 1623.14   1095.55
 1727.32   1225.86
 1853.35   1588.21
 1412.02    900.82
 1394.49   1286.55
 1401.10   1401.21
 1558.58   1466.29
       p2p2       
 KB/s in  KB/s out
 1476.68   1225.68
 1576.57   1072.10
 1555.78   1708.99
 1716.59   1434.47
 1638.54   1228.71
 1441.05    809.80
 1701.57   1335.84
 1825.57   1272.11
 1481.12   1032.48
 1761.89   1510.60
 1583.64   1360.14
 1729.17   1500.06
 1694.62   1537.35
 1637.58   1535.59
 1967.68   1580.12
 1969.55   1562.32
 1570.61   1692.13
 1542.84   1251.26
 1671.94    946.30
 1852.40   1565.98
 1693.92   1463.71
 1924.71   1317.96
       p2p2       
 KB/s in  KB/s out
 1735.86   1580.29
 1642.59   1637.76
 1579.26   1736.60
 1675.06   1224.05
 1892.80   1751.47
 1594.07   1402.04
 1716.52   1296.28
 1357.67   1427.31
 1798.20   1405.43
 1239.30   1153.98
 1702.23   1627.13
 1478.80   1293.93
 1492.33   1609.13
 1562.62   1200.52
 1415.26   1155.79
 1707.14   1963.17
 1621.19   1317.38
 1566.63   1225.38
 1546.95    984.80
 1930.76   1769.73
 1833.11   1567.24
 1602.14   1438.99
       p2p2       
 KB/s in  KB/s out
 1612.73   1379.59
 1684.07   1585.01
 1217.48    987.49
 1394.82    994.31
 1495.95   1048.63
 1962.83   1783.23
 1780.62   1624.17
 1603.75   1283.18
 1569.06   1126.74
 1505.09    655.56
 1579.52   1090.82
 1821.84   1481.81
 1650.24   1243.42
 1547.33   1240.21
 1627.53   1150.95
 1557.08   1539.66
 1629.95   1317.03
 1381.21    803.95
 1642.74   1677.64
 1824.99   1639.37
 1915.66   1355.52
 1604.10    694.06
       p2p2       
 KB/s in  KB/s out
 1359.96    756.89
 1801.87   1477.51
 1649.13   1446.57
 1697.29   1164.42
 1321.80   1093.07
 1833.05   1421.65
 1391.67   1041.75
 1018.38    833.01
  670.57    650.16
  810.16    743.55
  874.08    821.28
  518.88    469.84
  730.70    696.86
  718.52    677.84
  724.27    719.72
  896.57    870.51
  714.27    680.36
  886.20    823.46
  751.61    645.84
  734.73    595.80
  946.79    883.73
 1046.52    911.16
       p2p2       
 KB/s in  KB/s out
  625.17    513.42
  765.42    699.14
  804.27    775.11
  777.22    732.19
  746.28    713.55
  799.36    752.78
  648.83    594.34
  795.79    644.22
 1140.19   1028.41
  673.67    524.64
  851.41    772.91
  968.29    848.63
  884.35    750.07
  841.56    862.76
  766.61    659.62
 1019.84    893.99
  907.78    826.65
  909.30    804.33
  761.87    742.82
 1034.94    913.50
  875.31    799.97
  822.17    692.45
       p2p2       
 KB/s in  KB/s out
  738.70    661.17
  690.54    673.62
  737.94    729.64
 1031.32    914.17
  791.11    672.23
  800.99    716.47
  869.37    751.38
  758.63    664.67
  716.14    586.11
  917.68    822.99
 1044.66    994.61
  838.88    795.65
  723.79    668.80
  581.14    511.15
  853.79    760.19
 1015.18    825.58
  918.13    838.18
  961.12    870.45
  673.59    590.49
  889.32    734.24
  830.00    750.74
  884.80    818.03
       p2p2       
 KB/s in  KB/s out
  678.34    631.35
  883.88    781.20
  948.38    866.16
 1065.23    963.10
  572.27    552.90
  999.70    881.85
  911.37    831.59
  876.07    717.95
  777.38    712.05
  813.94    758.74
  908.83    810.91
  881.94    866.73
  969.13    912.44
  946.72    857.30
  734.89    622.83
  911.51    789.56
  814.24    787.03
 1044.28    893.84
  854.42    733.13
  585.73    580.47
  693.81    625.89
 1024.01    921.49
       p2p2       
 KB/s in  KB/s out
  887.05    805.08
  771.41    675.56
  818.00    818.54
  914.53    829.33
  872.30    844.98
  818.05    687.52
 1032.71    981.80
  715.99    647.08
  918.40    835.58
  850.93    718.10
  944.24    848.12
  747.61    720.72
  615.55    603.69
  916.60    838.99
  864.98    805.67
  750.01    677.54
  973.06    860.40
  775.10    698.25
  841.02    729.95
  977.12    932.21
  868.28    769.23
  886.46    777.84
       p2p2       
 KB/s in  KB/s out
  744.11    658.78
  788.76    675.46
  810.75    749.67
  945.55    896.35
  757.99    599.44
  724.34    685.86
  963.68    864.58
 1021.58    944.58
  858.81    754.33
  897.71    781.52
  798.20    730.05
  899.05    779.12
  929.29    773.09
  904.74    876.00
  766.37    696.53
  844.64    718.70
  876.17    796.58
 1222.26   1143.47
  770.93    650.41
  879.23    766.11
  637.41    566.65
  776.58    657.97
       p2p2       
 KB/s in  KB/s out
  732.84    727.11
 1109.02    989.24
  845.62    728.91
  776.18    716.92
  765.62    705.65
 1208.34   1074.70
 1106.88    929.44
 1227.85    973.79
 1392.21   1161.93
 1370.63   1194.61
 1223.49    972.49
 1188.48    855.98
 1052.33    951.10
 1345.94   1162.05
 1216.89   1123.45
 1406.32   1169.92
 1374.53   1043.20
 1168.47    859.79
 1168.02   1006.41
 1233.37    922.47
 1329.37   1079.89
 1144.05   1094.54
       p2p2       
 KB/s in  KB/s out
 1040.81    904.78
 1137.09   1010.06
 1196.71    966.66
 1493.80   1263.58
 1450.14   1139.72
 1160.46    941.00
 1142.34   1113.11
 1088.00    805.33
 1491.43   1262.19
 1224.19   1057.96
 1236.09   1103.09
 1320.00   1074.10
 1175.69    949.77
 1298.02   1183.89
 1179.40   1019.42
 1005.07    758.52
 1318.21   1220.70
 1296.75   1075.13
 1099.21    984.70
 1243.83    984.78
 1191.15    977.81
 1255.76   1050.28
       p2p2       
 KB/s in  KB/s out
 1115.01   1091.66
 1054.87    911.28
 1298.16   1075.92
 1260.81   1052.08
 1372.15   1309.03
 1121.84    853.71
 1181.65    913.73
 1581.86   1262.87
 1212.97   1101.73
  975.66    896.43
 1243.00    987.99
 1298.81   1112.21
 1323.23   1049.23
 1286.84   1045.79
 1295.72   1141.13
 1091.86    911.01
 1287.71    994.43
 1430.90   1210.17
 1051.79    829.28
 1186.23   1070.17
 1197.40   1128.38
 1199.77    986.38
       p2p2       
 KB/s in  KB/s out
 1199.25    984.76
 1322.74   1118.82
  992.74    829.75
 1341.74   1073.51
 1240.47    934.61
 1370.75   1241.23
 1019.66    998.96
 1283.97   1169.15
 1247.58   1069.51
 1036.90    847.28
 1340.95   1084.19
 1153.50   1054.46
 1134.45    992.78
 1385.32   1132.10
 1047.49    892.18
 1109.71    947.28
 1392.01   1086.38
 1354.04   1180.90
 1110.19    980.51
 1542.26   1341.06
 1142.76    883.80
 1215.32   1047.25
       p2p2       
 KB/s in  KB/s out
 1450.99   1228.54
 1018.22    894.87
 1209.40   1030.04
 1324.30   1089.43
 1487.51   1257.61
 1173.99    982.75
 1020.41    803.88
 1288.00   1021.24
 1373.86   1142.66
 1160.62   1028.47
 1236.29    989.49
 1300.23   1021.41
 1393.40   1101.21
 1003.23    983.50
 1096.17    883.50
 1347.81   1207.40
 1087.21    853.04
 1140.21    965.43
 1191.11    959.15
 1308.98   1146.12
 1160.96    937.98
 1107.60    974.37
       p2p2       
 KB/s in  KB/s out
 1304.16   1118.28
 1200.55    916.14
 1313.98   1055.77
 1333.46   1179.86
 1175.29    899.14
 1221.46   1009.17
 1222.15    990.11
 1240.42   1092.15
  967.65    923.93
 1398.86   1102.94
 1256.23   1137.78
 1284.04    968.06
 1285.70   1237.31
 1382.46   1154.60
 1124.72    959.95
  853.64    687.18
  830.26    664.28
 1117.60    961.02
 2004.43   1915.43
 1966.20   1748.58
 1946.75   1623.39
 2036.76   1647.65
       p2p2       
 KB/s in  KB/s out
 1871.74   1664.98
 1918.11   1571.70
 2390.53   2084.49
 2139.91   1639.32
 2303.89   1951.82
 1913.11   1701.65
 1917.73   1652.67
 2032.23   1893.96
 2056.97   1657.79
 2239.74   1865.23
 2069.79   1720.81
 1937.68   1676.49
 2081.70   1727.31
 1991.35   1576.87
 2093.53   1881.49
 2004.64   1712.00
 1915.56   1707.87
 2090.64   1725.24
 1965.57   1587.58
 2243.81   1807.23
 2294.41   1893.33
 2036.33   1618.44
       p2p2       
 KB/s in  KB/s out
 1888.53   1403.55
 1956.34   1698.55
 2432.53   1838.01
 2057.51   1822.51
 1708.95   1589.21
 1983.54   1598.71
 2151.36   1769.84
 2158.60   1609.50
 1850.24   1423.39
 1784.61   1600.84
 2063.49   1679.42
 2164.28   1932.33
 2028.54   1640.85
 1655.26   1605.56
 1924.35   1756.77
 2393.40   2065.31
 1840.14   1454.34
 2286.94   1818.90
 2073.43   1634.62
 2106.54   1761.68
 2192.13   1892.60
 1815.84   1664.49
       p2p2       
 KB/s in  KB/s out
 2172.71   1658.58
 2215.86   1777.38
 1861.67   1471.88
 2312.90   2030.45
 2012.95   1564.81
 2339.93   1905.95
 2093.29   1910.15
 1990.45   1719.69
 2008.58   1703.94
 1990.55   1741.66
 2286.63   1937.08
 2044.32   1778.98
 2218.77   1983.77
 1939.72   1517.86
 2115.40   1753.62
 1943.35   1668.34
 1736.49   1591.83
 2011.20   1527.65
 2181.78   1761.34
 2117.71   1619.11
 2171.59   1682.99
 1829.61   1420.21
       p2p2       
 KB/s in  KB/s out
 2034.57   1798.78
 2290.16   1834.60
 2046.91   1878.83
 2194.46   2040.01
 2103.65   1575.30
 1989.84   1851.99
 2142.38   1641.39
 2235.92   1940.73
 2262.11   1752.85
 2015.00   1676.53
 2285.13   2109.74
 2046.29   1576.10
 2192.65   1825.80
 2269.17   1785.66
 1706.27   1569.50
 2064.17   1866.62
 2226.20   1557.17
 2112.19   1785.72
 2220.13   1842.73
 1886.51   1685.01
 2099.17   1834.94
 2189.75   1854.39
       p2p2       
 KB/s in  KB/s out
 2092.43   1696.11
 2112.30   1613.95
 1923.74   1864.53
 1812.31   1664.93
 1775.33   1499.46
 1811.54   1623.96
 2368.65   1879.41
 1987.14   1633.23
 1841.95   1490.37
 2049.14   1585.08
 2392.50   2135.99
 2123.81   1813.83
 1987.65   1802.11
 1908.97   1694.41
 1926.44   1651.25
 2228.92   1827.91
 2389.64   1826.94
 2082.55   1737.16
 2038.76   1627.40
 2193.25   1769.08
 2026.64   1624.16
 2173.46   1697.84
       p2p2       
 KB/s in  KB/s out
 2172.72   1826.37
 1968.61   1858.93
 2284.53   1817.77
 2023.58   1675.91
 2332.20   1713.07
 1199.09    986.48
  842.50    617.77
  972.87    720.47
 1876.27   1591.58
 2432.34   2210.84
 1955.14   1698.23
 1966.38   1898.61
 2634.92   2207.89
 2373.77   2020.33
 2380.92   1817.82
 2165.84   1916.01
 2370.29   1882.55
 2408.15   1963.65
 2572.13   2199.28
 2364.38   1951.69
 2171.02   2028.00
 2035.86   1843.63
       p2p2       
 KB/s in  KB/s out
 2366.49   1851.63
 2248.33   2037.58
 2670.01   2065.86
 2433.36   2245.81
 2257.22   2089.23
 2379.14   1939.19
 2399.14   1930.78
 2265.13   1821.30
 2322.46   2024.52
 2534.98   2103.28
 2277.62   1906.73
 2059.15   2081.48
 2431.44   1998.46
 2197.33   1896.90
 2278.03   2041.04
 2410.60   1832.99
 2625.95   2183.61
 2496.18   1976.36
 2257.82   1804.81
 2514.49   2092.36
 2492.11   2162.13
 2318.56   2015.51
       p2p2       
 KB/s in  KB/s out
 2204.55   1995.70
 2241.08   1765.61
 2216.10   2057.08
 2619.75   2103.89
 2303.37   1932.59
 2591.23   2152.60
 2072.04   1845.26
 2373.09   2138.67
 2433.33   2166.79
 2555.81   2063.87
 2538.20   2018.72
 2175.00   2008.22
 2137.08   2069.80
 2492.81   1974.15
 2555.63   2178.66
 2418.63   1998.30
 2236.16   1850.40
 2451.13   2139.14
 2471.55   2209.20
 2342.00   1959.14
 2147.30   1952.20
 2373.52   1987.07
       p2p2       
 KB/s in  KB/s out
 2370.27   2095.07
 2482.10   1958.30
 2329.58   2004.48
 2328.67   1759.23
 2166.03   1623.77
 2530.97   2250.46
 2367.00   2061.26
 2249.64   2069.36
 2022.70   1825.40
 2649.42   2189.08
 2322.53   2057.43
 2483.02   2007.66
 2384.07   1935.03
 2318.35   1922.92
 2216.42   1911.18
 2498.96   1988.71
 2355.36   1825.78
 2295.12   1902.97
 2199.87   1872.91
 2135.94   1775.55
 2140.61   1921.16
 2300.36   2016.74
       p2p2       
 KB/s in  KB/s out
 2708.08   2205.80
 2454.70   2005.86
 1872.25   1720.98
 2398.59   1795.25
 2713.51   2303.63
 2593.64   2150.13
 2003.87   1977.67
 2339.66   1993.21
 2352.24   2134.25
 2393.15   1857.06
 2470.78   1977.80
 2299.93   1877.82
 2274.91   1960.52
 2412.45   1987.94
 2481.13   2010.06
 2381.78   2139.18
 2289.37   1981.83
 2252.78   1895.42
 2044.10   1851.72
 2440.81   1967.20
 2375.98   1933.22
 2550.15   2029.10
       p2p2       
 KB/s in  KB/s out
 2285.78   2088.03
 2422.71   2154.70
 2250.15   1993.67
 2229.64   1743.81
 2659.57   2165.22
 2337.73   2082.47
 2180.54   1947.72
 2407.09   1977.61
 2494.35   2039.56
 2440.73   1909.98
 2112.42   1897.89
 2419.26   1921.94
 2211.20   2062.89
 2215.19   1921.87
 2717.00   2087.29
 2240.41   2015.08
 2364.27   2025.69
 2506.84   1902.73
 1224.11    853.90
 1258.84    925.48
  754.50    628.42
 2257.83   1910.75
       p2p2       
 KB/s in  KB/s out
 2216.14   1883.73
 2229.42   2017.42
 2162.54   1986.64
 2415.85   2044.84
 2188.31   1980.88
 2506.16   1991.86
 2562.01   2076.03
 2442.54   1893.16
 2045.71   1800.47
 2193.67   2191.76
 2618.63   2158.69
 2497.65   2209.43
 2742.37   2173.31
 2325.70   1931.65
 2405.82   1967.62
 2317.60   1759.60
 2660.29   2227.13
 2463.38   1946.90
 2378.17   2559.78
 2336.97   2220.57
 2677.60   2341.91
 2604.72   2148.03
       p2p2       
 KB/s in  KB/s out
 2576.80   1903.22
 2298.53   1972.39
 2806.19   2410.83
 2468.87   2248.36
 2052.61   1849.45
 2706.13   2270.41
 2494.51   2102.36
 2495.02   2287.43
 2378.92   1866.30
 2385.45   2273.38
 2762.19   2196.03
 2157.77   1817.14
 2456.47   2061.40
 2560.35   2327.40
 2500.07   2028.94
 2706.42   2101.55
 2499.63   2282.03
 2379.15   2119.82
 2393.15   1984.03
 2585.27   2310.80
 2257.12   1954.77
 2533.03   2313.37
       p2p2       
 KB/s in  KB/s out
 2084.02   1685.51
 2536.60   2089.82
 2456.27   2145.25
 2470.37   2132.27
 2285.82   2011.37
 2472.92   2084.73
 2592.38   2241.83
 2537.05   2156.09
 2638.46   2030.02
 1979.28   1673.86
 2388.40   2232.10
 2700.39   2187.06
 2651.38   2305.69
 2643.66   1913.57
 2287.64   1856.40
 2400.50   2081.62
 2412.46   1966.78
 2531.10   2071.04
 2515.33   1988.21
 2402.34   2121.35
 2277.26   2096.70
 2465.93   1973.85
       p2p2       
 KB/s in  KB/s out
 2339.92   2045.79
 2693.66   2024.96
 2230.89   1941.18
 2188.50   1826.41
 2205.93   1901.14
 2456.84   2117.92
 2681.87   2318.29
 2086.62   2072.62
 2215.39   1956.37
 2569.88   2120.53
 2670.61   2287.59
 2461.57   2078.18
 2644.31   2278.74
 2625.84   2205.55
 2220.79   1925.58
 2528.76   1994.05
 2008.49   1874.31
 2699.82   2255.08
 2487.15   2113.76
 2370.37   2003.32
 2557.09   2018.15
 2552.09   2051.69
       p2p2       
 KB/s in  KB/s out
 2426.71   2328.60
 2452.83   2200.07
 2116.90   2100.16
 2163.89   1920.34
 2659.33   2120.59
 2513.19   2181.43
 2585.27   2273.17
 2424.45   2077.85
 2644.57   2188.79
 2329.69   1854.04
 2496.25   2281.69
 2313.06   1995.17
 2262.59   1993.41
 2500.79   2033.56
 2711.37   2406.69
 2298.96   2113.00
 2571.15   2163.44
 2344.97   1969.77
 2430.58   2019.61
 2200.52   2029.59
 2352.21   2099.78
 2493.74   2258.49
       p2p2       
 KB/s in  KB/s out
 2590.38   2229.29
 2536.51   2135.58
 2823.98   2230.48
 2279.65   1972.15
 2457.54   2108.90
 2200.61   2002.25
 2276.49   2069.40
 2750.04   2208.91
 2252.86   2030.42
 1183.07    951.65
 1002.95    675.69
  933.86    622.70
 1030.61    749.69
  719.02    607.14
  743.49    727.06
  618.06    578.38
  693.51    693.00
 2083.92   1782.85
 2080.97   1855.83
 2331.31   2009.65
 2599.00   2167.81
 2266.64   1900.88
       p2p2       
 KB/s in  KB/s out
 2613.27   2127.44
 1974.72   2137.34
 2105.29   1830.09
 2399.27   1958.60
 2377.40   1968.43
 2375.75   2058.06
 2290.81   1866.42
 2862.27   2452.58
 2196.03   1831.77
 2432.67   2223.86
 2395.21   2123.90
 2465.09   2043.05
 2546.42   2229.84
 2548.04   2285.43
 2613.50   2065.54
 2556.50   2099.97
 2439.54   2135.47
 2480.15   2209.27
 2518.54   2160.30
 2454.85   2148.03
 2409.63   2082.57
 2375.58   1992.32
       p2p2       
 KB/s in  KB/s out
 2334.20   2018.90
 2849.52   2451.31
 2376.79   1999.57
 2466.21   2002.50
 2297.58   1996.28
 2310.31   1908.11
 2284.45   2141.40
 2768.94   2443.29
 2799.58   2322.98
 2238.01   1960.46
 2288.21   1876.18
 2595.57   2093.76
 2424.85   1863.16
 2621.60   1942.02
 2510.88   2228.14
 2326.38   1755.97
 2177.42   2019.35
 2158.20   2105.21
 2533.32   1974.57
 2282.55   2033.66
 2558.33   2036.20
 2374.45   1944.62
       p2p2       
 KB/s in  KB/s out
 2392.72   1982.62
 2562.26   2069.36
 2374.56   2333.22
 2397.38   2024.62
 2336.80   2067.02
 2430.70   1941.63
 2438.65   2236.50
 2412.21   2074.04
 2327.37   1924.65
 2369.91   1989.98
 2875.39   2448.91
 2796.80   2287.91
 2538.23   2293.10
 2425.35   1971.74
 2554.86   2145.57
 2785.08   2363.64
 2607.89   2038.61
 1976.57   1957.67
 2369.83   2140.84
 2606.08   2160.09
 2461.06   1917.79
 2568.98   1999.69
       p2p2       
 KB/s in  KB/s out
 2205.66   2010.41
 2325.98   1992.54
 2406.79   2191.17
 2460.55   2285.95
 2826.82   2187.01
 2105.83   1848.83
 2160.97   1800.46
 2358.05   1958.57
 2411.44   2316.21
 2661.47   2154.09
 2337.36   2049.12
 2687.26   2264.80
 2288.01   1884.14
 2295.33   1939.47
 2408.39   1809.12
 2152.99   1886.04
 2149.96   2058.94
 2653.93   2281.39
 2432.80   2090.80
 2590.74   2049.39
 2288.48   2116.67
 2606.79   2132.65
       p2p2       
 KB/s in  KB/s out
 2461.75   2078.72
 2260.73   1922.82
 2373.66   2117.74
 2260.99   2036.61
 2638.97   2192.89
 2424.37   2056.63
 2399.28   2055.94
 2597.97   2113.87
 2397.72   2103.50
 2588.89   2164.60
 2471.37   2089.15
 2375.73   1781.97
 2254.16   2074.96
 2457.83   2400.57
 2394.59   2049.63
 2350.90   1979.50
 2545.94   2244.91
 2765.06   2160.11
 2466.08   2263.74
 2656.42   2287.20
 2566.91   2165.85
 2440.57   1944.11
       p2p2       
 KB/s in  KB/s out
 2650.61   2036.82
 2478.50   2164.96
 2318.90   2178.50
 2333.89   2230.11
 2631.17   2183.10
 1716.14   1174.13
  825.98    650.92
  885.98    623.53
  945.68    750.96
  795.23    588.59
  848.70    690.13
  571.22    566.98
  801.13    673.31
 1607.47   1462.86
 1519.57   1022.26
 1375.95   1323.43
 1640.11   1066.25
 1710.70   1388.97
 1529.33   1362.67
 1503.26    981.35
 1386.10   1384.29
 1412.74   1320.54
       p2p2       
 KB/s in  KB/s out
 1264.59    861.06
 1375.89   1420.44
 1691.63   1623.39
 1542.86   1505.54
 1450.67   1147.49
 1707.06   1089.05
 1518.80   1306.27
 1544.98   1382.49
 1452.04   1184.78
 1337.89    948.63
 1574.15   1316.57
 1731.04   1104.76
 1263.39    845.13
 1771.23   1159.33
 1405.18   1505.80
 1455.04   1076.95
 1746.01   1742.76
 1510.72   1295.43
 1397.61    733.91
 1578.56   1822.77
 1734.56   1582.38
 1601.85   1515.08
       p2p2       
 KB/s in  KB/s out
 1329.98   1196.31
 1607.48   1127.79
 1648.10   1669.82
 1267.78   1169.27
 1620.57   1253.66
 1474.94   1477.11
 1365.87   1072.28
 1433.19   1595.37
 1481.86   1460.90
 1691.21   1251.75
 1727.62   1640.99
 1788.12   1377.87
 1625.39   1271.44
 1568.93   1267.16
 1422.38   1161.94
 1440.43   1341.88
 1459.83   1037.30
 1594.51   1297.31
 1540.91   1012.06
 1634.48   1522.09
 1505.50    931.73
 1128.45    829.24
       p2p2       
 KB/s in  KB/s out
 1517.27    993.32
 1667.39   1329.36
 1888.15   1834.73
 1465.57   1308.37
 1553.14    960.03
 1535.71   1043.98
 1652.92   1183.68
 1424.67   1089.83
 1784.48   1454.03
 1481.54   1240.61
 1528.31   1185.35
 1478.89   1271.18
 1404.79   1507.72
 1471.77   1216.74
 1397.51    897.67
 1723.67   1648.83
 1368.68    844.43
 1592.52   1113.10
 1684.20   1315.87
 1621.57   1531.09
 1654.45   1638.99
 1498.43   1353.45
       p2p2       
 KB/s in  KB/s out
 1570.69   1280.29
 1541.37   1017.26
 1696.84   1317.78
 1379.19   1205.18
 1414.09    719.55
 1399.98   1425.81
 1549.18   1060.67
 1375.80    897.90
 1371.28   1188.62
 1658.72   1409.53
 1743.68   1560.55
 1866.13   1256.03
 1613.51   1880.18
 1768.20   1302.33
 1343.40   1112.59
 1433.24   1422.01
 1633.01   1722.63
 1712.28   1479.02
 1280.26   1211.20
 1446.61   1168.11
 1570.44   1177.07
 1610.41   1287.85
       p2p2       
 KB/s in  KB/s out
 1518.53   1541.47
 1252.30    740.68
 1644.93   1142.55
 1723.03   1511.39
 1566.45   1625.44
 1672.63   1117.01
 1349.15   1107.58
 1734.22   1186.52
 1554.48   1294.66
 1306.82   1010.16
 1526.08   1441.60
 1464.77   1502.14
 1893.79   1378.44
 1581.03   1416.40
 1714.21   1331.35
 1557.38    834.98
 1626.22   1515.33
 1732.99   1409.51
 1531.41   1350.91
 1577.40   1678.43
 1854.89   1233.05
 1843.18   1382.39
       p2p2       
 KB/s in  KB/s out
  988.04    665.77
  670.31    638.19
  668.85    551.09
 2920.90   2498.20
 3616.91   3071.89
 3976.33   2844.40
 4470.55   3903.59
 3739.08   2682.96
 4122.58   3214.03
 4399.48   3120.82
 4092.35   2455.76
 3963.67   3117.75
 4116.20   2670.39
 4393.36   3115.28
 4213.64   3442.50
 4229.33   3068.52
 4551.29   3767.54
 4163.48   2613.11
 3984.19   3560.45
 3813.11   2952.20
 4260.72   2805.21
 3538.89   3287.72
       p2p2       
 KB/s in  KB/s out
 4047.94   3522.02
 4025.95   3575.43
 4051.13   3227.09
 4355.65   3076.55
 3919.23   2534.85
 4469.71   3811.29
 3673.87   3030.10
 3800.03   3031.05
 3845.10   2713.11
 4077.34   3229.88
 4191.36   3669.86
 3639.38   2639.02
 4480.98   3996.07
 4207.72   3289.14
 3940.43   3216.32
 4120.22   3287.37
 3960.46   3026.38
 4114.96   2109.87
 4232.61   3640.20
 3669.96   2453.19
 4139.73   3777.42
 3523.97   1657.93
       p2p2       
 KB/s in  KB/s out
 3819.43   3004.93
 4192.12   2997.23
 3440.00   2018.98
 4528.42   3695.29
 4060.76   3623.74
 3914.08   2721.20
 4098.44   3060.43
 3852.68   3269.02
 4271.66   2698.64
 4386.86   2771.52
 3895.39   2423.34
 4221.03   3655.92
 4322.82   3362.88
 4309.69   2802.49
 4613.96   3841.72
 4091.94   2994.39
 4620.23   4058.24
 3952.87   2511.92
 4141.95   3643.43
 4264.68   2559.47
 4053.22   2587.00
 4016.55   2845.38
       p2p2       
 KB/s in  KB/s out
 4348.48   3397.76
 4132.13   3345.97
 4152.31   2822.59
 3865.66   2666.80
 3550.77   2745.67
 4115.03   3128.54
 3988.55   3126.13
 3971.57   2865.66
 3831.59   3026.54
 3838.09   2801.15
 3832.34   2060.88
 4281.80   3044.42
 4691.12   3016.75
 4052.92   3512.66
 4118.28   3106.49
 3222.15   3049.68
 4038.77   2615.04
 4140.02   3130.40
 3936.09   2988.12
 4141.50   3990.83
 3983.98   3112.45
 3835.25   2827.95
       p2p2       
 KB/s in  KB/s out
 4280.03   3643.43
 4170.29   3475.84
 4247.77   3446.76
 4310.70   2700.72
 4125.47   3006.12
 3733.75   2523.96
 3557.49   2903.40
 3941.39   3236.73
 4230.08   3256.83
 4011.15   3298.30
 4145.77   3732.93
 4070.36   3077.48
 3951.12   3034.52
 3933.14   3084.07
 3954.20   2856.86
 3510.06   2789.81
 3919.05   3437.13
 3945.19   3188.01
 4050.75   3522.80
 4446.32   3536.68
 3130.57   2210.18
 3850.22   3384.93
       p2p2       
 KB/s in  KB/s out
 4698.65   2913.84
 4105.08   3075.44
 4281.77   3407.81
 4049.61   3273.78
 3711.45   2557.02
 3681.83   3029.34
 4234.97   3189.28
 3965.36   3048.20
 3580.82   2843.68
 4044.77   3502.97
 4185.80   3776.35
 3778.86   2566.06
 4285.05   2669.64
  766.09    644.06
  727.25    538.13
  722.48    592.33
 9104.97   7665.26
 8638.02   7000.06
 8244.77   6140.39
 8766.05   5266.66
 8145.20   6754.35
 8397.28   6123.58
       p2p2       
 KB/s in  KB/s out
 8917.86   7426.04
 9075.67   5967.35
 8620.08   6137.95
 8724.43   6888.44
 9915.54   6743.04
 8715.01   5423.13
 8468.02   6312.73
 8325.55   6905.22
 9586.84   7286.20
 9532.47   7990.82
 8689.05   5772.96
 8685.14   6568.37
 8467.29   7166.33
 9109.90   7252.42
 8153.04   5161.64
 8975.50   6520.56
 9058.84   6587.00
 8117.97   6129.56
 9062.61   5715.83
 8337.51   6650.99
 8960.24   7171.43
 7982.41   6114.24
       p2p2       
 KB/s in  KB/s out
 8111.29   5226.42
 8834.97   7167.19
 8172.91   5247.39
 8217.77   6429.52
 8597.51   6755.43
 9379.74   8366.58
 8601.97   6799.99
 8755.35   7238.76
 8979.37   5895.31
 8656.96   6981.13
 8806.16   6098.45
 8762.34   6497.65
 8459.72   5800.35
 9396.36   6320.41
 8850.38   7583.63
 8941.34   6136.57
 8913.96   5909.16
 9031.32   7654.69
 8714.05   5964.36
 8861.37   6556.12
 8602.53   7282.66
 9274.23   7377.75
       p2p2       
 KB/s in  KB/s out
 8393.11   5936.83
 7727.06   5208.14
 8544.99   5871.23
 8559.40   7004.26
 9344.34   7394.24
 8719.21   5538.57
 9004.24   6417.98
 8307.63   6514.51
 9367.27   6839.26
 8558.69   7315.57
 8814.21   6716.48
 7841.98   5796.14
 8780.80   5157.02
 9288.41   6774.01
 9027.09   7460.44
 8409.00   6263.74
 9196.73   5575.55
 8037.65   6213.02
 7973.17   5876.73
 8419.96   6563.06
 8577.06   5567.52
 8589.85   5660.07
       p2p2       
 KB/s in  KB/s out
 8785.52   6178.74
 8503.78   5509.60
 8919.64   6045.95
 8964.31   7185.65
 8876.56   7070.16
 8561.60   5943.44
 8769.85   5141.45
 9007.81   5955.50
 9713.14   8840.15
 8236.83   5473.87
 9150.34   6355.14
 9003.80   7423.94
 9466.07   6082.23
 8154.39   6944.98
 8539.79   6693.54
 8491.11   6809.05
 8793.66   6422.34
 8889.88   6148.84
 8708.55   6130.79
 8914.92   6654.56
 8723.31   6291.27
 8423.31   7948.55
       p2p2       
 KB/s in  KB/s out
 9291.97   7799.25
 8955.81   6416.68
 9305.09   6895.41
 8739.89   6250.00
 8447.02   5914.58
 8550.78   6824.82
 8610.06   5681.53
 9315.98   6868.46
 8099.67   6692.87
 8690.26   6380.08
 8804.19   7160.31
 8861.59   5750.72
 8700.99   7656.94
 9080.32   6840.06
 9256.68   7378.80
 8496.23   6340.64
 8934.75   6682.62
 8653.26   6322.27
 8349.87   4703.84
 9362.32   7495.96
 8794.91   7344.24
 8809.96   5948.27
       p2p2       
 KB/s in  KB/s out
 8816.03   6206.51
 9019.35   7412.48
 8311.87   5777.17
 6890.15   5465.32
 1026.88    649.81
 1084.75    708.94
 3411.13   2999.30
 9871.94   7678.48
 9610.48   6188.42
 8618.68   5792.11
10990.42   7772.18
 9485.30   7074.20
10063.53   7467.53
 9008.07   6682.59
 9970.67   8384.35
10711.22   7735.28
10026.73   7338.93
 8866.57   8185.41
 9818.03   7014.27
 9473.13   7835.54
11363.97   8515.56
 9179.63   7690.66
       p2p2       
 KB/s in  KB/s out
 9873.90   7514.07
10120.32   6139.82
10092.82   6788.27
10120.39   7364.05
10288.30   6636.94
10188.65   8529.19
10312.31   7078.36
 9529.07   7756.02
10151.04   8405.00
 9382.28   7951.28
10006.38   6963.50
 9959.14   8197.99
10090.21   5975.25
 9652.92   8275.12
 8845.47   7004.90
 9208.48   6979.51
 9481.96   6714.27
 9186.24   7260.17
 9470.96   6965.39
 9712.91   7303.25
 9844.63   6170.10
 9645.12   7699.96
       p2p2       
 KB/s in  KB/s out
10366.32   8302.65
10295.52   8063.07
 9395.29   5985.88
 9779.79   7525.81
 9903.37   6711.50
 9908.85   6603.30
10136.50   7293.58
10614.24   7799.00
10548.87   8692.68
10201.91   7037.66
 9429.15   6702.87
 9797.82   7278.41
10217.26   7592.23
 9868.04   7972.48
11223.23   8577.93
10205.34   7879.94
10854.02   8090.80
 9247.89   5895.82
 9309.78   6119.14
10882.62   7867.69
 9758.68   6893.33
 9039.73   7044.65
       p2p2       
 KB/s in  KB/s out
 9771.85   7309.51
10060.97   7308.35
10179.60   7671.28
10645.68   9821.19
10615.97   6929.98
10366.27   6978.62
 9012.90   5821.59
 9499.38   8161.52
 9488.25   7420.40
 9558.42   7363.28
 9903.98   8035.40
 9961.07   8657.24
10047.13   8489.30
11134.69   8506.22
10879.27   8874.74
 9973.45   6947.86
10001.64   7513.62
10048.16   7161.13
10401.31   6312.09
 9195.62   6301.24
 9628.44   6914.55
 8110.90   6178.86
       p2p2       
 KB/s in  KB/s out
10231.02   6667.39
 9761.33   8167.88
10585.64   7808.21
 9261.57   6505.08
10274.91   7544.57
10291.84   7696.70
10598.38   8134.58
 9902.11   8487.22
10046.74   7630.76
 9634.27   8416.35
10249.46   7436.61
10780.62   9770.01
10477.98   7204.64
 9472.29   7305.34
 9748.56   7659.28
10646.31   6944.02
10181.73   7324.49
10187.82   7597.43
 9886.98   7050.19
 9594.33   6622.82
 9909.13   6213.09
 9880.15   7319.43
       p2p2       
 KB/s in  KB/s out
 9145.97   6216.33
10358.13   8562.26
10035.99   7478.60
 9496.35   8018.30
 9057.30   6955.97
10643.82   9326.69
10331.14   8483.30
10177.40   6462.92
10057.28   6686.11
10251.49   7541.56
 9569.97   6250.61
 9818.65   7927.48
10710.43   9061.04
10143.11   8808.08
 9883.03   8679.13
 9773.73   6374.56
 6038.30   4476.45
  788.43    507.18
 1056.04    806.08
 5154.01   3768.91
 8340.95   6630.95
10648.58   9244.42
       p2p2       
 KB/s in  KB/s out
 9954.66   8297.96
11361.87   9122.10
10876.87   8382.02
10673.03   9037.30
10299.47   7852.06
11450.20   8148.31
10516.62   8811.82
10317.49   7967.50
10286.63   6649.97
10684.76   8554.74
10519.75   8147.90
 9309.57   7459.43
11136.57   9269.40
 8885.27   6360.22
10664.55   8611.84
 9817.00   7022.64
11598.69   8143.47
10738.25   7689.97
10079.37   9435.12
10150.50   6936.90
 9420.77   6509.71
11250.06   8605.71
       p2p2       
 KB/s in  KB/s out
10250.80   7554.41
 9817.32   6182.65
10694.02   8353.78
 9945.79   7376.24
10919.43   9507.92
 9985.55   7681.03
10257.46   8534.17
 9697.06   8117.40
10495.32   9468.38
10726.58   7695.04
 9553.17   6822.06
11924.96   9013.71
10377.23   7341.74
 9721.08   8831.71
10955.47   7917.06
 9875.24   6619.97
10211.46   7773.90
11591.16   7773.51
 9953.77   7729.53
 9810.71   6610.03
11742.57  10729.05
10935.55   8343.26
       p2p2       
 KB/s in  KB/s out
11752.97  10129.69
12275.96   8226.11
10181.97   7379.67
10957.02   8606.52
10028.97   8278.92
10710.64   9508.50
11803.51   8884.13
 9271.95   7037.42
11007.87   7852.15
 9875.08   7309.18
10608.27   8191.94
12143.48  10119.48
10922.68   7988.98
 8864.54   6163.29
 9666.01   8907.41
10176.90   7447.54
10808.94   7369.85
 9483.34   6423.05
11214.82   8593.24
10680.36   8413.31
11250.86   9194.69
10628.16   7984.94
       p2p2       
 KB/s in  KB/s out
10154.66   8114.32
11135.30   8662.80
10827.12   8151.71
10650.04   7071.20
10933.81   7952.04
 8771.73   8336.45
10564.70   8429.83
11008.99   8328.86
11315.59   8741.37
 9002.66   7188.77
11086.69   8631.83
 9607.90   8162.59
10906.52   8829.44
10974.38   7245.53
10194.79   7854.26
11385.59   7874.85
 9956.07   6980.32
10522.61   9028.13
 9891.25   8066.36
10316.18   8211.35
 9348.03   7486.16
11803.48   9136.54
       p2p2       
 KB/s in  KB/s out
11097.13   7585.16
10800.54   6887.22
11437.56   8264.35
10950.85   7555.68
10554.97   7354.76
 9713.02   7197.30
11665.12   9633.84
10939.09   7973.59
11561.93   7945.97
10700.49   7792.87
10565.65   7723.22
10516.92   7045.21
12130.24   8292.52
10392.63   8363.90
 9765.48   5900.00
10320.40   7611.38
 9902.18   8200.28
10400.75   7730.96
 9973.44   7122.66
 9459.12   6816.70
10869.34   8475.60
10936.39   8406.89
       p2p2       
 KB/s in  KB/s out
10157.80   8647.96
 9439.61   7566.37
11003.39   7976.22
11007.53   8575.32
10841.84   8319.16
 9976.29   9459.63
11135.54   8256.48
 5411.01   4651.47
  857.89    700.42
  949.88    835.79
  928.73    709.68
  728.72    531.19
  788.72    642.75
  877.04    833.37
  785.00    751.03
 6746.79   4882.72
 9666.26   6768.13
10643.22   9403.02
10179.76   7711.41
11085.23   7841.85
 9122.17   6942.54
 9989.90   7189.14
       p2p2       
 KB/s in  KB/s out
11785.78   8258.92
10367.83   6666.20
11162.82   8511.18
11484.93   7476.45
 9117.95   6531.08
10214.95   7564.34
10117.29   7115.07
12827.93  10436.75
10974.51   8854.12
11885.71   9380.21
10915.75   9116.71
11533.76   8388.58
10525.07   7994.03
11827.31  10156.47
11923.31   8560.97
11642.19   8067.48
10407.64   7075.91
11799.37   8148.88
10555.67   9275.21
11320.99   6902.98
10369.34   8150.82
 9532.57   7812.06
       p2p2       
 KB/s in  KB/s out
10661.73   8184.52
 9682.09   6979.44
11358.19   8559.44
10601.12   8421.32
10518.20   8520.42
11376.86   8790.51
10973.27   8211.32
11192.38   8511.51
10999.94   8236.81
 9048.03   7514.37
12304.58   8878.71
10474.62   7140.70
10083.34   8083.46
11429.41   9249.59
10335.39   7991.10
 9137.33   6744.58
11465.33   7871.16
11114.30   8241.83
10815.80   8863.46
11778.95   9316.65
10832.95   8058.86
10835.87   8739.32
       p2p2       
 KB/s in  KB/s out
11642.20   8312.12
10899.88   8856.40
10331.61   7591.61
10137.25   6664.51
10389.28   7124.78
 9692.16   7603.37
11453.22   8358.75
10222.68   6446.21
10001.89   7614.24
10961.38   6963.02
11315.96   7973.48
10410.30   6887.31
12179.97   8012.76
10514.47   8420.62
11206.25   7420.44
10842.95   7445.76
 9876.62   6766.39
10372.16   7510.19
11220.43   8315.56
11149.27   9117.88
10864.53   7785.12
 9043.59   7845.54
       p2p2       
 KB/s in  KB/s out
11364.44   7951.24
10669.78   8076.11
10529.26   7026.79
10819.19   8693.36
11175.01   7582.10
 9991.64   6472.05
11654.06   8789.77
 9592.62   6846.44
10239.01   7384.63
 9562.32   7252.87
10584.10   6733.38
 9528.33   6794.50
10456.88   7153.42
12270.67   8965.94
10465.75   7351.37
11054.07   8367.09
10206.02   8454.04
10376.27   7992.28
12511.75  10295.10
10297.74   7888.23
11367.27   9102.22
 9409.53   6570.56
       p2p2       
 KB/s in  KB/s out
10088.51   7727.39
12846.56   8805.37
10282.66   6414.68
 9803.87   7487.90
11924.20   9146.94
 9847.82   7662.18
10678.98   8605.11
12066.27  10294.82
10214.71   7705.01
 9924.21   8010.89
10577.85   7733.37
11001.30   9638.36
10802.90   8623.64
11281.28   9065.38
 9509.92   7525.89
 9111.59   6529.08
10369.19   6112.72
11025.16   8777.35
 9591.67   7474.27
10367.59   7996.93
 9945.69   7996.98
11879.44  10240.74
       p2p2       
 KB/s in  KB/s out
10437.90   7585.76
10023.54   5832.37
10492.91   6348.03
 8028.61   6034.33
  960.52    680.36
  779.88    467.87
 1021.05    684.35
  896.33    777.09
  841.90    678.16
  601.53    561.17
 1157.64   1679.08
 7236.52   3788.14
 7617.30   3764.56
 6781.89   7000.29
 7918.91   3951.47
 5772.94   1812.81
 9986.45   9237.83
 6263.41   5880.62
 6764.98   5877.24
 5920.93   3933.07
 7463.56   6058.42
 6861.98   5998.24
       p2p2       
 KB/s in  KB/s out
 6839.12   6029.59
 7469.47   7051.69
 7393.30   7009.07
 6956.67   4977.57
 8519.65   5048.36
 5783.12   3787.64
 7380.42   5994.43
 9018.39   6020.59
 5850.50   3854.32
 6423.47   4898.82
 8769.25   8070.62
 7367.31   7016.72
 8321.67   8007.32
 7243.31   5926.85
 8208.62   7927.08
 8435.09   9299.38
 9314.89  11125.31
 7959.03   2987.88
 7996.99   7146.52
 7857.76   2825.99
 7143.60   3625.92
10153.66   3652.24
       p2p2       
 KB/s in  KB/s out
 7327.41   5858.76
 8674.28   8411.01
 7467.49   4917.59
 5656.60   3866.81
 8175.56   6963.81
 9278.76   5965.85
 8077.86   8310.27
 6841.07   4825.92
 7858.49   4993.27
 7518.65   5080.25
 9479.91   6031.86
 7039.37    798.84
 7750.19   6066.37
 7874.21   4989.76
 6932.79   7098.02
 8315.80   3877.55
 8331.19   6938.81
 7393.74   5061.27
 8381.56   2867.22
 7789.23   5958.81
 7297.35   4763.84
 8738.53   5901.52
       p2p2       
 KB/s in  KB/s out
 8295.02   5906.20
 7302.61  11123.31
 8382.41   7111.76
 8519.39   3991.65
 7814.40   7832.34
 8962.53   7190.22
 8843.58   3906.42
 8413.58   7023.35
 7854.65   4960.40
 8264.89   4790.80
 6901.02   6083.77
 8285.09   6006.34
 8456.24   7159.09
 5971.23   1966.30
 9328.77   6985.93
 7947.55   9091.83
 7355.93   4908.09
 8234.90   4803.19
 9514.12   7675.34
 7849.20   8004.91
 6925.74   3955.81
 7871.49   2874.67
       p2p2       
 KB/s in  KB/s out
 7907.41   5929.52
 7738.97   8064.13
 7900.96   5965.73
 7896.22   5997.46
 6767.69   4826.10
 6893.08   2916.52
 8531.36  10316.85
 8395.88   3925.12
 6860.26   4992.77
 8621.97   6942.52
 8838.40   9059.58
 7007.60   3018.57
 8879.18   5972.66
 7576.62   9334.11
 8739.45   5934.68
 7448.87   7024.05
 8280.60   8029.75
 5911.36   8157.20
 7506.62    783.23
 7959.40   4075.44
 7925.49   2837.43
 8834.73   8046.76
       p2p2       
 KB/s in  KB/s out
 7392.47   5913.84
 9800.22   8964.90
 8971.71   9325.12
10456.33   9139.99
 8586.80   9324.11
 8817.00   6938.66
 9456.55   6036.13
 9888.13   5986.00
 7938.12   5004.89
 8349.46   3973.65
 8276.87   5825.69
 8270.28   6953.71
 7369.24   8027.20
 3837.44   2837.32
 6360.21   4854.63
 6941.74   5992.92
 8402.61   6931.90
 8710.71   8052.10
 7682.55   5931.94
 6813.79   4890.52
 6020.20   6095.43
  964.75    848.10
       p2p2       
 KB/s in  KB/s out
  629.42    556.00
11217.87  11054.31
31288.17  28284.62
31039.79  20665.05
33296.81  24073.69
32226.40  24060.55
27871.49  20159.46
32460.11  23872.24
31819.66  27190.61
28465.01  22074.44
28687.84  17743.94
27217.72  21894.82
33480.30  18880.18
29331.97  25006.14
33971.69  26189.42
28032.90  18671.66
28415.93  23093.71
32724.98  20916.90
31344.67  31155.86
30220.15  18884.76
24200.00  18655.65
27428.82  15738.80
       p2p2       
 KB/s in  KB/s out
32640.09  29148.56
31932.33  22084.98
30206.80  25132.38
32649.73  27786.68
31415.53  24295.22
25777.53  17738.22
29932.81  24164.13
27861.16  26169.66
29788.41  18781.66
28865.96  25088.05
26257.21  17976.86
31373.87  28115.80
33533.98  23038.77
32695.45  22915.16
31713.90  21291.06
29066.40  25023.83
30115.05  24228.10
31365.38  22242.41
30961.35  19046.08
29687.58  19838.58
32055.38  23269.53
25338.35  16526.88
       p2p2       
 KB/s in  KB/s out
32924.65  28399.56
30156.13  27183.16
29533.29  20755.99
31016.54  26875.67
32868.70  18854.99
27032.91  22690.91
30323.15  16754.64
32905.32  19917.67
34058.36  28256.22
31790.92  18500.67
27809.67  26090.82
34862.53  22136.54
33453.17  27454.88
26729.94  23213.79
30332.10  23146.86
32041.11  26228.29
31781.31  26143.90
29822.63  19832.29
32424.41  19067.65
27415.84  22967.49
30263.80  22093.35
32519.45  17902.29
       p2p2       
 KB/s in  KB/s out
24430.44  16771.97
30609.57  17807.74
29968.04  24042.96
28817.35  18691.08
27797.14  23996.94
29237.85  26033.23
31009.94  18969.07
31418.76  16951.38
31361.96  26024.57
20666.24  13219.02
28022.78  12481.99
31373.63  22168.80
27106.90  27225.12
31493.73  23226.23
30299.79  27203.08
27350.10  25117.14
29459.94  27264.42
35544.39  29465.43
30645.07  21902.54
32275.31  23972.66
30323.13  24010.00
28028.72  24967.69
       p2p2       
 KB/s in  KB/s out
27314.53  26225.48
32999.22  21904.26
30825.09  25199.48
33280.46  24888.06
34636.76  32519.33
28340.73  24205.13
32250.69  19031.02
33602.89  26074.69
29941.73  18850.41
32767.32  23488.91
30170.21  28275.27
29830.71  17787.01
27546.15  19697.23
30766.99  19026.10
29422.97  22812.71
30474.96  22016.66
30318.10  29362.25
32609.36  23548.33
31128.29  19648.93
26876.86  23945.77
34993.48  14679.38
29166.56  20950.53
       p2p2       
 KB/s in  KB/s out
29789.68  14656.65
33407.79  26159.33
28941.34  23153.38
33880.65  24992.68
31675.75  23107.79
26792.61  16619.44
29713.30  21638.35
31700.13  24860.23
27027.20  21104.94
32218.23  20829.39
32134.01  12484.34
15070.71  10182.01
  890.73    710.76
  723.35    518.44
45512.24  37212.73
85482.10  67175.66
78884.51  56156.65
84870.03  53840.74
81930.56  70883.71
90633.80  67579.38
83650.77  68685.39
80690.44  60997.61
       p2p2       
 KB/s in  KB/s out
84229.99  49632.90
81135.03  61285.58
79265.30  75116.79
78133.97  52985.29
83628.07  54942.75
75353.33  56086.26
80808.91  50076.66
78924.91  67462.29
80097.95  68936.69
75454.47  60472.32
84965.50  56264.58
86186.59  53421.15
56180.61  51867.66
81777.17  53829.55
87828.93  61723.75
79972.28  44639.18
86814.10  54776.86
77210.79  60550.97
83431.48  59304.74
81963.54  65772.23
73258.01  49717.83
86203.19  75079.72
       p2p2       
 KB/s in  KB/s out
81968.94  57873.65
83225.59  57137.79
90962.85  74792.21
79478.04  44536.91
81301.20  53037.92
87348.91  68120.27
81596.82  65742.97
87820.56  62519.07
76980.03  60868.08
84764.16  61064.27
83770.28  58006.12
77464.64  64428.51
81004.01  52897.89
77461.76  48422.44
85397.64  63653.28
77135.60  48783.58
77409.19  51514.95
80918.00  71344.52
80319.82  60318.09
86050.83  48104.14
84191.40  74095.12
80863.75  54404.33
       p2p2       
 KB/s in  KB/s out
76447.64  72724.40
80123.09  61506.39
87532.74  62318.54
82901.91  63565.37
86657.91  74940.32
83558.11  60475.22
82498.41  68966.51
84060.21  58997.86
82594.81  56070.57
78805.78  51602.51
85261.74  58054.47
84393.71  69883.75
84753.19  59421.04
88993.65  70012.79
80641.01  42608.06
80143.57  67494.59
79870.92  61337.07
76954.48  63591.42
83515.46  62240.95
79882.65  60621.96
73730.50  49843.02
71008.18  47490.54
       p2p2       
 KB/s in  KB/s out
37525.43  29194.11
52475.22  40106.59
82270.76  61412.40
83968.14  66654.58
78772.51  49739.98
92445.52  65714.37
85791.44  69416.64
81594.82  60271.25
82308.06  68511.24
76172.39  45607.81
72054.60  51677.26
83034.19  52386.01
76011.80  51625.09
83460.10  70041.24
84599.91  70643.88
81890.43  54849.38
80836.53  58052.34
89205.85  68584.36
78094.35  62359.25
78603.10  51078.13
79317.79  50787.54
80955.24  55628.78
       p2p2       
 KB/s in  KB/s out
80479.55  70943.88
91516.43  72175.51
79535.77  56234.71
81001.91  68501.98
84122.62  59361.37
82417.99  54128.81
84935.38  48194.96
83303.00  48006.56
78165.13  48857.55
88289.22  62980.65
78314.09  63211.22
78634.63  63634.92
79113.61  49983.57
81316.11  59200.65
81596.24  73001.56
84826.50  56041.13
78885.23  64528.38
81929.55  65481.51
88147.81  70448.41
84869.87  67689.52
84512.50  58657.87
86164.53  56941.56
       p2p2       
 KB/s in  KB/s out
76132.28  52746.31
76582.97  55288.47
23731.95  20764.89
 1159.78    857.26
 1000.06    741.71
74189.94  39070.79
99514.07  73056.71
98221.53  69015.65
93112.21  72649.17
104970.9  64035.96
92814.42  69691.58
102456.0  78295.91
98212.39  64652.07
91688.93  78498.36
92374.40  60149.16
97687.90  60381.21
97222.40  76489.65
100234.7  55502.96
102141.6  74442.86
102674.5  67222.33
93677.01  76543.45
101764.8  65630.97
       p2p2       
 KB/s in  KB/s out
97505.66  80354.66
100736.7  71048.50
104293.7  73768.09
96422.02  80233.42
102051.0  80209.00
88610.34  68585.50
89792.33  68018.67
99411.82  71908.45
97524.69  77908.83
104577.8  68153.11
93329.01  64611.84
102982.9  78724.36
98550.42  68933.77
93475.53  65480.22
91443.48  55352.39
100263.5  82651.79
98043.28  69925.75
94388.98  57471.50
100397.3  65209.30
105301.0  74986.32
97201.45  79915.41
98021.15  56036.28
       p2p2       
 KB/s in  KB/s out
46386.16  26479.58
41241.38  28406.79
35544.48  28336.26
69524.45  52964.48
95139.22  75988.57
89802.11  73277.36
102048.8  68592.75
107162.3  68805.39
98960.02  77241.65
107847.8  66426.70
103876.3  82455.78
95682.44  67756.25
106452.2  78707.90
101057.3  72509.10
103598.8  78323.66
108572.3  83318.05
98356.30  76577.68
100505.6  55221.51
97974.17  74051.36
99855.52  68581.73
103537.8  71247.24
102831.9  86775.84
       p2p2       
 KB/s in  KB/s out
100811.6  69108.94
98482.37  67714.71
96887.50  63720.63
105410.7  75761.29
103527.6  80249.67
102706.6  76481.36
99289.37  65891.09
91952.47  58112.12
44922.98  27164.96
67833.23  52165.86
67756.01  47116.82
71120.85  49492.21
88289.13  70655.11
85781.85  62728.20
96101.11  72402.57
105891.0  76883.45
105348.4  89695.25
105500.8  80485.59
103070.7  73568.19
102284.2  84570.28
91229.56  66847.84
97943.99  73506.82
       p2p2       
 KB/s in  KB/s out
100031.6  65802.88
81911.12  53051.42
101096.9  81760.93
101717.8  73926.90
95513.06  70333.98
110836.6  76733.19
100596.6  70159.62
96627.27  70578.31
109525.1  69576.55
106252.7  77180.45
96742.34  79632.21
96897.16  66496.87
107100.3  86235.49
108620.1  85120.32
101397.1  71071.29
80766.01  57896.52
41221.07  23152.00
57533.80  40366.82
42887.48  33835.41
75738.27  56172.51
93142.94  58463.00
104511.4  87584.15
       p2p2       
 KB/s in  KB/s out
95394.44  66442.38
100999.3  74135.21
107223.0  75040.63
99961.00  65986.66
103985.0  86472.74
104104.0  68005.07
99030.44  63822.45
100579.4  72285.34
103581.2  73881.22
98661.83  64614.49
100889.7  80268.64
98807.74  75629.38
98579.01  68347.09
94469.71  49861.29
100535.1  77920.78
 3869.09   2795.83
 1296.71    899.37
 2372.52    454.79
123222.8  88411.65
125633.9  88287.07
124124.2  104696.5
115497.6  78716.29
       p2p2       
 KB/s in  KB/s out
116252.9  89034.31
111111.7  98664.17
98251.50  84593.01
66151.68  58101.90
76133.34  49722.32
94341.26  65757.27
108724.2  97128.79
114110.6  82938.47
108802.5  79554.42
122053.4  86387.12
112617.8  75998.27
134111.0  100897.7
105646.9  69235.17
115907.0  77280.45
110791.2  75118.33
109379.6  78581.81
105695.8  70047.10
116921.0  101286.8
100935.8  74227.25
104724.8  72860.02
117099.6  92276.94
105052.4  68229.82
       p2p2       
 KB/s in  KB/s out
111721.7  88395.79
113758.9  76298.07
116679.9  79818.81
117520.3  99589.44
112160.1  75296.30
117990.5  77680.25
111375.4  83635.50
109106.2  66855.64
115901.8  88556.37
101055.7  70189.11
41709.97  31325.19
78910.51  53768.59
85538.68  61660.03
99565.49  85836.08
117702.7  80868.23
98818.90  76099.59
120366.0  91321.12
118975.7  87599.99
107210.9  76700.12
108392.4  72791.28
97366.29  68936.42
120520.2  98381.10
       p2p2       
 KB/s in  KB/s out
110152.8  77194.48
119123.4  83907.00
109585.9  81412.08
111641.4  69487.19
127918.9  103297.5
104483.5  73867.50
117826.0  92028.31
112555.8  83779.31
119712.3  81213.86
122899.9  97469.85
122873.5  83544.13
113772.6  84717.23
111168.2  86940.61
119322.0  89602.24
115531.6  83954.32
106175.8  62696.55
121808.1  87094.08
104821.1  66666.47
68514.64  44294.11
57898.36  48897.21
83832.61  55987.96
92707.84  66523.11
       p2p2       
 KB/s in  KB/s out
107496.6  81358.45
118317.8  84736.30
106515.0  63663.80
116676.6  103177.2
108192.6  77442.41
111195.4  84353.09
113145.7  75458.84
110802.0  77481.62
115888.8  88139.26
109778.9  80950.44
107932.4  92445.88
116417.1  91248.27
112083.5  85288.23
110157.1  79292.36
107108.0  68868.95
110607.3  75137.20
116766.3  74255.74
105117.6  84493.24
104556.0  76581.03
114891.0  79891.47
97614.18  78823.10
102647.7  80412.76
       p2p2       
 KB/s in  KB/s out
89338.93  63596.96
121868.2  90162.42
108613.1  95394.86
104249.2  81703.00
116971.5  86755.70
113250.3  87620.14
107038.6  84551.63
116022.3  85055.30
110131.9  69703.08
117138.2  81028.15
111631.1  88600.39
106371.8  76296.20
100781.4  67979.94
107491.6  67568.83
101708.2  76097.52
108882.2  62909.08
106093.1  76359.34
108675.8  81049.33
115676.0  69648.60
103910.5  73660.91
108842.0  82506.54
104872.2  73095.95
       p2p2       
 KB/s in  KB/s out
115838.8  84667.26
97242.04  72130.28
110942.3  76443.09
100909.8  73375.03
111762.2  86591.47
 2648.09    837.74
  970.98    777.01
 1015.40    695.55
 1034.49    697.39
  841.23    705.07
  664.09    547.66
  645.81    601.39
 9770.77   7996.75
131616.0  105051.1
109694.2  88424.75
104920.8  79339.26
133102.7  100605.0
104176.9  71358.93
108209.7  86912.71
114198.8  82179.08
125504.5  81522.23
107602.4  93020.05
       p2p2       
 KB/s in  KB/s out
101452.6  71554.36
136286.0  107537.2
123843.8  93298.85
112652.8  73717.45
104323.4  83304.27
114938.9  76795.45
98570.79  62429.96
110677.8  91186.19
98374.69  73823.84
101015.3  75478.87
111808.1  79451.14
107055.0  85065.92
98807.17  75393.30
119204.6  88038.13
122076.0  77217.68
116666.3  87079.29
113963.7  76552.96
126112.5  85348.66
100221.6  67446.60
103564.2  68852.71
111756.7  72734.09
103269.8  76345.08
       p2p2       
 KB/s in  KB/s out
120371.6  93910.00
107886.8  78412.89
133197.4  115368.4
113729.2  83447.89
110710.4  83054.44
113331.4  87896.49
108586.5  72964.79
100774.5  68296.30
104566.8  65125.51
138413.1  84857.81
120765.9  73072.60
130009.0  95701.15
91192.27  63563.65
123951.0  85299.92
107376.4  91864.26
99490.90  64145.76
133362.5  100224.1
112279.2  94741.50
114097.0  89702.93
98549.25  63578.41
109082.4  77337.80
124712.5  82894.06
       p2p2       
 KB/s in  KB/s out
99684.54  64471.08
122367.1  88942.79
115560.0  95362.60
110975.4  87354.71
121257.8  82968.15
101846.2  70820.00
83501.37  58066.51
109294.6  76668.42
112044.8  79652.72
115608.6  89088.39
104043.4  78517.77
95366.30  71444.70
97261.54  69943.48
110383.6  82989.29
117759.6  86997.71
130733.4  103100.6
113340.5  68017.27
122849.6  76723.85
91108.52  73359.59
105240.5  85651.44
106675.3  78354.12
118238.5  99637.03
       p2p2       
 KB/s in  KB/s out
123221.1  87059.14
123051.7  89561.62
117953.7  88379.03
110596.0  74272.49
111057.5  77794.28
117977.6  90181.15
108975.3  71994.52
120283.7  77540.68
113767.5  88460.82
95858.82  73467.58
101327.4  83870.65
121570.2  79697.70
115082.0  81181.54
115654.0  107126.4
108177.6  82307.62
94111.02  61744.09
95337.93  63448.63
135603.0  85396.56
121674.6  87461.77
92235.43  66717.45
138710.7  119507.2
115485.3  93648.30
       p2p2       
 KB/s in  KB/s out
88577.52  62605.69
107540.1  85367.32
114280.7  62420.39
128472.3  98069.17
101678.4  73565.12
96678.60  74485.70
134581.8  103580.9
108297.8  75415.87
122248.4  87566.34
133899.8  94201.21
117401.4  88649.92
100265.3  62704.14
129186.7  102502.3
111641.5  80948.58
103198.6  67663.68
118569.1  86587.78
133678.8  97691.07
107862.1  88355.70
132094.3  84539.49
116816.0  81625.72
107436.0  81522.57
99975.64  58544.11
       p2p2       
 KB/s in  KB/s out
51557.15  33282.32
12337.61   6414.86
 2120.26   1951.68
  918.26    604.82
  735.32    557.18
  730.99    682.90
  705.93    613.75
  656.62    611.87
34053.28  18354.27
55340.75  25042.03
49699.15  28806.86
53807.10  34487.28
48341.52  43077.50
32370.69  17331.88
22085.90  13663.91
54518.55  40369.21
46459.81  16440.94
54421.10  56514.46
55863.74  50505.97
64979.69  81541.22
48232.34   8379.99
61024.79  52460.60
       p2p2       
 KB/s in  KB/s out
51218.08  34139.68
54871.67  70760.60
53339.49  41044.24
53056.98  34324.65
54311.51  37636.91
53540.33  57180.29
53995.53  45036.01
58014.33  58351.40
42004.79  16121.24
64599.41  34878.10
51603.01  20095.90
56884.68  66356.10
57372.83  61095.50
51356.86  43970.48
42819.04  42189.95
54138.62  36611.10
59466.40  44912.57
45680.14  40018.33
40296.03  17127.22
46624.41  45102.45
51720.21  59283.76
70653.06  37671.12
       p2p2       
 KB/s in  KB/s out
53807.17  41811.10
65785.64  39265.83
48585.17  17166.98
61127.64  44718.03
78828.04  79480.31
55192.38  30485.36
44214.06  36297.52
52650.45  47377.75
47450.76  57349.98
55785.42  41746.04
58317.78  27670.71
49668.00  22845.53
41184.05  54202.43
57808.22  40429.43
54062.60  24768.64
42294.75  41303.55
46800.74  41828.24
48017.22  44037.46
55775.18  64464.12
68596.70  86000.00
56269.15  59360.99
61177.32  39067.07
       p2p2       
 KB/s in  KB/s out
49782.95  40835.79
49372.81  35586.14
55099.32   9501.31
61438.48  44846.39
43806.62  32469.68
46323.31  26599.93
59497.21  33269.94
34318.22  26798.11
59744.53  42062.11
62278.76  59151.59
46377.35  17847.82
38912.06  20216.89
42243.59  17974.34
52422.72  32619.64
47693.69  33245.92
68695.08  31699.38
38847.09  30270.38
53893.38  10678.56
63169.98  53396.32
47520.99  19009.00
56717.29  52679.30
58255.46  57470.77
       p2p2       
 KB/s in  KB/s out
41000.66  20062.86
53476.83  25846.60
54652.30  40269.21
63296.62  25951.47
53871.30  51611.94
53939.39  35049.25
58988.44  36514.65
46757.83  17317.51
74472.46  67573.15
49045.23  31375.68
47903.10  27588.52
43570.72  36299.64
55582.58  45151.33
55718.84  38272.21
62435.75  30891.77
37774.59  46510.62
61050.98  55888.37
61255.63  43394.62
51692.53  18296.23
67307.24  17101.96
53822.45  27612.57
57782.33  26470.64
       p2p2       
 KB/s in  KB/s out
55399.28  17156.09
46385.22  34345.26
39895.79  32515.73
66076.89  35440.50
57166.09  38366.70
57169.94  36664.48
53762.53  29082.71
64791.27  39333.98
62667.27  18361.88
54621.77  26459.62
38120.34  25966.04
65835.07  46619.77
38834.55  34608.29
61272.69  24834.53
55227.34  34412.30
63327.29  74459.12
67491.39  35686.95
54359.10  26924.21
14036.79  10249.75
  708.82    655.68
  785.85    704.85
135098.1  96959.92
       p2p2       
 KB/s in  KB/s out
167333.0  161608.5
156041.6  138273.9
157420.6  145071.3
162092.6  138498.6
123360.5  89105.91
116666.5  67190.10
156023.3  81098.56
124397.9  96111.34
113427.7  76055.20
94413.09  59141.91
98775.44  42611.43
94885.53  50325.11
127627.4  66321.32
76274.62  60874.90
95179.47  60283.77
114389.4  92450.17
137056.5  108223.1
114162.5  55161.99
95628.98  60728.09
120033.4  123303.8
104260.1  97294.33
123666.2  67311.48
       p2p2       
 KB/s in  KB/s out
119742.2  74974.92
122273.9  101641.2
129629.8  132328.5
117498.1  94122.60
134336.6  116190.8
99497.44  88078.53
136302.5  114484.3
106094.2  85462.26
54829.42  50410.46
133557.4  53536.31
134745.9  97536.63
133292.8  79594.05
164552.7  98147.40
122336.3  70213.85
132979.7  80962.26
134945.7  120179.0
127919.9  99382.58
126087.2  88968.89
68727.99  61527.91
128702.7  95111.93
122096.1  80916.20
105550.1  55863.64
       p2p2       
 KB/s in  KB/s out
95349.40  100333.3
127269.0  84150.90
113609.0  107232.5
135953.8  89595.30
90259.36  83425.50
139780.3  118933.2
142230.0  127354.5
75346.78  62210.85
84804.95  47421.09
144177.3  69496.73
149043.7  150535.6
127740.6  89440.89
120936.4  91367.96
106584.3  45230.86
115701.5  57746.83
108635.2  83686.86
156791.6  125898.8
108377.6  97957.17
137495.2  81698.42
139728.8  109068.1
119580.3  99094.03
142295.7  62825.72
       p2p2       
 KB/s in  KB/s out
116261.6  50895.05
151963.1  56079.96
148760.1  127487.9
126677.8  110905.2
141157.4  158449.4
119797.6  78644.31
159872.1  144924.1
69134.70  61228.63
133534.3  127563.2
106287.9  67306.74
112045.3  78580.21
89418.14  32669.30
121009.5  95933.54
147678.6  104681.2
140767.6  115094.9
98416.59  110851.1
122429.5  45364.70
99401.43  72561.92
114857.9  123105.3
133444.1  73073.21
144437.5  103587.1
134027.5  100330.0
       p2p2       
 KB/s in  KB/s out
152861.4  129792.8
118087.5  66848.17
106898.2  78531.05
102972.2  56284.57
114822.8  55143.53
93570.92  62950.44
134856.0  102953.7
140049.5  116224.8
155753.1  134694.7
128443.5  101428.7
140429.1  122532.5
134780.6  98208.69
114298.6  83618.85
144884.2  69009.95
104696.4  96154.40
119759.7  94420.70
158334.4  97757.82
140131.3  89814.24
75887.40  64768.21
119399.5  65269.25
96930.72  78605.37
122586.1  108455.0
       p2p2       
 KB/s in  KB/s out
167083.7  97635.23
105268.4  69580.77
122822.8  66072.09
136949.1  107836.6
133660.8  108469.2
91425.61  70702.55
95124.96  94123.02
111228.3  86565.04
105722.0  65913.60
 5264.38  11611.20
  744.60    610.74
 9706.33   3805.77
297962.3  207417.4
239525.5  179538.3
261342.2  230220.5
292359.3  183935.9
273548.4  224097.0
273936.0  206285.4
297601.6  302082.9
270664.7  229031.8
231297.9  146084.4
243787.0  147437.2
       p2p2       
 KB/s in  KB/s out
278160.5  188263.2
239769.3  100591.6
301789.9  207842.6
295987.1  226003.6
246483.6  195984.1
218210.2  153092.6
255147.7  186601.1
264117.4  168552.4
288672.1  206355.6
292123.4  245195.7
273530.0  170547.0
275015.1  224639.2
249471.9  189227.8
276141.7  183284.9
256979.2  203487.5
261085.3  150430.1
236677.9  122516.7
210868.4  153193.4
258692.7  122555.9
270960.5  168928.5
310652.3  165264.6
271177.7  271560.1
       p2p2       
 KB/s in  KB/s out
271050.7  228194.1
204553.7  157496.8
305867.4  231441.5
274959.7  201557.2
245096.6  136808.4
248457.5  154603.9
249455.4  190350.1
247516.3  200961.4
234905.7  168287.9
164767.4  94358.44
225683.7  135658.9
278466.4  186239.6
276980.3  186388.7
195029.8  99894.89
233503.0  145434.3
243021.6  206870.4
253032.7  118231.9
268796.3  212202.1
231220.3  155833.8
263867.4  172417.8
270315.2  172364.8
229159.7  206108.3
       p2p2       
 KB/s in  KB/s out
248713.6  185523.3
254872.4  117807.4
281140.5  248119.5
224558.2  216753.1
264025.7  145365.6
281996.6  215228.5
268875.3  148492.5
249366.0  151700.7
264766.9  196621.6
265124.3  201015.3
267798.3  237278.8
252501.4  192172.3
266341.4  225247.7
246745.5  181564.2
245731.1  193893.1
292743.4  259719.0
243381.5  211102.5
257170.6  173752.3
254374.8  206185.4
225774.0  155301.6
218939.0  150580.8
258169.8  212387.8
       p2p2       
 KB/s in  KB/s out
249975.0  148166.5
221637.1  142645.3
252035.2  183040.5
282735.2  214476.5
250216.5  193698.6
222749.4  140726.8
258360.3  196867.8
238661.9  154288.2
256237.2  183360.2
242390.9  170305.3
256286.5  174750.5
269627.7  104970.1
222734.9  152586.3
263382.9  175315.7
267464.1  201046.8
284560.6  183303.8
218310.3  131983.2
294102.4  204288.5
298690.4  220693.9
295858.6  211315.0
258851.9  179142.8
253043.5  194022.8
       p2p2       
 KB/s in  KB/s out
273709.8  195652.7
228391.8  149101.1
261035.5  187920.8
305230.7  179531.9
248196.2  159672.1
208434.1  156961.3
226660.5  203107.7
283607.2  168452.9
176579.5  81876.93
210987.2  169052.8
260840.8  180612.5
248132.9  203474.9
203866.4  149299.2
194516.1  133841.9
274848.9  191935.6
240882.9  170913.3
219740.8  162333.1
250696.1  181666.9
238153.2  149888.0
230718.9  177360.0
215750.1  168133.6
189583.6  162638.2
       p2p2       
 KB/s in  KB/s out
 4590.88    678.74
  895.10    666.92
  845.76    762.59
  731.73    617.25
  623.95    620.24
  664.72    610.36
  917.79    884.64
186980.4  106116.6
322844.1  149223.7
327647.5  257921.6
292793.7  182658.6
345344.5  214350.1
310126.0  187805.8
345047.4  304679.2
320090.9  252176.6
356657.0  234664.8
282559.3  168338.4
274504.4  187832.9
304739.7  189024.4
303237.5  207879.9
321870.1  399582.0
270588.3  205287.0
       p2p2       
 KB/s in  KB/s out
327883.5  189709.1
342907.8  271640.8
301407.4  253530.2
330469.2  233533.2
340676.4  253954.4
285171.9  221115.6
303623.3  314123.1
279317.8  182772.1
292124.8  327217.2
338041.0  236091.0
348618.8  230236.4
347302.9  280733.2
331810.1  272284.0
320746.2  205038.4
328697.2  267075.9
340109.0  244243.1
281084.7  221084.8
201595.6  174635.9
306717.4  148496.2
246959.5  168128.8
341320.9  274577.9
297700.1  218923.7
       p2p2       
 KB/s in  KB/s out
356706.8  229348.0
343754.4  282360.8
293828.9  241094.8
326418.4  314002.9
272244.2  178794.4
322478.6  282424.6
306355.8  292764.9
314430.6  200178.0
334532.5  251957.4
332545.1  160804.4
268550.4  275575.1
333443.3  121555.8
363461.1  306378.6
319992.0  214634.4
297054.4  227962.6
314255.9  188337.9
332633.9  246054.4
324370.0  298000.5
317768.2  245242.0
328818.9  234973.1
375350.9  239677.0
312164.1  249892.3
       p2p2       
 KB/s in  KB/s out
271181.5  241321.3
270302.3  149109.9
323863.8  169178.8
313374.0  260027.4
319777.2  287799.0
312422.0  202611.2
321800.1  263820.0
283367.9  242824.8
295633.2  188846.8
340211.9  235876.2
278647.5  185719.3
314516.8  199670.5
270342.7  188895.6
304351.5  242594.1
308201.6  225056.8
306768.5  209296.4
336298.1  254345.3
318956.3  250383.2
329857.0  285093.6
285104.8  195001.8
383492.1  252770.7
371408.8  253540.3
       p2p2       
 KB/s in  KB/s out
323258.3  254341.2
281451.4  196271.7
323270.0  195006.5
332653.3  167260.0
319842.7  250103.4
351309.2  218137.2
300267.3  234151.8
360430.1  228045.2
291064.5  285615.7
294622.0  167320.6
329481.6  280641.7
302888.4  214915.1
314919.1  227132.8
329174.7  221411.0
362367.2  299961.3
333512.0  256463.3
308273.8  189230.8
300169.7  230400.0
343802.2  204149.1
345026.7  254100.0
306300.7  229673.4
324233.8  210989.1
       p2p2       
 KB/s in  KB/s out
283169.5  153627.5
362034.9  265983.4
331776.0  222323.2
352296.5  299891.1
277067.1  179755.6
326401.9  204673.6
309933.0  244369.3
321898.6  268780.4
275857.3  148590.6
333838.0  260062.8
321428.2  183786.2
302468.0  232351.6
303218.3  232605.5
321653.6  212446.1
309945.3  211844.6
313763.2  222736.3
333451.5  262634.5
198966.8  127859.6
 1395.95    718.35
  595.14    585.41
  868.93    698.95
  837.49    630.93
       p2p2       
 KB/s in  KB/s out
  636.00    543.51
  662.72    630.24
  951.18    908.48
281167.1  263192.2
239202.9  141855.0
58186.10  30949.96
90869.32  66413.12
313972.8  218359.3
371583.3  235453.2
361168.5  296786.5
372934.9  266859.7
403864.1  290346.9
370125.2  307594.5
369756.8  246892.4
378857.1  275350.1
400824.5  354065.3
410231.7  266601.5
389871.4  250478.7
392858.7  247467.5
334356.3  260896.2
357578.7  242383.7
371088.5  283919.8
       p2p2       
 KB/s in  KB/s out
295473.8  260843.8
333911.4  316083.1
348168.3  301177.6
362167.4  273202.7
416474.3  320327.4
399537.9  287885.5
373387.2  253835.7
350822.6  281157.7
411783.5  268696.8
329368.2  324930.9
382840.8  319263.2
330358.7  233109.3
372123.9  324324.1
405994.0  355936.2
331678.6  160648.8
425473.6  254088.9
297990.7  309555.2
176017.7  85204.72
323041.3  235599.0
326819.1  245463.8
305511.0  228070.6
363314.6  225251.2
       p2p2       
 KB/s in  KB/s out
348403.4  252628.5
438698.4  353878.4
380820.7  261972.5
302390.9  195284.5
362045.7  259491.3
145860.8  25974.73
361215.2  249999.1
384669.4  257807.5
391279.2  265600.4
340814.7  265241.5
365926.4  196524.6
388550.0  220250.7
390636.2  318047.7
353899.1  260444.0
344733.5  275276.9
372144.5  317499.5
398068.1  216879.0
369192.3  256353.7
334490.4  172256.7
310312.6  253853.6
348679.0  268916.9
279081.3  177901.7
       p2p2       
 KB/s in  KB/s out
359868.8  227771.1
314919.4  176700.6
325999.9  200785.4
347718.6  310616.9
345253.8  268360.3
306399.2  235429.0
346083.6  319350.5
360779.7  262404.9
341262.1  216268.6
363208.1  239912.8
378012.8  289844.0
354253.8  244738.2
356931.0  231288.1
369944.9  220003.4
427243.5  305428.0
360938.6  269499.2
371825.1  288525.2
364696.8  221615.0
390256.0  309950.8
425994.8  213347.3
391368.7  262175.5
398560.3  309141.1
       p2p2       
 KB/s in  KB/s out
396642.7  313755.7
378463.8  287918.8
359329.5  234846.0
363695.0  266658.9
397669.6  219182.0
377345.1  291103.0
358965.4  307875.9
347450.7  238964.7
340492.6  243129.2
354180.8  276896.9
364821.3  304194.6
349428.8  221159.6
341467.1  243768.1
374123.1  287982.3
374302.1  221385.5
324423.1  250157.0
384692.5  276217.5
409020.8  349567.6
348976.6  198268.6
392570.7  321646.8
405761.2  250590.7
350379.7  299064.9
       p2p2       
 KB/s in  KB/s out
342325.6  225482.9
390475.0  282042.9
361054.6  267740.6
378317.1  243540.8
374005.7  259430.6
379104.5  243063.1
421362.8  274510.3
309151.9  234065.3
429514.0  245830.3
369057.9  271891.0
335099.3  239554.6
309068.7  214319.7
318231.8  203236.9
192498.2  121243.7
 3164.66   1962.85
 1103.28    514.73
  826.92    749.46
  617.43    442.88
  752.00    612.12
  635.99    552.35
  686.96    649.96
314647.3  262804.8
       p2p2       
 KB/s in  KB/s out
499383.5  278852.9
456230.5  414004.6
344872.0  252171.4
441765.6  378327.3
474201.6  249775.7
408315.7  350817.2
420321.2  282208.8
443930.1  222551.9
422850.7  301009.0
396811.3  302292.9
359201.3  257483.0
451106.5  264513.7
375513.2  219219.4
425775.1  289056.7
440478.7  239231.2
407926.1  314426.5
410177.3  298072.6
402221.3  266120.7
393109.7  371191.0
457747.7  328112.5
377822.8  301746.4
404594.5  247629.5
       p2p2       
 KB/s in  KB/s out
347335.3  274572.7
356343.5  266258.4
442960.6  320627.4
380093.2  201303.2
456934.3  315927.3
439411.9  319905.0
389185.3  317230.1
442423.8  251946.7
415604.7  336314.2
421321.0  345785.2
461523.7  328131.1
343592.3  292087.8
443105.4  313835.3
464244.8  280788.1
465790.6  314186.5
450852.0  310703.5
338619.2  335639.5
354447.2  301517.1
338816.8  260002.4
417930.0  268396.5
398245.7  279964.1
394625.4  317388.6
       p2p2       
 KB/s in  KB/s out
363137.8  197458.6
372936.2  174146.9
408481.2  306278.8
453513.8  321683.7
410085.8  271845.7
390442.2  335680.3
414846.4  305590.0
411377.1  250692.1
414004.8  380103.6
276687.8  76774.90
294115.1  156889.2
294530.8  222562.9
414908.7  369935.2
359936.3  337867.2
399814.9  225857.0
390450.5  339345.4
336590.1  251451.0
393117.8  340844.3
383679.3  235163.0
384698.8  334362.0
409390.2  183865.4
435713.4  353738.6
       p2p2       
 KB/s in  KB/s out
384354.6  316314.1
392343.3  213093.5
430464.2  381828.8
455802.7  337238.3
374709.6  260504.1
383210.1  227520.7
407401.2  266434.0
395166.1  326155.3
344420.4  267782.5
367116.9  261897.3
372875.7  159435.3
412153.5  284158.2
381502.0  245033.7
429212.3  323594.2
393046.3  270108.9
474291.2  322271.8
382868.5  349474.4
429042.2  334529.9
382281.3  259812.0
381611.0  284339.4
375623.2  247894.5
470111.5  281086.6
       p2p2       
 KB/s in  KB/s out
435213.5  293006.7
384160.7  237534.8
417075.9  283863.3
372894.4  307235.2
426086.4  342185.8
358587.3  291005.9
430968.6  197417.8
367986.8  241531.3
419197.2  321022.4
410773.1  289351.8
388486.0  261309.1
387211.6  361305.4
419695.8  304907.7
420523.2  303583.6
442210.0  301744.9
426650.4  347593.3
421131.6  323654.2
391059.4  221054.2
410538.6  260421.9
413500.0  279543.0
377594.6  305804.3
478316.7  340842.7
       p2p2       
 KB/s in  KB/s out
398822.8  242370.8
395501.1  398642.5
353823.1  306341.8
386752.3  278622.4
345080.6  252235.3
367273.9  229765.0
428549.7  292452.1
390437.5  260778.1
477999.5  303698.8
324771.1  239226.0
166286.9  138888.7
33086.55  24883.98
  929.07    633.99
  718.03    686.29
  796.45    534.47
 1070.05    873.44
  951.77    769.76
75464.48  49173.65
89529.10  72880.55
83469.17  71936.63
67466.47  60658.33
65418.11  35404.74
       p2p2       
 KB/s in  KB/s out
60530.17  40537.75
75431.00  60985.68
67604.40  56534.73
88018.57  40812.97
81922.13  65382.93
95235.44  96437.56
97766.77  69669.55
90756.81  64081.79
84024.18  72912.44
60236.62  54422.77
80192.86  70681.37
74499.91  26712.88
85291.72  43805.86
83272.69  39580.34
86798.15  65232.82
76436.95  69911.60
81043.46  56573.78
88158.23  61025.51
55565.46  23051.14
81240.37  66538.26
74901.88  63966.03
68752.08  69522.53
       p2p2       
 KB/s in  KB/s out
83702.27  27769.58
84467.68  45103.16
74058.69  51434.03
96101.68  64286.67
73372.79  22500.30
59642.50  52394.58
79553.89  77995.45
87441.62  95362.97
86186.29  69230.02
73642.43  88220.46
88471.81  95440.06
84007.95  53750.07
79680.71  65237.29
90858.10  35240.83
83723.82  35206.77
69814.02  62167.56
83366.65  57797.89
92072.71  80386.24
99973.42  91854.27
92399.61  65189.04
79136.00  87815.31
61620.23  43815.05
       p2p2       
 KB/s in  KB/s out
96266.71  93222.50
77829.29  62137.89
80357.35  86839.90
82200.00  35222.98
77056.80  74886.51
54805.55  18021.28
76378.98  77984.26
85347.55  70611.51
98633.61  95716.42
86325.14  78159.06
84503.62  69604.59
90548.73  52524.86
64722.49  52369.59
91805.84  22375.29
89104.36  58001.05
83297.41  35391.52
82522.54  79378.03
98633.66  77979.70
101306.1  78391.29
77256.32  86761.74
67261.78  31961.18
81522.64  67309.10
       p2p2       
 KB/s in  KB/s out
68475.97  75030.92
78912.83  30940.45
75569.10  53566.97
85565.36  100806.9
68808.07  59426.67
86191.43  84989.86
97865.34  78224.22
59752.28  53570.95
91653.87  84022.34
82406.96  77862.77
83400.30  99582.14
93391.88  43889.55
53887.13  49154.42
104702.6  72013.75
69226.36  52354.47
92253.16  68810.09
50849.88  28768.18
101207.4  52357.98
90143.31  86821.33
71499.27  43953.35
92437.55  35379.01
100608.9  86465.73
       p2p2       
 KB/s in  KB/s out
83285.81  52401.11
92667.00  76821.47
70493.69  63232.57
83159.73  81284.06
70378.57  42768.72
68581.96  42772.33
87672.12  65309.63
83779.81  45988.43
90000.29  31163.30
86741.45  63050.95
90092.01  72889.17
60525.96  10595.55
98941.63  94534.48
72549.70  52158.52
78652.24  64182.04
88263.62  67516.86
73726.51  62022.88
93592.78  32144.22
88420.21  35309.77
77202.50  72987.24
96287.40  105091.8
62436.70  17818.19
       p2p2       
 KB/s in  KB/s out
68700.19  26543.58
76599.44  62226.31
106177.2  62262.20
61441.52  13841.45
80813.43  66239.63
33279.10   9426.53
  853.75    784.62
  648.42    619.76
  773.93    711.97
  734.88    680.39
  593.38    595.46
  610.77    616.12
39851.99  19049.22
209925.8  136569.6
226213.2  215067.5
181203.9  136302.7
190857.9  181788.9
150743.6  105464.9
139515.7  99824.86
139265.3  105340.9
150372.7  89148.52
123562.8  67633.35
       p2p2       
 KB/s in  KB/s out
194300.9  155476.5
134672.7  77483.75
157387.0  159633.4
143015.6  135472.4
115576.4  82774.10
200469.0  92627.95
165268.0  136370.9
130575.3  78146.76
167087.5  149823.6
99254.47  58902.44
149187.1  129169.1
128018.2  88092.51
165393.3  131026.5
154776.3  120889.7
156437.4  61953.01
128980.2  78232.90
172598.3  135483.5
182026.9  118464.3
188007.1  98232.19
162291.3  107229.7
103391.9  97700.52
141116.1  110709.4
       p2p2       
 KB/s in  KB/s out
124736.4  93446.25
177727.7  119343.6
121916.9  62256.72
151939.2  96749.36
161284.3  114069.7
119461.0  65280.77
158707.0  92506.80
139943.1  99686.13
138629.6  96739.46
155249.1  100123.2
187353.1  156893.8
177921.9  114135.4
189567.9  199803.9
159210.0  102021.9
157375.7  104439.1
128899.7  126187.8
190624.4  141325.8
173789.0  171885.6
127836.5  74853.20
181890.5  120847.8
95149.63  115813.5
127401.5  51736.95
       p2p2       
 KB/s in  KB/s out
159325.6  110762.6
148214.4  47409.44
182477.2  159347.6
139118.8  71738.29
116688.1  103772.6
145445.7  78633.18
108997.0  103528.9
204923.8  130503.1
83662.36  64917.73
177061.7  130183.1
144153.6  104447.4
135967.8  62293.70
123037.1  103884.2
128488.6  89337.25
151655.9  127773.9
162346.8  106352.1
193285.3  163371.7
149278.6  60244.73
134301.1  128864.0
169218.2  129690.6
147690.7  140322.8
162231.3  72082.59
       p2p2       
 KB/s in  KB/s out
158846.9  127924.7
122548.7  94694.96
107153.5  77285.84
148145.4  109596.1
138731.1  127796.7
93154.66  72895.39
199270.9  122753.7
183070.2  124596.9
118401.8  77191.13
206252.2  193767.1
133583.3  105048.4
157813.2  139082.8
187134.2  137177.7
183395.6  165788.2
153544.7  76003.06
184669.6  166711.4
133293.1  124195.5
179036.1  152689.3
83482.33  61179.16
187292.5  142023.1
179829.9  135433.7
139590.3  137625.2
       p2p2       
 KB/s in  KB/s out
139032.4  90127.15
97270.23  87899.91
139273.8  85304.95
188923.0  117965.9
115909.2  97510.01
108237.3  73024.77
167665.7  147441.5
167932.8  106036.0
137086.7  76218.43
162220.0  173097.8
159493.0  69480.84
85911.46  65602.11
169249.5  154818.5
153989.9  97732.73
137869.5  115068.6
127814.7  102057.2
202579.0  103260.5
137981.0  117054.7
185092.3  150985.4
157490.7  94066.54
182584.9  118461.3
174206.2  92421.48
       p2p2       
 KB/s in  KB/s out
136814.8  133536.3
 1325.88   1784.07
  759.88    639.52
  827.18    717.63
  535.75    462.51
  719.08    661.55
  633.54    629.46
  628.46    595.84
156822.9  96919.75
341630.2  231050.4
246060.4  183536.4
257548.8  218809.1
333331.5  276897.2
279291.3  177203.7
307600.2  233006.7
235071.9  163943.4
320748.9  238303.6
321530.8  307285.7
344060.2  261897.4
298753.6  212220.9
302259.3  202626.6
319807.7  195742.0
       p2p2       
 KB/s in  KB/s out
327075.3  211146.1
284555.3  219488.4
297568.6  285871.0
314707.5  233974.9
289246.5  266190.6
282670.9  199600.3
297054.9  265723.1
271109.5  230614.6
342394.6  213606.8
308243.1  218854.8
289179.6  228345.7
295749.9  146580.0
333321.3  301358.0
343311.2  202952.0
292734.3  182918.1
332136.8  312634.7
347414.8  225913.2
312358.2  242516.9
309531.7  200132.5
303258.6  263653.8
282376.2  198794.9
362003.8  297726.0
       p2p2       
 KB/s in  KB/s out
330802.5  234745.2
323336.1  251251.1
317735.9  176308.1
290512.5  195779.3
299137.4  203871.1
301117.8  192552.9
358830.2  296565.3
333569.1  215574.8
237645.5  200506.6
327773.8  229460.1
263392.1  254807.7
371731.9  229567.8
265092.9  183049.7
208884.9  135888.6
320516.4  250862.5
319099.2  251941.4
308598.0  203397.3
336245.4  216990.8
319309.0  252254.3
346217.2  252877.1
294672.7  166668.8
335685.5  227650.7
       p2p2       
 KB/s in  KB/s out
316806.4  230310.9
276110.1  188567.1
276470.3  206191.6
281607.1  176731.9
264439.7  239991.1
292305.8  230496.5
307743.5  191315.8
312197.8  266219.4
311668.3  219528.9
322455.4  216701.0
302090.2  236804.6
345437.9  235779.1
261516.1  241950.2
269188.1  212155.8
315987.8  232455.6
296898.5  188778.0
307360.0  177709.8
296273.2  218440.7
284167.5  153220.6
284454.0  186009.4
314507.2  225198.2
250018.3  199303.7
       p2p2       
 KB/s in  KB/s out
256620.0  160067.5
268683.5  209054.8
291704.0  180868.0
323324.2  226941.8
304679.8  273441.8
301286.5  191942.5
303466.1  186420.0
320082.4  245598.5
310699.6  211427.2
323158.2  196047.8
259846.1  118801.9
279551.8  219766.5
303857.9  218999.9
331326.6  234711.3
259170.7  125227.1
254829.2  247032.0
313609.9  284670.8
382146.6  287997.1
353648.2  239740.6
319074.6  215706.8
329286.3  216755.3
279847.2  155467.0
       p2p2       
 KB/s in  KB/s out
294516.8  217775.1
301684.7  223968.0
319663.7  303909.8
336687.9  247528.2
264495.3  140923.0
284495.6  200303.0
300139.5  188457.0
299970.3  167329.5
278491.6  187561.2
285287.5  175635.6
293731.1  211665.5
306088.7  243385.1
287892.2  227058.2
298037.8  196704.5
278596.3  170657.8
318500.7  290932.4
311440.7  179897.2
301862.1  295879.6
217709.3  128295.9
61204.46  36342.95
 5485.77    743.36
  900.48    717.85
       p2p2       
 KB/s in  KB/s out
  886.65    639.13
  646.43    495.27
 1020.36    868.60
  726.91    648.33
303248.8  186614.2
360653.4  266095.2
401114.1  290975.9
348224.0  244822.2
278587.7  191383.5
346026.8  306637.2
372989.0  199214.8
403393.4  332705.2
380116.3  272650.0
366776.0  248365.2
421978.2  239299.5
372519.7  248309.4
372473.6  275615.4
358795.7  301885.3
426087.0  274351.2
341470.4  249210.2
373520.5  278493.4
350982.0  250770.3
       p2p2       
 KB/s in  KB/s out
427441.3  270030.6
387427.1  289184.9
315051.1  239355.4
386407.2  238888.3
391610.9  251522.5
388944.1  291954.6
350298.6  225468.1
348725.3  205386.6
320956.8  296874.5
353388.7  303572.3
350204.3  318986.7
379343.6  250310.6
381249.3  268556.7
334793.7  177354.5
350156.8  356378.7
402184.0  263026.9
392287.6  335940.7
399544.9  315894.3
398150.9  290027.0
405181.2  275690.7
393319.6  236639.3
340624.7  269311.1
       p2p2       
 KB/s in  KB/s out
357164.2  262740.7
385774.2  292917.5
295774.4  193603.6
339369.3  215410.0
381781.3  231706.1
364348.3  258918.9
286276.2  263428.2
363591.1  170685.1
339064.4  222395.2
370353.6  183215.3
368812.8  271104.3
374614.6  284273.6
379349.9  281831.8
390421.7  276404.3
370224.0  283267.7
306134.2  214164.8
346625.8  239216.1
358017.2  269927.0
375919.5  225260.2
406042.5  276041.5
389550.9  335657.2
401966.9  273810.6
       p2p2       
 KB/s in  KB/s out
403439.7  285006.1
379261.7  272182.1
405865.7  283820.9
368595.3  319780.6
361125.6  274315.0
351958.8  258903.6
360085.7  275061.5
393952.7  332489.2
327397.2  268835.0
404221.8  365648.9
336390.7  192809.5
381979.6  310404.5
343691.6  333208.3
302812.7  210628.6
383550.7  310729.4
361049.4  241493.7
370976.8  214265.6
384918.6  323963.1
380088.8  239371.0
401439.0  231395.2
369964.0  276854.4
399600.3  289321.8
       p2p2       
 KB/s in  KB/s out
395855.7  283802.3
228009.6  133913.2
275181.8  201738.9
300976.9  262320.5
351361.5  169202.4
372646.0  253778.9
367660.4  205320.0
357906.7  218597.1
364693.7  236329.4
325557.8  191144.2
383524.8  322404.1
347491.5  262469.6
372060.4  204812.7
375980.1  185381.7
366917.0  230083.8
331051.4  248141.1
374978.7  360396.6
368435.5  242878.9
407882.6  273604.9
385651.3  295875.4
314770.8  176813.0
348735.4  260776.4
       p2p2       
 KB/s in  KB/s out
363516.8  265341.6
389202.7  263283.8
411597.3  301737.7
343856.2  271295.5
371183.3  245800.8
377515.9  267912.0
363763.8  251608.8
378781.8  259587.8
393155.8  291070.3
379620.6  306188.9
391207.7  247168.4
381469.9  238174.1
417737.0  256326.6
370777.9  235599.9
300344.7  146923.2
140398.0  149844.6
38215.64  44902.48
 3157.44   4894.55
 1411.40    748.02
  838.08    718.00
  691.96    575.60
 6376.35   1528.49
       p2p2       
 KB/s in  KB/s out
490321.4  343709.8
367257.4  309945.7
423317.4  345387.4
449580.4  414038.5
399133.4  310320.9
456090.5  296429.8
410764.6  300660.7
433285.5  299061.2
393198.6  310527.5
437776.0  346021.6
437903.1  235903.3
413321.1  335540.5
406674.0  267869.5
366903.0  270947.7
405303.3  388362.8
449050.4  362890.3
364022.8  249930.8
399131.0  300806.7
426885.8  278504.1
402752.2  309449.4
387120.0  310480.2
342083.0  278484.3
       p2p2       
 KB/s in  KB/s out
379371.1  278864.9
444649.3  357138.8
410305.7  276743.8
409359.4  327851.5
384672.0  298883.4
410458.6  295410.9
432931.6  315056.0
382449.4  283198.7
382746.2  250533.4
451774.9  305549.6
446617.6  283365.9
364691.6  272043.6
426437.1  264830.0
482595.1  384379.0
427307.8  392047.0
433488.1  283845.5
471204.4  379674.7
396538.3  291634.8
429245.3  349958.0
401258.1  347961.5
433255.9  339930.5
393773.4  274528.1
       p2p2       
 KB/s in  KB/s out
384387.9  313576.9
415941.9  314446.2
392822.6  298449.9
405123.4  278727.9
431165.3  372651.0
393517.0  344845.0
253299.2  172295.1
352782.7  206480.3
360589.2  297929.1
403616.8  336364.1
420525.7  333549.4
463525.6  364481.1
436592.6  338674.4
426580.1  330509.9
356667.4  308737.8
451565.6  247527.1
411704.5  355188.2
454421.7  262772.1
411942.5  277775.3
440573.0  367174.2
425125.5  275576.9
444964.6  282389.3
       p2p2       
 KB/s in  KB/s out
380811.6  293666.8
384555.8  326478.6
439271.6  327911.1
360573.9  375611.2
457010.6  287978.3
396421.7  269202.3
389166.7  302286.6
404890.2  354877.2
422839.5  223137.5
441513.2  416688.8
392596.0  239264.2
108114.9  16660.92
395734.5  283091.5
345955.2  220959.7
403133.5  276942.7
393181.1  282183.3
372522.5  233443.6
385434.1  293043.1
411389.6  288594.1
423672.1  287191.5
488642.7  265034.7
439736.9  304802.1
       p2p2       
 KB/s in  KB/s out
240948.4  77681.36
316896.6  175522.8
438805.0  343929.7
363700.4  252384.0
465574.9  343886.4
490127.0  339084.5
410340.5  325140.2
438250.3  309541.7
422927.8  278464.5
492723.3  414711.4
456666.9  371603.0
423333.8  295262.5
363346.0  238495.6
466282.9  222632.9
456555.0  335842.7
397572.2  298583.6
382591.2  281702.3
369189.1  208123.0
410646.4  283467.6
345199.5  308082.9
340728.8  248856.2
417966.2  271318.1
       p2p2       
 KB/s in  KB/s out
379565.0  339396.4
388170.7  311367.8
423707.7  306946.7
392679.2  265406.2
340845.9  249020.5
385806.3  264376.2
392685.4  349158.5
318752.5  238072.0
328931.5  175370.0
408099.0  257551.5
327049.7  159942.3
252486.3  204840.8
188655.7  126957.8
14208.60   2865.55
 1107.27    980.31
  955.09    748.59
  802.21    634.08
52283.54  55074.59
497271.9  405898.7
475076.2  302386.5
418516.6  269571.7
427911.9  202149.6
       p2p2       
 KB/s in  KB/s out
469918.3  314427.6
485687.9  343891.0
473727.0  350056.8
427224.0  297530.1
419647.9  295880.7
451911.5  225184.4
489082.0  287399.1
483902.0  295531.9
449846.7  324181.9
396335.2  368806.9
441224.4  353938.5
436987.3  309658.2
484378.5  429932.5
446331.8  346177.6
476916.9  332176.1
480832.2  313774.1
375986.2  348966.3
476944.7  346955.9
451481.6  350357.7
431473.6  209718.2
435196.1  291332.5
434182.7  311064.4
       p2p2       
 KB/s in  KB/s out
421156.1  296170.7
408475.6  301237.7
442946.9  269428.7
452601.6  351931.0
477770.5  367776.8
470169.7  385703.8
420376.1  275281.6
413329.2  264850.4
351973.1  262644.2
466655.2  269495.0
442159.7  299375.3
321218.9  273996.0
388457.6  240981.6
406166.8  265259.7
405861.2  234744.2
478263.0  382935.0
416537.4  265798.4
398867.2  263660.2
403073.5  330897.6
441951.7  312132.5
442486.5  272975.1
356716.3  264355.0
       p2p2       
 KB/s in  KB/s out
362879.1  255336.5
451665.7  318476.2
459830.6  356318.5
451948.8  385531.8
447651.2  355589.8
434200.8  371566.0
411837.3  311918.5
419799.4  294927.8
443952.1  288033.0
378383.5  206985.4
441847.6  236568.9
430321.5  306516.8
444592.5  294484.9
499141.2  394849.5
429360.9  323052.7
404738.9  309420.4
469553.6  332448.7
456022.7  372831.2
418676.0  324688.3
443885.4  419704.5
436289.9  371034.6
474263.4  267365.4
       p2p2       
 KB/s in  KB/s out
420049.7  282019.7
458926.4  286052.0
452530.7  321919.7
428455.4  257058.6
451724.7  365011.9
483030.2  383561.2
415901.1  350770.9
446439.8  266828.9
457192.8  352044.2
489875.3  354207.6
387371.7  311900.1
470127.2  306985.7
392879.4  273548.7
429362.1  320189.7
464339.4  330872.6
460183.2  260843.0
408621.2  251756.6
445677.4  337755.1
395163.1  281893.0
396774.2  269043.0
444582.0  311039.8
414357.1  265033.7
       p2p2       
 KB/s in  KB/s out
453697.0  283749.7
435632.6  334730.6
455055.3  304847.4
403036.7  346775.6
420364.3  283129.3
487023.1  311565.8
441041.6  325002.2
418458.7  300579.1
427917.9  368413.1
383382.9  261547.7
453502.8  328147.7
450174.0  313101.2
437947.7  295359.9
424729.5  349634.9
370972.6  267590.3
449356.8  246464.9
439551.6  354780.2
434855.7  338976.0
367501.2  269380.4
452883.8  240834.2
410894.2  331970.9
321412.9  155411.9
       p2p2       
 KB/s in  KB/s out
191766.6  56130.10
406864.3  321498.7
363095.5  372904.8
402726.5  306546.6
425611.8  266248.5
413684.2  349467.0
481407.4  402925.9
471056.3  333329.4
452464.6  328137.3
371311.0  297881.1
281231.2  212846.9
396263.2  313866.8
327192.6  257470.7
144685.5  120006.7
25304.61  10626.77
 1991.70    758.55
  906.95    716.91
  754.28    629.38
  602.01    502.58
  637.90    634.06
  702.16    656.50
  646.47    648.49
       p2p2       
 KB/s in  KB/s out
  767.45    743.47
  668.20    671.89
  649.99    651.00
  747.02    740.28
  774.80    746.17
  601.54    599.36
  606.90    614.88
  407.82    404.26
  688.58    692.85
  765.14    761.28
  704.43    703.84
