       em4        
 KB/s in  KB/s out
    0.44      0.05
    0.18      0.00
   14.63      9.46
   70.79     46.50
   84.91     56.14
   87.22     58.25
   86.74     57.65
   93.04     59.80
  102.69     68.99
   91.34     60.43
  105.63     80.67
   95.63     82.52
   98.06     64.94
  105.51     69.54
   97.86     65.00
  105.36     69.80
  106.42     70.33
  118.67     98.74
  116.01     77.84
  109.44     70.96
  118.57     78.53
  112.46     74.12
       em4        
 KB/s in  KB/s out
  111.97     74.47
  119.21     78.75
  118.45    100.33
  119.22     78.35
  112.92     74.74
  119.05     77.77
  112.75     74.81
  111.78     74.71
  119.08    103.53
  120.49     77.08
  112.12     74.47
  117.32     78.30
  113.94     74.29
  112.51     74.55
  113.97    104.14
  123.93     79.20
  119.97     79.31
  115.19     77.08
  116.96     76.36
  114.46     76.85
  117.77    106.63
  117.80     75.74
       em4        
 KB/s in  KB/s out
  112.66     74.64
  117.92     77.92
  119.01     78.86
  112.02     74.41
  117.33     78.66
  120.67    106.62
  113.57     75.88
  117.74     76.82
  115.41     77.55
  115.52     75.22
  112.01     74.68
  125.04    110.82
  112.07     74.35
  112.66     74.43
  114.25     76.39
  117.11     76.48
  113.31     76.38
  124.69    111.60
   85.02     56.97
    0.23      0.00
    0.18      0.00
  167.53    103.60
       em4        
 KB/s in  KB/s out
  454.55    283.30
  467.53    303.73
  478.66    305.07
  456.71    283.66
  451.88    283.25
  467.75    290.31
  456.12    300.13
  457.93    283.76
  461.70    287.45
  457.38    287.95
  457.00    282.53
  475.88    316.05
  457.01    283.15
  463.79    284.62
  466.19    286.57
  449.20    280.63
  447.79    277.24
  454.69    302.31
  461.97    285.90
  463.67    286.42
  454.92    281.10
  463.03    285.43
       em4        
 KB/s in  KB/s out
  463.91    285.41
  455.78    306.53
  455.58    279.93
  455.00    280.12
  449.03    280.67
  445.60    275.20
  450.11    277.66
  465.05    313.09
  432.24    266.97
  465.87    287.70
  445.32    276.47
  459.65    282.90
  459.33    284.02
  469.95    315.66
  445.68    277.31
  471.25    291.75
  446.05    274.70
  468.91    291.47
  457.54    283.94
  469.18    315.01
  453.09    281.09
  462.67    284.96
       em4        
 KB/s in  KB/s out
  450.55    277.71
  453.87    285.62
  460.61    282.85
  456.53    313.68
  466.14    285.02
  464.53    289.72
  455.77    279.47
  443.76    276.80
  467.45    291.39
  471.61    326.07
  457.28    286.41
  458.85    282.73
  462.16    284.46
  446.81    279.35
  462.50    283.04
  298.71    220.42
    5.70      1.25
    0.18      0.00
  770.27    465.13
 1758.63   1061.27
 1752.66   1060.97
 1721.38   1036.04
       em4        
 KB/s in  KB/s out
 1777.73   1084.75
 1831.69   1104.02
 1777.16   1064.50
 1753.24   1051.91
 1817.66   1088.54
 1740.51   1071.73
 1758.30   1053.53
 1707.64   1027.91
 1703.33   1026.84
 1791.45   1076.03
 1724.49   1034.12
 1752.81   1077.69
 1726.91   1036.84
 1729.57   1041.93
 1685.19   1013.49
 1750.90   1050.51
 1743.79   1051.42
 1778.91   1092.82
 1750.51   1056.63
 1783.24   1062.73
 1784.60   1081.22
 1740.67   1048.67
       em4        
 KB/s in  KB/s out
 1753.62   1059.40
 1733.07   1034.77
 1823.64   1117.85
 1770.82   1070.49
 1743.46   1047.15
 1759.60   1054.24
 1766.15   1063.65
 1758.27   1086.06
 1808.36   1085.42
 1754.21   1053.96
 1759.84   1061.49
 1729.89   1035.50
 1783.84   1068.11
 1754.42   1059.94
 1728.91   1064.76
 1766.08   1067.15
 1725.53   1041.76
 1791.75   1075.67
 1720.43   1038.34
 1264.49    788.18
 1798.19   1077.21
 1752.20   1054.92
       em4        
 KB/s in  KB/s out
 1787.83   1071.92
 1723.01   1043.09
 1800.53   1078.91
 1773.80   1093.73
 1724.86   1044.26
 1758.10   1050.67
 1772.88   1063.41
 1756.86   1055.36
 1740.41   1045.95
 1729.74   1075.20
 1742.63   1050.29
 1731.89   1040.19
  939.85    564.88
    0.25      0.14
    0.51      0.00
 1353.88    819.77
 2658.65   1617.23
 2917.32   1760.72
 2840.86   1703.16
 2781.48   1671.49
 2884.37   1734.27
 2915.84   1768.85
       em4        
 KB/s in  KB/s out
 2928.07   1763.97
 2987.08   1796.14
 2745.77   1656.84
 3012.38   1807.98
 2958.66   1791.17
 2792.73   1679.01
 2825.67   1700.02
 2732.58   1638.94
 2760.10   1661.08
 2785.10   1669.94
 2958.23   1796.28
 2937.27   1766.52
 2987.50   1792.11
 2641.01   1593.88
 2852.90   1717.80
 2769.72   1663.69
 2995.56   1820.30
 2821.04   1698.50
 3032.80   1819.69
 2772.17   1669.56
 3038.29   1826.21
 2834.32   1696.92
       em4        
 KB/s in  KB/s out
 2947.82   1797.57
 2745.28   1657.20
 2844.10   1708.11
 2812.58   1692.45
 2906.25   1739.84
 2921.96   1761.06
 2994.95   1824.92
 3148.26   1887.48
 2821.04   1693.98
 2999.69   1805.74
 2898.00   1744.10
 3010.88   1808.20
 2903.89   1770.76
 2711.41   1633.52
 2913.85   1748.68
 2869.92   1730.52
 2981.00   1782.45
 2876.06   1740.58
 2681.67   1636.62
 2803.61   1687.54
 2777.30   1669.62
 2739.70   1639.96
       em4        
 KB/s in  KB/s out
 2747.38   1659.81
 2756.34   1651.46
 2737.15   1682.23
 2992.44   1788.26
 2961.69   1781.68
 2855.63   1719.25
 2820.23   1704.29
 2885.47   1729.77
 2767.79   1699.35
 1398.06    829.12
    0.23      0.00
    0.18      0.00
 1186.22    733.52
 3266.22   1963.12
 3372.09   2032.12
 3327.04   2022.08
 3206.56   1943.88
 3514.28   2096.37
 3262.23   1966.87
 3346.46   2031.98
 3383.17   2035.65
 3112.25   1889.54
       em4        
 KB/s in  KB/s out
 3172.77   1892.75
 3250.45   1962.34
 3367.03   2024.62
 3170.66   1899.66
 3217.35   1967.19
 3295.41   1992.70
 3133.80   1882.74
 3087.60   1867.37
 3166.42   1905.02
 3545.32   2127.56
 3411.85   2068.61
 3434.14   2079.07
 3236.48   1953.75
 3086.50   1847.56
 3441.79   2070.83
 3064.92   1845.36
 3206.83   1948.27
 3147.64   1900.81
 3536.46   2125.49
 3223.37   1931.40
 3323.32   2002.92
 3363.07   2022.04
       em4        
 KB/s in  KB/s out
 3383.94   2057.82
 3486.73   2097.85
 3304.10   1987.03
 3359.03   2028.95
 3473.42   2086.86
 3354.14   2011.39
 3354.94   2049.58
 3362.43   2014.03
 3117.64   1877.59
 3252.97   1959.41
 3210.10   1941.61
 3138.74   1887.86
 3334.12   2027.31
 3152.86   1910.52
 3190.48   1935.17
 3394.00   2021.92
 3134.97   1896.32
 3147.28   1898.98
 3274.00   1995.71
 3078.64   1841.12
 3478.61   2084.58
 3182.43   1933.98
       em4        
 KB/s in  KB/s out
 3274.03   1952.59
 3179.79   1919.25
 3077.92   1880.93
 3272.26   1977.13
 3341.83   2009.94
 3475.01   2093.39
 2083.68   1228.15
    0.38      0.12
    6.43     36.09
  342.51    270.40
 3449.74   2067.82
 3411.33   2044.91
 3237.36   1979.69
 3494.26   2088.57
 3219.33   1970.42
 3672.25   2171.32
 3401.39   2051.61
 3182.65   1948.84
 3366.62   1993.07
 3369.77   2051.32
 3512.38   2106.27
 3321.48   2027.11
       em4        
 KB/s in  KB/s out
 3465.49   2060.45
 3296.65   1991.16
 3446.72   2061.81
 3198.20   1943.40
 3383.49   2035.05
 3592.24   2162.98
 3535.33   2109.22
 3455.30   2085.83
 3485.93   2084.25
 3572.19   2188.81
 3153.37   1916.70
 2940.49   1782.61
 3238.90   1933.67
 3195.43   1905.48
 3346.21   2030.12
 3329.62   2030.01
 3475.65   2079.20
 3524.46   2133.08
 3440.04   2038.96
 3487.11   2117.32
 3390.36   2048.25
 3476.58   2116.82
       em4        
 KB/s in  KB/s out
 3577.90   2139.01
 3397.61   2035.33
 3270.06   1967.26
 3409.78   2042.70
 3462.38   2105.71
 3515.15   2101.42
 3204.10   1974.56
 3502.69   2094.96
 3479.24   2080.63
 3332.78   2019.16
 3422.79   2054.34
 3476.62   2103.44
 3316.06   2027.69
 3455.38   2057.45
 3346.61   2013.12
 3528.11   2105.21
 3221.19   1979.03
 3556.77   2106.34
 3391.75   2086.19
 3401.59   2066.33
 3248.41   1970.30
 3328.44   1969.92
       em4        
 KB/s in  KB/s out
 3336.02   2021.22
 3436.85   2043.80
 3412.83   2086.88
 3404.17   1993.59
    3.40      4.37
    0.31      0.14
    0.23      0.00
    0.23      0.00
    0.77     34.26
    5.70      3.02
    0.18      0.00
  279.56     23.07
  752.78     50.53
  825.84     59.95
  890.59     60.49
  901.78     88.12
  889.61     59.20
  893.52     62.51
  962.47     68.60
 1031.30     74.46
  892.19     61.60
  967.29     90.25
       em4        
 KB/s in  KB/s out
  961.10     67.56
  963.73     70.06
 1031.61     73.90
 1095.28     74.37
 1100.14    100.95
 1105.25     80.02
 1100.39     79.61
 1163.69     78.06
 1098.51     77.35
 1030.28     73.13
 1101.88    101.66
 1169.77     82.08
 1035.73     77.52
 1094.35     73.73
 1098.96     77.46
 1101.76     80.87
 1171.12    105.35
 1099.95     79.07
 1098.20     77.46
 1098.38     78.00
 1166.07     80.19
 1099.12     77.45
       em4        
 KB/s in  KB/s out
 1105.37    105.98
 1097.90     76.88
 1098.41     77.13
 1098.40     77.62
 1099.01     77.93
 1101.56     79.67
 1170.90    108.72
 1098.53     77.74
 1099.32     77.58
 1099.26     78.18
 1099.39     81.39
 1167.52     82.76
 1098.95     77.74
 1098.65     77.70
 1099.12     78.05
 1100.32     79.84
 1097.67     75.80
 1103.10    109.30
 1104.81     81.88
 1095.98     75.17
 1102.14     80.92
 1096.93     76.32
       em4        
 KB/s in  KB/s out
 1099.45     78.21
 1169.59    113.24
 1105.64     82.50
 1095.91     75.81
 1101.37     80.21
  685.73     47.15
    1.49      2.32
    2.12     33.50
 2271.67    154.17
 4587.00    295.70
 4596.40    307.68
 4452.78    291.51
 4456.67    293.07
 4391.38    307.61
 4522.30    300.73
 4388.25    307.38
 4388.14    293.65
 4462.68    290.69
 4389.66    288.49
 4525.90    316.88
 4389.17    291.96
 4392.39    290.08
       em4        
 KB/s in  KB/s out
 4393.78    291.35
 4453.02    291.43
 4198.52    290.19
 4399.15    314.44
 4579.64    286.82
 4385.48    285.31
 4522.68    292.90
 4389.20    291.82
 4528.27    323.97
 4524.55    296.48
 4458.97    294.89
 4389.70    292.41
 4653.38    297.12
 4523.98    292.96
 4530.96    324.31
 4454.41    314.90
 4521.97    299.66
 4527.20    299.83
 4518.55    290.98
 4387.68    291.19
 4458.85    293.15
 4394.25    322.91
       em4        
 KB/s in  KB/s out
 4396.09    297.94
 4462.35    299.12
 4463.37    293.00
 4584.48    293.79
 4525.07    297.59
 4387.60    313.31
 4397.55    291.33
 4523.93    294.85
 4388.11    289.58
 4393.77    292.99
 4458.28    293.19
 4457.82    324.66
 4519.32    289.92
 4387.21    289.61
 4388.01    288.38
 4385.38    287.32
 4390.08    292.54
 4388.95    289.32
 4652.95    300.79
 4390.54    292.73
 4462.72    300.74
 4588.82    295.22
       em4        
 KB/s in  KB/s out
 4261.03    289.83
 4589.20    302.04
 1987.86    134.60
    1.17      0.73
    0.55      0.25
 9481.06    621.44
17071.29   1096.34
17651.30   1098.77
17066.29   1090.61
17274.55   1106.58
17400.00   1101.93
16462.17   1061.14
17127.51   1084.71
17394.05   1098.74
17266.93   1098.57
17747.81   1125.62
17475.40   1101.35
17338.94   1104.54
17203.94   1100.23
17402.92   1102.72
17602.95   1113.53
16801.22   1080.84
       em4        
 KB/s in  KB/s out
17254.43   1085.96
17338.08   1102.67
17203.16   1108.25
17403.07   1119.43
17002.87   1094.10
16768.88   1055.02
16729.41   1071.27
17460.18   1101.80
17673.80   1145.06
17885.57   1133.62
17465.56   1104.05
17136.67   1095.08
17275.06   1108.18
17258.62   1089.03
17954.98   1141.42
17740.80   1147.31
17346.00   1109.75
17259.22   1093.72
17123.20   1078.68
16927.49   1080.81
17478.63   1117.36
17327.16   1092.16
       em4        
 KB/s in  KB/s out
16797.72   1103.92
16917.65   1061.59
17072.78   1093.71
17598.13   1109.41
16723.55   1066.42
17471.04   1108.68
17255.10   1086.09
16937.73   1117.15
17224.61   1078.39
17339.67   1109.28
17145.50   1104.30
17733.09   1119.11
17400.43   1106.50
16600.22   1072.94
17059.71   1112.07
17823.40   1138.07
16994.96   1082.39
17186.19   1083.58
17200.87   1097.72
17202.21   1097.23
17071.87   1118.20
 6775.24    423.42
       em4        
 KB/s in  KB/s out
    0.45      0.00
    0.12      0.00
15374.43    995.49
28596.29   1829.11
30349.03   1915.40
29151.25   1886.61
29662.84   1871.88
28941.05   1853.89
28361.91   1785.00
28108.42   1789.12
28929.64   1843.68
28312.90   1819.35
27875.63   1765.51
29332.94   1863.75
28992.29   1833.72
28570.87   1809.33
28926.29   1832.15
29197.47   1876.85
28385.21   1812.06
29142.95   1844.70
28093.93   1779.59
28521.48   1820.50
       em4        
 KB/s in  KB/s out
29269.43   1842.24
29769.25   1896.07
29060.84   1829.61
27627.54   1762.44
30445.28   1940.70
28846.64   1826.83
27770.56   1776.11
28311.00   1797.58
28794.96   1837.94
28742.98   1844.57
28769.83   1824.72
29740.12   1881.20
30019.84   1906.41
30023.13   1907.37
27618.16   1754.68
29332.82   1860.55
29843.37   1949.85
28521.44   1802.09
28602.18   1818.30
30106.24   1914.56
27855.61   1775.09
29413.43   1874.92
       em4        
 KB/s in  KB/s out
27885.76   1754.65
29674.26   1882.92
28393.33   1846.27
30444.04   1947.92
29612.71   1885.08
28775.62   1817.77
30213.52   1909.38
29367.43   1873.38
30107.35   1928.98
30356.41   1937.21
27547.40   1765.98
29473.25   1869.72
27637.51   1763.19
27201.71   1716.37
28384.04   1811.42
29353.75   1889.27
28387.88   1828.98
28864.32   1833.50
10330.31    638.82
    0.12      0.00
    0.45      0.00
15903.00   1069.07
       em4        
 KB/s in  KB/s out
32762.94   2078.21
31769.42   2060.39
31851.93   2030.93
32392.81   2048.34
32208.00   2048.80
31907.17   2062.02
35243.42   2232.04
33090.83   2139.30
33669.30   2144.14
33568.17   2118.44
32749.76   2106.13
33586.35   2125.19
31354.54   2013.04
32040.21   2090.01
34941.18   2192.72
32818.30   2109.30
32597.13   2073.98
33791.68   2153.47
32772.11   2079.53
31884.34   2102.65
34265.37   2160.79
32486.28   2058.13
       em4        
 KB/s in  KB/s out
33116.17   2099.29
32804.48   2096.88
33458.74   2131.70
34471.50   2240.27
31421.84   1968.45
33063.01   2135.52
33204.21   2117.55
31252.93   1984.62
33872.20   2166.56
33516.57   2157.87
33001.41   2109.48
34936.32   2241.15
34046.95   2153.08
32531.62   2094.74
33609.70   2119.13
34455.42   2208.97
32071.00   2064.30
33280.71   2141.58
33996.96   2142.19
33479.42   2151.09
33606.22   2148.36
34531.30   2209.78
       em4        
 KB/s in  KB/s out
32467.73   2086.55
35478.76   2239.21
31568.34   2030.63
30917.97   1959.32
33334.00   2129.64
33753.77   2180.30
33096.71   2106.35
34023.27   2176.65
31878.74   2040.57
33790.00   2142.97
33451.34   2135.43
34329.78   2232.46
34188.81   2169.49
32921.87   2106.31
33715.62   2129.71
15927.46    965.47
    0.38      0.20
    5.98     35.94
 5573.81    532.27
32586.78   2036.38
31986.71   2064.91
32306.38   2057.23
       em4        
 KB/s in  KB/s out
32549.79   2054.78
33310.63   2126.81
33085.15   2125.61
32867.66   2098.91
33152.46   2113.67
33504.64   2134.28
31954.63   2084.72
33117.72   2058.81
33079.76   2153.37
32554.98   2053.90
33359.98   2143.69
32303.46   2062.84
34960.31   2255.04
34739.97   2176.20
32126.51   2080.09
32843.02   2088.37
32950.66   2112.45
33136.88   2084.62
31771.75   2077.18
32698.34   2094.67
33365.83   2109.73
32621.76   2096.38
       em4        
 KB/s in  KB/s out
32795.60   2094.53
33582.23   2123.96
32468.51   2102.13
33935.96   2157.01
32590.87   2104.28
33594.07   2113.69
32528.83   2084.58
34043.31   2162.25
33839.76   2180.97
32715.23   2097.92
34147.65   2157.47
33363.90   2141.43
32586.51   2088.01
31689.65   2053.23
33454.71   2103.66
32698.82   2104.42
33421.62   2154.73
33870.31   2135.70
31924.08   2057.87
32796.51   2114.08
33389.56   2141.65
33293.05   2099.63
       em4        
 KB/s in  KB/s out
33610.86   2142.64
32744.82   2109.36
33160.39   2089.53
33503.26   2124.12
32428.41   2126.80
33423.72   2078.75
32794.99   2146.17
33261.96   2108.01
32886.50   2126.77
32363.95   2051.84
33675.87   2178.53
33794.20   2137.23
28103.91   1670.45
    0.50      0.00
    0.18      0.00
 7064.04     57.08
22179.33    166.91
21175.61    177.07
24299.31    179.80
22181.57    168.40
28741.33    209.06
28716.63    207.62
       em4        
 KB/s in  KB/s out
31251.74    249.21
27736.85    203.56
31770.69    235.52
31252.69    232.54
30244.35    221.75
32268.11    255.38
32248.82    240.25
34272.37    247.93
33266.38    244.32
32258.58    241.18
32254.69    233.30
31255.92    243.67
32247.20    231.34
32258.48    232.51
32254.67    233.15
31249.12    227.80
33261.23    242.29
32263.16    264.53
33270.01    248.28
33262.30    245.92
34268.27    243.69
31301.73    232.05
       em4        
 KB/s in  KB/s out
31249.34    226.16
33261.47    237.60
31259.53    261.46
32254.59    229.71
32259.65    234.67
31251.03    227.69
32252.57    225.49
32260.77    238.58
32259.45    265.68
31246.76    227.27
34275.42    250.93
33264.58    235.71
33264.42    241.18
32256.96    235.33
32263.11    268.58
33267.14    241.33
33266.51    245.90
32305.54    230.01
33265.06    238.67
31255.42    228.92
33265.77    270.83
32252.38    230.30
       em4        
 KB/s in  KB/s out
32258.92    233.10
33268.29    242.61
32256.93    235.32
32254.13    234.08
32261.44    272.79
34274.10    254.32
31250.33    226.23
32261.18    235.90
31249.00    224.54
14111.64    102.10
    0.44      0.12
    6.68     35.98
77639.73    558.00
144114.9   1005.04
133033.6    941.53
137637.4    970.05
134030.8    931.17
139100.9    992.26
130522.2    918.47
135573.3    954.31
136571.1    954.08
132510.5    934.92
       em4        
 KB/s in  KB/s out
139090.4    995.40
140553.5    981.63
133534.3    923.72
132549.6    939.68
142092.1    987.92
135378.7    950.37
147577.1   1057.18
136824.8    959.99
128084.6    902.76
130945.2    917.20
134038.5    939.76
132532.5    918.65
131020.1    946.11
135555.5    947.30
140612.9    984.27
136050.2    958.12
139109.9    967.27
135557.7    946.96
141607.0   1020.11
132545.2    924.04
136722.6    964.40
137432.7    953.60
       em4        
 KB/s in  KB/s out
134043.4    950.10
130496.2    910.32
133106.1    965.55
136050.2    951.23
131022.8    918.28
137750.9    961.45
131342.3    917.76
136105.5    957.16
121951.1    890.48
136070.4    960.53
134548.0    949.09
136570.1    958.95
137060.2    964.84
131023.4    926.39
128011.5    922.86
138011.6    953.15
129004.7    910.47
134556.2    951.38
131025.8    906.61
134528.2    941.73
140086.1    965.48
132558.6    993.44
       em4        
 KB/s in  KB/s out
133028.6    924.75
135523.0    945.33
125986.4    894.12
126980.6    883.70
138063.2    959.18
132152.9    958.53
48246.12    339.08
    0.23      0.00
    0.67      0.52
267698.0   1904.20
403408.3   2791.81
391984.1   2774.44
421541.6   2939.70
403183.5   2787.34
411722.1   2871.31
396087.8   2766.01
386148.9   2709.93
403582.7   2788.12
399229.6   2781.04
403822.8   2841.87
392147.6   2746.86
399085.0   2744.44
       em4        
 KB/s in  KB/s out
389107.5   2769.72
395096.2   2760.01
408111.4   2833.03
380517.5   2679.00
403828.2   2815.19
406201.2   2808.06
398130.7   2816.12
383969.5   2692.72
412116.4   2896.75
393531.5   2730.59
390033.2   2703.43
418074.1   2930.79
394395.3   2763.49
374820.9   2611.98
394976.7   2753.66
411594.8   2868.28
379127.8   2647.99
399293.1   2773.87
396057.6   2809.43
396396.1   2772.97
374429.9   2621.35
379304.1   2638.43
       em4        
 KB/s in  KB/s out
396787.3   2776.50
421142.8   2939.13
376032.1   2680.15
421221.6   2919.41
391800.1   2734.94
412333.2   2892.56
386502.3   2693.26
388492.5   2713.77
388525.9   2740.94
408843.2   2871.52
407376.2   2870.14
403645.0   2818.97
399635.9   2825.01
411746.6   2892.43
383808.5   2713.37
377773.2   2658.65
392059.7   2743.20
383005.9   2662.56
413917.8   2859.57
398505.7   2790.60
383871.7   2727.28
409317.8   2846.28
       em4        
 KB/s in  KB/s out
382393.3   2676.28
399523.2   2780.32
405171.5   2823.59
109804.1    741.79
    6.02     35.83
    0.23      0.00
291965.7   2129.79
402849.3   2860.69
403572.3   2858.99
389024.9   2763.02
399832.1   2786.93
403216.6   2875.28
404795.8   2869.99
396632.9   2783.29
406334.8   2876.81
393688.8   2753.18
391036.2   2784.30
412892.4   2912.75
400537.5   2806.32
328344.1   2372.21
410673.1   2877.24
410771.3   2902.18
       em4        
 KB/s in  KB/s out
400626.5   2869.97
414655.7   2896.86
412024.2   2889.24
422677.9   2992.80
391047.8   2797.94
395281.1   2784.80
416578.3   2964.70
383751.3   2697.65
405591.9   2868.64
407145.3   2878.12
417058.5   2981.13
414523.8   2952.62
407031.3   2870.32
407524.0   2890.24
416871.4   2942.75
394833.6   2788.24
410992.5   2894.00
403538.5   2832.66
418774.7   2980.85
423179.1   2976.15
405782.0   2842.40
395742.0   2796.14
       em4        
 KB/s in  KB/s out
388252.2   2713.63
401723.7   2863.32
398715.2   2841.75
394497.3   2821.53
396497.5   2796.62
420714.1   2951.27
390593.4   2755.16
413175.5   2922.97
395018.4   2794.38
399343.9   2839.88
399009.9   2794.62
386629.3   2742.20
418386.3   3015.13
402579.6   2854.76
400762.0   2855.31
396121.4   2822.25
395576.2   2772.10
413366.0   2937.58
402173.6   2829.48
399519.6   2803.77
411315.0   2954.00
407627.7   2906.29
       em4        
 KB/s in  KB/s out
94723.79    625.22
    0.18      0.00
    0.12      0.00
249164.6   1848.02
368958.8   2634.18
378673.2   2645.27
382298.9   2699.68
371904.2   2642.36
381644.8   2721.87
388704.6   2728.63
385347.3   2732.43
395452.6   2780.54
385976.7   2782.28
376224.6   2633.21
388091.8   2740.01
385182.4   2705.28
387113.6   2707.14
366316.2   2624.37
402011.7   2834.30
381322.4   2675.32
372788.9   2636.73
379805.5   2679.73
       em4        
 KB/s in  KB/s out
374583.4   2652.44
370805.8   2645.04
376443.7   2660.90
380798.8   2670.12
380358.8   2675.22
386517.1   2694.97
374261.2   2650.39
371449.3   2624.42
376219.8   2647.31
397655.9   2782.95
381100.3   2732.92
371821.6   2640.26
385757.4   2730.38
382115.3   2690.35
383429.0   2721.73
382753.8   2670.56
377633.0   2670.34
383129.7   2685.21
378211.9   2648.47
378309.6   2724.82
389569.7   2756.94
375282.9   2671.15
       em4        
 KB/s in  KB/s out
368515.2   2677.03
388194.4   2700.94
374000.0   2655.57
389259.7   2759.02
390633.2   2739.59
395427.5   2777.24
374366.9   2646.98
382257.8   2666.70
383967.0   2673.71
380593.6   2684.70
378508.0   2708.65
382537.2   2693.45
373060.9   2659.02
378755.5   2652.85
376512.3   2663.46
378257.9   2681.57
379379.7   2712.37
376558.7   2667.53
382562.6   2692.35
129417.2    826.27
    0.23      0.00
    0.57      0.00
       em4        
 KB/s in  KB/s out
129256.1   1102.28
373410.3   2651.59
370742.5   2640.88
373991.3   2672.56
367527.3   2594.00
365656.8   2586.23
358712.7   2551.21
369902.3   2613.32
370772.8   2599.21
373050.7   2640.07
371321.1   2639.30
361744.2   2585.21
383136.6   2711.61
380224.6   2684.80
371673.4   2583.60
367128.5   2589.82
375346.0   2627.08
369768.7   2629.02
375907.5   2653.38
366537.2   2619.85
377704.1   2699.40
370898.7   2608.19
       em4        
 KB/s in  KB/s out
368280.5   2624.35
379829.1   2685.98
372011.6   2653.66
380391.5   2666.50
366129.0   2601.83
364391.1   2570.53
372750.6   2612.51
384724.9   2739.40
361564.0   2578.52
378583.1   2683.88
367565.3   2577.48
366713.0   2625.45
369118.4   2588.78
372683.3   2614.98
374137.2   2629.42
368845.4   2647.37
379553.4   2708.15
372259.1   2654.10
365887.8   2552.60
371495.2   2622.67
373880.6   2675.44
370748.5   2688.71
       em4        
 KB/s in  KB/s out
370721.4   2576.00
369051.9   2617.43
375754.0   2630.23
374649.5   2644.38
369837.9   2590.34
368961.5   2656.93
362316.7   2593.97
369667.9   2607.84
365666.4   2553.32
376317.1   2709.77
369334.7   2595.50
359431.7   2574.64
367949.8   2603.12
364177.2   2588.31
371336.8   2631.17
374833.1   2629.78
259827.3   1647.17
    6.09     35.98
    0.23      0.00
    0.45      0.00
    0.12      0.00
    0.12      0.00
       em4        
 KB/s in  KB/s out
    0.12      0.00
    5.96     37.18
64149.96    221.70
96010.71    343.22
84397.57    308.38
60206.50    300.30
48202.27    254.18
80164.51    330.09
64226.65    279.37
64141.20    281.60
48165.41    162.35
77451.48    314.43
50894.68    232.19
64269.35    348.80
64192.01    237.82
64178.24    242.48
64148.94    292.20
96214.10    362.13
64253.03    243.95
80252.57    352.63
48145.16    217.89
80216.51    331.15
       em4        
 KB/s in  KB/s out
80201.24    291.68
64192.95    294.83
53330.74    251.56
91033.72    320.28
64189.42    291.12
78615.91    313.75
65772.91    282.30
64194.44    290.15
49372.73    265.30
62978.22    278.52
80200.49    313.45
48638.23    185.66
61716.93    264.85
66111.28    348.56
48069.88    280.11
48293.33    212.01
64116.20    351.67
49824.54    248.66
78738.50    320.69
48134.88    171.33
64179.12    284.37
63999.35    277.94
       em4        
 KB/s in  KB/s out
53185.86    210.67
75319.08    293.41
61529.54    267.38
82815.50    327.49
64193.18    256.59
61718.62    253.11
66653.27    299.22
80208.95    288.99
64154.45    293.25
80069.85    309.47
80335.95    366.89
48259.75    256.59
80134.00    283.67
48731.69    211.60
95692.23    382.12
64083.60    295.37
80350.60    315.88
64091.31    305.56
16130.92     51.77
    0.12      0.00
    0.52      0.14
160565.6    840.15
       em4        
 KB/s in  KB/s out
224501.6   1029.31
224857.9   1139.77
206627.3    865.53
311732.7   1257.06
235779.4   1000.35
272681.9   1073.30
350198.8   1213.03
291430.2   1096.36
289341.3   1097.70
268804.0    963.64
364822.1   1276.18
296196.1   1128.96
283333.3   1083.76
326172.0   1217.46
265045.3   1048.85
328628.5   1282.18
320967.5   1250.96
353256.4   1162.51
256048.2   1105.63
240536.4    915.22
267719.1   1057.29
293874.4   1208.41
       em4        
 KB/s in  KB/s out
272934.8   1104.94
321092.7   1102.94
240366.1   1019.90
273259.7   1236.72
304911.8   1098.59
336366.9   1271.22
368733.3   1311.39
193183.1    727.19
313756.8   1118.21
287093.0   1076.43
276763.5   1130.14
287086.5   1161.22
274400.1   1044.56
212547.3    801.68
274865.0   1096.88
254628.2   1085.51
288763.5   1161.91
270703.5   1020.95
316165.8   1075.60
263291.5   1035.26
285140.9   1134.94
260585.2   1257.20
       em4        
 KB/s in  KB/s out
304368.6   1106.70
282020.5   1117.85
327716.2   1210.37
272636.5   1213.78
281682.7   1018.29
264096.4   1161.62
337176.0   1154.62
288339.7   1141.87
320746.4   1079.39
393716.3   1376.95
327792.3   1172.28
258432.9   1023.79
351498.3   1230.99
320941.6   1201.02
270889.8    993.49
33839.33    100.69
    0.18      0.00
    0.18      0.00
498054.1   2774.89
640668.3   3498.68
535078.0   2846.14
631879.2   3226.09
       em4        
 KB/s in  KB/s out
457334.8   2405.11
519655.3   3113.10
602041.0   3185.06
752002.3   3866.21
733188.4   3464.17
831899.4   4063.63
435502.7   2493.18
589989.6   3136.53
641600.8   3528.62
598915.9   3094.54
518979.6   2940.84
807736.1   3965.45
685252.9   3550.32
822053.3   4290.23
732033.6   3651.96
889662.9   4287.25
501407.8   3092.27
640233.8   3201.28
513704.5   2703.58
652604.3   3701.81
568405.9   2862.42
625176.6   3205.58
       em4        
 KB/s in  KB/s out
629666.8   3262.53
746923.5   3693.84
682291.7   3631.12
620575.4   3558.63
671256.8   3589.70
653246.7   3531.53
792955.6   3665.68
882668.4   3917.57
613921.2   3313.10
680464.6   3248.25
647214.3   3311.17
620969.6   3331.97
680868.5   3382.66
496746.1   2719.85
574475.2   3319.24
754648.0   3604.18
800722.6   3823.14
692711.6   3612.77
640965.8   3620.95
731351.0   3870.64
688687.0   3304.50
679408.9   3426.04
       em4        
 KB/s in  KB/s out
479939.8   2632.37
714510.7   3665.94
844182.1   3877.77
681207.5   3286.67
646570.4   2973.38
669449.2   3310.57
557792.9   3108.96
668141.9   3620.06
538668.3   2952.66
681612.4   3764.77
615895.3   3078.03
567156.2   3173.92
91684.71    378.82
    6.29     35.92
    0.31      0.05
    0.57      0.00
    0.57      0.00
    0.60      0.44
    0.70      0.14
    6.10     37.25
792524.5   4808.30
735664.8   4114.30
       em4        
 KB/s in  KB/s out
725033.9   4177.01
784400.3   4792.39
746198.9   4517.74
748121.4   4436.77
893116.4   4730.56
877479.7   4716.04
750209.0   4440.06
832804.9   5111.61
562852.6   3496.31
891005.5   5270.15
825964.3   4759.35
643869.8   3307.14
953920.7   5296.76
931750.0   5425.13
900418.9   5212.35
925825.4   4991.73
946668.5   5238.32
725868.2   4409.52
762089.5   4608.73
985348.5   5499.73
826650.1   5084.97
864977.6   5466.49
       em4        
 KB/s in  KB/s out
864656.6   4673.90
774387.8   4612.06
882430.7   4941.57
887909.6   4707.63
899303.6   4840.97
532864.4   3395.18
791615.1   4811.21
950321.8   5436.07
672199.9   3673.51
965448.8   5024.20
923303.2   5190.07
956778.3   5566.07
907751.7   5005.89
768271.8   4492.39
986046.5   5620.27
880039.1   5104.78
852391.5   4633.26
828738.4   4727.78
661315.7   3915.40
806191.6   4738.48
586202.5   4027.03
644751.8   3753.25
       em4        
 KB/s in  KB/s out
805994.0   4279.24
681873.0   3981.74
778788.5   4294.98
756697.0   4534.31
684875.8   4156.43
883001.0   4944.67
856517.0   4804.89
764920.3   4476.84
872444.3   4842.84
1.08e+06   5971.11
922884.1   5280.08
882417.4   4910.95
673042.3   3899.98
579207.4   3446.15
169661.2    824.23
    0.18      0.00
    0.18      0.00
    0.18      0.00
    0.25      0.06
    3.45     36.52
    2.89      0.81
    0.25      0.14
       em4        
 KB/s in  KB/s out
829555.5   5422.42
942664.0   5947.17
895038.7   5499.09
839997.2   5271.62
955029.0   5122.75
954607.0   5588.35
1.07e+06   5977.05
1.09e+06   6291.32
1.08e+06   6365.20
1.05e+06   6793.96
1.05e+06   6233.28
1.08e+06   6439.13
1.02e+06   5885.23
1.06e+06   5978.36
1.00e+06   5928.54
926368.5   5554.77
977035.3   5532.13
872966.8   4930.15
1.06e+06   5903.15
1.06e+06   6225.76
1.10e+06   6450.07
879458.8   5030.11
       em4        
 KB/s in  KB/s out
865149.2   5781.50
908784.8   5699.96
1.11e+06   6425.60
964857.2   5705.35
926247.8   5676.46
1.01e+06   6017.93
968098.9   5615.20
915298.6   5161.32
855396.3   5271.82
955539.2   5536.73
881537.8   5690.44
1.03e+06   6074.22
1.01e+06   6070.09
1.08e+06   6235.49
823006.7   4487.23
874310.6   5116.66
1.05e+06   6102.88
1.05e+06   6397.62
992006.2   5722.16
1.04e+06   6290.83
939110.6   5607.07
742032.7   4739.09
       em4        
 KB/s in  KB/s out
1.06e+06   6219.84
1.06e+06   6339.06
940360.6   5493.09
971229.0   5792.95
1.07e+06   5739.45
992201.6   5951.24
718104.5   4092.53
781943.8   4673.73
990802.6   6118.60
882813.9   5181.23
1.06e+06   6191.95
1.05e+06   6344.97
919729.7   5425.80
872875.9   5342.40
1.11e+06   6268.57
1.09e+06   6339.40
667381.4   3299.02
   85.12      3.48
    0.45      0.00
    0.89     18.27
    6.78     19.45
    0.18      0.00
       em4        
 KB/s in  KB/s out
    0.18      0.00
    0.51      0.00
781898.8   4999.13
1.01e+06   5976.04
1.10e+06   6735.94
1.11e+06   6560.98
1.07e+06   6415.88
1.12e+06   6241.61
1.01e+06   5777.25
1.11e+06   6352.79
1.12e+06   6694.01
881887.5   5307.55
853363.5   4763.73
1.06e+06   6403.54
1.05e+06   6374.65
1.09e+06   7194.38
984287.0   5851.86
978884.0   6040.43
1.02e+06   6423.94
1.05e+06   6152.63
984611.1   5826.02
929042.5   5695.01
       em4        
 KB/s in  KB/s out
1.05e+06   5798.30
1.10e+06   6337.58
1.09e+06   6669.05
1.04e+06   6190.79
1.10e+06   6460.07
1.03e+06   6444.06
1.05e+06   6757.68
1.13e+06   6645.85
864273.3   5215.38
1.14e+06   7017.48
1.10e+06   6436.08
1.10e+06   6308.19
1.12e+06   6254.56
1.10e+06   6778.13
1.12e+06   6748.98
1.10e+06   6878.58
1.01e+06   6140.67
1.09e+06   6494.79
1.12e+06   6494.23
960148.4   5475.47
1.11e+06   6810.85
1.11e+06   6986.47
       em4        
 KB/s in  KB/s out
1.09e+06   6618.65
1.11e+06   6927.63
1.00e+06   6675.12
1.11e+06   6802.03
938232.2   6005.65
1.07e+06   6408.77
984134.1   5780.28
1.13e+06   6296.34
930518.6   5987.23
1.03e+06   5850.93
961321.4   6425.11
999763.5   5900.29
889953.6   5731.83
1.03e+06   6223.09
1.02e+06   6111.40
1.04e+06   6200.13
1.05e+06   6184.59
1.06e+06   6648.78
921250.3   5572.80
749302.2   3900.60
15861.41     49.50
    0.45      0.00
       em4        
 KB/s in  KB/s out
    0.12      0.00
    0.18      0.00
    0.18      0.00
    0.58      0.05
146607.0    447.45
173853.0    521.16
128430.0    430.33
128252.9    404.80
128244.0    385.52
128314.7    445.93
128287.2    396.18
128247.2    391.42
128242.3    399.67
192275.6    646.03
126211.1    420.52
130143.5    450.55
128545.8    377.28
122057.7    413.41
124975.3    375.50
94633.23    303.19
132594.0    504.20
128116.4    417.46
       em4        
 KB/s in  KB/s out
142664.7    423.63
89468.13    309.04
127766.1    381.34
128359.5    448.81
162594.0    553.13
129010.9    415.70
151085.3    411.41
90906.17    345.50
107714.7    356.79
128283.8    458.19
128449.7    506.95
128283.7    480.96
128278.6    438.69
128271.9    421.16
128306.4    470.97
128277.9    414.12
192283.6    548.36
128256.3    428.44
128328.2    359.28
128238.7    369.83
128287.8    411.77
128288.7    449.62
       em4        
 KB/s in  KB/s out
128305.3    491.66
128259.2    373.60
133134.2    412.62
123437.6    459.31
128294.8    450.83
132144.8    423.28
129612.5    476.54
123615.0    357.91
127729.7    399.87
138516.7    474.72
118100.3    436.61
157456.8    580.70
124178.8    416.49
121376.7    481.48
174029.9    570.18
128459.4    448.37
128290.9    388.78
128339.6    395.43
145170.5    502.22
111370.8    397.04
    0.70      0.22
    0.18      0.00
       em4        
 KB/s in  KB/s out
25881.78    180.95
450938.0   1480.52
439901.8   1624.70
511119.9   1734.62
494961.1   1675.09
450574.3   1480.04
490487.2   1671.30
469746.5   1553.60
488114.4   1680.61
518355.3   1839.50
470708.4   1632.27
511746.0   1697.95
386233.5   1462.68
513133.5   1843.80
558096.9   1922.57
501771.2   1690.66
543704.6   1616.65
448943.0   1534.61
521913.0   1581.94
451861.6   1423.11
502290.1   1789.79
494389.3   1704.52
       em4        
 KB/s in  KB/s out
403615.3   1530.14
488622.0   1487.80
447819.9   1487.29
554997.1   1882.70
568882.7   1704.86
458865.7   1624.57
475888.0   1453.40
500512.0   1644.28
544281.7   2089.99
443863.5   1484.52
507718.5   1800.56
547907.2   1711.40
518294.4   1546.43
471539.7   1668.15
447443.1   1559.15
531257.9   1714.48
478551.7   1537.00
545396.5   1836.85
497368.0   1606.36
507794.4   1715.81
472884.1   1600.67
500474.3   1665.16
       em4        
 KB/s in  KB/s out
557384.6   1708.31
503146.0   1779.98
514721.9   1647.98
524648.5   1526.31
496217.0   1622.01
512026.1   1749.63
490576.6   1690.47
577228.3   1924.02
498467.8   1647.09
508121.7   1710.44
487231.4   1586.62
515861.6   1720.29
428214.7   1425.93
524776.1   1798.45
494699.6   1606.44
502342.0   1670.30
529608.6   1468.80
    9.05      2.18
    0.12      0.00
    0.12      0.00
    0.12      0.00
    0.12      0.00
       em4        
 KB/s in  KB/s out
    0.64      0.19
    0.18      0.06
82931.23    706.01
736000.7   3963.78
1.10e+06   5715.30
978371.1   4867.30
931261.8   4891.66
958046.4   5086.39
987211.9   4466.43
959266.6   5096.79
1.04e+06   5202.07
981435.9   4832.16
850240.3   4416.04
865293.0   4602.97
863170.8   4981.49
1.01e+06   5505.46
1.02e+06   5165.54
1.12e+06   5664.41
989459.2   4384.79
881745.0   4441.44
960145.8   4631.33
967603.8   4488.67
       em4        
 KB/s in  KB/s out
1.12e+06   6038.69
1.01e+06   5199.10
941184.8   4789.18
921115.0   5099.32
1.05e+06   5453.51
962891.6   5037.28
937555.6   5010.97
980317.6   4715.68
1.05e+06   5535.26
987583.2   4868.27
972747.2   4736.52
881921.9   5123.95
894993.0   4514.25
1.02e+06   5208.43
1.01e+06   5087.78
904045.3   5151.89
1.10e+06   5535.93
1.01e+06   4940.80
828617.8   4015.80
1.02e+06   4994.92
979019.2   5169.43
1.04e+06   5035.09
       em4        
 KB/s in  KB/s out
994307.1   5112.06
1.04e+06   5451.06
884664.6   4892.38
1.01e+06   4908.00
1.04e+06   4989.08
1.05e+06   4687.25
932492.6   4602.44
968176.7   4733.88
1.01e+06   5136.63
923499.3   4203.88
843806.7   4367.52
1.12e+06   5871.04
948893.4   4905.96
933897.3   4541.01
798414.0   4118.51
967987.2   4720.19
932198.5   4814.57
914820.6   4216.33
1.07e+06   5179.42
280082.8   1287.70
    6.82     35.97
    0.25      0.14
       em4        
 KB/s in  KB/s out
    0.25      0.05
    0.57      0.00
    0.23      0.00
    0.64      0.06
52603.65    399.94
899790.0   5069.42
919740.4   4831.95
977436.4   5448.16
873039.9   5184.62
980046.7   5392.26
1.05e+06   6188.36
1.12e+06   6309.16
1.03e+06   5839.34
995861.3   5361.42
827165.4   5196.22
944817.3   5809.77
834765.6   5003.05
943716.9   5188.21
1.06e+06   5734.20
1.07e+06   5769.68
1.08e+06   5607.14
1.14e+06   6423.91
       em4        
 KB/s in  KB/s out
1.04e+06   5706.61
1.01e+06   5222.12
1.04e+06   5588.57
1.03e+06   5490.57
1.07e+06   5862.09
1.07e+06   6146.75
1.01e+06   5719.62
1.08e+06   6034.97
1.04e+06   6015.46
943850.9   5178.84
1.04e+06   6058.71
1.10e+06   5776.56
1.03e+06   5478.19
1.13e+06   5741.48
910863.2   5944.06
1.04e+06   5255.64
791043.3   3737.08
574521.5   3899.82
908852.0   5893.89
1.11e+06   5921.74
1.10e+06   5900.22
1.11e+06   5821.82
       em4        
 KB/s in  KB/s out
1.00e+06   5376.04
992353.1   5943.03
1.04e+06   5920.75
972925.8   5354.09
973254.9   5070.31
996572.7   5725.35
867717.3   4969.28
1.10e+06   5805.64
977357.0   5818.43
1.05e+06   6076.04
1.08e+06   5908.30
999597.4   5632.44
886851.3   5015.22
1.00e+06   5553.81
1.05e+06   5725.31
1.03e+06   5748.93
1.06e+06   5870.34
1.02e+06   5826.27
923691.5   5831.13
1.11e+06   6051.63
1.04e+06   5786.55
1.07e+06   5904.43
       em4        
 KB/s in  KB/s out
128465.2    394.51
    0.18      0.00
    0.51      0.00
    1.93     36.33
    4.54      1.18
    0.18      0.00
105309.2    523.61
1.03e+06   6706.50
956125.2   6101.65
1.02e+06   6002.09
892368.7   5160.19
1.07e+06   6516.85
889165.6   5126.56
965602.2   5686.89
1.05e+06   6027.53
844642.7   5815.65
990536.1   6170.61
975429.0   5751.91
865640.9   4861.55
1.02e+06   6064.51
1.12e+06   7064.56
1.00e+06   5749.55
       em4        
 KB/s in  KB/s out
1.06e+06   5418.04
1.04e+06   5813.74
1.04e+06   5439.93
1.01e+06   6007.14
859606.7   4790.81
931353.3   5812.74
1.04e+06   6808.24
976863.7   5845.54
1.03e+06   5534.02
1.00e+06   6577.67
1.06e+06   6464.29
961737.4   5760.70
1.13e+06   6344.98
1.08e+06   5741.17
956968.9   5429.78
1.01e+06   5676.46
1.13e+06   7651.11
985964.5   6163.31
1.07e+06   6167.77
1.14e+06   7014.80
1.08e+06   6357.36
1.09e+06   6227.45
       em4        
 KB/s in  KB/s out
1.10e+06   6562.47
941028.8   5128.01
869620.9   5114.05
1.15e+06   6881.50
1.14e+06   7161.25
1.12e+06   6429.32
1.13e+06   6786.22
1.06e+06   6818.72
1.12e+06   6476.11
1.13e+06   6489.55
1.14e+06   7128.90
1.14e+06   7001.45
1.07e+06   7002.31
1.04e+06   5709.41
920295.4   5699.67
1.07e+06   5900.41
953834.1   5276.01
1.03e+06   5748.41
967312.2   5787.32
998042.4   5486.78
957638.4   5583.28
1.04e+06   6032.46
       em4        
 KB/s in  KB/s out
967985.1   5286.02
1.08e+06   6474.82
1.09e+06   7341.60
758171.3   3960.23
61502.67    204.45
    0.18      0.00
    0.18      0.00
    0.25      0.14
    3.82     22.68
1.05e+06   6329.89
997327.9   6060.85
1.05e+06   5824.11
1.04e+06   6759.98
1.08e+06   6509.64
1.14e+06   7552.57
1.10e+06   6862.56
1.11e+06   6828.10
1.09e+06   6191.80
1.04e+06   5446.12
1.14e+06   7788.08
1.08e+06   6810.04
1.11e+06   6732.30
       em4        
 KB/s in  KB/s out
1.14e+06   7256.93
1.10e+06   6772.08
1.14e+06   7055.31
1.12e+06   6524.83
1.11e+06   6663.56
1.11e+06   6458.34
998493.7   6040.92
962873.8   5288.18
958325.3   5379.86
1.08e+06   6179.51
986449.1   6037.52
1.01e+06   6143.89
1.13e+06   6569.30
1.09e+06   6752.44
1.09e+06   6450.17
1.03e+06   5920.18
1.11e+06   5705.32
833965.0   4849.62
968675.7   5421.22
1.09e+06   6460.19
1.02e+06   5393.29
1.11e+06   6200.14
       em4        
 KB/s in  KB/s out
1.06e+06   5463.47
1.03e+06   5859.42
857945.5   5122.52
1.01e+06   5978.63
1.04e+06   6313.43
972955.1   5698.86
929048.8   5722.99
781271.9   4488.98
1.07e+06   6288.66
1.03e+06   6055.27
993073.0   5352.42
1.05e+06   5988.00
1.05e+06   6112.96
919671.7   5968.54
1.11e+06   6721.31
1.03e+06   6307.80
930862.8   5491.70
912401.9   5605.88
1.03e+06   5816.84
1.13e+06   6777.03
1.01e+06   6199.39
939247.2   5632.40
       em4        
 KB/s in  KB/s out
1.10e+06   6225.76
1.14e+06   6345.43
1.13e+06   6159.95
1.13e+06   6293.84
1.10e+06   6516.76
1.11e+06   6224.03
923231.6   5307.00
934040.6   6057.67
916030.2   5584.31
603554.1   2645.56
    0.23      0.00
    0.25      0.14
    0.19      0.05
    0.12      0.00
    6.98     39.05
    1.80      0.70
    0.18      0.00
    0.51      0.00
    0.51      0.00
    0.18      0.00
    0.12      0.00
   27.32    723.69
       em4        
 KB/s in  KB/s out
    0.77      0.18
    0.12      0.00
    0.12      0.00
    0.12      0.00
    0.12      0.00
    0.19      0.05
    0.12      0.00
    0.18      0.00
    0.45      0.00
    0.38      0.33
    0.24      0.06
    0.18      0.00
    0.18      0.00
    0.12      0.00
    0.12      0.00
    0.12      0.00
    0.12      0.00
    0.51      0.00
    0.18      0.00
    0.44      0.33
    0.25      0.12
    0.12      0.00
       em4        
 KB/s in  KB/s out
    0.12      0.00
    0.51      0.00
    0.18      0.00
    0.29      0.04
