Linux 3.16.0-51-generic (dss-compute-1) 	10/26/2015 	_x86_64_	(32 CPU)

05:16:44 PM  CPU    %usr   %nice    %sys %iowait    %irq   %soft  %steal  %guest  %gnice   %idle
05:16:45 PM  all    0.03    0.00    0.03    0.00    0.00    0.00    0.00    0.00    0.00   99.94
05:16:46 PM  all    0.03    0.00    0.06    0.00    0.00    0.00    0.00    0.00    0.00   99.91
05:16:47 PM  all    0.03    0.00    0.06    0.00    0.00    0.00    0.00    0.00    0.00   99.91
05:16:48 PM  all    0.06    0.00    0.03    0.00    0.00    0.00    0.00    0.00    0.00   99.91
05:16:49 PM  all    0.06    0.00    0.06    0.00    0.00    0.00    0.00    0.00    0.00   99.88
05:16:50 PM  all    0.06    0.00    0.09    0.00    0.00    0.00    0.00    0.00    0.00   99.84
05:16:51 PM  all    0.03    0.00    0.06    0.00    0.00    0.00    0.00    0.00    0.00   99.91
05:16:52 PM  all    0.03    0.00    0.06    0.00    0.00    0.00    0.00    0.00    0.00   99.91
05:16:53 PM  all    0.03    0.00    0.06    0.00    0.00    0.00    0.00    0.00    0.00   99.91
05:16:54 PM  all    0.41    0.00    0.16    0.00    0.00    0.00    0.00    0.00    0.00   99.44
05:16:55 PM  all    0.22    0.00    0.09    0.00    0.00    0.03    0.00    0.00    0.00   99.66
05:16:56 PM  all    0.03    0.00    0.06    0.00    0.00    0.00    0.00    0.00    0.00   99.91
05:16:57 PM  all    0.03    0.00    0.06    0.00    0.00    0.00    0.00    0.00    0.00   99.91
05:16:58 PM  all    0.00    0.00    0.12    0.00    0.00    0.00    0.00    0.00    0.00   99.88
05:16:59 PM  all    0.03    0.00    0.06    0.00    0.00    0.00    0.00    0.00    0.00   99.91
05:17:00 PM  all    0.59    0.00    0.09    0.00    0.00    0.00    0.00    0.00    0.00   99.31
05:17:01 PM  all    0.03    0.00    0.09    0.00    0.00    0.00    0.00    0.00    0.00   99.88
05:17:02 PM  all    0.06    0.00    0.06    0.00    0.00    0.00    0.00    0.00    0.00   99.87
05:17:03 PM  all    0.03    0.00    0.06    0.00    0.00    0.00    0.00    0.00    0.00   99.91
05:17:04 PM  all    0.00    0.00    0.09    0.00    0.00    0.00    0.00    0.00    0.00   99.91
05:17:05 PM  all    0.06    0.00    0.06    0.00    0.00    0.00    0.00    0.00    0.00   99.88
05:17:06 PM  all    0.00    0.00    0.09    0.00    0.00    0.00    0.00    0.00    0.00   99.91
05:17:07 PM  all    0.06    0.00    0.06    0.00    0.00    0.00    0.00    0.00    0.00   99.88
05:17:08 PM  all    0.09    0.00    0.03    0.00    0.00    0.00    0.00    0.00    0.00   99.87
05:17:09 PM  all    0.06    0.00    0.06    0.00    0.00    0.00    0.00    0.00    0.00   99.87
05:17:10 PM  all    0.06    0.00    0.09    0.00    0.00    0.00    0.00    0.00    0.00   99.84
05:17:11 PM  all    0.03    0.00    0.06    0.00    0.00    0.00    0.00    0.00    0.00   99.91
05:17:12 PM  all    0.03    0.00    0.06    0.00    0.00    0.00    0.00    0.00    0.00   99.91
05:17:13 PM  all    0.03    0.00    0.06    0.00    0.00    0.00    0.00    0.00    0.00   99.91
05:17:14 PM  all    0.00    0.00    0.09    0.00    0.00    0.00    0.00    0.00    0.00   99.91
05:17:15 PM  all    0.03    0.00    0.03    0.00    0.00    0.00    0.00    0.00    0.00   99.94
05:17:16 PM  all    0.06    0.00    0.06    0.00    0.00    0.00    0.00    0.00    0.00   99.88
05:17:17 PM  all    0.00    0.00    0.06    0.00    0.00    0.00    0.00    0.00    0.00   99.94
05:17:18 PM  all    0.06    0.00    0.06    0.00    0.00    0.00    0.00    0.00    0.00   99.88
05:17:19 PM  all    0.06    0.00    0.03    0.00    0.00    0.00    0.00    0.00    0.00   99.91
05:17:20 PM  all    0.06    0.00    0.06    0.00    0.00    0.00    0.00    0.00    0.00   99.87
05:17:21 PM  all    0.00    0.00    0.06    0.00    0.00    0.00    0.00    0.00    0.00   99.94
05:17:22 PM  all    0.00    0.00    0.09    0.00    0.00    0.00    0.00    0.00    0.00   99.91
05:17:23 PM  all    0.06    0.00    0.06    0.00    0.00    0.00    0.00    0.00    0.00   99.88
05:17:24 PM  all    0.00    0.00    0.06    0.00    0.00    0.00    0.00    0.00    0.00   99.94
05:17:25 PM  all    0.03    0.00    0.03    0.00    0.00    0.00    0.00    0.00    0.00   99.94
05:17:26 PM  all    0.59    0.00    0.19    0.00    0.00    0.00    0.00    0.00    0.00   99.22
05:17:27 PM  all    0.16    0.00    0.03    0.00    0.00    0.00    0.00    0.00    0.00   99.81
05:17:28 PM  all    0.03    0.00    0.09    0.00    0.00    0.00    0.00    0.00    0.00   99.88
05:17:29 PM  all    0.03    0.00    0.06    0.00    0.00    0.00    0.00    0.00    0.00   99.91
05:17:30 PM  all    0.09    0.00    0.06    0.00    0.00    0.00    0.00    0.00    0.00   99.84
05:17:31 PM  all    0.00    0.00    0.06    0.00    0.00    0.00    0.00    0.00    0.00   99.94
05:17:32 PM  all    0.06    0.00    0.06    0.00    0.00    0.00    0.00    0.00    0.00   99.87
05:17:33 PM  all    0.00    0.00    0.03    0.00    0.00    0.00    0.00    0.00    0.00   99.97
05:17:34 PM  all    0.03    0.00    0.09    0.00    0.00    0.00    0.00    0.00    0.00   99.88
05:17:35 PM  all    0.00    0.00    0.09    0.00    0.00    0.00    0.00    0.00    0.00   99.91
05:17:36 PM  all    0.03    0.00    0.06    0.00    0.00    0.00    0.00    0.00    0.00   99.91
05:17:37 PM  all    0.00    0.00    0.06    0.00    0.00    0.00    0.00    0.00    0.00   99.94
05:17:38 PM  all    0.06    0.00    0.06    0.00    0.00    0.00    0.00    0.00    0.00   99.88
05:17:39 PM  all    0.00    0.00    0.06    0.00    0.00    0.00    0.00    0.00    0.00   99.94
05:17:40 PM  all    0.06    0.00    0.06    0.00    0.00    0.00    0.00    0.00    0.00   99.88
05:17:41 PM  all    0.03    0.00    0.06    0.00    0.00    0.00    0.00    0.00    0.00   99.91
05:17:42 PM  all    0.03    0.00    0.06    0.00    0.00    0.00    0.00    0.00    0.00   99.91
05:17:43 PM  all    0.03    0.00    0.06    0.00    0.00    0.00    0.00    0.00    0.00   99.91
05:17:44 PM  all    0.03    0.00    0.03    0.00    0.00    0.00    0.00    0.00    0.00   99.94
05:17:45 PM  all    0.03    0.00    0.06    0.00    0.00    0.00    0.00    0.00    0.00   99.91
05:17:46 PM  all    0.03    0.00    0.09    0.00    0.00    0.00    0.00    0.00    0.00   99.88
05:17:47 PM  all    0.00    0.00    0.06    0.00    0.00    0.00    0.00    0.00    0.00   99.94
05:17:48 PM  all    0.03    0.00    0.06    0.00    0.00    0.00    0.00    0.00    0.00   99.91
05:17:49 PM  all    0.03    0.00    0.06    0.00    0.00    0.00    0.00    0.00    0.00   99.91
05:17:50 PM  all    0.09    0.00    0.09    0.00    0.00    0.00    0.00    0.00    0.00   99.81
05:17:51 PM  all    0.03    0.00    0.06    0.00    0.00    0.00    0.00    0.00    0.00   99.91
05:17:52 PM  all    0.06    0.00    0.06    0.00    0.00    0.00    0.00    0.00    0.00   99.88
05:17:53 PM  all    0.00    0.00    0.09    0.00    0.00    0.00    0.00    0.00    0.00   99.91
05:17:54 PM  all    0.00    0.00    0.09    0.00    0.00    0.00    0.00    0.00    0.00   99.91
05:17:55 PM  all    0.03    0.00    0.06    0.00    0.00    0.00    0.00    0.00    0.00   99.91
05:17:56 PM  all    0.03    0.00    0.09    0.00    0.00    0.00    0.00    0.00    0.00   99.88
05:17:57 PM  all    0.03    0.00    0.06    0.00    0.00    0.00    0.00    0.00    0.00   99.91
05:17:58 PM  all    0.03    0.00    0.06    0.00    0.00    0.00    0.00    0.00    0.00   99.91
05:17:59 PM  all    0.06    0.00    0.03    0.00    0.00    0.00    0.00    0.00    0.00   99.91
05:18:00 PM  all    0.56    0.00    0.16    0.00    0.00    0.00    0.00    0.00    0.00   99.28
05:18:01 PM  all    0.00    0.00    0.09    0.00    0.00    0.00    0.00    0.00    0.00   99.91
05:18:02 PM  all    0.06    0.00    0.09    0.00    0.00    0.00    0.00    0.00    0.00   99.84
05:18:03 PM  all    0.00    0.00    0.06    0.00    0.00    0.00    0.00    0.00    0.00   99.94
05:18:04 PM  all    0.47    0.00    0.22    0.00    0.00    0.03    0.00    0.00    0.00   99.28
05:18:05 PM  all    0.22    0.00    0.12    0.00    0.00    0.00    0.00    0.00    0.00   99.66
05:18:06 PM  all    0.03    0.00    0.06    0.00    0.00    0.00    0.00    0.00    0.00   99.91
05:18:07 PM  all    0.03    0.00    0.06    0.00    0.00    0.00    0.00    0.00    0.00   99.91
05:18:08 PM  all    0.06    0.00    0.06    0.00    0.00    0.00    0.00    0.00    0.00   99.88
05:18:09 PM  all    0.00    0.00    0.09    0.00    0.00    0.00    0.00    0.00    0.00   99.91
05:18:10 PM  all    0.06    0.00    0.06    0.00    0.00    0.00    0.00    0.00    0.00   99.87
05:18:11 PM  all    0.06    0.00    0.06    0.00    0.00    0.00    0.00    0.00    0.00   99.88
05:18:12 PM  all    0.03    0.00    0.06    0.00    0.00    0.00    0.00    0.00    0.00   99.91
05:18:13 PM  all    0.03    0.00    0.06    0.00    0.00    0.00    0.00    0.00    0.00   99.91
05:18:14 PM  all    0.03    0.00    0.06    0.00    0.00    0.00    0.00    0.00    0.00   99.91
05:18:15 PM  all    0.03    0.00    0.03    0.00    0.00    0.00    0.00    0.00    0.00   99.94
05:18:16 PM  all    0.00    0.00    0.09    0.00    0.00    0.00    0.00    0.00    0.00   99.91
05:18:17 PM  all    0.03    0.00    0.06    0.00    0.00    0.00    0.00    0.00    0.00   99.91
05:18:18 PM  all    0.03    0.00    0.06    0.00    0.00    0.00    0.00    0.00    0.00   99.91
05:18:19 PM  all    0.03    0.00    0.06    0.00    0.00    0.00    0.00    0.00    0.00   99.91
05:18:20 PM  all    0.06    0.00    0.09    0.00    0.00    0.00    0.00    0.00    0.00   99.84
05:18:21 PM  all    0.03    0.00    0.06    0.00    0.00    0.00    0.00    0.00    0.00   99.91
05:18:22 PM  all    0.09    0.00    0.06    0.00    0.00    0.00    0.00    0.00    0.00   99.84
05:18:23 PM  all    0.03    0.00    0.03    0.00    0.00    0.00    0.00    0.00    0.00   99.94
05:18:24 PM  all    0.00    0.00    0.09    0.00    0.00    0.00    0.00    0.00    0.00   99.91
05:18:25 PM  all    0.03    0.00    0.09    0.00    0.00    0.00    0.00    0.00    0.00   99.88
05:18:26 PM  all    0.03    0.00    0.06    0.00    0.00    0.00    0.00    0.00    0.00   99.91
05:18:27 PM  all    0.03    0.00    0.06    0.00    0.00    0.00    0.00    0.00    0.00   99.91
05:18:28 PM  all    0.03    0.00    0.06    0.00    0.00    0.00    0.00    0.00    0.00   99.91
05:18:29 PM  all    0.00    0.00    0.06    0.00    0.00    0.00    0.00    0.00    0.00   99.94
05:18:30 PM  all    0.09    0.00    0.06    0.00    0.00    0.00    0.00    0.00    0.00   99.84
05:18:31 PM  all    0.00    0.00    0.06    0.00    0.00    0.00    0.00    0.00    0.00   99.94
05:18:32 PM  all    0.28    0.00    0.13    0.00    0.00    0.00    0.00    0.00    0.00   99.59
05:18:33 PM  all    0.34    0.00    0.12    0.00    0.00    0.00    0.00    0.00    0.00   99.53
05:18:34 PM  all    0.09    0.00    0.09    0.00    0.00    0.00    0.00    0.00    0.00   99.81
05:18:35 PM  all    0.03    0.00    0.06    0.00    0.00    0.00    0.00    0.00    0.00   99.91
05:18:36 PM  all    0.00    0.00    0.09    0.00    0.00    0.00    0.00    0.00    0.00   99.91
