             total       used       free     shared    buffers     cached
Mem:        128778       5516     123261          0         99        977
-/+ buffers/cache:       4439     124338
Swap:         1951          0       1951

             total       used       free     shared    buffers     cached
Mem:        128778       5516     123261          0         99        977
-/+ buffers/cache:       4439     124338
Swap:         1951          0       1951

             total       used       free     shared    buffers     cached
Mem:        128778       5517     123261          0         99        977
-/+ buffers/cache:       4439     124338
Swap:         1951          0       1951

             total       used       free     shared    buffers     cached
Mem:        128778       5516     123261          0         99        977
-/+ buffers/cache:       4439     124338
Swap:         1951          0       1951

             total       used       free     shared    buffers     cached
Mem:        128778       5516     123261          0         99        977
-/+ buffers/cache:       4439     124338
Swap:         1951          0       1951

             total       used       free     shared    buffers     cached
Mem:        128778       5517     123261          0         99        977
-/+ buffers/cache:       4439     124338
Swap:         1951          0       1951

             total       used       free     shared    buffers     cached
Mem:        128778       5516     123261          0         99        977
-/+ buffers/cache:       4439     124338
Swap:         1951          0       1951

             total       used       free     shared    buffers     cached
Mem:        128778       5517     123261          0         99        977
-/+ buffers/cache:       4439     124338
Swap:         1951          0       1951

             total       used       free     shared    buffers     cached
Mem:        128778       5517     123260          0         99        977
-/+ buffers/cache:       4439     124338
Swap:         1951          0       1951

             total       used       free     shared    buffers     cached
Mem:        128778       5517     123260          0         99        977
-/+ buffers/cache:       4439     124338
Swap:         1951          0       1951

             total       used       free     shared    buffers     cached
Mem:        128778       5527     123250          0         99        977
-/+ buffers/cache:       4450     124327
Swap:         1951          0       1951

             total       used       free     shared    buffers     cached
Mem:        128778       5527     123250          0         99        977
-/+ buffers/cache:       4450     124327
Swap:         1951          0       1951

             total       used       free     shared    buffers     cached
Mem:        128778       5527     123250          0         99        977
-/+ buffers/cache:       4450     124327
Swap:         1951          0       1951

             total       used       free     shared    buffers     cached
Mem:        128778       5527     123250          0         99        977
-/+ buffers/cache:       4450     124327
Swap:         1951          0       1951

             total       used       free     shared    buffers     cached
Mem:        128778       5527     123250          0         99        977
-/+ buffers/cache:       4450     124327
Swap:         1951          0       1951

             total       used       free     shared    buffers     cached
Mem:        128778       5527     123250          0         99        977
-/+ buffers/cache:       4450     124327
Swap:         1951          0       1951

             total       used       free     shared    buffers     cached
Mem:        128778       5527     123250          0         99        977
-/+ buffers/cache:       4450     124327
Swap:         1951          0       1951

             total       used       free     shared    buffers     cached
Mem:        128778       5527     123250          0         99        977
-/+ buffers/cache:       4450     124327
Swap:         1951          0       1951

             total       used       free     shared    buffers     cached
Mem:        128778       5528     123249          0         99        977
-/+ buffers/cache:       4450     124327
Swap:         1951          0       1951

             total       used       free     shared    buffers     cached
Mem:        128778       5528     123249          0         99        977
-/+ buffers/cache:       4450     124327
Swap:         1951          0       1951

             total       used       free     shared    buffers     cached
Mem:        128778       5528     123249          0         99        977
-/+ buffers/cache:       4450     124327
Swap:         1951          0       1951

             total       used       free     shared    buffers     cached
Mem:        128778       5528     123249          0         99        977
-/+ buffers/cache:       4450     124327
Swap:         1951          0       1951

             total       used       free     shared    buffers     cached
Mem:        128778       5528     123249          0         99        977
-/+ buffers/cache:       4450     124327
Swap:         1951          0       1951

             total       used       free     shared    buffers     cached
Mem:        128778       5528     123249          0         99        977
-/+ buffers/cache:       4450     124327
Swap:         1951          0       1951

             total       used       free     shared    buffers     cached
Mem:        128778       5519     123258          0         99        977
-/+ buffers/cache:       4442     124335
Swap:         1951          0       1951

             total       used       free     shared    buffers     cached
Mem:        128778       5519     123258          0         99        977
-/+ buffers/cache:       4442     124335
Swap:         1951          0       1951

             total       used       free     shared    buffers     cached
Mem:        128778       5519     123258          0         99        977
-/+ buffers/cache:       4442     124335
Swap:         1951          0       1951

             total       used       free     shared    buffers     cached
Mem:        128778       5519     123258          0         99        977
-/+ buffers/cache:       4442     124335
Swap:         1951          0       1951

             total       used       free     shared    buffers     cached
Mem:        128778       5519     123258          0         99        977
-/+ buffers/cache:       4442     124335
Swap:         1951          0       1951

             total       used       free     shared    buffers     cached
Mem:        128778       5519     123258          0         99        977
-/+ buffers/cache:       4442     124335
Swap:         1951          0       1951

             total       used       free     shared    buffers     cached
Mem:        128778       5519     123258          0         99        977
-/+ buffers/cache:       4441     124336
Swap:         1951          0       1951

             total       used       free     shared    buffers     cached
Mem:        128778       5519     123258          0         99        977
-/+ buffers/cache:       4441     124336
Swap:         1951          0       1951

             total       used       free     shared    buffers     cached
Mem:        128778       5519     123258          0         99        977
-/+ buffers/cache:       4442     124335
Swap:         1951          0       1951

             total       used       free     shared    buffers     cached
Mem:        128778       5519     123258          0         99        977
-/+ buffers/cache:       4442     124336
Swap:         1951          0       1951

             total       used       free     shared    buffers     cached
Mem:        128778       5519     123258          0         99        977
-/+ buffers/cache:       4442     124335
Swap:         1951          0       1951

             total       used       free     shared    buffers     cached
Mem:        128778       5518     123259          0         99        977
-/+ buffers/cache:       4441     124336
Swap:         1951          0       1951

             total       used       free     shared    buffers     cached
Mem:        128778       5518     123259          0         99        977
-/+ buffers/cache:       4441     124336
Swap:         1951          0       1951

             total       used       free     shared    buffers     cached
Mem:        128778       5518     123259          0         99        977
-/+ buffers/cache:       4441     124336
Swap:         1951          0       1951

             total       used       free     shared    buffers     cached
Mem:        128778       5518     123259          0         99        977
-/+ buffers/cache:       4441     124336
Swap:         1951          0       1951

             total       used       free     shared    buffers     cached
Mem:        128778       5518     123259          0         99        977
-/+ buffers/cache:       4441     124336
Swap:         1951          0       1951

             total       used       free     shared    buffers     cached
Mem:        128778       5519     123259          0         99        977
-/+ buffers/cache:       4441     124336
Swap:         1951          0       1951

             total       used       free     shared    buffers     cached
Mem:        128778       5518     123259          0         99        977
-/+ buffers/cache:       4441     124336
Swap:         1951          0       1951

             total       used       free     shared    buffers     cached
Mem:        128778       5518     123259          0         99        977
-/+ buffers/cache:       4441     124336
Swap:         1951          0       1951

             total       used       free     shared    buffers     cached
Mem:        128778       5519     123258          0         99        977
-/+ buffers/cache:       4441     124336
Swap:         1951          0       1951

             total       used       free     shared    buffers     cached
Mem:        128778       5518     123259          0         99        977
-/+ buffers/cache:       4441     124336
Swap:         1951          0       1951

             total       used       free     shared    buffers     cached
Mem:        128778       5518     123259          0         99        977
-/+ buffers/cache:       4441     124336
Swap:         1951          0       1951

             total       used       free     shared    buffers     cached
Mem:        128778       5518     123259          0         99        977
-/+ buffers/cache:       4441     124336
Swap:         1951          0       1951

             total       used       free     shared    buffers     cached
Mem:        128778       5518     123259          0         99        977
-/+ buffers/cache:       4441     124336
Swap:         1951          0       1951

             total       used       free     shared    buffers     cached
Mem:        128778       5519     123258          0         99        977
-/+ buffers/cache:       4441     124336
Swap:         1951          0       1951

             total       used       free     shared    buffers     cached
Mem:        128778       5518     123259          0         99        977
-/+ buffers/cache:       4441     124336
Swap:         1951          0       1951

             total       used       free     shared    buffers     cached
Mem:        128778       5518     123259          0         99        977
-/+ buffers/cache:       4441     124336
Swap:         1951          0       1951

             total       used       free     shared    buffers     cached
Mem:        128778       5518     123259          0         99        977
-/+ buffers/cache:       4441     124336
Swap:         1951          0       1951

             total       used       free     shared    buffers     cached
Mem:        128778       5518     123259          0         99        977
-/+ buffers/cache:       4441     124336
Swap:         1951          0       1951

             total       used       free     shared    buffers     cached
Mem:        128778       5518     123259          0         99        977
-/+ buffers/cache:       4441     124336
Swap:         1951          0       1951

             total       used       free     shared    buffers     cached
Mem:        128778       5518     123259          0         99        977
-/+ buffers/cache:       4441     124336
Swap:         1951          0       1951

             total       used       free     shared    buffers     cached
Mem:        128778       5518     123259          0         99        977
-/+ buffers/cache:       4441     124336
Swap:         1951          0       1951

             total       used       free     shared    buffers     cached
Mem:        128778       5518     123259          0         99        977
-/+ buffers/cache:       4441     124336
Swap:         1951          0       1951

             total       used       free     shared    buffers     cached
Mem:        128778       5518     123259          0         99        977
-/+ buffers/cache:       4441     124336
Swap:         1951          0       1951

             total       used       free     shared    buffers     cached
Mem:        128778       5518     123259          0         99        977
-/+ buffers/cache:       4441     124336
Swap:         1951          0       1951

             total       used       free     shared    buffers     cached
Mem:        128778       5518     123259          0         99        977
-/+ buffers/cache:       4441     124336
Swap:         1951          0       1951

             total       used       free     shared    buffers     cached
Mem:        128778       5518     123259          0         99        977
-/+ buffers/cache:       4441     124336
Swap:         1951          0       1951

             total       used       free     shared    buffers     cached
Mem:        128778       5518     123259          0         99        977
-/+ buffers/cache:       4441     124336
Swap:         1951          0       1951

             total       used       free     shared    buffers     cached
Mem:        128778       5518     123259          0         99        977
-/+ buffers/cache:       4441     124336
Swap:         1951          0       1951

             total       used       free     shared    buffers     cached
Mem:        128778       5518     123259          0         99        977
-/+ buffers/cache:       4440     124337
Swap:         1951          0       1951

             total       used       free     shared    buffers     cached
Mem:        128778       5518     123259          0         99        977
-/+ buffers/cache:       4440     124337
Swap:         1951          0       1951

             total       used       free     shared    buffers     cached
Mem:        128778       5518     123259          0         99        977
-/+ buffers/cache:       4441     124337
Swap:         1951          0       1951

             total       used       free     shared    buffers     cached
Mem:        128778       5518     123259          0         99        977
-/+ buffers/cache:       4441     124337
Swap:         1951          0       1951

             total       used       free     shared    buffers     cached
Mem:        128778       5518     123259          0         99        977
-/+ buffers/cache:       4440     124337
Swap:         1951          0       1951

             total       used       free     shared    buffers     cached
Mem:        128778       5518     123259          0         99        977
-/+ buffers/cache:       4440     124337
Swap:         1951          0       1951

             total       used       free     shared    buffers     cached
Mem:        128778       5517     123260          0         99        977
-/+ buffers/cache:       4440     124337
Swap:         1951          0       1951

             total       used       free     shared    buffers     cached
Mem:        128778       5517     123260          0         99        977
-/+ buffers/cache:       4440     124337
Swap:         1951          0       1951

             total       used       free     shared    buffers     cached
Mem:        128778       5518     123259          0         99        977
-/+ buffers/cache:       4440     124337
Swap:         1951          0       1951

             total       used       free     shared    buffers     cached
Mem:        128778       5518     123259          0         99        977
-/+ buffers/cache:       4440     124337
Swap:         1951          0       1951

             total       used       free     shared    buffers     cached
Mem:        128778       5518     123259          0         99        977
-/+ buffers/cache:       4440     124337
Swap:         1951          0       1951

             total       used       free     shared    buffers     cached
Mem:        128778       5518     123259          0         99        977
-/+ buffers/cache:       4440     124337
Swap:         1951          0       1951

             total       used       free     shared    buffers     cached
Mem:        128778       5518     123259          0         99        977
-/+ buffers/cache:       4440     124337
Swap:         1951          0       1951

             total       used       free     shared    buffers     cached
Mem:        128778       5518     123260          0         99        977
-/+ buffers/cache:       4440     124337
Swap:         1951          0       1951

             total       used       free     shared    buffers     cached
Mem:        128778       5517     123260          0         99        977
-/+ buffers/cache:       4440     124337
Swap:         1951          0       1951

             total       used       free     shared    buffers     cached
Mem:        128778       5517     123260          0         99        977
-/+ buffers/cache:       4440     124337
Swap:         1951          0       1951

             total       used       free     shared    buffers     cached
Mem:        128778       5517     123260          0         99        977
-/+ buffers/cache:       4440     124337
Swap:         1951          0       1951

             total       used       free     shared    buffers     cached
Mem:        128778       5517     123260          0         99        977
-/+ buffers/cache:       4440     124337
Swap:         1951          0       1951

             total       used       free     shared    buffers     cached
Mem:        128778       5518     123259          0         99        977
-/+ buffers/cache:       4440     124337
Swap:         1951          0       1951

             total       used       free     shared    buffers     cached
Mem:        128778       5518     123259          0         99        977
-/+ buffers/cache:       4441     124337
Swap:         1951          0       1951

             total       used       free     shared    buffers     cached
Mem:        128778       5518     123259          0         99        977
-/+ buffers/cache:       4440     124337
Swap:         1951          0       1951

             total       used       free     shared    buffers     cached
Mem:        128778       5518     123259          0         99        977
-/+ buffers/cache:       4440     124337
Swap:         1951          0       1951

             total       used       free     shared    buffers     cached
Mem:        128778       5518     123259          0         99        977
-/+ buffers/cache:       4440     124337
Swap:         1951          0       1951

             total       used       free     shared    buffers     cached
Mem:        128778       5518     123259          0         99        977
-/+ buffers/cache:       4440     124337
Swap:         1951          0       1951

             total       used       free     shared    buffers     cached
Mem:        128778       5518     123259          0         99        977
-/+ buffers/cache:       4440     124337
Swap:         1951          0       1951

             total       used       free     shared    buffers     cached
Mem:        128778       5518     123259          0         99        977
-/+ buffers/cache:       4440     124337
Swap:         1951          0       1951

             total       used       free     shared    buffers     cached
Mem:        128778       5518     123259          0         99        977
-/+ buffers/cache:       4440     124337
Swap:         1951          0       1951

             total       used       free     shared    buffers     cached
Mem:        128778       5518     123259          0         99        977
-/+ buffers/cache:       4440     124337
Swap:         1951          0       1951

             total       used       free     shared    buffers     cached
Mem:        128778       5517     123260          0         99        977
-/+ buffers/cache:       4440     124337
Swap:         1951          0       1951

             total       used       free     shared    buffers     cached
Mem:        128778       5518     123260          0         99        977
-/+ buffers/cache:       4440     124337
Swap:         1951          0       1951

             total       used       free     shared    buffers     cached
Mem:        128778       5518     123260          0         99        977
-/+ buffers/cache:       4440     124337
Swap:         1951          0       1951

             total       used       free     shared    buffers     cached
Mem:        128778       5518     123259          0         99        977
-/+ buffers/cache:       4440     124337
Swap:         1951          0       1951

             total       used       free     shared    buffers     cached
Mem:        128778       5518     123259          0         99        977
-/+ buffers/cache:       4440     124337
Swap:         1951          0       1951

             total       used       free     shared    buffers     cached
Mem:        128778       5518     123259          0         99        977
-/+ buffers/cache:       4440     124337
Swap:         1951          0       1951

             total       used       free     shared    buffers     cached
Mem:        128778       5518     123259          0         99        977
-/+ buffers/cache:       4440     124337
Swap:         1951          0       1951

             total       used       free     shared    buffers     cached
Mem:        128778       5517     123260          0         99        977
-/+ buffers/cache:       4440     124337
Swap:         1951          0       1951

             total       used       free     shared    buffers     cached
Mem:        128778       5517     123260          0         99        977
-/+ buffers/cache:       4440     124337
Swap:         1951          0       1951

             total       used       free     shared    buffers     cached
Mem:        128778       5517     123260          0         99        977
-/+ buffers/cache:       4440     124337
Swap:         1951          0       1951

             total       used       free     shared    buffers     cached
Mem:        128778       5517     123260          0         99        977
-/+ buffers/cache:       4440     124337
Swap:         1951          0       1951

             total       used       free     shared    buffers     cached
Mem:        128778       5517     123260          0         99        977
-/+ buffers/cache:       4440     124337
Swap:         1951          0       1951

             total       used       free     shared    buffers     cached
Mem:        128778       5517     123260          0         99        977
-/+ buffers/cache:       4440     124337
Swap:         1951          0       1951

             total       used       free     shared    buffers     cached
Mem:        128778       5517     123260          0         99        977
-/+ buffers/cache:       4440     124337
Swap:         1951          0       1951

             total       used       free     shared    buffers     cached
Mem:        128778       5517     123260          0         99        977
-/+ buffers/cache:       4440     124337
Swap:         1951          0       1951

             total       used       free     shared    buffers     cached
Mem:        128778       5517     123260          0         99        977
-/+ buffers/cache:       4440     124337
Swap:         1951          0       1951

             total       used       free     shared    buffers     cached
Mem:        128778       5518     123260          0         99        977
-/+ buffers/cache:       4440     124337
Swap:         1951          0       1951

             total       used       free     shared    buffers     cached
Mem:        128778       5514     123263          0         99        977
-/+ buffers/cache:       4437     124340
Swap:         1951          0       1951

             total       used       free     shared    buffers     cached
Mem:        128778       5518     123259          0         99        977
-/+ buffers/cache:       4440     124337
Swap:         1951          0       1951

             total       used       free     shared    buffers     cached
Mem:        128778       5518     123259          0         99        977
-/+ buffers/cache:       4440     124337
Swap:         1951          0       1951

             total       used       free     shared    buffers     cached
Mem:        128778       5518     123259          0         99        977
-/+ buffers/cache:       4440     124337
Swap:         1951          0       1951

             total       used       free     shared    buffers     cached
Mem:        128778       5518     123259          0         99        977
-/+ buffers/cache:       4440     124337
Swap:         1951          0       1951
