       em4        
 KB/s in  KB/s out
    0.18      0.00
    0.12      0.00
    0.25      0.05
    0.23      0.00
    0.23      0.00
    0.18      0.00
    0.54      0.45
    0.29      0.04
    0.18      0.00
    0.22      0.10
   40.89     32.67
   74.82     60.10
   52.26     42.38
   71.93     57.88
   75.58     60.18
   76.30     61.27
   76.04     61.05
   74.41     81.48
   73.52     59.85
   86.68     69.67
   78.37     82.69
   72.82     58.37
       em4        
 KB/s in  KB/s out
   74.32     59.00
   80.23     65.10
   93.09     74.03
   87.28     70.99
   77.96     80.71
   83.31     66.86
   85.63     69.49
   87.69     69.95
   78.58     63.90
   72.28     58.00
   85.40     86.59
   82.95     66.52
   79.06     64.32
   98.17     78.71
   80.49     64.07
    0.88      0.71
    6.04     23.20
    0.12      0.00
    0.45      0.00
    0.18      0.00
    0.18      0.00
  107.51    809.46
       em4        
 KB/s in  KB/s out
  112.95    763.29
   96.76    735.86
  144.65   1102.56
  104.63    740.68
  138.32   1098.09
  117.62    837.27
  103.75    806.26
  108.89    812.37
   72.02    518.66
  135.43   1029.23
  107.38    742.93
  104.38    759.26
  130.68   1026.97
  133.57    963.04
   83.23    591.07
   63.26    512.60
   75.36    586.23
   93.38    622.44
   86.77    662.85
  140.99   1099.12
  112.30    815.62
   79.61    590.44
       em4        
 KB/s in  KB/s out
  112.64    881.36
  108.50    765.56
  100.55    737.07
   85.13    663.01
  118.25    884.88
  133.94   1031.77
  140.50   1101.16
   92.00    623.18
  122.83    955.71
  117.26    883.16
  103.96    808.03
  152.27   1175.37
  131.18    962.05
  107.49    768.12
   70.21    585.26
   92.06    665.99
  110.68    880.76
  152.99   1109.43
   77.62    589.59
  131.62    986.18
  119.85    884.61
  145.17   1171.38
       em4        
 KB/s in  KB/s out
   95.52    669.67
  111.09    881.73
  120.82    885.22
  107.93    837.78
  113.55    816.32
  127.18    957.52
  126.54    956.66
  135.08   1030.27
  112.05    880.61
  101.59    769.25
  116.94    884.07
  123.97    888.67
  135.66   1031.17
  128.96    958.58
  169.75   1322.73
   92.99    698.39
   50.60    369.79
  116.43    883.13
  136.07   1031.34
  119.63    885.72
  108.53    877.46
  131.46    992.33
       em4        
 KB/s in  KB/s out
  123.24    887.51
   88.56    663.52
   69.76    517.55
   99.24    737.01
  114.96    884.09
  132.41   1003.58
  107.09    811.27
   52.71    437.08
  146.05   1105.33
   93.97    668.48
  110.30    879.33
  138.13   1003.35
   91.55    664.85
  131.23   1026.69
  156.90   1178.78
  133.34   1028.79
  100.94    739.41
  138.39   1071.36
  130.26    959.57
  100.84    804.68
   76.36    522.07
  126.35    957.20
       em4        
 KB/s in  KB/s out
   60.46    443.64
  115.35    855.62
  115.59    882.98
   98.90    737.13
   88.60    663.89
  146.47   1105.58
   60.22    444.17
   72.62    558.75
  158.01   1179.17
  120.83    952.46
  142.01   1037.38
   90.77    665.78
   95.39    734.97
  177.24   1326.48
  110.88    857.00
  144.82   1103.98
  136.31   1031.07
  118.14    884.82
  108.27    811.68
  127.15    958.06
  167.61   1298.65
  154.40   1178.32
       em4        
 KB/s in  KB/s out
  116.00    883.11
  138.56   1097.81
  144.23   1036.72
  152.37   1176.61
  142.36   1081.85
  110.16    879.85
   85.44    595.23
  116.23    884.32
  101.73    739.53
  141.56   1102.38
  141.29   1058.67
  129.50    983.35
  137.95   1030.77
  140.35    970.65
  180.60    553.38
  147.23    397.61
  218.61   1041.94
  162.28   1165.87
   95.82    736.00
  130.40   1027.19
  122.93    887.18
  130.72   1027.87
       em4        
 KB/s in  KB/s out
  115.53    816.32
  120.64   1005.89
  127.97    889.84
  112.10    879.30
  113.28    816.03
   99.99    737.22
  110.42    880.20
  102.82    740.60
  161.49   1235.63
  108.47    811.70
  108.45    811.44
  129.34   1024.89
  147.73   1107.42
  133.96    961.87
  172.08   1367.31
  126.27    901.50
   91.47    733.49
   54.88    371.89
   87.54    663.06
   93.19    732.31
   78.52    523.23
  144.00   1159.24
       em4        
 KB/s in  KB/s out
  137.28   1032.65
  121.52    886.02
   69.82    517.15
  138.71   1030.42
  126.53   1024.39
  175.26   1351.62
  157.14   1145.51
   71.69    517.82
  137.97   1100.01
  115.17    882.46
  112.98    815.97
  121.76    955.35
  118.71    877.44
  126.36    958.09
  101.35    739.57
  105.07    809.38
  105.99    810.11
  127.98    959.31
  148.41   1170.52
   82.33    591.19
  144.50   1104.64
   90.22    665.35
       em4        
 KB/s in  KB/s out
  162.28   1249.65
  128.59    959.30
   88.84    664.32
  123.40    950.99
  128.20    958.16
  117.92    884.37
  106.38    809.94
  107.90    810.53
  116.77    883.82
  132.17   1038.97
  128.74    958.04
  130.35    960.62
  108.05    811.13
  146.03   1172.59
  106.59    743.07
   98.39    803.60
  131.46    961.34
  132.09   1027.16
  163.60   1251.43
  124.09    890.08
  117.25    884.18
  101.74    806.09
       em4        
 KB/s in  KB/s out
  152.36   1111.14
  131.52   1028.35
  180.83   1396.27
  114.13    815.22
   80.16    591.78
  132.48   1029.96
  143.27   1103.61
  126.72    958.71
  155.87   1179.08
  121.17    885.52
   93.41    735.67
  120.17    952.45
  143.77   1037.10
  145.87   1103.61
  109.98    897.47
  117.55    884.88
  114.83    816.28
  108.10    810.14
  167.71   1320.20
  133.59    961.59
   98.33    777.43
  114.40    848.98
       em4        
 KB/s in  KB/s out
   79.42    591.25
  156.35   1178.05
  115.65    882.35
  150.27   1108.23
  118.39    883.05
  140.64   1110.98
  128.69    959.11
  123.57    956.41
  128.13    958.68
  154.66   1178.12
  143.40   1103.72
  143.84   1102.80
  174.13   1335.36
  138.40   1033.31
  122.17    953.96
  104.13    743.04
  150.75   1175.36
  197.10   1470.31
   82.74    592.18
   94.18    746.91
  126.39    957.59
   97.05    736.64
       em4        
 KB/s in  KB/s out
  129.59    960.17
  136.51   1031.94
  154.28   1244.10
  143.03   1075.96
  141.34   1090.39
    1.92      1.09
    0.57      0.00
    0.23      0.00
    0.18      0.00
   27.47     27.21
  145.11    146.56
   85.72    101.71
  145.04    151.60
  155.75    164.80
  124.47    125.02
  114.77    120.12
  152.88    173.80
  146.37    155.09
  146.03    148.43
  147.17    160.02
  158.10    164.40
  142.11    162.29
       em4        
 KB/s in  KB/s out
  138.66    171.64
  103.77    108.42
  152.81    155.39
  156.16    158.95
  146.50    150.42
  170.87    203.16
  142.25    140.83
  119.59    117.89
  138.74    140.21
  127.07    131.98
  157.70    158.95
  160.03    200.36
  117.54    115.73
  135.88    149.46
  145.63    147.64
  154.00    158.54
  146.45    155.64
  102.55    129.97
   46.17     45.71
   79.69     82.65
  155.75    163.69
  132.16    139.60
       em4        
 KB/s in  KB/s out
  124.47    129.56
  180.02    216.31
  131.21    138.56
  139.84    147.62
  136.01    139.27
  162.06    161.83
  164.18    167.86
  147.68    184.00
  160.10    164.22
  165.25    166.25
  110.88    115.15
  139.44    149.10
  148.58    151.33
   48.13     79.15
  130.89    145.82
   67.89     65.97
  128.31    130.49
  151.92    157.51
  125.77    130.29
  147.01    180.14
  197.39    199.30
  235.19    229.83
       em4        
 KB/s in  KB/s out
  271.42    267.53
  226.70    220.98
  277.36    283.63
  277.48    302.93
  196.71    198.39
    1.09      0.74
  125.74    137.21
  139.89    143.28
  130.48    136.75
  107.65    140.77
  131.71    134.17
  139.76    151.94
  139.33    144.78
  177.42    178.90
  136.89    150.82
  137.26    176.52
  140.42    138.67
  135.84    142.73
  147.21    151.19
  129.16    136.05
  180.68    191.48
  103.30    139.64
       em4        
 KB/s in  KB/s out
   91.76     94.45
  119.33    122.76
  154.90    164.82
  122.46    124.22
  129.81    134.46
  158.15    192.58
  130.10    145.57
  158.48    165.43
  118.03    119.14
  109.51    116.40
  158.00    168.69
  150.30    157.92
  165.83    210.76
  153.82    162.43
  143.79    148.38
  170.28    182.37
  176.74    182.49
  142.22    149.34
  166.36    207.06
  114.92    119.75
  148.45    159.36
  151.58    157.21
       em4        
 KB/s in  KB/s out
  168.18    179.12
  159.36    166.48
  118.27    162.73
  152.19    167.74
  157.35    174.45
  115.14    122.27
  139.80    143.65
  147.17    152.78
  152.53    196.87
  165.41    172.04
  133.52    134.73
  149.93    150.52
  166.29    182.39
  150.53    159.34
  131.92    167.93
  156.27    182.47
   77.72     82.71
  131.35    134.44
  135.99    139.81
  114.82    125.66
    0.25      0.14
    6.17     51.07
       em4        
 KB/s in  KB/s out
  224.02    224.61
  555.82    560.02
  560.69    562.87
  534.76    541.31
  570.42    585.85
  537.45    584.86
  427.90    429.60
  545.44    556.71
  578.55    589.48
  579.26    590.87
  513.45    549.16
  568.44    593.57
  516.60    522.68
  556.80    572.40
  589.53    616.92
  454.36    454.28
  590.19    629.81
  283.32    296.11
  422.99    456.98
  459.53    453.37
  524.41    532.42
  549.49    555.33
       em4        
 KB/s in  KB/s out
  497.42    520.45
  323.64    329.02
  366.77    382.37
  403.99    424.49
  513.00    523.22
  481.67    477.03
  543.45    585.16
  587.84    581.05
  545.51    557.98
  551.12    558.59
  515.05    540.35
  601.60    603.85
  587.31    623.95
  468.84    480.32
  588.58    596.64
  546.55    551.01
  611.69    613.99
  574.38    579.19
  591.30    615.32
  560.21    572.91
  528.56    527.63
  562.45    590.13
       em4        
 KB/s in  KB/s out
  601.78    609.53
  509.36    533.88
  451.64    486.45
  438.18    450.70
  361.26    364.55
  484.36    495.49
  457.05    474.90
  375.06    400.68
  312.20    365.33
  547.50    541.22
  390.93    401.85
  549.04    582.44
  518.13    524.11
  569.85    572.21
  529.55    582.57
  319.01    328.29
  334.88    329.26
  591.07    590.94
  578.97    593.17
  549.97    561.65
  683.14    730.78
  634.59    638.48
       em4        
 KB/s in  KB/s out
  585.85    590.61
  519.15    525.66
  581.49    596.93
  528.71    537.54
  515.49    569.01
  591.71    605.41
  545.26    550.78
  616.02    621.26
  573.88    579.26
  375.76    393.18
  363.00    362.87
  366.34    413.98
  375.96    390.71
  356.18    362.03
  561.43    548.16
  537.27    572.46
  463.36    465.95
  389.11    434.68
  604.79    616.40
  437.87    445.32
  303.14    315.30
  529.60    535.73
       em4        
 KB/s in  KB/s out
  645.66    655.10
  439.33    480.34
  330.72    328.04
  542.99    538.12
  550.41    556.78
  603.59    623.23
  581.12    593.55
  591.59    647.97
  635.91    630.58
  615.52    617.89
  626.55    629.89
  546.52    561.53
  618.60    632.23
  622.98    667.78
  617.96    625.20
  562.68    586.84
  623.34    635.01
  428.92    433.91
  473.35    479.42
  284.17    312.45
  431.13    442.91
  320.43    318.28
       em4        
 KB/s in  KB/s out
  591.83    597.43
  594.53    590.39
  423.47    429.53
  274.19    280.59
  446.95    493.21
  584.00    600.00
  625.18    634.32
  547.66    552.66
  510.84    519.65
  654.54    659.81
  315.72    346.80
  118.27    119.71
  113.92    104.36
  115.57    106.26
   27.65     25.54
    0.57      0.00
    0.23      0.00
    7.39     54.00
  964.83    964.69
 1735.58   1740.24
 1682.39   1677.17
 1794.73   1778.52
       em4        
 KB/s in  KB/s out
 1718.91   1724.76
 1637.84   1680.34
 1552.22   1549.82
 1652.57   1665.24
 1437.55   1455.00
 1500.28   1502.25
 1599.57   1635.52
 1513.95   1499.92
 1306.18   1347.79
 1538.62   1530.07
 1409.18   1421.80
 1691.87   1695.83
 1471.71   1546.26
 1508.18   1511.09
 1593.29   1603.97
 1563.10   1564.18
 1454.65   1451.06
 1445.84   1444.16
 1640.36   1681.78
 1683.65   1657.17
 1591.97   1582.92
 1516.67   1508.37
       em4        
 KB/s in  KB/s out
 1681.94   1670.95
 1674.07   1677.65
 1683.90   1686.31
 1734.31   1738.06
 1662.95   1670.24
 1656.91   1626.52
 1669.74   1657.02
 1672.86   1656.14
 1637.57   1648.63
 1660.53   1632.48
 1647.35   1616.98
 1566.11   1589.28
 1479.24   1470.96
 1603.40   1573.40
 1472.66   1509.89
 1228.94   1241.16
  928.15    917.89
  949.76    944.60
 1553.26   1543.72
 1216.50   1227.41
 1378.12   1391.24
 1538.55   1528.15
       em4        
 KB/s in  KB/s out
 1627.06   1610.66
 1443.70   1435.56
 1691.98   1705.46
 1555.80   1537.34
 1605.11   1638.72
 1555.90   1540.86
 1434.49   1435.57
 1587.49   1568.65
 1641.79   1635.88
 1687.69   1682.15
 1771.68   1783.67
 1709.29   1701.46
 1782.24   1754.83
 1708.47   1693.43
 1741.95   1738.77
 1683.06   1692.53
 1715.77   1728.81
 1699.60   1710.80
 1779.85   1757.10
 1664.41   1663.86
 1624.28   1613.19
 1592.92   1561.53
       em4        
 KB/s in  KB/s out
 1540.47   1544.00
 1484.87   1466.93
 1503.87   1488.77
 1483.32   1466.83
 1649.34   1627.97
 1310.63   1290.16
 1583.19   1602.74
 1623.67   1581.30
 1730.91   1696.45
 1777.81   1748.68
 1501.73   1507.34
 1606.57   1575.34
 1669.29   1662.26
 1520.82   1540.03
 1646.30   1620.18
 1667.35   1636.71
 1578.28   1570.54
 1733.92   1739.67
 1720.68   1691.59
 1728.55   1744.56
 1722.74   1715.93
 1769.03   1762.86
       em4        
 KB/s in  KB/s out
 1742.10   1732.64
 1721.47   1711.28
 1666.11   1648.32
 1635.76   1624.57
 1762.66   1764.52
 1701.07   1678.62
 1600.09   1564.98
 1731.65   1702.22
 1368.18   1351.31
 1341.16   1323.41
 1417.01   1402.37
 1504.52   1514.84
 1705.51   1683.42
 1596.81   1567.83
 1542.96   1519.88
 1574.54   1538.84
 1654.13   1643.48
 1749.52   1723.25
 1532.53   1554.03
 1610.06   1584.82
 1535.02   1527.57
 1629.12   1604.19
       em4        
 KB/s in  KB/s out
 1698.10   1650.50
 1597.36   1574.23
 1666.76   1660.07
 1697.73   1704.42
 1762.13   1737.07
 1736.88   1719.69
  596.16    581.53
    0.51      0.00
    0.30      0.06
 1492.96   1453.19
 2148.79   2112.06
 2127.62   2082.50
 2178.41   2131.37
 2225.28   2159.17
 2197.57   2150.88
 2141.15   2121.77
 2140.53   2083.09
 1982.67   1986.00
 2110.55   2074.84
 2142.23   2081.79
 2173.57   2163.06
 2160.79   2109.54
       em4        
 KB/s in  KB/s out
 2083.24   2037.96
 2068.79   2000.00
 2174.11   2100.40
 2127.53   2089.38
 2185.66   2139.66
 2059.77   2008.71
 2121.85   2123.01
 2073.74   1997.49
 2040.51   1989.37
 2162.42   2125.60
 2157.98   2106.36
 2118.06   2070.72
 2151.33   2098.95
 2177.06   2122.40
 2107.71   2056.08
 2116.71   2055.39
 2187.39   2139.92
 2114.91   2059.47
 2210.87   2155.03
 2133.99   2087.62
 2095.36   2058.74
 2157.38   2098.08
       em4        
 KB/s in  KB/s out
 2138.96   2071.33
 2132.54   2098.05
 2138.28   2075.73
 1957.76   1900.01
 1923.12   1882.80
 2129.07   2093.55
 2047.47   2000.62
 2074.03   2057.47
 1999.44   1943.23
 2080.71   2028.05
 2066.09   1992.99
 2093.85   2058.41
 2071.83   2037.65
 2136.43   2098.51
 2064.26   2035.41
 2014.94   1929.09
 2131.29   2094.93
 2046.27   2016.82
 2086.46   2025.47
 2129.71   2083.30
 2096.14   2058.78
 2094.94   2034.82
       em4        
 KB/s in  KB/s out
 2077.63   2022.92
 2120.80   2084.77
 1993.16   1941.30
 2114.86   2083.87
 2008.46   1945.31
 2051.50   2002.73
 2089.01   2034.11
 2171.29   2093.14
 2159.42   2095.48
 2169.89   2135.11
 2031.18   1979.58
 2076.59   2031.65
 2092.43   2044.64
 1980.61   1983.11
 2084.83   2045.19
 2015.12   1956.28
 2122.61   2091.52
 2056.77   2002.27
 2088.86   2012.93
 2081.94   2038.29
 2000.53   1961.45
 2123.41   2069.54
       em4        
 KB/s in  KB/s out
 2118.88   2080.84
 2122.21   2099.98
 2080.71   2002.01
 2053.40   2006.65
 2047.41   2021.27
 2161.12   2096.10
 2017.40   2038.20
 2113.74   2054.38
 1976.38   1931.11
 2102.42   2066.82
 2006.57   1947.50
 2124.87   2055.19
 2138.35   2106.78
 2070.73   2032.98
 2020.44   1959.70
 1959.34   1924.02
 2183.74   2097.63
 2041.15   1971.83
 2050.42   1984.84
 2018.39   2015.67
 1971.87   1925.03
 1974.57   1925.97
       em4        
 KB/s in  KB/s out
 2029.26   1990.56
 2078.74   2017.90
 2048.48   1991.89
 2029.36   1978.31
 1975.39   1959.52
 2057.18   2009.24
 2007.57   1951.26
 2111.73   2059.88
 1968.13   1916.82
 2051.76   2007.36
 2031.49   2019.79
 2022.68   1954.52
 1990.23   1944.48
 2099.43   2034.62
 2054.22   2010.91
 2099.69   2035.06
 2140.38   2123.60
 2068.56   2026.43
 2003.90   1942.86
  501.07    480.29
    0.18      0.00
    0.18      0.00
       em4        
 KB/s in  KB/s out
 1660.61   1587.31
 2048.01   2021.40
 2171.44   2101.53
 2160.83   2107.14
 2247.73   2163.84
 2202.70   2155.85
 2231.16   2217.17
 2238.31   2172.12
 2196.72   2120.54
 2184.89   2091.89
 2186.52   2146.22
 2190.25   2165.51
 2211.44   2167.55
 2126.83   2059.59
 2158.74   2108.40
 2007.93   1955.67
 2091.21   2038.82
 2118.39   2076.65
 2270.38   2178.44
 2219.28   2162.70
 2158.06   2089.61
 2139.40   2057.82
       em4        
 KB/s in  KB/s out
 2181.79   2098.84
 2077.92   2037.63
 2124.60   2081.20
 2109.57   2051.83
 2093.06   1985.23
 2190.46   2171.94
 2230.91   2169.51
 2181.57   2144.66
 2110.36   2044.94
 2090.03   2023.59
 2131.11   2064.50
 2085.03   2021.96
 2050.79   1986.61
 1953.71   1935.64
 2151.48   2097.30
 2112.97   2029.03
 2219.16   2159.39
 2149.97   2072.60
 2144.62   2078.03
 2132.61   2115.91
 2173.12   2090.43
 2213.90   2165.12
       em4        
 KB/s in  KB/s out
 2186.27   2103.29
 1967.17   1900.03
 2079.61   2001.42
 2118.15   2094.07
 2112.01   2018.61
 2159.76   2113.75
 2260.66   2182.07
 2145.50   2060.48
 2061.26   2039.21
 2145.69   2082.23
 2183.14   2129.06
 2120.96   2053.63
 2121.58   2042.59
 2169.50   2108.07
 2005.67   1967.10
 2078.37   2034.58
 2165.96   2117.27
 2040.02   1989.00
 2102.07   1981.60
 2038.52   1993.89
 2160.88   2095.31
 2082.55   2040.26
       em4        
 KB/s in  KB/s out
 2021.63   1964.37
 2092.86   2050.61
 2086.05   2032.54
 2081.59   2007.75
 2101.28   2022.74
 2053.63   2053.29
 2112.23   2048.03
 2093.67   1994.75
 2106.13   2052.96
 1988.37   1926.64
 2074.00   2016.18
 2190.40   2122.76
 2022.16   1984.70
 2089.26   2038.93
 2094.18   2008.07
 1914.35   1879.03
 2139.00   2073.77
 2061.38   2004.35
 2118.45   2096.44
 2065.41   2001.21
 2036.12   1949.82
 2048.68   2003.51
       em4        
 KB/s in  KB/s out
 2060.59   1991.16
 2049.56   1994.58
 2023.75   2003.50
 1973.82   1887.35
 2016.67   1990.46
 2063.98   1997.51
 1917.86   1879.90
 2035.84   1977.66
 2025.97   1955.81
 2001.75   1944.13
 1957.36   1925.02
 2044.54   1982.72
 1949.30   1897.48
 2012.27   1939.40
 1952.99   1903.65
 2131.31   2088.33
 2011.04   1987.87
 2026.07   1958.26
 2015.41   1939.37
 1942.48   1912.41
 2062.99   1980.18
 2051.72   2009.80
       em4        
 KB/s in  KB/s out
 2126.34   2108.77
 2004.87   1931.51
 2096.53   2056.10
 2072.65   2010.44
 2088.56   2039.15
 2036.88   1943.18
 1989.48   1972.11
 2034.18   1997.99
 2034.74   1946.55
 2038.15   1963.06
  532.82    540.61
    0.12      0.00
    0.58     24.90
    5.91     28.99
   27.22     24.53
   93.88     85.85
   96.98     88.33
   97.60     90.09
 1479.87   1389.04
 1978.53   1998.54
 2101.47   2000.41
 2007.41   1963.82
       em4        
 KB/s in  KB/s out
 1970.46   1898.98
 1878.10   1840.06
 2051.38   1957.59
 2205.23   2186.25
 2127.93   2063.23
 1867.95   1826.03
 2049.96   1928.41
 1870.05   1848.35
 2052.95   1933.22
 1891.27   1904.54
 2099.90   2026.66
 2034.29   1908.60
 2080.73   2059.78
 2036.04   1989.78
 2030.55   1986.81
 1985.69   1923.46
 1816.68   1791.28
 2058.98   1934.90
 1931.12   1907.44
 1927.06   1865.84
 1844.04   1820.12
 2096.97   2023.96
       em4        
 KB/s in  KB/s out
 1909.87   1860.56
 1933.07   1876.40
 2075.70   1993.83
 1992.82   1943.43
 1894.64   1868.03
 1977.16   1925.17
 1996.63   1893.90
 1951.84   1892.01
 2021.55   1990.10
 1960.75   1877.38
 1902.06   1896.87
 2121.60   2028.87
 1938.67   1899.64
 1990.24   1937.04
 1993.86   1922.96
 2040.14   1945.42
 2036.41   2032.55
 2041.68   1978.00
 2026.81   1939.87
 2003.74   1933.59
 1964.57   1900.85
 1903.72   1908.26
       em4        
 KB/s in  KB/s out
 2008.92   1954.23
 2008.82   1925.91
 2000.19   1906.24
 1965.38   1938.75
 1924.18   1873.62
 2027.81   2001.06
 1972.92   1932.67
 1867.87   1822.93
 2096.17   2017.22
 1970.57   1913.58
 1990.23   1909.45
 2051.68   2002.48
 2000.26   1962.59
 1908.82   1850.47
 2056.52   1896.84
 2085.81   2082.79
 1998.59   1927.74
 1976.93   1894.80
 1868.97   1881.63
 1987.24   1938.45
 1869.45   1764.24
 1823.43   1736.86
       em4        
 KB/s in  KB/s out
 1858.05   1827.85
 1885.46   1865.86
 1912.10   1882.31
 1950.08   1922.80
 1939.09   1860.81
 2018.09   1936.51
 1934.09   1865.45
 1949.91   1951.27
 1975.18   1956.33
 1795.47   1742.67
 1863.52   1830.82
 1750.74   1708.61
 1899.38   1832.82
 2018.96   1961.00
 1874.47   1813.39
 1925.22   1904.12
 1925.38   1877.46
 1865.35   1803.62
 1910.79   1870.12
 2160.73   2059.59
 1758.62   1777.96
 1908.94   1821.46
       em4        
 KB/s in  KB/s out
 1868.28   1856.20
 1903.30   1867.01
 1923.72   1827.11
 1947.66   1900.98
 1733.41   1744.52
 1917.00   1795.01
 1934.81   1856.57
 1905.29   1929.15
 1877.37   1806.51
 1998.79   1911.13
 1785.01   1807.56
 1854.35   1839.41
 1888.07   1816.95
 1867.49   1820.61
 1736.12   1668.80
 1753.50   1726.71
 1988.93   1929.65
 1846.53   1839.38
 1906.83   1845.89
 1879.40   1827.68
 1819.80   1794.80
 1947.29   1855.16
       em4        
 KB/s in  KB/s out
 1910.50   1897.19
 1805.13   1791.04
 2002.33   1925.51
 1928.00   1869.23
 1889.83   1838.33
 1941.80   1881.10
 1220.43   1169.76
    6.03     52.37
    1.14      0.18
    0.57      0.00
    0.18      0.00
    0.25      0.14
    0.12      0.00
    0.25      0.06
  160.65   1205.30
  167.87   1325.95
  166.38   1260.40
  158.32   1253.37
  160.30   1187.96
  167.53   1276.98
  158.21   1192.79
  157.01   1252.58
       em4        
 KB/s in  KB/s out
  161.89   1256.51
  162.53   1187.30
  159.24   1277.02
  171.90   1260.18
  162.72   1257.77
  153.68   1184.18
  161.99   1256.27
  160.57   1254.95
  161.63   1279.18
  164.68   1257.32
  133.46   1034.75
  171.06   1263.66
  164.48   1255.66
   75.98    592.13
  140.40   1131.96
  172.26   1263.18
  166.34   1327.10
  170.35   1328.67
  161.00   1187.44
  169.29   1328.56
  168.16   1351.85
  162.89   1190.95
       em4        
 KB/s in  KB/s out
  166.05   1327.14
  166.43   1260.11
  164.01   1326.31
  168.28   1260.01
  165.89   1324.47
  175.20   1291.37
  164.89   1325.13
  159.50   1187.98
  162.49   1256.26
  168.03   1325.83
  168.81   1282.70
  171.51   1268.60
  166.42   1327.57
  164.57   1257.16
  167.82   1260.48
  171.93   1330.23
  162.24   1276.31
  174.03   1340.43
  155.50   1184.37
  168.53   1327.60
  166.42   1260.09
  164.33   1324.10
       em4        
 KB/s in  KB/s out
  167.50   1261.04
  174.44   1361.00
  164.75   1258.96
  166.53   1259.74
  157.92   1252.51
  167.19   1261.12
  160.52   1254.22
  166.15   1293.50
  170.21   1263.16
  169.81   1330.00
  167.78   1326.44
  171.39   1329.15
  238.45   1322.34
  259.30   1442.88
  260.24   1344.34
  256.70   1411.51
  260.44   1412.52
  265.17   1418.74
  275.65   1492.72
  238.61   1424.29
  162.22   1256.27
  160.93   1255.51
       em4        
 KB/s in  KB/s out
  167.66   1261.55
  168.64   1328.21
  167.40   1260.45
  168.36   1364.82
  170.74   1262.17
  164.09   1257.62
  164.68   1258.15
  168.44   1331.78
  173.02   1331.01
  163.36   1257.93
  169.01   1367.35
  172.78   1330.06
  164.54   1261.46
  171.90   1263.08
  154.85   1182.87
  163.98   1323.92
  165.05   1271.37
  174.22   1359.42
  172.12   1262.92
  165.51   1326.57
  170.16   1261.51
  160.28   1255.11
       em4        
 KB/s in  KB/s out
  170.76   1329.81
  177.48   1375.46
  167.04   1259.29
  164.05   1326.17
  163.01   1256.85
  167.12   1259.67
  173.93   1333.54
  172.83   1373.62
  169.65   1262.82
  162.83   1256.94
  165.43   1326.62
  169.57   1261.20
  164.02   1323.34
  173.68   1309.30
  160.96   1255.58
  166.41   1260.15
  169.49   1329.68
  161.86   1256.48
  165.78   1326.57
  172.50   1330.13
  178.20   1313.33
  163.21   1257.85
       em4        
 KB/s in  KB/s out
  150.43   1181.49
  157.10   1253.58
    1.60      1.02
    0.30      0.06
  107.62    724.70
  641.51   5067.94
  656.21   5079.16
  645.54   5067.66
  622.04   4855.92
  651.72   5213.90
  640.62   4949.97
  653.37   5011.83
  633.17   4927.56
  606.32   4775.34
  640.60   4928.28
  640.97   5070.08
  665.75   5172.82
  642.28   5065.46
  641.95   5000.52
  639.07   4929.94
  631.52   4926.31
  661.70   5171.16
       em4        
 KB/s in  KB/s out
  654.97   5207.77
  685.00   5367.16
  640.67   4864.67
  642.53   5065.75
  659.87   5147.88
  641.78   5087.77
  671.54   5163.33
  638.83   4932.91
  643.01   5139.10
  640.67   4934.02
  617.28   4851.61
  649.07   5073.90
  655.79   5103.99
  650.15   5002.45
  636.40   5061.99
  638.25   5063.33
  646.15   5005.59
  642.25   4943.40
  659.35   5172.46
  621.16   4854.03
  646.50   5003.04
  610.83   4860.39
       em4        
 KB/s in  KB/s out
  646.52   5058.21
  639.81   4998.31
  622.79   4745.56
  643.30   4935.29
  601.85   4905.50
  627.94   4792.97
  621.56   4788.63
  644.44   5134.56
  649.92   5029.45
  646.70   5070.81
  627.60   4725.23
  648.57   5189.11
  623.89   4812.23
  640.75   5063.50
  639.92   5032.21
  627.17   4922.72
  639.99   5003.45
  647.24   4940.43
  626.63   4993.60
  667.81   5153.29
  629.82   4825.24
  630.21   4995.34
       em4        
 KB/s in  KB/s out
  626.38   4922.85
  647.50   5071.04
  633.93   4997.58
  650.43   5071.84
  674.00   5254.50
  635.57   5001.99
  662.50   5080.44
  648.00   5071.68
  627.40   4921.12
  649.12   5145.01
  614.80   4737.56
  643.63   5016.93
  643.48   5132.16
  667.98   5152.59
  637.66   5063.66
  635.38   4794.49
  624.37   5052.80
  639.11   4904.78
  629.91   4922.71
  631.46   4860.03
  567.00   4482.34
  625.07   4921.35
       em4        
 KB/s in  KB/s out
  646.31   5000.52
  655.05   5142.30
  637.07   4905.74
  655.90   5207.44
  660.11   5150.07
  638.65   4863.94
  520.74   4117.65
  632.67   4988.47
  626.41   4761.90
  634.08   5060.20
  607.55   4779.74
  619.01   4788.54
  649.34   5007.43
  623.30   4923.00
  656.32   5044.00
  641.91   5210.13
  624.25   4723.03
  629.67   4991.95
  617.82   4720.08
  643.66   5198.54
  647.40   4869.08
  638.78   4975.80
       em4        
 KB/s in  KB/s out
  608.69   4707.27
  643.01   4999.94
  666.21   5284.40
  634.72   4929.04
  627.47   4924.86
  644.92   5045.45
  644.18   5014.90
  642.43   5001.97
  645.43   5008.10
  645.08   5001.92
  614.54   4847.17
  630.21   4991.76
  652.19   5059.38
  593.17   4699.81
  444.64   3460.49
    0.18      0.00
    0.57      0.00
  527.37   3778.53
 1431.62  10975.78
 1453.20  11439.36
 1463.48  11102.55
 1444.99  11498.32
       em4        
 KB/s in  KB/s out
 1429.94  11017.62
 1406.45  10750.40
 1430.36  10580.54
 1449.93  11307.51
 1421.21  10551.51
 1497.18  11208.10
 1473.94  10929.55
 1425.98  10910.43
 1464.53  11062.37
 1411.13  10541.97
 1416.42  10751.85
 1420.18  10621.64
 1392.62  10269.13
 1459.86  11200.76
 1384.60  10348.34
 1388.67  10452.62
 1437.73  11357.58
 1423.91  11016.92
 1384.54  10782.54
 1411.67  11021.19
 1471.58  11387.88
 1407.61  10885.74
       em4        
 KB/s in  KB/s out
 1450.87  11100.86
 1404.02  11136.69
 1344.50  10430.36
 1439.17  11360.19
 1419.71  10637.16
 1443.65  11427.24
 1407.44  11005.85
 1422.83  10873.71
 1405.05  11087.31
 1477.45  11521.39
 1401.82  10930.03
 1417.28  10705.20
 1423.46  10942.69
 1407.68  11270.72
 1370.96  10372.21
 1419.67  11013.05
 1427.17  11084.49
 1432.03  11246.37
 1400.05  10745.04
 1398.50  10801.62
 1398.74  11060.42
 1420.33  10948.47
       em4        
 KB/s in  KB/s out
 1431.54  10884.98
 1340.54  10688.37
 1400.29  10823.11
 1400.92  10733.98
 1404.84  10931.68
 1427.33  10887.52
 1391.61  10988.75
 1430.27  11015.74
 1402.21  11007.76
 1404.65  10630.21
 1385.87  11051.13
 1348.72  10565.66
 1393.70  10387.15
 1373.93  10779.13
 1406.55  11131.94
 1360.63  10446.74
 1407.93  10980.05
 1406.37  10674.65
 1349.13  10764.42
 1428.77  11085.59
 1392.56  10589.62
 1418.77  11015.79
       em4        
 KB/s in  KB/s out
 1449.87  11300.84
 1356.34  10782.98
 1463.83  11252.16
 1443.99  11039.99
 1314.80  10339.25
 1393.80  10653.81
 1333.78  10419.81
 1420.01  11140.77
 1396.40  10809.74
 1397.68  10535.28
 1401.79  11103.28
 1381.85  10723.36
 1422.18  10939.35
 1385.92  10733.34
 1374.59  10716.03
 1359.13  10704.15
 1410.67  10903.71
 1438.16  11168.63
 1420.38  11076.61
 1386.60  10784.43
 1406.88  10866.63
 1408.90  10738.28
       em4        
 KB/s in  KB/s out
 1389.80  10858.69
 1414.39  11228.90
 1447.40  10842.19
 1396.20  11128.18
 1388.57  10730.27
 1385.09  10655.60
 1426.65  11285.73
 1384.57  10518.92
 1416.27  11197.52
 1383.37  10922.70
 1420.74  10680.42
 1415.42  11275.79
 1347.37  10560.98
 1378.66  10582.17
 1386.24  10783.13
 1393.16  10637.60
 1397.92  10724.78
 1374.13  10921.48
 1387.73  10656.89
 1369.57  10782.01
 1376.98  10644.15
 1395.76  10867.64
       em4        
 KB/s in  KB/s out
 1377.10  10897.77
 1400.04  10599.89
 1412.60  10939.33
 1413.08  11073.60
 1353.35  10701.99
  806.98   6373.27
    0.31      0.14
    6.75     52.56
  814.38   5659.52
 1641.71  13063.40
 1626.12  11905.72
 1624.08  12884.27
 1588.14  12265.27
 1637.86  12521.58
 1606.57  12681.10
 1734.69  13136.61
 1644.96  12785.19
 1680.45  12792.96
 1574.10  12052.94
 1652.05  12852.66
 1572.50  11928.85
 1610.10  12476.64
       em4        
 KB/s in  KB/s out
 1554.08  11901.81
 1640.26  13236.54
 1624.54  12355.44
 1645.33  12591.96
 1627.77  12684.98
 1608.71  12610.47
 1594.91  12136.24
 1702.69  13012.02
 1678.98  12709.51
 1697.36  13494.52
 1651.63  12703.10
 1674.77  12532.54
 1577.82  12530.47
 1616.21  12214.76
 1602.81  12541.69
 1596.06  12661.72
 1588.74  12422.83
 1696.33  13006.12
 1617.77  12228.62
 1595.42  11929.52
 1630.39  12555.26
 1505.36  12269.45
       em4        
 KB/s in  KB/s out
 1693.47  12905.60
 1642.52  12633.80
 1559.62  12169.55
 1595.73  12210.14
 1651.64  12505.62
 1599.98  12809.90
 1601.64  12095.04
 1626.40  12689.64
 1628.60  12154.84
 1512.57  11867.86
 1668.57  13389.36
 1561.89  11778.52
 1641.95  12428.72
 1625.17  12924.57
 1633.52  12422.10
 1606.90  12073.78
 1526.30  12483.93
 1616.04  11816.63
 1576.30  12650.17
 1604.86  12310.52
 1583.03  12252.29
 1612.08  12348.98
       em4        
 KB/s in  KB/s out
 1538.54  12290.15
 1616.70  11920.85
 1571.37  12654.61
 1686.34  12863.86
 1569.65  12081.97
 1603.92  12334.81
 1611.80  12548.18
 1602.50  12532.93
 1618.51  12013.13
 1605.62  12267.62
 1584.22  12702.06
 1567.09  11573.02
 1586.67  12395.57
 1527.84  12222.65
 1651.70  12829.91
 1564.93  11776.01
 1544.74  12038.95
 1580.21  11951.45
 1492.57  11930.87
 1724.07  13025.08
 1554.65  11307.15
 1528.30  11960.08
       em4        
 KB/s in  KB/s out
 1639.83  12300.65
 1488.13  11421.40
 1604.09  12288.49
 1679.38  12742.16
 1600.60  11880.17
 1452.27  11303.51
 1653.44  12644.30
 1531.65  11502.14
 1629.32  12200.96
 1540.74  11634.09
 1647.00  12775.50
 1563.32  11776.79
 1604.02  12283.19
 1677.50  12316.85
 1590.85  12173.37
 1563.83  11656.72
 1476.73  11528.95
 1630.24  12889.97
 1584.29  11592.43
 1541.72  12505.37
 1613.98  11978.91
 1657.96  13227.63
       em4        
 KB/s in  KB/s out
 1604.69  12165.19
 1577.35  12132.28
 1570.75  12275.69
 1574.81  12030.49
 1526.70  12273.59
 1581.61  11769.46
 1565.51  12711.95
 1584.00  11911.03
 1583.71  12263.90
 1555.70  11562.65
 1622.91  12677.33
 1525.41  11785.46
 1587.42  12276.69
 1628.83  12620.41
 1561.38  11906.45
 1581.59  12328.21
 1573.48  12186.15
 1608.91  12405.59
  755.00   6370.02
    0.18      0.00
    0.23      0.00
  959.03   6848.68
       em4        
 KB/s in  KB/s out
 1621.64  12144.53
 1839.40  13832.03
 1622.61  13029.12
 1705.30  12876.95
 1637.37  12557.27
 1673.46  12983.98
 1717.99  13027.71
 1625.32  12482.26
 1748.85  14131.89
 1812.50  13273.21
 1855.61  14308.79
 1526.92  12164.72
 1739.66  13372.08
 1784.49  13439.15
 1756.56  13215.86
 1826.50  14424.14
 1717.56  12887.41
 1613.37  13012.29
 1693.82  12388.45
 1733.08  13435.31
 1759.93  13986.02
 1708.39  13233.25
       em4        
 KB/s in  KB/s out
 1699.78  13046.97
 1773.28  13140.84
 1852.07  14361.44
 1705.59  13084.75
 1668.83  12813.71
 1664.75  13333.23
 1677.05  12504.85
 1650.32  13250.20
 1779.17  12721.99
 1638.72  13297.75
 1616.26  12431.12
 1588.58  12324.31
 1596.23  12198.99
 1736.92  13132.78
 1636.88  13061.98
 1684.00  12729.99
 1752.46  13362.23
 1574.83  12484.02
 1737.22  12763.51
 1785.74  13060.21
 1681.03  14249.43
 1462.37  10910.77
       em4        
 KB/s in  KB/s out
 1649.33  12887.85
 1778.34  13477.25
 1665.52  12962.39
 1548.00  11815.53
 1681.73  12713.43
 1698.05  13611.04
 1494.04  11394.31
 1678.49  12850.72
 1713.08  13308.56
 1669.92  12320.38
 1548.81  12579.65
 1738.51  13032.98
 1690.54  12923.84
 1468.79  11714.44
 1665.54  12842.70
 1743.32  13327.47
 1611.45  12212.67
 1587.91  12395.96
 1840.20  13481.60
 1689.84  13733.55
 1590.30  12389.20
 1693.86  12081.94
       em4        
 KB/s in  KB/s out
 1749.69  13656.29
 1555.22  11881.21
 1564.31  12391.63
 1665.02  12704.62
 1661.14  13110.78
 1710.86  12672.71
 1609.21  12410.58
 1660.60  13082.22
 1713.81  13456.11
 1631.53  12108.25
 1616.32  12335.30
 1654.91  13378.07
 1751.25  13046.31
 1600.40  11427.95
 1780.94  14121.37
 1553.76  12103.98
 1535.18  12030.67
 1748.03  13630.01
 1699.80  12142.81
 1560.77  12905.15
 1636.75  13003.22
 1605.17  11340.96
       em4        
 KB/s in  KB/s out
 1662.75  13114.50
 1708.47  12996.11
 1638.83  13086.41
 1693.93  12068.34
 1660.71  12981.22
 1629.88  13334.24
 1711.07  13021.03
 1730.16  13280.07
 1554.07  11911.03
 1680.12  12986.57
 1672.58  13110.00
 1841.41  13604.65
 1708.73  12943.15
 1568.65  12385.14
 1656.08  12631.20
 1574.34  11976.74
 1787.15  13462.35
 1584.99  13319.67
 1793.93  13236.75
 1818.06  13949.17
 1679.03  12913.86
 1757.49  13578.56
       em4        
 KB/s in  KB/s out
 1744.08  13364.13
 1672.56  13181.62
 1707.78  12683.69
 1659.67  12463.91
 1639.77  12304.01
 1604.28  13142.97
 1618.63  12207.82
 1655.42  12967.50
 1738.88  13153.30
  920.97   7690.63
    6.68     52.51
    0.23      0.00
    0.18      0.00
    0.18      0.00
    0.65      0.14
    0.31      0.05
    6.28     53.91
  885.54   5575.36
 1750.78  13880.53
 1722.48  13035.84
 1692.89  12880.75
 1645.00  12481.25
       em4        
 KB/s in  KB/s out
 1586.21  12592.00
 1676.55  12932.31
 1693.72  12601.18
 1675.05  13497.28
 1951.75  14263.34
 1812.54  14400.35
 1722.20  12181.57
 1785.00  14579.62
 1821.62  13352.81
 1800.16  13942.13
 1769.49  13789.63
 1713.34  12722.36
 1414.56  11687.39
 1589.84  11687.16
 1649.58  13028.87
 1938.95  14543.63
 1617.92  12506.60
 1708.64  13389.83
 1562.49  11581.97
 1745.01  13909.02
 1548.74  12034.03
 1718.58  12964.85
       em4        
 KB/s in  KB/s out
 1708.90  11875.54
 1617.50  13207.44
 1878.22  13652.96
 1826.53  14448.25
 1771.96  13397.93
 1627.42  12287.48
 1773.17  13197.54
 1700.02  12608.41
 1814.13  13952.19
 1768.56  13334.48
 1722.06  13023.77
 1727.52  12689.47
 1810.43  13947.44
 1735.41  12831.29
 1748.96  13503.58
 1417.70  10745.16
 1586.70  12158.40
 1566.17  11924.80
 1733.33  13286.90
 1616.01  11817.62
 1831.53  13627.11
 1569.47  12343.73
       em4        
 KB/s in  KB/s out
 1658.24  12408.04
 1707.44  13132.94
 1640.80  12491.73
 1450.39  11634.24
 1731.12  13080.78
 1662.07  12317.73
 1651.23  13464.71
 1617.39  12483.57
 1565.46  12311.72
 1578.04  11655.57
 1591.55  12126.64
 1580.65  12727.99
 1585.93  12119.15
 1609.73  12221.64
 1570.91  12194.66
 1639.80  12930.50
 1671.35  12412.29
 1743.46  12813.90
 1574.06  12457.70
 1523.24  10996.92
 1703.24  14571.17
 1598.20  11875.19
       em4        
 KB/s in  KB/s out
 1878.29  12833.17
 1695.70  15137.67
 1663.25  12534.53
 1852.79  13472.60
 1741.42  13406.14
 1617.66  12997.82
 1670.85  12779.33
 1692.75  12879.05
 1798.77  13245.28
 1619.54  13482.89
 1762.72  13155.32
 1632.11  12682.90
 1492.04  11068.46
 1715.34  12947.81
 1714.70  13408.97
 1546.74  11874.63
 1844.72  13909.23
 1830.00  14280.41
 1813.12  14267.98
 1721.33  12966.12
 1714.43  13263.52
 1567.88  12634.71
       em4        
 KB/s in  KB/s out
 1702.31  12625.97
 1627.72  12396.61
 1879.54  14263.26
 1566.81  12313.43
 1629.48  12357.76
 1684.97  13244.05
 1641.74  12628.19
 1589.36  12004.96
 1806.20  14040.44
 1672.53  12618.09
 1558.18  12336.62
 1712.20  13129.83
 1566.02  12290.35
 1509.60  10957.04
 1620.67  12422.21
 1668.47  13023.08
 1560.02  12446.83
 1738.65  13619.36
 1633.07  11612.75
 1692.88  13526.19
 1525.07  11504.87
 1741.16  13470.30
       em4        
 KB/s in  KB/s out
 1735.49  13498.47
 1603.60  12203.11
 1779.07  12916.49
 1584.48  12923.88
 1767.55  12565.24
 1469.71  13182.74
   30.61    466.47
    0.18      0.00
    0.51      0.00
    0.18      0.00
    0.12      0.00
    0.25      0.06
    3.85     53.33
  100.35   7378.30
  126.49   9590.03
  141.84  11478.24
  131.23   9996.83
   58.58   4213.97
   31.44   2107.58
    4.37     21.45
   65.78   4756.68
  133.81  10530.81
       em4        
 KB/s in  KB/s out
  147.28  11053.10
  131.01  10534.27
  136.59  10557.97
  143.94  10537.18
  129.62  10535.61
  142.21  11588.48
  147.40  11587.22
  129.81  10024.71
  145.05  11072.65
  133.23  10536.50
  143.21  11589.12
  140.68  11076.66
  123.61  10532.64
   93.41   7375.47
  142.36  11077.52
  134.11  10536.13
  126.41  10534.18
  125.81  10023.81
  122.21  10532.53
  128.50  10537.73
  139.70  10570.44
  136.35  11585.19
       em4        
 KB/s in  KB/s out
  134.76  10538.85
  129.00  10534.53
  140.44  11586.30
  124.27   9486.45
  136.74  11613.80
  136.78  11052.18
  130.46  11074.07
  124.39  10534.12
  139.01  11589.18
  140.59  11591.50
  140.92  11081.30
  138.66  11588.87
  144.78  12126.64
  117.12   9995.68
  129.65  11073.88
  138.60  11595.89
  135.74  10571.97
  143.78  11590.65
  126.29  11046.23
  139.56  11588.52
  121.98  10024.49
  137.31  11586.75
       em4        
 KB/s in  KB/s out
  127.28  10568.76
  124.09   9998.54
  126.28  10535.11
  131.59  11074.14
  130.31  10539.92
  137.38  11587.99
  131.84  11048.42
  140.59  11623.80
  125.30  10536.21
  120.70  10023.19
  132.20  11050.56
   64.67   5805.14
  121.00   9487.14
  133.04  11102.81
  142.18  11588.30
  127.71  10537.63
  140.92  11587.24
  137.12  11589.53
  132.84  11079.49
  130.93  11627.06
  135.15  11049.98
  136.23  11588.93
       em4        
 KB/s in  KB/s out
  125.70  10535.50
  136.27  11079.27
  128.16  11585.08
  133.33  11052.27
  128.01  10577.38
  111.02   9482.15
  127.67  10535.00
  117.49   9484.99
  131.60  11587.14
   88.43   7376.60
  138.38  11120.80
  134.46  11588.32
  138.77  11590.87
  137.63  12100.05
  126.92  11074.87
  136.84  11051.75
  144.95  12169.75
  131.15  10541.35
  134.43  11584.23
  131.45  10541.05
  138.78  12101.91
  136.58  11589.51
       em4        
 KB/s in  KB/s out
  129.22  10582.21
  134.08  11077.10
  127.92  11048.40
  144.64  12130.50
  132.97  11588.54
  220.67  11135.05
  240.44  12266.69
  223.19  11129.15
  215.81  10109.37
  231.26  11672.27
  224.60  12183.68
  236.85  12727.44
  176.71  11638.48
  102.98   7956.06
  135.37  11590.97
  136.66  12098.81
  127.28  11071.55
  137.39  11052.29
  128.55  11587.68
  140.64  11130.09
  140.55  12101.32
  144.09  12125.88
       em4        
 KB/s in  KB/s out
  131.16  11051.55
   20.47   1594.61
    0.64      0.06
    6.42     52.59
  436.22  35809.46
  555.03  46879.00
  556.54  45794.37
  547.81  45308.93
  503.12  43186.21
  542.99  47380.46
  540.99  45820.56
  549.42  44731.71
  541.19  45825.47
  534.76  45819.05
  537.77  45260.15
  531.73  44708.34
  517.29  41732.70
  523.93  44199.38
  506.41  43685.11
  522.02  44257.87
  550.07  42637.48
  512.30  44238.64
       em4        
 KB/s in  KB/s out
  447.28  38426.28
  424.63  34250.21
  382.02  33669.22
  285.09  22661.14
  586.21  48467.16
  528.14  43186.11
  315.34  27917.18
  500.55  41049.39
  586.08  46342.57
  553.65  46252.73
  541.31  45393.43
  515.02  44775.92
  518.39  44791.32
  500.61  40022.89
  428.74  36297.53
  523.74  43206.43
  517.18  43693.38
  534.21  44059.07
  522.22  44961.12
  554.13  46342.34
  543.91  46314.82
  529.68  45310.73
       em4        
 KB/s in  KB/s out
  520.80  44236.70
  498.52  43185.50
  525.43  44228.32
  526.85  44821.13
  520.10  43696.95
  524.12  44744.08
  481.25  40558.06
  528.65  44775.47
  443.86  37376.65
  434.57  37942.18
  267.80  22094.81
  397.15  33723.62
  551.46  45262.52
  492.04  42657.84
  507.61  41674.74
  529.95  45261.56
  434.26  36916.21
  527.88  43700.81
  536.14  46330.67
  495.59  42121.76
  568.82  44815.77
  472.16  41083.34
       em4        
 KB/s in  KB/s out
  537.07  43153.07
  529.11  44720.10
  547.08  44774.95
  497.30  41614.90
  534.43  45340.02
  517.42  44755.85
  535.28  43726.55
  539.76  45333.40
  526.29  44723.92
  563.31  44775.27
  513.95  44265.97
  511.35  42643.44
  545.18  47899.84
  527.88  43730.85
  552.42  44776.14
  512.10  41613.81
  466.49  40035.77
  479.14  39510.90
  494.54  43175.61
  489.66  42122.91
  521.89  42134.57
  514.26  44742.47
       em4        
 KB/s in  KB/s out
  423.88  35336.76
  445.53  37921.04
  394.51  33672.69
  472.97  41070.31
  491.07  41613.99
  486.06  40561.90
  537.02  44209.83
  516.50  43756.69
  484.12  41589.75
  510.62  43717.56
  527.24  43674.86
  549.33  46905.54
  559.91  45801.20
  522.74  44786.46
  563.07  45294.30
  546.48  45798.46
  581.92  46871.59
  574.68  46337.87
  548.96  44768.76
  546.38  46388.75
  479.97  39998.39
  516.25  44260.40
       em4        
 KB/s in  KB/s out
  565.53  46878.48
  489.79  43145.44
  421.40  35815.14
  485.66  42148.58
  433.05  34786.91
  388.52  32649.20
  459.80  39479.46
  489.15  40564.75
  545.73  46900.23
  516.73  43689.56
  582.54  46908.69
  517.33  43666.63
  546.41  46873.21
  453.55  40045.20
    2.31      2.35
    0.32      0.12
  186.71  14180.45
 1173.25  99456.01
 1295.82  109774.1
 1289.43  112367.8
 1338.75  113809.5
 1344.74  113143.1
       em4        
 KB/s in  KB/s out
 1273.73  110419.2
 1330.67  114364.9
 1296.09  107994.5
 1320.58  110554.1
 1343.55  110591.2
 1335.79  112137.9
 1246.73  106879.2
 1324.52  108884.9
 1342.48  111248.8
 1331.35  114130.0
 1210.12  104266.5
  386.41  30016.83
  381.30  31080.49
  218.19  17350.31
  993.53  81715.49
 1318.33  108403.4
 1294.93  112189.6
 1307.63  108453.5
 1341.91  107911.3
 1231.47  109553.9
 1219.98  103725.3
 1261.02  105751.4
       em4        
 KB/s in  KB/s out
 1314.01  109664.3
 1322.13  113148.5
 1324.93  109522.2
 1244.75  105741.4
 1257.04  107021.1
 1322.18  111618.0
 1336.14  113720.2
 1296.52  111039.1
 1337.65  115728.4
 1327.28  111092.2
 1359.96  113718.2
 1311.53  112582.2
 1274.74  104924.7
 1303.51  112653.3
 1372.00  113147.4
 1287.02  109068.8
 1366.00  112636.2
 1316.40  109557.1
 1321.36  107746.6
  698.79  56854.75
  974.61  77447.68
  855.69  63300.56
       em4        
 KB/s in  KB/s out
  612.71  45907.31
  947.64  71116.34
 1181.86  93280.77
 1311.05  108998.2
 1281.46  103354.3
 1284.10  104808.7
 1270.86  104774.2
 1241.51  105811.6
  617.05  51062.68
 1207.72  101121.2
 1296.55  111089.7
 1335.44  113751.9
 1250.41  102669.6
  548.24  45217.87
  801.07  66428.34
 1338.91  112689.4
 1342.35  113263.4
 1291.42  110010.2
 1304.90  111569.8
 1250.10  104846.0
 1217.90  104806.6
 1326.93  113662.1
       em4        
 KB/s in  KB/s out
 1377.39  113807.0
 1271.61  108416.2
 1278.33  108480.2
  822.11  70485.53
 1197.87  100063.5
 1075.38  89467.18
 1122.50  93772.01
  658.46  54765.62
  655.22  55296.88
  952.57  80516.05
  964.38  82145.00
 1214.57  101630.1
 1114.08  94166.39
 1322.87  112800.1
 1282.84  104257.8
 1259.84  105739.3
  694.24  55855.68
 1119.60  93818.49
 1337.21  113185.7
 1295.05  110018.6
 1324.09  111075.6
 1230.19  103767.1
       em4        
 KB/s in  KB/s out
 1260.48  103729.2
 1289.16  110004.2
 1304.33  111616.6
 1379.13  115876.9
 1299.29  109995.8
 1365.92  112075.7
 1272.38  109618.6
 1299.66  107321.8
 1275.70  109036.2
 1331.25  109488.1
 1330.68  111664.8
 1311.43  110080.7
 1345.80  113085.4
  865.12  75294.63
  614.05  49485.85
  706.94  59638.57
 1305.31  108381.2
  873.56  74806.77
 1021.92  82600.94
 1253.10  102206.6
 1255.50  107936.9
 1347.14  113210.9
       em4        
 KB/s in  KB/s out
 1278.96  106339.5
 1275.51  110065.1
  862.46  70541.25
 1303.62  109271.9
  996.75  84566.95
    6.71    539.31
    7.98     54.19
    0.25      0.14
    0.45      0.00
    0.12      0.00
    0.45      0.00
    0.45      0.00
  473.60  36779.71
 1539.01  130527.5
 1501.08  130513.2
 1533.71  132519.3
 1464.73  129752.2
 1497.68  126374.5
 1601.62  139318.2
 1569.68  132722.0
 1481.59  128544.7
 1515.10  128379.7
       em4        
 KB/s in  KB/s out
 1391.75  120030.2
 1221.16  102747.7
  418.12  33121.74
 1237.44  98028.19
 1246.39  97411.55
 1377.95  116945.1
 1427.84  121540.8
 1362.86  114239.8
 1319.18  110533.2
 1460.44  119080.8
 1037.44  86297.63
 1468.02  125791.2
 1464.36  124275.1
 1538.69  133825.3
 1564.35  132307.6
 1487.17  130356.2
 1496.17  130140.4
 1162.05  99414.68
 1476.77  124701.0
 1527.60  126444.8
 1547.72  133338.5
 1466.90  129537.2
       em4        
 KB/s in  KB/s out
 1471.14  130532.6
 1533.33  130954.6
 1525.63  127484.5
 1237.25  108126.2
  673.91  54495.33
 1025.30  85314.59
 1382.70  115390.4
 1459.31  121007.3
 1257.38  105718.0
 1111.17  88625.82
  811.52  65805.10
  599.56  44756.38
  920.27  75844.79
 1241.19  103774.7
 1150.43  94726.81
 1382.89  116328.8
 1233.23  99961.74
 1405.73  110982.5
 1321.21  111488.6
 1296.11  111371.5
 1515.86  125996.0
 1500.89  128922.7
       em4        
 KB/s in  KB/s out
 1577.55  135127.8
 1549.07  131851.9
 1457.26  126439.6
 1458.77  121592.1
 1181.00  100834.7
  975.15  81633.10
 1319.33  111185.1
 1519.62  131337.1
 1552.14  130709.1
 1531.11  130010.5
 1510.65  130754.7
 1539.05  132531.8
 1543.14  133210.5
 1531.25  132263.7
 1502.70  125807.8
 1341.76  114250.9
 1265.51  105774.5
  992.67  79143.38
 1067.18  88428.47
  882.53  69405.56
  970.41  80119.74
 1225.05  103203.6
       em4        
 KB/s in  KB/s out
 1063.03  86312.17
 1298.94  106909.2
 1080.23  88400.91
 1329.84  110231.7
  953.86  80012.67
 1371.00  114718.9
 1448.25  124290.1
 1353.86  113294.5
 1492.93  133297.8
 1432.88  124833.4
 1453.21  123459.4
 1480.45  126111.1
 1323.97  113979.5
 1290.76  108569.9
 1502.79  127540.1
 1529.11  128858.3
 1540.15  133835.0
 1496.94  126845.7
 1516.56  130098.3
 1530.49  128949.9
 1495.57  127417.7
 1506.73  126839.0
       em4        
 KB/s in  KB/s out
 1500.92  127390.7
  958.47  84626.58
  337.58  27481.72
  433.78  32685.85
  767.54  60008.44
  821.19  69561.87
  679.42  52486.84
 1142.87  94373.21
  916.18  74292.98
 1349.02  112250.4
 1488.76  124206.4
 1266.14  102135.1
 1143.77  92159.60
 1248.34  99047.47
 1460.36  121167.9
 1394.73  117548.2
 1455.94  120431.5
 1567.03  131981.0
 1499.25  126075.4
 1517.60  127952.2
 1523.95  128568.3
 1579.10  132216.6
       em4        
 KB/s in  KB/s out
 1046.80  85970.88
   92.00     83.91
   95.47     87.46
  794.93  51858.47
 1579.07  136763.1
 1694.84  151709.5
 1529.69  126701.4
 1663.01  141639.8
 1754.46  152345.9
 1508.49  133036.2
 1424.34  115988.0
 1126.10  90651.19
 1567.51  130745.8
 1482.25  119631.8
 1512.56  126987.2
 1416.83  117431.6
 1582.71  135038.5
 1590.37  135807.9
 1506.50  129448.4
 1646.54  137564.8
 1537.89  131487.4
 1469.07  123404.1
       em4        
 KB/s in  KB/s out
 1696.46  145068.4
 1588.62  136201.7
 1707.58  144720.1
 1594.28  138807.7
 1730.37  150428.2
 1608.90  136452.4
 1601.87  141166.4
 1665.73  138730.9
 1688.31  147043.4
 1650.44  139164.1
 1688.99  147842.3
 1670.90  142228.3
 1657.68  137360.2
 1619.42  145623.5
 1563.26  139279.2
 1568.52  130594.3
 1765.68  151419.4
 1496.39  129582.0
 1092.30  91471.64
  836.41  68112.49
  708.48  54135.56
 1184.49  95975.37
       em4        
 KB/s in  KB/s out
  909.09  74183.21
 1032.70  81035.77
 1427.63  123348.2
 1542.85  128686.5
 1618.49  137481.2
 1524.42  127382.5
 1559.80  131288.5
 1399.25  120806.0
 1656.97  141036.0
 1716.70  142827.1
 1701.32  149387.3
 1675.51  142142.4
 1571.45  136551.3
 1661.92  141237.9
 1694.40  144848.2
 1603.43  135943.7
 1617.30  137893.3
 1642.65  141580.9
 1634.80  141636.9
 1737.08  149326.4
 1641.70  143338.9
 1643.09  136085.4
       em4        
 KB/s in  KB/s out
 1717.37  151950.5
 1381.71  114844.3
 1302.88  109719.1
  866.42  74808.76
  912.43  70163.64
  842.12  70034.85
 1184.82  90487.30
 1165.27  100561.8
 1316.76  105455.7
 1445.88  126572.2
 1654.84  137389.2
 1639.85  139079.0
 1590.08  134077.0
 1483.85  125650.5
 1494.20  120506.5
 1545.22  130906.5
 1351.17  108389.6
 1501.25  132636.2
 1572.75  136012.9
 1790.05  144796.3
 1507.33  127266.3
 1694.98  140788.3
       em4        
 KB/s in  KB/s out
 1703.93  146716.1
 1748.51  151275.5
 1487.71  126158.9
 1639.99  147869.5
 1635.49  138619.9
 1636.11  146926.6
 1706.67  137772.5
 1581.22  135523.8
 1536.83  133948.8
 1716.00  147770.9
 1512.83  127503.1
 1753.90  150355.9
 1511.11  126803.7
 1195.35  100542.9
  897.09  69112.44
  730.86  62548.94
 1327.66  107954.0
 1362.93  116969.3
 1351.45  111109.5
 1541.21  129586.2
 1578.72  133367.3
 1569.94  131536.7
       em4        
 KB/s in  KB/s out
 1529.90  128663.9
 1520.01  128503.0
 1598.82  134678.0
 1532.84  135531.6
 1666.26  136414.7
 1685.21  146364.9
 1613.85  137046.0
 1643.20  142232.5
 1614.41  136218.1
 1621.92  138724.7
 1579.92  138598.1
 1668.28  133576.6
 1697.94  143772.6
 1241.28  112359.1
    5.27      4.90
    0.38      0.20
    6.37     54.07
    0.12      0.00
    0.18      0.00
    0.18      0.00
    0.18      0.00
  734.86  49677.72
       em4        
 KB/s in  KB/s out
 1738.91  146414.4
 1561.41  140787.3
 1689.11  141635.6
 1771.50  147768.4
 1801.91  158674.9
 1577.12  129470.1
 1682.97  145481.4
 1722.08  145455.3
 1560.82  143161.3
 1827.50  151362.6
 1684.07  139532.6
 1700.03  150563.0
 1829.20  153803.6
 1689.70  147470.0
 1754.53  148351.2
 1832.29  159144.0
 1524.73  124299.2
 1717.03  142236.7
 1756.31  154445.1
 1449.94  123873.0
 1907.39  169122.9
 1681.63  143108.2
       em4        
 KB/s in  KB/s out
 1731.34  140488.1
 1668.56  143311.9
 1724.99  151055.3
 1819.18  153719.7
 1672.68  146774.2
 1662.38  141821.8
 1849.70  161762.6
 1462.89  119610.9
 1082.54  90178.37
 1385.90  105500.3
 1611.07  132725.5
 1675.51  141586.0
 1446.37  121237.9
 1777.35  149881.9
 1785.62  150244.1
 1785.58  159903.6
 1821.51  152541.5
 1745.95  151818.6
 1456.70  122392.7
 1568.34  130257.3
 1639.51  139021.7
 1742.15  160087.4
       em4        
 KB/s in  KB/s out
 1554.28  129491.5
 1732.60  150760.8
 1541.16  122908.0
 1701.86  139637.2
 1828.28  164742.8
 1398.98  112890.4
 1837.37  162442.9
 1604.66  140613.6
 1680.67  142688.9
 1898.65  161769.9
 1696.96  145044.0
 1790.88  150266.6
 1870.65  160325.4
 1814.52  156787.0
 1313.50  108881.9
  736.22  63581.68
  899.41  70405.83
 1215.16  94200.92
 1312.07  102153.8
 1447.67  125144.6
 1658.71  136823.7
 1407.12  113562.1
       em4        
 KB/s in  KB/s out
 1667.00  138943.3
 1761.81  147484.2
 1628.71  139129.9
 1801.07  151971.4
 1570.96  133305.3
 1614.39  134338.3
 1876.09  161799.5
 1863.75  156173.3
  693.77  64179.90
  742.72  60268.48
 1892.79  153820.5
 1737.35  151024.3
 1597.88  128036.0
 1736.22  146719.4
 1839.82  166647.0
 1756.53  144688.7
 1562.53  127717.4
 1576.60  134173.8
 1787.18  154070.8
 1794.34  157816.1
 1694.70  139900.3
 2030.84  178244.6
       em4        
 KB/s in  KB/s out
 1112.45  87478.78
 1162.78  99385.33
 1517.69  120826.5
 1565.12  134380.6
 1618.31  127801.9
 1784.23  148266.4
 1609.18  140008.6
 1652.26  135551.3
 1765.37  154629.0
 1859.60  156629.3
 1558.18  129938.8
 1774.34  152933.1
 1614.69  138548.6
 1572.35  136097.9
 1672.42  133378.8
 1800.21  159356.7
 1665.80  137831.6
 1611.26  143611.6
 1695.77  142195.9
 1766.55  155799.5
 1760.22  152261.1
 1823.72  154711.2
       em4        
 KB/s in  KB/s out
 1762.67  146872.8
 1553.79  140033.9
 1674.84  146961.8
 1563.92  130048.5
 1643.37  141958.3
 1523.95  134698.5
 1703.02  141460.5
 1682.77  147548.2
 1801.22  155371.8
 1495.00  133421.8
  188.40  15112.51
   79.93   7539.83
    1.80      1.31
    0.58      0.14
    0.49      0.13
    6.82     54.13
    0.25      0.00
  215.43  50193.28
  292.27  66929.07
    0.44      0.12
  285.65  66416.38
  304.42  72840.57
       em4        
 KB/s in  KB/s out
  347.33  78867.06
  376.19  83138.52
  386.63  83668.75
  385.34  83662.08
  355.07  83658.88
  331.37  83187.65
  382.89  83654.32
  307.57  79784.23
  350.04  87541.57
  262.73  66929.54
  233.40  50245.03
  385.04  83677.65
  128.57  30123.51
  287.69  70813.51
  209.49  57165.21
  283.90  59426.73
  198.83  34008.16
  421.00  86338.39
  375.44  82088.35
  292.45  72810.91
  349.34  76161.02
  402.12  84201.15
       em4        
 KB/s in  KB/s out
  341.13  85808.40
  361.62  81550.26
  346.88  83692.52
  275.01  66394.35
  370.02  84738.19
  387.33  93831.80
  378.44  84210.89
  294.40  72422.80
  410.57  92259.31
  355.95  75104.77
  373.76  85765.96
  349.46  81075.11
  340.64  83010.55
  385.05  75102.53
  321.16  79980.77
  447.89  92234.04
  372.11  80459.41
  341.29  83129.64
  354.82  84206.27
  419.03  91306.52
  370.82  84228.02
  338.91  77100.06
       em4        
 KB/s in  KB/s out
  211.57  51266.85
  242.76  55697.12
  211.32  49653.87
  394.65  83694.33
  217.20  42605.25
  267.03  63189.68
  368.85  89019.69
  205.95  51801.80
  371.28  82063.95
  414.26  89689.22
  310.02  70741.73
  350.09  80447.32
  162.93  44706.06
  358.43  88654.63
  316.08  70157.02
  399.07  73351.93
  447.10  89602.37
  289.82  68713.12
  291.86  83134.77
  336.99  67493.01
  378.40  86884.33
  391.02  90093.63
       em4        
 KB/s in  KB/s out
  372.71  82087.64
  352.38  85821.07
  360.07  75640.69
  333.89  80977.51
  382.44  83654.07
  353.19  83662.56
  262.35  53422.11
  378.57  80501.29
  398.54  84197.06
  206.94  44689.98
  416.77  88637.67
  272.61  50738.75
  369.03  83658.29
  428.72  83195.75
  320.49  77110.76
  191.96  40561.44
  239.22  57689.26
  394.77  92362.09
  245.41  50198.59
  357.31  77713.19
  358.13  73491.31
  198.32  47944.67
       em4        
 KB/s in  KB/s out
  393.31  85451.13
  389.71  83664.44
  218.91  50195.37
  466.83  84200.18
  224.98  50235.02
  348.53  83122.66
  376.30  79784.67
  361.78  86338.71
  264.89  57320.76
  371.87  89018.10
  342.07  85863.20
  374.82  86900.43
  362.32  82062.20
  455.50  85403.89
  402.34  91924.13
  345.93  71745.34
  319.14  69122.03
  403.06  85402.38
  389.46  83662.27
  270.66  66947.52
  217.00  50251.61
  292.18  66927.49
       em4        
 KB/s in  KB/s out
  387.29  83659.87
  387.71  83704.56
  364.54  75168.47
  441.05  90443.38
  402.14  85403.51
  148.02  34008.06
    0.36      0.06
    6.88     51.43
  834.15  188771.0
  815.67  186083.4
 1046.22  228721.1
  752.02  166132.4
  761.31  160258.8
  793.91  163058.9
  946.12  164130.7
  990.96  176432.2
 1066.00  221126.0
 1100.78  193377.5
 1010.36  191904.1
 1029.20  182484.5
 1020.49  179786.4
 1021.03  185650.5
       em4        
 KB/s in  KB/s out
  607.21  105337.2
  783.65  145359.4
  663.07  117927.5
  640.64  133873.6
  648.80  118096.0
  483.06  89019.57
 1036.71  193290.3
  948.88  159102.1
 1022.01  189730.9
  915.28  174312.5
  982.49  200950.6
  974.64  173796.5
  938.17  174324.4
  797.13  149897.8
  825.06  134033.5
  654.40  104484.9
  711.03  112807.3
  845.19  134871.9
  502.79  89667.97
  851.10  154003.8
  891.98  157510.1
 1132.02  200909.2
       em4        
 KB/s in  KB/s out
  948.49  177659.8
  985.36  175519.2
  683.16  117393.4
  982.71  188748.9
  988.24  182481.3
  904.93  170263.3
  831.36  154377.9
  809.94  154589.4
 1031.13  170398.5
  709.08  119533.2
  673.24  117038.4
  577.82  117249.0
  613.02  105640.8
  302.18  61720.42
  828.25  183369.9
  972.60  184603.7
  782.90  151148.8
  726.04  149593.8
  931.94  169500.0
 1183.75  193171.4
  886.16  166543.7
  979.08  190441.8
       em4        
 KB/s in  KB/s out
  932.21  157811.4
  899.05  159462.6
  731.31  140171.5
  381.41  70420.37
  921.66  178034.2
  343.01  60919.83
  683.69  135860.0
 1005.84  182642.8
 1087.95  180886.0
  961.02  200442.3
 1031.94  188041.1
 1037.74  186918.4
  972.37  174993.1
  822.99  168965.4
 1001.23  169600.2
  964.19  183403.5
  712.05  139663.6
  855.32  135137.7
  540.05  92058.40
  692.31  124260.4
  547.96  115465.1
  519.46  81557.55
       em4        
 KB/s in  KB/s out
  969.79  159018.7
  960.16  150459.7
  903.52  174759.2
  731.34  147408.3
 1036.60  176735.3
  906.76  176705.7
  940.27  185979.2
  953.47  174863.4
  909.08  182020.4
 1055.64  184347.3
 1152.74  199519.0
  598.41  100543.7
  448.88  82446.55
  832.90  134436.7
  714.86  113894.2
  673.05  120890.1
  965.18  187859.8
  700.61  111349.0
  899.97  183425.3
  973.92  142709.7
 1109.93  206142.7
  687.57  121413.3
       em4        
 KB/s in  KB/s out
  736.94  136677.2
 1110.04  199097.2
  858.36  151522.6
  926.80  150265.2
  681.54  112852.7
  633.15  104804.0
  689.50  116498.6
  699.50  138053.7
  823.70  131461.4
  809.63  142943.8
  713.90  147121.1
  976.64  189691.4
  967.58  189880.2
  715.36  133496.4
  567.59  115660.6
  953.09  156319.7
  991.03  176634.8
 1089.88  192169.1
  198.99  29319.68
    0.30      0.06
    6.43     51.33
 2055.05  412417.5
       em4        
 KB/s in  KB/s out
 1395.20  259534.9
 1965.04  365594.2
 1634.46  316627.8
 1715.47  345159.1
 1655.20  305772.3
 1579.74  326789.5
 1807.38  351543.3
 1718.10  331612.0
 1761.00  344483.5
 1490.05  286625.1
 1817.98  358044.4
 1724.02  340971.8
 1706.95  321193.0
 1383.09  243338.4
 1557.28  281743.9
 1588.63  262369.8
 1364.76  261752.5
 1584.11  257064.2
 1810.75  350235.0
 1808.49  349443.3
 1372.33  289005.4
 1641.19  313667.0
       em4        
 KB/s in  KB/s out
 1376.94  292449.7
 1935.30  367633.4
 1746.01  326936.7
 1975.57  334113.6
 1917.22  345176.4
 1797.35  350110.4
 1799.16  316215.5
 1808.29  346987.5
 1987.02  366331.3
 1609.84  301773.0
 1608.75  331795.5
 1532.55  267915.2
 1907.38  367302.5
 1435.21  314636.0
 1771.87  360979.4
 1828.13  350610.1
 1871.20  321133.0
 1841.97  327335.0
 1626.66  276614.8
 1557.49  312219.0
 1381.24  241103.8
 1610.80  268949.1
       em4        
 KB/s in  KB/s out
 1266.46  246080.2
 1633.97  318048.2
 1471.74  254222.8
 1444.46  252906.2
 1669.28  291095.9
 2001.51  333642.7
 1738.29  320125.5
 1772.93  351793.4
 1943.63  340270.8
 1760.17  297728.6
 1901.68  357340.3
 1791.07  375848.2
 1917.86  342737.4
 1812.90  327649.3
 1607.31  313940.1
 1383.52  253581.9
 1715.69  331808.1
 1643.04  284303.4
 1786.90  337892.1
 1776.61  323160.1
 1837.50  372542.1
 1826.72  331172.7
       em4        
 KB/s in  KB/s out
 1199.06  228896.2
 1845.08  349565.4
 1753.32  308426.9
 1883.62  327710.3
 1723.54  298430.6
 1473.78  242986.3
 1523.38  284337.4
  826.53  145668.8
 1663.61  323753.2
 1372.78  285697.2
 1451.58  250413.1
 1830.98  333732.7
 1202.06  231168.4
 1144.15  209366.2
  988.88  165097.2
 1244.29  206361.3
 1875.44  372023.5
 1680.31  348241.5
 1858.63  341631.1
 1864.59  358018.6
 1796.88  306195.8
 1895.20  365413.3
       em4        
 KB/s in  KB/s out
 1877.63  363592.5
 1777.16  303040.5
 1771.27  367877.3
 1854.55  331595.8
 1797.97  313715.1
 1721.30  313037.2
 1751.78  290411.0
 1712.07  300412.1
 2064.18  362434.1
 2049.06  342480.5
 1858.58  322035.0
 1874.79  350706.0
 1581.73  306800.8
 1827.13  309021.4
 1770.14  352672.3
 1700.32  287194.0
 1859.39  326223.9
 1484.65  303756.0
  949.60  161084.5
 1511.35  276769.2
 1844.77  331612.7
 1560.34  300747.5
       em4        
 KB/s in  KB/s out
 1708.50  336072.8
 1868.41  371341.1
 1871.00  334560.2
 1558.91  298626.3
 1936.99  351240.6
 1788.30  339231.6
 1824.11  345654.2
 1946.66  366595.5
 1956.57  370028.8
  366.60  50088.13
  123.86  19212.27
    1.79      1.59
    0.51      0.00
    0.12      0.00
    0.18      0.00
    0.30      0.06
  283.46  29450.03
 2704.87  472023.9
 1909.48  394051.2
 1849.53  367312.5
 2017.87  430036.8
 1874.44  363427.1
       em4        
 KB/s in  KB/s out
 2003.23  395436.0
 2117.60  431414.8
 1811.68  333819.6
  769.04  133342.1
 1734.81  306973.6
 2308.15  428971.4
 2110.15  419413.2
 1220.35  195987.8
 2000.22  395437.9
 2073.65  425678.8
 1877.41  313494.7
 2034.47  401690.9
 2296.15  421427.8
 2227.51  386214.5
 2216.28  424919.8
 2381.28  421068.5
 2075.47  393943.3
 2402.37  433851.0
 2094.34  392430.8
 2294.63  403930.3
 2264.57  420688.8
 2000.90  385547.6
       em4        
 KB/s in  KB/s out
 1913.76  343029.4
 2434.19  407313.9
 2343.34  451041.7
 2099.33  416311.5
 2250.19  410794.0
 2390.64  454421.5
 2198.60  362732.1
 2415.72  411864.6
 2315.88  397381.0
 1955.37  324550.1
 1769.86  329568.1
 1957.71  323478.1
 2133.25  384646.7
 2267.84  408666.5
 1838.14  333537.3
 2209.15  386872.2
 1908.58  330412.8
 2185.47  426961.2
 2314.34  418611.3
 2182.84  444229.2
 2515.40  452799.2
 2183.17  405945.6
       em4        
 KB/s in  KB/s out
 2073.00  369755.8
 2553.58  460588.9
 1913.36  334682.1
 1911.51  348327.2
 1915.47  357740.8
 2309.93  423931.9
 2336.41  418071.6
 1883.61  314510.2
 2346.61  458580.8
 2037.50  377451.2
 2036.26  387828.0
 2262.52  419182.9
 2228.89  446457.2
 2010.37  368051.3
 2315.61  422983.5
 2009.18  328167.5
 2100.39  368577.7
 2058.74  343896.2
 1188.01  218548.3
 2118.80  362947.4
 2210.39  423010.3
 2245.92  433548.1
       em4        
 KB/s in  KB/s out
 2185.35  384905.3
 2234.35  406813.7
 2123.00  366657.3
 2118.49  376965.9
 2145.88  405262.1
 2405.67  445436.5
 2061.85  393012.8
 2113.91  389736.9
 2202.16  415704.0
 2218.89  396952.0
 2443.60  441494.7
 2209.13  395122.7
 2469.89  464975.7
 2283.22  431649.7
 1679.30  264441.1
 2581.40  454090.8
 2374.83  450128.8
 2275.02  410935.2
 2144.95  413546.8
 2195.24  415130.0
 2153.50  388414.3
 2573.19  454494.1
       em4        
 KB/s in  KB/s out
 2149.92  416672.3
 2110.51  371707.5
 2228.40  407233.7
 1599.45  291169.0
 1738.21  301429.5
 1228.73  195310.7
 1943.02  317530.8
 1690.96  300859.9
 2068.80  400249.4
 2309.78  474749.9
 2260.50  431584.9
 2202.68  432178.1
 1098.50  176927.7
  496.89  74363.08
 2058.39  404099.3
 1971.83  381702.5
 2348.67  427368.1
 2369.54  431302.3
 2384.75  410466.3
 2197.40  387649.7
 1956.14  367062.3
 2090.38  413121.9
       em4        
 KB/s in  KB/s out
 2121.18  356477.3
 2173.02  416798.0
 2195.02  405444.9
 2064.56  339830.1
 2134.42  399618.2
  419.25  42394.11
   17.68    540.49
    0.19      0.05
    0.58      0.13
    2.32     52.97
    5.95      1.60
    0.36      0.00
  538.69  71779.82
 3184.65  660699.6
 2236.23  374123.9
 2193.59  467374.8
 2168.69  457607.0
 2295.56  414842.6
 2565.51  495965.7
 2278.31  419211.2
 2506.36  440783.4
 2722.74  511448.3
       em4        
 KB/s in  KB/s out
 2298.81  425010.8
 1784.29  330465.7
 2911.05  485875.9
 2313.90  390242.5
 2505.87  482603.7
 3014.51  511715.2
 2337.77  412907.4
 2806.51  519457.9
 2567.57  465678.7
 2502.37  396887.4
 2628.38  450163.0
 2436.33  466574.4
 2737.14  479056.5
 2338.41  401031.9
 2422.35  437896.3
 2872.11  483261.8
 2106.25  391608.2
 2022.24  383709.8
 1912.80  382294.8
 2444.14  427458.4
 2469.83  423800.2
 2441.99  432684.7
       em4        
 KB/s in  KB/s out
 2599.53  463094.3
 2707.26  472069.6
 2003.24  347233.8
 2385.45  393512.0
 2828.33  471993.3
 2272.53  445931.7
 1926.11  390739.3
 1851.93  349416.0
 2487.38  429140.7
 2893.62  533259.1
 2532.62  432953.4
 2090.42  355798.6
 2274.21  419890.7
 2011.62  331162.7
 2212.38  404475.7
 1985.22  343096.6
 1543.24  271222.8
 2047.66  376704.9
 2241.09  398557.3
 2337.95  435136.2
 2406.20  429380.9
 2574.04  469266.7
       em4        
 KB/s in  KB/s out
 2354.40  371544.0
 2826.91  509527.2
 2368.12  445160.7
 2537.69  463327.1
 1906.45  376269.1
  530.67  74166.41
 1480.31  206210.7
 1534.86  296719.3
  908.35  162942.9
 2254.89  405432.8
 2457.69  461310.8
 2545.79  442867.8
 2914.76  533697.0
 2503.99  459258.6
 2451.79  489947.2
 2284.11  458420.9
 2562.19  457963.6
 2436.47  421126.7
 2900.53  512607.8
 1626.77  289739.6
 2433.45  410335.4
 2499.69  434372.0
       em4        
 KB/s in  KB/s out
 2663.74  465647.6
 3237.28  531141.7
 2183.70  350160.9
 2600.30  471092.3
 1938.67  430060.2
 2475.25  474975.5
 2509.64  537382.5
 2004.61  399259.9
 1887.55  409425.4
 2107.39  443291.1
 2009.81  429157.9
 2037.22  463501.5
 1663.09  300502.9
 2708.92  517146.7
 2300.06  441215.8
 2101.94  388641.2
 1556.49  242854.6
 1747.82  335116.6
 1635.15  343213.2
 1978.14  431828.1
 1470.90  321611.3
 1541.02  352470.3
       em4        
 KB/s in  KB/s out
 1216.36  291982.8
 1432.99  344841.7
 2054.64  421559.5
 1440.57  335549.2
 1999.30  415256.1
 1975.86  438954.3
 1998.24  417249.1
 2238.84  434866.9
 2037.05  455539.3
 2565.01  468672.1
 1933.13  401266.8
 1997.86  382587.5
 2015.30  409642.9
 2328.82  466547.6
 2119.47  459952.0
 2397.82  434818.4
 1947.48  390981.6
 2933.71  562015.4
 2065.80  390079.1
 2315.60  478817.3
 1920.77  385519.3
 1335.31  306244.0
       em4        
 KB/s in  KB/s out
   45.97   5641.45
 1099.35  137812.9
  443.53  27384.79
  109.03    100.23
   73.37     67.90
    0.30      0.06
    0.64     29.14
    6.29     24.93
  209.88  22347.05
 3608.12  740782.9
 2238.75  503589.5
 2564.84  523706.2
 2545.20  473735.1
 2151.00  337448.2
 2827.86  569593.9
 2651.03  534028.4
 1941.27  406812.2
 2223.76  380033.8
 2980.17  508436.5
 2178.93  407583.6
 2408.95  496764.0
 2302.19  459430.9
       em4        
 KB/s in  KB/s out
 2474.59  449804.6
 3136.29  551926.5
 2826.83  495450.7
 2190.73  359363.7
 3372.37  644444.5
 2069.38  347522.3
 3299.47  598994.1
 2254.13  406034.8
 2317.73  476660.8
 1970.70  382196.7
 2216.00  462165.1
 1987.25  406251.2
 2526.09  513935.3
 2172.53  418833.4
 2228.30  413436.2
 1865.40  318297.2
 2740.65  458463.8
 2464.56  466770.6
 2644.42  575099.0
 2750.43  531043.8
 2582.50  433260.6
 2766.73  485594.0
       em4        
 KB/s in  KB/s out
 2133.77  335827.9
 3825.71  613843.8
 2769.51  464786.0
 2387.60  385306.1
 3473.46  547750.7
 3245.37  528483.4
 2645.49  431004.6
 3266.52  540058.3
 2020.22  299370.5
 3051.99  474686.9
 3020.53  487721.3
 2483.16  422367.5
 2576.13  426492.1
 1778.02  243832.4
 2791.90  473910.5
 3683.76  587621.7
 2395.58  381788.1
 3111.76  458486.3
 3220.22  506147.8
 2535.25  395732.2
 3034.90  507918.4
 2671.94  442155.6
       em4        
 KB/s in  KB/s out
  173.99  19545.46
 1801.25  226457.0
 3646.12  558416.4
 3158.79  592404.6
 3362.21  540942.5
 2779.36  465657.5
 3076.31  523123.0
 3032.75  565575.2
 2616.80  454387.7
 3054.71  486355.1
 2953.29  463847.6
 3824.38  584120.1
 3040.95  499689.3
 2784.44  440527.4
 2635.50  414816.6
 3574.08  586526.9
 2802.63  471890.8
 3591.53  568845.8
 2657.40  415374.5
 3567.83  565553.2
 2682.77  464490.2
 3019.14  492220.9
       em4        
 KB/s in  KB/s out
 2930.77  479945.2
 2854.33  484734.3
 2742.50  431161.5
 2921.96  469428.9
 2924.38  521280.7
 2192.41  387230.6
 2394.27  420652.9
 1780.31  284747.7
 2642.25  449424.8
 3020.60  501917.0
 2219.61  373258.0
 3324.14  576277.7
 1904.13  291642.6
 1794.50  249810.4
 2808.78  463645.8
 1773.40  261516.5
 2500.17  488301.0
 2414.41  378655.9
 3169.25  579921.9
 2464.47  431670.2
 1022.28  158000.0
 3167.36  526472.4
       em4        
 KB/s in  KB/s out
 2724.90  483338.1
 3071.23  518507.5
 2769.97  459771.4
 2800.53  500749.1
 3240.29  550943.3
 2691.76  470222.1
 2748.93  493402.1
 2333.95  407341.3
 2699.72  431166.1
 2935.38  503787.4
 3068.77  505793.5
 3064.09  502336.5
 2783.40  446749.2
 2496.22  449087.1
 2918.64  479745.3
 2692.73  455606.3
 2615.92  420809.9
 2316.25  401730.0
 2167.44  350922.3
 1627.35  252020.5
 1456.49  184541.6
  294.30  24447.32
       em4        
 KB/s in  KB/s out
  120.30   7681.88
    0.62      0.15
    1.00      0.52
    0.18      0.00
  161.57  43885.46
  664.33  141319.7
  305.22  70655.79
  536.75  111867.7
  274.29  63688.44
  553.42  120439.6
  519.32  115082.7
  524.95  130620.1
  584.75  118809.6
  476.06  88318.18
  266.89  65831.10
  561.30  123642.5
  347.77  76531.31
  642.93  131136.2
  560.69  127385.0
  281.46  68547.71
  204.11  55664.67
  598.76  132233.5
       em4        
 KB/s in  KB/s out
  344.93  88342.09
  578.77  132721.2
  435.80  123641.2
  279.11  72306.73
  581.33  138627.6
  501.67  122554.2
  212.35  54592.15
  399.15  90439.95
  549.15  124717.9
  345.47  76050.40
  559.42  127421.6
  317.39  68511.63
  533.79  119345.4
  404.78  97950.01
  522.96  135951.7
  534.07  139758.1
  504.06  121032.1
  486.20  114520.8
  557.01  133833.6
  561.95  124727.8
  544.67  125482.5
  488.58  107387.9
       em4        
 KB/s in  KB/s out
  548.10  135450.8
  478.64  104930.1
  499.44  130065.9
  550.13  131162.2
  346.79  87786.93
  512.04  111857.3
   86.27  24114.33
  457.82  103319.2
  525.17  122943.1
  644.91  126601.9
  494.49  92115.74
  634.05  116767.3
  551.54  96414.75
  350.37  72337.45
  557.87  117720.3
  466.35  89061.89
  606.08  122660.3
  370.24  78636.10
  512.01  126331.6
  426.91  98476.87
  574.07  120967.2
  484.47  116664.4
       em4        
 KB/s in  KB/s out
  541.76  135410.8
  593.03  129007.1
  573.96  127946.6
  625.43  132192.7
  538.54  120962.4
  170.35  43893.45
  488.09  119364.6
  490.08  133252.8
  295.73  65890.56
   80.03  19810.78
   94.52  20335.03
  532.34  111327.8
  511.55  117196.6
  549.33  124160.6
  394.32  95716.10
  549.45  137156.1
  513.46  112938.5
  610.04  132179.8
  604.08  133806.5
  396.06  82434.69
  511.45  127432.9
  535.47  125228.5
       em4        
 KB/s in  KB/s out
  506.49  127402.8
  191.25  43368.78
  495.43  114006.5
  435.21  86700.33
  520.51  123657.9
  439.63  106520.8
  271.75  67489.61
  579.75  133865.3
  464.98  109319.3
  557.11  137282.7
  679.06  137155.8
  607.75  137076.4
  432.95  87786.79
  635.40  136489.3
  436.29  96337.79
  354.54  74396.45
  523.14  122037.2
  518.37  126908.3
  339.46  74371.76
  442.85  100127.9
  526.57  125786.8
  333.57  81363.77
       em4        
 KB/s in  KB/s out
  481.01  117201.3
  546.55  137066.9
  289.47  72841.70
  495.88  133309.1
  596.92  133790.9
  521.09  134328.0
  560.04  132831.1
  379.17  86661.68
  547.63  140959.1
  479.44  107566.7
  428.67  100624.6
  526.71  115637.3
  613.45  143476.8
  568.74  137553.1
  464.35  104924.2
   16.10    558.75
    0.51      0.00
    0.18      0.00
    0.18      0.00
    0.18      0.00
    0.30      0.06
    6.23     52.62
       em4        
 KB/s in  KB/s out
  687.98  171830.6
 1251.43  296184.1
 1030.58  229028.8
 1012.93  212006.0
  861.96  176661.9
 1043.67  194329.1
 1078.87  214097.2
  932.32  182494.6
  847.11  188953.0
  807.59  211969.0
 1054.23  220578.8
 1209.16  216372.8
 1020.76  207739.7
  792.49  156277.3
 1239.60  245076.7
 1401.31  214943.7
 1007.07  182944.7
 1013.78  179306.1
  906.58  160000.0
  903.16  176640.4
 1167.67  228547.9
 1202.55  220270.6
       em4        
 KB/s in  KB/s out
  824.87  157665.5
 1229.59  213557.5
 1226.14  249375.8
  952.97  192231.0
 1092.98  223086.0
 1079.70  217981.9
 1056.00  225930.1
 1308.32  229676.1
  960.65  171144.2
  863.66  161289.0
  780.28  164497.0
  883.00  171826.8
  732.40  126899.8
  873.44  161652.6
 1205.28  246629.7
  634.88  122699.1
 1221.10  195379.1
  605.07  112416.2
 1043.18  221078.0
 1224.66  220607.7
  923.09  180950.0
  976.94  205072.8
       em4        
 KB/s in  KB/s out
  819.65  195030.8
 1096.38  209252.4
  879.36  181515.3
 1082.08  195917.6
 1226.01  229275.5
  735.49  127387.1
 1083.76  187906.3
  693.58  132726.7
 1253.38  258171.1
 1339.84  258526.5
 1048.77  202333.9
 1191.55  228048.2
 1406.34  250505.6
 1199.48  219967.7
  921.69  162192.8
 1135.17  214102.1
  917.23  178771.3
 1320.63  255845.7
 1039.50  196762.6
 1043.13  189130.3
 1090.56  210064.3
  790.52  157585.8
       em4        
 KB/s in  KB/s out
  597.39  137038.9
  513.02  101854.7
  958.07  199084.2
  774.37  165932.9
  987.68  210918.2
  895.13  187724.4
 1029.73  214297.5
 1090.74  224293.5
  971.03  149353.3
 1391.56  267153.0
  619.59  115140.8
 1096.44  208235.3
 1108.30  194299.2
 1103.00  220116.9
  803.58  159994.3
  827.16  149881.2
  957.93  191139.6
 1008.28  192192.6
 1139.39  271330.7
  989.82  199594.4
 1023.03  214120.3
 1167.07  229079.6
       em4        
 KB/s in  KB/s out
  885.43  183071.7
 1253.17  228625.4
 1199.32  226431.6
  907.56  169510.6
  984.19  188934.4
  775.74  149324.0
 1093.67  204466.7
 1172.19  204506.2
  855.15  145099.8
  686.46  123646.5
 1187.54  243585.7
 1056.42  187509.2
  844.12  152873.0
  837.29  135479.9
 1223.25  232334.3
 1097.89  197013.1
  840.03  167004.8
  930.63  175049.0
  938.27  167572.9
 1023.91  202870.2
  991.19  190087.8
  907.15  176670.1
       em4        
 KB/s in  KB/s out
  911.67  173924.1
 1108.12  216246.3
 1019.69  187488.9
  790.93  133907.0
 1057.11  211577.1
  971.11  178296.7
 1080.17  209117.6
 1041.02  215202.6
 1242.49  273538.0
  557.29  117285.9
 1030.70  197578.8
   90.26  20886.54
    0.23      0.00
    0.57      0.00
    0.90      0.00
    0.43      0.13
    2.18     52.87
    4.74      1.32
 1489.67  308564.8
 1823.49  427733.2
 1596.04  317384.4
 1826.04  389800.0
       em4        
 KB/s in  KB/s out
 1954.56  374919.8
 2290.07  438884.3
 2070.81  431791.6
 2122.30  403956.9
 1955.12  369616.8
 2293.92  433550.7
 1611.98  293825.7
 2246.85  487844.7
 2171.67  415188.5
 2081.12  420737.4
 2006.93  394763.2
 2022.38  375383.3
 2096.92  444009.0
 1921.69  376462.8
 1958.72  375688.6
 2069.79  394826.2
 1828.23  371695.7
 1940.68  406765.5
 2123.67  441800.1
 1944.39  389036.7
 2206.71  411573.8
 2187.84  432098.8
       em4        
 KB/s in  KB/s out
 2219.20  422857.3
 2089.24  389962.6
 2055.29  424655.0
 1845.44  308870.8
 2220.65  424070.8
 1686.83  303709.5
 1867.85  343164.7
 1864.28  337994.7
 2288.78  413326.6
 1813.07  344095.1
 2113.38  427014.3
 2001.78  422178.2
 2152.97  420372.4
 2092.47  391436.7
 2084.22  409359.2
 1962.09  409973.4
 1480.67  292069.7
 1970.22  352325.1
 2031.99  386322.3
 2201.49  400611.1
 2156.57  403249.2
 2057.98  356102.9
       em4        
 KB/s in  KB/s out
 2047.45  352492.3
 1905.59  400835.6
 1827.00  387101.7
 1970.70  345946.4
 1920.70  378324.2
 1971.20  417101.0
 1962.97  399541.0
 2067.66  411678.3
 2094.82  412337.3
 2169.76  406887.4
 1677.82  279473.6
 1980.93  376981.7
 1991.35  377157.8
 2240.82  407630.1
 2021.17  344961.5
 1523.31  284680.2
 1901.20  353104.0
 2047.01  415048.3
 2234.74  424511.8
 1942.96  377852.0
 2269.56  420313.0
 2118.98  386179.8
       em4        
 KB/s in  KB/s out
 2307.68  429913.9
 2295.91  398717.6
 1990.61  372562.1
 2052.31  403607.1
 2118.77  391430.8
 2084.69  380822.3
 2032.36  333256.1
 1799.05  374508.6
 2079.81  403778.4
 2146.39  397819.8
 2362.28  430891.0
 2158.84  391402.6
 1975.09  396799.0
 2119.14  422047.8
 1936.42  401583.2
 2068.09  407058.8
 2048.71  387725.4
 1900.55  333338.3
 1712.66  306351.2
 2016.49  390792.1
 2185.10  370080.2
 1873.91  362543.3
       em4        
 KB/s in  KB/s out
 2186.55  413236.6
 2249.65  387552.4
 1959.48  375905.2
 1869.77  332015.0
 2244.32  424462.4
 2024.60  395157.6
 1792.53  385491.7
 2114.66  397200.8
 2008.70  393857.6
 1831.54  367933.2
 2184.37  387174.9
 1095.75  212686.9
 1730.25  257338.5
 2106.97  355716.6
 1981.43  319717.0
 2157.86  425889.9
 2205.00  354167.3
 2177.90  410648.4
 2058.25  375335.7
 2274.52  411362.3
 2164.19  393297.4
 1996.68  402840.8
       em4        
 KB/s in  KB/s out
 2135.22  420562.7
 2101.79  393006.8
 2334.90  456583.3
 2431.91  440702.4
 2295.74  442146.8
 1975.02  317297.7
 1309.93  222296.8
  462.02  77707.97
  497.64  77621.96
  578.81  99605.11
    0.18      0.00
    0.18      0.00
    0.30      0.06
    6.43     54.11
 2916.03  484344.1
 2489.38  483923.1
 2591.37  509298.6
 2285.07  453545.7
 1329.71  214874.9
 2487.22  475022.7
 2413.06  498141.2
 2642.82  470572.0
       em4        
 KB/s in  KB/s out
 2148.17  408489.7
 2471.93  461615.1
 2202.59  413255.2
 2531.23  492088.2
 2313.86  453444.6
 2469.44  479628.7
 2196.34  422086.3
 2182.36  389967.2
 2288.21  420895.7
 2792.65  475226.4
 2833.88  478825.7
 2301.34  454302.9
 2421.99  450211.8
 1968.16  369580.0
 2790.97  535058.2
 2559.88  471578.7
 2292.62  449441.2
 2477.08  438326.7
 2485.72  477325.9
 2453.55  462502.5
 2416.77  448710.1
 2547.73  460808.6
       em4        
 KB/s in  KB/s out
 2278.79  433277.8
 2391.04  461209.4
 2250.16  417593.1
 2154.56  364896.3
 2152.89  448569.3
 2187.49  439760.5
 2800.97  519126.8
 2166.99  404744.9
 2473.03  443773.7
 2412.63  440967.5
 2474.69  388771.7
 2499.78  456987.7
 2243.69  411887.3
 2566.79  474678.3
 2631.11  488474.8
 2527.13  432482.9
 1962.12  363033.0
 2582.01  492884.6
 2188.26  411143.6
 2006.13  392486.5
 2067.49  381229.7
 1963.78  374118.5
       em4        
 KB/s in  KB/s out
 2768.00  495570.1
 2429.31  442598.5
 2473.48  475774.7
 2632.68  436530.1
 2134.98  391525.6
 2632.77  482748.5
 2434.15  436211.2
 2410.58  383057.6
 2176.75  399524.6
 2206.70  403270.3
 2173.26  468222.5
 2108.84  414216.9
 2568.13  465276.3
 2028.19  386489.7
 1931.54  329912.7
 2414.06  423981.2
 2012.61  351991.6
 2252.24  429617.4
 2252.37  452330.0
 2453.88  471189.7
 2489.13  448669.3
 1749.69  323503.1
       em4        
 KB/s in  KB/s out
 2736.41  437629.4
 2491.37  454537.0
 2451.45  448880.2
 2553.82  457259.3
 2264.73  374664.0
 2173.11  413740.8
 2357.85  462489.3
 2376.32  469395.8
 2537.41  444955.2
 2573.50  454321.9
 2367.30  454240.2
 2420.06  440762.7
 2587.91  471428.8
 2537.46  427804.0
 2607.52  492126.8
 2330.83  404663.4
 2605.20  435272.3
 2385.61  428824.0
 2286.63  389324.0
 2282.72  421170.7
 1830.73  297184.3
 2296.35  455349.6
       em4        
 KB/s in  KB/s out
 2537.47  469365.9
 2231.42  420992.5
 2356.38  487160.6
 2430.03  450688.5
 1864.29  306528.7
 2203.93  403827.3
 2444.79  427410.3
 2221.35  393881.0
 2619.92  462071.1
 2608.19  441983.3
 2399.96  438803.2
 2635.45  517948.3
 1736.15  318146.8
 1951.07  343253.7
 1936.09  358715.8
 2077.72  430393.1
 2085.27  360631.7
 2196.53  370826.9
 2390.57  475815.3
 2150.83  422669.9
 1834.10  340030.1
 2604.70  517190.4
       em4        
 KB/s in  KB/s out
 2537.23  457460.4
 2481.93  462567.2
 2068.26  330117.6
 1385.03  248644.5
  961.13  140960.5
  766.57  133307.0
  591.42  117795.5
   20.56   1616.00
    0.23      0.00
    0.30      0.06
    0.58     27.88
    6.23     27.52
    0.23      0.00
    0.23      0.00
    0.57      0.00
 3537.30  636165.7
 2220.69  453607.6
 2570.14  541272.3
 2979.73  543580.1
 2595.06  476856.4
 3084.55  573771.3
 2576.77  456012.5
       em4        
 KB/s in  KB/s out
 2521.90  480718.3
 2922.88  482261.9
 2504.90  466549.0
 2662.12  484334.3
 1764.17  310186.8
  805.50  126826.7
 1855.13  290627.3
 2332.02  418958.5
 1930.09  334535.3
 3034.49  552357.1
 2650.85  499265.3
 2075.99  362760.2
 3062.66  543853.1
 2624.34  491045.0
 2545.83  455447.5
 2496.33  490422.3
 2800.53  502502.3
 2493.34  465035.4
 2643.18  489169.8
 2658.60  504389.2
 2369.14  401519.0
 2393.91  367270.9
       em4        
 KB/s in  KB/s out
 2428.26  456459.8
 2469.31  444239.2
 2228.64  424479.3
 2801.15  501964.8
 2645.83  538108.1
 2443.65  463143.6
 2161.16  342615.2
 2743.32  422719.3
 2863.76  524889.1
 2522.38  461103.1
 2686.10  494970.7
 2412.39  410348.4
 2237.41  347452.7
 2812.19  518668.1
 2926.95  503996.4
 2392.92  390494.5
 1780.58  274850.0
 2748.54  469190.2
 2834.66  488458.9
 2425.95  415153.7
 2747.81  498548.8
 2921.97  473103.6
       em4        
 KB/s in  KB/s out
 2315.90  429073.4
 2522.35  409933.8
 3011.08  530387.6
 2430.19  434666.9
 3007.77  535059.5
 2601.73  458946.2
 2773.27  452313.9
 2321.37  379910.1
 2235.92  404094.8
 2950.24  510965.4
 2674.04  445488.3
 2187.59  362524.6
 2530.30  433870.6
 2548.84  450797.5
 2889.52  501539.5
 2451.65  435416.5
 2573.22  472188.8
 2831.19  495762.7
 2061.67  354538.4
 2168.24  374563.9
 2510.96  438851.3
 2514.65  502703.7
       em4        
 KB/s in  KB/s out
 2873.53  518044.7
 2650.42  451269.7
 2471.20  431986.1
 2626.21  459852.5
 2564.28  434936.0
 3237.86  541601.0
 2999.30  507023.5
 2017.94  308260.8
 2482.52  417922.1
 2263.78  420677.6
 2196.83  379412.8
 2342.77  393612.5
 2664.19  457916.7
 2440.78  397322.6
 2439.57  441796.6
 2549.24  433449.5
 2329.39  440970.7
 2559.90  455167.0
 2462.95  481226.4
 2625.20  456435.9
 2001.95  333766.8
 2678.29  491681.2
       em4        
 KB/s in  KB/s out
 2295.69  385423.8
 2744.79  491318.0
 2580.67  462079.1
 2517.05  424651.0
 2816.44  476835.0
 2357.91  377333.8
 3115.87  509815.5
 2152.90  382126.8
 1624.10  264689.7
 3129.77  550812.6
 2151.91  376437.8
 3016.98  549867.4
 2722.59  491811.7
 2252.61  382254.0
 1326.61  239788.9
 2567.47  412689.1
 2307.71  389860.8
 2465.32  514160.1
 2546.66  450883.4
 2712.85  475812.0
 2825.29  545570.6
 3286.44  583788.8
       em4        
 KB/s in  KB/s out
 2122.77  415812.2
 2525.20  399417.8
 2413.02  455516.0
 2356.91  418340.7
 2475.51  454732.1
 2045.46  283734.0
 1366.39  207223.9
  178.50  23581.69
    8.26    539.99
    6.23     54.05
    0.30      0.00
    0.32      0.09
    0.57      0.00
    0.31      0.14
    0.36      0.06
    0.70      0.00
 3438.38  579014.1
 3299.83  574674.8
 2920.69  448174.3
 3678.62  570565.5
 2190.67  344945.0
 3224.32  503884.8
       em4        
 KB/s in  KB/s out
 3219.35  494513.6
 3561.95  560370.7
 2519.65  403935.9
 2901.49  456809.7
 3094.15  524260.9
 3161.08  508861.9
 2715.39  432848.8
 3056.46  497118.6
 2995.58  490985.7
 3488.13  539475.8
 3425.90  531374.2
 2418.19  378541.7
 3081.61  511729.0
 2790.55  424042.1
 3036.71  498435.4
 2701.96  453713.9
 2851.77  492712.5
 2940.29  470804.9
 1921.55  267605.4
 2616.96  410246.8
 3141.08  539386.5
 3114.33  505707.9
       em4        
 KB/s in  KB/s out
 3050.26  493503.9
 3889.68  581891.8
 2843.40  446382.2
 3404.59  544715.1
 2938.65  470245.0
 3235.82  495225.7
 2579.73  438394.1
 2400.04  423613.9
 1738.88  336042.2
 2340.19  437379.4
 1799.75  346592.0
 2525.88  484625.1
 2245.90  460616.0
 2562.21  491418.0
 2432.71  418824.8
 2419.14  402658.5
 2951.53  506613.3
 2937.20  500548.5
 2753.76  488720.0
 2318.68  406920.8
 2833.58  467620.7
 3313.45  510966.8
       em4        
 KB/s in  KB/s out
 3202.02  554067.7
 1996.28  351946.7
 3077.82  521715.0
 3308.91  520851.9
 2944.59  475266.8
 2910.96  479122.2
 2733.08  445241.5
 3245.05  522390.3
 3025.00  493902.4
 2286.21  354144.8
 3386.07  527991.5
 2800.42  435894.8
 2787.82  450299.3
 3261.30  542561.1
 2441.75  404941.4
 3453.02  558265.3
 3708.26  599590.1
 2103.50  335246.4
 1603.69  221607.6
 1527.68  217970.1
 3158.85  507256.3
 3618.97  550571.8
       em4        
 KB/s in  KB/s out
 1651.83  260552.4
 2851.31  453449.4
 3198.67  501270.2
 2717.25  450071.2
 2916.64  462440.3
 3183.73  496413.3
 3066.23  513459.3
 2785.14  489396.9
 3191.48  517767.0
 3181.93  518504.2
 3295.45  522527.4
 3472.52  573226.2
 2880.95  470374.5
 3045.95  465424.7
 3282.35  504487.9
 3243.98  519269.2
 2860.90  463674.7
 2150.78  344536.6
 1871.33  290292.4
 2860.14  439152.8
 2998.38  495827.0
 2953.42  497376.9
       em4        
 KB/s in  KB/s out
 2676.31  443436.4
 2385.16  437677.8
 3585.94  553876.8
 2660.08  450079.8
 3182.53  546725.7
 3737.83  583385.8
 2892.96  459588.0
 3540.93  575121.8
 3102.85  496330.6
 2692.96  456936.5
 3297.97  548898.3
 2768.77  468144.7
 2540.41  390780.2
 2939.70  489337.0
 3002.50  495630.4
 3219.45  496616.8
 2809.33  497822.1
 2787.05  523059.6
 2619.09  433063.8
 3120.90  522414.1
 2677.97  442243.7
 2439.48  386933.6
       em4        
 KB/s in  KB/s out
 2327.05  368554.4
 3156.19  522759.4
 2871.19  473363.2
 3186.63  510262.2
 2921.52  499715.7
 2867.28  488264.1
 2202.69  391012.1
 2020.77  330818.7
 2208.40  417052.2
 2067.42  357274.7
 1814.35  312815.7
 1874.53  283061.9
 1734.49  260901.1
 1015.64  146203.7
   83.18    608.94
  145.68  29445.62
  135.77  11325.59
   92.27    134.32
   87.05     80.24
   57.35     52.69
    0.18      0.00
    0.19      0.14
       em4        
 KB/s in  KB/s out
    0.38      0.12
   16.35    632.57
   28.98    768.34
    0.18      0.00
    0.18      0.00
    0.51      0.00
    0.57      0.00
    0.23      0.00
    0.23      0.00
    0.64      0.14
    0.23      0.00
    0.36      0.13
    0.18      0.06
    0.18      0.00
    0.18      0.00
    0.91      0.05
    0.18      0.00
    0.18      0.00
    0.18      0.00
    0.64      0.14
    0.23      0.00
    0.70      0.13
       em4        
 KB/s in  KB/s out
    0.24      0.06
    0.18      0.00
    0.18      0.00
    0.18      0.00
    0.18      0.00
    0.18      0.00
    0.45      0.00
    0.19      0.14
    0.19      0.05
    0.30      0.13
    0.50      0.32
    0.24      0.06
    0.12      0.00
    0.23      0.04
    1.10      0.60
    1.04      0.61
    2.15      0.80
    0.58      0.35
    0.83      0.40
    0.60      0.54
    0.87      0.23
    1.34      0.79
       em4        
 KB/s in  KB/s out
    0.47      0.53
    0.80      0.37
    1.32      0.70
