       p2p2       
 KB/s in  KB/s out
  879.56    846.61
  623.88    625.51
  800.46    752.29
  555.21    471.92
  748.76    707.73
  830.58    767.04
  736.85    676.95
  948.43    870.92
  809.61    762.85
  735.01    722.64
  600.41    553.37
  646.12    649.50
  737.67    674.76
  791.54    717.90
  794.18    750.50
  677.27    633.13
  434.11    387.54
  909.09    826.85
  811.12    755.06
  727.32    714.33
  890.81    827.06
  466.86    449.12
       p2p2       
 KB/s in  KB/s out
  636.12    591.25
  711.27    665.98
  825.58    790.29
 1373.75    833.97
 1575.96   1412.70
 1737.25   1287.45
 1446.08    920.79
 1668.89   1855.05
 1560.66   1531.98
 1912.55   1484.20
 1858.11   1897.89
 1687.79   1245.06
 1706.72   1416.35
 1449.87   1466.08
 1803.67   1191.22
 1654.75   1168.46
 1864.03   1307.20
 1674.93   1115.56
 1653.15   1418.79
 1638.09   1032.13
 1723.27   1194.71
 1645.60   1467.64
       p2p2       
 KB/s in  KB/s out
 1951.84   1894.93
 1704.95   1298.78
 1419.51    901.51
 1801.02   1919.63
 1524.72   1003.07
 1452.23   1187.05
 1515.08   1053.53
 1537.92   1583.81
 1827.17   1378.51
 1828.84   1643.52
 1372.30   1251.99
 1769.78   1643.71
 1685.10   1508.11
 1698.83   1179.81
 1661.50   1412.02
 1628.98   1095.20
 1821.02   1195.44
 1870.85   1807.53
 1791.38   1193.14
 1523.79   1082.24
 1500.95   1100.12
 1877.87   1728.58
       p2p2       
 KB/s in  KB/s out
 1575.65   1006.36
 1933.30   2039.58
 1751.73   1549.74
 1650.55   1145.04
 1826.65   1448.47
 1449.99    997.36
 1665.31   1094.59
 1709.18   1396.25
 1551.17   1018.62
 2012.24   2097.16
 1629.10   1242.82
 1860.31   1846.51
 1636.13   1242.80
 1685.91   1255.74
 1869.57   1997.43
 1457.37   1090.71
 1787.76   1705.55
 1857.75   1415.74
 1410.64    892.14
 1403.61    858.02
 1719.92   1480.87
 1542.33   1173.72
       p2p2       
 KB/s in  KB/s out
 1509.79    984.65
 1608.38   1618.05
 1883.22   1675.02
 1686.34   1106.04
 1502.72   1303.78
 1649.52   1319.09
 1705.90   1642.40
 1973.81   1519.32
 1433.74    781.38
 1931.24   1197.03
 1729.48   1333.68
 1759.37   1825.72
 1614.77   1606.19
 1782.03   1440.57
 1425.73   1462.89
 1618.77   1414.68
 1653.67   1156.51
 1495.25   1269.17
 1560.33   1567.38
 1835.01    973.55
 1347.15   1134.26
 1635.42   1475.95
       p2p2       
 KB/s in  KB/s out
 1423.94   1031.26
 1542.12   1903.23
 1654.06   1632.80
 1625.26   1519.23
 1596.49   1491.12
 1472.19   1307.09
 1585.95   1511.76
 1546.35   1548.69
 1548.99   1566.87
 1561.22   1318.70
 1749.39   1237.62
 1700.94   1285.44
 1558.94   1547.71
 1536.74   1213.27
 1855.14   1346.13
 1927.18   1083.06
 1660.86   1745.34
 1720.40   1669.30
 1524.88   1325.12
 1723.71   1797.81
 1678.69   1065.00
 1772.88   1251.14
       p2p2       
 KB/s in  KB/s out
 1489.69   1114.70
 1424.91   1447.62
 1530.16   1722.76
 1740.42   1331.94
 1648.71   1140.60
 1553.75   1431.13
 1498.46   1250.43
 1740.62   1543.52
 1751.32   1574.95
 1531.82   1098.23
 1714.68   1644.82
 1160.19   1236.91
 1334.14    973.70
 1776.89   1324.74
 1896.21   1347.46
 1562.58   1394.12
 1620.81   1530.21
 1590.42   1453.73
 1407.57    953.50
 1432.76   1174.52
 1697.27   1601.56
 1652.46   1118.43
       p2p2       
 KB/s in  KB/s out
 1223.35    922.45
 1582.14   1460.54
 1833.88   1434.66
 1816.94   1267.90
 1393.96   1289.80
 1530.67   1682.23
 1771.75   1542.00
 1682.69   1436.91
 1544.55   1529.27
 1675.78   1277.94
 1374.42   1198.59
 1338.51    800.97
 1933.26   2144.53
 1475.03   1064.11
 1675.99   1423.88
 1614.36   1435.89
 1660.79   1267.38
 1594.54   1011.78
 1227.56    671.54
 1542.04   1147.73
 1880.27   1763.22
 1722.72   1253.17
       p2p2       
 KB/s in  KB/s out
 1635.91   1172.19
 1891.57   1356.35
 1564.88    869.71
 1635.81   1268.96
 1652.23   1620.50
 1538.15    910.62
 1909.49   1568.49
 1520.71   1158.65
 2068.97   1842.20
 1655.97   1289.81
 1651.89   1801.90
 1533.04   1070.32
 1505.52   1356.22
 1200.81    847.78
 1496.14   1040.44
 1694.04    952.86
 1673.27   1103.39
 1825.51   1824.09
 1455.97   1297.17
 1687.46   1328.35
 1833.64   1350.58
 1450.04   1586.28
       p2p2       
 KB/s in  KB/s out
 1440.82   1243.75
 1287.59   1409.78
 1745.68   1693.71
 1673.88   1140.37
 1619.20   1695.81
 1477.40   1493.85
 1455.06   1122.42
 1337.93   1408.57
  926.44    895.97
  799.32    782.51
  743.70    690.13
  660.71    624.26
  666.41    611.97
  691.56    664.57
  896.41    873.28
  669.94    684.88
  699.90    701.61
  941.74    853.88
  764.72    743.19
  751.12    686.47
  800.93    682.14
 1024.41    980.43
       p2p2       
 KB/s in  KB/s out
  976.89    870.09
  778.53    693.63
  765.35    694.75
  771.19    693.14
  728.55    636.20
 1001.31    967.88
  911.71    777.86
  687.74    562.96
  618.84    603.53
  899.77    892.36
  848.29    745.28
  958.93    922.88
  890.70    773.95
  963.76    899.68
  936.66    873.55
  927.65    809.69
  870.38    816.01
  771.59    695.05
  853.01    734.25
  859.54    855.27
  781.13    696.28
  950.09    876.47
       p2p2       
 KB/s in  KB/s out
  753.83    569.35
  879.54    768.71
  872.29    797.46
  833.71    784.81
  940.71    840.88
  779.77    723.59
  852.15    860.71
  831.49    791.72
  914.01    793.98
  697.38    566.00
  985.82    920.74
  941.60    938.73
  725.35    663.69
  814.96    706.27
  541.56    465.01
  823.96    769.02
  983.04    994.21
  954.26    894.53
  936.02    838.81
  748.92    687.47
  906.57    784.34
  956.01    903.82
       p2p2       
 KB/s in  KB/s out
  953.16    873.59
  736.13    616.37
 1027.84    888.40
  927.74    799.16
  880.84    834.02
  800.71    704.20
  873.73    862.57
  976.23    966.89
  982.47    869.74
  755.85    634.57
  728.86    656.89
  911.39    805.26
  954.84    867.21
  819.17    733.02
 1070.59    996.58
  679.83    663.07
  939.80    834.08
  772.80    715.97
  964.95    829.80
  770.41    710.28
  793.23    673.77
  879.16    799.29
       p2p2       
 KB/s in  KB/s out
  929.86    850.97
  644.37    611.21
  949.16    880.55
  723.93    693.16
  825.79    742.53
  830.89    805.78
  920.11    872.63
  722.48    653.91
  746.16    739.26
  933.87    761.17
 1008.65    892.41
  829.15    737.54
  703.96    638.68
  905.17    822.55
  810.35    739.64
  834.01    808.04
  839.02    741.47
  816.27    749.03
  645.27    647.86
 1089.81   1021.68
  832.17    724.98
  984.83    845.44
       p2p2       
 KB/s in  KB/s out
  753.53    703.43
  794.43    776.58
  748.15    681.17
  986.14    877.82
 1076.13    947.32
  733.97    682.21
  737.99    612.88
  958.25    873.27
  897.57    898.86
  530.33    535.97
  908.31    800.02
  973.92    865.53
  867.08    787.04
 1056.05    925.22
  853.05    736.01
  875.99    776.58
  896.40    827.93
 1072.79    992.01
 1012.77   1034.39
  754.65    703.50
  904.98    806.74
  705.89    670.18
       p2p2       
 KB/s in  KB/s out
  861.57    738.57
  900.29    811.81
  949.00    853.34
  851.03    778.28
  531.10    524.00
 1074.18   1002.90
 1302.83   1320.19
 1062.97    942.37
 1300.40   1147.74
 1309.94   1177.55
 1155.36    977.72
 1243.05   1105.24
 1293.38   1160.37
 1236.56   1015.61
 1539.15   1341.65
 1133.41    984.19
 1090.09   1046.49
 1399.58   1156.52
 1288.06   1101.91
 1345.49   1267.76
 1163.33    951.64
 1299.46   1111.78
       p2p2       
 KB/s in  KB/s out
 1184.78    991.84
 1258.87   1167.87
 1127.67    972.27
 1211.59   1136.74
 1555.92   1387.93
 1170.28   1073.98
 1137.53   1066.66
 1118.18   1169.01
 1387.59   1161.38
 1420.76   1219.48
 1105.54    935.80
 1331.57   1228.01
 1446.33   1270.64
 1141.76   1077.36
 1365.95   1219.41
 1193.20   1043.79
 1149.49   1029.65
 1319.93   1199.18
 1135.91   1041.47
 1129.15   1007.95
 1239.25    984.09
 1241.91   1185.44
       p2p2       
 KB/s in  KB/s out
 1397.31   1207.83
 1199.33   1094.67
 1272.31   1090.83
 1215.71   1114.71
 1275.86   1192.93
 1243.13   1190.82
 1152.60    939.13
 1335.07   1150.26
 1447.00   1304.04
 1287.27   1183.73
 1397.32   1385.22
 1336.28   1133.93
 1147.41   1070.12
 1248.11   1087.42
 1301.71   1146.56
 1312.64   1204.86
 1272.73   1117.27
 1270.40   1101.11
 1346.79   1260.42
 1100.73    993.80
 1249.18   1124.83
 1198.09   1100.53
       p2p2       
 KB/s in  KB/s out
 1590.07   1493.46
 1183.44   1123.78
 1285.25   1049.48
 1228.48   1207.94
 1033.57    860.62
 1428.38   1217.53
 1429.03   1193.85
 1228.03   1041.41
 1386.05   1357.49
 1126.63   1126.39
 1159.15   1003.83
 1201.74    991.23
 1286.58   1163.05
 1428.71   1291.12
 1157.14    922.08
 1211.47    957.99
 1412.70   1226.87
 1198.53   1116.53
 1225.14   1137.21
 1172.54   1023.00
 1267.04   1193.36
 1299.90   1059.48
       p2p2       
 KB/s in  KB/s out
 1493.45   1337.37
 1315.70   1166.58
 1013.03    840.10
 1294.73   1073.22
 1512.84   1294.67
 1203.89   1158.14
 1142.27   1134.02
 1191.17    911.40
 1408.49   1251.24
 1281.55   1161.43
 1293.57   1262.81
 1218.30   1061.75
 1363.87   1290.43
 1187.95    996.93
 1484.03   1238.85
 1211.76   1108.32
 1216.63   1150.67
 1011.99    976.66
 1079.73   1079.92
 1346.89   1045.39
 1272.73   1153.16
 1286.32   1195.27
       p2p2       
 KB/s in  KB/s out
 1323.26   1054.77
 1339.56   1159.21
 1127.18    965.07
 1141.38   1195.35
 1228.08   1120.48
 1290.08   1102.85
 1349.90   1170.05
 1358.54   1106.52
 1209.70   1066.86
 1263.12   1151.80
 1227.61   1150.49
 1077.10   1126.00
 1282.01   1031.20
 1561.42   1372.37
 1252.90   1192.49
 1063.08    887.29
  923.13    732.28
  812.94    631.86
 1675.31   1655.60
 2251.83   2023.67
 2206.59   2075.77
 2270.27   1889.84
       p2p2       
 KB/s in  KB/s out
 1826.73   1997.50
 1823.96   1665.24
 2227.72   2142.86
 2323.95   2003.54
 2321.48   1815.80
 2467.97   2170.76
 2003.15   1838.41
 2228.99   2055.82
 2301.35   2029.07
 2401.40   2102.93
 1940.58   1942.08
 2111.84   1832.71
 2019.89   1856.52
 2364.14   1961.66
 2139.05   1889.86
 2175.32   1841.67
 1970.16   1757.16
 2527.44   2127.31
 2040.11   1952.84
 2044.78   1848.35
 2222.98   1939.38
 2252.28   1923.36
       p2p2       
 KB/s in  KB/s out
 2116.29   1952.84
 2230.17   1988.83
 2347.42   2073.82
 2355.06   2048.44
 1997.44   1787.43
 2148.93   2050.48
 2285.93   2093.93
 2173.01   2094.83
 2114.42   2022.12
 1807.87   1530.53
 1894.25   1766.69
 2123.20   1879.55
 2428.94   2184.07
 1984.35   1647.64
 2007.72   1810.01
 2407.78   2232.96
 2273.93   2294.11
 2237.38   1764.23
 2136.49   2323.02
 2208.12   1898.83
 2055.94   1937.83
 2327.04   2024.89
       p2p2       
 KB/s in  KB/s out
 2248.92   1865.80
 2099.69   2014.49
 2074.80   1924.15
 1988.99   1893.15
 2322.32   2046.59
 2409.87   2084.78
 2279.77   1853.95
 2061.08   1791.41
 2080.99   1833.31
 2358.91   2242.93
 2453.07   2062.27
 1935.01   1949.12
 2213.09   2064.06
 2220.31   2010.11
 2042.11   1836.53
 2261.35   1771.38
 2207.25   1864.06
 2025.06   1844.98
 2310.68   2067.45
 1653.90   1744.09
 2188.25   1901.94
 2106.80   1659.82
       p2p2       
 KB/s in  KB/s out
 2009.66   1946.69
 2080.96   1957.58
 2486.44   2160.67
 2519.20   2249.02
 2278.31   1898.64
 1916.60   1894.98
 2112.90   1727.46
 2012.32   1924.30
 2252.49   2175.69
 2331.37   1818.13
 2322.97   2135.53
 2260.07   2086.51
 2232.39   2027.10
 2336.52   2023.81
 2312.95   2000.70
 2047.28   2081.71
 2464.61   2243.52
 2059.86   2083.30
 2079.66   1927.03
 2208.58   1962.26
 2119.98   1819.53
 2198.96   1917.34
       p2p2       
 KB/s in  KB/s out
 2264.83   2047.18
 2198.07   1907.14
 2264.57   1888.75
 1886.24   1786.63
 2121.06   1915.77
 1912.70   1734.99
 2217.10   1807.24
 1977.45   1736.46
 2038.07   2056.38
 2181.64   2028.43
 2240.80   1944.73
 2304.62   1979.62
 2179.87   1924.18
 2365.41   2111.59
 2373.47   2031.18
 2173.12   1994.60
 2437.79   2127.05
 2105.53   2169.79
 2075.67   1968.21
 2276.41   2176.45
 2364.06   2119.87
 2278.98   1933.99
       p2p2       
 KB/s in  KB/s out
 2401.20   2115.60
 2234.21   2193.06
 2481.60   2213.43
 2105.02   1984.32
 2062.51   2011.06
 2398.38   2126.63
  890.94    698.13
  953.20    719.51
 1207.97   1014.43
 2555.39   2319.97
 2400.98   2282.84
 2099.66   2033.48
 2430.55   2199.99
 2555.50   2429.42
 2209.50   2224.55
 2543.94   2135.92
 2277.08   2235.51
 2657.26   2531.30
 2530.56   2336.69
 2738.73   2482.53
 2642.66   2377.94
 2522.45   2488.27
       p2p2       
 KB/s in  KB/s out
 2557.83   2319.19
 2346.80   2261.41
 2614.59   2213.51
 2530.17   2440.68
 2384.45   2315.68
 2410.71   2513.46
 2538.44   2137.15
 2587.51   2279.86
 2399.93   2198.40
 2448.26   2333.93
 2430.11   2097.27
 2593.02   2258.38
 2781.75   2468.17
 2405.00   2003.45
 2368.05   2197.75
 2352.12   2357.09
 2644.87   2329.24
 2747.94   2393.73
 2440.67   2061.49
 2524.25   2388.88
 2543.98   2401.90
 2560.33   2301.32
       p2p2       
 KB/s in  KB/s out
 2657.72   2605.35
 2451.51   2272.35
 2537.92   2409.42
 2524.64   2274.54
 2490.84   2369.92
 2527.10   2330.77
 2684.00   2313.82
 2178.90   2055.50
 2675.72   2498.41
 2763.99   2389.14
 2639.47   2386.07
 2647.47   2386.86
 2567.50   2431.79
 2689.91   2495.36
 2511.02   2503.89
 2202.83   2390.65
 2639.80   2224.68
 2401.96   2359.50
 2557.79   2274.48
 2534.95   2300.27
 2636.72   2199.69
 2648.38   2345.76
       p2p2       
 KB/s in  KB/s out
 2312.29   2107.00
 2771.85   2687.68
 2288.45   2406.85
 2603.88   2191.40
 2490.79   2181.21
 2426.24   2424.00
 2626.14   2481.12
 2413.53   2301.21
 2492.61   2001.90
 2762.91   2400.89
 2368.25   2181.01
 2744.51   2460.99
 2360.80   2455.13
 2369.49   2285.33
 2599.36   2337.87
 2403.45   2278.07
 2550.79   2274.49
 2570.93   2386.45
 2617.24   2325.18
 2495.23   2256.38
 2439.94   2529.38
 2637.89   2355.96
       p2p2       
 KB/s in  KB/s out
 2349.24   2355.47
 2460.86   2428.56
 2538.32   2211.13
 2228.76   2155.06
 2579.85   2444.38
 2966.20   2705.23
 2697.92   2458.38
 2379.75   2193.41
 2265.07   2216.71
 2375.46   2267.13
 2513.40   2533.67
 2556.69   2295.95
 2543.50   2311.35
 2454.17   2513.58
 2447.21   2160.20
 2629.95   2616.88
 2635.61   2258.23
 2389.61   2082.63
 2065.35   2070.76
 2612.90   2413.07
 2636.51   2278.87
 2675.60   2552.76
       p2p2       
 KB/s in  KB/s out
 2571.63   2253.36
 2500.26   2307.91
 2525.36   2182.58
 2736.45   2512.61
 2509.46   2192.19
 2477.41   2589.45
 2168.69   2125.19
 2507.87   2379.63
 2462.08   2291.04
 2597.09   2228.75
 2686.62   2423.30
 2193.00   2101.91
 2521.72   2324.10
 2454.30   2461.87
 2864.77   2492.12
 2513.61   2283.05
 2228.40   2238.31
 2435.03   2112.59
 2374.36   2139.68
 1068.64    710.59
 1149.29    792.54
 1223.36   1161.42
       p2p2       
 KB/s in  KB/s out
 2690.85   2671.69
 2299.30   2343.16
 2545.41   2193.59
 2601.90   2474.69
 2263.84   2136.16
 2341.57   2453.28
 2743.17   2557.32
 2748.51   2408.79
 2577.56   2207.68
 2438.50   2235.10
 2692.68   2333.07
 2669.53   2531.92
 2384.44   2375.39
 2867.72   2550.67
 2495.59   2405.31
 2683.27   2296.72
 2351.83   2189.76
 2802.27   2388.47
 2823.20   2437.83
 2547.65   2444.11
 2714.21   2269.16
 2319.81   2217.65
       p2p2       
 KB/s in  KB/s out
 2684.91   2671.79
 2688.30   2297.63
 2660.39   2459.00
 2732.65   2634.09
 2695.50   2494.36
 2719.83   2352.50
 2714.82   2354.45
 2534.89   2555.37
 2258.84   2159.00
 2407.55   2098.77
 2911.69   2648.31
 2796.14   2445.83
 2453.82   2313.11
 2973.19   2696.17
 2844.14   2459.80
 2624.28   2585.50
 2303.38   2272.48
 2488.03   2342.94
 2896.74   2604.97
 2428.51   2352.15
 2941.23   2356.44
 2654.15   2441.78
       p2p2       
 KB/s in  KB/s out
 2695.48   2566.70
 2559.49   2051.05
 2683.67   2397.43
 2640.61   2277.51
 2257.84   2225.67
 2518.78   2546.33
 2659.30   2442.68
 2761.10   2567.83
 2824.62   2505.73
 2656.17   2338.56
 2387.84   2350.55
 2962.98   2674.98
 2797.70   2449.23
 2689.75   2415.41
 2585.05   2567.29
 2095.62   2321.90
 2691.33   2549.02
 2641.37   2610.95
 2617.35   2354.70
 2530.90   2151.67
 2405.71   2235.34
 2845.83   2498.07
       p2p2       
 KB/s in  KB/s out
 2720.74   2695.62
 2695.43   2332.60
 2538.60   2683.46
 2173.72   2288.03
 2568.86   2484.31
 2679.35   2261.38
 2687.57   2467.07
 2761.81   2336.48
 2585.79   2531.40
 2808.04   2623.22
 2576.12   2480.58
 2562.42   2318.23
 2621.10   2060.86
 2666.57   2476.27
 2816.13   2541.37
 2587.27   2434.01
 2717.29   2483.85
 2753.57   2552.84
 2729.89   2715.95
 2567.82   2294.67
 2391.21   2461.45
 2629.74   2329.49
       p2p2       
 KB/s in  KB/s out
 2768.13   2372.83
 2342.78   2008.39
 2685.24   2309.00
 2586.18   2380.15
 2837.48   2383.03
 2452.04   2364.57
 2473.13   2525.97
 2722.15   2571.23
 2779.97   2622.63
 2604.45   2223.61
 2601.20   2379.89
 2660.68   2470.34
 2518.18   2214.68
 2433.85   2045.21
 2739.66   2469.41
 2556.19   2333.52
 2405.08   2420.02
 2646.21   2559.63
 2566.53   2338.88
 2600.32   2289.23
 2564.77   2305.04
 2622.44   2503.80
       p2p2       
 KB/s in  KB/s out
 2650.77   2436.00
 2595.51   2704.41
 2881.52   2527.62
 2870.91   2424.18
 2312.60   2090.91
 2735.49   2458.59
 2541.44   2320.55
 2904.41   2488.80
 2455.20   2355.11
 2257.43   2021.15
  580.78    409.46
  954.47    850.47
  943.04    619.38
 1095.55    801.02
  680.05    562.45
  875.92    855.59
  569.49    543.22
 1220.16   1290.72
 2261.98   2434.08
 2382.93   2445.43
 2274.37   2435.86
 2689.11   2398.00
       p2p2       
 KB/s in  KB/s out
 2642.90   2343.86
 2933.27   2697.78
 2193.59   2060.25
 2715.11   2357.70
 2461.33   2386.19
 2220.21   2196.75
 2677.69   2336.62
 2551.89   2604.99
 3089.00   2852.53
 2564.69   2572.66
 2825.53   2526.96
 2854.87   2599.11
 2397.93   2175.50
 2766.80   2614.18
 2717.97   2600.47
 2785.98   2458.32
 2929.32   2499.96
 2699.28   2643.46
 2809.18   2514.89
 2880.51   2623.62
 2691.84   2210.89
 2318.31   2218.31
       p2p2       
 KB/s in  KB/s out
 2621.62   2552.00
 2368.60   2255.45
 3023.98   2717.18
 2414.76   2121.52
 2804.15   2492.09
 2430.97   2390.44
 2879.36   2334.96
 2560.82   2292.82
 3036.64   2820.57
 2654.93   2421.78
 2600.10   2435.38
 2363.16   2117.05
 2548.01   2486.86
 2393.88   2086.05
 3084.66   2650.91
 2543.22   2304.50
 2654.29   2361.12
 2381.22   2249.35
 2864.62   2647.49
 2479.21   2386.37
 2238.95   2313.56
 2835.17   2572.53
       p2p2       
 KB/s in  KB/s out
 2593.75   2380.03
 2469.36   2304.95
 2745.29   2377.94
 2296.89   1998.80
 2749.02   2425.22
 2692.77   2589.67
 2575.25   2317.74
 2529.76   2344.87
 2632.33   2583.83
 2474.30   2403.81
 2524.29   2660.82
 2750.65   2617.81
 2964.12   2451.62
 2715.88   2631.55
 2498.00   2233.15
 2692.65   2514.64
 2856.78   2666.66
 2720.44   2435.75
 2425.61   2333.51
 2758.28   2454.93
 2669.03   2332.55
 2775.54   2477.62
       p2p2       
 KB/s in  KB/s out
 2274.25   2268.30
 2245.56   2207.65
 2507.93   2352.24
 2781.27   2408.88
 2595.36   2252.31
 2747.07   2400.13
 2274.36   2246.81
 2608.33   2378.30
 2828.08   2671.13
 2781.18   2249.56
 2581.22   2534.83
 2508.55   2529.29
 2598.27   2359.93
 2545.57   2307.00
 2464.99   2392.16
 2621.90   2491.92
 2340.86   2166.65
 2837.30   2441.56
 2909.99   2588.06
 2390.26   2494.17
 2722.73   2502.32
 2466.36   2397.47
       p2p2       
 KB/s in  KB/s out
 2687.07   2503.59
 2694.57   2496.87
 2940.38   2535.55
 2581.13   2389.12
 2434.07   2372.06
 2761.61   2397.35
 2400.03   2207.19
 2675.34   2482.74
 2740.08   2415.91
 2630.88   2589.78
 2528.82   2359.94
 2462.65   2394.32
 2478.92   2125.88
 2723.37   2401.50
 2741.05   2407.27
 2411.63   2087.57
 2384.50   2227.66
 2929.65   2640.51
 2626.94   2547.50
 2659.85   2537.16
 2591.14   2457.72
 2806.11   2491.14
       p2p2       
 KB/s in  KB/s out
 2623.61   2256.61
 2729.58   2410.70
 2583.75   2395.76
 2799.40   2478.78
 2740.59   2402.94
 2587.37   2500.79
  965.85    767.60
  952.63    675.19
  957.44    777.86
  801.43    729.22
  919.30    811.71
  853.55    687.04
  573.18    571.21
 1295.59   1214.64
 1398.40   1025.37
 1376.08   1021.47
 1523.23    934.18
 1723.24   1388.00
 1329.81    863.28
 1317.13   1101.49
 1535.05   1013.99
 1436.09   1256.77
       p2p2       
 KB/s in  KB/s out
 1580.46   1567.84
 1513.99   1056.07
 1696.08   1397.58
 1575.65    957.50
 1641.62   1235.13
 1628.38   1086.53
 1817.34   1631.89
 1490.41   1611.56
 1398.23   1052.14
 1552.41   1047.96
 1620.53   1653.01
 1582.04   1726.16
 1657.54   1826.71
 1544.70   1031.34
 1549.90   1303.09
 1482.05    921.83
 1703.91   1566.18
 1720.39   1120.53
 1695.31   1305.63
 1394.23   1436.79
 1671.19   1482.67
 1546.59   1363.30
       p2p2       
 KB/s in  KB/s out
 1376.42    896.87
 1573.53   1452.36
 1566.00   1393.73
 1436.91    838.48
 1551.35   1345.15
 1590.76   1423.38
 1823.54   1600.39
 1473.21   1175.12
 1501.68   1095.86
 1614.93   1153.54
 1951.83   1207.42
 1544.01   1186.84
 1647.02   1378.80
 1769.01   1382.71
 1404.08   1156.90
 1916.46   1752.81
 1396.79   1335.40
 1623.48   1522.67
 1654.30   1405.14
 1464.81   1490.72
 1490.85   1316.87
 1534.90   1083.15
       p2p2       
 KB/s in  KB/s out
 1417.93   1070.62
 1440.95   1256.35
 1612.32   1608.26
 1489.45   1196.30
 1737.47   1348.35
 1392.59   1070.25
 1759.88   1529.57
 1714.61   1517.95
 1261.37   1274.07
 1653.27   1194.28
 1409.21   1146.19
 1582.43   1059.00
 1546.91   1156.15
 1685.69   1426.08
 1518.10    938.26
 1546.12   1243.01
 1404.02   1241.08
 1661.57   1132.88
 1442.70    908.73
 1683.41   1414.42
 1567.70    994.66
 1305.78    734.19
       p2p2       
 KB/s in  KB/s out
 1399.32    950.55
 1741.14   1345.44
 1455.07   1104.85
 1727.41   1400.47
 1472.48   1158.79
 1440.08   1253.66
 1760.88   1607.62
 1356.11   1417.04
 1519.07    865.30
 1569.95   1021.88
 1704.69   1622.79
 1687.59   1823.13
 1678.28   1141.44
 1402.72   1136.17
 1452.62   1274.07
 1234.26    974.47
 1420.51   1028.11
 1708.10   1224.84
 1492.57   1354.40
 1237.83    730.28
 1603.59    941.27
 1652.90   1227.26
       p2p2       
 KB/s in  KB/s out
 1494.03   1571.28
 1719.61    902.38
 1373.52   1178.76
 1794.94   1457.66
 1478.46    982.26
 1756.41   1049.46
 1713.02    831.01
 1675.34   1481.66
 1287.94   1046.60
 1504.61   1224.87
 1274.24   1053.65
 1696.33   1284.70
 1796.47   1295.06
 1684.31   1515.18
 1714.31   1261.98
 1749.21   1703.90
 1487.00   1828.03
 1364.73   1112.33
 1785.94   1261.71
 1697.33   1483.19
 1546.56   1446.62
 1687.99   1177.89
       p2p2       
 KB/s in  KB/s out
 1436.46   1032.44
  987.27    828.83
  636.30    510.41
  544.38    465.60
 4134.03   2458.46
 4179.33   3051.89
 4079.85   3671.79
 3826.36   3457.80
 3991.63   2785.54
 4453.62   3295.85
 4634.29   4120.28
 4602.51   4703.38
 3974.51   3077.85
 4222.70   3528.26
 4292.63   3284.05
 4064.82   3279.58
 4003.51   2519.17
 4248.77   3228.92
 4409.20   3290.50
 4042.72   2699.59
 4130.70   2936.48
 4133.26   2903.90
       p2p2       
 KB/s in  KB/s out
 3823.88   2622.79
 3803.85   2259.93
 4547.96   2765.51
 3946.62   2843.94
 3897.02   3130.65
 4188.67   2300.23
 4450.19   3444.50
 3954.13   2162.22
 4006.18   3502.12
 4490.70   3524.54
 3949.05   2704.81
 4255.63   4013.02
 4286.22   2541.42
 4034.53   3133.86
 3743.92   2740.96
 4573.86   3046.25
 4268.50   2199.43
 3885.42   2882.63
 4269.89   3217.79
 3908.22   3156.62
 3945.70   2668.05
 4616.17   2938.98
       p2p2       
 KB/s in  KB/s out
 3829.03   2474.19
 4680.29   2833.85
 4008.41   2820.98
 3846.69   2622.00
 3940.32   3130.96
 4053.60   3127.53
 4114.81   3222.45
 4255.66   2495.52
 4137.53   2881.61
 3800.11   2691.54
 4112.76   3868.86
 3758.74   2704.86
 4557.50   3294.30
 4377.87   4001.59
 4470.59   3290.97
 4107.23   3022.42
 3991.29   2853.34
 4509.07   3250.30
 4423.91   3213.05
 3634.58   2211.95
 4143.30   3886.43
 3860.84   3291.28
       p2p2       
 KB/s in  KB/s out
 4143.40   3418.66
 3856.79   2947.75
 4353.80   3359.86
 4489.68   3122.02
 4133.42   3308.03
 3774.51   2642.54
 4476.10   3327.66
 3881.18   2649.14
 4402.83   3276.28
 4032.96   2843.87
 4650.91   3070.62
 4164.57   3406.40
 4226.63   2859.63
 3665.54   2132.59
 4038.78   3092.43
 3890.75   3000.94
 4171.67   3718.02
 4321.01   3419.39
 4310.74   3693.89
 4298.21   3339.91
 4225.11   2241.94
 3801.70   2876.63
       p2p2       
 KB/s in  KB/s out
 3872.65   2921.76
 4134.70   2624.03
 4234.44   3134.48
 4494.52   3161.96
 3906.91   2989.42
 3912.15   2241.57
 4290.78   2629.70
 3877.18   3449.68
 4210.97   3147.38
 3665.49   2641.58
 3938.95   2653.92
 4300.76   2934.88
 4664.54   3620.96
 4123.97   3134.90
 4423.30   2445.86
 3643.90   2136.25
 3335.40   1889.05
 4351.84   3752.07
 4049.34   2448.93
 3860.44   2515.51
 3992.17   2393.18
 3423.77   2606.62
       p2p2       
 KB/s in  KB/s out
 3608.16   3188.34
 4068.85   2758.30
 4442.83   2700.86
 4524.80   2882.98
 4030.26   3399.96
 4348.10   2394.21
 4397.14   3438.00
 4349.13   2743.21
 4106.15   2934.84
 4200.44   2993.47
 3962.74   2646.86
 4236.78   2411.18
 4075.33   3251.33
 3321.49   2147.38
  670.68    531.15
  748.38    596.39
 2935.63   2226.79
 9278.06   6858.81
 8541.28   4199.20
 8953.09   6043.14
 8780.67   5411.63
 9207.77   5625.31
       p2p2       
 KB/s in  KB/s out
 9108.86   6490.55
 8630.85   5714.17
 8986.89   6534.45
 9102.30   6427.77
 8612.98   6172.51
 8859.75   7042.60
 9274.25   8396.85
 8336.83   5353.81
 8637.40   6769.20
 8649.36   5549.23
 8621.63   5654.64
 8457.95   6886.27
 8454.56   5490.86
 8907.21   5052.81
 8575.19   7035.65
 8416.74   6170.27
 8584.08   5976.09
 9113.49   7539.28
 9484.13   5913.60
 8495.25   6287.15
 9023.53   6046.05
 9758.02   6055.86
       p2p2       
 KB/s in  KB/s out
 8807.54   6548.32
 9323.70   7331.76
 8973.76   6558.02
 8790.50   6651.62
 9407.18   7152.22
 8066.04   5777.07
 9361.14   7404.31
 8459.73   5678.19
 9009.45   6002.42
 8536.54   5735.54
 8481.92   6610.92
 8283.00   5545.13
 9031.00   5810.26
 9179.01   6645.66
 8186.82   5805.02
 9008.56   5729.75
 7994.47   6806.48
 8206.31   5535.17
 8471.10   6223.48
 8609.97   7937.56
 9021.47   6462.23
 9308.12   6262.17
       p2p2       
 KB/s in  KB/s out
 9377.12   6390.14
 8519.16   6001.32
 9030.81   7731.13
 8389.19   6880.99
 9275.86   6112.23
 8587.36   6747.48
 8934.39   7632.55
 9307.22   6021.29
 9554.03   8073.45
 8609.95   6509.00
 8825.73   5541.59
 8540.78   5920.58
 9258.73   8130.84
 9060.83   6917.72
 9199.37   6629.55
 8475.39   5107.59
 8627.34   7285.21
 9136.22   7932.70
 8533.72   5748.33
 8828.29   6457.66
 9005.56   4918.78
 8748.74   6682.31
       p2p2       
 KB/s in  KB/s out
 9135.80   7215.85
 8647.16   6729.14
 8816.97   6398.23
 8472.68   5561.59
 8479.28   7036.49
 9731.94   6540.83
 8806.96   7460.11
 8496.76   6887.76
 8179.83   5521.04
 9115.09   6630.06
 8598.49   6544.21
 8239.26   5587.79
 8129.18   5771.42
 8194.72   6355.53
 8473.74   5867.05
 9453.38   5926.00
 8686.64   6285.57
 8447.41   5975.35
 8846.07   5802.27
 9357.50   6753.59
 9148.19   6388.49
 8743.68   6299.42
       p2p2       
 KB/s in  KB/s out
 8375.89   5794.42
 8986.03   6647.27
 9384.88   6831.98
 8771.70   5903.31
 8487.85   5918.04
 8919.47   6475.13
 9024.78   5875.48
 8403.55   6517.19
 9481.25   6149.57
 9100.93   6294.60
 9297.88   7148.16
 8914.41   6576.71
 8783.98   7644.23
 8840.06   5679.43
 8555.45   6487.31
 8442.72   4868.65
 9149.87   5695.32
 8355.12   5716.97
 9036.79   6510.33
 8462.51   6657.07
 8451.48   6084.99
 8444.92   6495.19
       p2p2       
 KB/s in  KB/s out
 9489.49   6784.42
 8519.38   6686.69
 8543.65   7126.77
 8675.87   6294.74
 5042.24   2437.82
  960.34    616.98
 1143.07    837.30
 5311.67   3691.23
 9109.90   7375.08
10090.85   5996.80
10344.63   7916.54
 9620.33   5584.42
 9979.47   9287.49
 9940.96   7954.10
10514.62   7677.13
10603.30   6541.04
10521.97   8328.79
 9786.50   7550.11
 9885.14   6986.63
10262.04   7861.80
10193.39   7516.89
11334.67   8496.84
       p2p2       
 KB/s in  KB/s out
 9493.31   7057.96
10854.38   9648.26
11204.29   8808.56
10083.59   7691.43
10380.38   8356.94
10359.65   8846.98
 9763.27   7599.39
10610.86   7470.48
10239.06   8186.78
 9449.78   7177.59
10917.26   6241.03
 9968.11   8775.70
 9550.78   7170.07
 9702.49   5808.11
10349.91   7430.26
 8522.29   7226.20
 9053.85   5921.09
10087.62   9454.54
 9962.02   7890.01
10865.24   7794.36
10157.88   7337.61
10106.05   7552.14
       p2p2       
 KB/s in  KB/s out
10305.32   8653.06
11117.10   6843.26
 9683.07   6474.34
 8794.25   6043.91
10022.10   7167.02
10066.32   7220.70
10685.72   6952.41
10206.78   7186.63
 9877.46   7694.32
10845.44   8435.63
 9315.72   7352.94
10397.60   6944.62
10607.78   8521.97
10148.78   7362.37
10146.18   8067.10
 9645.57   6444.14
10717.89   7993.97
10710.73   7429.62
 8648.43   6006.54
 9482.49   7647.11
10642.70   7909.44
10241.83   7016.32
       p2p2       
 KB/s in  KB/s out
 9922.97   6940.13
10520.85   8671.29
10237.87   8095.21
10134.96   8636.08
10015.22   6051.04
10241.01   8248.99
10434.82   8797.74
10068.02   6329.67
 9410.03   7183.94
 9943.08   6846.78
10763.94   6382.74
 9401.64   6730.56
10273.95   6485.90
 9086.79   6275.64
11289.57   6904.53
10506.08   8974.57
 9896.93   7048.98
10308.28   6649.29
10636.53   7425.13
10458.83   7554.33
 9318.53   6376.55
 9164.08   7024.59
       p2p2       
 KB/s in  KB/s out
 7762.56   5197.61
10240.45   8469.60
10044.41   6564.18
10439.40   6926.24
 9630.03   7985.02
10672.70   8237.51
10507.90   7978.55
 9756.68   6723.64
10758.60   7804.10
 9531.17   6762.42
 9590.64   7027.19
10734.70   6925.62
 9828.66   7207.03
10257.41   7368.91
 9896.03   6241.76
10427.49   7668.56
 9631.02   5999.25
 9820.10   6411.28
11049.09   8668.02
11018.95   8728.67
10878.60   8778.00
10397.51   9050.57
       p2p2       
 KB/s in  KB/s out
 9939.54   6935.09
10017.40   7298.42
10073.13   6693.17
10488.40   8567.20
10548.92   8524.23
 9950.72   7406.61
10372.37   6759.53
10721.73   6242.78
10280.39   7498.85
 9951.45   6743.63
10800.93   7972.16
 9701.10   6366.65
 8949.38   7357.24
10179.86   7064.96
10558.10   7384.94
 9877.68   6748.40
10719.58   8631.71
 4910.03   3800.91
 1033.46    742.44
  913.48    674.61
 7279.46   5212.90
 8952.60   6589.16
       p2p2       
 KB/s in  KB/s out
10962.20   7223.91
10220.10   8213.90
11323.27   9428.44
 9820.87   7323.91
10383.04   7436.48
11254.45   9548.93
11787.51   8751.39
10444.40   7349.38
10386.49   7375.20
10461.35   6326.32
11638.16   7658.50
 9184.04   7131.84
 9876.07   6925.79
10887.80   7017.35
10133.56   6745.50
10604.27   6871.42
 9932.03   6141.77
10153.68   8548.29
10362.72   7947.85
11004.12   6689.09
10136.78   8914.74
10048.36   7338.48
       p2p2       
 KB/s in  KB/s out
10445.78   6701.86
10789.61   7917.90
10476.68   7274.39
 9660.80   8316.07
11486.47   8670.08
10958.61   7718.83
 9705.15   8020.29
11566.94   6303.79
 9350.13   5609.40
10345.36   6403.18
13009.20   9743.57
10479.73   6753.39
11248.80   7753.14
10530.64   6743.21
11461.31   8572.92
11004.31   8247.99
 9419.05   6802.21
11770.35   8123.32
10810.49   7743.66
10980.57   7595.50
10908.31   8627.77
10869.51   7386.94
       p2p2       
 KB/s in  KB/s out
10738.85   7439.45
10663.41   7649.77
11486.18   8430.47
10279.27   7923.58
10808.14   8667.18
10637.87   7867.08
11332.57   7793.83
11481.26   8819.38
 9402.34   7844.89
10611.58   8844.18
10278.02   7344.59
11505.30   8492.01
11328.86   7966.24
11161.05   7720.54
 9902.20   6201.33
 9660.50   6904.60
10197.94   6268.37
10840.14   7612.86
 8694.15   7344.23
10975.59   6889.90
11969.84   9532.15
10140.75   6410.23
       p2p2       
 KB/s in  KB/s out
10916.70   7970.75
10734.34   6669.99
10640.23   7555.43
11644.81   8749.90
10607.66   8280.76
10887.27   7701.75
10558.91   6536.17
12928.86   9722.75
10637.99   7364.61
10960.93   7464.77
10559.61   6620.04
10553.87   8530.12
 9589.37   7763.54
10299.06   7952.28
10709.74   8215.90
10693.41   7948.43
11687.32  10085.78
 9948.44   6026.22
10610.80   7695.37
11008.47   8886.09
 9570.06   6406.08
10552.64   6571.95
       p2p2       
 KB/s in  KB/s out
11097.95   9700.57
11463.38   6555.19
10189.89   8357.92
12092.45   9229.16
11630.17   8328.40
10541.90   8171.43
10664.75   8418.79
10573.74   8255.92
10325.63   6928.25
10398.95   8249.02
11234.87   8385.96
11368.07   7792.20
10736.27   8215.29
11238.01   7925.30
11652.48   9515.05
10550.33   8956.98
11163.96   7771.43
11237.37   7544.86
10961.42   8698.37
10128.87   6511.13
10904.34   9013.25
 9898.88   6821.40
       p2p2       
 KB/s in  KB/s out
10703.63   6772.71
10382.59   6030.09
10425.99   6453.85
10726.97   7342.17
11594.37   8120.84
11058.88   8457.12
10888.08   6580.35
11036.96   8290.45
 4978.66   3184.14
 1084.33    779.50
  819.26    842.37
  845.06    635.66
  782.97    599.60
  729.91    567.46
  901.70    866.72
  658.00    622.94
 7094.25   5564.85
 9972.47   6789.13
12534.54   7688.07
10522.43   7306.89
10689.95   8241.21
 9756.63   7739.96
       p2p2       
 KB/s in  KB/s out
11140.44   8075.25
11601.60   8069.64
11398.98   8515.64
11066.41   8416.80
11364.68   8567.85
10810.30   7268.26
10961.96   9319.13
10101.99   6748.21
11517.12   8771.16
10963.96   7944.14
10219.05   7092.55
12150.61   8338.92
11890.88   8758.69
12234.58   9358.23
11815.07   9081.20
10539.78   8531.81
11664.73  10557.47
11185.07   7823.27
12116.68   8423.75
10729.78   8702.19
10263.63   9578.36
10758.90   7832.00
       p2p2       
 KB/s in  KB/s out
 8787.85   6324.26
10074.41   6780.41
10750.70   8007.25
10527.81   8317.81
10459.69   7664.03
11552.19   8002.07
11117.03   7764.36
10437.76   6625.67
10402.08   7305.57
10358.08   8320.72
 9716.41   7106.97
12286.53   9253.90
10033.87   6413.03
 9244.64   6503.36
12534.57   8030.90
10888.47   6682.55
11074.93   8225.18
11761.94   8250.73
10685.56   8418.60
11517.40   9229.63
11390.57   7085.19
11646.27   8925.74
       p2p2       
 KB/s in  KB/s out
11390.93   8238.60
10612.39   8476.76
10504.60   7213.04
 9929.48   5960.70
 9739.82   6765.63
 9371.64   7403.86
 9970.03   6433.81
11847.51   8151.19
11374.08   8641.34
10680.15   6625.03
10963.55   7890.09
12383.99   9832.32
10648.71   8945.82
11740.59   8081.94
10572.01   7807.75
12247.71   9524.66
10517.90   7452.93
11108.13   8010.36
10146.79   8253.38
10628.90   7460.70
11528.26   6941.16
12086.89   9930.42
       p2p2       
 KB/s in  KB/s out
10014.33   7686.52
11324.25   8901.18
11417.97   7727.35
10748.75   6966.79
10598.46   6167.90
11072.62   8339.45
10056.10   8267.37
10193.09   7238.77
 9258.11   8660.57
10933.08   9019.29
10179.41   8613.43
10128.27   7262.33
 9983.73   7957.86
 9921.65   6692.65
11564.56   8492.31
11184.70   8174.92
10117.09   7146.76
11284.74   7731.28
 9764.17   6842.68
12290.96   7735.92
11007.89   8251.49
10214.76   7965.22
       p2p2       
 KB/s in  KB/s out
10102.22   8759.80
10541.19   6595.50
12905.83   9464.65
 9438.17   7958.79
10751.78   7603.11
11576.50   8642.74
10459.42   7284.37
10928.57   6771.72
12271.99   6789.11
11617.29   7133.58
10347.73   6990.06
10321.72   6585.82
10722.94   6786.56
10521.36   8024.11
11164.77   9010.98
10258.05   6892.48
 9655.92   7191.35
10139.32   6811.39
10061.93   8640.64
10878.44   7132.36
 9654.75   7269.74
11015.42   7862.91
       p2p2       
 KB/s in  KB/s out
12020.82   9360.66
10222.31   6867.42
11326.40   8077.57
10575.34   8701.48
 7592.23   5304.22
  892.24    623.66
  879.84    554.96
 1114.52    787.66
  712.00    593.39
  985.63    805.86
  671.18    651.45
  592.71    566.86
 9231.28   8056.82
 6776.69   8036.48
 5848.21    802.73
 7370.36    808.19
 8779.88   7959.76
 7887.14   2839.64
 8468.82   5112.08
 7837.58   6939.97
 7915.36   2939.26
 6424.26   4978.09
       p2p2       
 KB/s in  KB/s out
 8923.40   4008.81
 8282.76   4823.02
 6902.09   1748.70
 8928.31   3979.00
 7975.18   8143.25
 8130.42   5044.57
 7163.71   4925.43
 8233.94   7906.53
 6529.68   4098.50
 8542.62   5122.72
 7067.25   4693.47
 6718.62   5867.61
 7438.07   3963.84
 7315.69   5938.96
 7804.18   6091.87
 8116.01   1689.98
 7932.60   3995.83
 9434.43   5976.54
 6341.79   5963.19
 9082.02   9291.82
 8240.21   8051.57
 7370.42   3945.10
       p2p2       
 KB/s in  KB/s out
 9708.52  11060.31
 8897.53   8203.68
 8444.30   1860.04
 6940.19   5082.52
 7758.00   5980.69
 5809.42   2902.69
 8239.32   6899.24
 6965.42   2936.70
 6921.17   3985.67
 8432.06   5114.34
 8964.63   6854.81
 7406.04   2188.33
 8383.80   8119.38
 8892.60   6053.79
10390.15  10258.43
 9353.37   7067.16
 7206.68   5851.86
 7377.51   1774.76
 8491.63   8151.40
 8351.98   4977.79
 8376.73   7096.23
 8319.26   7139.49
       p2p2       
 KB/s in  KB/s out
 8708.67   7010.24
 9329.58   8922.94
 7354.06   4036.64
 5391.98   1817.13
 7627.34   5144.51
 7223.09   6938.04
 8357.23   5982.68
 7316.71   3761.34
 7363.32   5922.31
 7783.52   5942.94
 7870.81   4928.47
 8843.26   4990.23
 8847.81   4890.28
 7906.89   3888.01
 8121.77   8382.88
 7088.86   2726.00
 6458.88   3962.26
 9229.64   1718.83
 6660.34   3695.36
 8202.77   5837.46
 8495.01   5084.13
 5448.52   3984.25
       p2p2       
 KB/s in  KB/s out
 7917.16   5081.21
 9956.81   5026.49
 6342.48   5030.75
 7965.30   8227.33
 9199.25   5908.74
 7743.98   4869.61
 8390.59   2911.07
 7503.17   2981.12
 8979.75   8160.05
 8987.42   5092.04
 7164.88   2660.15
 7229.42   2816.31
 9107.08   6219.66
 6935.97   3918.20
 9025.43   7234.03
 7896.77   5000.75
 8314.26   2707.23
 8368.07   5986.05
 8462.47   2937.58
 7813.42   9081.48
 6971.54   4079.85
 7899.16   6087.83
       p2p2       
 KB/s in  KB/s out
 7286.48   3827.68
 9346.39   7015.08
 8331.69   2766.85
 8375.55   5968.85
 7963.68   5053.33
 7469.41   5065.57
 9318.28   5909.62
 6898.65   5018.88
 8004.68   2979.55
 7834.65   6074.98
 7041.29   3794.30
 6107.89   3689.17
 7869.13   8074.80
 9431.27   2985.59
 5298.22   4769.64
 8476.33   3956.83
 8343.96   7042.98
 7262.44   2757.68
 7835.80   8013.62
 8360.24   7141.16
 7376.08   6058.40
 5045.94   3104.11
       p2p2       
 KB/s in  KB/s out
 1076.29    951.69
  798.54    729.28
14775.44   5911.12
30916.73  23211.00
30152.47  18770.96
30220.91  19028.06
28396.84  21235.05
29783.32  20965.80
33990.39  19089.84
29283.66  22960.63
29898.13  11408.40
29990.10  21080.52
28213.55  20970.26
33581.06  24093.61
26571.11  11646.62
25008.08  18158.80
27818.71  16912.94
28691.33  17761.53
32859.54  27156.58
27245.23   9436.24
31017.83  18932.54
29895.83  23194.10
       p2p2       
 KB/s in  KB/s out
29944.87  20135.30
25260.29  17790.16
27965.33  23042.73
30651.12  15825.18
29715.74  20999.88
30049.34  22231.42
28791.68  19718.27
26487.64  19024.34
30368.09  24116.13
29413.70  20951.14
29480.83  23209.69
28109.69  21252.12
30202.61  16806.28
29315.67  22863.50
31456.75  24298.75
28636.54  19068.14
30218.90  19646.18
30632.06  20979.87
29817.13  16621.31
27096.26  21263.05
27070.57  21943.86
31126.14  25588.97
       p2p2       
 KB/s in  KB/s out
29238.64  21095.44
30169.11  16833.43
30239.80  15561.82
30127.68  15888.27
28870.85  29636.99
30108.55  17325.05
33133.12  25077.19
31379.77  23315.24
32464.19  15852.44
30361.13  20984.12
29481.88  15880.93
32386.18  20859.99
28453.43  15839.33
26949.73  18897.73
30838.81  16725.10
30235.25  21114.73
30402.97  17823.00
31344.38  15683.74
27841.34  20057.15
27944.31  18035.61
26275.07  13489.97
30697.28  26136.14
       p2p2       
 KB/s in  KB/s out
31979.32  21150.60
32445.98  21070.43
26317.07  16797.07
29327.71  21089.20
30802.93  19037.82
29186.31  15733.53
26673.77  17647.46
28597.61  18036.23
29519.51  23305.72
26383.77  23118.69
25250.45  19814.07
30029.83  24197.74
29408.26  21258.41
29532.48  18576.31
26447.84  14719.12
28322.88  18754.36
26798.57  17959.66
27236.20  18949.22
29517.31  15932.86
29406.16  18943.17
31285.63  14748.42
30432.96  20843.12
       p2p2       
 KB/s in  KB/s out
32832.00  22776.10
30459.84  15916.09
29391.85  20170.70
28762.23  13540.08
31811.27  30300.55
30348.31  16696.75
33045.45  19941.65
36390.49  29365.48
33198.69  17560.11
29575.13  22148.72
33036.00  22152.76
31488.71  20074.50
29769.54  21860.36
33807.15  27150.27
28371.50  19974.86
28550.84  24066.34
29883.61  23123.93
27893.68  18972.82
31538.90  22074.43
29222.35  19906.91
27420.98  25259.66
30242.66  29750.76
       p2p2       
 KB/s in  KB/s out
30463.47  12625.92
30967.06  19378.81
28721.29  16004.58
32906.37  19197.26
28725.07  24056.56
27769.27  18714.19
32704.21  22853.23
26680.30  13472.58
30964.44  14816.27
31939.49  27342.76
26804.44  24298.47
32876.28  29613.95
11997.70   8088.08
  988.62    778.69
  723.14    517.25
53715.97  28805.02
87410.47  57147.58
82839.64  57427.81
74768.91  54078.46
78106.03  42930.91
78079.29  55203.84
81241.78  55469.03
       p2p2       
 KB/s in  KB/s out
74048.49  58660.57
78542.18  62442.17
79477.18  54115.40
81923.42  45524.29
81641.36  49016.90
82005.61  58461.42
81864.49  51041.79
84364.06  54927.05
81501.63  57383.68
81537.31  59589.72
84244.90  51137.97
80124.06  47753.82
75293.14  55277.69
62723.75  37428.00
86502.94  56227.13
82159.77  53311.22
79336.92  45855.36
86227.22  67202.73
79029.93  61141.76
83743.33  55382.34
81759.54  51587.87
88723.15  61875.29
       p2p2       
 KB/s in  KB/s out
79936.36  51098.59
73333.21  56749.69
79859.56  63129.63
86659.11  46858.03
80748.83  54928.51
79870.66  46508.05
89197.18  64785.70
85272.26  52403.83
84143.01  63189.15
81212.53  57168.42
88083.78  52301.62
89373.90  67650.74
78861.45  57385.00
79026.44  55182.97
80070.87  57337.11
83407.14  59526.77
84958.76  67930.66
77438.04  43761.28
90152.77  53934.27
82545.47  61767.11
80708.94  66661.12
78153.54  55966.62
       p2p2       
 KB/s in  KB/s out
83638.20  49067.30
84899.97  57761.13
88632.01  67212.13
87942.68  56535.57
82560.61  57183.54
88238.60  60517.92
77561.67  53175.08
78695.20  52190.55
83539.64  52139.13
80086.09  44559.76
78241.78  58789.12
85360.07  56332.67
75484.23  46869.00
81686.89  59320.42
81772.47  48729.58
83383.65  56447.51
85134.43  60734.87
82306.91  52812.92
83599.74  45983.26
85828.61  64711.77
81205.96  51345.80
78348.13  53041.19
       p2p2       
 KB/s in  KB/s out
78761.44  49779.81
30963.81  15610.90
56480.17  26594.43
84437.01  64759.16
83035.86  54404.56
78756.53  44124.80
76220.92  57326.79
82558.01  55233.75
84952.30  45854.91
85246.52  55480.69
84565.12  53218.85
72575.23  51187.41
77045.49  48620.03
82989.79  49228.36
90355.85  54339.46
81481.92  56524.10
82070.85  57269.72
83636.64  62815.22
84140.23  52920.28
73751.78  50714.22
81804.65  53956.47
81624.40  60088.75
       p2p2       
 KB/s in  KB/s out
80140.13  38523.13
85390.87  49972.61
83460.60  53246.86
80093.33  41240.28
76945.94  51992.79
83358.69  59495.02
85094.55  69704.56
82088.88  61866.42
82418.54  62536.45
84586.61  56383.50
81260.63  63625.84
86861.40  43889.72
81691.67  53712.32
78660.94  59692.59
79599.34  49842.13
88419.19  65336.97
88116.85  56419.67
75296.01  48349.70
82393.12  54989.81
83742.07  58226.42
80512.28  60308.82
86219.41  50116.41
       p2p2       
 KB/s in  KB/s out
84631.87  65832.02
79540.81  61682.76
85074.11  57101.48
12490.20   8981.46
 1173.82    853.25
  981.12    737.43
88522.02  65872.22
103960.5  80550.11
98478.05  65653.24
95748.62  60653.56
107329.1  74327.06
103420.3  68292.46
102242.5  69699.79
107877.8  61538.38
97821.11  59743.80
94254.26  70879.20
96845.52  73862.95
104548.3  66782.30
108666.1  75884.26
99917.61  74341.74
101225.5  66691.85
91323.26  67276.02
       p2p2       
 KB/s in  KB/s out
95000.44  67544.96
102364.8  69441.56
99582.54  79379.35
106956.3  78399.99
97948.30  63261.91
98601.42  62201.63
93823.59  65145.78
96809.23  68410.93
100504.1  64170.56
98356.06  53682.43
96543.50  65036.58
92436.21  52155.91
100247.6  66965.94
100463.0  63547.59
92868.08  48048.00
96768.90  72111.35
94085.25  47428.31
98250.82  84310.71
92867.68  54557.70
95796.13  76358.63
99634.22  76533.54
97410.25  68981.02
       p2p2       
 KB/s in  KB/s out
104506.0  70404.89
32766.65  30694.57
49107.47  31885.92
36657.36  27352.49
76777.28  47893.97
95601.55  69748.86
95621.47  65033.12
100249.6  72566.21
100402.6  66511.88
103282.8  80662.56
98490.48  68294.54
101281.5  71856.93
104413.9  63764.52
109437.3  72432.29
97709.36  66143.10
94997.05  67940.85
101863.7  59962.09
100875.6  54473.80
101516.0  82196.73
106988.5  67211.29
100184.1  78862.03
96824.35  74436.61
       p2p2       
 KB/s in  KB/s out
106050.6  71774.06
102810.2  69048.87
100619.9  57187.02
105021.3  75190.10
104184.8  70254.14
103576.3  68968.80
102045.7  71310.04
98264.53  64048.16
101302.9  67969.50
46624.36  32722.47
71857.42  41620.31
59250.58  43214.26
69245.44  37161.65
84755.44  52254.42
86402.96  62321.95
100111.4  68161.83
99037.31  71472.91
107542.1  60208.50
101314.3  54667.66
95710.34  69119.43
107354.9  68901.99
92491.46  60725.17
       p2p2       
 KB/s in  KB/s out
100773.9  73458.42
102176.4  74275.22
89762.05  53730.17
101328.2  67895.40
97528.90  79090.39
111890.9  77076.56
97781.43  58400.20
102262.6  83993.90
99609.49  69387.22
109721.5  64065.14
110187.6  61573.15
92254.56  61583.82
92307.98  60647.90
97978.50  69164.92
102105.2  68115.53
97427.59  67286.72
78273.37  49866.11
37729.55  23288.36
64254.34  43431.03
39854.73  26030.86
73180.41  48591.69
95438.87  63675.01
       p2p2       
 KB/s in  KB/s out
103001.5  67444.62
105134.3  80957.76
96459.51  60843.89
92719.10  60756.20
102867.6  66363.53
108147.3  61700.87
106048.4  73486.32
103913.3  80281.07
99777.22  71976.73
93230.15  60844.03
97824.68  74288.36
98185.71  65291.83
108792.1  64496.27
96633.33  79677.17
99557.20  64819.64
111392.6  72612.80
 2325.53    719.13
 1271.83    915.35
 3020.59   2498.49
126987.9  82810.55
128840.8  92354.27
117201.5  66473.50
       p2p2       
 KB/s in  KB/s out
115632.5  72115.49
117548.2  73241.42
107985.9  68063.20
90545.43  59216.41
72101.12  48013.89
79853.69  56257.46
98200.52  79919.59
103148.7  66057.02
119266.4  67157.85
111037.5  75587.99
123936.9  78693.87
98383.26  77906.33
126230.8  84960.47
97460.46  61849.58
118780.1  91085.98
109867.4  73008.47
105007.0  73746.26
100321.1  69369.74
118741.3  67232.31
98030.67  69100.08
108745.9  70744.53
109069.1  81050.38
       p2p2       
 KB/s in  KB/s out
106291.4  71726.34
116850.1  81883.34
111738.1  76540.33
111194.0  72407.09
119847.9  71573.17
113924.6  77752.63
123943.8  91468.16
102602.6  64181.80
113665.8  73358.35
119817.4  73721.29
102622.3  68779.59
44128.81  25598.62
67167.73  38209.74
80911.49  55062.12
85630.22  59230.39
108563.4  80300.83
113912.0  79023.04
102002.8  60917.53
123623.2  86210.81
104041.3  71253.08
106547.2  63889.88
102398.7  73216.61
       p2p2       
 KB/s in  KB/s out
96113.62  77661.97
115462.6  73584.59
108406.9  72889.97
118234.6  83558.81
122166.8  85166.51
108066.2  71817.73
119717.0  77450.57
104262.4  72594.08
109671.4  68506.63
109750.3  68207.91
108115.5  65412.64
121275.1  87309.59
117724.4  79193.27
114876.0  71539.91
105231.0  68996.88
116690.4  78864.81
110129.7  85040.73
104821.3  66010.28
118849.3  77429.26
97391.18  74355.82
70610.40  52100.85
67363.78  41544.74
       p2p2       
 KB/s in  KB/s out
78706.18  60297.39
96211.48  61713.77
92633.20  56677.81
111330.3  86298.60
104325.5  67399.72
115810.3  72352.83
107858.6  73150.08
108473.2  75394.86
101223.9  79796.56
111434.5  87572.15
110327.0  68246.00
100440.4  76703.30
119240.3  74175.63
115437.7  77491.37
114779.6  72362.13
118461.9  76438.60
99370.87  77443.56
113578.8  77309.75
113066.6  79478.73
110707.7  65218.12
102987.4  68135.89
115858.8  73855.00
       p2p2       
 KB/s in  KB/s out
89248.67  55937.79
105882.0  72012.12
103036.7  76716.24
113532.4  81355.45
110650.8  63108.84
109342.6  74436.44
107357.1  75629.55
108521.8  71468.76
100336.0  62111.17
115745.6  67298.77
109751.7  65966.18
114917.1  75774.72
105397.9  68416.76
119751.7  90809.45
102612.3  74358.55
98195.43  69240.36
107836.1  68914.91
94949.50  62634.14
102943.5  67916.11
122371.1  69017.52
107412.5  82459.06
110544.5  67109.37
       p2p2       
 KB/s in  KB/s out
99627.04  66087.47
101566.2  68018.09
118350.5  88224.16
89871.39  54462.01
109961.2  70483.93
91957.57  62777.62
120996.5  73590.64
 2813.99   2139.68
  856.58    696.40
  974.38    648.74
 1115.58    767.16
  896.83    770.83
  739.91    626.85
  783.28    752.33
 5634.24   3744.56
132349.3  79699.05
102266.2  73059.24
104845.4  69078.28
117848.4  76274.25
105359.6  82641.89
111111.6  85098.91
118829.5  79868.20
       p2p2       
 KB/s in  KB/s out
133200.3  91206.30
105694.7  70320.92
113378.8  68248.90
144011.3  103750.7
121641.1  94044.84
121259.1  79909.09
102767.0  63234.51
123322.6  89587.21
105906.6  71256.62
116820.3  77533.79
108190.2  67681.24
109998.4  70267.81
111011.7  73128.13
108898.9  60432.29
113694.8  61093.27
113044.5  76806.69
115076.4  76810.63
120537.6  67098.36
126767.8  84097.16
110839.6  84978.75
91722.19  59736.63
108640.3  74473.29
       p2p2       
 KB/s in  KB/s out
105509.3  64603.05
107445.2  74200.07
128186.7  88693.88
114721.2  73858.46
129359.6  80040.29
105049.6  64369.84
105061.7  67895.64
111267.4  77390.17
110627.6  81057.94
100303.2  58703.55
98366.25  73247.55
135257.9  103034.7
110097.9  80116.65
129441.6  95544.01
103006.8  62037.97
119682.8  83582.56
106309.7  66755.94
107344.9  72552.84
133152.4  92358.95
126807.4  81044.64
113618.5  57141.15
107464.7  53959.31
       p2p2       
 KB/s in  KB/s out
114616.6  72425.47
123412.8  78453.97
91170.23  57197.40
112101.2  71380.90
117152.3  62047.18
113473.3  79020.74
122675.3  87759.97
96335.53  60779.38
86658.19  53253.92
115898.2  80996.28
102624.5  70694.71
108428.6  70443.57
114154.6  80975.94
97539.26  62209.00
97989.53  66568.24
108449.9  79091.04
118617.7  70559.79
125679.9  79232.28
110009.8  66829.10
115920.3  82006.15
98911.38  54629.18
109019.2  74869.30
       p2p2       
 KB/s in  KB/s out
105609.1  61969.54
107721.2  63884.32
124572.3  93913.15
121742.4  77125.92
125300.3  89189.54
124880.8  89893.41
126268.8  94516.72
116519.2  78671.10
107767.8  69767.22
116955.7  82470.46
116605.8  81882.04
97188.79  65943.90
101588.6  64478.46
113347.7  82646.88
125082.2  79939.19
104764.6  57997.73
110606.6  69966.96
103232.7  69154.27
88876.25  47324.52
130366.1  79061.28
118472.2  80123.39
92987.32  60773.65
       p2p2       
 KB/s in  KB/s out
129804.6  82364.60
117849.5  73591.80
91142.10  55172.26
106154.9  84916.56
101042.8  73621.62
125182.7  88070.65
104191.1  66284.86
101693.6  64709.77
132699.8  83719.78
107276.1  71451.59
125889.1  88939.27
129719.6  90122.73
120848.6  74466.16
105619.8  65740.18
126476.4  84762.37
106128.6  69724.54
102644.6  71280.59
111834.9  62216.21
129953.2  83975.39
110052.7  71472.33
119936.5  79544.21
126256.6  88098.67
       p2p2       
 KB/s in  KB/s out
111739.6  72088.97
107195.1  73582.25
56267.16  45916.12
17167.04  15231.29
 1609.16    915.85
 1084.03    764.88
  631.68    596.48
  752.49    638.70
  709.94    577.19
  725.25    674.73
24871.46  16216.46
53180.16  25820.48
48506.72  29223.50
49347.84  45543.63
60518.10  26633.30
22104.63  17983.01
32110.89  16290.03
57317.21  50595.10
61584.74  74547.27
35651.35  19023.62
57500.23  51636.21
45034.88  29254.55
       p2p2       
 KB/s in  KB/s out
50403.91  36521.42
53498.89  44670.00
40956.77  33396.86
60680.75  26721.05
45339.66  50425.47
67189.87  76767.57
47526.57  24712.52
45046.36  35529.34
50797.38  32743.23
49801.40  20341.65
44853.93  35336.71
61245.46  26821.64
41595.57  12561.45
63303.75   9374.71
46415.02  21359.18
56044.85  28817.91
61715.83  41983.48
43008.08  17216.40
47167.92  48577.57
54855.41  22886.60
53055.97  77814.57
57148.42  18525.45
       p2p2       
 KB/s in  KB/s out
50137.00  38421.22
42557.97  29020.93
55476.29  32230.68
58691.58  33383.99
64364.16  52836.61
55257.02  57149.13
40159.29   9294.01
59761.44  48782.17
47096.45  18402.72
68473.95  48290.54
48694.99  44618.00
51195.71  39871.65
45599.07  56536.96
52168.22  34656.85
65327.04  42207.43
65688.56  54948.30
45218.24  40855.60
48049.82  20284.95
43383.24   8259.79
57897.32  25762.14
47695.65  25929.06
45361.89  40071.45
       p2p2       
 KB/s in  KB/s out
47858.04  25957.76
57719.00  43303.40
62017.78  50493.80
57006.78  43998.14
57090.48  42522.54
60607.97  32575.15
57248.99  24696.80
45439.50  17455.95
68855.66  46515.35
54547.04  41870.55
50657.68  26852.70
56870.27  36377.96
61318.01  25706.37
52583.88  49576.46
71942.74  39883.30
50373.64  60846.28
48578.38  32859.34
56366.44  47011.70
47923.63  29791.47
60368.19  42326.32
45853.74  19070.83
54547.44  38853.17
       p2p2       
 KB/s in  KB/s out
44575.05  45970.96
42345.01  27713.63
49402.05  10568.66
55568.90  33269.08
43866.84  41787.60
63797.42  35366.11
46915.03  14098.10
58085.38  46827.43
49138.57  44139.35
51760.65  52775.74
59880.23  59277.22
51877.19  26684.02
68411.53  76657.89
46837.00  21651.87
63396.36  35092.96
39662.60  15174.12
48486.25  24682.34
61581.84  41953.87
50697.28  35475.08
44387.35  25882.28
68629.86  69939.01
47041.62  43347.86
       p2p2       
 KB/s in  KB/s out
64738.52  34461.07
47541.44  52640.57
59867.99  50751.52
50916.72   9404.99
56330.71  28773.10
57349.19  52651.13
65168.81  30551.39
44996.03  21637.07
49674.93  40717.17
38376.93  28712.18
54324.20  50897.03
53290.70  48790.53
52393.35  17066.13
36893.46   8627.63
67689.77  47454.95
44104.99  46049.97
45059.49  25731.79
44611.40  10584.01
67148.53  57863.07
49704.06  27759.33
12642.90   1721.60
  655.54    579.29
       p2p2       
 KB/s in  KB/s out
  795.22    714.81
110701.0  79128.53
152960.9  100077.0
175457.5  96805.46
189939.6  148835.2
164633.2  114874.4
117725.3  91881.88
121331.0  113447.3
122141.0  106006.2
129054.7  82950.64
132544.5  111182.5
125280.6  79392.52
113916.7  71699.82
81084.51  83490.22
153975.7  132384.0
85779.47  36903.45
105300.9  49740.74
106440.4  56671.33
112562.0  51506.16
139305.7  111305.6
98312.89  84176.55
136047.6  69288.17
       p2p2       
 KB/s in  KB/s out
115968.8  98048.80
99758.91  104342.6
111844.7  86363.14
99142.74  42407.90
97869.26  86070.40
111080.6  72121.49
108220.1  55204.67
126003.8  41792.42
120647.1  94992.67
101372.8  66975.43
67764.61  49268.31
136932.9  75348.70
97636.96  51780.22
140422.2  94757.30
138523.4  94443.73
99310.59  76336.93
128473.3  100520.3
135641.9  79250.55
113154.1  101646.7
120633.9  76062.09
78028.09  77355.65
117976.4  42095.09
       p2p2       
 KB/s in  KB/s out
117690.4  52184.58
121838.8  72575.88
130519.2  81427.24
126686.7  76205.21
110877.1  57650.69
119922.9  67259.27
105877.6  69339.92
125030.7  72029.46
146803.0  105654.7
79112.16  56133.92
86578.43  46094.97
117513.5  95134.19
142992.2  86309.09
108778.0  43281.56
130667.3  77023.72
129776.2  112768.3
93011.92  80913.18
116737.6  69839.01
125173.9  75885.54
108499.6  70576.27
141835.1  100896.5
125654.4  63065.12
       p2p2       
 KB/s in  KB/s out
94019.27  66782.33
133704.3  128751.1
128128.6  84745.77
150740.4  116544.1
155271.5  94955.11
122047.5  62391.92
119543.5  51072.70
140755.0  85396.46
141367.6  70536.51
78004.24  49816.09
148676.4  109317.6
115699.8  91959.73
104631.4  65544.81
71322.54  68271.93
115811.4  68491.59
149443.8  46542.69
121415.0  64177.36
107624.1  36763.03
153610.6  96829.33
108067.2  62765.16
128161.3  78003.96
140303.6  100581.9
       p2p2       
 KB/s in  KB/s out
135569.9  77994.99
126300.6  67774.32
163585.3  96863.24
104921.4  77924.99
125668.1  139830.3
112151.0  95952.06
116595.8  82891.11
83360.93  51538.26
110733.0  106497.1
125983.4  58839.26
134742.5  104486.6
121937.1  86233.98
111949.9  43298.83
148739.4  103838.4
105287.6  68219.64
133539.4  98044.17
118303.1  87616.76
103326.2  66593.33
141711.8  76619.05
127760.0  75027.82
50809.35  12415.19
127378.7  93924.92
       p2p2       
 KB/s in  KB/s out
93942.60  29184.38
142118.3  99972.50
153596.3  66600.42
88256.81  54006.39
115427.1  95859.05
93523.65  73854.88
114182.6  84574.37
100899.3  65542.99
125951.8  50294.66
95211.46  52033.08
115045.1  58477.85
 1430.52   1881.06
  772.39    629.93
54402.57  45043.08
290623.6  212590.1
243938.1  128142.4
229728.1  84801.19
276159.2  198238.7
231918.5  197483.1
290057.7  195390.1
320310.3  230170.7
269008.3  123097.7
       p2p2       
 KB/s in  KB/s out
245273.2  137436.3
257514.9  185223.5
282170.6  202169.7
223118.8  219138.9
257389.8  154292.0
303271.1  185909.2
237692.2  145939.5
256424.1  151051.4
243575.6  188690.4
267383.4  140969.2
266087.7  161920.5
280003.2  170336.1
273953.1  249726.4
257473.0  131365.4
216306.7  159380.4
270403.4  121205.4
257190.6  211212.4
305782.3  274453.5
236093.1  163796.4
195751.4  122111.2
268490.5  191752.7
255828.6  250347.7
       p2p2       
 KB/s in  KB/s out
255219.7  233943.1
269522.9  205033.9
267201.7  120244.6
211628.5  169722.9
309676.7  194719.4
236359.6  163519.7
245042.6  138642.2
289874.8  257612.3
260631.5  147545.5
234963.8  133255.3
227384.8  115415.5
179671.4  140612.3
228327.4  158686.3
253626.5  135789.8
245392.5  219570.2
223381.3  114218.9
209126.3  114488.9
233345.8  110570.2
277600.7  206771.2
290475.8  171007.7
235439.7  137620.2
275291.3  216271.2
       p2p2       
 KB/s in  KB/s out
287384.7  198168.1
235679.8  124425.7
238879.6  167923.5
250820.0  210644.1
262811.8  138353.3
257080.1  176939.7
256347.6  194620.7
257851.2  158365.7
239412.8  242754.8
254098.0  136215.0
247001.5  104699.2
276979.8  200543.9
239789.4  215936.5
226150.9  153458.2
260074.4  167903.6
196815.5  113928.4
265390.8  185119.8
255744.2  145416.1
234578.3  215773.5
222052.7  184372.7
240183.6  120864.4
252154.3  108802.0
       p2p2       
 KB/s in  KB/s out
225004.3  157956.0
223507.1  82338.03
254253.2  194152.5
246919.4  169756.7
237527.7  172535.2
256616.4  153676.2
274863.6  149053.6
228374.6  194369.1
280827.1  193232.3
272656.1  215209.3
205190.0  98919.16
247224.2  145224.7
244609.8  164212.3
269312.1  218250.6
223117.4  190645.6
245998.5  179631.3
270784.6  166861.9
273811.4  187049.1
271768.1  164289.2
305897.6  246443.8
281300.1  190544.9
290071.7  158685.6
       p2p2       
 KB/s in  KB/s out
223650.2  140517.0
251276.9  179724.4
288474.9  173362.4
233402.5  126746.2
259627.3  159013.3
296274.5  188188.0
225128.7  154268.6
197406.1  178108.8
261283.1  162866.9
248917.3  171569.5
211250.9  132025.2
210645.5  144038.8
246371.2  169785.7
259725.0  176950.1
165190.8  125075.0
174123.1  146168.6
279921.8  188044.4
275660.3  186411.6
206834.4  162967.3
260537.5  142877.7
226158.4  83510.86
233851.4  141649.2
       p2p2       
 KB/s in  KB/s out
205417.4  113590.0
174719.7  90384.69
 1453.99    704.46
  860.18    648.56
  853.68    757.40
  661.31    545.80
  573.39    532.14
  578.07    558.89
  863.92    828.55
202451.0  140471.5
259679.0  191628.6
281949.0  173841.7
310935.7  208477.8
323275.2  244479.9
306871.7  239661.9
323559.4  182839.5
332231.7  250501.1
291909.9  166218.9
300719.9  216360.7
264398.8  155565.7
284269.8  177931.7
305915.8  161851.3
       p2p2       
 KB/s in  KB/s out
332766.1  174918.6
307364.3  214813.7
311546.0  251700.7
333021.1  253430.9
276023.6  176466.2
350695.3  216922.6
353344.2  262718.9
302133.6  274717.1
283252.0  143748.2
317539.7  209249.8
284008.3  197000.0
352031.2  230776.8
319206.9  218770.0
357242.2  161113.6
319008.9  183278.3
348913.8  224808.5
356842.1  239004.4
361366.6  224472.4
309574.8  144745.5
207526.3  146772.8
288582.4  137012.7
237138.7  169057.5
       p2p2       
 KB/s in  KB/s out
335690.3  271042.3
292045.5  135481.0
344860.9  250066.1
343622.8  286627.0
322279.7  190314.5
340141.7  238319.2
316610.5  208158.4
298736.0  149962.9
318099.8  222285.4
253447.6  225266.1
360574.0  187618.7
310458.2  248362.9
331819.8  192321.9
326093.0  259081.7
331926.1  237519.9
362632.4  236727.1
331557.6  160028.5
317504.1  208523.8
330307.9  224938.0
303351.0  126503.9
289079.8  217742.7
330972.2  250495.7
       p2p2       
 KB/s in  KB/s out
318603.1  195751.5
342089.6  200511.1
297107.6  203245.6
307165.4  206192.5
302385.1  245102.3
300805.9  211947.7
368261.7  233201.8
305954.8  242069.5
326171.8  181758.8
300701.9  198318.5
282469.7  163112.6
288093.7  224960.3
301928.1  163922.2
344164.9  201300.0
266581.9  206569.9
282696.8  205990.4
351752.8  272775.7
328169.9  204326.1
306514.6  180024.1
321355.5  282056.6
304935.1  181083.8
290199.0  228494.3
       p2p2       
 KB/s in  KB/s out
316781.7  246919.2
290268.0  232338.4
333543.9  218097.9
276454.8  112888.8
300928.3  258254.5
328906.1  223513.9
321141.9  207289.6
314049.4  239947.7
334891.0  181941.5
327479.5  233484.8
292713.6  139591.8
273731.3  136350.5
359388.9  173808.8
360608.4  276092.0
354818.8  266336.8
315624.1  223064.5
323126.0  224892.0
296852.3  143074.7
318491.2  251433.1
324351.7  211434.6
296301.7  214103.0
328229.0  197679.9
       p2p2       
 KB/s in  KB/s out
293780.3  188879.1
368236.0  313802.7
307971.7  149861.5
330861.6  271541.3
342789.2  221593.5
352125.6  230073.0
294132.6  238432.5
304687.3  192959.1
302420.0  165838.4
354751.9  230980.0
306298.6  179909.5
339285.1  218327.8
290870.1  222221.6
296035.0  126759.5
319366.8  135015.2
344732.7  244225.8
287095.9  202368.4
307194.8  215622.1
329487.2  198639.4
195968.3  123289.7
  945.59    735.00
  689.34    599.82
       p2p2       
 KB/s in  KB/s out
  821.73    729.63
  816.88    625.97
  466.03    372.67
  745.99    706.81
  983.73    950.01
385183.5  304834.6
229931.2  174590.0
76854.56  34213.86
82664.29  98628.43
294720.8  245583.3
339049.2  248340.9
357581.5  285318.5
352862.6  212324.1
377654.1  323411.9
352781.8  231432.1
341560.6  254314.5
345827.8  222573.9
385022.8  175726.9
381561.0  258651.5
378644.3  249986.8
361841.3  227458.7
387835.0  308724.1
       p2p2       
 KB/s in  KB/s out
363670.0  283337.7
360608.1  292084.7
289283.0  196794.7
308713.5  119754.6
386742.2  213511.3
348504.3  231572.5
384595.3  291091.4
372335.5  244401.2
387206.1  194070.1
344331.2  232321.8
384522.5  271947.1
340234.0  193880.9
368885.7  207543.1
302614.8  151635.4
393025.6  207857.5
409674.5  285207.1
289057.9  145521.3
407924.0  305562.1
368157.5  182157.1
175561.9  137889.9
411544.4  285477.6
366111.7  332284.4
       p2p2       
 KB/s in  KB/s out
326465.0  248585.9
355979.4  226788.2
374347.0  251898.0
400449.3  244083.6
370049.0  253319.3
328439.6  217378.4
375273.8  264383.5
117677.7  81171.06
406257.7  236252.3
343377.1  185057.0
358550.1  229522.8
383129.0  290142.3
356984.3  258434.1
360896.4  262729.3
393587.9  288098.8
351784.8  176578.0
353680.8  274474.8
318812.8  248381.0
375089.2  263329.3
381805.2  254787.3
362830.5  272102.0
325376.2  154820.4
       p2p2       
 KB/s in  KB/s out
322145.6  182486.7
280824.1  185432.9
391377.3  239031.5
337953.7  252506.1
317224.6  195659.7
293765.3  212711.4
358367.6  153374.6
358248.5  281565.5
344838.2  244667.6
354246.8  217028.8
436590.5  271985.6
398531.6  299979.1
404029.4  229283.4
391266.0  235589.0
361357.1  277860.1
376965.1  276274.0
321736.9  199760.5
315749.6  239646.0
409481.5  241113.0
436693.3  335040.4
356052.5  218273.4
380247.5  242585.2
       p2p2       
 KB/s in  KB/s out
411793.6  267523.6
364170.8  285076.1
387216.5  268343.0
400309.1  151043.5
351155.0  322670.5
375033.8  230269.2
393290.1  355076.3
339191.0  271002.7
397046.5  251017.5
326213.3  171395.6
386836.2  144781.5
372809.4  206618.5
324869.3  265173.8
355076.1  251056.7
367991.0  188558.2
378878.4  213886.4
399766.7  287334.1
382245.1  259353.1
374328.9  234841.1
388738.5  232662.8
368088.3  286353.0
426737.5  308172.9
       p2p2       
 KB/s in  KB/s out
361129.0  266599.9
301462.0  199683.1
338377.6  206217.7
379637.0  245308.4
327462.8  217445.2
384268.2  246016.7
389241.4  242820.7
374767.5  229492.6
384654.9  315683.5
389318.1  263599.3
450305.7  363145.1
327704.6  291347.0
352117.7  283520.6
350684.2  189368.6
350473.6  261313.7
169416.4  139249.5
 2981.36   2881.96
 1349.91    665.11
  738.72    648.57
  533.80    478.34
  593.98    449.99
  946.31    862.67
       p2p2       
 KB/s in  KB/s out
  587.17    555.77
361999.9  228567.6
463696.7  276338.5
490399.6  264567.1
401017.3  270869.8
424770.4  309428.5
500714.4  310861.4
394681.0  253943.3
383688.9  232227.0
371498.9  217966.2
450757.6  327441.3
398666.8  220535.8
342697.7  274391.0
388584.8  331229.6
448866.9  274432.8
404796.2  255669.8
439904.9  355207.2
390386.5  191964.8
447777.4  272543.2
385045.9  292158.2
397637.4  231868.1
396770.1  231795.7
       p2p2       
 KB/s in  KB/s out
390518.2  239348.4
433327.4  262989.5
393678.9  196288.8
390378.3  257701.3
397459.3  364561.4
381813.6  242518.2
381274.2  253773.7
453794.7  241234.1
401001.7  280402.5
482748.6  396497.7
404818.7  226274.2
401521.5  271994.9
435939.6  281699.9
394525.6  223239.9
443461.9  292967.2
383990.6  246620.1
458958.5  340007.6
431619.4  312506.5
411470.2  218576.5
338797.0  282341.8
339232.3  170871.2
408990.7  287824.5
       p2p2       
 KB/s in  KB/s out
350568.9  260941.0
388310.6  234392.3
390252.4  224249.1
406718.3  226993.0
413759.5  324513.3
480119.6  351556.2
415942.9  202762.5
424521.2  270282.2
412839.3  239250.6
413109.5  323362.3
415458.5  269244.5
268964.1  117187.4
218208.9  170896.9
328343.6  237987.7
424859.6  222164.2
454037.2  293438.6
365891.1  256303.0
362031.3  309266.0
426483.3  240933.4
391060.9  316067.4
437023.7  311171.8
387810.4  236211.3
       p2p2       
 KB/s in  KB/s out
382291.6  241527.4
391692.9  279985.6
425980.4  233104.8
387656.4  250533.4
396981.9  269695.4
409676.1  246526.1
439064.3  257707.1
341850.5  187589.6
432347.1  338472.4
379688.0  206977.7
366052.6  284810.2
368869.9  167960.2
390879.3  311436.0
348057.7  233313.1
390610.7  293100.1
433737.5  258139.5
397616.0  229319.4
415891.0  274488.0
397619.0  273503.4
428780.4  332865.6
423746.3  274548.5
378713.8  210390.0
       p2p2       
 KB/s in  KB/s out
393743.4  273100.2
440167.5  303113.7
409166.7  268970.7
376049.3  256981.5
378321.1  325046.9
360479.1  264289.4
399207.2  325629.0
400028.2  284351.4
417270.7  208961.5
372470.2  271436.5
373625.7  234206.9
394772.1  261336.6
407386.8  226235.0
447657.7  265206.2
431962.5  274655.6
395067.8  303483.1
434333.1  260220.8
411738.8  286838.2
377102.2  264881.1
407761.1  256571.7
436169.7  228254.7
417653.9  288424.4
       p2p2       
 KB/s in  KB/s out
435859.1  306489.8
403954.6  248993.5
364843.3  274352.8
461461.5  247319.3
365691.1  273134.9
397302.8  243438.9
387379.3  219332.9
404136.6  270987.8
415308.9  213024.4
359849.0  293119.5
527427.3  270950.7
314323.1  253786.9
144733.1  104721.9
27919.88  12034.21
  781.02    577.49
  957.38    754.89
  529.08    534.88
  899.96    774.76
12594.26   3888.38
96284.48  57981.98
92908.26  26782.96
56718.41  26812.07
       p2p2       
 KB/s in  KB/s out
77292.84  18970.49
108754.6  99829.18
47146.64  35118.62
67798.71  56661.68
91920.76  87810.73
73978.96  76992.30
64338.32  44986.66
85853.97  60983.04
91938.60  63177.67
61556.87  45891.22
76162.69  56280.42
56841.90  45804.65
93490.78  72283.71
85480.38  52553.51
79217.48  53526.44
67948.27  65311.05
94714.01  69672.64
74261.69  44018.51
85150.45  43845.29
82355.65  27862.63
38320.56  35064.21
63017.93  26576.34
       p2p2       
 KB/s in  KB/s out
117739.0  70447.70
74503.52  48558.03
85362.55  55672.96
58641.96  49292.64
94763.27  82567.19
73765.31  26529.40
86404.42  95367.40
85388.16  41827.05
91123.10  74026.89
86566.75  27789.86
99296.88  26635.51
94683.06  69664.23
65565.00  14767.73
93911.54  57031.52
76294.23  86931.61
71089.89  36313.56
88066.16  56724.23
82145.91  55687.15
84300.04  70651.78
79123.11  36358.43
88633.91  62273.55
91128.20  86818.06
       p2p2       
 KB/s in  KB/s out
78517.80  43764.01
89492.40  35333.10
97604.13  82373.66
63166.55  56399.19
69607.36  32566.12
101755.0  82441.26
86243.42  58767.36
94730.63  44020.73
91906.64  67363.01
98223.09  83567.46
68380.51  22471.00
71946.36  43796.73
90123.97  60910.31
80268.78  58052.58
87865.61  44953.58
85686.37  70567.78
79271.46  58765.62
84417.96  64486.72
78396.59  62255.35
84796.94  48102.14
90718.07  62140.62
62467.24  48015.08
       p2p2       
 KB/s in  KB/s out
81191.92  79185.49
91014.75  36465.95
103818.4  43965.13
71207.26  35060.39
85307.49  18180.88
89786.27  22358.56
74993.10  24480.68
79970.34  51412.76
78335.49  58788.75
45238.08  31010.85
84334.39  26700.38
77166.26  61019.24
95803.55  45173.95
76037.42  52447.09
71805.44  43744.81
76129.91  58827.24
81652.04  90031.98
68927.87  32109.95
75069.66  56837.62
91537.28  57813.68
101126.4  63119.67
88929.84  39635.30
       p2p2       
 KB/s in  KB/s out
79208.40  56783.04
73037.11  52492.53
69209.43  60846.59
66378.88  22499.97
91939.27  39512.10
85918.93  66496.88
81149.27  72627.74
54874.42  27768.07
94057.24  43963.79
80843.48  82526.74
73627.57  57929.76
104487.2  113657.8
77544.72  40671.99
50893.81  34263.54
77548.08  26575.46
89695.59  67088.56
102293.7  50656.51
68020.04  34882.07
72999.14  44032.95
67223.69  43781.02
92710.76  79357.20
90542.01  43997.57
       p2p2       
 KB/s in  KB/s out
103340.5  62057.12
103911.4  78958.92
49254.87  51316.55
96154.50  69712.52
71584.40  19055.57
94402.56  52596.65
87848.91  52470.95
15241.12  17891.26
  642.90    579.27
  771.56    743.23
  701.42    642.60
  636.80    584.84
  741.29    744.37
  614.44    616.37
78619.02  35316.05
193915.0  101851.0
197861.7  132315.6
179622.1  115103.7
167956.5  146028.1
162930.1  85339.94
121571.9  103483.8
156943.1  138990.7
       p2p2       
 KB/s in  KB/s out
123655.2  87026.60
128220.5  100903.5
198381.0  120574.8
156951.4  74145.26
152042.1  70063.24
179789.0  78560.47
131358.3  92383.73
187029.0  120384.3
195646.7  132297.8
128960.2  102162.1
139839.2  83703.84
125021.6  58009.84
149523.3  142398.3
150252.0  121561.1
150379.9  111584.3
121178.4  98834.96
140208.5  72188.42
164711.9  127887.0
180290.0  114806.9
183287.6  164553.0
189072.5  121148.9
140140.2  79718.81
       p2p2       
 KB/s in  KB/s out
120669.8  30619.71
118839.5  111940.6
144737.5  87061.14
193331.2  162349.5
131027.2  115484.7
155270.0  116867.3
154784.7  90459.08
128614.0  68564.45
141142.0  104355.3
133702.8  138318.6
126502.4  85810.23
159602.5  153353.0
195805.3  75329.90
192858.2  85221.17
190043.9  95714.85
147263.3  121484.8
119364.8  75388.62
160361.3  91164.72
215019.9  146667.5
163488.8  79510.52
111312.5  39891.06
173404.9  138849.8
       p2p2       
 KB/s in  KB/s out
94744.34  82434.77
161043.4  81934.95
172492.6  106442.6
148505.1  82916.27
185329.9  112766.9
149293.9  91718.96
140123.0  83017.26
130579.7  97870.71
142679.3  89061.64
191179.4  123743.1
92323.02  41672.92
184369.7  89040.12
189058.8  155476.0
114894.7  61225.50
122082.0  57983.69
173738.8  116138.7
146243.1  111950.5
120285.8  74780.85
174331.6  131181.8
123020.3  66630.46
152574.7  82738.94
160549.9  92585.78
       p2p2       
 KB/s in  KB/s out
149147.7  83927.77
155135.7  129924.1
190017.6  147449.9
137973.7  87699.21
92191.85  61564.37
171492.9  103152.7
161266.1  88195.86
106947.3  82722.85
159735.8  71214.51
176707.2  139253.8
128149.3  74933.98
171090.4  110720.3
90646.25  63334.15
202783.4  88214.00
183946.7  113303.2
162396.9  78388.22
134989.0  111830.9
181380.2  92543.63
134574.3  63483.56
130510.8  88256.60
106739.8  100519.7
190239.0  134876.2
       p2p2       
 KB/s in  KB/s out
129990.4  49481.03
144926.4  44293.23
129922.5  105087.5
90990.99  44902.69
128875.7  108526.8
189263.5  118529.5
146431.5  103110.7
128505.1  79470.34
144577.5  94572.56
152284.0  70902.31
157607.5  66614.24
168451.1  118447.2
139525.7  65492.46
104824.3  67719.60
162755.8  160111.3
172901.8  97712.25
145412.4  77434.26
128166.7  94467.06
175739.1  91470.33
104542.0  91197.65
165807.1  78483.54
155465.1  131235.7
       p2p2       
 KB/s in  KB/s out
165469.4  92585.43
170261.2  94900.74
136745.4  71022.78
  484.78    472.57
  813.02    710.06
  720.94    614.38
  594.32    525.53
  855.64    787.15
  569.08    575.79
  644.21    607.99
194229.6  106960.7
312925.1  267441.4
228236.1  135861.0
268513.1  180782.7
347856.8  184372.2
252532.0  178877.0
308803.3  191511.6
260151.3  217301.7
349600.7  233657.0
329598.3  253937.8
302683.6  167773.5
280571.1  191718.3
       p2p2       
 KB/s in  KB/s out
323121.8  194940.6
270342.8  211570.5
335648.5  203442.5
300636.9  159905.4
309619.2  157618.3
282647.5  192696.4
321669.2  234788.7
246673.6  217307.4
303510.6  176539.0
246281.3  127183.5
317868.1  266914.2
319276.8  220240.5
300695.3  180029.4
313077.5  203544.8
327377.3  200049.5
323312.0  174813.7
286931.7  212236.2
350385.0  199920.7
329421.8  244713.3
306013.8  195381.9
282968.3  196586.0
305596.4  197650.8
       p2p2       
 KB/s in  KB/s out
250371.7  178849.3
296698.3  197403.7
304086.1  193378.3
333265.8  192535.2
350832.7  342293.3
316455.8  215661.7
327156.8  243387.9
288157.3  224806.2
336368.5  219448.6
332029.2  239012.0
286657.9  204195.6
285194.6  174770.4
276842.9  172914.3
332774.2  264254.8
270136.5  163501.0
222305.9  194776.9
287364.1  137199.3
307945.4  260561.6
319357.8  251900.1
327004.7  223221.4
332758.6  224599.0
336689.8  254928.8
       p2p2       
 KB/s in  KB/s out
329525.6  234966.0
304827.6  215003.4
312141.3  230685.0
301080.9  212899.2
308385.2  194449.6
255643.7  155180.1
287134.4  129250.4
330375.4  195356.6
333338.5  285147.3
323827.0  229581.9
292079.2  219424.6
341626.6  251420.3
281997.1  120402.1
321838.2  216984.4
249470.5  143925.8
257278.6  149924.7
252706.8  190447.1
286253.2  207937.4
281269.4  170910.1
293683.0  186656.2
281228.6  221282.0
308824.0  227147.2
       p2p2       
 KB/s in  KB/s out
295548.0  185589.4
303071.9  188855.7
246737.0  189300.8
306613.8  207288.0
293755.2  155050.2
319409.0  250066.4
324929.0  189115.8
240466.7  157405.1
279502.7  198213.3
341174.4  220698.2
264816.1  205661.0
321179.9  260795.7
283103.8  188055.4
274620.2  169480.2
310239.6  170904.4
290379.7  198938.1
277213.9  219580.3
221082.9  170598.9
331450.2  192236.8
326025.9  295547.9
332155.7  259269.7
341527.2  237152.4
       p2p2       
 KB/s in  KB/s out
265638.4  152097.2
270398.8  236450.5
321505.7  207940.5
317340.2  199779.9
302063.1  203207.7
292579.1  169798.8
280737.4  230407.2
267393.3  180949.3
334133.9  248338.1
337180.5  252433.3
272023.1  194603.1
319335.6  174642.7
262519.6  203980.5
354421.2  200694.3
291284.9  196602.6
229879.8  146234.9
286136.6  158091.2
357783.5  251414.1
324810.6  263544.8
325457.8  221108.3
237311.5  130379.2
50970.71  39462.99
       p2p2       
 KB/s in  KB/s out
 5323.23   6063.51
  710.64    602.69
  971.39    776.18
  490.50    381.52
  858.79    770.83
  539.05    504.99
328486.8  246362.1
355794.5  256087.9
402277.9  303953.5
354057.8  264386.4
258347.6  132922.2
353759.6  241337.5
370985.6  283294.6
371676.1  221908.2
320889.0  210022.7
384173.1  263278.9
385055.3  217454.9
326601.8  204121.6
344342.2  206927.8
333600.0  189567.7
440815.2  326510.0
344282.2  227013.1
       p2p2       
 KB/s in  KB/s out
332126.8  241902.3
367753.3  221782.8
386441.0  278011.6
440718.5  305325.5
389006.8  257670.9
371296.2  281575.6
405697.8  329650.3
392378.2  257291.3
381174.5  357184.5
340842.1  256601.0
305724.5  189312.9
358869.7  141756.4
371187.2  181811.1
359615.7  280045.4
358739.9  233020.5
359482.1  258462.5
359463.2  207116.3
383373.0  216773.5
386119.2  289777.9
392200.8  267233.3
380108.9  300608.6
372307.5  281926.1
       p2p2       
 KB/s in  KB/s out
386127.3  263420.7
324849.2  175245.7
382621.8  290252.7
422085.7  241302.6
342848.7  292286.9
338142.1  209118.1
303164.3  226487.6
337378.8  275641.7
384434.3  154765.5
397223.7  264909.7
333129.5  285105.9
336686.2  236408.9
390618.9  277358.1
357383.4  212183.9
386784.4  288570.3
380224.9  200599.5
399459.2  256811.1
331575.7  247153.9
350220.1  255782.6
388285.8  279339.2
391118.1  255919.2
344806.4  251056.6
       p2p2       
 KB/s in  KB/s out
349262.8  184088.3
366184.6  263216.8
375105.6  252904.8
415881.5  240065.6
390610.7  295880.0
369545.4  269302.0
354729.5  189922.8
347753.4  211447.0
367182.1  282099.6
390997.4  225748.3
400736.9  230618.7
390912.3  283412.7
377952.4  274060.1
369320.3  246395.6
331912.5  189509.4
312566.5  207539.1
344236.9  226371.9
357154.8  235997.4
352096.5  207159.3
347123.9  250527.8
361675.4  330007.1
349688.7  213336.7
       p2p2       
 KB/s in  KB/s out
358340.9  197533.7
395210.5  226325.7
457685.6  264838.1
192004.9  150247.7
279498.2  155306.0
336169.6  219889.8
405699.8  378918.6
378920.3  259498.4
364130.3  242871.0
376824.4  265952.0
332839.9  238388.3
355548.6  192279.5
377026.6  213708.9
335345.7  243880.7
346124.0  230189.7
388862.6  262753.9
377928.9  171927.8
352522.5  191771.6
401846.0  288030.9
373744.9  223261.5
412108.9  262517.5
392542.2  211663.4
       p2p2       
 KB/s in  KB/s out
322333.5  337192.3
368402.8  203588.9
309808.8  313797.2
378958.0  333858.6
355968.5  249564.8
352259.0  251906.9
368899.6  279175.8
361197.9  212670.2
367960.7  211326.7
349414.8  233891.0
384911.9  227794.5
327409.2  189101.6
422266.7  272560.7
328509.8  197711.4
418309.1  314900.6
319935.0  210803.5
282912.4  177724.9
148764.6  120326.5
33911.21  21176.04
  825.95    739.06
  804.25    737.20
  767.08    645.58
       p2p2       
 KB/s in  KB/s out
  842.78    724.65
56570.67  33912.84
422136.5  366462.1
362200.3  203493.0
382930.0  158675.6
463810.9  275032.6
409915.4  271026.0
426450.0  274896.2
405144.3  336260.0
372831.4  285877.5
450732.0  231757.2
414638.8  312969.7
401954.4  310151.9
368434.1  239517.2
379193.8  275201.7
408116.1  221518.3
403148.3  216732.0
417791.0  206141.5
385480.7  248837.2
379406.2  306668.1
405099.5  248634.7
411841.6  255178.1
       p2p2       
 KB/s in  KB/s out
421583.7  200992.4
393708.6  210841.3
419623.7  349041.1
449007.2  321024.3
367755.9  235672.6
447296.6  274852.1
424119.8  289419.3
389790.2  265793.7
408417.3  299493.0
397367.9  244713.7
346430.9  185332.5
441216.3  335210.4
426209.6  295293.0
368904.2  253083.4
429712.6  238312.4
459024.7  292649.4
461368.9  271299.3
423903.1  309220.0
511397.2  279394.9
462936.7  339235.6
414081.4  291277.2
378896.6  287239.6
       p2p2       
 KB/s in  KB/s out
406818.1  326651.0
397662.9  279941.7
369281.2  228457.8
393379.4  288288.3
395008.4  231187.0
390289.4  219176.9
455887.1  245115.6
425494.2  318811.5
268985.5  95173.36
325472.2  202471.0
408332.8  298473.6
416730.2  215293.5
378871.6  296006.3
396769.4  334223.0
372157.5  256891.4
431470.0  277682.7
427591.9  251571.9
422784.8  344975.6
426171.1  297168.0
384179.6  282287.4
386974.7  234501.5
439311.9  244631.3
       p2p2       
 KB/s in  KB/s out
417998.2  302705.8
430053.3  291620.9
448463.4  294028.8
382945.0  248751.5
376895.2  232857.4
436203.2  198910.8
418390.7  304076.5
465531.4  236026.2
436645.1  310938.0
390500.0  247223.0
363244.8  305498.8
413719.2  230254.5
336724.0  279146.8
65909.66  38963.74
394325.2  225719.8
303817.6  172574.3
489119.8  312555.4
386815.7  273086.7
418647.1  278732.4
413945.6  312226.7
449460.4  306977.9
407359.5  238636.7
       p2p2       
 KB/s in  KB/s out
468023.5  332802.7
451532.6  402885.2
204345.2  157547.8
270555.8  210446.9
418910.3  324706.8
369927.5  177353.8
414234.1  350428.1
352800.3  245407.9
397464.6  213620.1
463209.7  234827.5
421266.4  258650.4
503130.2  280382.5
415364.5  278254.9
436734.4  306199.4
330920.8  248854.6
392715.1  302047.7
401065.7  258336.0
355209.4  240316.7
418011.3  228188.9
359809.6  277075.0
402636.0  218820.5
356587.0  189830.8
       p2p2       
 KB/s in  KB/s out
325755.6  332667.9
425247.1  362948.3
412988.7  241567.7
413533.6  235467.1
431554.1  277815.1
433386.6  301719.8
403559.7  276406.3
445747.1  241732.9
382784.2  283570.3
335731.5  161883.9
343825.5  253960.9
406590.9  399710.1
355445.9  234827.8
229547.4  146884.5
164343.2  114353.6
26079.24  14681.07
 1299.43    804.30
  911.81    773.96
  757.02    602.54
77714.22  43706.74
517211.2  277392.4
413345.1  316980.2
       p2p2       
 KB/s in  KB/s out
423373.1  270147.6
398342.4  225354.0
450368.0  315067.1
473112.1  324547.2
416905.7  229631.1
421228.2  304591.6
439999.1  350348.1
441403.8  381363.1
506616.9  359911.9
450960.2  289881.5
377423.8  183381.0
396175.9  241444.8
425371.9  295827.1
419529.5  297439.4
509750.7  336221.0
485558.5  341232.2
462912.1  341394.3
447971.6  318187.8
399687.6  333811.1
415531.8  283118.7
460246.5  282287.0
391043.3  266690.7
       p2p2       
 KB/s in  KB/s out
435745.4  280062.8
430398.4  307432.4
427958.9  294658.6
441266.4  299858.5
439644.7  347190.8
453064.5  278661.4
491457.6  297098.9
410029.4  284090.7
429982.0  227494.2
439705.7  367684.1
409113.8  283654.7
415248.3  308428.6
426358.8  230561.8
373072.7  109145.6
425701.2  204703.5
350173.3  298724.3
439915.5  339193.4
395711.2  395823.7
412766.9  295091.9
349755.8  268643.9
454938.1  327908.7
481833.4  312911.7
       p2p2       
 KB/s in  KB/s out
406345.8  277584.1
326551.7  120584.2
390756.9  309849.1
410543.2  310880.6
439683.0  264408.6
441416.6  343891.2
431895.7  266169.8
440227.2  233162.6
396103.3  302176.3
436794.7  268651.2
409091.9  226231.8
396026.0  263491.7
386468.4  338824.5
411112.7  288702.2
454497.5  377358.7
451738.4  336950.0
376893.6  247243.2
394151.2  198108.5
459671.7  330797.4
400121.8  257471.2
432249.1  319438.9
434087.3  280108.2
       p2p2       
 KB/s in  KB/s out
435568.3  229131.4
483722.5  351031.2
402231.4  178897.3
377791.5  364266.2
454247.3  262638.4
422600.7  261568.0
443815.9  313048.5
439918.1  324392.5
422122.1  294689.6
415429.1  313483.8
433127.4  320537.4
439610.6  238850.4
417143.1  255226.6
442247.4  306728.2
387364.2  254163.6
406288.0  244078.7
432392.2  234781.8
425324.4  289176.4
439913.0  349584.1
466772.8  284426.5
386154.6  259493.1
417952.0  229375.4
       p2p2       
 KB/s in  KB/s out
388565.0  225385.1
369264.3  262208.1
403989.4  303305.9
430599.2  270838.2
429878.0  352771.1
363918.9  242183.9
432486.9  210392.7
457368.9  517964.8
430028.8  358070.1
379783.7  273353.7
417403.7  203972.7
379557.8  316766.3
415667.6  298392.6
441958.3  345136.7
429163.3  371347.2
407906.7  290175.2
393580.6  213992.4
395515.2  236283.2
351537.4  234914.6
399747.1  241437.3
413821.9  190249.3
409981.2  289289.5
       p2p2       
 KB/s in  KB/s out
455137.6  312838.4
275988.7  218929.9
148213.9  66118.58
377325.0  214482.1
394575.3  212189.9
378523.2  244783.1
397131.1  248109.7
403688.9  240013.2
498186.7  361326.4
463848.2  345746.0
455169.3  326511.9
354481.9  262319.4
301850.9  94024.26
373637.2  356120.6
284373.5  181385.8
157630.1  117901.2
24668.51  14804.89
 1968.55   2847.58
 1281.19    617.70
  781.90    656.01
  670.76    582.31
  651.85    624.83
       p2p2       
 KB/s in  KB/s out
  709.91    683.11
  688.80    683.67
  719.06    703.40
  622.46    623.06
  596.30    596.82
  834.47    838.21
  735.41    696.67
  655.07    671.63
  728.45    714.08
  364.17    363.37
  486.85    489.06
